<?xml version="1.0" encoding="UTF-8"?>
<testsuite name="BFSMazeTest" tests="11" skipped="0" failures="0" errors="0" timestamp="2023-11-27T00:56:13" hostname="LAPTOP-DJEGNUAK" time="0.264">
  <properties/>
  <testcase name="inputsValidity()" classname="BFSMazeTest" time="0.015"/>
  <testcase name="input00()" classname="BFSMazeTest" time="0.034"/>
  <testcase name="input01()" classname="BFSMazeTest" time="0.007"/>
  <testcase name="input02()" classname="BFSMazeTest" time="0.011"/>
  <testcase name="input03()" classname="BFSMazeTest" time="0.011"/>
  <testcase name="input04()" classname="BFSMazeTest" time="0.01"/>
  <testcase name="input05()" classname="BFSMazeTest" time="0.012"/>
  <testcase name="input06()" classname="BFSMazeTest" time="0.018"/>
  <testcase name="input07()" classname="BFSMazeTest" time="0.021"/>
  <testcase name="input08()" classname="BFSMazeTest" time="0.055"/>
  <testcase name="input09()" classname="BFSMazeTest" time="0.063"/>
  <system-out><![CDATA[Nombre de Tile traversees: 1  Distance est: 0
Nombre de Tile ajoutees dans la pile: 1
Nombre de Tile traversees: 2  Distance est: 1
Nombre de Tile ajoutees dans la pile: 2
Nombre de Tile traversees: 3  Distance est: 1
Nombre de Tile ajoutees dans la pile: 2
Nombre de Tile traversees: 4  Distance est: 2
Nombre de Tile ajoutees dans la pile: 2
Nombre de Tile traversees: 5  Distance est: 2
Nombre de Tile ajoutees dans la pile: 2
Nombre de Tile traversees: 6  Distance est: 3
Nombre de Tile ajoutees dans la pile: 2
Nombre de Tile traversees: 7  Distance est: 3
Nombre de Tile ajoutees dans la pile: 2
Nombre de Tile traversees: 8  Distance est: 4
Nombre de Tile ajoutees dans la pile: 1
Nombre de Tile traversees: 9  Distance est: 5
Nombre de Tile ajoutees dans la pile: 1
Nombre de Tile traversees: 10  Distance est: 6
Nombre de Tile ajoutees dans la pile: 1
Nombre de Tile traversees: 11  Distance est: 7
Nombre de Tile ajoutees dans la pile: 2
Nombre de Tile traversees: 12  Distance est: 7
Nombre de Tile ajoutees dans la pile: 3
Nombre de Tile traversees: 13  Distance est: 8
Nombre de Tile ajoutees dans la pile: 3
Nombre de Tile traversees: 14  Distance est: 8
Nombre de Tile ajoutees dans la pile: 4
Nombre de Tile traversees: 15  Distance est: 8
Nombre de Tile ajoutees dans la pile: 3
Nombre de Tile traversees: 16  Distance est: 9
Nombre de Tile ajoutees dans la pile: 3
Nombre de Tile traversees: 17  Distance est: 9
Nombre de Tile ajoutees dans la pile: 2
Nombre de Tile traversees: 18  Distance est: 9
Nombre de Tile ajoutees dans la pile: 2
Nombre de Tile traversees: 19  Distance est: 10
Nombre de Tile ajoutees dans la pile: 1
Nombre de Tile traversees: 20  Distance est: 11
Nombre de Tile ajoutees dans la pile: 1
Nombre de Tile traversees: 21  Distance est: 12
Nombre de Tile ajoutees dans la pile: 1
Nombre de Tile traversees: 22  Distance est: 13
Nombre de Tile ajoutees dans la pile: 1
Nombre de Tile traversees: 23  Distance est: 14
Nombre de Tile ajoutees dans la pile: 1
Nombre de Tile traversees: 24  Distance est: 15
Nombre de Tile ajoutees dans la pile: 1
Nombre de Tile traversees: 25  Distance est: 16
Nombre de Tile ajoutees dans la pile: 1
Nombre de Tile traversees: 26  Distance est: 17
Nombre de Tile ajoutees dans la pile: 1
Nombre de Tile traversees: 27  Distance est: 18
Nombre de Tile ajoutees dans la pile: 1
Nombre de Tile traversees: 28  Distance est: 19
Nombre de Tile ajoutees dans la pile: 1
Nombre de Tile traversees: 29  Distance est: 20
Nombre de Tile ajoutees dans la pile: 1
Nombre de Tile traversees: 30  Distance est: 21
Nombre de Tile ajoutees dans la pile: 1
Nombre de Tile traversees: 31  Distance est: 22
Nombre de Tile ajoutees dans la pile: 1
Nombre de Tile traversees: 32  Distance est: 23
Nombre de Tile ajoutees dans la pile: 1
Nombre de Tile traversees: 33  Distance est: 24
Nombre de Tile ajoutees dans la pile: 1
Nombre de Tile traversees: 34  Distance est: 25
Nombre de Tile ajoutees dans la pile: 1
Nombre de Tile traversees: 35  Distance est: 26
Nombre de Tile ajoutees dans la pile: 1
Nombre de Tile traversees: 36  Distance est: 27
Nombre de Tile ajoutees dans la pile: 1
Nombre de Tile traversees: 37  Distance est: 28
Nombre de Tile ajoutees dans la pile: 1
Nombre de Tile traversees: 38  Distance est: 29
Nombre de Tile ajoutees dans la pile: 1
Nombre de Tile traversees: 39  Distance est: 30
Nombre de Tile ajoutees dans la pile: 1
Nombre de Tile traversees: 40  Distance est: 31
Nombre de Tile ajoutees dans la pile: 1
Nombre de Tile traversees: 41  Distance est: 32
Nombre de Tile ajoutees dans la pile: 2
Nombre de Tile traversees: 42  Distance est: 32
Nombre de Tile ajoutees dans la pile: 2
Nombre de Tile traversees: 43  Distance est: 33
Nombre de Tile ajoutees dans la pile: 2
Nombre de Tile traversees: 44  Distance est: 33
Nombre de Tile ajoutees dans la pile: 1
Nombre de Tile traversees: 45  Distance est: 34
Nombre de Tile ajoutees dans la pile: 1
Nombre de Tile traversees: 46  Distance est: 35
Nombre de Tile ajoutees dans la pile: 1
Nombre de Tile traversees: 47  Distance est: 36
Nombre de Tile ajoutees dans la pile: 1
Nombre de Tile traversees: 48  Distance est: 37
Nombre de Tile ajoutees dans la pile: 1
Nombre de Tile traversees: 49  Distance est: 38
Nombre de Tile ajoutees dans la pile: 1
Nombre de Tile traversees: 50  Distance est: 39
Nombre de Tile ajoutees dans la pile: 1
Nombre de Tile traversees: 51  Distance est: 40
Nombre de Tile ajoutees dans la pile: 1
Nombre de Tile traversees: 52  Distance est: 41
Nombre de Tile ajoutees dans la pile: 1
Nombre de Tile traversees: 53  Distance est: 42
Nombre de Tile ajoutees dans la pile: 1
Nombre de Tile traversees: 54  Distance est: 43
Nombre de Tile ajoutees dans la pile: 1
Nombre de Tile traversees: 55  Distance est: 44
Nombre de Tile ajoutees dans la pile: 1
Nombre de Tile traversees: 56  Distance est: 45
Nombre de Tile ajoutees dans la pile: 1
Nombre de Tile traversees: 57  Distance est: 46
Nombre de Tile ajoutees dans la pile: 1
Nombre de Tile traversees: 58  Distance est: 47
Nombre de Tile ajoutees dans la pile: 1
Nombre de Tile traversees: 59  Distance est: 48
Nombre de Tile ajoutees dans la pile: 1
Nombre de Tile traversees: 60  Distance est: 49
Nombre de Tile ajoutees dans la pile: 1
Nombre de Tile traversees: 61  Distance est: 50
Nombre de Tile ajoutees dans la pile: 1
Nombre de Tile traversees: 62  Distance est: 51
Nombre de Tile ajoutees dans la pile: 1
Nombre de Tile traversees: 63  Distance est: 52
Nombre de Tile ajoutees dans la pile: 1
Nombre de Tile traversees: 64  Distance est: 53
Nombre de Tile ajoutees dans la pile: 1
Nombre de Tile traversees: 65  Distance est: 54
Nombre de Tile ajoutees dans la pile: 1
Nombre de Tile traversees: 66  Distance est: 55
Nombre de Tile ajoutees dans la pile: 1
Nombre de Tile traversees: 67  Distance est: 56
Nombre de Tile ajoutees dans la pile: 1
Nombre de Tile traversees: 68  Distance est: 57
Nombre de Tile ajoutees dans la pile: 3
Nombre de Tile traversees: 69  Distance est: 57
Nombre de Tile ajoutees dans la pile: 4
Nombre de Tile traversees: 70  Distance est: 57
Nombre de Tile ajoutees dans la pile: 5
Nombre de Tile traversees: 71  Distance est: 58
Nombre de Tile ajoutees dans la pile: 4
Nombre de Tile traversees: 72  Distance est: 58
Nombre de Tile ajoutees dans la pile: 5
Nombre de Tile traversees: 73  Distance est: 58
Nombre de Tile ajoutees dans la pile: 4
Nombre de Tile traversees: 74  Distance est: 58
Nombre de Tile ajoutees dans la pile: 5
Nombre de Tile traversees: 75  Distance est: 59
Nombre de Tile ajoutees dans la pile: 4
Nombre de Tile traversees: 76  Distance est: 59
Nombre de Tile ajoutees dans la pile: 5
Nombre de Tile traversees: 77  Distance est: 59
Nombre de Tile ajoutees dans la pile: 4
Nombre de Tile traversees: 78  Distance est: 59
Nombre de Tile ajoutees dans la pile: 3
Nombre de Tile traversees: 79  Distance est: 60
Nombre de Tile ajoutees dans la pile: 2
Nombre de Tile traversees: 80  Distance est: 60
Nombre de Tile ajoutees dans la pile: 3
Nombre de Tile traversees: 81  Distance est: 61
Nombre de Tile ajoutees dans la pile: 3
Nombre de Tile traversees: 82  Distance est: 61
Nombre de Tile ajoutees dans la pile: 3
Nombre de Tile traversees: 83  Distance est: 61
Nombre de Tile ajoutees dans la pile: 2
Nombre de Tile traversees: 84  Distance est: 62
Nombre de Tile ajoutees dans la pile: 2
Nombre de Tile traversees: 85  Distance est: 62
Nombre de Tile ajoutees dans la pile: 2
Nombre de Tile traversees: 86  Distance est: 63
Nombre de Tile ajoutees dans la pile: 2
Nombre de Tile traversees: 87  Distance est: 63
Nombre de Tile ajoutees dans la pile: 2
Nombre de Tile traversees: 88  Distance est: 64
Nombre de Tile ajoutees dans la pile: 2
Nombre de Tile traversees: 89  Distance est: 64
Nombre de Tile ajoutees dans la pile: 2
Nombre de Tile traversees: 90  Distance est: 65
Nombre de Tile ajoutees dans la pile: 2
Nombre de Tile traversees: 91  Distance est: 65
Nombre de Tile ajoutees dans la pile: 3
Nombre de Tile traversees: 92  Distance est: 66
Nombre de Tile ajoutees dans la pile: 2
Nombre de Tile traversees: 93  Distance est: 66
Nombre de Tile ajoutees dans la pile: 2
Nombre de Tile traversees: 94  Distance est: 67
Nombre de Tile ajoutees dans la pile: 2
Nombre de Tile traversees: 95  Distance est: 67
Nombre de Tile ajoutees dans la pile: 2
Nombre de Tile traversees: 96  Distance est: 68
Nombre de Tile ajoutees dans la pile: 3
Nombre de Tile traversees: 97  Distance est: 68
Nombre de Tile ajoutees dans la pile: 3
Nombre de Tile traversees: 98  Distance est: 68
Nombre de Tile ajoutees dans la pile: 4
Nombre de Tile traversees: 99  Distance est: 69
Nombre de Tile ajoutees dans la pile: 4
Nombre de Tile traversees: 100  Distance est: 69
Nombre de Tile ajoutees dans la pile: 4
Nombre de Tile traversees: 101  Distance est: 69
Nombre de Tile ajoutees dans la pile: 4
Nombre de Tile traversees: 102  Distance est: 69
Nombre de Tile ajoutees dans la pile: 3
Nombre de Tile traversees: 103  Distance est: 70
Nombre de Tile ajoutees dans la pile: 4
Nombre de Tile traversees: 104  Distance est: 70
Nombre de Tile ajoutees dans la pile: 4
Nombre de Tile traversees: 105  Distance est: 70
Nombre de Tile ajoutees dans la pile: 4
Nombre de Tile traversees: 106  Distance est: 70
Nombre de Tile ajoutees dans la pile: 4
Nombre de Tile traversees: 107  Distance est: 71
Nombre de Tile ajoutees dans la pile: 4
Nombre de Tile traversees: 108  Distance est: 71
Nombre de Tile ajoutees dans la pile: 5
Nombre de Tile traversees: 109  Distance est: 71
Nombre de Tile ajoutees dans la pile: 5
Nombre de Tile traversees: 110  Distance est: 71
Nombre de Tile ajoutees dans la pile: 5
Nombre de Tile traversees: 111  Distance est: 72
Nombre de Tile ajoutees dans la pile: 5
Nombre de Tile traversees: 112  Distance est: 72
Nombre de Tile ajoutees dans la pile: 5
Nombre de Tile traversees: 113  Distance est: 72
Nombre de Tile ajoutees dans la pile: 5
Nombre de Tile traversees: 114  Distance est: 72
Nombre de Tile ajoutees dans la pile: 5
Nombre de Tile traversees: 115  Distance est: 72
Nombre de Tile ajoutees dans la pile: 6
Nombre de Tile traversees: 116  Distance est: 73
Nombre de Tile ajoutees dans la pile: 6
Nombre de Tile traversees: 117  Distance est: 73
Nombre de Tile ajoutees dans la pile: 6
Nombre de Tile traversees: 118  Distance est: 73
Nombre de Tile ajoutees dans la pile: 6
Nombre de Tile traversees: 119  Distance est: 73
Nombre de Tile ajoutees dans la pile: 6
Nombre de Tile traversees: 120  Distance est: 73
Nombre de Tile ajoutees dans la pile: 7
Nombre de Tile traversees: 121  Distance est: 73
Nombre de Tile ajoutees dans la pile: 6
Nombre de Tile traversees: 122  Distance est: 74
Nombre de Tile ajoutees dans la pile: 5
Nombre de Tile traversees: 123  Distance est: 74
Nombre de Tile ajoutees dans la pile: 6
Nombre de Tile traversees: 124  Distance est: 74
Nombre de Tile ajoutees dans la pile: 6
Nombre de Tile traversees: 125  Distance est: 74
Nombre de Tile ajoutees dans la pile: 6
Nombre de Tile traversees: 126  Distance est: 74
Nombre de Tile ajoutees dans la pile: 8
Nombre de Tile traversees: 127  Distance est: 75
Nombre de Tile ajoutees dans la pile: 7
Nombre de Tile traversees: 128  Distance est: 75
Nombre de Tile ajoutees dans la pile: 8
Nombre de Tile traversees: 129  Distance est: 75
Nombre de Tile ajoutees dans la pile: 7
Nombre de Tile traversees: 130  Distance est: 75
Nombre de Tile ajoutees dans la pile: 7
Nombre de Tile traversees: 131  Distance est: 75
Nombre de Tile ajoutees dans la pile: 7
Nombre de Tile traversees: 132  Distance est: 75
Nombre de Tile ajoutees dans la pile: 8
Nombre de Tile traversees: 133  Distance est: 75
Nombre de Tile ajoutees dans la pile: 7
Nombre de Tile traversees: 134  Distance est: 76
Nombre de Tile ajoutees dans la pile: 6
Nombre de Tile traversees: 135  Distance est: 76
Nombre de Tile ajoutees dans la pile: 7
Nombre de Tile traversees: 136  Distance est: 76
Nombre de Tile ajoutees dans la pile: 6
Nombre de Tile traversees: 137  Distance est: 76
Nombre de Tile ajoutees dans la pile: 6
Nombre de Tile traversees: 138  Distance est: 76
Nombre de Tile ajoutees dans la pile: 6
Nombre de Tile traversees: 139  Distance est: 76
Nombre de Tile ajoutees dans la pile: 7
Nombre de Tile traversees: 140  Distance est: 77
Nombre de Tile ajoutees dans la pile: 6
Nombre de Tile traversees: 141  Distance est: 77
Nombre de Tile ajoutees dans la pile: 5
Nombre de Tile traversees: 142  Distance est: 77
Nombre de Tile ajoutees dans la pile: 4
Nombre de Tile traversees: 143  Distance est: 77
Nombre de Tile ajoutees dans la pile: 4
Nombre de Tile traversees: 144  Distance est: 77
Nombre de Tile ajoutees dans la pile: 3
Nombre de Tile traversees: 145  Distance est: 77
Nombre de Tile ajoutees dans la pile: 3
Nombre de Tile traversees: 146  Distance est: 78
Nombre de Tile ajoutees dans la pile: 3
Nombre de Tile traversees: 147  Distance est: 78
Nombre de Tile ajoutees dans la pile: 4
Nombre de Tile traversees: 148  Distance est: 78
Nombre de Tile ajoutees dans la pile: 4
Nombre de Tile traversees: 149  Distance est: 79
Nombre de Tile ajoutees dans la pile: 4
Nombre de Tile traversees: 150  Distance est: 79
Nombre de Tile ajoutees dans la pile: 5
Nombre de Tile traversees: 151  Distance est: 79
Nombre de Tile ajoutees dans la pile: 4
Nombre de Tile traversees: 152  Distance est: 79
Nombre de Tile ajoutees dans la pile: 4
Nombre de Tile traversees: 153  Distance est: 80
Nombre de Tile ajoutees dans la pile: 4
Nombre de Tile traversees: 154  Distance est: 80
Nombre de Tile ajoutees dans la pile: 6
Nombre de Tile traversees: 155  Distance est: 80
Nombre de Tile ajoutees dans la pile: 5
Nombre de Tile traversees: 156  Distance est: 80
Nombre de Tile ajoutees dans la pile: 5
Nombre de Tile traversees: 157  Distance est: 81
Nombre de Tile ajoutees dans la pile: 5
Nombre de Tile traversees: 158  Distance est: 81
Nombre de Tile ajoutees dans la pile: 6
Nombre de Tile traversees: 159  Distance est: 81
Nombre de Tile ajoutees dans la pile: 5
Nombre de Tile traversees: 160  Distance est: 81
Nombre de Tile ajoutees dans la pile: 4
Nombre de Tile traversees: 161  Distance est: 81
Nombre de Tile ajoutees dans la pile: 4
Nombre de Tile traversees: 162  Distance est: 82
Nombre de Tile ajoutees dans la pile: 4
Nombre de Tile traversees: 163  Distance est: 82
Nombre de Tile ajoutees dans la pile: 5
Nombre de Tile traversees: 164  Distance est: 82
Nombre de Tile ajoutees dans la pile: 4
Nombre de Tile traversees: 165  Distance est: 82
Nombre de Tile ajoutees dans la pile: 5
Nombre de Tile traversees: 166  Distance est: 83
Nombre de Tile ajoutees dans la pile: 6
Nombre de Tile traversees: 167  Distance est: 83
Nombre de Tile ajoutees dans la pile: 6
Nombre de Tile traversees: 168  Distance est: 83
Nombre de Tile ajoutees dans la pile: 6
Nombre de Tile traversees: 169  Distance est: 83
Nombre de Tile ajoutees dans la pile: 7
Nombre de Tile traversees: 170  Distance est: 83
Nombre de Tile ajoutees dans la pile: 6
Nombre de Tile traversees: 171  Distance est: 83
Nombre de Tile ajoutees dans la pile: 7
Nombre de Tile traversees: 172  Distance est: 84
Nombre de Tile ajoutees dans la pile: 6
Nombre de Tile traversees: 173  Distance est: 84
Nombre de Tile ajoutees dans la pile: 6
Nombre de Tile traversees: 174  Distance est: 84
Nombre de Tile ajoutees dans la pile: 6
Nombre de Tile traversees: 175  Distance est: 84
Nombre de Tile ajoutees dans la pile: 7
Nombre de Tile traversees: 176  Distance est: 84
Nombre de Tile ajoutees dans la pile: 6
Nombre de Tile traversees: 177  Distance est: 84
Nombre de Tile ajoutees dans la pile: 7
Nombre de Tile traversees: 178  Distance est: 85
Nombre de Tile ajoutees dans la pile: 6
Nombre de Tile traversees: 179  Distance est: 85
Nombre de Tile ajoutees dans la pile: 5
Nombre de Tile traversees: 180  Distance est: 85
Nombre de Tile ajoutees dans la pile: 5
Nombre de Tile traversees: 181  Distance est: 85
Nombre de Tile ajoutees dans la pile: 5
Nombre de Tile traversees: 182  Distance est: 85
Nombre de Tile ajoutees dans la pile: 4
Nombre de Tile traversees: 183  Distance est: 85
Nombre de Tile ajoutees dans la pile: 4
Nombre de Tile traversees: 184  Distance est: 86
Nombre de Tile ajoutees dans la pile: 3
Nombre de Tile traversees: 185  Distance est: 86
Nombre de Tile ajoutees dans la pile: 3
Nombre de Tile traversees: 186  Distance est: 86
Nombre de Tile ajoutees dans la pile: 3
Nombre de Tile traversees: 187  Distance est: 87
Nombre de Tile ajoutees dans la pile: 3
Nombre de Tile traversees: 188  Distance est: 87
Nombre de Tile ajoutees dans la pile: 3
Nombre de Tile traversees: 189  Distance est: 87
Nombre de Tile ajoutees dans la pile: 2
Nombre de Tile traversees: 190  Distance est: 88
Nombre de Tile ajoutees dans la pile: 2
Nombre de Tile traversees: 191  Distance est: 88
Nombre de Tile ajoutees dans la pile: 2
Nombre de Tile traversees: 192  Distance est: 89
Nombre de Tile ajoutees dans la pile: 2
Nombre de Tile traversees: 193  Distance est: 89
Nombre de Tile ajoutees dans la pile: 3
Nombre de Tile traversees: 194  Distance est: 90
Nombre de Tile ajoutees dans la pile: 3
Nombre de Tile traversees: 195  Distance est: 90
Nombre de Tile ajoutees dans la pile: 3
Nombre de Tile traversees: 196  Distance est: 90
Nombre de Tile ajoutees dans la pile: 3
Nombre de Tile traversees: 197  Distance est: 91
Nombre de Tile ajoutees dans la pile: 3
Nombre de Tile traversees: 198  Distance est: 91
Nombre de Tile ajoutees dans la pile: 3
Nombre de Tile traversees: 1  Distance est: 0
Nombre de Tile ajoutees dans la pile: 1
Nombre de Tile traversees: 2  Distance est: 1
Nombre de Tile ajoutees dans la pile: 2
Nombre de Tile traversees: 3  Distance est: 1
Nombre de Tile ajoutees dans la pile: 2
Nombre de Tile traversees: 4  Distance est: 2
Nombre de Tile ajoutees dans la pile: 1
Nombre de Tile traversees: 5  Distance est: 3
Nombre de Tile ajoutees dans la pile: 1
Nombre de Tile traversees: 6  Distance est: 4
Nombre de Tile ajoutees dans la pile: 1
Nombre de Tile traversees: 7  Distance est: 5
Nombre de Tile ajoutees dans la pile: 1
Nombre de Tile traversees: 8  Distance est: 6
Nombre de Tile ajoutees dans la pile: 1
Nombre de Tile traversees: 9  Distance est: 7
Nombre de Tile ajoutees dans la pile: 1
Nombre de Tile traversees: 10  Distance est: 8
Nombre de Tile ajoutees dans la pile: 1
Nombre de Tile traversees: 11  Distance est: 9
Nombre de Tile ajoutees dans la pile: 2
Nombre de Tile traversees: 12  Distance est: 9
Nombre de Tile ajoutees dans la pile: 3
Nombre de Tile traversees: 13  Distance est: 10
Nombre de Tile ajoutees dans la pile: 3
Nombre de Tile traversees: 14  Distance est: 10
Nombre de Tile ajoutees dans la pile: 4
Nombre de Tile traversees: 15  Distance est: 10
Nombre de Tile ajoutees dans la pile: 3
Nombre de Tile traversees: 16  Distance est: 11
Nombre de Tile ajoutees dans la pile: 3
Nombre de Tile traversees: 17  Distance est: 11
Nombre de Tile ajoutees dans la pile: 3
Nombre de Tile traversees: 18  Distance est: 11
Nombre de Tile ajoutees dans la pile: 2
Nombre de Tile traversees: 19  Distance est: 12
Nombre de Tile ajoutees dans la pile: 2
Nombre de Tile traversees: 20  Distance est: 12
Nombre de Tile ajoutees dans la pile: 2
Nombre de Tile traversees: 21  Distance est: 13
Nombre de Tile ajoutees dans la pile: 3
Nombre de Tile traversees: 22  Distance est: 13
Nombre de Tile ajoutees dans la pile: 3
Nombre de Tile traversees: 23  Distance est: 13
Nombre de Tile ajoutees dans la pile: 4
Nombre de Tile traversees: 24  Distance est: 14
Nombre de Tile ajoutees dans la pile: 4
Nombre de Tile traversees: 25  Distance est: 14
Nombre de Tile ajoutees dans la pile: 4
Nombre de Tile traversees: 26  Distance est: 14
Nombre de Tile ajoutees dans la pile: 5
Nombre de Tile traversees: 27  Distance est: 14
Nombre de Tile ajoutees dans la pile: 4
Nombre de Tile traversees: 28  Distance est: 15
Nombre de Tile ajoutees dans la pile: 4
Nombre de Tile traversees: 29  Distance est: 15
Nombre de Tile ajoutees dans la pile: 4
Nombre de Tile traversees: 30  Distance est: 15
Nombre de Tile ajoutees dans la pile: 3
Nombre de Tile traversees: 31  Distance est: 15
Nombre de Tile ajoutees dans la pile: 2
Nombre de Tile traversees: 32  Distance est: 16
Nombre de Tile ajoutees dans la pile: 2
Nombre de Tile traversees: 33  Distance est: 16
Nombre de Tile ajoutees dans la pile: 2
Nombre de Tile traversees: 34  Distance est: 17
Nombre de Tile ajoutees dans la pile: 2
Nombre de Tile traversees: 35  Distance est: 17
Nombre de Tile ajoutees dans la pile: 2
Nombre de Tile traversees: 36  Distance est: 18
Nombre de Tile ajoutees dans la pile: 2
Nombre de Tile traversees: 37  Distance est: 18
Nombre de Tile ajoutees dans la pile: 3
Nombre de Tile traversees: 38  Distance est: 19
Nombre de Tile ajoutees dans la pile: 4
Nombre de Tile traversees: 39  Distance est: 19
Nombre de Tile ajoutees dans la pile: 5
Nombre de Tile traversees: 40  Distance est: 19
Nombre de Tile ajoutees dans la pile: 4
Nombre de Tile traversees: 41  Distance est: 19
Nombre de Tile ajoutees dans la pile: 5
Nombre de Tile traversees: 42  Distance est: 20
Nombre de Tile ajoutees dans la pile: 4
Nombre de Tile traversees: 43  Distance est: 20
Nombre de Tile ajoutees dans la pile: 5
Nombre de Tile traversees: 44  Distance est: 20
Nombre de Tile ajoutees dans la pile: 4
Nombre de Tile traversees: 45  Distance est: 20
Nombre de Tile ajoutees dans la pile: 5
Nombre de Tile traversees: 46  Distance est: 21
Nombre de Tile ajoutees dans la pile: 4
Nombre de Tile traversees: 47  Distance est: 21
Nombre de Tile ajoutees dans la pile: 3
Nombre de Tile traversees: 48  Distance est: 21
Nombre de Tile ajoutees dans la pile: 3
Nombre de Tile traversees: 49  Distance est: 21
Nombre de Tile ajoutees dans la pile: 3
Nombre de Tile traversees: 50  Distance est: 22
Nombre de Tile ajoutees dans la pile: 2
Nombre de Tile traversees: 51  Distance est: 22
Nombre de Tile ajoutees dans la pile: 2
Nombre de Tile traversees: 52  Distance est: 23
Nombre de Tile ajoutees dans la pile: 2
Nombre de Tile traversees: 53  Distance est: 23
Nombre de Tile ajoutees dans la pile: 2
Nombre de Tile traversees: 54  Distance est: 24
Nombre de Tile ajoutees dans la pile: 2
Nombre de Tile traversees: 55  Distance est: 24
Nombre de Tile ajoutees dans la pile: 2
Nombre de Tile traversees: 56  Distance est: 25
Nombre de Tile ajoutees dans la pile: 2
Nombre de Tile traversees: 57  Distance est: 25
Nombre de Tile ajoutees dans la pile: 3
Nombre de Tile traversees: 58  Distance est: 26
Nombre de Tile ajoutees dans la pile: 3
Nombre de Tile traversees: 59  Distance est: 26
Nombre de Tile ajoutees dans la pile: 3
Nombre de Tile traversees: 60  Distance est: 26
Nombre de Tile ajoutees dans la pile: 3
Nombre de Tile traversees: 61  Distance est: 27
Nombre de Tile ajoutees dans la pile: 3
Nombre de Tile traversees: 62  Distance est: 27
Nombre de Tile ajoutees dans la pile: 4
Nombre de Tile traversees: 63  Distance est: 27
Nombre de Tile ajoutees dans la pile: 4
Nombre de Tile traversees: 64  Distance est: 28
Nombre de Tile ajoutees dans la pile: 4
Nombre de Tile traversees: 65  Distance est: 28
Nombre de Tile ajoutees dans la pile: 4
Nombre de Tile traversees: 66  Distance est: 28
Nombre de Tile ajoutees dans la pile: 4
Nombre de Tile traversees: 67  Distance est: 28
Nombre de Tile ajoutees dans la pile: 4
Nombre de Tile traversees: 68  Distance est: 29
Nombre de Tile ajoutees dans la pile: 4
Nombre de Tile traversees: 69  Distance est: 29
Nombre de Tile ajoutees dans la pile: 3
Nombre de Tile traversees: 70  Distance est: 29
Nombre de Tile ajoutees dans la pile: 4
Nombre de Tile traversees: 71  Distance est: 29
Nombre de Tile ajoutees dans la pile: 4
Nombre de Tile traversees: 72  Distance est: 30
Nombre de Tile ajoutees dans la pile: 4
Nombre de Tile traversees: 73  Distance est: 30
Nombre de Tile ajoutees dans la pile: 4
Nombre de Tile traversees: 74  Distance est: 30
Nombre de Tile ajoutees dans la pile: 4
Nombre de Tile traversees: 75  Distance est: 30
Nombre de Tile ajoutees dans la pile: 4
Nombre de Tile traversees: 76  Distance est: 31
Nombre de Tile ajoutees dans la pile: 4
Nombre de Tile traversees: 77  Distance est: 31
Nombre de Tile ajoutees dans la pile: 4
Nombre de Tile traversees: 78  Distance est: 31
Nombre de Tile ajoutees dans la pile: 4
Nombre de Tile traversees: 79  Distance est: 31
Nombre de Tile ajoutees dans la pile: 3
Nombre de Tile traversees: 80  Distance est: 32
Nombre de Tile ajoutees dans la pile: 3
Nombre de Tile traversees: 81  Distance est: 32
Nombre de Tile ajoutees dans la pile: 3
Nombre de Tile traversees: 82  Distance est: 32
Nombre de Tile ajoutees dans la pile: 3
Nombre de Tile traversees: 83  Distance est: 33
Nombre de Tile ajoutees dans la pile: 3
Nombre de Tile traversees: 84  Distance est: 33
Nombre de Tile ajoutees dans la pile: 2
Nombre de Tile traversees: 85  Distance est: 33
Nombre de Tile ajoutees dans la pile: 2
Nombre de Tile traversees: 86  Distance est: 34
Nombre de Tile ajoutees dans la pile: 2
Nombre de Tile traversees: 87  Distance est: 34
Nombre de Tile ajoutees dans la pile: 2
Nombre de Tile traversees: 88  Distance est: 35
Nombre de Tile ajoutees dans la pile: 2
Nombre de Tile traversees: 89  Distance est: 35
Nombre de Tile ajoutees dans la pile: 2
Nombre de Tile traversees: 90  Distance est: 36
Nombre de Tile ajoutees dans la pile: 2
Nombre de Tile traversees: 91  Distance est: 36
Nombre de Tile ajoutees dans la pile: 2
Nombre de Tile traversees: 92  Distance est: 37
Nombre de Tile ajoutees dans la pile: 2
Nombre de Tile traversees: 93  Distance est: 37
Nombre de Tile ajoutees dans la pile: 3
Nombre de Tile traversees: 94  Distance est: 38
Nombre de Tile ajoutees dans la pile: 2
Nombre de Tile traversees: 95  Distance est: 38
Nombre de Tile ajoutees dans la pile: 2
Nombre de Tile traversees: 96  Distance est: 39
Nombre de Tile ajoutees dans la pile: 2
Nombre de Tile traversees: 97  Distance est: 39
Nombre de Tile ajoutees dans la pile: 3
Nombre de Tile traversees: 98  Distance est: 40
Nombre de Tile ajoutees dans la pile: 3
Nombre de Tile traversees: 99  Distance est: 40
Nombre de Tile ajoutees dans la pile: 3
Nombre de Tile traversees: 100  Distance est: 40
Nombre de Tile ajoutees dans la pile: 4
Nombre de Tile traversees: 101  Distance est: 41
Nombre de Tile ajoutees dans la pile: 4
Nombre de Tile traversees: 102  Distance est: 41
Nombre de Tile ajoutees dans la pile: 4
Nombre de Tile traversees: 103  Distance est: 41
Nombre de Tile ajoutees dans la pile: 5
Nombre de Tile traversees: 104  Distance est: 41
Nombre de Tile ajoutees dans la pile: 4
Nombre de Tile traversees: 105  Distance est: 42
Nombre de Tile ajoutees dans la pile: 4
Nombre de Tile traversees: 106  Distance est: 42
Nombre de Tile ajoutees dans la pile: 4
Nombre de Tile traversees: 107  Distance est: 42
Nombre de Tile ajoutees dans la pile: 5
Nombre de Tile traversees: 108  Distance est: 42
Nombre de Tile ajoutees dans la pile: 4
Nombre de Tile traversees: 109  Distance est: 43
Nombre de Tile ajoutees dans la pile: 4
Nombre de Tile traversees: 110  Distance est: 43
Nombre de Tile ajoutees dans la pile: 4
Nombre de Tile traversees: 111  Distance est: 43
Nombre de Tile ajoutees dans la pile: 4
Nombre de Tile traversees: 112  Distance est: 43
Nombre de Tile ajoutees dans la pile: 3
Nombre de Tile traversees: 113  Distance est: 44
Nombre de Tile ajoutees dans la pile: 3
Nombre de Tile traversees: 114  Distance est: 44
Nombre de Tile ajoutees dans la pile: 3
Nombre de Tile traversees: 115  Distance est: 44
Nombre de Tile ajoutees dans la pile: 3
Nombre de Tile traversees: 116  Distance est: 45
Nombre de Tile ajoutees dans la pile: 3
Nombre de Tile traversees: 117  Distance est: 45
Nombre de Tile ajoutees dans la pile: 3
Nombre de Tile traversees: 118  Distance est: 45
Nombre de Tile ajoutees dans la pile: 3
Nombre de Tile traversees: 119  Distance est: 46
Nombre de Tile ajoutees dans la pile: 3
Nombre de Tile traversees: 120  Distance est: 46
Nombre de Tile ajoutees dans la pile: 3
Nombre de Tile traversees: 121  Distance est: 46
Nombre de Tile ajoutees dans la pile: 3
Nombre de Tile traversees: 122  Distance est: 47
Nombre de Tile ajoutees dans la pile: 3
Nombre de Tile traversees: 123  Distance est: 47
Nombre de Tile ajoutees dans la pile: 2
Nombre de Tile traversees: 124  Distance est: 47
Nombre de Tile ajoutees dans la pile: 2
Nombre de Tile traversees: 125  Distance est: 48
Nombre de Tile ajoutees dans la pile: 2
Nombre de Tile traversees: 126  Distance est: 48
Nombre de Tile ajoutees dans la pile: 2
Nombre de Tile traversees: 127  Distance est: 49
Nombre de Tile ajoutees dans la pile: 2
Nombre de Tile traversees: 128  Distance est: 49
Nombre de Tile ajoutees dans la pile: 3
Nombre de Tile traversees: 129  Distance est: 50
Nombre de Tile ajoutees dans la pile: 3
Nombre de Tile traversees: 130  Distance est: 50
Nombre de Tile ajoutees dans la pile: 3
Nombre de Tile traversees: 131  Distance est: 50
Nombre de Tile ajoutees dans la pile: 3
Nombre de Tile traversees: 132  Distance est: 51
Nombre de Tile ajoutees dans la pile: 3
Nombre de Tile traversees: 133  Distance est: 51
Nombre de Tile ajoutees dans la pile: 3
Nombre de Tile traversees: 134  Distance est: 51
Nombre de Tile ajoutees dans la pile: 3
Nombre de Tile traversees: 135  Distance est: 52
Nombre de Tile ajoutees dans la pile: 3
Nombre de Tile traversees: 136  Distance est: 52
Nombre de Tile ajoutees dans la pile: 3
Nombre de Tile traversees: 137  Distance est: 52
Nombre de Tile ajoutees dans la pile: 4
Nombre de Tile traversees: 138  Distance est: 53
Nombre de Tile ajoutees dans la pile: 4
Nombre de Tile traversees: 139  Distance est: 53
Nombre de Tile ajoutees dans la pile: 4
Nombre de Tile traversees: 140  Distance est: 53
Nombre de Tile ajoutees dans la pile: 5
Nombre de Tile traversees: 141  Distance est: 53
Nombre de Tile ajoutees dans la pile: 4
Nombre de Tile traversees: 142  Distance est: 54
Nombre de Tile ajoutees dans la pile: 4
Nombre de Tile traversees: 143  Distance est: 54
Nombre de Tile ajoutees dans la pile: 4
Nombre de Tile traversees: 144  Distance est: 54
Nombre de Tile ajoutees dans la pile: 5
Nombre de Tile traversees: 145  Distance est: 54
Nombre de Tile ajoutees dans la pile: 4
Nombre de Tile traversees: 146  Distance est: 55
Nombre de Tile ajoutees dans la pile: 4
Nombre de Tile traversees: 147  Distance est: 55
Nombre de Tile ajoutees dans la pile: 4
Nombre de Tile traversees: 148  Distance est: 55
Nombre de Tile ajoutees dans la pile: 3
Nombre de Tile traversees: 149  Distance est: 55
Nombre de Tile ajoutees dans la pile: 3
Nombre de Tile traversees: 150  Distance est: 56
Nombre de Tile ajoutees dans la pile: 3
Nombre de Tile traversees: 151  Distance est: 56
Nombre de Tile ajoutees dans la pile: 3
Nombre de Tile traversees: 1  Distance est: 0
Nombre de Tile ajoutees dans la pile: 1
Nombre de Tile traversees: 2  Distance est: 1
Nombre de Tile ajoutees dans la pile: 1
Nombre de Tile traversees: 3  Distance est: 2
Nombre de Tile ajoutees dans la pile: 2
Nombre de Tile traversees: 4  Distance est: 2
Nombre de Tile ajoutees dans la pile: 2
Nombre de Tile traversees: 5  Distance est: 3
Nombre de Tile ajoutees dans la pile: 2
Nombre de Tile traversees: 6  Distance est: 3
Nombre de Tile ajoutees dans la pile: 2
Nombre de Tile traversees: 7  Distance est: 4
Nombre de Tile ajoutees dans la pile: 3
Nombre de Tile traversees: 8  Distance est: 4
Nombre de Tile ajoutees dans la pile: 3
Nombre de Tile traversees: 9  Distance est: 4
Nombre de Tile ajoutees dans la pile: 3
Nombre de Tile traversees: 10  Distance est: 5
Nombre de Tile ajoutees dans la pile: 3
Nombre de Tile traversees: 11  Distance est: 5
Nombre de Tile ajoutees dans la pile: 3
Nombre de Tile traversees: 12  Distance est: 5
Nombre de Tile ajoutees dans la pile: 2
Nombre de Tile traversees: 13  Distance est: 6
Nombre de Tile ajoutees dans la pile: 3
Nombre de Tile traversees: 14  Distance est: 6
Nombre de Tile ajoutees dans la pile: 3
Nombre de Tile traversees: 15  Distance est: 6
Nombre de Tile ajoutees dans la pile: 3
Nombre de Tile traversees: 16  Distance est: 7
Nombre de Tile ajoutees dans la pile: 3
Nombre de Tile traversees: 17  Distance est: 7
Nombre de Tile ajoutees dans la pile: 4
Nombre de Tile traversees: 18  Distance est: 7
Nombre de Tile ajoutees dans la pile: 3
Nombre de Tile traversees: 19  Distance est: 8
Nombre de Tile ajoutees dans la pile: 3
Nombre de Tile traversees: 20  Distance est: 8
Nombre de Tile ajoutees dans la pile: 3
Nombre de Tile traversees: 21  Distance est: 8
Nombre de Tile ajoutees dans la pile: 3
Nombre de Tile traversees: 22  Distance est: 9
Nombre de Tile ajoutees dans la pile: 3
Nombre de Tile traversees: 23  Distance est: 9
Nombre de Tile ajoutees dans la pile: 2
Nombre de Tile traversees: 24  Distance est: 9
Nombre de Tile ajoutees dans la pile: 3
Nombre de Tile traversees: 25  Distance est: 10
Nombre de Tile ajoutees dans la pile: 4
Nombre de Tile traversees: 26  Distance est: 10
Nombre de Tile ajoutees dans la pile: 4
Nombre de Tile traversees: 27  Distance est: 10
Nombre de Tile ajoutees dans la pile: 4
Nombre de Tile traversees: 28  Distance est: 10
Nombre de Tile ajoutees dans la pile: 4
Nombre de Tile traversees: 29  Distance est: 11
Nombre de Tile ajoutees dans la pile: 4
Nombre de Tile traversees: 30  Distance est: 11
Nombre de Tile ajoutees dans la pile: 4
Nombre de Tile traversees: 31  Distance est: 11
Nombre de Tile ajoutees dans la pile: 5
Nombre de Tile traversees: 32  Distance est: 11
Nombre de Tile ajoutees dans la pile: 5
Nombre de Tile traversees: 33  Distance est: 12
Nombre de Tile ajoutees dans la pile: 5
Nombre de Tile traversees: 34  Distance est: 12
Nombre de Tile ajoutees dans la pile: 5
Nombre de Tile traversees: 35  Distance est: 12
Nombre de Tile ajoutees dans la pile: 6
Nombre de Tile traversees: 36  Distance est: 12
Nombre de Tile ajoutees dans la pile: 6
Nombre de Tile traversees: 37  Distance est: 12
Nombre de Tile ajoutees dans la pile: 6
Nombre de Tile traversees: 38  Distance est: 13
Nombre de Tile ajoutees dans la pile: 6
Nombre de Tile traversees: 39  Distance est: 13
Nombre de Tile ajoutees dans la pile: 6
Nombre de Tile traversees: 40  Distance est: 13
Nombre de Tile ajoutees dans la pile: 6
Nombre de Tile traversees: 41  Distance est: 13
Nombre de Tile ajoutees dans la pile: 5
Nombre de Tile traversees: 42  Distance est: 13
Nombre de Tile ajoutees dans la pile: 5
Nombre de Tile traversees: 43  Distance est: 13
Nombre de Tile ajoutees dans la pile: 5
Nombre de Tile traversees: 44  Distance est: 14
Nombre de Tile ajoutees dans la pile: 5
Nombre de Tile traversees: 45  Distance est: 14
Nombre de Tile ajoutees dans la pile: 6
Nombre de Tile traversees: 46  Distance est: 14
Nombre de Tile ajoutees dans la pile: 6
Nombre de Tile traversees: 47  Distance est: 14
Nombre de Tile ajoutees dans la pile: 6
Nombre de Tile traversees: 48  Distance est: 14
Nombre de Tile ajoutees dans la pile: 6
Nombre de Tile traversees: 49  Distance est: 15
Nombre de Tile ajoutees dans la pile: 6
Nombre de Tile traversees: 50  Distance est: 15
Nombre de Tile ajoutees dans la pile: 7
Nombre de Tile traversees: 51  Distance est: 15
Nombre de Tile ajoutees dans la pile: 6
Nombre de Tile traversees: 52  Distance est: 15
Nombre de Tile ajoutees dans la pile: 6
Nombre de Tile traversees: 53  Distance est: 15
Nombre de Tile ajoutees dans la pile: 6
Nombre de Tile traversees: 54  Distance est: 15
Nombre de Tile ajoutees dans la pile: 6
Nombre de Tile traversees: 55  Distance est: 16
Nombre de Tile ajoutees dans la pile: 6
Nombre de Tile traversees: 56  Distance est: 16
Nombre de Tile ajoutees dans la pile: 7
Nombre de Tile traversees: 57  Distance est: 16
Nombre de Tile ajoutees dans la pile: 6
Nombre de Tile traversees: 58  Distance est: 16
Nombre de Tile ajoutees dans la pile: 6
Nombre de Tile traversees: 59  Distance est: 16
Nombre de Tile ajoutees dans la pile: 6
Nombre de Tile traversees: 60  Distance est: 16
Nombre de Tile ajoutees dans la pile: 6
Nombre de Tile traversees: 61  Distance est: 17
Nombre de Tile ajoutees dans la pile: 6
Nombre de Tile traversees: 62  Distance est: 17
Nombre de Tile ajoutees dans la pile: 5
Nombre de Tile traversees: 63  Distance est: 17
Nombre de Tile ajoutees dans la pile: 4
Nombre de Tile traversees: 64  Distance est: 17
Nombre de Tile ajoutees dans la pile: 4
Nombre de Tile traversees: 65  Distance est: 17
Nombre de Tile ajoutees dans la pile: 4
Nombre de Tile traversees: 66  Distance est: 17
Nombre de Tile ajoutees dans la pile: 4
Nombre de Tile traversees: 67  Distance est: 18
Nombre de Tile ajoutees dans la pile: 4
Nombre de Tile traversees: 68  Distance est: 18
Nombre de Tile ajoutees dans la pile: 4
Nombre de Tile traversees: 69  Distance est: 18
Nombre de Tile ajoutees dans la pile: 4
Nombre de Tile traversees: 70  Distance est: 18
Nombre de Tile ajoutees dans la pile: 4
Nombre de Tile traversees: 71  Distance est: 19
Nombre de Tile ajoutees dans la pile: 4
Nombre de Tile traversees: 72  Distance est: 19
Nombre de Tile ajoutees dans la pile: 4
Nombre de Tile traversees: 73  Distance est: 19
Nombre de Tile ajoutees dans la pile: 4
Nombre de Tile traversees: 74  Distance est: 19
Nombre de Tile ajoutees dans la pile: 4
Nombre de Tile traversees: 75  Distance est: 20
Nombre de Tile ajoutees dans la pile: 4
Nombre de Tile traversees: 76  Distance est: 20
Nombre de Tile ajoutees dans la pile: 4
Nombre de Tile traversees: 77  Distance est: 20
Nombre de Tile ajoutees dans la pile: 4
Nombre de Tile traversees: 78  Distance est: 20
Nombre de Tile ajoutees dans la pile: 4
Nombre de Tile traversees: 79  Distance est: 21
Nombre de Tile ajoutees dans la pile: 4
Nombre de Tile traversees: 80  Distance est: 21
Nombre de Tile ajoutees dans la pile: 4
Nombre de Tile traversees: 81  Distance est: 21
Nombre de Tile ajoutees dans la pile: 4
Nombre de Tile traversees: 82  Distance est: 21
Nombre de Tile ajoutees dans la pile: 4
Nombre de Tile traversees: 83  Distance est: 22
Nombre de Tile ajoutees dans la pile: 4
Nombre de Tile traversees: 84  Distance est: 22
Nombre de Tile ajoutees dans la pile: 4
Nombre de Tile traversees: 85  Distance est: 22
Nombre de Tile ajoutees dans la pile: 4
Nombre de Tile traversees: 86  Distance est: 22
Nombre de Tile ajoutees dans la pile: 4
Nombre de Tile traversees: 87  Distance est: 23
Nombre de Tile ajoutees dans la pile: 4
Nombre de Tile traversees: 88  Distance est: 23
Nombre de Tile ajoutees dans la pile: 4
Nombre de Tile traversees: 89  Distance est: 23
Nombre de Tile ajoutees dans la pile: 4
Nombre de Tile traversees: 90  Distance est: 23
Nombre de Tile ajoutees dans la pile: 5
Nombre de Tile traversees: 91  Distance est: 24
Nombre de Tile ajoutees dans la pile: 5
Nombre de Tile traversees: 92  Distance est: 24
Nombre de Tile ajoutees dans la pile: 5
Nombre de Tile traversees: 93  Distance est: 24
Nombre de Tile ajoutees dans la pile: 5
Nombre de Tile traversees: 94  Distance est: 24
Nombre de Tile ajoutees dans la pile: 5
Nombre de Tile traversees: 95  Distance est: 24
Nombre de Tile ajoutees dans la pile: 5
Nombre de Tile traversees: 96  Distance est: 25
Nombre de Tile ajoutees dans la pile: 5
Nombre de Tile traversees: 97  Distance est: 25
Nombre de Tile ajoutees dans la pile: 5
Nombre de Tile traversees: 98  Distance est: 25
Nombre de Tile ajoutees dans la pile: 5
Nombre de Tile traversees: 99  Distance est: 25
Nombre de Tile ajoutees dans la pile: 5
Nombre de Tile traversees: 100  Distance est: 25
Nombre de Tile ajoutees dans la pile: 5
Nombre de Tile traversees: 101  Distance est: 26
Nombre de Tile ajoutees dans la pile: 4
Nombre de Tile traversees: 102  Distance est: 26
Nombre de Tile ajoutees dans la pile: 4
Nombre de Tile traversees: 103  Distance est: 26
Nombre de Tile ajoutees dans la pile: 4
Nombre de Tile traversees: 104  Distance est: 26
Nombre de Tile ajoutees dans la pile: 4
Nombre de Tile traversees: 105  Distance est: 27
Nombre de Tile ajoutees dans la pile: 5
Nombre de Tile traversees: 106  Distance est: 27
Nombre de Tile ajoutees dans la pile: 5
Nombre de Tile traversees: 107  Distance est: 27
Nombre de Tile ajoutees dans la pile: 5
Nombre de Tile traversees: 108  Distance est: 27
Nombre de Tile ajoutees dans la pile: 5
Nombre de Tile traversees: 109  Distance est: 27
Nombre de Tile ajoutees dans la pile: 6
Nombre de Tile traversees: 110  Distance est: 28
Nombre de Tile ajoutees dans la pile: 5
Nombre de Tile traversees: 111  Distance est: 28
Nombre de Tile ajoutees dans la pile: 5
Nombre de Tile traversees: 112  Distance est: 28
Nombre de Tile ajoutees dans la pile: 5
Nombre de Tile traversees: 113  Distance est: 28
Nombre de Tile ajoutees dans la pile: 5
Nombre de Tile traversees: 114  Distance est: 28
Nombre de Tile ajoutees dans la pile: 6
Nombre de Tile traversees: 115  Distance est: 29
Nombre de Tile ajoutees dans la pile: 5
Nombre de Tile traversees: 116  Distance est: 29
Nombre de Tile ajoutees dans la pile: 6
Nombre de Tile traversees: 117  Distance est: 29
Nombre de Tile ajoutees dans la pile: 7
Nombre de Tile traversees: 118  Distance est: 29
Nombre de Tile ajoutees dans la pile: 7
Nombre de Tile traversees: 119  Distance est: 29
Nombre de Tile ajoutees dans la pile: 7
Nombre de Tile traversees: 120  Distance est: 30
Nombre de Tile ajoutees dans la pile: 6
Nombre de Tile traversees: 121  Distance est: 30
Nombre de Tile ajoutees dans la pile: 6
Nombre de Tile traversees: 122  Distance est: 30
Nombre de Tile ajoutees dans la pile: 6
Nombre de Tile traversees: 123  Distance est: 30
Nombre de Tile ajoutees dans la pile: 6
Nombre de Tile traversees: 124  Distance est: 30
Nombre de Tile ajoutees dans la pile: 6
Nombre de Tile traversees: 125  Distance est: 30
Nombre de Tile ajoutees dans la pile: 6
Nombre de Tile traversees: 126  Distance est: 31
Nombre de Tile ajoutees dans la pile: 6
Nombre de Tile traversees: 127  Distance est: 31
Nombre de Tile ajoutees dans la pile: 6
Nombre de Tile traversees: 128  Distance est: 31
Nombre de Tile ajoutees dans la pile: 6
Nombre de Tile traversees: 129  Distance est: 31
Nombre de Tile ajoutees dans la pile: 6
Nombre de Tile traversees: 130  Distance est: 31
Nombre de Tile ajoutees dans la pile: 6
Nombre de Tile traversees: 131  Distance est: 31
Nombre de Tile ajoutees dans la pile: 6
Nombre de Tile traversees: 132  Distance est: 32
Nombre de Tile ajoutees dans la pile: 6
Nombre de Tile traversees: 133  Distance est: 32
Nombre de Tile ajoutees dans la pile: 6
Nombre de Tile traversees: 134  Distance est: 32
Nombre de Tile ajoutees dans la pile: 6
Nombre de Tile traversees: 135  Distance est: 32
Nombre de Tile ajoutees dans la pile: 6
Nombre de Tile traversees: 136  Distance est: 32
Nombre de Tile ajoutees dans la pile: 6
Nombre de Tile traversees: 137  Distance est: 32
Nombre de Tile ajoutees dans la pile: 6
Nombre de Tile traversees: 138  Distance est: 33
Nombre de Tile ajoutees dans la pile: 6
Nombre de Tile traversees: 139  Distance est: 33
Nombre de Tile ajoutees dans la pile: 7
Nombre de Tile traversees: 140  Distance est: 33
Nombre de Tile ajoutees dans la pile: 7
Nombre de Tile traversees: 141  Distance est: 33
Nombre de Tile ajoutees dans la pile: 7
Nombre de Tile traversees: 142  Distance est: 33
Nombre de Tile ajoutees dans la pile: 7
Nombre de Tile traversees: 143  Distance est: 33
Nombre de Tile ajoutees dans la pile: 8
Nombre de Tile traversees: 144  Distance est: 34
Nombre de Tile ajoutees dans la pile: 7
Nombre de Tile traversees: 145  Distance est: 34
Nombre de Tile ajoutees dans la pile: 7
Nombre de Tile traversees: 146  Distance est: 34
Nombre de Tile ajoutees dans la pile: 7
Nombre de Tile traversees: 147  Distance est: 34
Nombre de Tile ajoutees dans la pile: 7
Nombre de Tile traversees: 148  Distance est: 34
Nombre de Tile ajoutees dans la pile: 7
Nombre de Tile traversees: 149  Distance est: 34
Nombre de Tile ajoutees dans la pile: 7
Nombre de Tile traversees: 150  Distance est: 34
Nombre de Tile ajoutees dans la pile: 7
Nombre de Tile traversees: 151  Distance est: 35
Nombre de Tile ajoutees dans la pile: 7
Nombre de Tile traversees: 152  Distance est: 35
Nombre de Tile ajoutees dans la pile: 6
Nombre de Tile traversees: 153  Distance est: 35
Nombre de Tile ajoutees dans la pile: 6
Nombre de Tile traversees: 154  Distance est: 35
Nombre de Tile ajoutees dans la pile: 6
Nombre de Tile traversees: 155  Distance est: 35
Nombre de Tile ajoutees dans la pile: 6
Nombre de Tile traversees: 156  Distance est: 35
Nombre de Tile ajoutees dans la pile: 6
Nombre de Tile traversees: 157  Distance est: 35
Nombre de Tile ajoutees dans la pile: 6
Nombre de Tile traversees: 158  Distance est: 36
Nombre de Tile ajoutees dans la pile: 5
Nombre de Tile traversees: 159  Distance est: 36
Nombre de Tile ajoutees dans la pile: 5
Nombre de Tile traversees: 160  Distance est: 36
Nombre de Tile ajoutees dans la pile: 5
Nombre de Tile traversees: 161  Distance est: 36
Nombre de Tile ajoutees dans la pile: 5
Nombre de Tile traversees: 162  Distance est: 36
Nombre de Tile ajoutees dans la pile: 5
Nombre de Tile traversees: 163  Distance est: 37
Nombre de Tile ajoutees dans la pile: 5
Nombre de Tile traversees: 164  Distance est: 37
Nombre de Tile ajoutees dans la pile: 5
Nombre de Tile traversees: 165  Distance est: 37
Nombre de Tile ajoutees dans la pile: 5
Nombre de Tile traversees: 166  Distance est: 37
Nombre de Tile ajoutees dans la pile: 5
Nombre de Tile traversees: 167  Distance est: 37
Nombre de Tile ajoutees dans la pile: 5
Nombre de Tile traversees: 168  Distance est: 38
Nombre de Tile ajoutees dans la pile: 5
Nombre de Tile traversees: 169  Distance est: 38
Nombre de Tile ajoutees dans la pile: 5
Nombre de Tile traversees: 170  Distance est: 38
Nombre de Tile ajoutees dans la pile: 5
Nombre de Tile traversees: 171  Distance est: 38
Nombre de Tile ajoutees dans la pile: 5
Nombre de Tile traversees: 172  Distance est: 38
Nombre de Tile ajoutees dans la pile: 5
Nombre de Tile traversees: 173  Distance est: 39
Nombre de Tile ajoutees dans la pile: 5
Nombre de Tile traversees: 174  Distance est: 39
Nombre de Tile ajoutees dans la pile: 6
Nombre de Tile traversees: 175  Distance est: 39
Nombre de Tile ajoutees dans la pile: 6
Nombre de Tile traversees: 176  Distance est: 39
Nombre de Tile ajoutees dans la pile: 6
Nombre de Tile traversees: 177  Distance est: 39
Nombre de Tile ajoutees dans la pile: 6
Nombre de Tile traversees: 178  Distance est: 40
Nombre de Tile ajoutees dans la pile: 6
Nombre de Tile traversees: 179  Distance est: 40
Nombre de Tile ajoutees dans la pile: 7
Nombre de Tile traversees: 180  Distance est: 40
Nombre de Tile ajoutees dans la pile: 7
Nombre de Tile traversees: 181  Distance est: 40
Nombre de Tile ajoutees dans la pile: 7
Nombre de Tile traversees: 182  Distance est: 40
Nombre de Tile ajoutees dans la pile: 7
Nombre de Tile traversees: 183  Distance est: 40
Nombre de Tile ajoutees dans la pile: 7
Nombre de Tile traversees: 184  Distance est: 41
Nombre de Tile ajoutees dans la pile: 7
Nombre de Tile traversees: 185  Distance est: 41
Nombre de Tile ajoutees dans la pile: 7
Nombre de Tile traversees: 186  Distance est: 41
Nombre de Tile ajoutees dans la pile: 6
Nombre de Tile traversees: 187  Distance est: 41
Nombre de Tile ajoutees dans la pile: 5
Nombre de Tile traversees: 188  Distance est: 41
Nombre de Tile ajoutees dans la pile: 5
Nombre de Tile traversees: 189  Distance est: 41
Nombre de Tile ajoutees dans la pile: 5
Nombre de Tile traversees: 190  Distance est: 41
Nombre de Tile ajoutees dans la pile: 5
Nombre de Tile traversees: 191  Distance est: 42
Nombre de Tile ajoutees dans la pile: 5
Nombre de Tile traversees: 192  Distance est: 42
Nombre de Tile ajoutees dans la pile: 5
Nombre de Tile traversees: 193  Distance est: 42
Nombre de Tile ajoutees dans la pile: 5
Nombre de Tile traversees: 194  Distance est: 42
Nombre de Tile ajoutees dans la pile: 5
Nombre de Tile traversees: 195  Distance est: 42
Nombre de Tile ajoutees dans la pile: 5
Nombre de Tile traversees: 196  Distance est: 43
Nombre de Tile ajoutees dans la pile: 5
Nombre de Tile traversees: 197  Distance est: 43
Nombre de Tile ajoutees dans la pile: 5
Nombre de Tile traversees: 198  Distance est: 43
Nombre de Tile ajoutees dans la pile: 5
Nombre de Tile traversees: 199  Distance est: 43
Nombre de Tile ajoutees dans la pile: 5
Nombre de Tile traversees: 200  Distance est: 43
Nombre de Tile ajoutees dans la pile: 5
Nombre de Tile traversees: 201  Distance est: 44
Nombre de Tile ajoutees dans la pile: 5
Nombre de Tile traversees: 202  Distance est: 44
Nombre de Tile ajoutees dans la pile: 5
Nombre de Tile traversees: 203  Distance est: 44
Nombre de Tile ajoutees dans la pile: 5
Nombre de Tile traversees: 204  Distance est: 44
Nombre de Tile ajoutees dans la pile: 5
Nombre de Tile traversees: 205  Distance est: 44
Nombre de Tile ajoutees dans la pile: 5
Nombre de Tile traversees: 206  Distance est: 45
Nombre de Tile ajoutees dans la pile: 5
Nombre de Tile traversees: 207  Distance est: 45
Nombre de Tile ajoutees dans la pile: 5
Nombre de Tile traversees: 208  Distance est: 45
Nombre de Tile ajoutees dans la pile: 5
Nombre de Tile traversees: 209  Distance est: 45
Nombre de Tile ajoutees dans la pile: 5
Nombre de Tile traversees: 210  Distance est: 45
Nombre de Tile ajoutees dans la pile: 5
Nombre de Tile traversees: 211  Distance est: 46
Nombre de Tile ajoutees dans la pile: 5
Nombre de Tile traversees: 212  Distance est: 46
Nombre de Tile ajoutees dans la pile: 5
Nombre de Tile traversees: 213  Distance est: 46
Nombre de Tile ajoutees dans la pile: 5
Nombre de Tile traversees: 214  Distance est: 46
Nombre de Tile ajoutees dans la pile: 5
Nombre de Tile traversees: 215  Distance est: 46
Nombre de Tile ajoutees dans la pile: 5
Nombre de Tile traversees: 216  Distance est: 47
Nombre de Tile ajoutees dans la pile: 5
Nombre de Tile traversees: 217  Distance est: 47
Nombre de Tile ajoutees dans la pile: 5
Nombre de Tile traversees: 218  Distance est: 47
Nombre de Tile ajoutees dans la pile: 6
Nombre de Tile traversees: 219  Distance est: 47
Nombre de Tile ajoutees dans la pile: 6
Nombre de Tile traversees: 220  Distance est: 47
Nombre de Tile ajoutees dans la pile: 6
Nombre de Tile traversees: 221  Distance est: 48
Nombre de Tile ajoutees dans la pile: 6
Nombre de Tile traversees: 222  Distance est: 48
Nombre de Tile ajoutees dans la pile: 6
Nombre de Tile traversees: 223  Distance est: 48
Nombre de Tile ajoutees dans la pile: 6
Nombre de Tile traversees: 224  Distance est: 48
Nombre de Tile ajoutees dans la pile: 7
Nombre de Tile traversees: 225  Distance est: 48
Nombre de Tile ajoutees dans la pile: 7
Nombre de Tile traversees: 226  Distance est: 48
Nombre de Tile ajoutees dans la pile: 7
Nombre de Tile traversees: 227  Distance est: 49
Nombre de Tile ajoutees dans la pile: 7
Nombre de Tile traversees: 228  Distance est: 49
Nombre de Tile ajoutees dans la pile: 7
Nombre de Tile traversees: 229  Distance est: 49
Nombre de Tile ajoutees dans la pile: 6
Nombre de Tile traversees: 230  Distance est: 49
Nombre de Tile ajoutees dans la pile: 7
Nombre de Tile traversees: 231  Distance est: 49
Nombre de Tile ajoutees dans la pile: 7
Nombre de Tile traversees: 232  Distance est: 49
Nombre de Tile ajoutees dans la pile: 7
Nombre de Tile traversees: 233  Distance est: 49
Nombre de Tile ajoutees dans la pile: 7
Nombre de Tile traversees: 234  Distance est: 50
Nombre de Tile ajoutees dans la pile: 6
Nombre de Tile traversees: 235  Distance est: 50
Nombre de Tile ajoutees dans la pile: 6
Nombre de Tile traversees: 236  Distance est: 50
Nombre de Tile ajoutees dans la pile: 7
Nombre de Tile traversees: 237  Distance est: 50
Nombre de Tile ajoutees dans la pile: 6
Nombre de Tile traversees: 238  Distance est: 50
Nombre de Tile ajoutees dans la pile: 6
Nombre de Tile traversees: 239  Distance est: 50
Nombre de Tile ajoutees dans la pile: 6
Nombre de Tile traversees: 240  Distance est: 51
Nombre de Tile ajoutees dans la pile: 6
Nombre de Tile traversees: 241  Distance est: 51
Nombre de Tile ajoutees dans la pile: 6
Nombre de Tile traversees: 242  Distance est: 51
Nombre de Tile ajoutees dans la pile: 6
Nombre de Tile traversees: 243  Distance est: 51
Nombre de Tile ajoutees dans la pile: 6
Nombre de Tile traversees: 244  Distance est: 51
Nombre de Tile ajoutees dans la pile: 6
Nombre de Tile traversees: 245  Distance est: 51
Nombre de Tile ajoutees dans la pile: 6
Nombre de Tile traversees: 246  Distance est: 52
Nombre de Tile ajoutees dans la pile: 5
Nombre de Tile traversees: 247  Distance est: 52
Nombre de Tile ajoutees dans la pile: 5
Nombre de Tile traversees: 248  Distance est: 52
Nombre de Tile ajoutees dans la pile: 5
Nombre de Tile traversees: 249  Distance est: 52
Nombre de Tile ajoutees dans la pile: 5
Nombre de Tile traversees: 250  Distance est: 52
Nombre de Tile ajoutees dans la pile: 5
Nombre de Tile traversees: 251  Distance est: 53
Nombre de Tile ajoutees dans la pile: 5
Nombre de Tile traversees: 252  Distance est: 53
Nombre de Tile ajoutees dans la pile: 5
Nombre de Tile traversees: 253  Distance est: 53
Nombre de Tile ajoutees dans la pile: 4
Nombre de Tile traversees: 254  Distance est: 53
Nombre de Tile ajoutees dans la pile: 3
Nombre de Tile traversees: 255  Distance est: 53
Nombre de Tile ajoutees dans la pile: 3
Nombre de Tile traversees: 256  Distance est: 54
Nombre de Tile ajoutees dans la pile: 3
Nombre de Tile traversees: 257  Distance est: 54
Nombre de Tile ajoutees dans la pile: 3
Nombre de Tile traversees: 258  Distance est: 54
Nombre de Tile ajoutees dans la pile: 3
Nombre de Tile traversees: 259  Distance est: 55
Nombre de Tile ajoutees dans la pile: 4
Nombre de Tile traversees: 260  Distance est: 55
Nombre de Tile ajoutees dans la pile: 4
Nombre de Tile traversees: 261  Distance est: 55
Nombre de Tile ajoutees dans la pile: 4
Nombre de Tile traversees: 262  Distance est: 55
Nombre de Tile ajoutees dans la pile: 5
Nombre de Tile traversees: 263  Distance est: 56
Nombre de Tile ajoutees dans la pile: 4
Nombre de Tile traversees: 264  Distance est: 56
Nombre de Tile ajoutees dans la pile: 4
Nombre de Tile traversees: 265  Distance est: 56
Nombre de Tile ajoutees dans la pile: 4
Nombre de Tile traversees: 266  Distance est: 56
Nombre de Tile ajoutees dans la pile: 5
Nombre de Tile traversees: 267  Distance est: 57
Nombre de Tile ajoutees dans la pile: 4
Nombre de Tile traversees: 268  Distance est: 57
Nombre de Tile ajoutees dans la pile: 5
Nombre de Tile traversees: 269  Distance est: 57
Nombre de Tile ajoutees dans la pile: 5
Nombre de Tile traversees: 270  Distance est: 57
Nombre de Tile ajoutees dans la pile: 5
Nombre de Tile traversees: 271  Distance est: 58
Nombre de Tile ajoutees dans la pile: 4
Nombre de Tile traversees: 272  Distance est: 58
Nombre de Tile ajoutees dans la pile: 4
Nombre de Tile traversees: 273  Distance est: 58
Nombre de Tile ajoutees dans la pile: 4
Nombre de Tile traversees: 274  Distance est: 58
Nombre de Tile ajoutees dans la pile: 4
Nombre de Tile traversees: 275  Distance est: 59
Nombre de Tile ajoutees dans la pile: 4
Nombre de Tile traversees: 276  Distance est: 59
Nombre de Tile ajoutees dans la pile: 5
Nombre de Tile traversees: 277  Distance est: 59
Nombre de Tile ajoutees dans la pile: 5
Nombre de Tile traversees: 278  Distance est: 59
Nombre de Tile ajoutees dans la pile: 5
Nombre de Tile traversees: 279  Distance est: 60
Nombre de Tile ajoutees dans la pile: 5
Nombre de Tile traversees: 280  Distance est: 60
Nombre de Tile ajoutees dans la pile: 5
Nombre de Tile traversees: 281  Distance est: 60
Nombre de Tile ajoutees dans la pile: 5
Nombre de Tile traversees: 282  Distance est: 60
Nombre de Tile ajoutees dans la pile: 5
Nombre de Tile traversees: 283  Distance est: 60
Nombre de Tile ajoutees dans la pile: 5
Nombre de Tile traversees: 284  Distance est: 61
Nombre de Tile ajoutees dans la pile: 5
Nombre de Tile traversees: 285  Distance est: 61
Nombre de Tile ajoutees dans la pile: 5
Nombre de Tile traversees: 286  Distance est: 61
Nombre de Tile ajoutees dans la pile: 5
Nombre de Tile traversees: 287  Distance est: 61
Nombre de Tile ajoutees dans la pile: 5
Nombre de Tile traversees: 288  Distance est: 61
Nombre de Tile ajoutees dans la pile: 5
Nombre de Tile traversees: 289  Distance est: 62
Nombre de Tile ajoutees dans la pile: 5
Nombre de Tile traversees: 290  Distance est: 62
Nombre de Tile ajoutees dans la pile: 5
Nombre de Tile traversees: 291  Distance est: 62
Nombre de Tile ajoutees dans la pile: 5
Nombre de Tile traversees: 292  Distance est: 62
Nombre de Tile ajoutees dans la pile: 5
Nombre de Tile traversees: 293  Distance est: 62
Nombre de Tile ajoutees dans la pile: 5
Nombre de Tile traversees: 294  Distance est: 63
Nombre de Tile ajoutees dans la pile: 5
Nombre de Tile traversees: 295  Distance est: 63
Nombre de Tile ajoutees dans la pile: 6
Nombre de Tile traversees: 296  Distance est: 63
Nombre de Tile ajoutees dans la pile: 6
Nombre de Tile traversees: 297  Distance est: 63
Nombre de Tile ajoutees dans la pile: 6
Nombre de Tile traversees: 298  Distance est: 63
Nombre de Tile ajoutees dans la pile: 6
Nombre de Tile traversees: 299  Distance est: 64
Nombre de Tile ajoutees dans la pile: 6
Nombre de Tile traversees: 300  Distance est: 64
Nombre de Tile ajoutees dans la pile: 6
Nombre de Tile traversees: 301  Distance est: 64
Nombre de Tile ajoutees dans la pile: 6
Nombre de Tile traversees: 302  Distance est: 64
Nombre de Tile ajoutees dans la pile: 6
Nombre de Tile traversees: 303  Distance est: 64
Nombre de Tile ajoutees dans la pile: 6
Nombre de Tile traversees: 304  Distance est: 64
Nombre de Tile ajoutees dans la pile: 7
Nombre de Tile traversees: 305  Distance est: 65
Nombre de Tile ajoutees dans la pile: 7
Nombre de Tile traversees: 306  Distance est: 65
Nombre de Tile ajoutees dans la pile: 7
Nombre de Tile traversees: 307  Distance est: 65
Nombre de Tile ajoutees dans la pile: 7
Nombre de Tile traversees: 308  Distance est: 65
Nombre de Tile ajoutees dans la pile: 7
Nombre de Tile traversees: 309  Distance est: 65
Nombre de Tile ajoutees dans la pile: 6
Nombre de Tile traversees: 310  Distance est: 65
Nombre de Tile ajoutees dans la pile: 7
Nombre de Tile traversees: 311  Distance est: 65
Nombre de Tile ajoutees dans la pile: 6
Nombre de Tile traversees: 312  Distance est: 66
Nombre de Tile ajoutees dans la pile: 6
Nombre de Tile traversees: 313  Distance est: 66
Nombre de Tile ajoutees dans la pile: 6
Nombre de Tile traversees: 314  Distance est: 66
Nombre de Tile ajoutees dans la pile: 6
Nombre de Tile traversees: 315  Distance est: 66
Nombre de Tile ajoutees dans la pile: 6
Nombre de Tile traversees: 316  Distance est: 66
Nombre de Tile ajoutees dans la pile: 7
Nombre de Tile traversees: 317  Distance est: 66
Nombre de Tile ajoutees dans la pile: 6
Nombre de Tile traversees: 318  Distance est: 67
Nombre de Tile ajoutees dans la pile: 6
Nombre de Tile traversees: 319  Distance est: 67
Nombre de Tile ajoutees dans la pile: 6
Nombre de Tile traversees: 320  Distance est: 67
Nombre de Tile ajoutees dans la pile: 6
Nombre de Tile traversees: 321  Distance est: 67
Nombre de Tile ajoutees dans la pile: 6
Nombre de Tile traversees: 322  Distance est: 67
Nombre de Tile ajoutees dans la pile: 6
Nombre de Tile traversees: 323  Distance est: 67
Nombre de Tile ajoutees dans la pile: 5
Nombre de Tile traversees: 324  Distance est: 68
Nombre de Tile ajoutees dans la pile: 5
Nombre de Tile traversees: 325  Distance est: 68
Nombre de Tile ajoutees dans la pile: 5
Nombre de Tile traversees: 326  Distance est: 68
Nombre de Tile ajoutees dans la pile: 5
Nombre de Tile traversees: 327  Distance est: 68
Nombre de Tile ajoutees dans la pile: 5
Nombre de Tile traversees: 328  Distance est: 68
Nombre de Tile ajoutees dans la pile: 5
Nombre de Tile traversees: 329  Distance est: 69
Nombre de Tile ajoutees dans la pile: 5
Nombre de Tile traversees: 330  Distance est: 69
Nombre de Tile ajoutees dans la pile: 5
Nombre de Tile traversees: 331  Distance est: 69
Nombre de Tile ajoutees dans la pile: 5
Nombre de Tile traversees: 332  Distance est: 69
Nombre de Tile ajoutees dans la pile: 5
Nombre de Tile traversees: 333  Distance est: 69
Nombre de Tile ajoutees dans la pile: 5
Nombre de Tile traversees: 334  Distance est: 70
Nombre de Tile ajoutees dans la pile: 5
Nombre de Tile traversees: 335  Distance est: 70
Nombre de Tile ajoutees dans la pile: 5
Nombre de Tile traversees: 336  Distance est: 70
Nombre de Tile ajoutees dans la pile: 5
Nombre de Tile traversees: 337  Distance est: 70
Nombre de Tile ajoutees dans la pile: 6
Nombre de Tile traversees: 338  Distance est: 70
Nombre de Tile ajoutees dans la pile: 6
Nombre de Tile traversees: 339  Distance est: 71
Nombre de Tile ajoutees dans la pile: 6
Nombre de Tile traversees: 340  Distance est: 71
Nombre de Tile ajoutees dans la pile: 6
Nombre de Tile traversees: 341  Distance est: 71
Nombre de Tile ajoutees dans la pile: 6
Nombre de Tile traversees: 342  Distance est: 71
Nombre de Tile ajoutees dans la pile: 7
Nombre de Tile traversees: 343  Distance est: 71
Nombre de Tile ajoutees dans la pile: 6
Nombre de Tile traversees: 344  Distance est: 71
Nombre de Tile ajoutees dans la pile: 6
Nombre de Tile traversees: 345  Distance est: 72
Nombre de Tile ajoutees dans la pile: 6
Nombre de Tile traversees: 346  Distance est: 72
Nombre de Tile ajoutees dans la pile: 6
Nombre de Tile traversees: 347  Distance est: 72
Nombre de Tile ajoutees dans la pile: 6
Nombre de Tile traversees: 348  Distance est: 72
Nombre de Tile ajoutees dans la pile: 7
Nombre de Tile traversees: 349  Distance est: 72
Nombre de Tile ajoutees dans la pile: 6
Nombre de Tile traversees: 350  Distance est: 72
Nombre de Tile ajoutees dans la pile: 6
Nombre de Tile traversees: 351  Distance est: 73
Nombre de Tile ajoutees dans la pile: 6
Nombre de Tile traversees: 352  Distance est: 73
Nombre de Tile ajoutees dans la pile: 6
Nombre de Tile traversees: 353  Distance est: 73
Nombre de Tile ajoutees dans la pile: 5
Nombre de Tile traversees: 354  Distance est: 73
Nombre de Tile ajoutees dans la pile: 5
Nombre de Tile traversees: 355  Distance est: 73
Nombre de Tile ajoutees dans la pile: 4
Nombre de Tile traversees: 356  Distance est: 73
Nombre de Tile ajoutees dans la pile: 4
Nombre de Tile traversees: 357  Distance est: 74
Nombre de Tile ajoutees dans la pile: 4
Nombre de Tile traversees: 358  Distance est: 74
Nombre de Tile ajoutees dans la pile: 5
Nombre de Tile traversees: 359  Distance est: 74
Nombre de Tile ajoutees dans la pile: 5
Nombre de Tile traversees: 360  Distance est: 74
Nombre de Tile ajoutees dans la pile: 5
Nombre de Tile traversees: 361  Distance est: 75
Nombre de Tile ajoutees dans la pile: 5
Nombre de Tile traversees: 362  Distance est: 75
Nombre de Tile ajoutees dans la pile: 6
Nombre de Tile traversees: 363  Distance est: 75
Nombre de Tile ajoutees dans la pile: 5
Nombre de Tile traversees: 364  Distance est: 75
Nombre de Tile ajoutees dans la pile: 5
Nombre de Tile traversees: 365  Distance est: 75
Nombre de Tile ajoutees dans la pile: 5
Nombre de Tile traversees: 366  Distance est: 76
Nombre de Tile ajoutees dans la pile: 6
Nombre de Tile traversees: 367  Distance est: 76
Nombre de Tile ajoutees dans la pile: 7
Nombre de Tile traversees: 368  Distance est: 76
Nombre de Tile ajoutees dans la pile: 6
Nombre de Tile traversees: 369  Distance est: 76
Nombre de Tile ajoutees dans la pile: 6
Nombre de Tile traversees: 370  Distance est: 76
Nombre de Tile ajoutees dans la pile: 6
Nombre de Tile traversees: 371  Distance est: 76
Nombre de Tile ajoutees dans la pile: 6
Nombre de Tile traversees: 372  Distance est: 77
Nombre de Tile ajoutees dans la pile: 6
Nombre de Tile traversees: 373  Distance est: 77
Nombre de Tile ajoutees dans la pile: 5
Nombre de Tile traversees: 374  Distance est: 77
Nombre de Tile ajoutees dans la pile: 4
Nombre de Tile traversees: 375  Distance est: 77
Nombre de Tile ajoutees dans la pile: 4
Nombre de Tile traversees: 376  Distance est: 77
Nombre de Tile ajoutees dans la pile: 5
Nombre de Tile traversees: 377  Distance est: 77
Nombre de Tile ajoutees dans la pile: 5
Nombre de Tile traversees: 378  Distance est: 78
Nombre de Tile ajoutees dans la pile: 6
Nombre de Tile traversees: 379  Distance est: 78
Nombre de Tile ajoutees dans la pile: 6
Nombre de Tile traversees: 380  Distance est: 78
Nombre de Tile ajoutees dans la pile: 6
Nombre de Tile traversees: 381  Distance est: 78
Nombre de Tile ajoutees dans la pile: 6
Nombre de Tile traversees: 382  Distance est: 78
Nombre de Tile ajoutees dans la pile: 6
Nombre de Tile traversees: 383  Distance est: 78
Nombre de Tile ajoutees dans la pile: 6
Nombre de Tile traversees: 384  Distance est: 79
Nombre de Tile ajoutees dans la pile: 6
Nombre de Tile traversees: 385  Distance est: 79
Nombre de Tile ajoutees dans la pile: 6
Nombre de Tile traversees: 386  Distance est: 79
Nombre de Tile ajoutees dans la pile: 6
Nombre de Tile traversees: 387  Distance est: 79
Nombre de Tile ajoutees dans la pile: 7
Nombre de Tile traversees: 388  Distance est: 79
Nombre de Tile ajoutees dans la pile: 6
Nombre de Tile traversees: 389  Distance est: 79
Nombre de Tile ajoutees dans la pile: 6
Nombre de Tile traversees: 390  Distance est: 80
Nombre de Tile ajoutees dans la pile: 5
Nombre de Tile traversees: 391  Distance est: 80
Nombre de Tile ajoutees dans la pile: 5
Nombre de Tile traversees: 392  Distance est: 80
Nombre de Tile ajoutees dans la pile: 5
Nombre de Tile traversees: 393  Distance est: 80
Nombre de Tile ajoutees dans la pile: 6
Nombre de Tile traversees: 394  Distance est: 80
Nombre de Tile ajoutees dans la pile: 6
Nombre de Tile traversees: 395  Distance est: 81
Nombre de Tile ajoutees dans la pile: 6
Nombre de Tile traversees: 396  Distance est: 81
Nombre de Tile ajoutees dans la pile: 6
Nombre de Tile traversees: 397  Distance est: 81
Nombre de Tile ajoutees dans la pile: 6
Nombre de Tile traversees: 398  Distance est: 81
Nombre de Tile ajoutees dans la pile: 7
Nombre de Tile traversees: 399  Distance est: 81
Nombre de Tile ajoutees dans la pile: 6
Nombre de Tile traversees: 400  Distance est: 81
Nombre de Tile ajoutees dans la pile: 6
Nombre de Tile traversees: 401  Distance est: 82
Nombre de Tile ajoutees dans la pile: 5
Nombre de Tile traversees: 402  Distance est: 82
Nombre de Tile ajoutees dans la pile: 5
Nombre de Tile traversees: 403  Distance est: 82
Nombre de Tile ajoutees dans la pile: 5
Nombre de Tile traversees: 404  Distance est: 82
Nombre de Tile ajoutees dans la pile: 5
Nombre de Tile traversees: 405  Distance est: 82
Nombre de Tile ajoutees dans la pile: 5
Nombre de Tile traversees: 406  Distance est: 83
Nombre de Tile ajoutees dans la pile: 5
Nombre de Tile traversees: 407  Distance est: 83
Nombre de Tile ajoutees dans la pile: 5
Nombre de Tile traversees: 408  Distance est: 83
Nombre de Tile ajoutees dans la pile: 5
Nombre de Tile traversees: 409  Distance est: 83
Nombre de Tile ajoutees dans la pile: 4
Nombre de Tile traversees: 410  Distance est: 83
Nombre de Tile ajoutees dans la pile: 4
Nombre de Tile traversees: 411  Distance est: 84
Nombre de Tile ajoutees dans la pile: 4
Nombre de Tile traversees: 412  Distance est: 84
Nombre de Tile ajoutees dans la pile: 4
Nombre de Tile traversees: 413  Distance est: 84
Nombre de Tile ajoutees dans la pile: 4
Nombre de Tile traversees: 414  Distance est: 84
Nombre de Tile ajoutees dans la pile: 4
Nombre de Tile traversees: 415  Distance est: 85
Nombre de Tile ajoutees dans la pile: 4
Nombre de Tile traversees: 416  Distance est: 85
Nombre de Tile ajoutees dans la pile: 4
Nombre de Tile traversees: 417  Distance est: 85
Nombre de Tile ajoutees dans la pile: 4
Nombre de Tile traversees: 418  Distance est: 85
Nombre de Tile ajoutees dans la pile: 3
Nombre de Tile traversees: 419  Distance est: 86
Nombre de Tile ajoutees dans la pile: 3
Nombre de Tile traversees: 420  Distance est: 86
Nombre de Tile ajoutees dans la pile: 3
Nombre de Tile traversees: 421  Distance est: 86
Nombre de Tile ajoutees dans la pile: 3
Nombre de Tile traversees: 422  Distance est: 87
Nombre de Tile ajoutees dans la pile: 3
Nombre de Tile traversees: 423  Distance est: 87
Nombre de Tile ajoutees dans la pile: 4
Nombre de Tile traversees: 424  Distance est: 87
Nombre de Tile ajoutees dans la pile: 4
Nombre de Tile traversees: 425  Distance est: 88
Nombre de Tile ajoutees dans la pile: 4
Nombre de Tile traversees: 426  Distance est: 88
Nombre de Tile ajoutees dans la pile: 4
Nombre de Tile traversees: 427  Distance est: 88
Nombre de Tile ajoutees dans la pile: 4
Nombre de Tile traversees: 428  Distance est: 88
Nombre de Tile ajoutees dans la pile: 4
Nombre de Tile traversees: 429  Distance est: 89
Nombre de Tile ajoutees dans la pile: 4
Nombre de Tile traversees: 430  Distance est: 89
Nombre de Tile ajoutees dans la pile: 4
Nombre de Tile traversees: 431  Distance est: 89
Nombre de Tile ajoutees dans la pile: 4
Nombre de Tile traversees: 432  Distance est: 89
Nombre de Tile ajoutees dans la pile: 4
Nombre de Tile traversees: 433  Distance est: 90
Nombre de Tile ajoutees dans la pile: 4
Nombre de Tile traversees: 434  Distance est: 90
Nombre de Tile ajoutees dans la pile: 4
Nombre de Tile traversees: 435  Distance est: 90
Nombre de Tile ajoutees dans la pile: 4
Nombre de Tile traversees: 436  Distance est: 90
Nombre de Tile ajoutees dans la pile: 4
Nombre de Tile traversees: 437  Distance est: 91
Nombre de Tile ajoutees dans la pile: 4
Nombre de Tile traversees: 438  Distance est: 91
Nombre de Tile ajoutees dans la pile: 3
Nombre de Tile traversees: 439  Distance est: 91
Nombre de Tile ajoutees dans la pile: 3
Nombre de Tile traversees: 440  Distance est: 91
Nombre de Tile ajoutees dans la pile: 3
Nombre de Tile traversees: 441  Distance est: 92
Nombre de Tile ajoutees dans la pile: 3
Nombre de Tile traversees: 442  Distance est: 92
Nombre de Tile ajoutees dans la pile: 3
Nombre de Tile traversees: 443  Distance est: 92
Nombre de Tile ajoutees dans la pile: 3
Nombre de Tile traversees: 444  Distance est: 93
Nombre de Tile ajoutees dans la pile: 4
Nombre de Tile traversees: 445  Distance est: 93
Nombre de Tile ajoutees dans la pile: 4
Nombre de Tile traversees: 446  Distance est: 93
Nombre de Tile ajoutees dans la pile: 3
Nombre de Tile traversees: 447  Distance est: 93
Nombre de Tile ajoutees dans la pile: 4
Nombre de Tile traversees: 448  Distance est: 94
Nombre de Tile ajoutees dans la pile: 3
Nombre de Tile traversees: 449  Distance est: 94
Nombre de Tile ajoutees dans la pile: 3
Nombre de Tile traversees: 450  Distance est: 94
Nombre de Tile ajoutees dans la pile: 5
Nombre de Tile traversees: 451  Distance est: 95
Nombre de Tile ajoutees dans la pile: 4
Nombre de Tile traversees: 452  Distance est: 95
Nombre de Tile ajoutees dans la pile: 3
Nombre de Tile traversees: 453  Distance est: 95
Nombre de Tile ajoutees dans la pile: 4
Nombre de Tile traversees: 454  Distance est: 95
Nombre de Tile ajoutees dans la pile: 4
Nombre de Tile traversees: 455  Distance est: 96
Nombre de Tile ajoutees dans la pile: 3
Nombre de Tile traversees: 456  Distance est: 96
Nombre de Tile ajoutees dans la pile: 4
Nombre de Tile traversees: 457  Distance est: 96
Nombre de Tile ajoutees dans la pile: 3
Nombre de Tile traversees: 1  Distance est: 0
Nombre de Tile ajoutees dans la pile: 1
Nombre de Tile traversees: 2  Distance est: 1
Nombre de Tile ajoutees dans la pile: 2
Nombre de Tile traversees: 3  Distance est: 1
Nombre de Tile ajoutees dans la pile: 2
Nombre de Tile traversees: 4  Distance est: 2
Nombre de Tile ajoutees dans la pile: 2
Nombre de Tile traversees: 5  Distance est: 2
Nombre de Tile ajoutees dans la pile: 2
Nombre de Tile traversees: 6  Distance est: 3
Nombre de Tile ajoutees dans la pile: 2
Nombre de Tile traversees: 7  Distance est: 3
Nombre de Tile ajoutees dans la pile: 2
Nombre de Tile traversees: 8  Distance est: 4
Nombre de Tile ajoutees dans la pile: 2
Nombre de Tile traversees: 9  Distance est: 4
Nombre de Tile ajoutees dans la pile: 2
Nombre de Tile traversees: 10  Distance est: 5
Nombre de Tile ajoutees dans la pile: 2
Nombre de Tile traversees: 11  Distance est: 5
Nombre de Tile ajoutees dans la pile: 3
Nombre de Tile traversees: 12  Distance est: 6
Nombre de Tile ajoutees dans la pile: 3
Nombre de Tile traversees: 13  Distance est: 6
Nombre de Tile ajoutees dans la pile: 3
Nombre de Tile traversees: 14  Distance est: 6
Nombre de Tile ajoutees dans la pile: 3
Nombre de Tile traversees: 15  Distance est: 7
Nombre de Tile ajoutees dans la pile: 3
Nombre de Tile traversees: 16  Distance est: 7
Nombre de Tile ajoutees dans la pile: 2
Nombre de Tile traversees: 17  Distance est: 7
Nombre de Tile ajoutees dans la pile: 2
Nombre de Tile traversees: 18  Distance est: 8
Nombre de Tile ajoutees dans la pile: 2
Nombre de Tile traversees: 19  Distance est: 8
Nombre de Tile ajoutees dans la pile: 3
Nombre de Tile traversees: 20  Distance est: 9
Nombre de Tile ajoutees dans la pile: 3
Nombre de Tile traversees: 21  Distance est: 9
Nombre de Tile ajoutees dans la pile: 4
Nombre de Tile traversees: 22  Distance est: 9
Nombre de Tile ajoutees dans la pile: 3
Nombre de Tile traversees: 23  Distance est: 10
Nombre de Tile ajoutees dans la pile: 3
Nombre de Tile traversees: 24  Distance est: 10
Nombre de Tile ajoutees dans la pile: 4
Nombre de Tile traversees: 25  Distance est: 10
Nombre de Tile ajoutees dans la pile: 3
Nombre de Tile traversees: 26  Distance est: 11
Nombre de Tile ajoutees dans la pile: 3
Nombre de Tile traversees: 27  Distance est: 11
Nombre de Tile ajoutees dans la pile: 3
Nombre de Tile traversees: 28  Distance est: 11
Nombre de Tile ajoutees dans la pile: 3
Nombre de Tile traversees: 29  Distance est: 12
Nombre de Tile ajoutees dans la pile: 3
Nombre de Tile traversees: 30  Distance est: 12
Nombre de Tile ajoutees dans la pile: 3
Nombre de Tile traversees: 31  Distance est: 12
Nombre de Tile ajoutees dans la pile: 3
Nombre de Tile traversees: 32  Distance est: 13
Nombre de Tile ajoutees dans la pile: 4
Nombre de Tile traversees: 33  Distance est: 13
Nombre de Tile ajoutees dans la pile: 4
Nombre de Tile traversees: 34  Distance est: 13
Nombre de Tile ajoutees dans la pile: 4
Nombre de Tile traversees: 35  Distance est: 13
Nombre de Tile ajoutees dans la pile: 5
Nombre de Tile traversees: 36  Distance est: 14
Nombre de Tile ajoutees dans la pile: 4
Nombre de Tile traversees: 37  Distance est: 14
Nombre de Tile ajoutees dans la pile: 4
Nombre de Tile traversees: 38  Distance est: 14
Nombre de Tile ajoutees dans la pile: 4
Nombre de Tile traversees: 39  Distance est: 14
Nombre de Tile ajoutees dans la pile: 5
Nombre de Tile traversees: 40  Distance est: 15
Nombre de Tile ajoutees dans la pile: 4
Nombre de Tile traversees: 41  Distance est: 15
Nombre de Tile ajoutees dans la pile: 4
Nombre de Tile traversees: 42  Distance est: 15
Nombre de Tile ajoutees dans la pile: 5
Nombre de Tile traversees: 43  Distance est: 15
Nombre de Tile ajoutees dans la pile: 5
Nombre de Tile traversees: 44  Distance est: 16
Nombre de Tile ajoutees dans la pile: 4
Nombre de Tile traversees: 45  Distance est: 16
Nombre de Tile ajoutees dans la pile: 4
Nombre de Tile traversees: 46  Distance est: 16
Nombre de Tile ajoutees dans la pile: 4
Nombre de Tile traversees: 47  Distance est: 16
Nombre de Tile ajoutees dans la pile: 4
Nombre de Tile traversees: 48  Distance est: 17
Nombre de Tile ajoutees dans la pile: 4
Nombre de Tile traversees: 49  Distance est: 17
Nombre de Tile ajoutees dans la pile: 4
Nombre de Tile traversees: 50  Distance est: 17
Nombre de Tile ajoutees dans la pile: 3
Nombre de Tile traversees: 51  Distance est: 17
Nombre de Tile ajoutees dans la pile: 3
Nombre de Tile traversees: 52  Distance est: 18
Nombre de Tile ajoutees dans la pile: 3
Nombre de Tile traversees: 53  Distance est: 18
Nombre de Tile ajoutees dans la pile: 4
Nombre de Tile traversees: 54  Distance est: 18
Nombre de Tile ajoutees dans la pile: 4
Nombre de Tile traversees: 55  Distance est: 19
Nombre de Tile ajoutees dans la pile: 4
Nombre de Tile traversees: 56  Distance est: 19
Nombre de Tile ajoutees dans la pile: 5
Nombre de Tile traversees: 57  Distance est: 19
Nombre de Tile ajoutees dans la pile: 4
Nombre de Tile traversees: 58  Distance est: 19
Nombre de Tile ajoutees dans la pile: 4
Nombre de Tile traversees: 59  Distance est: 20
Nombre de Tile ajoutees dans la pile: 4
Nombre de Tile traversees: 60  Distance est: 20
Nombre de Tile ajoutees dans la pile: 5
Nombre de Tile traversees: 61  Distance est: 20
Nombre de Tile ajoutees dans la pile: 4
Nombre de Tile traversees: 62  Distance est: 20
Nombre de Tile ajoutees dans la pile: 4
Nombre de Tile traversees: 63  Distance est: 21
Nombre de Tile ajoutees dans la pile: 4
Nombre de Tile traversees: 64  Distance est: 21
Nombre de Tile ajoutees dans la pile: 3
Nombre de Tile traversees: 65  Distance est: 21
Nombre de Tile ajoutees dans la pile: 2
Nombre de Tile traversees: 66  Distance est: 21
Nombre de Tile ajoutees dans la pile: 2
Nombre de Tile traversees: 67  Distance est: 22
Nombre de Tile ajoutees dans la pile: 2
Nombre de Tile traversees: 68  Distance est: 22
Nombre de Tile ajoutees dans la pile: 2
Nombre de Tile traversees: 69  Distance est: 23
Nombre de Tile ajoutees dans la pile: 2
Nombre de Tile traversees: 70  Distance est: 23
Nombre de Tile ajoutees dans la pile: 3
Nombre de Tile traversees: 71  Distance est: 24
Nombre de Tile ajoutees dans la pile: 3
Nombre de Tile traversees: 72  Distance est: 24
Nombre de Tile ajoutees dans la pile: 3
Nombre de Tile traversees: 73  Distance est: 24
Nombre de Tile ajoutees dans la pile: 3
Nombre de Tile traversees: 74  Distance est: 25
Nombre de Tile ajoutees dans la pile: 3
Nombre de Tile traversees: 75  Distance est: 25
Nombre de Tile ajoutees dans la pile: 4
Nombre de Tile traversees: 76  Distance est: 25
Nombre de Tile ajoutees dans la pile: 4
Nombre de Tile traversees: 77  Distance est: 26
Nombre de Tile ajoutees dans la pile: 4
Nombre de Tile traversees: 78  Distance est: 26
Nombre de Tile ajoutees dans la pile: 4
Nombre de Tile traversees: 79  Distance est: 26
Nombre de Tile ajoutees dans la pile: 4
Nombre de Tile traversees: 80  Distance est: 26
Nombre de Tile ajoutees dans la pile: 4
Nombre de Tile traversees: 81  Distance est: 27
Nombre de Tile ajoutees dans la pile: 4
Nombre de Tile traversees: 82  Distance est: 27
Nombre de Tile ajoutees dans la pile: 3
Nombre de Tile traversees: 83  Distance est: 27
Nombre de Tile ajoutees dans la pile: 3
Nombre de Tile traversees: 84  Distance est: 27
Nombre de Tile ajoutees dans la pile: 3
Nombre de Tile traversees: 85  Distance est: 28
Nombre de Tile ajoutees dans la pile: 3
Nombre de Tile traversees: 86  Distance est: 28
Nombre de Tile ajoutees dans la pile: 3
Nombre de Tile traversees: 87  Distance est: 28
Nombre de Tile ajoutees dans la pile: 3
Nombre de Tile traversees: 88  Distance est: 29
Nombre de Tile ajoutees dans la pile: 4
Nombre de Tile traversees: 89  Distance est: 29
Nombre de Tile ajoutees dans la pile: 4
Nombre de Tile traversees: 90  Distance est: 29
Nombre de Tile ajoutees dans la pile: 4
Nombre de Tile traversees: 91  Distance est: 29
Nombre de Tile ajoutees dans la pile: 5
Nombre de Tile traversees: 92  Distance est: 30
Nombre de Tile ajoutees dans la pile: 5
Nombre de Tile traversees: 93  Distance est: 30
Nombre de Tile ajoutees dans la pile: 6
Nombre de Tile traversees: 94  Distance est: 30
Nombre de Tile ajoutees dans la pile: 6
Nombre de Tile traversees: 95  Distance est: 30
Nombre de Tile ajoutees dans la pile: 7
Nombre de Tile traversees: 96  Distance est: 30
Nombre de Tile ajoutees dans la pile: 6
Nombre de Tile traversees: 97  Distance est: 31
Nombre de Tile ajoutees dans la pile: 6
Nombre de Tile traversees: 98  Distance est: 31
Nombre de Tile ajoutees dans la pile: 7
Nombre de Tile traversees: 99  Distance est: 31
Nombre de Tile ajoutees dans la pile: 6
Nombre de Tile traversees: 100  Distance est: 31
Nombre de Tile ajoutees dans la pile: 6
Nombre de Tile traversees: 101  Distance est: 31
Nombre de Tile ajoutees dans la pile: 5
Nombre de Tile traversees: 102  Distance est: 31
Nombre de Tile ajoutees dans la pile: 4
Nombre de Tile traversees: 103  Distance est: 32
Nombre de Tile ajoutees dans la pile: 4
Nombre de Tile traversees: 104  Distance est: 32
Nombre de Tile ajoutees dans la pile: 5
Nombre de Tile traversees: 105  Distance est: 32
Nombre de Tile ajoutees dans la pile: 4
Nombre de Tile traversees: 106  Distance est: 32
Nombre de Tile ajoutees dans la pile: 4
Nombre de Tile traversees: 107  Distance est: 33
Nombre de Tile ajoutees dans la pile: 4
Nombre de Tile traversees: 108  Distance est: 33
Nombre de Tile ajoutees dans la pile: 3
Nombre de Tile traversees: 109  Distance est: 33
Nombre de Tile ajoutees dans la pile: 3
Nombre de Tile traversees: 110  Distance est: 33
Nombre de Tile ajoutees dans la pile: 3
Nombre de Tile traversees: 111  Distance est: 34
Nombre de Tile ajoutees dans la pile: 4
Nombre de Tile traversees: 112  Distance est: 34
Nombre de Tile ajoutees dans la pile: 4
Nombre de Tile traversees: 113  Distance est: 34
Nombre de Tile ajoutees dans la pile: 4
Nombre de Tile traversees: 114  Distance est: 34
Nombre de Tile ajoutees dans la pile: 4
Nombre de Tile traversees: 115  Distance est: 35
Nombre de Tile ajoutees dans la pile: 4
Nombre de Tile traversees: 116  Distance est: 35
Nombre de Tile ajoutees dans la pile: 4
Nombre de Tile traversees: 117  Distance est: 35
Nombre de Tile ajoutees dans la pile: 4
Nombre de Tile traversees: 118  Distance est: 35
Nombre de Tile ajoutees dans la pile: 4
Nombre de Tile traversees: 119  Distance est: 36
Nombre de Tile ajoutees dans la pile: 4
Nombre de Tile traversees: 120  Distance est: 36
Nombre de Tile ajoutees dans la pile: 4
Nombre de Tile traversees: 121  Distance est: 36
Nombre de Tile ajoutees dans la pile: 4
Nombre de Tile traversees: 122  Distance est: 36
Nombre de Tile ajoutees dans la pile: 4
Nombre de Tile traversees: 123  Distance est: 37
Nombre de Tile ajoutees dans la pile: 4
Nombre de Tile traversees: 124  Distance est: 37
Nombre de Tile ajoutees dans la pile: 4
Nombre de Tile traversees: 125  Distance est: 37
Nombre de Tile ajoutees dans la pile: 4
Nombre de Tile traversees: 126  Distance est: 37
Nombre de Tile ajoutees dans la pile: 4
Nombre de Tile traversees: 127  Distance est: 38
Nombre de Tile ajoutees dans la pile: 4
Nombre de Tile traversees: 128  Distance est: 38
Nombre de Tile ajoutees dans la pile: 4
Nombre de Tile traversees: 129  Distance est: 38
Nombre de Tile ajoutees dans la pile: 4
Nombre de Tile traversees: 130  Distance est: 38
Nombre de Tile ajoutees dans la pile: 4
Nombre de Tile traversees: 131  Distance est: 39
Nombre de Tile ajoutees dans la pile: 4
Nombre de Tile traversees: 132  Distance est: 39
Nombre de Tile ajoutees dans la pile: 4
Nombre de Tile traversees: 133  Distance est: 39
Nombre de Tile ajoutees dans la pile: 4
Nombre de Tile traversees: 134  Distance est: 39
Nombre de Tile ajoutees dans la pile: 4
Nombre de Tile traversees: 135  Distance est: 40
Nombre de Tile ajoutees dans la pile: 4
Nombre de Tile traversees: 136  Distance est: 40
Nombre de Tile ajoutees dans la pile: 4
Nombre de Tile traversees: 137  Distance est: 40
Nombre de Tile ajoutees dans la pile: 4
Nombre de Tile traversees: 138  Distance est: 40
Nombre de Tile ajoutees dans la pile: 4
Nombre de Tile traversees: 139  Distance est: 41
Nombre de Tile ajoutees dans la pile: 4
Nombre de Tile traversees: 140  Distance est: 41
Nombre de Tile ajoutees dans la pile: 4
Nombre de Tile traversees: 141  Distance est: 41
Nombre de Tile ajoutees dans la pile: 4
Nombre de Tile traversees: 142  Distance est: 41
Nombre de Tile ajoutees dans la pile: 4
Nombre de Tile traversees: 143  Distance est: 42
Nombre de Tile ajoutees dans la pile: 4
Nombre de Tile traversees: 144  Distance est: 42
Nombre de Tile ajoutees dans la pile: 4
Nombre de Tile traversees: 145  Distance est: 42
Nombre de Tile ajoutees dans la pile: 4
Nombre de Tile traversees: 146  Distance est: 42
Nombre de Tile ajoutees dans la pile: 4
Nombre de Tile traversees: 147  Distance est: 43
Nombre de Tile ajoutees dans la pile: 4
Nombre de Tile traversees: 148  Distance est: 43
Nombre de Tile ajoutees dans la pile: 4
Nombre de Tile traversees: 149  Distance est: 43
Nombre de Tile ajoutees dans la pile: 3
Nombre de Tile traversees: 150  Distance est: 43
Nombre de Tile ajoutees dans la pile: 4
Nombre de Tile traversees: 151  Distance est: 44
Nombre de Tile ajoutees dans la pile: 4
Nombre de Tile traversees: 152  Distance est: 44
Nombre de Tile ajoutees dans la pile: 4
Nombre de Tile traversees: 153  Distance est: 44
Nombre de Tile ajoutees dans la pile: 5
Nombre de Tile traversees: 154  Distance est: 44
Nombre de Tile ajoutees dans la pile: 5
Nombre de Tile traversees: 155  Distance est: 45
Nombre de Tile ajoutees dans la pile: 5
Nombre de Tile traversees: 156  Distance est: 45
Nombre de Tile ajoutees dans la pile: 5
Nombre de Tile traversees: 157  Distance est: 45
Nombre de Tile ajoutees dans la pile: 6
Nombre de Tile traversees: 158  Distance est: 45
Nombre de Tile ajoutees dans la pile: 5
Nombre de Tile traversees: 159  Distance est: 45
Nombre de Tile ajoutees dans la pile: 5
Nombre de Tile traversees: 160  Distance est: 46
Nombre de Tile ajoutees dans la pile: 5
Nombre de Tile traversees: 161  Distance est: 46
Nombre de Tile ajoutees dans la pile: 5
Nombre de Tile traversees: 162  Distance est: 46
Nombre de Tile ajoutees dans la pile: 5
Nombre de Tile traversees: 163  Distance est: 46
Nombre de Tile ajoutees dans la pile: 5
Nombre de Tile traversees: 164  Distance est: 46
Nombre de Tile ajoutees dans la pile: 5
Nombre de Tile traversees: 165  Distance est: 47
Nombre de Tile ajoutees dans la pile: 5
Nombre de Tile traversees: 166  Distance est: 47
Nombre de Tile ajoutees dans la pile: 6
Nombre de Tile traversees: 167  Distance est: 47
Nombre de Tile ajoutees dans la pile: 6
Nombre de Tile traversees: 168  Distance est: 47
Nombre de Tile ajoutees dans la pile: 6
Nombre de Tile traversees: 169  Distance est: 47
Nombre de Tile ajoutees dans la pile: 6
Nombre de Tile traversees: 170  Distance est: 48
Nombre de Tile ajoutees dans la pile: 6
Nombre de Tile traversees: 171  Distance est: 48
Nombre de Tile ajoutees dans la pile: 6
Nombre de Tile traversees: 172  Distance est: 48
Nombre de Tile ajoutees dans la pile: 6
Nombre de Tile traversees: 173  Distance est: 48
Nombre de Tile ajoutees dans la pile: 6
Nombre de Tile traversees: 174  Distance est: 48
Nombre de Tile ajoutees dans la pile: 7
Nombre de Tile traversees: 175  Distance est: 48
Nombre de Tile ajoutees dans la pile: 7
Nombre de Tile traversees: 176  Distance est: 49
Nombre de Tile ajoutees dans la pile: 7
Nombre de Tile traversees: 177  Distance est: 49
Nombre de Tile ajoutees dans la pile: 7
Nombre de Tile traversees: 178  Distance est: 49
Nombre de Tile ajoutees dans la pile: 7
Nombre de Tile traversees: 179  Distance est: 49
Nombre de Tile ajoutees dans la pile: 7
Nombre de Tile traversees: 180  Distance est: 49
Nombre de Tile ajoutees dans la pile: 8
Nombre de Tile traversees: 181  Distance est: 49
Nombre de Tile ajoutees dans la pile: 7
Nombre de Tile traversees: 182  Distance est: 49
Nombre de Tile ajoutees dans la pile: 7
Nombre de Tile traversees: 183  Distance est: 50
Nombre de Tile ajoutees dans la pile: 7
Nombre de Tile traversees: 184  Distance est: 50
Nombre de Tile ajoutees dans la pile: 7
Nombre de Tile traversees: 185  Distance est: 50
Nombre de Tile ajoutees dans la pile: 7
Nombre de Tile traversees: 186  Distance est: 50
Nombre de Tile ajoutees dans la pile: 7
Nombre de Tile traversees: 187  Distance est: 50
Nombre de Tile ajoutees dans la pile: 8
Nombre de Tile traversees: 188  Distance est: 50
Nombre de Tile ajoutees dans la pile: 7
Nombre de Tile traversees: 189  Distance est: 50
Nombre de Tile ajoutees dans la pile: 7
Nombre de Tile traversees: 190  Distance est: 51
Nombre de Tile ajoutees dans la pile: 8
Nombre de Tile traversees: 191  Distance est: 51
Nombre de Tile ajoutees dans la pile: 8
Nombre de Tile traversees: 192  Distance est: 51
Nombre de Tile ajoutees dans la pile: 8
Nombre de Tile traversees: 193  Distance est: 51
Nombre de Tile ajoutees dans la pile: 8
Nombre de Tile traversees: 194  Distance est: 51
Nombre de Tile ajoutees dans la pile: 7
Nombre de Tile traversees: 195  Distance est: 51
Nombre de Tile ajoutees dans la pile: 6
Nombre de Tile traversees: 196  Distance est: 51
Nombre de Tile ajoutees dans la pile: 6
Nombre de Tile traversees: 197  Distance est: 51
Nombre de Tile ajoutees dans la pile: 7
Nombre de Tile traversees: 198  Distance est: 52
Nombre de Tile ajoutees dans la pile: 6
Nombre de Tile traversees: 199  Distance est: 52
Nombre de Tile ajoutees dans la pile: 6
Nombre de Tile traversees: 200  Distance est: 52
Nombre de Tile ajoutees dans la pile: 6
Nombre de Tile traversees: 201  Distance est: 52
Nombre de Tile ajoutees dans la pile: 6
Nombre de Tile traversees: 202  Distance est: 52
Nombre de Tile ajoutees dans la pile: 6
Nombre de Tile traversees: 203  Distance est: 52
Nombre de Tile ajoutees dans la pile: 7
Nombre de Tile traversees: 204  Distance est: 53
Nombre de Tile ajoutees dans la pile: 6
Nombre de Tile traversees: 205  Distance est: 53
Nombre de Tile ajoutees dans la pile: 7
Nombre de Tile traversees: 206  Distance est: 53
Nombre de Tile ajoutees dans la pile: 8
Nombre de Tile traversees: 207  Distance est: 53
Nombre de Tile ajoutees dans la pile: 8
Nombre de Tile traversees: 208  Distance est: 53
Nombre de Tile ajoutees dans la pile: 8
Nombre de Tile traversees: 209  Distance est: 53
Nombre de Tile ajoutees dans la pile: 9
Nombre de Tile traversees: 210  Distance est: 54
Nombre de Tile ajoutees dans la pile: 8
Nombre de Tile traversees: 211  Distance est: 54
Nombre de Tile ajoutees dans la pile: 8
Nombre de Tile traversees: 212  Distance est: 54
Nombre de Tile ajoutees dans la pile: 8
Nombre de Tile traversees: 213  Distance est: 54
Nombre de Tile ajoutees dans la pile: 9
Nombre de Tile traversees: 214  Distance est: 54
Nombre de Tile ajoutees dans la pile: 9
Nombre de Tile traversees: 215  Distance est: 54
Nombre de Tile ajoutees dans la pile: 9
Nombre de Tile traversees: 216  Distance est: 54
Nombre de Tile ajoutees dans la pile: 9
Nombre de Tile traversees: 217  Distance est: 54
Nombre de Tile ajoutees dans la pile: 9
Nombre de Tile traversees: 218  Distance est: 55
Nombre de Tile ajoutees dans la pile: 9
Nombre de Tile traversees: 219  Distance est: 55
Nombre de Tile ajoutees dans la pile: 9
Nombre de Tile traversees: 220  Distance est: 55
Nombre de Tile ajoutees dans la pile: 9
Nombre de Tile traversees: 221  Distance est: 55
Nombre de Tile ajoutees dans la pile: 10
Nombre de Tile traversees: 222  Distance est: 55
Nombre de Tile ajoutees dans la pile: 9
Nombre de Tile traversees: 223  Distance est: 55
Nombre de Tile ajoutees dans la pile: 9
Nombre de Tile traversees: 224  Distance est: 55
Nombre de Tile ajoutees dans la pile: 8
Nombre de Tile traversees: 225  Distance est: 55
Nombre de Tile ajoutees dans la pile: 8
Nombre de Tile traversees: 226  Distance est: 55
Nombre de Tile ajoutees dans la pile: 8
Nombre de Tile traversees: 227  Distance est: 56
Nombre de Tile ajoutees dans la pile: 8
Nombre de Tile traversees: 228  Distance est: 56
Nombre de Tile ajoutees dans la pile: 8
Nombre de Tile traversees: 229  Distance est: 56
Nombre de Tile ajoutees dans la pile: 9
Nombre de Tile traversees: 230  Distance est: 56
Nombre de Tile ajoutees dans la pile: 9
Nombre de Tile traversees: 231  Distance est: 56
Nombre de Tile ajoutees dans la pile: 9
Nombre de Tile traversees: 232  Distance est: 56
Nombre de Tile ajoutees dans la pile: 9
Nombre de Tile traversees: 233  Distance est: 56
Nombre de Tile ajoutees dans la pile: 9
Nombre de Tile traversees: 234  Distance est: 56
Nombre de Tile ajoutees dans la pile: 9
Nombre de Tile traversees: 235  Distance est: 57
Nombre de Tile ajoutees dans la pile: 9
Nombre de Tile traversees: 236  Distance est: 57
Nombre de Tile ajoutees dans la pile: 9
Nombre de Tile traversees: 237  Distance est: 57
Nombre de Tile ajoutees dans la pile: 10
Nombre de Tile traversees: 238  Distance est: 57
Nombre de Tile ajoutees dans la pile: 9
Nombre de Tile traversees: 239  Distance est: 57
Nombre de Tile ajoutees dans la pile: 9
Nombre de Tile traversees: 240  Distance est: 57
Nombre de Tile ajoutees dans la pile: 9
Nombre de Tile traversees: 241  Distance est: 57
Nombre de Tile ajoutees dans la pile: 9
Nombre de Tile traversees: 242  Distance est: 57
Nombre de Tile ajoutees dans la pile: 9
Nombre de Tile traversees: 243  Distance est: 57
Nombre de Tile ajoutees dans la pile: 8
Nombre de Tile traversees: 244  Distance est: 58
Nombre de Tile ajoutees dans la pile: 8
Nombre de Tile traversees: 245  Distance est: 58
Nombre de Tile ajoutees dans la pile: 9
Nombre de Tile traversees: 246  Distance est: 58
Nombre de Tile ajoutees dans la pile: 10
Nombre de Tile traversees: 247  Distance est: 58
Nombre de Tile ajoutees dans la pile: 9
Nombre de Tile traversees: 248  Distance est: 58
Nombre de Tile ajoutees dans la pile: 9
Nombre de Tile traversees: 249  Distance est: 58
Nombre de Tile ajoutees dans la pile: 10
Nombre de Tile traversees: 250  Distance est: 58
Nombre de Tile ajoutees dans la pile: 10
Nombre de Tile traversees: 251  Distance est: 58
Nombre de Tile ajoutees dans la pile: 11
Nombre de Tile traversees: 252  Distance est: 59
Nombre de Tile ajoutees dans la pile: 11
Nombre de Tile traversees: 253  Distance est: 59
Nombre de Tile ajoutees dans la pile: 12
Nombre de Tile traversees: 254  Distance est: 59
Nombre de Tile ajoutees dans la pile: 11
Nombre de Tile traversees: 255  Distance est: 59
Nombre de Tile ajoutees dans la pile: 11
Nombre de Tile traversees: 256  Distance est: 59
Nombre de Tile ajoutees dans la pile: 10
Nombre de Tile traversees: 257  Distance est: 59
Nombre de Tile ajoutees dans la pile: 10
Nombre de Tile traversees: 258  Distance est: 59
Nombre de Tile ajoutees dans la pile: 11
Nombre de Tile traversees: 259  Distance est: 59
Nombre de Tile ajoutees dans la pile: 10
Nombre de Tile traversees: 260  Distance est: 59
Nombre de Tile ajoutees dans la pile: 9
Nombre de Tile traversees: 261  Distance est: 59
Nombre de Tile ajoutees dans la pile: 10
Nombre de Tile traversees: 262  Distance est: 59
Nombre de Tile ajoutees dans la pile: 9
Nombre de Tile traversees: 263  Distance est: 60
Nombre de Tile ajoutees dans la pile: 9
Nombre de Tile traversees: 264  Distance est: 60
Nombre de Tile ajoutees dans la pile: 10
Nombre de Tile traversees: 265  Distance est: 60
Nombre de Tile ajoutees dans la pile: 9
Nombre de Tile traversees: 266  Distance est: 60
Nombre de Tile ajoutees dans la pile: 9
Nombre de Tile traversees: 267  Distance est: 60
Nombre de Tile ajoutees dans la pile: 9
Nombre de Tile traversees: 268  Distance est: 60
Nombre de Tile ajoutees dans la pile: 10
Nombre de Tile traversees: 269  Distance est: 60
Nombre de Tile ajoutees dans la pile: 9
Nombre de Tile traversees: 270  Distance est: 60
Nombre de Tile ajoutees dans la pile: 10
Nombre de Tile traversees: 271  Distance est: 60
Nombre de Tile ajoutees dans la pile: 9
Nombre de Tile traversees: 272  Distance est: 61
Nombre de Tile ajoutees dans la pile: 9
Nombre de Tile traversees: 273  Distance est: 61
Nombre de Tile ajoutees dans la pile: 9
Nombre de Tile traversees: 274  Distance est: 61
Nombre de Tile ajoutees dans la pile: 8
Nombre de Tile traversees: 275  Distance est: 61
Nombre de Tile ajoutees dans la pile: 8
Nombre de Tile traversees: 276  Distance est: 61
Nombre de Tile ajoutees dans la pile: 8
Nombre de Tile traversees: 277  Distance est: 61
Nombre de Tile ajoutees dans la pile: 7
Nombre de Tile traversees: 278  Distance est: 61
Nombre de Tile ajoutees dans la pile: 6
Nombre de Tile traversees: 279  Distance est: 61
Nombre de Tile ajoutees dans la pile: 5
Nombre de Tile traversees: 280  Distance est: 61
Nombre de Tile ajoutees dans la pile: 4
Nombre de Tile traversees: 281  Distance est: 62
Nombre de Tile ajoutees dans la pile: 5
Nombre de Tile traversees: 282  Distance est: 62
Nombre de Tile ajoutees dans la pile: 5
Nombre de Tile traversees: 283  Distance est: 62
Nombre de Tile ajoutees dans la pile: 5
Nombre de Tile traversees: 284  Distance est: 62
Nombre de Tile ajoutees dans la pile: 5
Nombre de Tile traversees: 285  Distance est: 62
Nombre de Tile ajoutees dans la pile: 5
Nombre de Tile traversees: 286  Distance est: 63
Nombre de Tile ajoutees dans la pile: 5
Nombre de Tile traversees: 287  Distance est: 63
Nombre de Tile ajoutees dans la pile: 4
Nombre de Tile traversees: 288  Distance est: 63
Nombre de Tile ajoutees dans la pile: 4
Nombre de Tile traversees: 289  Distance est: 63
Nombre de Tile ajoutees dans la pile: 4
Nombre de Tile traversees: 290  Distance est: 63
Nombre de Tile ajoutees dans la pile: 4
Nombre de Tile traversees: 291  Distance est: 64
Nombre de Tile ajoutees dans la pile: 4
Nombre de Tile traversees: 292  Distance est: 64
Nombre de Tile ajoutees dans la pile: 4
Nombre de Tile traversees: 293  Distance est: 64
Nombre de Tile ajoutees dans la pile: 4
Nombre de Tile traversees: 294  Distance est: 64
Nombre de Tile ajoutees dans la pile: 4
Nombre de Tile traversees: 295  Distance est: 65
Nombre de Tile ajoutees dans la pile: 4
Nombre de Tile traversees: 296  Distance est: 65
Nombre de Tile ajoutees dans la pile: 5
Nombre de Tile traversees: 297  Distance est: 65
Nombre de Tile ajoutees dans la pile: 5
Nombre de Tile traversees: 298  Distance est: 65
Nombre de Tile ajoutees dans la pile: 6
Nombre de Tile traversees: 299  Distance est: 66
Nombre de Tile ajoutees dans la pile: 6
Nombre de Tile traversees: 300  Distance est: 66
Nombre de Tile ajoutees dans la pile: 6
Nombre de Tile traversees: 301  Distance est: 66
Nombre de Tile ajoutees dans la pile: 6
Nombre de Tile traversees: 302  Distance est: 66
Nombre de Tile ajoutees dans la pile: 6
Nombre de Tile traversees: 303  Distance est: 66
Nombre de Tile ajoutees dans la pile: 6
Nombre de Tile traversees: 304  Distance est: 66
Nombre de Tile ajoutees dans la pile: 6
Nombre de Tile traversees: 305  Distance est: 67
Nombre de Tile ajoutees dans la pile: 6
Nombre de Tile traversees: 306  Distance est: 67
Nombre de Tile ajoutees dans la pile: 6
Nombre de Tile traversees: 307  Distance est: 67
Nombre de Tile ajoutees dans la pile: 6
Nombre de Tile traversees: 308  Distance est: 67
Nombre de Tile ajoutees dans la pile: 6
Nombre de Tile traversees: 309  Distance est: 67
Nombre de Tile ajoutees dans la pile: 6
Nombre de Tile traversees: 310  Distance est: 67
Nombre de Tile ajoutees dans la pile: 5
Nombre de Tile traversees: 311  Distance est: 68
Nombre de Tile ajoutees dans la pile: 6
Nombre de Tile traversees: 312  Distance est: 68
Nombre de Tile ajoutees dans la pile: 6
Nombre de Tile traversees: 313  Distance est: 68
Nombre de Tile ajoutees dans la pile: 6
Nombre de Tile traversees: 314  Distance est: 68
Nombre de Tile ajoutees dans la pile: 6
Nombre de Tile traversees: 315  Distance est: 68
Nombre de Tile ajoutees dans la pile: 6
Nombre de Tile traversees: 316  Distance est: 68
Nombre de Tile ajoutees dans la pile: 6
Nombre de Tile traversees: 317  Distance est: 69
Nombre de Tile ajoutees dans la pile: 6
Nombre de Tile traversees: 318  Distance est: 69
Nombre de Tile ajoutees dans la pile: 6
Nombre de Tile traversees: 319  Distance est: 69
Nombre de Tile ajoutees dans la pile: 6
Nombre de Tile traversees: 320  Distance est: 69
Nombre de Tile ajoutees dans la pile: 6
Nombre de Tile traversees: 321  Distance est: 69
Nombre de Tile ajoutees dans la pile: 6
Nombre de Tile traversees: 322  Distance est: 69
Nombre de Tile ajoutees dans la pile: 5
Nombre de Tile traversees: 323  Distance est: 70
Nombre de Tile ajoutees dans la pile: 6
Nombre de Tile traversees: 324  Distance est: 70
Nombre de Tile ajoutees dans la pile: 6
Nombre de Tile traversees: 325  Distance est: 70
Nombre de Tile ajoutees dans la pile: 6
Nombre de Tile traversees: 326  Distance est: 70
Nombre de Tile ajoutees dans la pile: 6
Nombre de Tile traversees: 327  Distance est: 70
Nombre de Tile ajoutees dans la pile: 7
Nombre de Tile traversees: 328  Distance est: 70
Nombre de Tile ajoutees dans la pile: 7
Nombre de Tile traversees: 329  Distance est: 71
Nombre de Tile ajoutees dans la pile: 7
Nombre de Tile traversees: 330  Distance est: 71
Nombre de Tile ajoutees dans la pile: 6
Nombre de Tile traversees: 331  Distance est: 71
Nombre de Tile ajoutees dans la pile: 5
Nombre de Tile traversees: 332  Distance est: 71
Nombre de Tile ajoutees dans la pile: 5
Nombre de Tile traversees: 333  Distance est: 71
Nombre de Tile ajoutees dans la pile: 6
Nombre de Tile traversees: 334  Distance est: 71
Nombre de Tile ajoutees dans la pile: 5
Nombre de Tile traversees: 335  Distance est: 71
Nombre de Tile ajoutees dans la pile: 5
Nombre de Tile traversees: 336  Distance est: 72
Nombre de Tile ajoutees dans la pile: 5
Nombre de Tile traversees: 337  Distance est: 72
Nombre de Tile ajoutees dans la pile: 5
Nombre de Tile traversees: 338  Distance est: 72
Nombre de Tile ajoutees dans la pile: 6
Nombre de Tile traversees: 339  Distance est: 72
Nombre de Tile ajoutees dans la pile: 5
Nombre de Tile traversees: 340  Distance est: 72
Nombre de Tile ajoutees dans la pile: 5
Nombre de Tile traversees: 341  Distance est: 73
Nombre de Tile ajoutees dans la pile: 6
Nombre de Tile traversees: 342  Distance est: 73
Nombre de Tile ajoutees dans la pile: 6
Nombre de Tile traversees: 343  Distance est: 73
Nombre de Tile ajoutees dans la pile: 6
Nombre de Tile traversees: 344  Distance est: 73
Nombre de Tile ajoutees dans la pile: 5
Nombre de Tile traversees: 345  Distance est: 73
Nombre de Tile ajoutees dans la pile: 5
Nombre de Tile traversees: 346  Distance est: 73
Nombre de Tile ajoutees dans la pile: 6
Nombre de Tile traversees: 347  Distance est: 74
Nombre de Tile ajoutees dans la pile: 5
Nombre de Tile traversees: 348  Distance est: 74
Nombre de Tile ajoutees dans la pile: 5
Nombre de Tile traversees: 349  Distance est: 74
Nombre de Tile ajoutees dans la pile: 5
Nombre de Tile traversees: 350  Distance est: 74
Nombre de Tile ajoutees dans la pile: 5
Nombre de Tile traversees: 351  Distance est: 74
Nombre de Tile ajoutees dans la pile: 6
Nombre de Tile traversees: 352  Distance est: 75
Nombre de Tile ajoutees dans la pile: 5
Nombre de Tile traversees: 353  Distance est: 75
Nombre de Tile ajoutees dans la pile: 5
Nombre de Tile traversees: 354  Distance est: 75
Nombre de Tile ajoutees dans la pile: 5
Nombre de Tile traversees: 355  Distance est: 75
Nombre de Tile ajoutees dans la pile: 5
Nombre de Tile traversees: 356  Distance est: 75
Nombre de Tile ajoutees dans la pile: 5
Nombre de Tile traversees: 357  Distance est: 76
Nombre de Tile ajoutees dans la pile: 4
Nombre de Tile traversees: 358  Distance est: 76
Nombre de Tile ajoutees dans la pile: 4
Nombre de Tile traversees: 359  Distance est: 76
Nombre de Tile ajoutees dans la pile: 4
Nombre de Tile traversees: 360  Distance est: 76
Nombre de Tile ajoutees dans la pile: 4
Nombre de Tile traversees: 361  Distance est: 77
Nombre de Tile ajoutees dans la pile: 4
Nombre de Tile traversees: 362  Distance est: 77
Nombre de Tile ajoutees dans la pile: 4
Nombre de Tile traversees: 363  Distance est: 77
Nombre de Tile ajoutees dans la pile: 4
Nombre de Tile traversees: 364  Distance est: 77
Nombre de Tile ajoutees dans la pile: 4
Nombre de Tile traversees: 365  Distance est: 78
Nombre de Tile ajoutees dans la pile: 4
Nombre de Tile traversees: 366  Distance est: 78
Nombre de Tile ajoutees dans la pile: 5
Nombre de Tile traversees: 367  Distance est: 78
Nombre de Tile ajoutees dans la pile: 5
Nombre de Tile traversees: 368  Distance est: 78
Nombre de Tile ajoutees dans la pile: 5
Nombre de Tile traversees: 369  Distance est: 79
Nombre de Tile ajoutees dans la pile: 5
Nombre de Tile traversees: 370  Distance est: 79
Nombre de Tile ajoutees dans la pile: 6
Nombre de Tile traversees: 371  Distance est: 79
Nombre de Tile ajoutees dans la pile: 5
Nombre de Tile traversees: 372  Distance est: 79
Nombre de Tile ajoutees dans la pile: 4
Nombre de Tile traversees: 373  Distance est: 79
Nombre de Tile ajoutees dans la pile: 4
Nombre de Tile traversees: 374  Distance est: 80
Nombre de Tile ajoutees dans la pile: 4
Nombre de Tile traversees: 375  Distance est: 80
Nombre de Tile ajoutees dans la pile: 5
Nombre de Tile traversees: 376  Distance est: 80
Nombre de Tile ajoutees dans la pile: 4
Nombre de Tile traversees: 377  Distance est: 80
Nombre de Tile ajoutees dans la pile: 5
Nombre de Tile traversees: 378  Distance est: 81
Nombre de Tile ajoutees dans la pile: 5
Nombre de Tile traversees: 379  Distance est: 81
Nombre de Tile ajoutees dans la pile: 5
Nombre de Tile traversees: 380  Distance est: 81
Nombre de Tile ajoutees dans la pile: 4
Nombre de Tile traversees: 381  Distance est: 81
Nombre de Tile ajoutees dans la pile: 5
Nombre de Tile traversees: 382  Distance est: 81
Nombre de Tile ajoutees dans la pile: 4
Nombre de Tile traversees: 383  Distance est: 82
Nombre de Tile ajoutees dans la pile: 4
Nombre de Tile traversees: 384  Distance est: 82
Nombre de Tile ajoutees dans la pile: 4
Nombre de Tile traversees: 385  Distance est: 82
Nombre de Tile ajoutees dans la pile: 5
Nombre de Tile traversees: 386  Distance est: 82
Nombre de Tile ajoutees dans la pile: 4
Nombre de Tile traversees: 387  Distance est: 83
Nombre de Tile ajoutees dans la pile: 4
Nombre de Tile traversees: 388  Distance est: 83
Nombre de Tile ajoutees dans la pile: 4
Nombre de Tile traversees: 389  Distance est: 83
Nombre de Tile ajoutees dans la pile: 4
Nombre de Tile traversees: 390  Distance est: 83
Nombre de Tile ajoutees dans la pile: 3
Nombre de Tile traversees: 391  Distance est: 84
Nombre de Tile ajoutees dans la pile: 3
Nombre de Tile traversees: 392  Distance est: 84
Nombre de Tile ajoutees dans la pile: 3
Nombre de Tile traversees: 393  Distance est: 84
Nombre de Tile ajoutees dans la pile: 3
Nombre de Tile traversees: 394  Distance est: 85
Nombre de Tile ajoutees dans la pile: 3
Nombre de Tile traversees: 395  Distance est: 85
Nombre de Tile ajoutees dans la pile: 3
Nombre de Tile traversees: 396  Distance est: 85
Nombre de Tile ajoutees dans la pile: 3
Nombre de Tile traversees: 397  Distance est: 86
Nombre de Tile ajoutees dans la pile: 3
Nombre de Tile traversees: 398  Distance est: 86
Nombre de Tile ajoutees dans la pile: 3
Nombre de Tile traversees: 399  Distance est: 86
Nombre de Tile ajoutees dans la pile: 3
Nombre de Tile traversees: 400  Distance est: 87
Nombre de Tile ajoutees dans la pile: 3
Nombre de Tile traversees: 401  Distance est: 87
Nombre de Tile ajoutees dans la pile: 4
Nombre de Tile traversees: 402  Distance est: 87
Nombre de Tile ajoutees dans la pile: 4
Nombre de Tile traversees: 403  Distance est: 88
Nombre de Tile ajoutees dans la pile: 4
Nombre de Tile traversees: 404  Distance est: 88
Nombre de Tile ajoutees dans la pile: 4
Nombre de Tile traversees: 405  Distance est: 88
Nombre de Tile ajoutees dans la pile: 4
Nombre de Tile traversees: 406  Distance est: 88
Nombre de Tile ajoutees dans la pile: 4
Nombre de Tile traversees: 407  Distance est: 89
Nombre de Tile ajoutees dans la pile: 4
Nombre de Tile traversees: 408  Distance est: 89
Nombre de Tile ajoutees dans la pile: 4
Nombre de Tile traversees: 409  Distance est: 89
Nombre de Tile ajoutees dans la pile: 5
Nombre de Tile traversees: 410  Distance est: 89
Nombre de Tile ajoutees dans la pile: 5
Nombre de Tile traversees: 411  Distance est: 90
Nombre de Tile ajoutees dans la pile: 5
Nombre de Tile traversees: 412  Distance est: 90
Nombre de Tile ajoutees dans la pile: 5
Nombre de Tile traversees: 413  Distance est: 90
Nombre de Tile ajoutees dans la pile: 5
Nombre de Tile traversees: 414  Distance est: 90
Nombre de Tile ajoutees dans la pile: 5
Nombre de Tile traversees: 415  Distance est: 90
Nombre de Tile ajoutees dans la pile: 5
Nombre de Tile traversees: 416  Distance est: 91
Nombre de Tile ajoutees dans la pile: 5
Nombre de Tile traversees: 417  Distance est: 91
Nombre de Tile ajoutees dans la pile: 5
Nombre de Tile traversees: 418  Distance est: 91
Nombre de Tile ajoutees dans la pile: 4
Nombre de Tile traversees: 419  Distance est: 91
Nombre de Tile ajoutees dans la pile: 3
Nombre de Tile traversees: 420  Distance est: 91
Nombre de Tile ajoutees dans la pile: 3
Nombre de Tile traversees: 421  Distance est: 92
Nombre de Tile ajoutees dans la pile: 3
Nombre de Tile traversees: 422  Distance est: 92
Nombre de Tile ajoutees dans la pile: 3
Nombre de Tile traversees: 423  Distance est: 92
Nombre de Tile ajoutees dans la pile: 3
Nombre de Tile traversees: 424  Distance est: 93
Nombre de Tile ajoutees dans la pile: 3
Nombre de Tile traversees: 425  Distance est: 93
Nombre de Tile ajoutees dans la pile: 2
Nombre de Tile traversees: 426  Distance est: 93
Nombre de Tile ajoutees dans la pile: 2
Nombre de Tile traversees: 427  Distance est: 94
Nombre de Tile ajoutees dans la pile: 2
Nombre de Tile traversees: 428  Distance est: 94
Nombre de Tile ajoutees dans la pile: 2
Nombre de Tile traversees: 429  Distance est: 95
Nombre de Tile ajoutees dans la pile: 2
Nombre de Tile traversees: 430  Distance est: 95
Nombre de Tile ajoutees dans la pile: 2
Nombre de Tile traversees: 431  Distance est: 96
Nombre de Tile ajoutees dans la pile: 2
Nombre de Tile traversees: 432  Distance est: 96
Nombre de Tile ajoutees dans la pile: 2
Nombre de Tile traversees: 433  Distance est: 97
Nombre de Tile ajoutees dans la pile: 2
Nombre de Tile traversees: 434  Distance est: 97
Nombre de Tile ajoutees dans la pile: 2
Nombre de Tile traversees: 435  Distance est: 98
Nombre de Tile ajoutees dans la pile: 2
Nombre de Tile traversees: 436  Distance est: 98
Nombre de Tile ajoutees dans la pile: 3
Nombre de Tile traversees: 437  Distance est: 99
Nombre de Tile ajoutees dans la pile: 3
Nombre de Tile traversees: 438  Distance est: 99
Nombre de Tile ajoutees dans la pile: 4
Nombre de Tile traversees: 439  Distance est: 99
Nombre de Tile ajoutees dans la pile: 4
Nombre de Tile traversees: 440  Distance est: 100
Nombre de Tile ajoutees dans la pile: 4
Nombre de Tile traversees: 441  Distance est: 100
Nombre de Tile ajoutees dans la pile: 5
Nombre de Tile traversees: 442  Distance est: 100
Nombre de Tile ajoutees dans la pile: 4
Nombre de Tile traversees: 443  Distance est: 100
Nombre de Tile ajoutees dans la pile: 4
Nombre de Tile traversees: 444  Distance est: 101
Nombre de Tile ajoutees dans la pile: 4
Nombre de Tile traversees: 445  Distance est: 101
Nombre de Tile ajoutees dans la pile: 4
Nombre de Tile traversees: 446  Distance est: 101
Nombre de Tile ajoutees dans la pile: 3
Nombre de Tile traversees: 447  Distance est: 101
Nombre de Tile ajoutees dans la pile: 2
Nombre de Tile traversees: 448  Distance est: 102
Nombre de Tile ajoutees dans la pile: 2
Nombre de Tile traversees: 449  Distance est: 102
Nombre de Tile ajoutees dans la pile: 2
Nombre de Tile traversees: 450  Distance est: 103
Nombre de Tile ajoutees dans la pile: 2
Nombre de Tile traversees: 451  Distance est: 103
Nombre de Tile ajoutees dans la pile: 3
Nombre de Tile traversees: 452  Distance est: 104
Nombre de Tile ajoutees dans la pile: 3
Nombre de Tile traversees: 453  Distance est: 104
Nombre de Tile ajoutees dans la pile: 3
Nombre de Tile traversees: 454  Distance est: 104
Nombre de Tile ajoutees dans la pile: 3
Nombre de Tile traversees: 455  Distance est: 105
Nombre de Tile ajoutees dans la pile: 3
Nombre de Tile traversees: 456  Distance est: 105
Nombre de Tile ajoutees dans la pile: 3
Nombre de Tile traversees: 457  Distance est: 105
Nombre de Tile ajoutees dans la pile: 3
Nombre de Tile traversees: 458  Distance est: 106
Nombre de Tile ajoutees dans la pile: 3
Nombre de Tile traversees: 459  Distance est: 106
Nombre de Tile ajoutees dans la pile: 3
Nombre de Tile traversees: 460  Distance est: 106
Nombre de Tile ajoutees dans la pile: 3
Nombre de Tile traversees: 461  Distance est: 107
Nombre de Tile ajoutees dans la pile: 3
Nombre de Tile traversees: 462  Distance est: 107
Nombre de Tile ajoutees dans la pile: 2
Nombre de Tile traversees: 1  Distance est: 0
Nombre de Tile ajoutees dans la pile: 1
Nombre de Tile traversees: 2  Distance est: 1
Nombre de Tile ajoutees dans la pile: 1
Nombre de Tile traversees: 3  Distance est: 2
Nombre de Tile ajoutees dans la pile: 1
Nombre de Tile traversees: 4  Distance est: 3
Nombre de Tile ajoutees dans la pile: 1
Nombre de Tile traversees: 5  Distance est: 4
Nombre de Tile ajoutees dans la pile: 2
Nombre de Tile traversees: 6  Distance est: 4
Nombre de Tile ajoutees dans la pile: 2
Nombre de Tile traversees: 7  Distance est: 5
Nombre de Tile ajoutees dans la pile: 2
Nombre de Tile traversees: 8  Distance est: 5
Nombre de Tile ajoutees dans la pile: 2
Nombre de Tile traversees: 9  Distance est: 6
Nombre de Tile ajoutees dans la pile: 3
Nombre de Tile traversees: 10  Distance est: 6
Nombre de Tile ajoutees dans la pile: 3
Nombre de Tile traversees: 11  Distance est: 6
Nombre de Tile ajoutees dans la pile: 4
Nombre de Tile traversees: 12  Distance est: 7
Nombre de Tile ajoutees dans la pile: 4
Nombre de Tile traversees: 13  Distance est: 7
Nombre de Tile ajoutees dans la pile: 4
Nombre de Tile traversees: 14  Distance est: 7
Nombre de Tile ajoutees dans la pile: 5
Nombre de Tile traversees: 15  Distance est: 7
Nombre de Tile ajoutees dans la pile: 4
Nombre de Tile traversees: 16  Distance est: 8
Nombre de Tile ajoutees dans la pile: 4
Nombre de Tile traversees: 17  Distance est: 8
Nombre de Tile ajoutees dans la pile: 4
Nombre de Tile traversees: 18  Distance est: 8
Nombre de Tile ajoutees dans la pile: 4
Nombre de Tile traversees: 19  Distance est: 8
Nombre de Tile ajoutees dans la pile: 4
Nombre de Tile traversees: 20  Distance est: 9
Nombre de Tile ajoutees dans la pile: 4
Nombre de Tile traversees: 21  Distance est: 9
Nombre de Tile ajoutees dans la pile: 4
Nombre de Tile traversees: 22  Distance est: 9
Nombre de Tile ajoutees dans la pile: 4
Nombre de Tile traversees: 23  Distance est: 9
Nombre de Tile ajoutees dans la pile: 3
Nombre de Tile traversees: 24  Distance est: 10
Nombre de Tile ajoutees dans la pile: 3
Nombre de Tile traversees: 25  Distance est: 10
Nombre de Tile ajoutees dans la pile: 3
Nombre de Tile traversees: 26  Distance est: 10
Nombre de Tile ajoutees dans la pile: 3
Nombre de Tile traversees: 27  Distance est: 11
Nombre de Tile ajoutees dans la pile: 3
Nombre de Tile traversees: 28  Distance est: 11
Nombre de Tile ajoutees dans la pile: 3
Nombre de Tile traversees: 29  Distance est: 11
Nombre de Tile ajoutees dans la pile: 3
Nombre de Tile traversees: 30  Distance est: 12
Nombre de Tile ajoutees dans la pile: 3
Nombre de Tile traversees: 31  Distance est: 12
Nombre de Tile ajoutees dans la pile: 3
Nombre de Tile traversees: 32  Distance est: 12
Nombre de Tile ajoutees dans la pile: 3
Nombre de Tile traversees: 33  Distance est: 13
Nombre de Tile ajoutees dans la pile: 3
Nombre de Tile traversees: 34  Distance est: 13
Nombre de Tile ajoutees dans la pile: 3
Nombre de Tile traversees: 35  Distance est: 13
Nombre de Tile ajoutees dans la pile: 3
Nombre de Tile traversees: 36  Distance est: 14
Nombre de Tile ajoutees dans la pile: 3
Nombre de Tile traversees: 37  Distance est: 14
Nombre de Tile ajoutees dans la pile: 3
Nombre de Tile traversees: 38  Distance est: 14
Nombre de Tile ajoutees dans la pile: 3
Nombre de Tile traversees: 39  Distance est: 15
Nombre de Tile ajoutees dans la pile: 3
Nombre de Tile traversees: 40  Distance est: 15
Nombre de Tile ajoutees dans la pile: 3
Nombre de Tile traversees: 41  Distance est: 15
Nombre de Tile ajoutees dans la pile: 2
Nombre de Tile traversees: 42  Distance est: 16
Nombre de Tile ajoutees dans la pile: 2
Nombre de Tile traversees: 43  Distance est: 16
Nombre de Tile ajoutees dans la pile: 2
Nombre de Tile traversees: 44  Distance est: 17
Nombre de Tile ajoutees dans la pile: 2
Nombre de Tile traversees: 45  Distance est: 17
Nombre de Tile ajoutees dans la pile: 2
Nombre de Tile traversees: 46  Distance est: 18
Nombre de Tile ajoutees dans la pile: 1
Nombre de Tile traversees: 47  Distance est: 19
Nombre de Tile ajoutees dans la pile: 1
Nombre de Tile traversees: 48  Distance est: 20
Nombre de Tile ajoutees dans la pile: 1
Nombre de Tile traversees: 49  Distance est: 21
Nombre de Tile ajoutees dans la pile: 1
Nombre de Tile traversees: 50  Distance est: 22
Nombre de Tile ajoutees dans la pile: 1
Nombre de Tile traversees: 51  Distance est: 23
Nombre de Tile ajoutees dans la pile: 1
Nombre de Tile traversees: 52  Distance est: 24
Nombre de Tile ajoutees dans la pile: 1
Nombre de Tile traversees: 53  Distance est: 25
Nombre de Tile ajoutees dans la pile: 1
Nombre de Tile traversees: 54  Distance est: 26
Nombre de Tile ajoutees dans la pile: 2
Nombre de Tile traversees: 55  Distance est: 26
Nombre de Tile ajoutees dans la pile: 3
Nombre de Tile traversees: 56  Distance est: 27
Nombre de Tile ajoutees dans la pile: 3
Nombre de Tile traversees: 57  Distance est: 27
Nombre de Tile ajoutees dans la pile: 3
Nombre de Tile traversees: 58  Distance est: 27
Nombre de Tile ajoutees dans la pile: 2
Nombre de Tile traversees: 59  Distance est: 28
Nombre de Tile ajoutees dans la pile: 2
Nombre de Tile traversees: 60  Distance est: 28
Nombre de Tile ajoutees dans la pile: 2
Nombre de Tile traversees: 61  Distance est: 29
Nombre de Tile ajoutees dans la pile: 2
Nombre de Tile traversees: 62  Distance est: 29
Nombre de Tile ajoutees dans la pile: 2
Nombre de Tile traversees: 63  Distance est: 30
Nombre de Tile ajoutees dans la pile: 1
Nombre de Tile traversees: 64  Distance est: 31
Nombre de Tile ajoutees dans la pile: 1
Nombre de Tile traversees: 65  Distance est: 32
Nombre de Tile ajoutees dans la pile: 1
Nombre de Tile traversees: 66  Distance est: 33
Nombre de Tile ajoutees dans la pile: 1
Nombre de Tile traversees: 67  Distance est: 34
Nombre de Tile ajoutees dans la pile: 1
Nombre de Tile traversees: 68  Distance est: 35
Nombre de Tile ajoutees dans la pile: 1
Nombre de Tile traversees: 69  Distance est: 36
Nombre de Tile ajoutees dans la pile: 2
Nombre de Tile traversees: 70  Distance est: 36
Nombre de Tile ajoutees dans la pile: 2
Nombre de Tile traversees: 71  Distance est: 37
Nombre de Tile ajoutees dans la pile: 2
Nombre de Tile traversees: 72  Distance est: 37
Nombre de Tile ajoutees dans la pile: 2
Nombre de Tile traversees: 73  Distance est: 38
Nombre de Tile ajoutees dans la pile: 2
Nombre de Tile traversees: 74  Distance est: 38
Nombre de Tile ajoutees dans la pile: 2
Nombre de Tile traversees: 75  Distance est: 39
Nombre de Tile ajoutees dans la pile: 2
Nombre de Tile traversees: 76  Distance est: 39
Nombre de Tile ajoutees dans la pile: 2
Nombre de Tile traversees: 77  Distance est: 40
Nombre de Tile ajoutees dans la pile: 2
Nombre de Tile traversees: 78  Distance est: 40
Nombre de Tile ajoutees dans la pile: 2
Nombre de Tile traversees: 79  Distance est: 41
Nombre de Tile ajoutees dans la pile: 2
Nombre de Tile traversees: 80  Distance est: 41
Nombre de Tile ajoutees dans la pile: 2
Nombre de Tile traversees: 81  Distance est: 42
Nombre de Tile ajoutees dans la pile: 2
Nombre de Tile traversees: 82  Distance est: 42
Nombre de Tile ajoutees dans la pile: 2
Nombre de Tile traversees: 83  Distance est: 43
Nombre de Tile ajoutees dans la pile: 2
Nombre de Tile traversees: 84  Distance est: 43
Nombre de Tile ajoutees dans la pile: 2
Nombre de Tile traversees: 85  Distance est: 44
Nombre de Tile ajoutees dans la pile: 2
Nombre de Tile traversees: 86  Distance est: 44
Nombre de Tile ajoutees dans la pile: 2
Nombre de Tile traversees: 87  Distance est: 45
Nombre de Tile ajoutees dans la pile: 2
Nombre de Tile traversees: 88  Distance est: 45
Nombre de Tile ajoutees dans la pile: 2
Nombre de Tile traversees: 89  Distance est: 46
Nombre de Tile ajoutees dans la pile: 2
Nombre de Tile traversees: 90  Distance est: 46
Nombre de Tile ajoutees dans la pile: 2
Nombre de Tile traversees: 91  Distance est: 47
Nombre de Tile ajoutees dans la pile: 2
Nombre de Tile traversees: 92  Distance est: 47
Nombre de Tile ajoutees dans la pile: 2
Nombre de Tile traversees: 93  Distance est: 48
Nombre de Tile ajoutees dans la pile: 2
Nombre de Tile traversees: 94  Distance est: 48
Nombre de Tile ajoutees dans la pile: 2
Nombre de Tile traversees: 95  Distance est: 49
Nombre de Tile ajoutees dans la pile: 2
Nombre de Tile traversees: 96  Distance est: 49
Nombre de Tile ajoutees dans la pile: 2
Nombre de Tile traversees: 97  Distance est: 50
Nombre de Tile ajoutees dans la pile: 2
Nombre de Tile traversees: 98  Distance est: 50
Nombre de Tile ajoutees dans la pile: 2
Nombre de Tile traversees: 99  Distance est: 51
Nombre de Tile ajoutees dans la pile: 2
Nombre de Tile traversees: 100  Distance est: 51
Nombre de Tile ajoutees dans la pile: 3
Nombre de Tile traversees: 101  Distance est: 52
Nombre de Tile ajoutees dans la pile: 2
Nombre de Tile traversees: 102  Distance est: 52
Nombre de Tile ajoutees dans la pile: 2
Nombre de Tile traversees: 103  Distance est: 53
Nombre de Tile ajoutees dans la pile: 2
Nombre de Tile traversees: 104  Distance est: 53
Nombre de Tile ajoutees dans la pile: 3
Nombre de Tile traversees: 105  Distance est: 54
Nombre de Tile ajoutees dans la pile: 3
Nombre de Tile traversees: 106  Distance est: 54
Nombre de Tile ajoutees dans la pile: 3
Nombre de Tile traversees: 107  Distance est: 54
Nombre de Tile ajoutees dans la pile: 3
Nombre de Tile traversees: 108  Distance est: 55
Nombre de Tile ajoutees dans la pile: 3
Nombre de Tile traversees: 109  Distance est: 55
Nombre de Tile ajoutees dans la pile: 3
Nombre de Tile traversees: 110  Distance est: 55
Nombre de Tile ajoutees dans la pile: 2
Nombre de Tile traversees: 111  Distance est: 56
Nombre de Tile ajoutees dans la pile: 2
Nombre de Tile traversees: 112  Distance est: 56
Nombre de Tile ajoutees dans la pile: 2
Nombre de Tile traversees: 113  Distance est: 57
Nombre de Tile ajoutees dans la pile: 2
Nombre de Tile traversees: 114  Distance est: 57
Nombre de Tile ajoutees dans la pile: 2
Nombre de Tile traversees: 115  Distance est: 58
Nombre de Tile ajoutees dans la pile: 2
Nombre de Tile traversees: 116  Distance est: 58
Nombre de Tile ajoutees dans la pile: 2
Nombre de Tile traversees: 117  Distance est: 59
Nombre de Tile ajoutees dans la pile: 2
Nombre de Tile traversees: 118  Distance est: 59
Nombre de Tile ajoutees dans la pile: 2
Nombre de Tile traversees: 119  Distance est: 60
Nombre de Tile ajoutees dans la pile: 2
Nombre de Tile traversees: 120  Distance est: 60
Nombre de Tile ajoutees dans la pile: 3
Nombre de Tile traversees: 121  Distance est: 61
Nombre de Tile ajoutees dans la pile: 3
Nombre de Tile traversees: 122  Distance est: 61
Nombre de Tile ajoutees dans la pile: 4
Nombre de Tile traversees: 123  Distance est: 61
Nombre de Tile ajoutees dans la pile: 3
Nombre de Tile traversees: 124  Distance est: 62
Nombre de Tile ajoutees dans la pile: 3
Nombre de Tile traversees: 125  Distance est: 62
Nombre de Tile ajoutees dans la pile: 4
Nombre de Tile traversees: 126  Distance est: 62
Nombre de Tile ajoutees dans la pile: 3
Nombre de Tile traversees: 127  Distance est: 63
Nombre de Tile ajoutees dans la pile: 3
Nombre de Tile traversees: 128  Distance est: 63
Nombre de Tile ajoutees dans la pile: 3
Nombre de Tile traversees: 129  Distance est: 63
Nombre de Tile ajoutees dans la pile: 3
Nombre de Tile traversees: 130  Distance est: 64
Nombre de Tile ajoutees dans la pile: 3
Nombre de Tile traversees: 131  Distance est: 64
Nombre de Tile ajoutees dans la pile: 3
Nombre de Tile traversees: 132  Distance est: 64
Nombre de Tile ajoutees dans la pile: 3
Nombre de Tile traversees: 133  Distance est: 65
Nombre de Tile ajoutees dans la pile: 3
Nombre de Tile traversees: 134  Distance est: 65
Nombre de Tile ajoutees dans la pile: 3
Nombre de Tile traversees: 135  Distance est: 65
Nombre de Tile ajoutees dans la pile: 2
Nombre de Tile traversees: 136  Distance est: 66
Nombre de Tile ajoutees dans la pile: 2
Nombre de Tile traversees: 137  Distance est: 66
Nombre de Tile ajoutees dans la pile: 2
Nombre de Tile traversees: 138  Distance est: 67
Nombre de Tile ajoutees dans la pile: 3
Nombre de Tile traversees: 139  Distance est: 67
Nombre de Tile ajoutees dans la pile: 3
Nombre de Tile traversees: 140  Distance est: 67
Nombre de Tile ajoutees dans la pile: 4
Nombre de Tile traversees: 141  Distance est: 68
Nombre de Tile ajoutees dans la pile: 3
Nombre de Tile traversees: 142  Distance est: 68
Nombre de Tile ajoutees dans la pile: 3
Nombre de Tile traversees: 143  Distance est: 68
Nombre de Tile ajoutees dans la pile: 4
Nombre de Tile traversees: 144  Distance est: 69
Nombre de Tile ajoutees dans la pile: 3
Nombre de Tile traversees: 145  Distance est: 69
Nombre de Tile ajoutees dans la pile: 3
Nombre de Tile traversees: 146  Distance est: 69
Nombre de Tile ajoutees dans la pile: 3
Nombre de Tile traversees: 147  Distance est: 70
Nombre de Tile ajoutees dans la pile: 2
Nombre de Tile traversees: 148  Distance est: 70
Nombre de Tile ajoutees dans la pile: 2
Nombre de Tile traversees: 149  Distance est: 71
Nombre de Tile ajoutees dans la pile: 2
Nombre de Tile traversees: 150  Distance est: 71
Nombre de Tile ajoutees dans la pile: 2
Nombre de Tile traversees: 151  Distance est: 72
Nombre de Tile ajoutees dans la pile: 2
Nombre de Tile traversees: 152  Distance est: 72
Nombre de Tile ajoutees dans la pile: 2
Nombre de Tile traversees: 153  Distance est: 73
Nombre de Tile ajoutees dans la pile: 2
Nombre de Tile traversees: 154  Distance est: 73
Nombre de Tile ajoutees dans la pile: 3
Nombre de Tile traversees: 155  Distance est: 74
Nombre de Tile ajoutees dans la pile: 2
Nombre de Tile traversees: 156  Distance est: 74
Nombre de Tile ajoutees dans la pile: 3
Nombre de Tile traversees: 157  Distance est: 75
Nombre de Tile ajoutees dans la pile: 3
Nombre de Tile traversees: 158  Distance est: 75
Nombre de Tile ajoutees dans la pile: 3
Nombre de Tile traversees: 159  Distance est: 75
Nombre de Tile ajoutees dans la pile: 2
Nombre de Tile traversees: 160  Distance est: 76
Nombre de Tile ajoutees dans la pile: 3
Nombre de Tile traversees: 161  Distance est: 76
Nombre de Tile ajoutees dans la pile: 3
Nombre de Tile traversees: 162  Distance est: 76
Nombre de Tile ajoutees dans la pile: 3
Nombre de Tile traversees: 163  Distance est: 77
Nombre de Tile ajoutees dans la pile: 3
Nombre de Tile traversees: 164  Distance est: 77
Nombre de Tile ajoutees dans la pile: 3
Nombre de Tile traversees: 165  Distance est: 77
Nombre de Tile ajoutees dans la pile: 3
Nombre de Tile traversees: 166  Distance est: 78
Nombre de Tile ajoutees dans la pile: 3
Nombre de Tile traversees: 167  Distance est: 78
Nombre de Tile ajoutees dans la pile: 3
Nombre de Tile traversees: 168  Distance est: 78
Nombre de Tile ajoutees dans la pile: 3
Nombre de Tile traversees: 169  Distance est: 79
Nombre de Tile ajoutees dans la pile: 3
Nombre de Tile traversees: 170  Distance est: 79
Nombre de Tile ajoutees dans la pile: 3
Nombre de Tile traversees: 171  Distance est: 79
Nombre de Tile ajoutees dans la pile: 3
Nombre de Tile traversees: 172  Distance est: 80
Nombre de Tile ajoutees dans la pile: 3
Nombre de Tile traversees: 173  Distance est: 80
Nombre de Tile ajoutees dans la pile: 3
Nombre de Tile traversees: 174  Distance est: 80
Nombre de Tile ajoutees dans la pile: 3
Nombre de Tile traversees: 175  Distance est: 81
Nombre de Tile ajoutees dans la pile: 3
Nombre de Tile traversees: 176  Distance est: 81
Nombre de Tile ajoutees dans la pile: 3
Nombre de Tile traversees: 177  Distance est: 81
Nombre de Tile ajoutees dans la pile: 3
Nombre de Tile traversees: 178  Distance est: 82
Nombre de Tile ajoutees dans la pile: 3
Nombre de Tile traversees: 179  Distance est: 82
Nombre de Tile ajoutees dans la pile: 3
Nombre de Tile traversees: 180  Distance est: 82
Nombre de Tile ajoutees dans la pile: 3
Nombre de Tile traversees: 181  Distance est: 83
Nombre de Tile ajoutees dans la pile: 3
Nombre de Tile traversees: 182  Distance est: 83
Nombre de Tile ajoutees dans la pile: 3
Nombre de Tile traversees: 183  Distance est: 83
Nombre de Tile ajoutees dans la pile: 3
Nombre de Tile traversees: 184  Distance est: 84
Nombre de Tile ajoutees dans la pile: 3
Nombre de Tile traversees: 185  Distance est: 84
Nombre de Tile ajoutees dans la pile: 3
Nombre de Tile traversees: 186  Distance est: 84
Nombre de Tile ajoutees dans la pile: 3
Nombre de Tile traversees: 187  Distance est: 85
Nombre de Tile ajoutees dans la pile: 3
Nombre de Tile traversees: 188  Distance est: 85
Nombre de Tile ajoutees dans la pile: 3
Nombre de Tile traversees: 189  Distance est: 85
Nombre de Tile ajoutees dans la pile: 3
Nombre de Tile traversees: 190  Distance est: 86
Nombre de Tile ajoutees dans la pile: 3
Nombre de Tile traversees: 191  Distance est: 86
Nombre de Tile ajoutees dans la pile: 3
Nombre de Tile traversees: 192  Distance est: 86
Nombre de Tile ajoutees dans la pile: 3
Nombre de Tile traversees: 193  Distance est: 87
Nombre de Tile ajoutees dans la pile: 3
Nombre de Tile traversees: 194  Distance est: 87
Nombre de Tile ajoutees dans la pile: 3
Nombre de Tile traversees: 195  Distance est: 87
Nombre de Tile ajoutees dans la pile: 3
Nombre de Tile traversees: 196  Distance est: 88
Nombre de Tile ajoutees dans la pile: 3
Nombre de Tile traversees: 197  Distance est: 88
Nombre de Tile ajoutees dans la pile: 3
Nombre de Tile traversees: 198  Distance est: 88
Nombre de Tile ajoutees dans la pile: 3
Nombre de Tile traversees: 199  Distance est: 89
Nombre de Tile ajoutees dans la pile: 3
Nombre de Tile traversees: 200  Distance est: 89
Nombre de Tile ajoutees dans la pile: 3
Nombre de Tile traversees: 201  Distance est: 89
Nombre de Tile ajoutees dans la pile: 3
Nombre de Tile traversees: 202  Distance est: 90
Nombre de Tile ajoutees dans la pile: 3
Nombre de Tile traversees: 203  Distance est: 90
Nombre de Tile ajoutees dans la pile: 3
Nombre de Tile traversees: 204  Distance est: 90
Nombre de Tile ajoutees dans la pile: 3
Nombre de Tile traversees: 205  Distance est: 91
Nombre de Tile ajoutees dans la pile: 3
Nombre de Tile traversees: 206  Distance est: 91
Nombre de Tile ajoutees dans la pile: 3
Nombre de Tile traversees: 207  Distance est: 91
Nombre de Tile ajoutees dans la pile: 3
Nombre de Tile traversees: 208  Distance est: 92
Nombre de Tile ajoutees dans la pile: 4
Nombre de Tile traversees: 209  Distance est: 92
Nombre de Tile ajoutees dans la pile: 4
Nombre de Tile traversees: 210  Distance est: 92
Nombre de Tile ajoutees dans la pile: 4
Nombre de Tile traversees: 211  Distance est: 92
Nombre de Tile ajoutees dans la pile: 5
Nombre de Tile traversees: 212  Distance est: 93
Nombre de Tile ajoutees dans la pile: 5
Nombre de Tile traversees: 213  Distance est: 93
Nombre de Tile ajoutees dans la pile: 5
Nombre de Tile traversees: 214  Distance est: 93
Nombre de Tile ajoutees dans la pile: 5
Nombre de Tile traversees: 215  Distance est: 93
Nombre de Tile ajoutees dans la pile: 5
Nombre de Tile traversees: 216  Distance est: 93
Nombre de Tile ajoutees dans la pile: 4
Nombre de Tile traversees: 217  Distance est: 94
Nombre de Tile ajoutees dans la pile: 4
Nombre de Tile traversees: 218  Distance est: 94
Nombre de Tile ajoutees dans la pile: 4
Nombre de Tile traversees: 219  Distance est: 94
Nombre de Tile ajoutees dans la pile: 4
Nombre de Tile traversees: 220  Distance est: 94
Nombre de Tile ajoutees dans la pile: 4
Nombre de Tile traversees: 221  Distance est: 95
Nombre de Tile ajoutees dans la pile: 4
Nombre de Tile traversees: 222  Distance est: 95
Nombre de Tile ajoutees dans la pile: 4
Nombre de Tile traversees: 223  Distance est: 95
Nombre de Tile ajoutees dans la pile: 4
Nombre de Tile traversees: 224  Distance est: 95
Nombre de Tile ajoutees dans la pile: 4
Nombre de Tile traversees: 225  Distance est: 96
Nombre de Tile ajoutees dans la pile: 4
Nombre de Tile traversees: 226  Distance est: 96
Nombre de Tile ajoutees dans la pile: 4
Nombre de Tile traversees: 227  Distance est: 96
Nombre de Tile ajoutees dans la pile: 4
Nombre de Tile traversees: 228  Distance est: 96
Nombre de Tile ajoutees dans la pile: 4
Nombre de Tile traversees: 229  Distance est: 97
Nombre de Tile ajoutees dans la pile: 4
Nombre de Tile traversees: 230  Distance est: 97
Nombre de Tile ajoutees dans la pile: 4
Nombre de Tile traversees: 231  Distance est: 97
Nombre de Tile ajoutees dans la pile: 4
Nombre de Tile traversees: 232  Distance est: 97
Nombre de Tile ajoutees dans la pile: 4
Nombre de Tile traversees: 233  Distance est: 98
Nombre de Tile ajoutees dans la pile: 4
Nombre de Tile traversees: 234  Distance est: 98
Nombre de Tile ajoutees dans la pile: 4
Nombre de Tile traversees: 235  Distance est: 98
Nombre de Tile ajoutees dans la pile: 4
Nombre de Tile traversees: 236  Distance est: 98
Nombre de Tile ajoutees dans la pile: 4
Nombre de Tile traversees: 237  Distance est: 99
Nombre de Tile ajoutees dans la pile: 4
Nombre de Tile traversees: 238  Distance est: 99
Nombre de Tile ajoutees dans la pile: 4
Nombre de Tile traversees: 239  Distance est: 99
Nombre de Tile ajoutees dans la pile: 4
Nombre de Tile traversees: 240  Distance est: 99
Nombre de Tile ajoutees dans la pile: 5
Nombre de Tile traversees: 241  Distance est: 100
Nombre de Tile ajoutees dans la pile: 5
Nombre de Tile traversees: 242  Distance est: 100
Nombre de Tile ajoutees dans la pile: 5
Nombre de Tile traversees: 243  Distance est: 100
Nombre de Tile ajoutees dans la pile: 5
Nombre de Tile traversees: 244  Distance est: 100
Nombre de Tile ajoutees dans la pile: 5
Nombre de Tile traversees: 245  Distance est: 100
Nombre de Tile ajoutees dans la pile: 5
Nombre de Tile traversees: 246  Distance est: 101
Nombre de Tile ajoutees dans la pile: 5
Nombre de Tile traversees: 247  Distance est: 101
Nombre de Tile ajoutees dans la pile: 5
Nombre de Tile traversees: 248  Distance est: 101
Nombre de Tile ajoutees dans la pile: 5
Nombre de Tile traversees: 249  Distance est: 101
Nombre de Tile ajoutees dans la pile: 6
Nombre de Tile traversees: 250  Distance est: 101
Nombre de Tile ajoutees dans la pile: 6
Nombre de Tile traversees: 251  Distance est: 102
Nombre de Tile ajoutees dans la pile: 6
Nombre de Tile traversees: 252  Distance est: 102
Nombre de Tile ajoutees dans la pile: 6
Nombre de Tile traversees: 253  Distance est: 102
Nombre de Tile ajoutees dans la pile: 6
Nombre de Tile traversees: 254  Distance est: 102
Nombre de Tile ajoutees dans la pile: 6
Nombre de Tile traversees: 255  Distance est: 102
Nombre de Tile ajoutees dans la pile: 6
Nombre de Tile traversees: 256  Distance est: 102
Nombre de Tile ajoutees dans la pile: 6
Nombre de Tile traversees: 257  Distance est: 103
Nombre de Tile ajoutees dans la pile: 6
Nombre de Tile traversees: 258  Distance est: 103
Nombre de Tile ajoutees dans la pile: 6
Nombre de Tile traversees: 259  Distance est: 103
Nombre de Tile ajoutees dans la pile: 6
Nombre de Tile traversees: 260  Distance est: 103
Nombre de Tile ajoutees dans la pile: 7
Nombre de Tile traversees: 261  Distance est: 103
Nombre de Tile ajoutees dans la pile: 7
Nombre de Tile traversees: 262  Distance est: 103
Nombre de Tile ajoutees dans la pile: 7
Nombre de Tile traversees: 263  Distance est: 104
Nombre de Tile ajoutees dans la pile: 7
Nombre de Tile traversees: 264  Distance est: 104
Nombre de Tile ajoutees dans la pile: 7
Nombre de Tile traversees: 265  Distance est: 104
Nombre de Tile ajoutees dans la pile: 8
Nombre de Tile traversees: 266  Distance est: 104
Nombre de Tile ajoutees dans la pile: 8
Nombre de Tile traversees: 267  Distance est: 104
Nombre de Tile ajoutees dans la pile: 8
Nombre de Tile traversees: 268  Distance est: 104
Nombre de Tile ajoutees dans la pile: 8
Nombre de Tile traversees: 269  Distance est: 104
Nombre de Tile ajoutees dans la pile: 8
Nombre de Tile traversees: 270  Distance est: 105
Nombre de Tile ajoutees dans la pile: 8
Nombre de Tile traversees: 271  Distance est: 105
Nombre de Tile ajoutees dans la pile: 8
Nombre de Tile traversees: 272  Distance est: 105
Nombre de Tile ajoutees dans la pile: 9
Nombre de Tile traversees: 273  Distance est: 105
Nombre de Tile ajoutees dans la pile: 9
Nombre de Tile traversees: 274  Distance est: 105
Nombre de Tile ajoutees dans la pile: 9
Nombre de Tile traversees: 275  Distance est: 105
Nombre de Tile ajoutees dans la pile: 9
Nombre de Tile traversees: 276  Distance est: 105
Nombre de Tile ajoutees dans la pile: 9
Nombre de Tile traversees: 277  Distance est: 105
Nombre de Tile ajoutees dans la pile: 9
Nombre de Tile traversees: 278  Distance est: 106
Nombre de Tile ajoutees dans la pile: 9
Nombre de Tile traversees: 279  Distance est: 106
Nombre de Tile ajoutees dans la pile: 9
Nombre de Tile traversees: 280  Distance est: 106
Nombre de Tile ajoutees dans la pile: 10
Nombre de Tile traversees: 281  Distance est: 106
Nombre de Tile ajoutees dans la pile: 9
Nombre de Tile traversees: 282  Distance est: 106
Nombre de Tile ajoutees dans la pile: 9
Nombre de Tile traversees: 283  Distance est: 106
Nombre de Tile ajoutees dans la pile: 9
Nombre de Tile traversees: 284  Distance est: 106
Nombre de Tile ajoutees dans la pile: 9
Nombre de Tile traversees: 285  Distance est: 106
Nombre de Tile ajoutees dans la pile: 9
Nombre de Tile traversees: 286  Distance est: 106
Nombre de Tile ajoutees dans la pile: 9
Nombre de Tile traversees: 287  Distance est: 107
Nombre de Tile ajoutees dans la pile: 9
Nombre de Tile traversees: 288  Distance est: 107
Nombre de Tile ajoutees dans la pile: 9
Nombre de Tile traversees: 289  Distance est: 107
Nombre de Tile ajoutees dans la pile: 8
Nombre de Tile traversees: 290  Distance est: 107
Nombre de Tile ajoutees dans la pile: 7
Nombre de Tile traversees: 291  Distance est: 107
Nombre de Tile ajoutees dans la pile: 7
Nombre de Tile traversees: 292  Distance est: 107
Nombre de Tile ajoutees dans la pile: 8
Nombre de Tile traversees: 293  Distance est: 107
Nombre de Tile ajoutees dans la pile: 8
Nombre de Tile traversees: 294  Distance est: 107
Nombre de Tile ajoutees dans la pile: 7
Nombre de Tile traversees: 295  Distance est: 107
Nombre de Tile ajoutees dans la pile: 7
Nombre de Tile traversees: 296  Distance est: 108
Nombre de Tile ajoutees dans la pile: 6
Nombre de Tile traversees: 297  Distance est: 108
Nombre de Tile ajoutees dans la pile: 7
Nombre de Tile traversees: 298  Distance est: 108
Nombre de Tile ajoutees dans la pile: 7
Nombre de Tile traversees: 299  Distance est: 108
Nombre de Tile ajoutees dans la pile: 7
Nombre de Tile traversees: 300  Distance est: 108
Nombre de Tile ajoutees dans la pile: 7
Nombre de Tile traversees: 301  Distance est: 108
Nombre de Tile ajoutees dans la pile: 7
Nombre de Tile traversees: 302  Distance est: 109
Nombre de Tile ajoutees dans la pile: 7
Nombre de Tile traversees: 303  Distance est: 109
Nombre de Tile ajoutees dans la pile: 8
Nombre de Tile traversees: 304  Distance est: 109
Nombre de Tile ajoutees dans la pile: 7
Nombre de Tile traversees: 305  Distance est: 109
Nombre de Tile ajoutees dans la pile: 6
Nombre de Tile traversees: 306  Distance est: 109
Nombre de Tile ajoutees dans la pile: 6
Nombre de Tile traversees: 307  Distance est: 109
Nombre de Tile ajoutees dans la pile: 6
Nombre de Tile traversees: 308  Distance est: 109
Nombre de Tile ajoutees dans la pile: 6
Nombre de Tile traversees: 309  Distance est: 110
Nombre de Tile ajoutees dans la pile: 7
Nombre de Tile traversees: 310  Distance est: 110
Nombre de Tile ajoutees dans la pile: 8
Nombre de Tile traversees: 311  Distance est: 110
Nombre de Tile ajoutees dans la pile: 7
Nombre de Tile traversees: 312  Distance est: 110
Nombre de Tile ajoutees dans la pile: 7
Nombre de Tile traversees: 313  Distance est: 110
Nombre de Tile ajoutees dans la pile: 7
Nombre de Tile traversees: 314  Distance est: 110
Nombre de Tile ajoutees dans la pile: 7
Nombre de Tile traversees: 315  Distance est: 110
Nombre de Tile ajoutees dans la pile: 7
Nombre de Tile traversees: 316  Distance est: 111
Nombre de Tile ajoutees dans la pile: 7
Nombre de Tile traversees: 317  Distance est: 111
Nombre de Tile ajoutees dans la pile: 6
Nombre de Tile traversees: 318  Distance est: 111
Nombre de Tile ajoutees dans la pile: 6
Nombre de Tile traversees: 319  Distance est: 111
Nombre de Tile ajoutees dans la pile: 6
Nombre de Tile traversees: 320  Distance est: 111
Nombre de Tile ajoutees dans la pile: 6
Nombre de Tile traversees: 321  Distance est: 111
Nombre de Tile ajoutees dans la pile: 7
Nombre de Tile traversees: 322  Distance est: 111
Nombre de Tile ajoutees dans la pile: 6
Nombre de Tile traversees: 323  Distance est: 112
Nombre de Tile ajoutees dans la pile: 5
Nombre de Tile traversees: 324  Distance est: 112
Nombre de Tile ajoutees dans la pile: 5
Nombre de Tile traversees: 325  Distance est: 112
Nombre de Tile ajoutees dans la pile: 5
Nombre de Tile traversees: 326  Distance est: 112
Nombre de Tile ajoutees dans la pile: 5
Nombre de Tile traversees: 327  Distance est: 112
Nombre de Tile ajoutees dans la pile: 5
Nombre de Tile traversees: 328  Distance est: 113
Nombre de Tile ajoutees dans la pile: 5
Nombre de Tile traversees: 329  Distance est: 113
Nombre de Tile ajoutees dans la pile: 5
Nombre de Tile traversees: 330  Distance est: 113
Nombre de Tile ajoutees dans la pile: 4
Nombre de Tile traversees: 331  Distance est: 113
Nombre de Tile ajoutees dans la pile: 3
Nombre de Tile traversees: 332  Distance est: 113
Nombre de Tile ajoutees dans la pile: 3
Nombre de Tile traversees: 333  Distance est: 114
Nombre de Tile ajoutees dans la pile: 4
Nombre de Tile traversees: 334  Distance est: 114
Nombre de Tile ajoutees dans la pile: 4
Nombre de Tile traversees: 335  Distance est: 114
Nombre de Tile ajoutees dans la pile: 4
Nombre de Tile traversees: 336  Distance est: 114
Nombre de Tile ajoutees dans la pile: 4
Nombre de Tile traversees: 337  Distance est: 115
Nombre de Tile ajoutees dans la pile: 5
Nombre de Tile traversees: 338  Distance est: 115
Nombre de Tile ajoutees dans la pile: 5
Nombre de Tile traversees: 339  Distance est: 115
Nombre de Tile ajoutees dans la pile: 5
Nombre de Tile traversees: 340  Distance est: 115
Nombre de Tile ajoutees dans la pile: 5
Nombre de Tile traversees: 341  Distance est: 115
Nombre de Tile ajoutees dans la pile: 6
Nombre de Tile traversees: 342  Distance est: 116
Nombre de Tile ajoutees dans la pile: 5
Nombre de Tile traversees: 343  Distance est: 116
Nombre de Tile ajoutees dans la pile: 5
Nombre de Tile traversees: 344  Distance est: 116
Nombre de Tile ajoutees dans la pile: 5
Nombre de Tile traversees: 345  Distance est: 116
Nombre de Tile ajoutees dans la pile: 5
Nombre de Tile traversees: 346  Distance est: 116
Nombre de Tile ajoutees dans la pile: 6
Nombre de Tile traversees: 347  Distance est: 117
Nombre de Tile ajoutees dans la pile: 5
Nombre de Tile traversees: 348  Distance est: 117
Nombre de Tile ajoutees dans la pile: 5
Nombre de Tile traversees: 349  Distance est: 117
Nombre de Tile ajoutees dans la pile: 5
Nombre de Tile traversees: 350  Distance est: 117
Nombre de Tile ajoutees dans la pile: 5
Nombre de Tile traversees: 351  Distance est: 117
Nombre de Tile ajoutees dans la pile: 5
Nombre de Tile traversees: 352  Distance est: 118
Nombre de Tile ajoutees dans la pile: 4
Nombre de Tile traversees: 353  Distance est: 118
Nombre de Tile ajoutees dans la pile: 4
Nombre de Tile traversees: 354  Distance est: 118
Nombre de Tile ajoutees dans la pile: 4
Nombre de Tile traversees: 355  Distance est: 118
Nombre de Tile ajoutees dans la pile: 4
Nombre de Tile traversees: 356  Distance est: 119
Nombre de Tile ajoutees dans la pile: 4
Nombre de Tile traversees: 357  Distance est: 119
Nombre de Tile ajoutees dans la pile: 5
Nombre de Tile traversees: 358  Distance est: 119
Nombre de Tile ajoutees dans la pile: 5
Nombre de Tile traversees: 359  Distance est: 119
Nombre de Tile ajoutees dans la pile: 5
Nombre de Tile traversees: 360  Distance est: 120
Nombre de Tile ajoutees dans la pile: 5
Nombre de Tile traversees: 361  Distance est: 120
Nombre de Tile ajoutees dans la pile: 5
Nombre de Tile traversees: 362  Distance est: 120
Nombre de Tile ajoutees dans la pile: 5
Nombre de Tile traversees: 363  Distance est: 120
Nombre de Tile ajoutees dans la pile: 5
Nombre de Tile traversees: 364  Distance est: 120
Nombre de Tile ajoutees dans la pile: 5
Nombre de Tile traversees: 365  Distance est: 121
Nombre de Tile ajoutees dans la pile: 5
Nombre de Tile traversees: 366  Distance est: 121
Nombre de Tile ajoutees dans la pile: 5
Nombre de Tile traversees: 367  Distance est: 121
Nombre de Tile ajoutees dans la pile: 5
Nombre de Tile traversees: 368  Distance est: 121
Nombre de Tile ajoutees dans la pile: 4
Nombre de Tile traversees: 369  Distance est: 121
Nombre de Tile ajoutees dans la pile: 4
Nombre de Tile traversees: 370  Distance est: 122
Nombre de Tile ajoutees dans la pile: 5
Nombre de Tile traversees: 371  Distance est: 122
Nombre de Tile ajoutees dans la pile: 5
Nombre de Tile traversees: 372  Distance est: 122
Nombre de Tile ajoutees dans la pile: 5
Nombre de Tile traversees: 373  Distance est: 122
Nombre de Tile ajoutees dans la pile: 5
Nombre de Tile traversees: 374  Distance est: 122
Nombre de Tile ajoutees dans la pile: 5
Nombre de Tile traversees: 375  Distance est: 123
Nombre de Tile ajoutees dans la pile: 5
Nombre de Tile traversees: 376  Distance est: 123
Nombre de Tile ajoutees dans la pile: 5
Nombre de Tile traversees: 377  Distance est: 123
Nombre de Tile ajoutees dans la pile: 5
Nombre de Tile traversees: 378  Distance est: 123
Nombre de Tile ajoutees dans la pile: 6
Nombre de Tile traversees: 379  Distance est: 123
Nombre de Tile ajoutees dans la pile: 5
Nombre de Tile traversees: 380  Distance est: 124
Nombre de Tile ajoutees dans la pile: 5
Nombre de Tile traversees: 381  Distance est: 124
Nombre de Tile ajoutees dans la pile: 5
Nombre de Tile traversees: 382  Distance est: 124
Nombre de Tile ajoutees dans la pile: 5
Nombre de Tile traversees: 383  Distance est: 124
Nombre de Tile ajoutees dans la pile: 5
Nombre de Tile traversees: 384  Distance est: 124
Nombre de Tile ajoutees dans la pile: 5
Nombre de Tile traversees: 385  Distance est: 125
Nombre de Tile ajoutees dans la pile: 5
Nombre de Tile traversees: 386  Distance est: 125
Nombre de Tile ajoutees dans la pile: 5
Nombre de Tile traversees: 387  Distance est: 125
Nombre de Tile ajoutees dans la pile: 5
Nombre de Tile traversees: 388  Distance est: 125
Nombre de Tile ajoutees dans la pile: 5
Nombre de Tile traversees: 389  Distance est: 125
Nombre de Tile ajoutees dans la pile: 5
Nombre de Tile traversees: 390  Distance est: 126
Nombre de Tile ajoutees dans la pile: 5
Nombre de Tile traversees: 391  Distance est: 126
Nombre de Tile ajoutees dans la pile: 5
Nombre de Tile traversees: 392  Distance est: 126
Nombre de Tile ajoutees dans la pile: 5
Nombre de Tile traversees: 393  Distance est: 126
Nombre de Tile ajoutees dans la pile: 5
Nombre de Tile traversees: 394  Distance est: 126
Nombre de Tile ajoutees dans la pile: 5
Nombre de Tile traversees: 395  Distance est: 127
Nombre de Tile ajoutees dans la pile: 5
Nombre de Tile traversees: 396  Distance est: 127
Nombre de Tile ajoutees dans la pile: 5
Nombre de Tile traversees: 397  Distance est: 127
Nombre de Tile ajoutees dans la pile: 5
Nombre de Tile traversees: 398  Distance est: 127
Nombre de Tile ajoutees dans la pile: 4
Nombre de Tile traversees: 399  Distance est: 127
Nombre de Tile ajoutees dans la pile: 4
Nombre de Tile traversees: 400  Distance est: 128
Nombre de Tile ajoutees dans la pile: 4
Nombre de Tile traversees: 401  Distance est: 128
Nombre de Tile ajoutees dans la pile: 4
Nombre de Tile traversees: 402  Distance est: 128
Nombre de Tile ajoutees dans la pile: 4
Nombre de Tile traversees: 403  Distance est: 128
Nombre de Tile ajoutees dans la pile: 4
Nombre de Tile traversees: 404  Distance est: 129
Nombre de Tile ajoutees dans la pile: 4
Nombre de Tile traversees: 405  Distance est: 129
Nombre de Tile ajoutees dans la pile: 4
Nombre de Tile traversees: 406  Distance est: 129
Nombre de Tile ajoutees dans la pile: 3
Nombre de Tile traversees: 407  Distance est: 129
Nombre de Tile ajoutees dans la pile: 3
Nombre de Tile traversees: 408  Distance est: 130
Nombre de Tile ajoutees dans la pile: 3
Nombre de Tile traversees: 409  Distance est: 130
Nombre de Tile ajoutees dans la pile: 3
Nombre de Tile traversees: 410  Distance est: 130
Nombre de Tile ajoutees dans la pile: 3
Nombre de Tile traversees: 411  Distance est: 131
Nombre de Tile ajoutees dans la pile: 3
Nombre de Tile traversees: 412  Distance est: 131
Nombre de Tile ajoutees dans la pile: 3
Nombre de Tile traversees: 413  Distance est: 131
Nombre de Tile ajoutees dans la pile: 2
Nombre de Tile traversees: 414  Distance est: 132
Nombre de Tile ajoutees dans la pile: 3
Nombre de Tile traversees: 415  Distance est: 132
Nombre de Tile ajoutees dans la pile: 3
Nombre de Tile traversees: 416  Distance est: 132
Nombre de Tile ajoutees dans la pile: 3
Nombre de Tile traversees: 417  Distance est: 133
Nombre de Tile ajoutees dans la pile: 3
Nombre de Tile traversees: 418  Distance est: 133
Nombre de Tile ajoutees dans la pile: 3
Nombre de Tile traversees: 419  Distance est: 133
Nombre de Tile ajoutees dans la pile: 3
Nombre de Tile traversees: 420  Distance est: 134
Nombre de Tile ajoutees dans la pile: 3
Nombre de Tile traversees: 421  Distance est: 134
Nombre de Tile ajoutees dans la pile: 3
Nombre de Tile traversees: 1  Distance est: 0
Nombre de Tile ajoutees dans la pile: 1
Nombre de Tile traversees: 2  Distance est: 1
Nombre de Tile ajoutees dans la pile: 2
Nombre de Tile traversees: 3  Distance est: 1
Nombre de Tile ajoutees dans la pile: 2
Nombre de Tile traversees: 4  Distance est: 2
Nombre de Tile ajoutees dans la pile: 1
Nombre de Tile traversees: 5  Distance est: 3
Nombre de Tile ajoutees dans la pile: 1
Nombre de Tile traversees: 6  Distance est: 4
Nombre de Tile ajoutees dans la pile: 1
Nombre de Tile traversees: 7  Distance est: 5
Nombre de Tile ajoutees dans la pile: 1
Nombre de Tile traversees: 8  Distance est: 6
Nombre de Tile ajoutees dans la pile: 1
Nombre de Tile traversees: 9  Distance est: 7
Nombre de Tile ajoutees dans la pile: 1
Nombre de Tile traversees: 10  Distance est: 8
Nombre de Tile ajoutees dans la pile: 1
Nombre de Tile traversees: 11  Distance est: 9
Nombre de Tile ajoutees dans la pile: 1
Nombre de Tile traversees: 12  Distance est: 10
Nombre de Tile ajoutees dans la pile: 1
Nombre de Tile traversees: 13  Distance est: 11
Nombre de Tile ajoutees dans la pile: 1
Nombre de Tile traversees: 14  Distance est: 12
Nombre de Tile ajoutees dans la pile: 1
Nombre de Tile traversees: 15  Distance est: 13
Nombre de Tile ajoutees dans la pile: 1
Nombre de Tile traversees: 16  Distance est: 14
Nombre de Tile ajoutees dans la pile: 1
Nombre de Tile traversees: 17  Distance est: 15
Nombre de Tile ajoutees dans la pile: 1
Nombre de Tile traversees: 18  Distance est: 16
Nombre de Tile ajoutees dans la pile: 1
Nombre de Tile traversees: 19  Distance est: 17
Nombre de Tile ajoutees dans la pile: 1
Nombre de Tile traversees: 20  Distance est: 18
Nombre de Tile ajoutees dans la pile: 2
Nombre de Tile traversees: 21  Distance est: 18
Nombre de Tile ajoutees dans la pile: 2
Nombre de Tile traversees: 22  Distance est: 19
Nombre de Tile ajoutees dans la pile: 2
Nombre de Tile traversees: 23  Distance est: 19
Nombre de Tile ajoutees dans la pile: 2
Nombre de Tile traversees: 24  Distance est: 20
Nombre de Tile ajoutees dans la pile: 2
Nombre de Tile traversees: 25  Distance est: 20
Nombre de Tile ajoutees dans la pile: 2
Nombre de Tile traversees: 26  Distance est: 21
Nombre de Tile ajoutees dans la pile: 2
Nombre de Tile traversees: 27  Distance est: 21
Nombre de Tile ajoutees dans la pile: 1
Nombre de Tile traversees: 28  Distance est: 22
Nombre de Tile ajoutees dans la pile: 1
Nombre de Tile traversees: 29  Distance est: 23
Nombre de Tile ajoutees dans la pile: 1
Nombre de Tile traversees: 30  Distance est: 24
Nombre de Tile ajoutees dans la pile: 1
Nombre de Tile traversees: 31  Distance est: 25
Nombre de Tile ajoutees dans la pile: 1
Nombre de Tile traversees: 32  Distance est: 26
Nombre de Tile ajoutees dans la pile: 1
Nombre de Tile traversees: 33  Distance est: 27
Nombre de Tile ajoutees dans la pile: 1
Nombre de Tile traversees: 34  Distance est: 28
Nombre de Tile ajoutees dans la pile: 1
Nombre de Tile traversees: 35  Distance est: 29
Nombre de Tile ajoutees dans la pile: 1
Nombre de Tile traversees: 36  Distance est: 30
Nombre de Tile ajoutees dans la pile: 1
Nombre de Tile traversees: 37  Distance est: 31
Nombre de Tile ajoutees dans la pile: 1
Nombre de Tile traversees: 38  Distance est: 32
Nombre de Tile ajoutees dans la pile: 1
Nombre de Tile traversees: 39  Distance est: 33
Nombre de Tile ajoutees dans la pile: 1
Nombre de Tile traversees: 40  Distance est: 34
Nombre de Tile ajoutees dans la pile: 1
Nombre de Tile traversees: 41  Distance est: 35
Nombre de Tile ajoutees dans la pile: 1
Nombre de Tile traversees: 42  Distance est: 36
Nombre de Tile ajoutees dans la pile: 1
Nombre de Tile traversees: 43  Distance est: 37
Nombre de Tile ajoutees dans la pile: 1
Nombre de Tile traversees: 44  Distance est: 38
Nombre de Tile ajoutees dans la pile: 2
Nombre de Tile traversees: 45  Distance est: 38
Nombre de Tile ajoutees dans la pile: 2
Nombre de Tile traversees: 46  Distance est: 39
Nombre de Tile ajoutees dans la pile: 2
Nombre de Tile traversees: 47  Distance est: 39
Nombre de Tile ajoutees dans la pile: 2
Nombre de Tile traversees: 48  Distance est: 40
Nombre de Tile ajoutees dans la pile: 2
Nombre de Tile traversees: 49  Distance est: 40
Nombre de Tile ajoutees dans la pile: 3
Nombre de Tile traversees: 50  Distance est: 41
Nombre de Tile ajoutees dans la pile: 3
Nombre de Tile traversees: 51  Distance est: 41
Nombre de Tile ajoutees dans la pile: 4
Nombre de Tile traversees: 52  Distance est: 41
Nombre de Tile ajoutees dans la pile: 3
Nombre de Tile traversees: 53  Distance est: 42
Nombre de Tile ajoutees dans la pile: 3
Nombre de Tile traversees: 54  Distance est: 42
Nombre de Tile ajoutees dans la pile: 4
Nombre de Tile traversees: 55  Distance est: 42
Nombre de Tile ajoutees dans la pile: 3
Nombre de Tile traversees: 56  Distance est: 43
Nombre de Tile ajoutees dans la pile: 3
Nombre de Tile traversees: 57  Distance est: 43
Nombre de Tile ajoutees dans la pile: 2
Nombre de Tile traversees: 58  Distance est: 43
Nombre de Tile ajoutees dans la pile: 2
Nombre de Tile traversees: 59  Distance est: 44
Nombre de Tile ajoutees dans la pile: 2
Nombre de Tile traversees: 60  Distance est: 44
Nombre de Tile ajoutees dans la pile: 2
Nombre de Tile traversees: 61  Distance est: 45
Nombre de Tile ajoutees dans la pile: 2
Nombre de Tile traversees: 62  Distance est: 45
Nombre de Tile ajoutees dans la pile: 3
Nombre de Tile traversees: 63  Distance est: 46
Nombre de Tile ajoutees dans la pile: 4
Nombre de Tile traversees: 64  Distance est: 46
Nombre de Tile ajoutees dans la pile: 4
Nombre de Tile traversees: 65  Distance est: 46
Nombre de Tile ajoutees dans la pile: 4
Nombre de Tile traversees: 66  Distance est: 46
Nombre de Tile ajoutees dans la pile: 4
Nombre de Tile traversees: 67  Distance est: 47
Nombre de Tile ajoutees dans la pile: 4
Nombre de Tile traversees: 68  Distance est: 47
Nombre de Tile ajoutees dans la pile: 4
Nombre de Tile traversees: 69  Distance est: 47
Nombre de Tile ajoutees dans la pile: 3
Nombre de Tile traversees: 70  Distance est: 47
Nombre de Tile ajoutees dans la pile: 3
Nombre de Tile traversees: 71  Distance est: 48
Nombre de Tile ajoutees dans la pile: 2
Nombre de Tile traversees: 72  Distance est: 48
Nombre de Tile ajoutees dans la pile: 2
Nombre de Tile traversees: 73  Distance est: 49
Nombre de Tile ajoutees dans la pile: 2
Nombre de Tile traversees: 74  Distance est: 49
Nombre de Tile ajoutees dans la pile: 2
Nombre de Tile traversees: 75  Distance est: 50
Nombre de Tile ajoutees dans la pile: 2
Nombre de Tile traversees: 76  Distance est: 50
Nombre de Tile ajoutees dans la pile: 2
Nombre de Tile traversees: 77  Distance est: 51
Nombre de Tile ajoutees dans la pile: 2
Nombre de Tile traversees: 78  Distance est: 51
Nombre de Tile ajoutees dans la pile: 2
Nombre de Tile traversees: 79  Distance est: 52
Nombre de Tile ajoutees dans la pile: 3
Nombre de Tile traversees: 80  Distance est: 52
Nombre de Tile ajoutees dans la pile: 3
Nombre de Tile traversees: 81  Distance est: 52
Nombre de Tile ajoutees dans la pile: 3
Nombre de Tile traversees: 82  Distance est: 53
Nombre de Tile ajoutees dans la pile: 3
Nombre de Tile traversees: 83  Distance est: 53
Nombre de Tile ajoutees dans la pile: 4
Nombre de Tile traversees: 84  Distance est: 53
Nombre de Tile ajoutees dans la pile: 4
Nombre de Tile traversees: 85  Distance est: 54
Nombre de Tile ajoutees dans la pile: 4
Nombre de Tile traversees: 86  Distance est: 54
Nombre de Tile ajoutees dans la pile: 4
Nombre de Tile traversees: 87  Distance est: 54
Nombre de Tile ajoutees dans la pile: 4
Nombre de Tile traversees: 88  Distance est: 54
Nombre de Tile ajoutees dans la pile: 4
Nombre de Tile traversees: 89  Distance est: 55
Nombre de Tile ajoutees dans la pile: 4
Nombre de Tile traversees: 90  Distance est: 55
Nombre de Tile ajoutees dans la pile: 4
Nombre de Tile traversees: 91  Distance est: 55
Nombre de Tile ajoutees dans la pile: 4
Nombre de Tile traversees: 92  Distance est: 55
Nombre de Tile ajoutees dans la pile: 4
Nombre de Tile traversees: 93  Distance est: 56
Nombre de Tile ajoutees dans la pile: 4
Nombre de Tile traversees: 94  Distance est: 56
Nombre de Tile ajoutees dans la pile: 5
Nombre de Tile traversees: 95  Distance est: 56
Nombre de Tile ajoutees dans la pile: 5
Nombre de Tile traversees: 96  Distance est: 56
Nombre de Tile ajoutees dans la pile: 5
Nombre de Tile traversees: 97  Distance est: 57
Nombre de Tile ajoutees dans la pile: 5
Nombre de Tile traversees: 98  Distance est: 57
Nombre de Tile ajoutees dans la pile: 6
Nombre de Tile traversees: 99  Distance est: 57
Nombre de Tile ajoutees dans la pile: 5
Nombre de Tile traversees: 100  Distance est: 57
Nombre de Tile ajoutees dans la pile: 5
Nombre de Tile traversees: 101  Distance est: 57
Nombre de Tile ajoutees dans la pile: 6
Nombre de Tile traversees: 102  Distance est: 58
Nombre de Tile ajoutees dans la pile: 6
Nombre de Tile traversees: 103  Distance est: 58
Nombre de Tile ajoutees dans la pile: 7
Nombre de Tile traversees: 104  Distance est: 58
Nombre de Tile ajoutees dans la pile: 6
Nombre de Tile traversees: 105  Distance est: 58
Nombre de Tile ajoutees dans la pile: 6
Nombre de Tile traversees: 106  Distance est: 58
Nombre de Tile ajoutees dans la pile: 6
Nombre de Tile traversees: 107  Distance est: 58
Nombre de Tile ajoutees dans la pile: 6
Nombre de Tile traversees: 108  Distance est: 59
Nombre de Tile ajoutees dans la pile: 6
Nombre de Tile traversees: 109  Distance est: 59
Nombre de Tile ajoutees dans la pile: 5
Nombre de Tile traversees: 110  Distance est: 59
Nombre de Tile ajoutees dans la pile: 5
Nombre de Tile traversees: 111  Distance est: 59
Nombre de Tile ajoutees dans la pile: 5
Nombre de Tile traversees: 112  Distance est: 59
Nombre de Tile ajoutees dans la pile: 4
Nombre de Tile traversees: 113  Distance est: 59
Nombre de Tile ajoutees dans la pile: 4
Nombre de Tile traversees: 114  Distance est: 60
Nombre de Tile ajoutees dans la pile: 5
Nombre de Tile traversees: 115  Distance est: 60
Nombre de Tile ajoutees dans la pile: 6
Nombre de Tile traversees: 116  Distance est: 60
Nombre de Tile ajoutees dans la pile: 6
Nombre de Tile traversees: 117  Distance est: 60
Nombre de Tile ajoutees dans la pile: 6
Nombre de Tile traversees: 118  Distance est: 60
Nombre de Tile ajoutees dans la pile: 6
Nombre de Tile traversees: 119  Distance est: 61
Nombre de Tile ajoutees dans la pile: 6
Nombre de Tile traversees: 120  Distance est: 61
Nombre de Tile ajoutees dans la pile: 7
Nombre de Tile traversees: 121  Distance est: 61
Nombre de Tile ajoutees dans la pile: 7
Nombre de Tile traversees: 122  Distance est: 61
Nombre de Tile ajoutees dans la pile: 7
Nombre de Tile traversees: 123  Distance est: 61
Nombre de Tile ajoutees dans la pile: 7
Nombre de Tile traversees: 124  Distance est: 61
Nombre de Tile ajoutees dans la pile: 7
Nombre de Tile traversees: 125  Distance est: 62
Nombre de Tile ajoutees dans la pile: 6
Nombre de Tile traversees: 126  Distance est: 62
Nombre de Tile ajoutees dans la pile: 7
Nombre de Tile traversees: 127  Distance est: 62
Nombre de Tile ajoutees dans la pile: 6
Nombre de Tile traversees: 128  Distance est: 62
Nombre de Tile ajoutees dans la pile: 6
Nombre de Tile traversees: 129  Distance est: 62
Nombre de Tile ajoutees dans la pile: 6
Nombre de Tile traversees: 130  Distance est: 62
Nombre de Tile ajoutees dans la pile: 6
Nombre de Tile traversees: 131  Distance est: 63
Nombre de Tile ajoutees dans la pile: 6
Nombre de Tile traversees: 132  Distance est: 63
Nombre de Tile ajoutees dans la pile: 6
Nombre de Tile traversees: 133  Distance est: 63
Nombre de Tile ajoutees dans la pile: 5
Nombre de Tile traversees: 134  Distance est: 63
Nombre de Tile ajoutees dans la pile: 5
Nombre de Tile traversees: 135  Distance est: 63
Nombre de Tile ajoutees dans la pile: 6
Nombre de Tile traversees: 136  Distance est: 63
Nombre de Tile ajoutees dans la pile: 6
Nombre de Tile traversees: 137  Distance est: 64
Nombre de Tile ajoutees dans la pile: 5
Nombre de Tile traversees: 138  Distance est: 64
Nombre de Tile ajoutees dans la pile: 5
Nombre de Tile traversees: 139  Distance est: 64
Nombre de Tile ajoutees dans la pile: 6
Nombre de Tile traversees: 140  Distance est: 64
Nombre de Tile ajoutees dans la pile: 6
Nombre de Tile traversees: 141  Distance est: 64
Nombre de Tile ajoutees dans la pile: 6
Nombre de Tile traversees: 142  Distance est: 65
Nombre de Tile ajoutees dans la pile: 6
Nombre de Tile traversees: 143  Distance est: 65
Nombre de Tile ajoutees dans la pile: 6
Nombre de Tile traversees: 144  Distance est: 65
Nombre de Tile ajoutees dans la pile: 7
Nombre de Tile traversees: 145  Distance est: 65
Nombre de Tile ajoutees dans la pile: 6
Nombre de Tile traversees: 146  Distance est: 65
Nombre de Tile ajoutees dans la pile: 6
Nombre de Tile traversees: 147  Distance est: 65
Nombre de Tile ajoutees dans la pile: 5
Nombre de Tile traversees: 148  Distance est: 66
Nombre de Tile ajoutees dans la pile: 5
Nombre de Tile traversees: 149  Distance est: 66
Nombre de Tile ajoutees dans la pile: 5
Nombre de Tile traversees: 150  Distance est: 66
Nombre de Tile ajoutees dans la pile: 6
Nombre de Tile traversees: 151  Distance est: 66
Nombre de Tile ajoutees dans la pile: 5
Nombre de Tile traversees: 152  Distance est: 66
Nombre de Tile ajoutees dans la pile: 5
Nombre de Tile traversees: 153  Distance est: 67
Nombre de Tile ajoutees dans la pile: 5
Nombre de Tile traversees: 154  Distance est: 67
Nombre de Tile ajoutees dans la pile: 4
Nombre de Tile traversees: 155  Distance est: 67
Nombre de Tile ajoutees dans la pile: 4
Nombre de Tile traversees: 156  Distance est: 67
Nombre de Tile ajoutees dans la pile: 3
Nombre de Tile traversees: 157  Distance est: 67
Nombre de Tile ajoutees dans la pile: 3
Nombre de Tile traversees: 158  Distance est: 68
Nombre de Tile ajoutees dans la pile: 3
Nombre de Tile traversees: 159  Distance est: 68
Nombre de Tile ajoutees dans la pile: 3
Nombre de Tile traversees: 160  Distance est: 68
Nombre de Tile ajoutees dans la pile: 3
Nombre de Tile traversees: 161  Distance est: 69
Nombre de Tile ajoutees dans la pile: 3
Nombre de Tile traversees: 162  Distance est: 69
Nombre de Tile ajoutees dans la pile: 3
Nombre de Tile traversees: 163  Distance est: 69
Nombre de Tile ajoutees dans la pile: 3
Nombre de Tile traversees: 164  Distance est: 70
Nombre de Tile ajoutees dans la pile: 3
Nombre de Tile traversees: 165  Distance est: 70
Nombre de Tile ajoutees dans la pile: 3
Nombre de Tile traversees: 166  Distance est: 70
Nombre de Tile ajoutees dans la pile: 3
Nombre de Tile traversees: 167  Distance est: 71
Nombre de Tile ajoutees dans la pile: 3
Nombre de Tile traversees: 168  Distance est: 71
Nombre de Tile ajoutees dans la pile: 3
Nombre de Tile traversees: 169  Distance est: 71
Nombre de Tile ajoutees dans la pile: 3
Nombre de Tile traversees: 170  Distance est: 72
Nombre de Tile ajoutees dans la pile: 3
Nombre de Tile traversees: 171  Distance est: 72
Nombre de Tile ajoutees dans la pile: 3
Nombre de Tile traversees: 172  Distance est: 72
Nombre de Tile ajoutees dans la pile: 3
Nombre de Tile traversees: 173  Distance est: 73
Nombre de Tile ajoutees dans la pile: 3
Nombre de Tile traversees: 174  Distance est: 73
Nombre de Tile ajoutees dans la pile: 4
Nombre de Tile traversees: 175  Distance est: 73
Nombre de Tile ajoutees dans la pile: 4
Nombre de Tile traversees: 176  Distance est: 74
Nombre de Tile ajoutees dans la pile: 4
Nombre de Tile traversees: 177  Distance est: 74
Nombre de Tile ajoutees dans la pile: 4
Nombre de Tile traversees: 178  Distance est: 74
Nombre de Tile ajoutees dans la pile: 4
Nombre de Tile traversees: 179  Distance est: 74
Nombre de Tile ajoutees dans la pile: 5
Nombre de Tile traversees: 180  Distance est: 75
Nombre de Tile ajoutees dans la pile: 5
Nombre de Tile traversees: 181  Distance est: 75
Nombre de Tile ajoutees dans la pile: 5
Nombre de Tile traversees: 182  Distance est: 75
Nombre de Tile ajoutees dans la pile: 5
Nombre de Tile traversees: 183  Distance est: 75
Nombre de Tile ajoutees dans la pile: 6
Nombre de Tile traversees: 184  Distance est: 75
Nombre de Tile ajoutees dans la pile: 5
Nombre de Tile traversees: 185  Distance est: 76
Nombre de Tile ajoutees dans la pile: 5
Nombre de Tile traversees: 186  Distance est: 76
Nombre de Tile ajoutees dans la pile: 5
Nombre de Tile traversees: 187  Distance est: 76
Nombre de Tile ajoutees dans la pile: 5
Nombre de Tile traversees: 188  Distance est: 76
Nombre de Tile ajoutees dans la pile: 6
Nombre de Tile traversees: 189  Distance est: 76
Nombre de Tile ajoutees dans la pile: 5
Nombre de Tile traversees: 190  Distance est: 77
Nombre de Tile ajoutees dans la pile: 5
Nombre de Tile traversees: 191  Distance est: 77
Nombre de Tile ajoutees dans la pile: 5
Nombre de Tile traversees: 192  Distance est: 77
Nombre de Tile ajoutees dans la pile: 5
Nombre de Tile traversees: 193  Distance est: 77
Nombre de Tile ajoutees dans la pile: 4
Nombre de Tile traversees: 194  Distance est: 77
Nombre de Tile ajoutees dans la pile: 3
Nombre de Tile traversees: 195  Distance est: 78
Nombre de Tile ajoutees dans la pile: 3
Nombre de Tile traversees: 196  Distance est: 78
Nombre de Tile ajoutees dans la pile: 3
Nombre de Tile traversees: 197  Distance est: 78
Nombre de Tile ajoutees dans la pile: 3
Nombre de Tile traversees: 198  Distance est: 79
Nombre de Tile ajoutees dans la pile: 3
Nombre de Tile traversees: 199  Distance est: 79
Nombre de Tile ajoutees dans la pile: 3
Nombre de Tile traversees: 200  Distance est: 79
Nombre de Tile ajoutees dans la pile: 3
Nombre de Tile traversees: 201  Distance est: 80
Nombre de Tile ajoutees dans la pile: 4
Nombre de Tile traversees: 202  Distance est: 80
Nombre de Tile ajoutees dans la pile: 4
Nombre de Tile traversees: 203  Distance est: 80
Nombre de Tile ajoutees dans la pile: 4
Nombre de Tile traversees: 204  Distance est: 80
Nombre de Tile ajoutees dans la pile: 4
Nombre de Tile traversees: 205  Distance est: 81
Nombre de Tile ajoutees dans la pile: 4
Nombre de Tile traversees: 206  Distance est: 81
Nombre de Tile ajoutees dans la pile: 3
Nombre de Tile traversees: 207  Distance est: 81
Nombre de Tile ajoutees dans la pile: 3
Nombre de Tile traversees: 208  Distance est: 81
Nombre de Tile ajoutees dans la pile: 3
Nombre de Tile traversees: 209  Distance est: 82
Nombre de Tile ajoutees dans la pile: 3
Nombre de Tile traversees: 210  Distance est: 82
Nombre de Tile ajoutees dans la pile: 3
Nombre de Tile traversees: 211  Distance est: 82
Nombre de Tile ajoutees dans la pile: 3
Nombre de Tile traversees: 212  Distance est: 83
Nombre de Tile ajoutees dans la pile: 3
Nombre de Tile traversees: 213  Distance est: 83
Nombre de Tile ajoutees dans la pile: 4
Nombre de Tile traversees: 214  Distance est: 83
Nombre de Tile ajoutees dans la pile: 4
Nombre de Tile traversees: 215  Distance est: 84
Nombre de Tile ajoutees dans la pile: 4
Nombre de Tile traversees: 216  Distance est: 84
Nombre de Tile ajoutees dans la pile: 4
Nombre de Tile traversees: 217  Distance est: 84
Nombre de Tile ajoutees dans la pile: 4
Nombre de Tile traversees: 218  Distance est: 84
Nombre de Tile ajoutees dans la pile: 4
Nombre de Tile traversees: 219  Distance est: 85
Nombre de Tile ajoutees dans la pile: 5
Nombre de Tile traversees: 220  Distance est: 85
Nombre de Tile ajoutees dans la pile: 6
Nombre de Tile traversees: 221  Distance est: 85
Nombre de Tile ajoutees dans la pile: 6
Nombre de Tile traversees: 222  Distance est: 85
Nombre de Tile ajoutees dans la pile: 6
Nombre de Tile traversees: 223  Distance est: 85
Nombre de Tile ajoutees dans la pile: 7
Nombre de Tile traversees: 224  Distance est: 86
Nombre de Tile ajoutees dans la pile: 6
Nombre de Tile traversees: 225  Distance est: 86
Nombre de Tile ajoutees dans la pile: 6
Nombre de Tile traversees: 226  Distance est: 86
Nombre de Tile ajoutees dans la pile: 6
Nombre de Tile traversees: 227  Distance est: 86
Nombre de Tile ajoutees dans la pile: 6
Nombre de Tile traversees: 228  Distance est: 86
Nombre de Tile ajoutees dans la pile: 6
Nombre de Tile traversees: 229  Distance est: 86
Nombre de Tile ajoutees dans la pile: 7
Nombre de Tile traversees: 230  Distance est: 87
Nombre de Tile ajoutees dans la pile: 6
Nombre de Tile traversees: 231  Distance est: 87
Nombre de Tile ajoutees dans la pile: 7
Nombre de Tile traversees: 232  Distance est: 87
Nombre de Tile ajoutees dans la pile: 7
Nombre de Tile traversees: 233  Distance est: 87
Nombre de Tile ajoutees dans la pile: 7
Nombre de Tile traversees: 234  Distance est: 87
Nombre de Tile ajoutees dans la pile: 7
Nombre de Tile traversees: 235  Distance est: 87
Nombre de Tile ajoutees dans la pile: 7
Nombre de Tile traversees: 236  Distance est: 88
Nombre de Tile ajoutees dans la pile: 6
Nombre de Tile traversees: 237  Distance est: 88
Nombre de Tile ajoutees dans la pile: 7
Nombre de Tile traversees: 238  Distance est: 88
Nombre de Tile ajoutees dans la pile: 7
Nombre de Tile traversees: 239  Distance est: 88
Nombre de Tile ajoutees dans la pile: 7
Nombre de Tile traversees: 240  Distance est: 88
Nombre de Tile ajoutees dans la pile: 7
Nombre de Tile traversees: 241  Distance est: 88
Nombre de Tile ajoutees dans la pile: 7
Nombre de Tile traversees: 242  Distance est: 89
Nombre de Tile ajoutees dans la pile: 7
Nombre de Tile traversees: 243  Distance est: 89
Nombre de Tile ajoutees dans la pile: 8
Nombre de Tile traversees: 244  Distance est: 89
Nombre de Tile ajoutees dans la pile: 7
Nombre de Tile traversees: 245  Distance est: 89
Nombre de Tile ajoutees dans la pile: 7
Nombre de Tile traversees: 246  Distance est: 89
Nombre de Tile ajoutees dans la pile: 7
Nombre de Tile traversees: 247  Distance est: 89
Nombre de Tile ajoutees dans la pile: 7
Nombre de Tile traversees: 248  Distance est: 89
Nombre de Tile ajoutees dans la pile: 7
Nombre de Tile traversees: 249  Distance est: 90
Nombre de Tile ajoutees dans la pile: 7
Nombre de Tile traversees: 250  Distance est: 90
Nombre de Tile ajoutees dans la pile: 7
Nombre de Tile traversees: 251  Distance est: 90
Nombre de Tile ajoutees dans la pile: 7
Nombre de Tile traversees: 252  Distance est: 90
Nombre de Tile ajoutees dans la pile: 7
Nombre de Tile traversees: 253  Distance est: 90
Nombre de Tile ajoutees dans la pile: 7
Nombre de Tile traversees: 254  Distance est: 90
Nombre de Tile ajoutees dans la pile: 7
Nombre de Tile traversees: 255  Distance est: 90
Nombre de Tile ajoutees dans la pile: 7
Nombre de Tile traversees: 256  Distance est: 91
Nombre de Tile ajoutees dans la pile: 7
Nombre de Tile traversees: 257  Distance est: 91
Nombre de Tile ajoutees dans la pile: 6
Nombre de Tile traversees: 258  Distance est: 91
Nombre de Tile ajoutees dans la pile: 6
Nombre de Tile traversees: 259  Distance est: 91
Nombre de Tile ajoutees dans la pile: 7
Nombre de Tile traversees: 260  Distance est: 91
Nombre de Tile ajoutees dans la pile: 7
Nombre de Tile traversees: 261  Distance est: 91
Nombre de Tile ajoutees dans la pile: 6
Nombre de Tile traversees: 262  Distance est: 91
Nombre de Tile ajoutees dans la pile: 6
Nombre de Tile traversees: 263  Distance est: 92
Nombre de Tile ajoutees dans la pile: 6
Nombre de Tile traversees: 264  Distance est: 92
Nombre de Tile ajoutees dans la pile: 6
Nombre de Tile traversees: 265  Distance est: 92
Nombre de Tile ajoutees dans la pile: 7
Nombre de Tile traversees: 266  Distance est: 92
Nombre de Tile ajoutees dans la pile: 7
Nombre de Tile traversees: 267  Distance est: 92
Nombre de Tile ajoutees dans la pile: 8
Nombre de Tile traversees: 268  Distance est: 92
Nombre de Tile ajoutees dans la pile: 8
Nombre de Tile traversees: 269  Distance est: 93
Nombre de Tile ajoutees dans la pile: 8
Nombre de Tile traversees: 270  Distance est: 93
Nombre de Tile ajoutees dans la pile: 8
Nombre de Tile traversees: 271  Distance est: 93
Nombre de Tile ajoutees dans la pile: 8
Nombre de Tile traversees: 272  Distance est: 93
Nombre de Tile ajoutees dans la pile: 7
Nombre de Tile traversees: 273  Distance est: 93
Nombre de Tile ajoutees dans la pile: 7
Nombre de Tile traversees: 274  Distance est: 93
Nombre de Tile ajoutees dans la pile: 8
Nombre de Tile traversees: 275  Distance est: 93
Nombre de Tile ajoutees dans la pile: 8
Nombre de Tile traversees: 276  Distance est: 93
Nombre de Tile ajoutees dans la pile: 9
Nombre de Tile traversees: 277  Distance est: 94
Nombre de Tile ajoutees dans la pile: 9
Nombre de Tile traversees: 278  Distance est: 94
Nombre de Tile ajoutees dans la pile: 9
Nombre de Tile traversees: 279  Distance est: 94
Nombre de Tile ajoutees dans la pile: 9
Nombre de Tile traversees: 280  Distance est: 94
Nombre de Tile ajoutees dans la pile: 9
Nombre de Tile traversees: 281  Distance est: 94
Nombre de Tile ajoutees dans la pile: 10
Nombre de Tile traversees: 282  Distance est: 94
Nombre de Tile ajoutees dans la pile: 9
Nombre de Tile traversees: 283  Distance est: 94
Nombre de Tile ajoutees dans la pile: 9
Nombre de Tile traversees: 284  Distance est: 94
Nombre de Tile ajoutees dans la pile: 9
Nombre de Tile traversees: 285  Distance est: 94
Nombre de Tile ajoutees dans la pile: 9
Nombre de Tile traversees: 286  Distance est: 95
Nombre de Tile ajoutees dans la pile: 9
Nombre de Tile traversees: 287  Distance est: 95
Nombre de Tile ajoutees dans la pile: 9
Nombre de Tile traversees: 288  Distance est: 95
Nombre de Tile ajoutees dans la pile: 8
Nombre de Tile traversees: 289  Distance est: 95
Nombre de Tile ajoutees dans la pile: 8
Nombre de Tile traversees: 290  Distance est: 95
Nombre de Tile ajoutees dans la pile: 7
Nombre de Tile traversees: 291  Distance est: 95
Nombre de Tile ajoutees dans la pile: 7
Nombre de Tile traversees: 292  Distance est: 95
Nombre de Tile ajoutees dans la pile: 6
Nombre de Tile traversees: 293  Distance est: 95
Nombre de Tile ajoutees dans la pile: 6
Nombre de Tile traversees: 294  Distance est: 95
Nombre de Tile ajoutees dans la pile: 6
Nombre de Tile traversees: 295  Distance est: 96
Nombre de Tile ajoutees dans la pile: 6
Nombre de Tile traversees: 296  Distance est: 96
Nombre de Tile ajoutees dans la pile: 6
Nombre de Tile traversees: 297  Distance est: 96
Nombre de Tile ajoutees dans la pile: 6
Nombre de Tile traversees: 298  Distance est: 96
Nombre de Tile ajoutees dans la pile: 6
Nombre de Tile traversees: 299  Distance est: 96
Nombre de Tile ajoutees dans la pile: 6
Nombre de Tile traversees: 300  Distance est: 96
Nombre de Tile ajoutees dans la pile: 7
Nombre de Tile traversees: 301  Distance est: 97
Nombre de Tile ajoutees dans la pile: 7
Nombre de Tile traversees: 302  Distance est: 97
Nombre de Tile ajoutees dans la pile: 7
Nombre de Tile traversees: 303  Distance est: 97
Nombre de Tile ajoutees dans la pile: 7
Nombre de Tile traversees: 304  Distance est: 97
Nombre de Tile ajoutees dans la pile: 7
Nombre de Tile traversees: 305  Distance est: 97
Nombre de Tile ajoutees dans la pile: 7
Nombre de Tile traversees: 306  Distance est: 97
Nombre de Tile ajoutees dans la pile: 8
Nombre de Tile traversees: 307  Distance est: 97
Nombre de Tile ajoutees dans la pile: 7
Nombre de Tile traversees: 308  Distance est: 98
Nombre de Tile ajoutees dans la pile: 8
Nombre de Tile traversees: 309  Distance est: 98
Nombre de Tile ajoutees dans la pile: 8
Nombre de Tile traversees: 310  Distance est: 98
Nombre de Tile ajoutees dans la pile: 8
Nombre de Tile traversees: 311  Distance est: 98
Nombre de Tile ajoutees dans la pile: 8
Nombre de Tile traversees: 312  Distance est: 98
Nombre de Tile ajoutees dans la pile: 8
Nombre de Tile traversees: 313  Distance est: 98
Nombre de Tile ajoutees dans la pile: 9
Nombre de Tile traversees: 314  Distance est: 98
Nombre de Tile ajoutees dans la pile: 8
Nombre de Tile traversees: 315  Distance est: 98
Nombre de Tile ajoutees dans la pile: 8
Nombre de Tile traversees: 316  Distance est: 99
Nombre de Tile ajoutees dans la pile: 8
Nombre de Tile traversees: 317  Distance est: 99
Nombre de Tile ajoutees dans la pile: 8
Nombre de Tile traversees: 318  Distance est: 99
Nombre de Tile ajoutees dans la pile: 8
Nombre de Tile traversees: 319  Distance est: 99
Nombre de Tile ajoutees dans la pile: 8
Nombre de Tile traversees: 320  Distance est: 99
Nombre de Tile ajoutees dans la pile: 8
Nombre de Tile traversees: 321  Distance est: 99
Nombre de Tile ajoutees dans la pile: 8
Nombre de Tile traversees: 322  Distance est: 99
Nombre de Tile ajoutees dans la pile: 7
Nombre de Tile traversees: 323  Distance est: 99
Nombre de Tile ajoutees dans la pile: 7
Nombre de Tile traversees: 324  Distance est: 100
Nombre de Tile ajoutees dans la pile: 7
Nombre de Tile traversees: 325  Distance est: 100
Nombre de Tile ajoutees dans la pile: 7
Nombre de Tile traversees: 326  Distance est: 100
Nombre de Tile ajoutees dans la pile: 7
Nombre de Tile traversees: 327  Distance est: 100
Nombre de Tile ajoutees dans la pile: 8
Nombre de Tile traversees: 328  Distance est: 100
Nombre de Tile ajoutees dans la pile: 8
Nombre de Tile traversees: 329  Distance est: 100
Nombre de Tile ajoutees dans la pile: 8
Nombre de Tile traversees: 330  Distance est: 100
Nombre de Tile ajoutees dans la pile: 8
Nombre de Tile traversees: 331  Distance est: 101
Nombre de Tile ajoutees dans la pile: 8
Nombre de Tile traversees: 332  Distance est: 101
Nombre de Tile ajoutees dans la pile: 7
Nombre de Tile traversees: 333  Distance est: 101
Nombre de Tile ajoutees dans la pile: 7
Nombre de Tile traversees: 334  Distance est: 101
Nombre de Tile ajoutees dans la pile: 8
Nombre de Tile traversees: 335  Distance est: 101
Nombre de Tile ajoutees dans la pile: 7
Nombre de Tile traversees: 336  Distance est: 101
Nombre de Tile ajoutees dans la pile: 7
Nombre de Tile traversees: 337  Distance est: 101
Nombre de Tile ajoutees dans la pile: 7
Nombre de Tile traversees: 338  Distance est: 101
Nombre de Tile ajoutees dans la pile: 7
Nombre de Tile traversees: 339  Distance est: 102
Nombre de Tile ajoutees dans la pile: 8
Nombre de Tile traversees: 340  Distance est: 102
Nombre de Tile ajoutees dans la pile: 8
Nombre de Tile traversees: 341  Distance est: 102
Nombre de Tile ajoutees dans la pile: 9
Nombre de Tile traversees: 342  Distance est: 102
Nombre de Tile ajoutees dans la pile: 8
Nombre de Tile traversees: 343  Distance est: 102
Nombre de Tile ajoutees dans la pile: 8
Nombre de Tile traversees: 344  Distance est: 102
Nombre de Tile ajoutees dans la pile: 9
Nombre de Tile traversees: 345  Distance est: 102
Nombre de Tile ajoutees dans la pile: 9
Nombre de Tile traversees: 346  Distance est: 102
Nombre de Tile ajoutees dans la pile: 9
Nombre de Tile traversees: 347  Distance est: 103
Nombre de Tile ajoutees dans la pile: 9
Nombre de Tile traversees: 348  Distance est: 103
Nombre de Tile ajoutees dans la pile: 9
Nombre de Tile traversees: 349  Distance est: 103
Nombre de Tile ajoutees dans la pile: 9
Nombre de Tile traversees: 350  Distance est: 103
Nombre de Tile ajoutees dans la pile: 8
Nombre de Tile traversees: 351  Distance est: 103
Nombre de Tile ajoutees dans la pile: 8
Nombre de Tile traversees: 352  Distance est: 103
Nombre de Tile ajoutees dans la pile: 9
Nombre de Tile traversees: 353  Distance est: 103
Nombre de Tile ajoutees dans la pile: 8
Nombre de Tile traversees: 354  Distance est: 103
Nombre de Tile ajoutees dans la pile: 8
Nombre de Tile traversees: 355  Distance est: 103
Nombre de Tile ajoutees dans la pile: 9
Nombre de Tile traversees: 356  Distance est: 104
Nombre de Tile ajoutees dans la pile: 8
Nombre de Tile traversees: 357  Distance est: 104
Nombre de Tile ajoutees dans la pile: 8
Nombre de Tile traversees: 358  Distance est: 104
Nombre de Tile ajoutees dans la pile: 8
Nombre de Tile traversees: 359  Distance est: 104
Nombre de Tile ajoutees dans la pile: 8
Nombre de Tile traversees: 360  Distance est: 104
Nombre de Tile ajoutees dans la pile: 9
Nombre de Tile traversees: 361  Distance est: 104
Nombre de Tile ajoutees dans la pile: 8
Nombre de Tile traversees: 362  Distance est: 104
Nombre de Tile ajoutees dans la pile: 8
Nombre de Tile traversees: 363  Distance est: 104
Nombre de Tile ajoutees dans la pile: 8
Nombre de Tile traversees: 364  Distance est: 105
Nombre de Tile ajoutees dans la pile: 8
Nombre de Tile traversees: 365  Distance est: 105
Nombre de Tile ajoutees dans la pile: 8
Nombre de Tile traversees: 366  Distance est: 105
Nombre de Tile ajoutees dans la pile: 9
Nombre de Tile traversees: 367  Distance est: 105
Nombre de Tile ajoutees dans la pile: 9
Nombre de Tile traversees: 368  Distance est: 105
Nombre de Tile ajoutees dans la pile: 9
Nombre de Tile traversees: 369  Distance est: 105
Nombre de Tile ajoutees dans la pile: 8
Nombre de Tile traversees: 370  Distance est: 105
Nombre de Tile ajoutees dans la pile: 8
Nombre de Tile traversees: 371  Distance est: 105
Nombre de Tile ajoutees dans la pile: 8
Nombre de Tile traversees: 372  Distance est: 106
Nombre de Tile ajoutees dans la pile: 8
Nombre de Tile traversees: 373  Distance est: 106
Nombre de Tile ajoutees dans la pile: 8
Nombre de Tile traversees: 374  Distance est: 106
Nombre de Tile ajoutees dans la pile: 8
Nombre de Tile traversees: 375  Distance est: 106
Nombre de Tile ajoutees dans la pile: 8
Nombre de Tile traversees: 376  Distance est: 106
Nombre de Tile ajoutees dans la pile: 8
Nombre de Tile traversees: 377  Distance est: 106
Nombre de Tile ajoutees dans la pile: 8
Nombre de Tile traversees: 378  Distance est: 106
Nombre de Tile ajoutees dans la pile: 8
Nombre de Tile traversees: 379  Distance est: 106
Nombre de Tile ajoutees dans la pile: 8
Nombre de Tile traversees: 380  Distance est: 107
Nombre de Tile ajoutees dans la pile: 8
Nombre de Tile traversees: 381  Distance est: 107
Nombre de Tile ajoutees dans la pile: 8
Nombre de Tile traversees: 382  Distance est: 107
Nombre de Tile ajoutees dans la pile: 8
Nombre de Tile traversees: 383  Distance est: 107
Nombre de Tile ajoutees dans la pile: 7
Nombre de Tile traversees: 384  Distance est: 107
Nombre de Tile ajoutees dans la pile: 8
Nombre de Tile traversees: 385  Distance est: 107
Nombre de Tile ajoutees dans la pile: 9
Nombre de Tile traversees: 386  Distance est: 107
Nombre de Tile ajoutees dans la pile: 9
Nombre de Tile traversees: 387  Distance est: 107
Nombre de Tile ajoutees dans la pile: 9
Nombre de Tile traversees: 388  Distance est: 108
Nombre de Tile ajoutees dans la pile: 9
Nombre de Tile traversees: 389  Distance est: 108
Nombre de Tile ajoutees dans la pile: 9
Nombre de Tile traversees: 390  Distance est: 108
Nombre de Tile ajoutees dans la pile: 9
Nombre de Tile traversees: 391  Distance est: 108
Nombre de Tile ajoutees dans la pile: 9
Nombre de Tile traversees: 392  Distance est: 108
Nombre de Tile ajoutees dans la pile: 9
Nombre de Tile traversees: 393  Distance est: 108
Nombre de Tile ajoutees dans la pile: 9
Nombre de Tile traversees: 394  Distance est: 108
Nombre de Tile ajoutees dans la pile: 9
Nombre de Tile traversees: 395  Distance est: 108
Nombre de Tile ajoutees dans la pile: 9
Nombre de Tile traversees: 396  Distance est: 108
Nombre de Tile ajoutees dans la pile: 9
Nombre de Tile traversees: 397  Distance est: 109
Nombre de Tile ajoutees dans la pile: 9
Nombre de Tile traversees: 398  Distance est: 109
Nombre de Tile ajoutees dans la pile: 9
Nombre de Tile traversees: 399  Distance est: 109
Nombre de Tile ajoutees dans la pile: 9
Nombre de Tile traversees: 400  Distance est: 109
Nombre de Tile ajoutees dans la pile: 9
Nombre de Tile traversees: 401  Distance est: 109
Nombre de Tile ajoutees dans la pile: 9
Nombre de Tile traversees: 402  Distance est: 109
Nombre de Tile ajoutees dans la pile: 9
Nombre de Tile traversees: 403  Distance est: 109
Nombre de Tile ajoutees dans la pile: 8
Nombre de Tile traversees: 404  Distance est: 109
Nombre de Tile ajoutees dans la pile: 8
Nombre de Tile traversees: 405  Distance est: 109
Nombre de Tile ajoutees dans la pile: 7
Nombre de Tile traversees: 406  Distance est: 110
Nombre de Tile ajoutees dans la pile: 7
Nombre de Tile traversees: 407  Distance est: 110
Nombre de Tile ajoutees dans la pile: 7
Nombre de Tile traversees: 408  Distance est: 110
Nombre de Tile ajoutees dans la pile: 7
Nombre de Tile traversees: 409  Distance est: 110
Nombre de Tile ajoutees dans la pile: 7
Nombre de Tile traversees: 410  Distance est: 110
Nombre de Tile ajoutees dans la pile: 7
Nombre de Tile traversees: 411  Distance est: 110
Nombre de Tile ajoutees dans la pile: 7
Nombre de Tile traversees: 412  Distance est: 110
Nombre de Tile ajoutees dans la pile: 7
Nombre de Tile traversees: 413  Distance est: 111
Nombre de Tile ajoutees dans la pile: 7
Nombre de Tile traversees: 414  Distance est: 111
Nombre de Tile ajoutees dans la pile: 7
Nombre de Tile traversees: 415  Distance est: 111
Nombre de Tile ajoutees dans la pile: 7
Nombre de Tile traversees: 416  Distance est: 111
Nombre de Tile ajoutees dans la pile: 8
Nombre de Tile traversees: 417  Distance est: 111
Nombre de Tile ajoutees dans la pile: 8
Nombre de Tile traversees: 418  Distance est: 111
Nombre de Tile ajoutees dans la pile: 8
Nombre de Tile traversees: 419  Distance est: 111
Nombre de Tile ajoutees dans la pile: 8
Nombre de Tile traversees: 420  Distance est: 112
Nombre de Tile ajoutees dans la pile: 9
Nombre de Tile traversees: 421  Distance est: 112
Nombre de Tile ajoutees dans la pile: 9
Nombre de Tile traversees: 422  Distance est: 112
Nombre de Tile ajoutees dans la pile: 9
Nombre de Tile traversees: 423  Distance est: 112
Nombre de Tile ajoutees dans la pile: 9
Nombre de Tile traversees: 424  Distance est: 112
Nombre de Tile ajoutees dans la pile: 9
Nombre de Tile traversees: 425  Distance est: 112
Nombre de Tile ajoutees dans la pile: 9
Nombre de Tile traversees: 426  Distance est: 112
Nombre de Tile ajoutees dans la pile: 9
Nombre de Tile traversees: 427  Distance est: 112
Nombre de Tile ajoutees dans la pile: 9
Nombre de Tile traversees: 428  Distance est: 112
Nombre de Tile ajoutees dans la pile: 9
Nombre de Tile traversees: 429  Distance est: 113
Nombre de Tile ajoutees dans la pile: 9
Nombre de Tile traversees: 430  Distance est: 113
Nombre de Tile ajoutees dans la pile: 10
Nombre de Tile traversees: 431  Distance est: 113
Nombre de Tile ajoutees dans la pile: 10
Nombre de Tile traversees: 432  Distance est: 113
Nombre de Tile ajoutees dans la pile: 10
Nombre de Tile traversees: 433  Distance est: 113
Nombre de Tile ajoutees dans la pile: 10
Nombre de Tile traversees: 434  Distance est: 113
Nombre de Tile ajoutees dans la pile: 11
Nombre de Tile traversees: 435  Distance est: 113
Nombre de Tile ajoutees dans la pile: 11
Nombre de Tile traversees: 436  Distance est: 113
Nombre de Tile ajoutees dans la pile: 12
Nombre de Tile traversees: 437  Distance est: 113
Nombre de Tile ajoutees dans la pile: 12
Nombre de Tile traversees: 438  Distance est: 114
Nombre de Tile ajoutees dans la pile: 11
Nombre de Tile traversees: 439  Distance est: 114
Nombre de Tile ajoutees dans la pile: 11
Nombre de Tile traversees: 440  Distance est: 114
Nombre de Tile ajoutees dans la pile: 12
Nombre de Tile traversees: 441  Distance est: 114
Nombre de Tile ajoutees dans la pile: 12
Nombre de Tile traversees: 442  Distance est: 114
Nombre de Tile ajoutees dans la pile: 12
Nombre de Tile traversees: 443  Distance est: 114
Nombre de Tile ajoutees dans la pile: 12
Nombre de Tile traversees: 444  Distance est: 114
Nombre de Tile ajoutees dans la pile: 12
Nombre de Tile traversees: 445  Distance est: 114
Nombre de Tile ajoutees dans la pile: 12
Nombre de Tile traversees: 446  Distance est: 114
Nombre de Tile ajoutees dans la pile: 12
Nombre de Tile traversees: 447  Distance est: 114
Nombre de Tile ajoutees dans la pile: 12
Nombre de Tile traversees: 448  Distance est: 114
Nombre de Tile ajoutees dans la pile: 12
Nombre de Tile traversees: 449  Distance est: 115
Nombre de Tile ajoutees dans la pile: 12
Nombre de Tile traversees: 450  Distance est: 115
Nombre de Tile ajoutees dans la pile: 12
Nombre de Tile traversees: 451  Distance est: 115
Nombre de Tile ajoutees dans la pile: 13
Nombre de Tile traversees: 452  Distance est: 115
Nombre de Tile ajoutees dans la pile: 13
Nombre de Tile traversees: 453  Distance est: 115
Nombre de Tile ajoutees dans la pile: 13
Nombre de Tile traversees: 454  Distance est: 115
Nombre de Tile ajoutees dans la pile: 13
Nombre de Tile traversees: 455  Distance est: 115
Nombre de Tile ajoutees dans la pile: 13
Nombre de Tile traversees: 456  Distance est: 115
Nombre de Tile ajoutees dans la pile: 12
Nombre de Tile traversees: 457  Distance est: 115
Nombre de Tile ajoutees dans la pile: 12
Nombre de Tile traversees: 458  Distance est: 115
Nombre de Tile ajoutees dans la pile: 12
Nombre de Tile traversees: 459  Distance est: 115
Nombre de Tile ajoutees dans la pile: 11
Nombre de Tile traversees: 460  Distance est: 115
Nombre de Tile ajoutees dans la pile: 11
Nombre de Tile traversees: 461  Distance est: 116
Nombre de Tile ajoutees dans la pile: 11
Nombre de Tile traversees: 462  Distance est: 116
Nombre de Tile ajoutees dans la pile: 11
Nombre de Tile traversees: 463  Distance est: 116
Nombre de Tile ajoutees dans la pile: 12
Nombre de Tile traversees: 464  Distance est: 116
Nombre de Tile ajoutees dans la pile: 11
Nombre de Tile traversees: 465  Distance est: 116
Nombre de Tile ajoutees dans la pile: 11
Nombre de Tile traversees: 466  Distance est: 116
Nombre de Tile ajoutees dans la pile: 11
Nombre de Tile traversees: 467  Distance est: 116
Nombre de Tile ajoutees dans la pile: 11
Nombre de Tile traversees: 468  Distance est: 116
Nombre de Tile ajoutees dans la pile: 11
Nombre de Tile traversees: 469  Distance est: 116
Nombre de Tile ajoutees dans la pile: 11
Nombre de Tile traversees: 470  Distance est: 116
Nombre de Tile ajoutees dans la pile: 11
Nombre de Tile traversees: 471  Distance est: 116
Nombre de Tile ajoutees dans la pile: 11
Nombre de Tile traversees: 472  Distance est: 117
Nombre de Tile ajoutees dans la pile: 11
Nombre de Tile traversees: 473  Distance est: 117
Nombre de Tile ajoutees dans la pile: 11
Nombre de Tile traversees: 474  Distance est: 117
Nombre de Tile ajoutees dans la pile: 11
Nombre de Tile traversees: 475  Distance est: 117
Nombre de Tile ajoutees dans la pile: 10
Nombre de Tile traversees: 476  Distance est: 117
Nombre de Tile ajoutees dans la pile: 9
Nombre de Tile traversees: 477  Distance est: 117
Nombre de Tile ajoutees dans la pile: 9
Nombre de Tile traversees: 478  Distance est: 117
Nombre de Tile ajoutees dans la pile: 9
Nombre de Tile traversees: 479  Distance est: 117
Nombre de Tile ajoutees dans la pile: 9
Nombre de Tile traversees: 480  Distance est: 117
Nombre de Tile ajoutees dans la pile: 8
Nombre de Tile traversees: 481  Distance est: 117
Nombre de Tile ajoutees dans la pile: 8
Nombre de Tile traversees: 482  Distance est: 117
Nombre de Tile ajoutees dans la pile: 8
Nombre de Tile traversees: 483  Distance est: 118
Nombre de Tile ajoutees dans la pile: 7
Nombre de Tile traversees: 484  Distance est: 118
Nombre de Tile ajoutees dans la pile: 7
Nombre de Tile traversees: 485  Distance est: 118
Nombre de Tile ajoutees dans la pile: 7
Nombre de Tile traversees: 486  Distance est: 118
Nombre de Tile ajoutees dans la pile: 7
Nombre de Tile traversees: 487  Distance est: 118
Nombre de Tile ajoutees dans la pile: 7
Nombre de Tile traversees: 488  Distance est: 118
Nombre de Tile ajoutees dans la pile: 7
Nombre de Tile traversees: 489  Distance est: 118
Nombre de Tile ajoutees dans la pile: 7
Nombre de Tile traversees: 490  Distance est: 119
Nombre de Tile ajoutees dans la pile: 7
Nombre de Tile traversees: 491  Distance est: 119
Nombre de Tile ajoutees dans la pile: 7
Nombre de Tile traversees: 492  Distance est: 119
Nombre de Tile ajoutees dans la pile: 7
Nombre de Tile traversees: 493  Distance est: 119
Nombre de Tile ajoutees dans la pile: 7
Nombre de Tile traversees: 494  Distance est: 119
Nombre de Tile ajoutees dans la pile: 8
Nombre de Tile traversees: 495  Distance est: 119
Nombre de Tile ajoutees dans la pile: 8
Nombre de Tile traversees: 496  Distance est: 119
Nombre de Tile ajoutees dans la pile: 8
Nombre de Tile traversees: 497  Distance est: 120
Nombre de Tile ajoutees dans la pile: 9
Nombre de Tile traversees: 498  Distance est: 120
Nombre de Tile ajoutees dans la pile: 9
Nombre de Tile traversees: 499  Distance est: 120
Nombre de Tile ajoutees dans la pile: 9
Nombre de Tile traversees: 500  Distance est: 120
Nombre de Tile ajoutees dans la pile: 9
Nombre de Tile traversees: 501  Distance est: 120
Nombre de Tile ajoutees dans la pile: 10
Nombre de Tile traversees: 502  Distance est: 120
Nombre de Tile ajoutees dans la pile: 10
Nombre de Tile traversees: 503  Distance est: 120
Nombre de Tile ajoutees dans la pile: 10
Nombre de Tile traversees: 504  Distance est: 120
Nombre de Tile ajoutees dans la pile: 10
Nombre de Tile traversees: 505  Distance est: 120
Nombre de Tile ajoutees dans la pile: 10
Nombre de Tile traversees: 506  Distance est: 121
Nombre de Tile ajoutees dans la pile: 10
Nombre de Tile traversees: 507  Distance est: 121
Nombre de Tile ajoutees dans la pile: 10
Nombre de Tile traversees: 508  Distance est: 121
Nombre de Tile ajoutees dans la pile: 10
Nombre de Tile traversees: 509  Distance est: 121
Nombre de Tile ajoutees dans la pile: 10
Nombre de Tile traversees: 510  Distance est: 121
Nombre de Tile ajoutees dans la pile: 10
Nombre de Tile traversees: 511  Distance est: 121
Nombre de Tile ajoutees dans la pile: 9
Nombre de Tile traversees: 512  Distance est: 121
Nombre de Tile ajoutees dans la pile: 9
Nombre de Tile traversees: 513  Distance est: 121
Nombre de Tile ajoutees dans la pile: 9
Nombre de Tile traversees: 514  Distance est: 121
Nombre de Tile ajoutees dans la pile: 8
Nombre de Tile traversees: 515  Distance est: 121
Nombre de Tile ajoutees dans la pile: 8
Nombre de Tile traversees: 516  Distance est: 122
Nombre de Tile ajoutees dans la pile: 8
Nombre de Tile traversees: 517  Distance est: 122
Nombre de Tile ajoutees dans la pile: 8
Nombre de Tile traversees: 518  Distance est: 122
Nombre de Tile ajoutees dans la pile: 8
Nombre de Tile traversees: 519  Distance est: 122
Nombre de Tile ajoutees dans la pile: 8
Nombre de Tile traversees: 520  Distance est: 122
Nombre de Tile ajoutees dans la pile: 8
Nombre de Tile traversees: 521  Distance est: 122
Nombre de Tile ajoutees dans la pile: 8
Nombre de Tile traversees: 522  Distance est: 122
Nombre de Tile ajoutees dans la pile: 8
Nombre de Tile traversees: 523  Distance est: 122
Nombre de Tile ajoutees dans la pile: 8
Nombre de Tile traversees: 524  Distance est: 123
Nombre de Tile ajoutees dans la pile: 8
Nombre de Tile traversees: 525  Distance est: 123
Nombre de Tile ajoutees dans la pile: 8
Nombre de Tile traversees: 526  Distance est: 123
Nombre de Tile ajoutees dans la pile: 8
Nombre de Tile traversees: 527  Distance est: 123
Nombre de Tile ajoutees dans la pile: 8
Nombre de Tile traversees: 528  Distance est: 123
Nombre de Tile ajoutees dans la pile: 8
Nombre de Tile traversees: 529  Distance est: 123
Nombre de Tile ajoutees dans la pile: 7
Nombre de Tile traversees: 530  Distance est: 123
Nombre de Tile ajoutees dans la pile: 6
Nombre de Tile traversees: 531  Distance est: 123
Nombre de Tile ajoutees dans la pile: 6
Nombre de Tile traversees: 532  Distance est: 124
Nombre de Tile ajoutees dans la pile: 6
Nombre de Tile traversees: 533  Distance est: 124
Nombre de Tile ajoutees dans la pile: 6
Nombre de Tile traversees: 534  Distance est: 124
Nombre de Tile ajoutees dans la pile: 6
Nombre de Tile traversees: 535  Distance est: 124
Nombre de Tile ajoutees dans la pile: 6
Nombre de Tile traversees: 536  Distance est: 124
Nombre de Tile ajoutees dans la pile: 6
Nombre de Tile traversees: 537  Distance est: 124
Nombre de Tile ajoutees dans la pile: 6
Nombre de Tile traversees: 538  Distance est: 125
Nombre de Tile ajoutees dans la pile: 6
Nombre de Tile traversees: 539  Distance est: 125
Nombre de Tile ajoutees dans la pile: 6
Nombre de Tile traversees: 540  Distance est: 125
Nombre de Tile ajoutees dans la pile: 6
Nombre de Tile traversees: 541  Distance est: 125
Nombre de Tile ajoutees dans la pile: 6
Nombre de Tile traversees: 542  Distance est: 125
Nombre de Tile ajoutees dans la pile: 6
Nombre de Tile traversees: 543  Distance est: 125
Nombre de Tile ajoutees dans la pile: 6
Nombre de Tile traversees: 544  Distance est: 126
Nombre de Tile ajoutees dans la pile: 6
Nombre de Tile traversees: 545  Distance est: 126
Nombre de Tile ajoutees dans la pile: 6
Nombre de Tile traversees: 546  Distance est: 126
Nombre de Tile ajoutees dans la pile: 6
Nombre de Tile traversees: 547  Distance est: 126
Nombre de Tile ajoutees dans la pile: 6
Nombre de Tile traversees: 548  Distance est: 126
Nombre de Tile ajoutees dans la pile: 6
Nombre de Tile traversees: 549  Distance est: 126
Nombre de Tile ajoutees dans la pile: 6
Nombre de Tile traversees: 550  Distance est: 127
Nombre de Tile ajoutees dans la pile: 6
Nombre de Tile traversees: 551  Distance est: 127
Nombre de Tile ajoutees dans la pile: 7
Nombre de Tile traversees: 552  Distance est: 127
Nombre de Tile ajoutees dans la pile: 6
Nombre de Tile traversees: 553  Distance est: 127
Nombre de Tile ajoutees dans la pile: 6
Nombre de Tile traversees: 554  Distance est: 127
Nombre de Tile ajoutees dans la pile: 6
Nombre de Tile traversees: 555  Distance est: 127
Nombre de Tile ajoutees dans la pile: 6
Nombre de Tile traversees: 556  Distance est: 128
Nombre de Tile ajoutees dans la pile: 7
Nombre de Tile traversees: 557  Distance est: 128
Nombre de Tile ajoutees dans la pile: 7
Nombre de Tile traversees: 558  Distance est: 128
Nombre de Tile ajoutees dans la pile: 7
Nombre de Tile traversees: 559  Distance est: 128
Nombre de Tile ajoutees dans la pile: 7
Nombre de Tile traversees: 560  Distance est: 128
Nombre de Tile ajoutees dans la pile: 7
Nombre de Tile traversees: 561  Distance est: 128
Nombre de Tile ajoutees dans la pile: 7
Nombre de Tile traversees: 562  Distance est: 128
Nombre de Tile ajoutees dans la pile: 7
Nombre de Tile traversees: 563  Distance est: 129
Nombre de Tile ajoutees dans la pile: 7
Nombre de Tile traversees: 564  Distance est: 129
Nombre de Tile ajoutees dans la pile: 7
Nombre de Tile traversees: 565  Distance est: 129
Nombre de Tile ajoutees dans la pile: 7
Nombre de Tile traversees: 566  Distance est: 129
Nombre de Tile ajoutees dans la pile: 7
Nombre de Tile traversees: 567  Distance est: 129
Nombre de Tile ajoutees dans la pile: 7
Nombre de Tile traversees: 568  Distance est: 129
Nombre de Tile ajoutees dans la pile: 7
Nombre de Tile traversees: 569  Distance est: 129
Nombre de Tile ajoutees dans la pile: 7
Nombre de Tile traversees: 570  Distance est: 130
Nombre de Tile ajoutees dans la pile: 7
Nombre de Tile traversees: 571  Distance est: 130
Nombre de Tile ajoutees dans la pile: 7
Nombre de Tile traversees: 572  Distance est: 130
Nombre de Tile ajoutees dans la pile: 7
Nombre de Tile traversees: 573  Distance est: 130
Nombre de Tile ajoutees dans la pile: 7
Nombre de Tile traversees: 574  Distance est: 130
Nombre de Tile ajoutees dans la pile: 7
Nombre de Tile traversees: 575  Distance est: 130
Nombre de Tile ajoutees dans la pile: 7
Nombre de Tile traversees: 576  Distance est: 130
Nombre de Tile ajoutees dans la pile: 7
Nombre de Tile traversees: 577  Distance est: 131
Nombre de Tile ajoutees dans la pile: 7
Nombre de Tile traversees: 578  Distance est: 131
Nombre de Tile ajoutees dans la pile: 7
Nombre de Tile traversees: 579  Distance est: 131
Nombre de Tile ajoutees dans la pile: 7
Nombre de Tile traversees: 580  Distance est: 131
Nombre de Tile ajoutees dans la pile: 7
Nombre de Tile traversees: 581  Distance est: 131
Nombre de Tile ajoutees dans la pile: 7
Nombre de Tile traversees: 582  Distance est: 131
Nombre de Tile ajoutees dans la pile: 7
Nombre de Tile traversees: 583  Distance est: 131
Nombre de Tile ajoutees dans la pile: 7
Nombre de Tile traversees: 584  Distance est: 132
Nombre de Tile ajoutees dans la pile: 7
Nombre de Tile traversees: 585  Distance est: 132
Nombre de Tile ajoutees dans la pile: 7
Nombre de Tile traversees: 586  Distance est: 132
Nombre de Tile ajoutees dans la pile: 7
Nombre de Tile traversees: 587  Distance est: 132
Nombre de Tile ajoutees dans la pile: 7
Nombre de Tile traversees: 588  Distance est: 132
Nombre de Tile ajoutees dans la pile: 7
Nombre de Tile traversees: 589  Distance est: 132
Nombre de Tile ajoutees dans la pile: 7
Nombre de Tile traversees: 590  Distance est: 132
Nombre de Tile ajoutees dans la pile: 7
Nombre de Tile traversees: 591  Distance est: 133
Nombre de Tile ajoutees dans la pile: 7
Nombre de Tile traversees: 592  Distance est: 133
Nombre de Tile ajoutees dans la pile: 8
Nombre de Tile traversees: 593  Distance est: 133
Nombre de Tile ajoutees dans la pile: 8
Nombre de Tile traversees: 594  Distance est: 133
Nombre de Tile ajoutees dans la pile: 8
Nombre de Tile traversees: 595  Distance est: 133
Nombre de Tile ajoutees dans la pile: 9
Nombre de Tile traversees: 596  Distance est: 133
Nombre de Tile ajoutees dans la pile: 9
Nombre de Tile traversees: 597  Distance est: 133
Nombre de Tile ajoutees dans la pile: 9
Nombre de Tile traversees: 598  Distance est: 134
Nombre de Tile ajoutees dans la pile: 9
Nombre de Tile traversees: 599  Distance est: 134
Nombre de Tile ajoutees dans la pile: 9
Nombre de Tile traversees: 600  Distance est: 134
Nombre de Tile ajoutees dans la pile: 9
Nombre de Tile traversees: 601  Distance est: 134
Nombre de Tile ajoutees dans la pile: 9
Nombre de Tile traversees: 602  Distance est: 134
Nombre de Tile ajoutees dans la pile: 10
Nombre de Tile traversees: 603  Distance est: 134
Nombre de Tile ajoutees dans la pile: 10
Nombre de Tile traversees: 604  Distance est: 134
Nombre de Tile ajoutees dans la pile: 10
Nombre de Tile traversees: 605  Distance est: 134
Nombre de Tile ajoutees dans la pile: 10
Nombre de Tile traversees: 606  Distance est: 134
Nombre de Tile ajoutees dans la pile: 10
Nombre de Tile traversees: 607  Distance est: 135
Nombre de Tile ajoutees dans la pile: 10
Nombre de Tile traversees: 608  Distance est: 135
Nombre de Tile ajoutees dans la pile: 10
Nombre de Tile traversees: 609  Distance est: 135
Nombre de Tile ajoutees dans la pile: 10
Nombre de Tile traversees: 610  Distance est: 135
Nombre de Tile ajoutees dans la pile: 11
Nombre de Tile traversees: 611  Distance est: 135
Nombre de Tile ajoutees dans la pile: 12
Nombre de Tile traversees: 612  Distance est: 135
Nombre de Tile ajoutees dans la pile: 11
Nombre de Tile traversees: 613  Distance est: 135
Nombre de Tile ajoutees dans la pile: 11
Nombre de Tile traversees: 614  Distance est: 135
Nombre de Tile ajoutees dans la pile: 11
Nombre de Tile traversees: 615  Distance est: 135
Nombre de Tile ajoutees dans la pile: 11
Nombre de Tile traversees: 616  Distance est: 135
Nombre de Tile ajoutees dans la pile: 10
Nombre de Tile traversees: 617  Distance est: 136
Nombre de Tile ajoutees dans la pile: 10
Nombre de Tile traversees: 618  Distance est: 136
Nombre de Tile ajoutees dans la pile: 10
Nombre de Tile traversees: 619  Distance est: 136
Nombre de Tile ajoutees dans la pile: 10
Nombre de Tile traversees: 620  Distance est: 136
Nombre de Tile ajoutees dans la pile: 10
Nombre de Tile traversees: 621  Distance est: 136
Nombre de Tile ajoutees dans la pile: 10
Nombre de Tile traversees: 622  Distance est: 136
Nombre de Tile ajoutees dans la pile: 11
Nombre de Tile traversees: 623  Distance est: 136
Nombre de Tile ajoutees dans la pile: 10
Nombre de Tile traversees: 624  Distance est: 136
Nombre de Tile ajoutees dans la pile: 10
Nombre de Tile traversees: 625  Distance est: 136
Nombre de Tile ajoutees dans la pile: 10
Nombre de Tile traversees: 626  Distance est: 136
Nombre de Tile ajoutees dans la pile: 10
Nombre de Tile traversees: 627  Distance est: 137
Nombre de Tile ajoutees dans la pile: 10
Nombre de Tile traversees: 628  Distance est: 137
Nombre de Tile ajoutees dans la pile: 10
Nombre de Tile traversees: 629  Distance est: 137
Nombre de Tile ajoutees dans la pile: 10
Nombre de Tile traversees: 630  Distance est: 137
Nombre de Tile ajoutees dans la pile: 10
Nombre de Tile traversees: 631  Distance est: 137
Nombre de Tile ajoutees dans la pile: 11
Nombre de Tile traversees: 632  Distance est: 137
Nombre de Tile ajoutees dans la pile: 10
Nombre de Tile traversees: 633  Distance est: 137
Nombre de Tile ajoutees dans la pile: 9
Nombre de Tile traversees: 634  Distance est: 137
Nombre de Tile ajoutees dans la pile: 9
Nombre de Tile traversees: 635  Distance est: 137
Nombre de Tile ajoutees dans la pile: 9
Nombre de Tile traversees: 636  Distance est: 137
Nombre de Tile ajoutees dans la pile: 9
Nombre de Tile traversees: 637  Distance est: 138
Nombre de Tile ajoutees dans la pile: 10
Nombre de Tile traversees: 638  Distance est: 138
Nombre de Tile ajoutees dans la pile: 10
Nombre de Tile traversees: 639  Distance est: 138
Nombre de Tile ajoutees dans la pile: 10
Nombre de Tile traversees: 640  Distance est: 138
Nombre de Tile ajoutees dans la pile: 10
Nombre de Tile traversees: 641  Distance est: 138
Nombre de Tile ajoutees dans la pile: 10
Nombre de Tile traversees: 642  Distance est: 138
Nombre de Tile ajoutees dans la pile: 10
Nombre de Tile traversees: 643  Distance est: 138
Nombre de Tile ajoutees dans la pile: 10
Nombre de Tile traversees: 644  Distance est: 138
Nombre de Tile ajoutees dans la pile: 10
Nombre de Tile traversees: 645  Distance est: 138
Nombre de Tile ajoutees dans la pile: 10
Nombre de Tile traversees: 646  Distance est: 138
Nombre de Tile ajoutees dans la pile: 10
Nombre de Tile traversees: 647  Distance est: 139
Nombre de Tile ajoutees dans la pile: 10
Nombre de Tile traversees: 648  Distance est: 139
Nombre de Tile ajoutees dans la pile: 10
Nombre de Tile traversees: 649  Distance est: 139
Nombre de Tile ajoutees dans la pile: 10
Nombre de Tile traversees: 650  Distance est: 139
Nombre de Tile ajoutees dans la pile: 10
Nombre de Tile traversees: 651  Distance est: 139
Nombre de Tile ajoutees dans la pile: 9
Nombre de Tile traversees: 652  Distance est: 139
Nombre de Tile ajoutees dans la pile: 9
Nombre de Tile traversees: 653  Distance est: 139
Nombre de Tile ajoutees dans la pile: 8
Nombre de Tile traversees: 654  Distance est: 139
Nombre de Tile ajoutees dans la pile: 8
Nombre de Tile traversees: 655  Distance est: 139
Nombre de Tile ajoutees dans la pile: 8
Nombre de Tile traversees: 656  Distance est: 139
Nombre de Tile ajoutees dans la pile: 8
Nombre de Tile traversees: 657  Distance est: 140
Nombre de Tile ajoutees dans la pile: 7
Nombre de Tile traversees: 658  Distance est: 140
Nombre de Tile ajoutees dans la pile: 8
Nombre de Tile traversees: 659  Distance est: 140
Nombre de Tile ajoutees dans la pile: 8
Nombre de Tile traversees: 660  Distance est: 140
Nombre de Tile ajoutees dans la pile: 8
Nombre de Tile traversees: 661  Distance est: 140
Nombre de Tile ajoutees dans la pile: 8
Nombre de Tile traversees: 662  Distance est: 140
Nombre de Tile ajoutees dans la pile: 8
Nombre de Tile traversees: 663  Distance est: 140
Nombre de Tile ajoutees dans la pile: 8
Nombre de Tile traversees: 664  Distance est: 141
Nombre de Tile ajoutees dans la pile: 8
Nombre de Tile traversees: 665  Distance est: 141
Nombre de Tile ajoutees dans la pile: 9
Nombre de Tile traversees: 666  Distance est: 141
Nombre de Tile ajoutees dans la pile: 8
Nombre de Tile traversees: 667  Distance est: 141
Nombre de Tile ajoutees dans la pile: 8
Nombre de Tile traversees: 668  Distance est: 141
Nombre de Tile ajoutees dans la pile: 8
Nombre de Tile traversees: 669  Distance est: 141
Nombre de Tile ajoutees dans la pile: 7
Nombre de Tile traversees: 670  Distance est: 141
Nombre de Tile ajoutees dans la pile: 8
Nombre de Tile traversees: 671  Distance est: 141
Nombre de Tile ajoutees dans la pile: 9
Nombre de Tile traversees: 672  Distance est: 142
Nombre de Tile ajoutees dans la pile: 9
Nombre de Tile traversees: 673  Distance est: 142
Nombre de Tile ajoutees dans la pile: 10
Nombre de Tile traversees: 674  Distance est: 142
Nombre de Tile ajoutees dans la pile: 9
Nombre de Tile traversees: 675  Distance est: 142
Nombre de Tile ajoutees dans la pile: 9
Nombre de Tile traversees: 676  Distance est: 142
Nombre de Tile ajoutees dans la pile: 9
Nombre de Tile traversees: 677  Distance est: 142
Nombre de Tile ajoutees dans la pile: 9
Nombre de Tile traversees: 1  Distance est: 0
Nombre de Tile ajoutees dans la pile: 1
Nombre de Tile traversees: 2  Distance est: 1
Nombre de Tile ajoutees dans la pile: 1
Nombre de Tile traversees: 3  Distance est: 2
Nombre de Tile ajoutees dans la pile: 1
Nombre de Tile traversees: 4  Distance est: 3
Nombre de Tile ajoutees dans la pile: 1
Nombre de Tile traversees: 5  Distance est: 4
Nombre de Tile ajoutees dans la pile: 1
Nombre de Tile traversees: 6  Distance est: 5
Nombre de Tile ajoutees dans la pile: 1
Nombre de Tile traversees: 7  Distance est: 6
Nombre de Tile ajoutees dans la pile: 2
Nombre de Tile traversees: 8  Distance est: 6
Nombre de Tile ajoutees dans la pile: 2
Nombre de Tile traversees: 9  Distance est: 7
Nombre de Tile ajoutees dans la pile: 2
Nombre de Tile traversees: 10  Distance est: 7
Nombre de Tile ajoutees dans la pile: 2
Nombre de Tile traversees: 11  Distance est: 8
Nombre de Tile ajoutees dans la pile: 2
Nombre de Tile traversees: 12  Distance est: 8
Nombre de Tile ajoutees dans la pile: 2
Nombre de Tile traversees: 13  Distance est: 9
Nombre de Tile ajoutees dans la pile: 2
Nombre de Tile traversees: 14  Distance est: 9
Nombre de Tile ajoutees dans la pile: 2
Nombre de Tile traversees: 15  Distance est: 10
Nombre de Tile ajoutees dans la pile: 2
Nombre de Tile traversees: 16  Distance est: 10
Nombre de Tile ajoutees dans la pile: 2
Nombre de Tile traversees: 17  Distance est: 11
Nombre de Tile ajoutees dans la pile: 2
Nombre de Tile traversees: 18  Distance est: 11
Nombre de Tile ajoutees dans la pile: 2
Nombre de Tile traversees: 19  Distance est: 12
Nombre de Tile ajoutees dans la pile: 2
Nombre de Tile traversees: 20  Distance est: 12
Nombre de Tile ajoutees dans la pile: 2
Nombre de Tile traversees: 21  Distance est: 13
Nombre de Tile ajoutees dans la pile: 2
Nombre de Tile traversees: 22  Distance est: 13
Nombre de Tile ajoutees dans la pile: 2
Nombre de Tile traversees: 23  Distance est: 14
Nombre de Tile ajoutees dans la pile: 2
Nombre de Tile traversees: 24  Distance est: 14
Nombre de Tile ajoutees dans la pile: 2
Nombre de Tile traversees: 25  Distance est: 15
Nombre de Tile ajoutees dans la pile: 2
Nombre de Tile traversees: 26  Distance est: 15
Nombre de Tile ajoutees dans la pile: 3
Nombre de Tile traversees: 27  Distance est: 16
Nombre de Tile ajoutees dans la pile: 3
Nombre de Tile traversees: 28  Distance est: 16
Nombre de Tile ajoutees dans la pile: 3
Nombre de Tile traversees: 29  Distance est: 16
Nombre de Tile ajoutees dans la pile: 3
Nombre de Tile traversees: 30  Distance est: 17
Nombre de Tile ajoutees dans la pile: 3
Nombre de Tile traversees: 31  Distance est: 17
Nombre de Tile ajoutees dans la pile: 3
Nombre de Tile traversees: 32  Distance est: 17
Nombre de Tile ajoutees dans la pile: 3
Nombre de Tile traversees: 33  Distance est: 18
Nombre de Tile ajoutees dans la pile: 3
Nombre de Tile traversees: 34  Distance est: 18
Nombre de Tile ajoutees dans la pile: 3
Nombre de Tile traversees: 35  Distance est: 18
Nombre de Tile ajoutees dans la pile: 3
Nombre de Tile traversees: 36  Distance est: 19
Nombre de Tile ajoutees dans la pile: 3
Nombre de Tile traversees: 37  Distance est: 19
Nombre de Tile ajoutees dans la pile: 3
Nombre de Tile traversees: 38  Distance est: 19
Nombre de Tile ajoutees dans la pile: 3
Nombre de Tile traversees: 39  Distance est: 20
Nombre de Tile ajoutees dans la pile: 2
Nombre de Tile traversees: 40  Distance est: 20
Nombre de Tile ajoutees dans la pile: 2
Nombre de Tile traversees: 41  Distance est: 21
Nombre de Tile ajoutees dans la pile: 2
Nombre de Tile traversees: 42  Distance est: 21
Nombre de Tile ajoutees dans la pile: 2
Nombre de Tile traversees: 43  Distance est: 22
Nombre de Tile ajoutees dans la pile: 2
Nombre de Tile traversees: 44  Distance est: 22
Nombre de Tile ajoutees dans la pile: 2
Nombre de Tile traversees: 45  Distance est: 23
Nombre de Tile ajoutees dans la pile: 2
Nombre de Tile traversees: 46  Distance est: 23
Nombre de Tile ajoutees dans la pile: 3
Nombre de Tile traversees: 47  Distance est: 24
Nombre de Tile ajoutees dans la pile: 3
Nombre de Tile traversees: 48  Distance est: 24
Nombre de Tile ajoutees dans la pile: 4
Nombre de Tile traversees: 49  Distance est: 24
Nombre de Tile ajoutees dans la pile: 4
Nombre de Tile traversees: 50  Distance est: 25
Nombre de Tile ajoutees dans la pile: 4
Nombre de Tile traversees: 51  Distance est: 25
Nombre de Tile ajoutees dans la pile: 5
Nombre de Tile traversees: 52  Distance est: 25
Nombre de Tile ajoutees dans la pile: 4
Nombre de Tile traversees: 53  Distance est: 25
Nombre de Tile ajoutees dans la pile: 4
Nombre de Tile traversees: 54  Distance est: 26
Nombre de Tile ajoutees dans la pile: 4
Nombre de Tile traversees: 55  Distance est: 26
Nombre de Tile ajoutees dans la pile: 4
Nombre de Tile traversees: 56  Distance est: 26
Nombre de Tile ajoutees dans la pile: 4
Nombre de Tile traversees: 57  Distance est: 26
Nombre de Tile ajoutees dans la pile: 4
Nombre de Tile traversees: 58  Distance est: 27
Nombre de Tile ajoutees dans la pile: 4
Nombre de Tile traversees: 59  Distance est: 27
Nombre de Tile ajoutees dans la pile: 4
Nombre de Tile traversees: 60  Distance est: 27
Nombre de Tile ajoutees dans la pile: 4
Nombre de Tile traversees: 61  Distance est: 27
Nombre de Tile ajoutees dans la pile: 4
Nombre de Tile traversees: 62  Distance est: 28
Nombre de Tile ajoutees dans la pile: 4
Nombre de Tile traversees: 63  Distance est: 28
Nombre de Tile ajoutees dans la pile: 4
Nombre de Tile traversees: 64  Distance est: 28
Nombre de Tile ajoutees dans la pile: 4
Nombre de Tile traversees: 65  Distance est: 28
Nombre de Tile ajoutees dans la pile: 4
Nombre de Tile traversees: 66  Distance est: 29
Nombre de Tile ajoutees dans la pile: 4
Nombre de Tile traversees: 67  Distance est: 29
Nombre de Tile ajoutees dans la pile: 4
Nombre de Tile traversees: 68  Distance est: 29
Nombre de Tile ajoutees dans la pile: 4
Nombre de Tile traversees: 69  Distance est: 29
Nombre de Tile ajoutees dans la pile: 4
Nombre de Tile traversees: 70  Distance est: 30
Nombre de Tile ajoutees dans la pile: 4
Nombre de Tile traversees: 71  Distance est: 30
Nombre de Tile ajoutees dans la pile: 5
Nombre de Tile traversees: 72  Distance est: 30
Nombre de Tile ajoutees dans la pile: 5
Nombre de Tile traversees: 73  Distance est: 30
Nombre de Tile ajoutees dans la pile: 5
Nombre de Tile traversees: 74  Distance est: 31
Nombre de Tile ajoutees dans la pile: 6
Nombre de Tile traversees: 75  Distance est: 31
Nombre de Tile ajoutees dans la pile: 7
Nombre de Tile traversees: 76  Distance est: 31
Nombre de Tile ajoutees dans la pile: 6
Nombre de Tile traversees: 77  Distance est: 31
Nombre de Tile ajoutees dans la pile: 5
Nombre de Tile traversees: 78  Distance est: 31
Nombre de Tile ajoutees dans la pile: 4
Nombre de Tile traversees: 79  Distance est: 31
Nombre de Tile ajoutees dans la pile: 5
Nombre de Tile traversees: 80  Distance est: 32
Nombre de Tile ajoutees dans la pile: 4
Nombre de Tile traversees: 81  Distance est: 32
Nombre de Tile ajoutees dans la pile: 5
Nombre de Tile traversees: 82  Distance est: 32
Nombre de Tile ajoutees dans la pile: 4
Nombre de Tile traversees: 83  Distance est: 32
Nombre de Tile ajoutees dans la pile: 5
Nombre de Tile traversees: 84  Distance est: 33
Nombre de Tile ajoutees dans la pile: 4
Nombre de Tile traversees: 85  Distance est: 33
Nombre de Tile ajoutees dans la pile: 4
Nombre de Tile traversees: 86  Distance est: 33
Nombre de Tile ajoutees dans la pile: 3
Nombre de Tile traversees: 87  Distance est: 33
Nombre de Tile ajoutees dans la pile: 3
Nombre de Tile traversees: 88  Distance est: 34
Nombre de Tile ajoutees dans la pile: 2
Nombre de Tile traversees: 89  Distance est: 34
Nombre de Tile ajoutees dans la pile: 2
Nombre de Tile traversees: 90  Distance est: 35
Nombre de Tile ajoutees dans la pile: 2
Nombre de Tile traversees: 91  Distance est: 35
Nombre de Tile ajoutees dans la pile: 3
Nombre de Tile traversees: 92  Distance est: 36
Nombre de Tile ajoutees dans la pile: 3
Nombre de Tile traversees: 93  Distance est: 36
Nombre de Tile ajoutees dans la pile: 3
Nombre de Tile traversees: 94  Distance est: 36
Nombre de Tile ajoutees dans la pile: 3
Nombre de Tile traversees: 95  Distance est: 37
Nombre de Tile ajoutees dans la pile: 3
Nombre de Tile traversees: 96  Distance est: 37
Nombre de Tile ajoutees dans la pile: 3
Nombre de Tile traversees: 97  Distance est: 37
Nombre de Tile ajoutees dans la pile: 3
Nombre de Tile traversees: 98  Distance est: 38
Nombre de Tile ajoutees dans la pile: 2
Nombre de Tile traversees: 99  Distance est: 38
Nombre de Tile ajoutees dans la pile: 2
Nombre de Tile traversees: 100  Distance est: 39
Nombre de Tile ajoutees dans la pile: 2
Nombre de Tile traversees: 101  Distance est: 39
Nombre de Tile ajoutees dans la pile: 2
Nombre de Tile traversees: 102  Distance est: 40
Nombre de Tile ajoutees dans la pile: 2
Nombre de Tile traversees: 103  Distance est: 40
Nombre de Tile ajoutees dans la pile: 2
Nombre de Tile traversees: 104  Distance est: 41
Nombre de Tile ajoutees dans la pile: 2
Nombre de Tile traversees: 105  Distance est: 41
Nombre de Tile ajoutees dans la pile: 2
Nombre de Tile traversees: 106  Distance est: 42
Nombre de Tile ajoutees dans la pile: 2
Nombre de Tile traversees: 107  Distance est: 42
Nombre de Tile ajoutees dans la pile: 2
Nombre de Tile traversees: 108  Distance est: 43
Nombre de Tile ajoutees dans la pile: 2
Nombre de Tile traversees: 109  Distance est: 43
Nombre de Tile ajoutees dans la pile: 2
Nombre de Tile traversees: 110  Distance est: 44
Nombre de Tile ajoutees dans la pile: 2
Nombre de Tile traversees: 111  Distance est: 44
Nombre de Tile ajoutees dans la pile: 2
Nombre de Tile traversees: 112  Distance est: 45
Nombre de Tile ajoutees dans la pile: 2
Nombre de Tile traversees: 113  Distance est: 45
Nombre de Tile ajoutees dans la pile: 2
Nombre de Tile traversees: 114  Distance est: 46
Nombre de Tile ajoutees dans la pile: 2
Nombre de Tile traversees: 115  Distance est: 46
Nombre de Tile ajoutees dans la pile: 2
Nombre de Tile traversees: 116  Distance est: 47
Nombre de Tile ajoutees dans la pile: 2
Nombre de Tile traversees: 117  Distance est: 47
Nombre de Tile ajoutees dans la pile: 2
Nombre de Tile traversees: 118  Distance est: 48
Nombre de Tile ajoutees dans la pile: 2
Nombre de Tile traversees: 119  Distance est: 48
Nombre de Tile ajoutees dans la pile: 2
Nombre de Tile traversees: 120  Distance est: 49
Nombre de Tile ajoutees dans la pile: 2
Nombre de Tile traversees: 121  Distance est: 49
Nombre de Tile ajoutees dans la pile: 2
Nombre de Tile traversees: 122  Distance est: 50
Nombre de Tile ajoutees dans la pile: 2
Nombre de Tile traversees: 123  Distance est: 50
Nombre de Tile ajoutees dans la pile: 2
Nombre de Tile traversees: 124  Distance est: 51
Nombre de Tile ajoutees dans la pile: 2
Nombre de Tile traversees: 125  Distance est: 51
Nombre de Tile ajoutees dans la pile: 3
Nombre de Tile traversees: 126  Distance est: 52
Nombre de Tile ajoutees dans la pile: 3
Nombre de Tile traversees: 127  Distance est: 52
Nombre de Tile ajoutees dans la pile: 3
Nombre de Tile traversees: 128  Distance est: 52
Nombre de Tile ajoutees dans la pile: 3
Nombre de Tile traversees: 129  Distance est: 53
Nombre de Tile ajoutees dans la pile: 3
Nombre de Tile traversees: 130  Distance est: 53
Nombre de Tile ajoutees dans la pile: 3
Nombre de Tile traversees: 131  Distance est: 53
Nombre de Tile ajoutees dans la pile: 4
Nombre de Tile traversees: 132  Distance est: 54
Nombre de Tile ajoutees dans la pile: 4
Nombre de Tile traversees: 133  Distance est: 54
Nombre de Tile ajoutees dans la pile: 4
Nombre de Tile traversees: 134  Distance est: 54
Nombre de Tile ajoutees dans la pile: 4
Nombre de Tile traversees: 135  Distance est: 54
Nombre de Tile ajoutees dans la pile: 4
Nombre de Tile traversees: 136  Distance est: 55
Nombre de Tile ajoutees dans la pile: 4
Nombre de Tile traversees: 137  Distance est: 55
Nombre de Tile ajoutees dans la pile: 4
Nombre de Tile traversees: 138  Distance est: 55
Nombre de Tile ajoutees dans la pile: 3
Nombre de Tile traversees: 139  Distance est: 55
Nombre de Tile ajoutees dans la pile: 3
Nombre de Tile traversees: 140  Distance est: 56
Nombre de Tile ajoutees dans la pile: 3
Nombre de Tile traversees: 141  Distance est: 56
Nombre de Tile ajoutees dans la pile: 3
Nombre de Tile traversees: 142  Distance est: 56
Nombre de Tile ajoutees dans la pile: 3
Nombre de Tile traversees: 143  Distance est: 57
Nombre de Tile ajoutees dans la pile: 3
Nombre de Tile traversees: 144  Distance est: 57
Nombre de Tile ajoutees dans la pile: 3
Nombre de Tile traversees: 145  Distance est: 57
Nombre de Tile ajoutees dans la pile: 3
Nombre de Tile traversees: 146  Distance est: 58
Nombre de Tile ajoutees dans la pile: 3
Nombre de Tile traversees: 147  Distance est: 58
Nombre de Tile ajoutees dans la pile: 3
Nombre de Tile traversees: 148  Distance est: 58
Nombre de Tile ajoutees dans la pile: 3
Nombre de Tile traversees: 149  Distance est: 59
Nombre de Tile ajoutees dans la pile: 3
Nombre de Tile traversees: 150  Distance est: 59
Nombre de Tile ajoutees dans la pile: 3
Nombre de Tile traversees: 151  Distance est: 59
Nombre de Tile ajoutees dans la pile: 3
Nombre de Tile traversees: 152  Distance est: 60
Nombre de Tile ajoutees dans la pile: 3
Nombre de Tile traversees: 153  Distance est: 60
Nombre de Tile ajoutees dans la pile: 3
Nombre de Tile traversees: 154  Distance est: 60
Nombre de Tile ajoutees dans la pile: 3
Nombre de Tile traversees: 155  Distance est: 61
Nombre de Tile ajoutees dans la pile: 3
Nombre de Tile traversees: 156  Distance est: 61
Nombre de Tile ajoutees dans la pile: 3
Nombre de Tile traversees: 157  Distance est: 61
Nombre de Tile ajoutees dans la pile: 3
Nombre de Tile traversees: 158  Distance est: 62
Nombre de Tile ajoutees dans la pile: 3
Nombre de Tile traversees: 159  Distance est: 62
Nombre de Tile ajoutees dans la pile: 3
Nombre de Tile traversees: 160  Distance est: 62
Nombre de Tile ajoutees dans la pile: 3
Nombre de Tile traversees: 161  Distance est: 63
Nombre de Tile ajoutees dans la pile: 3
Nombre de Tile traversees: 162  Distance est: 63
Nombre de Tile ajoutees dans la pile: 3
Nombre de Tile traversees: 163  Distance est: 63
Nombre de Tile ajoutees dans la pile: 3
Nombre de Tile traversees: 164  Distance est: 64
Nombre de Tile ajoutees dans la pile: 3
Nombre de Tile traversees: 165  Distance est: 64
Nombre de Tile ajoutees dans la pile: 3
Nombre de Tile traversees: 166  Distance est: 64
Nombre de Tile ajoutees dans la pile: 4
Nombre de Tile traversees: 167  Distance est: 65
Nombre de Tile ajoutees dans la pile: 4
Nombre de Tile traversees: 168  Distance est: 65
Nombre de Tile ajoutees dans la pile: 4
Nombre de Tile traversees: 169  Distance est: 65
Nombre de Tile ajoutees dans la pile: 5
Nombre de Tile traversees: 170  Distance est: 65
Nombre de Tile ajoutees dans la pile: 4
Nombre de Tile traversees: 171  Distance est: 66
Nombre de Tile ajoutees dans la pile: 5
Nombre de Tile traversees: 172  Distance est: 66
Nombre de Tile ajoutees dans la pile: 5
Nombre de Tile traversees: 173  Distance est: 66
Nombre de Tile ajoutees dans la pile: 6
Nombre de Tile traversees: 174  Distance est: 66
Nombre de Tile ajoutees dans la pile: 5
Nombre de Tile traversees: 175  Distance est: 66
Nombre de Tile ajoutees dans la pile: 5
Nombre de Tile traversees: 176  Distance est: 67
Nombre de Tile ajoutees dans la pile: 5
Nombre de Tile traversees: 177  Distance est: 67
Nombre de Tile ajoutees dans la pile: 5
Nombre de Tile traversees: 178  Distance est: 67
Nombre de Tile ajoutees dans la pile: 5
Nombre de Tile traversees: 179  Distance est: 67
Nombre de Tile ajoutees dans la pile: 4
Nombre de Tile traversees: 180  Distance est: 67
Nombre de Tile ajoutees dans la pile: 4
Nombre de Tile traversees: 181  Distance est: 68
Nombre de Tile ajoutees dans la pile: 4
Nombre de Tile traversees: 182  Distance est: 68
Nombre de Tile ajoutees dans la pile: 4
Nombre de Tile traversees: 183  Distance est: 68
Nombre de Tile ajoutees dans la pile: 4
Nombre de Tile traversees: 184  Distance est: 68
Nombre de Tile ajoutees dans la pile: 4
Nombre de Tile traversees: 185  Distance est: 69
Nombre de Tile ajoutees dans la pile: 4
Nombre de Tile traversees: 186  Distance est: 69
Nombre de Tile ajoutees dans la pile: 5
Nombre de Tile traversees: 187  Distance est: 69
Nombre de Tile ajoutees dans la pile: 5
Nombre de Tile traversees: 188  Distance est: 69
Nombre de Tile ajoutees dans la pile: 5
Nombre de Tile traversees: 189  Distance est: 70
Nombre de Tile ajoutees dans la pile: 5
Nombre de Tile traversees: 190  Distance est: 70
Nombre de Tile ajoutees dans la pile: 5
Nombre de Tile traversees: 191  Distance est: 70
Nombre de Tile ajoutees dans la pile: 5
Nombre de Tile traversees: 192  Distance est: 70
Nombre de Tile ajoutees dans la pile: 5
Nombre de Tile traversees: 193  Distance est: 70
Nombre de Tile ajoutees dans la pile: 5
Nombre de Tile traversees: 194  Distance est: 71
Nombre de Tile ajoutees dans la pile: 5
Nombre de Tile traversees: 195  Distance est: 71
Nombre de Tile ajoutees dans la pile: 5
Nombre de Tile traversees: 196  Distance est: 71
Nombre de Tile ajoutees dans la pile: 5
Nombre de Tile traversees: 197  Distance est: 71
Nombre de Tile ajoutees dans la pile: 4
Nombre de Tile traversees: 198  Distance est: 71
Nombre de Tile ajoutees dans la pile: 4
Nombre de Tile traversees: 199  Distance est: 72
Nombre de Tile ajoutees dans la pile: 4
Nombre de Tile traversees: 200  Distance est: 72
Nombre de Tile ajoutees dans la pile: 4
Nombre de Tile traversees: 201  Distance est: 72
Nombre de Tile ajoutees dans la pile: 4
Nombre de Tile traversees: 202  Distance est: 72
Nombre de Tile ajoutees dans la pile: 4
Nombre de Tile traversees: 203  Distance est: 73
Nombre de Tile ajoutees dans la pile: 4
Nombre de Tile traversees: 204  Distance est: 73
Nombre de Tile ajoutees dans la pile: 4
Nombre de Tile traversees: 205  Distance est: 73
Nombre de Tile ajoutees dans la pile: 4
Nombre de Tile traversees: 206  Distance est: 73
Nombre de Tile ajoutees dans la pile: 5
Nombre de Tile traversees: 207  Distance est: 74
Nombre de Tile ajoutees dans la pile: 5
Nombre de Tile traversees: 208  Distance est: 74
Nombre de Tile ajoutees dans la pile: 5
Nombre de Tile traversees: 209  Distance est: 74
Nombre de Tile ajoutees dans la pile: 5
Nombre de Tile traversees: 210  Distance est: 74
Nombre de Tile ajoutees dans la pile: 5
Nombre de Tile traversees: 211  Distance est: 74
Nombre de Tile ajoutees dans la pile: 5
Nombre de Tile traversees: 212  Distance est: 75
Nombre de Tile ajoutees dans la pile: 5
Nombre de Tile traversees: 213  Distance est: 75
Nombre de Tile ajoutees dans la pile: 5
Nombre de Tile traversees: 214  Distance est: 75
Nombre de Tile ajoutees dans la pile: 5
Nombre de Tile traversees: 215  Distance est: 75
Nombre de Tile ajoutees dans la pile: 5
Nombre de Tile traversees: 216  Distance est: 75
Nombre de Tile ajoutees dans la pile: 5
Nombre de Tile traversees: 217  Distance est: 76
Nombre de Tile ajoutees dans la pile: 5
Nombre de Tile traversees: 218  Distance est: 76
Nombre de Tile ajoutees dans la pile: 5
Nombre de Tile traversees: 219  Distance est: 76
Nombre de Tile ajoutees dans la pile: 5
Nombre de Tile traversees: 220  Distance est: 76
Nombre de Tile ajoutees dans la pile: 5
Nombre de Tile traversees: 221  Distance est: 76
Nombre de Tile ajoutees dans la pile: 5
Nombre de Tile traversees: 222  Distance est: 77
Nombre de Tile ajoutees dans la pile: 5
Nombre de Tile traversees: 223  Distance est: 77
Nombre de Tile ajoutees dans la pile: 5
Nombre de Tile traversees: 224  Distance est: 77
Nombre de Tile ajoutees dans la pile: 5
Nombre de Tile traversees: 225  Distance est: 77
Nombre de Tile ajoutees dans la pile: 5
Nombre de Tile traversees: 226  Distance est: 77
Nombre de Tile ajoutees dans la pile: 5
Nombre de Tile traversees: 227  Distance est: 78
Nombre de Tile ajoutees dans la pile: 5
Nombre de Tile traversees: 228  Distance est: 78
Nombre de Tile ajoutees dans la pile: 5
Nombre de Tile traversees: 229  Distance est: 78
Nombre de Tile ajoutees dans la pile: 5
Nombre de Tile traversees: 230  Distance est: 78
Nombre de Tile ajoutees dans la pile: 5
Nombre de Tile traversees: 231  Distance est: 78
Nombre de Tile ajoutees dans la pile: 5
Nombre de Tile traversees: 232  Distance est: 79
Nombre de Tile ajoutees dans la pile: 5
Nombre de Tile traversees: 233  Distance est: 79
Nombre de Tile ajoutees dans la pile: 5
Nombre de Tile traversees: 234  Distance est: 79
Nombre de Tile ajoutees dans la pile: 5
Nombre de Tile traversees: 235  Distance est: 79
Nombre de Tile ajoutees dans la pile: 6
Nombre de Tile traversees: 236  Distance est: 79
Nombre de Tile ajoutees dans la pile: 6
Nombre de Tile traversees: 237  Distance est: 80
Nombre de Tile ajoutees dans la pile: 6
Nombre de Tile traversees: 238  Distance est: 80
Nombre de Tile ajoutees dans la pile: 6
Nombre de Tile traversees: 239  Distance est: 80
Nombre de Tile ajoutees dans la pile: 6
Nombre de Tile traversees: 240  Distance est: 80
Nombre de Tile ajoutees dans la pile: 6
Nombre de Tile traversees: 241  Distance est: 80
Nombre de Tile ajoutees dans la pile: 6
Nombre de Tile traversees: 242  Distance est: 80
Nombre de Tile ajoutees dans la pile: 6
Nombre de Tile traversees: 243  Distance est: 81
Nombre de Tile ajoutees dans la pile: 6
Nombre de Tile traversees: 244  Distance est: 81
Nombre de Tile ajoutees dans la pile: 5
Nombre de Tile traversees: 245  Distance est: 81
Nombre de Tile ajoutees dans la pile: 6
Nombre de Tile traversees: 246  Distance est: 81
Nombre de Tile ajoutees dans la pile: 6
Nombre de Tile traversees: 247  Distance est: 81
Nombre de Tile ajoutees dans la pile: 5
Nombre de Tile traversees: 248  Distance est: 81
Nombre de Tile ajoutees dans la pile: 5
Nombre de Tile traversees: 249  Distance est: 82
Nombre de Tile ajoutees dans la pile: 5
Nombre de Tile traversees: 250  Distance est: 82
Nombre de Tile ajoutees dans la pile: 5
Nombre de Tile traversees: 251  Distance est: 82
Nombre de Tile ajoutees dans la pile: 5
Nombre de Tile traversees: 252  Distance est: 82
Nombre de Tile ajoutees dans la pile: 6
Nombre de Tile traversees: 253  Distance est: 82
Nombre de Tile ajoutees dans la pile: 6
Nombre de Tile traversees: 254  Distance est: 83
Nombre de Tile ajoutees dans la pile: 6
Nombre de Tile traversees: 255  Distance est: 83
Nombre de Tile ajoutees dans la pile: 5
Nombre de Tile traversees: 256  Distance est: 83
Nombre de Tile ajoutees dans la pile: 5
Nombre de Tile traversees: 257  Distance est: 83
Nombre de Tile ajoutees dans la pile: 6
Nombre de Tile traversees: 258  Distance est: 83
Nombre de Tile ajoutees dans la pile: 6
Nombre de Tile traversees: 259  Distance est: 83
Nombre de Tile ajoutees dans la pile: 6
Nombre de Tile traversees: 260  Distance est: 84
Nombre de Tile ajoutees dans la pile: 6
Nombre de Tile traversees: 261  Distance est: 84
Nombre de Tile ajoutees dans la pile: 6
Nombre de Tile traversees: 262  Distance est: 84
Nombre de Tile ajoutees dans la pile: 7
Nombre de Tile traversees: 263  Distance est: 84
Nombre de Tile ajoutees dans la pile: 6
Nombre de Tile traversees: 264  Distance est: 84
Nombre de Tile ajoutees dans la pile: 6
Nombre de Tile traversees: 265  Distance est: 84
Nombre de Tile ajoutees dans la pile: 6
Nombre de Tile traversees: 266  Distance est: 85
Nombre de Tile ajoutees dans la pile: 6
Nombre de Tile traversees: 267  Distance est: 85
Nombre de Tile ajoutees dans la pile: 6
Nombre de Tile traversees: 268  Distance est: 85
Nombre de Tile ajoutees dans la pile: 6
Nombre de Tile traversees: 269  Distance est: 85
Nombre de Tile ajoutees dans la pile: 6
Nombre de Tile traversees: 270  Distance est: 85
Nombre de Tile ajoutees dans la pile: 6
Nombre de Tile traversees: 271  Distance est: 85
Nombre de Tile ajoutees dans la pile: 5
Nombre de Tile traversees: 272  Distance est: 86
Nombre de Tile ajoutees dans la pile: 5
Nombre de Tile traversees: 273  Distance est: 86
Nombre de Tile ajoutees dans la pile: 5
Nombre de Tile traversees: 274  Distance est: 86
Nombre de Tile ajoutees dans la pile: 5
Nombre de Tile traversees: 275  Distance est: 86
Nombre de Tile ajoutees dans la pile: 5
Nombre de Tile traversees: 276  Distance est: 86
Nombre de Tile ajoutees dans la pile: 5
Nombre de Tile traversees: 277  Distance est: 87
Nombre de Tile ajoutees dans la pile: 6
Nombre de Tile traversees: 278  Distance est: 87
Nombre de Tile ajoutees dans la pile: 6
Nombre de Tile traversees: 279  Distance est: 87
Nombre de Tile ajoutees dans la pile: 6
Nombre de Tile traversees: 280  Distance est: 87
Nombre de Tile ajoutees dans la pile: 6
Nombre de Tile traversees: 281  Distance est: 87
Nombre de Tile ajoutees dans la pile: 6
Nombre de Tile traversees: 282  Distance est: 87
Nombre de Tile ajoutees dans la pile: 7
Nombre de Tile traversees: 283  Distance est: 88
Nombre de Tile ajoutees dans la pile: 7
Nombre de Tile traversees: 284  Distance est: 88
Nombre de Tile ajoutees dans la pile: 7
Nombre de Tile traversees: 285  Distance est: 88
Nombre de Tile ajoutees dans la pile: 7
Nombre de Tile traversees: 286  Distance est: 88
Nombre de Tile ajoutees dans la pile: 7
Nombre de Tile traversees: 287  Distance est: 88
Nombre de Tile ajoutees dans la pile: 7
Nombre de Tile traversees: 288  Distance est: 88
Nombre de Tile ajoutees dans la pile: 8
Nombre de Tile traversees: 289  Distance est: 88
Nombre de Tile ajoutees dans la pile: 7
Nombre de Tile traversees: 290  Distance est: 89
Nombre de Tile ajoutees dans la pile: 7
Nombre de Tile traversees: 291  Distance est: 89
Nombre de Tile ajoutees dans la pile: 7
Nombre de Tile traversees: 292  Distance est: 89
Nombre de Tile ajoutees dans la pile: 7
Nombre de Tile traversees: 293  Distance est: 89
Nombre de Tile ajoutees dans la pile: 7
Nombre de Tile traversees: 294  Distance est: 89
Nombre de Tile ajoutees dans la pile: 7
Nombre de Tile traversees: 295  Distance est: 89
Nombre de Tile ajoutees dans la pile: 7
Nombre de Tile traversees: 296  Distance est: 89
Nombre de Tile ajoutees dans la pile: 6
Nombre de Tile traversees: 297  Distance est: 90
Nombre de Tile ajoutees dans la pile: 7
Nombre de Tile traversees: 298  Distance est: 90
Nombre de Tile ajoutees dans la pile: 7
Nombre de Tile traversees: 299  Distance est: 90
Nombre de Tile ajoutees dans la pile: 7
Nombre de Tile traversees: 300  Distance est: 90
Nombre de Tile ajoutees dans la pile: 7
Nombre de Tile traversees: 301  Distance est: 90
Nombre de Tile ajoutees dans la pile: 7
Nombre de Tile traversees: 302  Distance est: 90
Nombre de Tile ajoutees dans la pile: 7
Nombre de Tile traversees: 303  Distance est: 90
Nombre de Tile ajoutees dans la pile: 7
Nombre de Tile traversees: 304  Distance est: 91
Nombre de Tile ajoutees dans la pile: 7
Nombre de Tile traversees: 305  Distance est: 91
Nombre de Tile ajoutees dans la pile: 7
Nombre de Tile traversees: 306  Distance est: 91
Nombre de Tile ajoutees dans la pile: 7
Nombre de Tile traversees: 307  Distance est: 91
Nombre de Tile ajoutees dans la pile: 7
Nombre de Tile traversees: 308  Distance est: 91
Nombre de Tile ajoutees dans la pile: 7
Nombre de Tile traversees: 309  Distance est: 91
Nombre de Tile ajoutees dans la pile: 7
Nombre de Tile traversees: 310  Distance est: 91
Nombre de Tile ajoutees dans la pile: 7
Nombre de Tile traversees: 311  Distance est: 92
Nombre de Tile ajoutees dans la pile: 6
Nombre de Tile traversees: 312  Distance est: 92
Nombre de Tile ajoutees dans la pile: 6
Nombre de Tile traversees: 313  Distance est: 92
Nombre de Tile ajoutees dans la pile: 6
Nombre de Tile traversees: 314  Distance est: 92
Nombre de Tile ajoutees dans la pile: 6
Nombre de Tile traversees: 315  Distance est: 92
Nombre de Tile ajoutees dans la pile: 6
Nombre de Tile traversees: 316  Distance est: 92
Nombre de Tile ajoutees dans la pile: 6
Nombre de Tile traversees: 317  Distance est: 93
Nombre de Tile ajoutees dans la pile: 6
Nombre de Tile traversees: 318  Distance est: 93
Nombre de Tile ajoutees dans la pile: 6
Nombre de Tile traversees: 319  Distance est: 93
Nombre de Tile ajoutees dans la pile: 5
Nombre de Tile traversees: 320  Distance est: 93
Nombre de Tile ajoutees dans la pile: 5
Nombre de Tile traversees: 321  Distance est: 93
Nombre de Tile ajoutees dans la pile: 5
Nombre de Tile traversees: 322  Distance est: 93
Nombre de Tile ajoutees dans la pile: 6
Nombre de Tile traversees: 323  Distance est: 94
Nombre de Tile ajoutees dans la pile: 6
Nombre de Tile traversees: 324  Distance est: 94
Nombre de Tile ajoutees dans la pile: 6
Nombre de Tile traversees: 325  Distance est: 94
Nombre de Tile ajoutees dans la pile: 6
Nombre de Tile traversees: 326  Distance est: 94
Nombre de Tile ajoutees dans la pile: 6
Nombre de Tile traversees: 327  Distance est: 94
Nombre de Tile ajoutees dans la pile: 6
Nombre de Tile traversees: 328  Distance est: 94
Nombre de Tile ajoutees dans la pile: 6
Nombre de Tile traversees: 329  Distance est: 95
Nombre de Tile ajoutees dans la pile: 6
Nombre de Tile traversees: 330  Distance est: 95
Nombre de Tile ajoutees dans la pile: 6
Nombre de Tile traversees: 331  Distance est: 95
Nombre de Tile ajoutees dans la pile: 6
Nombre de Tile traversees: 332  Distance est: 95
Nombre de Tile ajoutees dans la pile: 6
Nombre de Tile traversees: 333  Distance est: 95
Nombre de Tile ajoutees dans la pile: 6
Nombre de Tile traversees: 334  Distance est: 95
Nombre de Tile ajoutees dans la pile: 6
Nombre de Tile traversees: 335  Distance est: 96
Nombre de Tile ajoutees dans la pile: 7
Nombre de Tile traversees: 336  Distance est: 96
Nombre de Tile ajoutees dans la pile: 7
Nombre de Tile traversees: 337  Distance est: 96
Nombre de Tile ajoutees dans la pile: 7
Nombre de Tile traversees: 338  Distance est: 96
Nombre de Tile ajoutees dans la pile: 7
Nombre de Tile traversees: 339  Distance est: 96
Nombre de Tile ajoutees dans la pile: 7
Nombre de Tile traversees: 340  Distance est: 96
Nombre de Tile ajoutees dans la pile: 7
Nombre de Tile traversees: 341  Distance est: 96
Nombre de Tile ajoutees dans la pile: 7
Nombre de Tile traversees: 342  Distance est: 97
Nombre de Tile ajoutees dans la pile: 7
Nombre de Tile traversees: 343  Distance est: 97
Nombre de Tile ajoutees dans la pile: 7
Nombre de Tile traversees: 344  Distance est: 97
Nombre de Tile ajoutees dans la pile: 7
Nombre de Tile traversees: 345  Distance est: 97
Nombre de Tile ajoutees dans la pile: 7
Nombre de Tile traversees: 346  Distance est: 97
Nombre de Tile ajoutees dans la pile: 7
Nombre de Tile traversees: 347  Distance est: 97
Nombre de Tile ajoutees dans la pile: 7
Nombre de Tile traversees: 348  Distance est: 97
Nombre de Tile ajoutees dans la pile: 7
Nombre de Tile traversees: 349  Distance est: 98
Nombre de Tile ajoutees dans la pile: 7
Nombre de Tile traversees: 350  Distance est: 98
Nombre de Tile ajoutees dans la pile: 7
Nombre de Tile traversees: 351  Distance est: 98
Nombre de Tile ajoutees dans la pile: 7
Nombre de Tile traversees: 352  Distance est: 98
Nombre de Tile ajoutees dans la pile: 7
Nombre de Tile traversees: 353  Distance est: 98
Nombre de Tile ajoutees dans la pile: 7
Nombre de Tile traversees: 354  Distance est: 98
Nombre de Tile ajoutees dans la pile: 7
Nombre de Tile traversees: 355  Distance est: 98
Nombre de Tile ajoutees dans la pile: 7
Nombre de Tile traversees: 356  Distance est: 99
Nombre de Tile ajoutees dans la pile: 7
Nombre de Tile traversees: 357  Distance est: 99
Nombre de Tile ajoutees dans la pile: 7
Nombre de Tile traversees: 358  Distance est: 99
Nombre de Tile ajoutees dans la pile: 7
Nombre de Tile traversees: 359  Distance est: 99
Nombre de Tile ajoutees dans la pile: 7
Nombre de Tile traversees: 360  Distance est: 99
Nombre de Tile ajoutees dans la pile: 7
Nombre de Tile traversees: 361  Distance est: 99
Nombre de Tile ajoutees dans la pile: 7
Nombre de Tile traversees: 362  Distance est: 99
Nombre de Tile ajoutees dans la pile: 7
Nombre de Tile traversees: 363  Distance est: 100
Nombre de Tile ajoutees dans la pile: 7
Nombre de Tile traversees: 364  Distance est: 100
Nombre de Tile ajoutees dans la pile: 7
Nombre de Tile traversees: 365  Distance est: 100
Nombre de Tile ajoutees dans la pile: 7
Nombre de Tile traversees: 366  Distance est: 100
Nombre de Tile ajoutees dans la pile: 7
Nombre de Tile traversees: 367  Distance est: 100
Nombre de Tile ajoutees dans la pile: 7
Nombre de Tile traversees: 368  Distance est: 100
Nombre de Tile ajoutees dans la pile: 8
Nombre de Tile traversees: 369  Distance est: 100
Nombre de Tile ajoutees dans la pile: 9
Nombre de Tile traversees: 370  Distance est: 101
Nombre de Tile ajoutees dans la pile: 9
Nombre de Tile traversees: 371  Distance est: 101
Nombre de Tile ajoutees dans la pile: 10
Nombre de Tile traversees: 372  Distance est: 101
Nombre de Tile ajoutees dans la pile: 10
Nombre de Tile traversees: 373  Distance est: 101
Nombre de Tile ajoutees dans la pile: 10
Nombre de Tile traversees: 374  Distance est: 101
Nombre de Tile ajoutees dans la pile: 10
Nombre de Tile traversees: 375  Distance est: 101
Nombre de Tile ajoutees dans la pile: 11
Nombre de Tile traversees: 376  Distance est: 101
Nombre de Tile ajoutees dans la pile: 10
Nombre de Tile traversees: 377  Distance est: 101
Nombre de Tile ajoutees dans la pile: 11
Nombre de Tile traversees: 378  Distance est: 101
Nombre de Tile ajoutees dans la pile: 10
Nombre de Tile traversees: 379  Distance est: 102
Nombre de Tile ajoutees dans la pile: 10
Nombre de Tile traversees: 380  Distance est: 102
Nombre de Tile ajoutees dans la pile: 10
Nombre de Tile traversees: 381  Distance est: 102
Nombre de Tile ajoutees dans la pile: 10
Nombre de Tile traversees: 382  Distance est: 102
Nombre de Tile ajoutees dans la pile: 10
Nombre de Tile traversees: 383  Distance est: 102
Nombre de Tile ajoutees dans la pile: 10
Nombre de Tile traversees: 384  Distance est: 102
Nombre de Tile ajoutees dans la pile: 10
Nombre de Tile traversees: 385  Distance est: 102
Nombre de Tile ajoutees dans la pile: 11
Nombre de Tile traversees: 386  Distance est: 102
Nombre de Tile ajoutees dans la pile: 10
Nombre de Tile traversees: 387  Distance est: 102
Nombre de Tile ajoutees dans la pile: 11
Nombre de Tile traversees: 388  Distance est: 102
Nombre de Tile ajoutees dans la pile: 10
Nombre de Tile traversees: 389  Distance est: 103
Nombre de Tile ajoutees dans la pile: 10
Nombre de Tile traversees: 390  Distance est: 103
Nombre de Tile ajoutees dans la pile: 10
Nombre de Tile traversees: 391  Distance est: 103
Nombre de Tile ajoutees dans la pile: 10
Nombre de Tile traversees: 392  Distance est: 103
Nombre de Tile ajoutees dans la pile: 10
Nombre de Tile traversees: 393  Distance est: 103
Nombre de Tile ajoutees dans la pile: 10
Nombre de Tile traversees: 394  Distance est: 103
Nombre de Tile ajoutees dans la pile: 10
Nombre de Tile traversees: 395  Distance est: 103
Nombre de Tile ajoutees dans la pile: 9
Nombre de Tile traversees: 396  Distance est: 103
Nombre de Tile ajoutees dans la pile: 8
Nombre de Tile traversees: 397  Distance est: 103
Nombre de Tile ajoutees dans la pile: 8
Nombre de Tile traversees: 398  Distance est: 103
Nombre de Tile ajoutees dans la pile: 7
Nombre de Tile traversees: 399  Distance est: 104
Nombre de Tile ajoutees dans la pile: 7
Nombre de Tile traversees: 400  Distance est: 104
Nombre de Tile ajoutees dans la pile: 7
Nombre de Tile traversees: 401  Distance est: 104
Nombre de Tile ajoutees dans la pile: 7
Nombre de Tile traversees: 402  Distance est: 104
Nombre de Tile ajoutees dans la pile: 7
Nombre de Tile traversees: 403  Distance est: 104
Nombre de Tile ajoutees dans la pile: 7
Nombre de Tile traversees: 404  Distance est: 104
Nombre de Tile ajoutees dans la pile: 7
Nombre de Tile traversees: 405  Distance est: 104
Nombre de Tile ajoutees dans la pile: 7
Nombre de Tile traversees: 406  Distance est: 105
Nombre de Tile ajoutees dans la pile: 7
Nombre de Tile traversees: 407  Distance est: 105
Nombre de Tile ajoutees dans la pile: 7
Nombre de Tile traversees: 408  Distance est: 105
Nombre de Tile ajoutees dans la pile: 7
Nombre de Tile traversees: 409  Distance est: 105
Nombre de Tile ajoutees dans la pile: 7
Nombre de Tile traversees: 410  Distance est: 105
Nombre de Tile ajoutees dans la pile: 7
Nombre de Tile traversees: 411  Distance est: 105
Nombre de Tile ajoutees dans la pile: 7
Nombre de Tile traversees: 412  Distance est: 105
Nombre de Tile ajoutees dans la pile: 6
Nombre de Tile traversees: 413  Distance est: 106
Nombre de Tile ajoutees dans la pile: 6
Nombre de Tile traversees: 414  Distance est: 106
Nombre de Tile ajoutees dans la pile: 6
Nombre de Tile traversees: 415  Distance est: 106
Nombre de Tile ajoutees dans la pile: 6
Nombre de Tile traversees: 416  Distance est: 106
Nombre de Tile ajoutees dans la pile: 6
Nombre de Tile traversees: 417  Distance est: 106
Nombre de Tile ajoutees dans la pile: 6
Nombre de Tile traversees: 418  Distance est: 106
Nombre de Tile ajoutees dans la pile: 6
Nombre de Tile traversees: 419  Distance est: 107
Nombre de Tile ajoutees dans la pile: 6
Nombre de Tile traversees: 420  Distance est: 107
Nombre de Tile ajoutees dans la pile: 6
Nombre de Tile traversees: 421  Distance est: 107
Nombre de Tile ajoutees dans la pile: 6
Nombre de Tile traversees: 422  Distance est: 107
Nombre de Tile ajoutees dans la pile: 6
Nombre de Tile traversees: 423  Distance est: 107
Nombre de Tile ajoutees dans la pile: 6
Nombre de Tile traversees: 424  Distance est: 107
Nombre de Tile ajoutees dans la pile: 6
Nombre de Tile traversees: 425  Distance est: 108
Nombre de Tile ajoutees dans la pile: 6
Nombre de Tile traversees: 426  Distance est: 108
Nombre de Tile ajoutees dans la pile: 6
Nombre de Tile traversees: 427  Distance est: 108
Nombre de Tile ajoutees dans la pile: 6
Nombre de Tile traversees: 428  Distance est: 108
Nombre de Tile ajoutees dans la pile: 6
Nombre de Tile traversees: 429  Distance est: 108
Nombre de Tile ajoutees dans la pile: 6
Nombre de Tile traversees: 430  Distance est: 108
Nombre de Tile ajoutees dans la pile: 6
Nombre de Tile traversees: 431  Distance est: 109
Nombre de Tile ajoutees dans la pile: 6
Nombre de Tile traversees: 432  Distance est: 109
Nombre de Tile ajoutees dans la pile: 6
Nombre de Tile traversees: 433  Distance est: 109
Nombre de Tile ajoutees dans la pile: 5
Nombre de Tile traversees: 434  Distance est: 109
Nombre de Tile ajoutees dans la pile: 5
Nombre de Tile traversees: 435  Distance est: 109
Nombre de Tile ajoutees dans la pile: 5
Nombre de Tile traversees: 436  Distance est: 109
Nombre de Tile ajoutees dans la pile: 5
Nombre de Tile traversees: 437  Distance est: 110
Nombre de Tile ajoutees dans la pile: 5
Nombre de Tile traversees: 438  Distance est: 110
Nombre de Tile ajoutees dans la pile: 5
Nombre de Tile traversees: 439  Distance est: 110
Nombre de Tile ajoutees dans la pile: 5
Nombre de Tile traversees: 440  Distance est: 110
Nombre de Tile ajoutees dans la pile: 5
Nombre de Tile traversees: 441  Distance est: 110
Nombre de Tile ajoutees dans la pile: 5
Nombre de Tile traversees: 442  Distance est: 111
Nombre de Tile ajoutees dans la pile: 5
Nombre de Tile traversees: 443  Distance est: 111
Nombre de Tile ajoutees dans la pile: 5
Nombre de Tile traversees: 444  Distance est: 111
Nombre de Tile ajoutees dans la pile: 6
Nombre de Tile traversees: 445  Distance est: 111
Nombre de Tile ajoutees dans la pile: 6
Nombre de Tile traversees: 446  Distance est: 111
Nombre de Tile ajoutees dans la pile: 6
Nombre de Tile traversees: 447  Distance est: 112
Nombre de Tile ajoutees dans la pile: 6
Nombre de Tile traversees: 448  Distance est: 112
Nombre de Tile ajoutees dans la pile: 6
Nombre de Tile traversees: 449  Distance est: 112
Nombre de Tile ajoutees dans la pile: 6
Nombre de Tile traversees: 450  Distance est: 112
Nombre de Tile ajoutees dans la pile: 6
Nombre de Tile traversees: 451  Distance est: 112
Nombre de Tile ajoutees dans la pile: 6
Nombre de Tile traversees: 452  Distance est: 112
Nombre de Tile ajoutees dans la pile: 6
Nombre de Tile traversees: 453  Distance est: 113
Nombre de Tile ajoutees dans la pile: 6
Nombre de Tile traversees: 454  Distance est: 113
Nombre de Tile ajoutees dans la pile: 6
Nombre de Tile traversees: 455  Distance est: 113
Nombre de Tile ajoutees dans la pile: 6
Nombre de Tile traversees: 456  Distance est: 113
Nombre de Tile ajoutees dans la pile: 6
Nombre de Tile traversees: 457  Distance est: 113
Nombre de Tile ajoutees dans la pile: 6
Nombre de Tile traversees: 458  Distance est: 113
Nombre de Tile ajoutees dans la pile: 6
Nombre de Tile traversees: 459  Distance est: 114
Nombre de Tile ajoutees dans la pile: 6
Nombre de Tile traversees: 460  Distance est: 114
Nombre de Tile ajoutees dans la pile: 6
Nombre de Tile traversees: 461  Distance est: 114
Nombre de Tile ajoutees dans la pile: 6
Nombre de Tile traversees: 462  Distance est: 114
Nombre de Tile ajoutees dans la pile: 7
Nombre de Tile traversees: 463  Distance est: 114
Nombre de Tile ajoutees dans la pile: 7
Nombre de Tile traversees: 464  Distance est: 114
Nombre de Tile ajoutees dans la pile: 7
Nombre de Tile traversees: 465  Distance est: 115
Nombre de Tile ajoutees dans la pile: 7
Nombre de Tile traversees: 466  Distance est: 115
Nombre de Tile ajoutees dans la pile: 7
Nombre de Tile traversees: 467  Distance est: 115
Nombre de Tile ajoutees dans la pile: 7
Nombre de Tile traversees: 468  Distance est: 115
Nombre de Tile ajoutees dans la pile: 8
Nombre de Tile traversees: 469  Distance est: 115
Nombre de Tile ajoutees dans la pile: 7
Nombre de Tile traversees: 470  Distance est: 115
Nombre de Tile ajoutees dans la pile: 7
Nombre de Tile traversees: 471  Distance est: 115
Nombre de Tile ajoutees dans la pile: 8
Nombre de Tile traversees: 472  Distance est: 116
Nombre de Tile ajoutees dans la pile: 8
Nombre de Tile traversees: 473  Distance est: 116
Nombre de Tile ajoutees dans la pile: 8
Nombre de Tile traversees: 474  Distance est: 116
Nombre de Tile ajoutees dans la pile: 8
Nombre de Tile traversees: 475  Distance est: 116
Nombre de Tile ajoutees dans la pile: 9
Nombre de Tile traversees: 476  Distance est: 116
Nombre de Tile ajoutees dans la pile: 8
Nombre de Tile traversees: 477  Distance est: 116
Nombre de Tile ajoutees dans la pile: 8
Nombre de Tile traversees: 478  Distance est: 116
Nombre de Tile ajoutees dans la pile: 8
Nombre de Tile traversees: 479  Distance est: 116
Nombre de Tile ajoutees dans la pile: 8
Nombre de Tile traversees: 480  Distance est: 117
Nombre de Tile ajoutees dans la pile: 8
Nombre de Tile traversees: 481  Distance est: 117
Nombre de Tile ajoutees dans la pile: 9
Nombre de Tile traversees: 482  Distance est: 117
Nombre de Tile ajoutees dans la pile: 9
Nombre de Tile traversees: 483  Distance est: 117
Nombre de Tile ajoutees dans la pile: 9
Nombre de Tile traversees: 484  Distance est: 117
Nombre de Tile ajoutees dans la pile: 8
Nombre de Tile traversees: 485  Distance est: 117
Nombre de Tile ajoutees dans la pile: 8
Nombre de Tile traversees: 486  Distance est: 117
Nombre de Tile ajoutees dans la pile: 8
Nombre de Tile traversees: 487  Distance est: 117
Nombre de Tile ajoutees dans la pile: 8
Nombre de Tile traversees: 488  Distance est: 118
Nombre de Tile ajoutees dans la pile: 8
Nombre de Tile traversees: 489  Distance est: 118
Nombre de Tile ajoutees dans la pile: 8
Nombre de Tile traversees: 490  Distance est: 118
Nombre de Tile ajoutees dans la pile: 8
Nombre de Tile traversees: 491  Distance est: 118
Nombre de Tile ajoutees dans la pile: 8
Nombre de Tile traversees: 492  Distance est: 118
Nombre de Tile ajoutees dans la pile: 8
Nombre de Tile traversees: 493  Distance est: 118
Nombre de Tile ajoutees dans la pile: 9
Nombre de Tile traversees: 494  Distance est: 118
Nombre de Tile ajoutees dans la pile: 9
Nombre de Tile traversees: 495  Distance est: 118
Nombre de Tile ajoutees dans la pile: 9
Nombre de Tile traversees: 496  Distance est: 119
Nombre de Tile ajoutees dans la pile: 9
Nombre de Tile traversees: 497  Distance est: 119
Nombre de Tile ajoutees dans la pile: 9
Nombre de Tile traversees: 498  Distance est: 119
Nombre de Tile ajoutees dans la pile: 9
Nombre de Tile traversees: 499  Distance est: 119
Nombre de Tile ajoutees dans la pile: 9
Nombre de Tile traversees: 500  Distance est: 119
Nombre de Tile ajoutees dans la pile: 9
Nombre de Tile traversees: 501  Distance est: 119
Nombre de Tile ajoutees dans la pile: 10
Nombre de Tile traversees: 502  Distance est: 119
Nombre de Tile ajoutees dans la pile: 9
Nombre de Tile traversees: 503  Distance est: 119
Nombre de Tile ajoutees dans la pile: 8
Nombre de Tile traversees: 504  Distance est: 119
Nombre de Tile ajoutees dans la pile: 8
Nombre de Tile traversees: 505  Distance est: 120
Nombre de Tile ajoutees dans la pile: 8
Nombre de Tile traversees: 506  Distance est: 120
Nombre de Tile ajoutees dans la pile: 8
Nombre de Tile traversees: 507  Distance est: 120
Nombre de Tile ajoutees dans la pile: 8
Nombre de Tile traversees: 508  Distance est: 120
Nombre de Tile ajoutees dans la pile: 8
Nombre de Tile traversees: 509  Distance est: 120
Nombre de Tile ajoutees dans la pile: 8
Nombre de Tile traversees: 510  Distance est: 120
Nombre de Tile ajoutees dans la pile: 9
Nombre de Tile traversees: 511  Distance est: 120
Nombre de Tile ajoutees dans la pile: 8
Nombre de Tile traversees: 512  Distance est: 120
Nombre de Tile ajoutees dans la pile: 8
Nombre de Tile traversees: 513  Distance est: 121
Nombre de Tile ajoutees dans la pile: 8
Nombre de Tile traversees: 514  Distance est: 121
Nombre de Tile ajoutees dans la pile: 8
Nombre de Tile traversees: 515  Distance est: 121
Nombre de Tile ajoutees dans la pile: 9
Nombre de Tile traversees: 516  Distance est: 121
Nombre de Tile ajoutees dans la pile: 9
Nombre de Tile traversees: 517  Distance est: 121
Nombre de Tile ajoutees dans la pile: 9
Nombre de Tile traversees: 518  Distance est: 121
Nombre de Tile ajoutees dans la pile: 8
Nombre de Tile traversees: 519  Distance est: 121
Nombre de Tile ajoutees dans la pile: 8
Nombre de Tile traversees: 520  Distance est: 121
Nombre de Tile ajoutees dans la pile: 8
Nombre de Tile traversees: 521  Distance est: 122
Nombre de Tile ajoutees dans la pile: 8
Nombre de Tile traversees: 522  Distance est: 122
Nombre de Tile ajoutees dans la pile: 8
Nombre de Tile traversees: 523  Distance est: 122
Nombre de Tile ajoutees dans la pile: 8
Nombre de Tile traversees: 524  Distance est: 122
Nombre de Tile ajoutees dans la pile: 8
Nombre de Tile traversees: 525  Distance est: 122
Nombre de Tile ajoutees dans la pile: 8
Nombre de Tile traversees: 526  Distance est: 122
Nombre de Tile ajoutees dans la pile: 8
Nombre de Tile traversees: 527  Distance est: 122
Nombre de Tile ajoutees dans la pile: 8
Nombre de Tile traversees: 528  Distance est: 122
Nombre de Tile ajoutees dans la pile: 8
Nombre de Tile traversees: 529  Distance est: 123
Nombre de Tile ajoutees dans la pile: 8
Nombre de Tile traversees: 530  Distance est: 123
Nombre de Tile ajoutees dans la pile: 8
Nombre de Tile traversees: 531  Distance est: 123
Nombre de Tile ajoutees dans la pile: 9
Nombre de Tile traversees: 532  Distance est: 123
Nombre de Tile ajoutees dans la pile: 9
Nombre de Tile traversees: 533  Distance est: 123
Nombre de Tile ajoutees dans la pile: 10
Nombre de Tile traversees: 534  Distance est: 123
Nombre de Tile ajoutees dans la pile: 10
Nombre de Tile traversees: 535  Distance est: 123
Nombre de Tile ajoutees dans la pile: 10
Nombre de Tile traversees: 536  Distance est: 123
Nombre de Tile ajoutees dans la pile: 10
Nombre de Tile traversees: 537  Distance est: 124
Nombre de Tile ajoutees dans la pile: 10
Nombre de Tile traversees: 538  Distance est: 124
Nombre de Tile ajoutees dans la pile: 10
Nombre de Tile traversees: 539  Distance est: 124
Nombre de Tile ajoutees dans la pile: 11
Nombre de Tile traversees: 540  Distance est: 124
Nombre de Tile ajoutees dans la pile: 11
Nombre de Tile traversees: 541  Distance est: 124
Nombre de Tile ajoutees dans la pile: 11
Nombre de Tile traversees: 542  Distance est: 124
Nombre de Tile ajoutees dans la pile: 11
Nombre de Tile traversees: 543  Distance est: 124
Nombre de Tile ajoutees dans la pile: 11
Nombre de Tile traversees: 544  Distance est: 124
Nombre de Tile ajoutees dans la pile: 11
Nombre de Tile traversees: 545  Distance est: 124
Nombre de Tile ajoutees dans la pile: 11
Nombre de Tile traversees: 546  Distance est: 124
Nombre de Tile ajoutees dans la pile: 11
Nombre de Tile traversees: 547  Distance est: 125
Nombre de Tile ajoutees dans la pile: 11
Nombre de Tile traversees: 548  Distance est: 125
Nombre de Tile ajoutees dans la pile: 11
Nombre de Tile traversees: 549  Distance est: 125
Nombre de Tile ajoutees dans la pile: 11
Nombre de Tile traversees: 550  Distance est: 125
Nombre de Tile ajoutees dans la pile: 10
Nombre de Tile traversees: 551  Distance est: 125
Nombre de Tile ajoutees dans la pile: 10
Nombre de Tile traversees: 552  Distance est: 125
Nombre de Tile ajoutees dans la pile: 9
Nombre de Tile traversees: 553  Distance est: 125
Nombre de Tile ajoutees dans la pile: 9
Nombre de Tile traversees: 554  Distance est: 125
Nombre de Tile ajoutees dans la pile: 9
Nombre de Tile traversees: 555  Distance est: 125
Nombre de Tile ajoutees dans la pile: 9
Nombre de Tile traversees: 556  Distance est: 125
Nombre de Tile ajoutees dans la pile: 9
Nombre de Tile traversees: 557  Distance est: 125
Nombre de Tile ajoutees dans la pile: 9
Nombre de Tile traversees: 558  Distance est: 126
Nombre de Tile ajoutees dans la pile: 9
Nombre de Tile traversees: 559  Distance est: 126
Nombre de Tile ajoutees dans la pile: 9
Nombre de Tile traversees: 560  Distance est: 126
Nombre de Tile ajoutees dans la pile: 9
Nombre de Tile traversees: 561  Distance est: 126
Nombre de Tile ajoutees dans la pile: 9
Nombre de Tile traversees: 562  Distance est: 126
Nombre de Tile ajoutees dans la pile: 9
Nombre de Tile traversees: 563  Distance est: 126
Nombre de Tile ajoutees dans la pile: 9
Nombre de Tile traversees: 564  Distance est: 126
Nombre de Tile ajoutees dans la pile: 9
Nombre de Tile traversees: 565  Distance est: 126
Nombre de Tile ajoutees dans la pile: 9
Nombre de Tile traversees: 566  Distance est: 126
Nombre de Tile ajoutees dans la pile: 9
Nombre de Tile traversees: 567  Distance est: 127
Nombre de Tile ajoutees dans la pile: 9
Nombre de Tile traversees: 568  Distance est: 127
Nombre de Tile ajoutees dans la pile: 9
Nombre de Tile traversees: 569  Distance est: 127
Nombre de Tile ajoutees dans la pile: 9
Nombre de Tile traversees: 570  Distance est: 127
Nombre de Tile ajoutees dans la pile: 8
Nombre de Tile traversees: 571  Distance est: 127
Nombre de Tile ajoutees dans la pile: 7
Nombre de Tile traversees: 572  Distance est: 127
Nombre de Tile ajoutees dans la pile: 7
Nombre de Tile traversees: 573  Distance est: 127
Nombre de Tile ajoutees dans la pile: 8
Nombre de Tile traversees: 574  Distance est: 127
Nombre de Tile ajoutees dans la pile: 8
Nombre de Tile traversees: 575  Distance est: 127
Nombre de Tile ajoutees dans la pile: 8
Nombre de Tile traversees: 576  Distance est: 128
Nombre de Tile ajoutees dans la pile: 8
Nombre de Tile traversees: 577  Distance est: 128
Nombre de Tile ajoutees dans la pile: 8
Nombre de Tile traversees: 578  Distance est: 128
Nombre de Tile ajoutees dans la pile: 8
Nombre de Tile traversees: 579  Distance est: 128
Nombre de Tile ajoutees dans la pile: 8
Nombre de Tile traversees: 580  Distance est: 128
Nombre de Tile ajoutees dans la pile: 8
Nombre de Tile traversees: 581  Distance est: 128
Nombre de Tile ajoutees dans la pile: 9
Nombre de Tile traversees: 582  Distance est: 128
Nombre de Tile ajoutees dans la pile: 9
Nombre de Tile traversees: 583  Distance est: 128
Nombre de Tile ajoutees dans la pile: 9
Nombre de Tile traversees: 584  Distance est: 129
Nombre de Tile ajoutees dans la pile: 9
Nombre de Tile traversees: 585  Distance est: 129
Nombre de Tile ajoutees dans la pile: 9
Nombre de Tile traversees: 586  Distance est: 129
Nombre de Tile ajoutees dans la pile: 9
Nombre de Tile traversees: 587  Distance est: 129
Nombre de Tile ajoutees dans la pile: 9
Nombre de Tile traversees: 588  Distance est: 129
Nombre de Tile ajoutees dans la pile: 9
Nombre de Tile traversees: 589  Distance est: 129
Nombre de Tile ajoutees dans la pile: 10
Nombre de Tile traversees: 590  Distance est: 129
Nombre de Tile ajoutees dans la pile: 9
Nombre de Tile traversees: 591  Distance est: 129
Nombre de Tile ajoutees dans la pile: 9
Nombre de Tile traversees: 592  Distance est: 129
Nombre de Tile ajoutees dans la pile: 9
Nombre de Tile traversees: 593  Distance est: 130
Nombre de Tile ajoutees dans la pile: 9
Nombre de Tile traversees: 594  Distance est: 130
Nombre de Tile ajoutees dans la pile: 9
Nombre de Tile traversees: 595  Distance est: 130
Nombre de Tile ajoutees dans la pile: 9
Nombre de Tile traversees: 596  Distance est: 130
Nombre de Tile ajoutees dans la pile: 9
Nombre de Tile traversees: 597  Distance est: 130
Nombre de Tile ajoutees dans la pile: 10
Nombre de Tile traversees: 598  Distance est: 130
Nombre de Tile ajoutees dans la pile: 11
Nombre de Tile traversees: 599  Distance est: 130
Nombre de Tile ajoutees dans la pile: 10
Nombre de Tile traversees: 600  Distance est: 130
Nombre de Tile ajoutees dans la pile: 10
Nombre de Tile traversees: 601  Distance est: 130
Nombre de Tile ajoutees dans la pile: 10
Nombre de Tile traversees: 602  Distance est: 131
Nombre de Tile ajoutees dans la pile: 10
Nombre de Tile traversees: 603  Distance est: 131
Nombre de Tile ajoutees dans la pile: 10
Nombre de Tile traversees: 604  Distance est: 131
Nombre de Tile ajoutees dans la pile: 10
Nombre de Tile traversees: 605  Distance est: 131
Nombre de Tile ajoutees dans la pile: 10
Nombre de Tile traversees: 606  Distance est: 131
Nombre de Tile ajoutees dans la pile: 11
Nombre de Tile traversees: 607  Distance est: 131
Nombre de Tile ajoutees dans la pile: 10
Nombre de Tile traversees: 608  Distance est: 131
Nombre de Tile ajoutees dans la pile: 9
Nombre de Tile traversees: 609  Distance est: 131
Nombre de Tile ajoutees dans la pile: 8
Nombre de Tile traversees: 610  Distance est: 131
Nombre de Tile ajoutees dans la pile: 8
Nombre de Tile traversees: 611  Distance est: 131
Nombre de Tile ajoutees dans la pile: 8
Nombre de Tile traversees: 612  Distance est: 132
Nombre de Tile ajoutees dans la pile: 8
Nombre de Tile traversees: 613  Distance est: 132
Nombre de Tile ajoutees dans la pile: 8
Nombre de Tile traversees: 614  Distance est: 132
Nombre de Tile ajoutees dans la pile: 9
Nombre de Tile traversees: 615  Distance est: 132
Nombre de Tile ajoutees dans la pile: 9
Nombre de Tile traversees: 616  Distance est: 132
Nombre de Tile ajoutees dans la pile: 10
Nombre de Tile traversees: 617  Distance est: 132
Nombre de Tile ajoutees dans la pile: 9
Nombre de Tile traversees: 618  Distance est: 132
Nombre de Tile ajoutees dans la pile: 10
Nombre de Tile traversees: 619  Distance est: 132
Nombre de Tile ajoutees dans la pile: 10
Nombre de Tile traversees: 620  Distance est: 133
Nombre de Tile ajoutees dans la pile: 10
Nombre de Tile traversees: 621  Distance est: 133
Nombre de Tile ajoutees dans la pile: 11
Nombre de Tile traversees: 622  Distance est: 133
Nombre de Tile ajoutees dans la pile: 12
Nombre de Tile traversees: 623  Distance est: 133
Nombre de Tile ajoutees dans la pile: 11
Nombre de Tile traversees: 624  Distance est: 133
Nombre de Tile ajoutees dans la pile: 11
Nombre de Tile traversees: 625  Distance est: 133
Nombre de Tile ajoutees dans la pile: 11
Nombre de Tile traversees: 626  Distance est: 133
Nombre de Tile ajoutees dans la pile: 11
Nombre de Tile traversees: 627  Distance est: 133
Nombre de Tile ajoutees dans la pile: 12
Nombre de Tile traversees: 628  Distance est: 133
Nombre de Tile ajoutees dans la pile: 12
Nombre de Tile traversees: 629  Distance est: 133
Nombre de Tile ajoutees dans la pile: 12
Nombre de Tile traversees: 630  Distance est: 134
Nombre de Tile ajoutees dans la pile: 12
Nombre de Tile traversees: 631  Distance est: 134
Nombre de Tile ajoutees dans la pile: 13
Nombre de Tile traversees: 632  Distance est: 134
Nombre de Tile ajoutees dans la pile: 13
Nombre de Tile traversees: 633  Distance est: 134
Nombre de Tile ajoutees dans la pile: 14
Nombre de Tile traversees: 634  Distance est: 134
Nombre de Tile ajoutees dans la pile: 13
Nombre de Tile traversees: 635  Distance est: 134
Nombre de Tile ajoutees dans la pile: 13
Nombre de Tile traversees: 636  Distance est: 134
Nombre de Tile ajoutees dans la pile: 13
Nombre de Tile traversees: 637  Distance est: 134
Nombre de Tile ajoutees dans la pile: 14
Nombre de Tile traversees: 638  Distance est: 134
Nombre de Tile ajoutees dans la pile: 15
Nombre de Tile traversees: 639  Distance est: 134
Nombre de Tile ajoutees dans la pile: 14
Nombre de Tile traversees: 640  Distance est: 134
Nombre de Tile ajoutees dans la pile: 14
Nombre de Tile traversees: 641  Distance est: 134
Nombre de Tile ajoutees dans la pile: 14
Nombre de Tile traversees: 642  Distance est: 135
Nombre de Tile ajoutees dans la pile: 14
Nombre de Tile traversees: 643  Distance est: 135
Nombre de Tile ajoutees dans la pile: 15
Nombre de Tile traversees: 644  Distance est: 135
Nombre de Tile ajoutees dans la pile: 14
Nombre de Tile traversees: 645  Distance est: 135
Nombre de Tile ajoutees dans la pile: 13
Nombre de Tile traversees: 646  Distance est: 135
Nombre de Tile ajoutees dans la pile: 13
Nombre de Tile traversees: 647  Distance est: 135
Nombre de Tile ajoutees dans la pile: 12
Nombre de Tile traversees: 648  Distance est: 135
Nombre de Tile ajoutees dans la pile: 12
Nombre de Tile traversees: 649  Distance est: 135
Nombre de Tile ajoutees dans la pile: 12
Nombre de Tile traversees: 650  Distance est: 135
Nombre de Tile ajoutees dans la pile: 13
Nombre de Tile traversees: 651  Distance est: 135
Nombre de Tile ajoutees dans la pile: 12
Nombre de Tile traversees: 652  Distance est: 135
Nombre de Tile ajoutees dans la pile: 12
Nombre de Tile traversees: 653  Distance est: 135
Nombre de Tile ajoutees dans la pile: 11
Nombre de Tile traversees: 654  Distance est: 135
Nombre de Tile ajoutees dans la pile: 11
Nombre de Tile traversees: 655  Distance est: 135
Nombre de Tile ajoutees dans la pile: 11
Nombre de Tile traversees: 656  Distance est: 136
Nombre de Tile ajoutees dans la pile: 12
Nombre de Tile traversees: 657  Distance est: 136
Nombre de Tile ajoutees dans la pile: 12
Nombre de Tile traversees: 658  Distance est: 136
Nombre de Tile ajoutees dans la pile: 12
Nombre de Tile traversees: 659  Distance est: 136
Nombre de Tile ajoutees dans la pile: 12
Nombre de Tile traversees: 660  Distance est: 136
Nombre de Tile ajoutees dans la pile: 12
Nombre de Tile traversees: 661  Distance est: 136
Nombre de Tile ajoutees dans la pile: 12
Nombre de Tile traversees: 662  Distance est: 136
Nombre de Tile ajoutees dans la pile: 13
Nombre de Tile traversees: 663  Distance est: 136
Nombre de Tile ajoutees dans la pile: 12
Nombre de Tile traversees: 664  Distance est: 136
Nombre de Tile ajoutees dans la pile: 12
Nombre de Tile traversees: 665  Distance est: 136
Nombre de Tile ajoutees dans la pile: 12
Nombre de Tile traversees: 666  Distance est: 136
Nombre de Tile ajoutees dans la pile: 12
Nombre de Tile traversees: 667  Distance est: 136
Nombre de Tile ajoutees dans la pile: 12
Nombre de Tile traversees: 668  Distance est: 137
Nombre de Tile ajoutees dans la pile: 12
Nombre de Tile traversees: 669  Distance est: 137
Nombre de Tile ajoutees dans la pile: 12
Nombre de Tile traversees: 670  Distance est: 137
Nombre de Tile ajoutees dans la pile: 12
Nombre de Tile traversees: 671  Distance est: 137
Nombre de Tile ajoutees dans la pile: 12
Nombre de Tile traversees: 672  Distance est: 137
Nombre de Tile ajoutees dans la pile: 12
Nombre de Tile traversees: 673  Distance est: 137
Nombre de Tile ajoutees dans la pile: 12
Nombre de Tile traversees: 674  Distance est: 137
Nombre de Tile ajoutees dans la pile: 11
Nombre de Tile traversees: 675  Distance est: 137
Nombre de Tile ajoutees dans la pile: 10
Nombre de Tile traversees: 676  Distance est: 137
Nombre de Tile ajoutees dans la pile: 10
Nombre de Tile traversees: 677  Distance est: 137
Nombre de Tile ajoutees dans la pile: 10
Nombre de Tile traversees: 678  Distance est: 137
Nombre de Tile ajoutees dans la pile: 10
Nombre de Tile traversees: 679  Distance est: 137
Nombre de Tile ajoutees dans la pile: 10
Nombre de Tile traversees: 680  Distance est: 138
Nombre de Tile ajoutees dans la pile: 10
Nombre de Tile traversees: 681  Distance est: 138
Nombre de Tile ajoutees dans la pile: 10
Nombre de Tile traversees: 682  Distance est: 138
Nombre de Tile ajoutees dans la pile: 10
Nombre de Tile traversees: 683  Distance est: 138
Nombre de Tile ajoutees dans la pile: 10
Nombre de Tile traversees: 684  Distance est: 138
Nombre de Tile ajoutees dans la pile: 10
Nombre de Tile traversees: 685  Distance est: 138
Nombre de Tile ajoutees dans la pile: 10
Nombre de Tile traversees: 686  Distance est: 138
Nombre de Tile ajoutees dans la pile: 10
Nombre de Tile traversees: 687  Distance est: 138
Nombre de Tile ajoutees dans la pile: 10
Nombre de Tile traversees: 688  Distance est: 138
Nombre de Tile ajoutees dans la pile: 10
Nombre de Tile traversees: 689  Distance est: 138
Nombre de Tile ajoutees dans la pile: 10
Nombre de Tile traversees: 690  Distance est: 139
Nombre de Tile ajoutees dans la pile: 10
Nombre de Tile traversees: 691  Distance est: 139
Nombre de Tile ajoutees dans la pile: 10
Nombre de Tile traversees: 692  Distance est: 139
Nombre de Tile ajoutees dans la pile: 10
Nombre de Tile traversees: 693  Distance est: 139
Nombre de Tile ajoutees dans la pile: 10
Nombre de Tile traversees: 694  Distance est: 139
Nombre de Tile ajoutees dans la pile: 11
Nombre de Tile traversees: 695  Distance est: 139
Nombre de Tile ajoutees dans la pile: 10
Nombre de Tile traversees: 696  Distance est: 139
Nombre de Tile ajoutees dans la pile: 10
Nombre de Tile traversees: 697  Distance est: 139
Nombre de Tile ajoutees dans la pile: 10
Nombre de Tile traversees: 698  Distance est: 139
Nombre de Tile ajoutees dans la pile: 10
Nombre de Tile traversees: 699  Distance est: 139
Nombre de Tile ajoutees dans la pile: 10
Nombre de Tile traversees: 700  Distance est: 140
Nombre de Tile ajoutees dans la pile: 10
Nombre de Tile traversees: 701  Distance est: 140
Nombre de Tile ajoutees dans la pile: 10
Nombre de Tile traversees: 702  Distance est: 140
Nombre de Tile ajoutees dans la pile: 10
Nombre de Tile traversees: 703  Distance est: 140
Nombre de Tile ajoutees dans la pile: 10
Nombre de Tile traversees: 704  Distance est: 140
Nombre de Tile ajoutees dans la pile: 10
Nombre de Tile traversees: 705  Distance est: 140
Nombre de Tile ajoutees dans la pile: 10
Nombre de Tile traversees: 706  Distance est: 140
Nombre de Tile ajoutees dans la pile: 10
Nombre de Tile traversees: 707  Distance est: 140
Nombre de Tile ajoutees dans la pile: 10
Nombre de Tile traversees: 708  Distance est: 140
Nombre de Tile ajoutees dans la pile: 10
Nombre de Tile traversees: 709  Distance est: 140
Nombre de Tile ajoutees dans la pile: 10
Nombre de Tile traversees: 710  Distance est: 141
Nombre de Tile ajoutees dans la pile: 10
Nombre de Tile traversees: 711  Distance est: 141
Nombre de Tile ajoutees dans la pile: 10
Nombre de Tile traversees: 712  Distance est: 141
Nombre de Tile ajoutees dans la pile: 10
Nombre de Tile traversees: 713  Distance est: 141
Nombre de Tile ajoutees dans la pile: 10
Nombre de Tile traversees: 714  Distance est: 141
Nombre de Tile ajoutees dans la pile: 11
Nombre de Tile traversees: 715  Distance est: 141
Nombre de Tile ajoutees dans la pile: 11
Nombre de Tile traversees: 716  Distance est: 141
Nombre de Tile ajoutees dans la pile: 11
Nombre de Tile traversees: 717  Distance est: 141
Nombre de Tile ajoutees dans la pile: 10
Nombre de Tile traversees: 718  Distance est: 141
Nombre de Tile ajoutees dans la pile: 11
Nombre de Tile traversees: 719  Distance est: 141
Nombre de Tile ajoutees dans la pile: 11
Nombre de Tile traversees: 720  Distance est: 142
Nombre de Tile ajoutees dans la pile: 10
Nombre de Tile traversees: 721  Distance est: 142
Nombre de Tile ajoutees dans la pile: 10
Nombre de Tile traversees: 722  Distance est: 142
Nombre de Tile ajoutees dans la pile: 10
Nombre de Tile traversees: 723  Distance est: 142
Nombre de Tile ajoutees dans la pile: 10
Nombre de Tile traversees: 724  Distance est: 142
Nombre de Tile ajoutees dans la pile: 10
Nombre de Tile traversees: 725  Distance est: 142
Nombre de Tile ajoutees dans la pile: 10
Nombre de Tile traversees: 726  Distance est: 142
Nombre de Tile ajoutees dans la pile: 10
Nombre de Tile traversees: 727  Distance est: 142
Nombre de Tile ajoutees dans la pile: 10
Nombre de Tile traversees: 728  Distance est: 142
Nombre de Tile ajoutees dans la pile: 10
Nombre de Tile traversees: 729  Distance est: 142
Nombre de Tile ajoutees dans la pile: 10
Nombre de Tile traversees: 730  Distance est: 143
Nombre de Tile ajoutees dans la pile: 10
Nombre de Tile traversees: 731  Distance est: 143
Nombre de Tile ajoutees dans la pile: 11
Nombre de Tile traversees: 732  Distance est: 143
Nombre de Tile ajoutees dans la pile: 11
Nombre de Tile traversees: 733  Distance est: 143
Nombre de Tile ajoutees dans la pile: 12
Nombre de Tile traversees: 734  Distance est: 143
Nombre de Tile ajoutees dans la pile: 12
Nombre de Tile traversees: 735  Distance est: 143
Nombre de Tile ajoutees dans la pile: 12
Nombre de Tile traversees: 736  Distance est: 143
Nombre de Tile ajoutees dans la pile: 12
Nombre de Tile traversees: 737  Distance est: 143
Nombre de Tile ajoutees dans la pile: 12
Nombre de Tile traversees: 738  Distance est: 143
Nombre de Tile ajoutees dans la pile: 12
Nombre de Tile traversees: 739  Distance est: 143
Nombre de Tile ajoutees dans la pile: 12
Nombre de Tile traversees: 740  Distance est: 144
Nombre de Tile ajoutees dans la pile: 12
Nombre de Tile traversees: 741  Distance est: 144
Nombre de Tile ajoutees dans la pile: 12
Nombre de Tile traversees: 742  Distance est: 144
Nombre de Tile ajoutees dans la pile: 13
Nombre de Tile traversees: 743  Distance est: 144
Nombre de Tile ajoutees dans la pile: 13
Nombre de Tile traversees: 744  Distance est: 144
Nombre de Tile ajoutees dans la pile: 13
Nombre de Tile traversees: 745  Distance est: 144
Nombre de Tile ajoutees dans la pile: 14
Nombre de Tile traversees: 746  Distance est: 144
Nombre de Tile ajoutees dans la pile: 14
Nombre de Tile traversees: 747  Distance est: 144
Nombre de Tile ajoutees dans la pile: 14
Nombre de Tile traversees: 748  Distance est: 144
Nombre de Tile ajoutees dans la pile: 14
Nombre de Tile traversees: 749  Distance est: 144
Nombre de Tile ajoutees dans la pile: 14
Nombre de Tile traversees: 750  Distance est: 144
Nombre de Tile ajoutees dans la pile: 14
Nombre de Tile traversees: 751  Distance est: 144
Nombre de Tile ajoutees dans la pile: 14
Nombre de Tile traversees: 752  Distance est: 145
Nombre de Tile ajoutees dans la pile: 14
Nombre de Tile traversees: 753  Distance est: 145
Nombre de Tile ajoutees dans la pile: 14
Nombre de Tile traversees: 754  Distance est: 145
Nombre de Tile ajoutees dans la pile: 15
Nombre de Tile traversees: 755  Distance est: 145
Nombre de Tile ajoutees dans la pile: 14
Nombre de Tile traversees: 756  Distance est: 145
Nombre de Tile ajoutees dans la pile: 14
Nombre de Tile traversees: 757  Distance est: 145
Nombre de Tile ajoutees dans la pile: 14
Nombre de Tile traversees: 758  Distance est: 145
Nombre de Tile ajoutees dans la pile: 15
Nombre de Tile traversees: 759  Distance est: 145
Nombre de Tile ajoutees dans la pile: 14
Nombre de Tile traversees: 760  Distance est: 145
Nombre de Tile ajoutees dans la pile: 15
Nombre de Tile traversees: 761  Distance est: 145
Nombre de Tile ajoutees dans la pile: 15
Nombre de Tile traversees: 762  Distance est: 145
Nombre de Tile ajoutees dans la pile: 15
Nombre de Tile traversees: 763  Distance est: 145
Nombre de Tile ajoutees dans la pile: 14
Nombre de Tile traversees: 764  Distance est: 145
Nombre de Tile ajoutees dans la pile: 13
Nombre de Tile traversees: 765  Distance est: 145
Nombre de Tile ajoutees dans la pile: 13
Nombre de Tile traversees: 766  Distance est: 146
Nombre de Tile ajoutees dans la pile: 13
Nombre de Tile traversees: 767  Distance est: 146
Nombre de Tile ajoutees dans la pile: 13
Nombre de Tile traversees: 768  Distance est: 146
Nombre de Tile ajoutees dans la pile: 14
Nombre de Tile traversees: 769  Distance est: 146
Nombre de Tile ajoutees dans la pile: 13
Nombre de Tile traversees: 770  Distance est: 146
Nombre de Tile ajoutees dans la pile: 13
Nombre de Tile traversees: 771  Distance est: 146
Nombre de Tile ajoutees dans la pile: 13
Nombre de Tile traversees: 772  Distance est: 146
Nombre de Tile ajoutees dans la pile: 14
Nombre de Tile traversees: 773  Distance est: 146
Nombre de Tile ajoutees dans la pile: 13
Nombre de Tile traversees: 774  Distance est: 146
Nombre de Tile ajoutees dans la pile: 13
Nombre de Tile traversees: 775  Distance est: 146
Nombre de Tile ajoutees dans la pile: 13
Nombre de Tile traversees: 776  Distance est: 146
Nombre de Tile ajoutees dans la pile: 13
Nombre de Tile traversees: 777  Distance est: 146
Nombre de Tile ajoutees dans la pile: 13
Nombre de Tile traversees: 778  Distance est: 146
Nombre de Tile ajoutees dans la pile: 13
Nombre de Tile traversees: 779  Distance est: 147
Nombre de Tile ajoutees dans la pile: 13
Nombre de Tile traversees: 780  Distance est: 147
Nombre de Tile ajoutees dans la pile: 13
Nombre de Tile traversees: 781  Distance est: 147
Nombre de Tile ajoutees dans la pile: 13
Nombre de Tile traversees: 782  Distance est: 147
Nombre de Tile ajoutees dans la pile: 12
Nombre de Tile traversees: 783  Distance est: 147
Nombre de Tile ajoutees dans la pile: 12
Nombre de Tile traversees: 784  Distance est: 147
Nombre de Tile ajoutees dans la pile: 11
Nombre de Tile traversees: 785  Distance est: 147
Nombre de Tile ajoutees dans la pile: 11
Nombre de Tile traversees: 786  Distance est: 147
Nombre de Tile ajoutees dans la pile: 10
Nombre de Tile traversees: 787  Distance est: 147
Nombre de Tile ajoutees dans la pile: 10
Nombre de Tile traversees: 788  Distance est: 147
Nombre de Tile ajoutees dans la pile: 10
Nombre de Tile traversees: 789  Distance est: 147
Nombre de Tile ajoutees dans la pile: 10
Nombre de Tile traversees: 790  Distance est: 147
Nombre de Tile ajoutees dans la pile: 10
Nombre de Tile traversees: 791  Distance est: 147
Nombre de Tile ajoutees dans la pile: 10
Nombre de Tile traversees: 792  Distance est: 148
Nombre de Tile ajoutees dans la pile: 10
Nombre de Tile traversees: 793  Distance est: 148
Nombre de Tile ajoutees dans la pile: 10
Nombre de Tile traversees: 794  Distance est: 148
Nombre de Tile ajoutees dans la pile: 10
Nombre de Tile traversees: 795  Distance est: 148
Nombre de Tile ajoutees dans la pile: 10
Nombre de Tile traversees: 796  Distance est: 148
Nombre de Tile ajoutees dans la pile: 10
Nombre de Tile traversees: 797  Distance est: 148
Nombre de Tile ajoutees dans la pile: 10
Nombre de Tile traversees: 798  Distance est: 148
Nombre de Tile ajoutees dans la pile: 10
Nombre de Tile traversees: 799  Distance est: 148
Nombre de Tile ajoutees dans la pile: 10
Nombre de Tile traversees: 800  Distance est: 148
Nombre de Tile ajoutees dans la pile: 10
Nombre de Tile traversees: 801  Distance est: 148
Nombre de Tile ajoutees dans la pile: 10
Nombre de Tile traversees: 802  Distance est: 149
Nombre de Tile ajoutees dans la pile: 10
Nombre de Tile traversees: 803  Distance est: 149
Nombre de Tile ajoutees dans la pile: 10
Nombre de Tile traversees: 804  Distance est: 149
Nombre de Tile ajoutees dans la pile: 10
Nombre de Tile traversees: 805  Distance est: 149
Nombre de Tile ajoutees dans la pile: 10
Nombre de Tile traversees: 806  Distance est: 149
Nombre de Tile ajoutees dans la pile: 10
Nombre de Tile traversees: 807  Distance est: 149
Nombre de Tile ajoutees dans la pile: 9
Nombre de Tile traversees: 808  Distance est: 149
Nombre de Tile ajoutees dans la pile: 9
Nombre de Tile traversees: 809  Distance est: 149
Nombre de Tile ajoutees dans la pile: 9
Nombre de Tile traversees: 810  Distance est: 149
Nombre de Tile ajoutees dans la pile: 9
Nombre de Tile traversees: 811  Distance est: 149
Nombre de Tile ajoutees dans la pile: 9
Nombre de Tile traversees: 812  Distance est: 150
Nombre de Tile ajoutees dans la pile: 9
Nombre de Tile traversees: 813  Distance est: 150
Nombre de Tile ajoutees dans la pile: 9
Nombre de Tile traversees: 814  Distance est: 150
Nombre de Tile ajoutees dans la pile: 9
Nombre de Tile traversees: 815  Distance est: 150
Nombre de Tile ajoutees dans la pile: 9
Nombre de Tile traversees: 816  Distance est: 150
Nombre de Tile ajoutees dans la pile: 9
Nombre de Tile traversees: 817  Distance est: 150
Nombre de Tile ajoutees dans la pile: 9
Nombre de Tile traversees: 818  Distance est: 150
Nombre de Tile ajoutees dans la pile: 9
Nombre de Tile traversees: 819  Distance est: 150
Nombre de Tile ajoutees dans la pile: 9
Nombre de Tile traversees: 820  Distance est: 150
Nombre de Tile ajoutees dans la pile: 9
Nombre de Tile traversees: 821  Distance est: 151
Nombre de Tile ajoutees dans la pile: 9
Nombre de Tile traversees: 822  Distance est: 151
Nombre de Tile ajoutees dans la pile: 8
Nombre de Tile traversees: 823  Distance est: 151
Nombre de Tile ajoutees dans la pile: 8
Nombre de Tile traversees: 824  Distance est: 151
Nombre de Tile ajoutees dans la pile: 8
Nombre de Tile traversees: 825  Distance est: 151
Nombre de Tile ajoutees dans la pile: 8
Nombre de Tile traversees: 826  Distance est: 151
Nombre de Tile ajoutees dans la pile: 8
Nombre de Tile traversees: 827  Distance est: 151
Nombre de Tile ajoutees dans la pile: 9
Nombre de Tile traversees: 828  Distance est: 151
Nombre de Tile ajoutees dans la pile: 9
Nombre de Tile traversees: 829  Distance est: 151
Nombre de Tile ajoutees dans la pile: 9
Nombre de Tile traversees: 830  Distance est: 152
Nombre de Tile ajoutees dans la pile: 9
Nombre de Tile traversees: 831  Distance est: 152
Nombre de Tile ajoutees dans la pile: 9
Nombre de Tile traversees: 832  Distance est: 152
Nombre de Tile ajoutees dans la pile: 9
Nombre de Tile traversees: 833  Distance est: 152
Nombre de Tile ajoutees dans la pile: 9
Nombre de Tile traversees: 834  Distance est: 152
Nombre de Tile ajoutees dans la pile: 9
Nombre de Tile traversees: 835  Distance est: 152
Nombre de Tile ajoutees dans la pile: 9
Nombre de Tile traversees: 836  Distance est: 152
Nombre de Tile ajoutees dans la pile: 9
Nombre de Tile traversees: 837  Distance est: 152
Nombre de Tile ajoutees dans la pile: 9
Nombre de Tile traversees: 838  Distance est: 152
Nombre de Tile ajoutees dans la pile: 9
Nombre de Tile traversees: 839  Distance est: 153
Nombre de Tile ajoutees dans la pile: 9
Nombre de Tile traversees: 840  Distance est: 153
Nombre de Tile ajoutees dans la pile: 9
Nombre de Tile traversees: 841  Distance est: 153
Nombre de Tile ajoutees dans la pile: 9
Nombre de Tile traversees: 842  Distance est: 153
Nombre de Tile ajoutees dans la pile: 8
Nombre de Tile traversees: 843  Distance est: 153
Nombre de Tile ajoutees dans la pile: 9
Nombre de Tile traversees: 844  Distance est: 153
Nombre de Tile ajoutees dans la pile: 8
Nombre de Tile traversees: 845  Distance est: 153
Nombre de Tile ajoutees dans la pile: 8
Nombre de Tile traversees: 846  Distance est: 153
Nombre de Tile ajoutees dans la pile: 8
Nombre de Tile traversees: 847  Distance est: 153
Nombre de Tile ajoutees dans la pile: 8
Nombre de Tile traversees: 848  Distance est: 154
Nombre de Tile ajoutees dans la pile: 8
Nombre de Tile traversees: 849  Distance est: 154
Nombre de Tile ajoutees dans la pile: 8
Nombre de Tile traversees: 850  Distance est: 154
Nombre de Tile ajoutees dans la pile: 8
Nombre de Tile traversees: 851  Distance est: 154
Nombre de Tile ajoutees dans la pile: 8
Nombre de Tile traversees: 852  Distance est: 154
Nombre de Tile ajoutees dans la pile: 8
Nombre de Tile traversees: 853  Distance est: 154
Nombre de Tile ajoutees dans la pile: 8
Nombre de Tile traversees: 854  Distance est: 154
Nombre de Tile ajoutees dans la pile: 8
Nombre de Tile traversees: 855  Distance est: 154
Nombre de Tile ajoutees dans la pile: 8
Nombre de Tile traversees: 856  Distance est: 155
Nombre de Tile ajoutees dans la pile: 8
Nombre de Tile traversees: 857  Distance est: 155
Nombre de Tile ajoutees dans la pile: 8
Nombre de Tile traversees: 858  Distance est: 155
Nombre de Tile ajoutees dans la pile: 8
Nombre de Tile traversees: 859  Distance est: 155
Nombre de Tile ajoutees dans la pile: 7
Nombre de Tile traversees: 860  Distance est: 155
Nombre de Tile ajoutees dans la pile: 7
Nombre de Tile traversees: 861  Distance est: 155
Nombre de Tile ajoutees dans la pile: 8
Nombre de Tile traversees: 862  Distance est: 155
Nombre de Tile ajoutees dans la pile: 8
Nombre de Tile traversees: 863  Distance est: 155
Nombre de Tile ajoutees dans la pile: 8
Nombre de Tile traversees: 864  Distance est: 156
Nombre de Tile ajoutees dans la pile: 8
Nombre de Tile traversees: 865  Distance est: 156
Nombre de Tile ajoutees dans la pile: 8
Nombre de Tile traversees: 866  Distance est: 156
Nombre de Tile ajoutees dans la pile: 8
Nombre de Tile traversees: 867  Distance est: 156
Nombre de Tile ajoutees dans la pile: 9
Nombre de Tile traversees: 868  Distance est: 156
Nombre de Tile ajoutees dans la pile: 9
Nombre de Tile traversees: 869  Distance est: 156
Nombre de Tile ajoutees dans la pile: 9
Nombre de Tile traversees: 870  Distance est: 156
Nombre de Tile ajoutees dans la pile: 9
Nombre de Tile traversees: 871  Distance est: 156
Nombre de Tile ajoutees dans la pile: 9
Nombre de Tile traversees: 872  Distance est: 157
Nombre de Tile ajoutees dans la pile: 9
Nombre de Tile traversees: 873  Distance est: 157
Nombre de Tile ajoutees dans la pile: 9
Nombre de Tile traversees: 874  Distance est: 157
Nombre de Tile ajoutees dans la pile: 10
Nombre de Tile traversees: 875  Distance est: 157
Nombre de Tile ajoutees dans la pile: 11
Nombre de Tile traversees: 876  Distance est: 157
Nombre de Tile ajoutees dans la pile: 10
Nombre de Tile traversees: 877  Distance est: 157
Nombre de Tile ajoutees dans la pile: 11
Nombre de Tile traversees: 878  Distance est: 157
Nombre de Tile ajoutees dans la pile: 12
Nombre de Tile traversees: 879  Distance est: 157
Nombre de Tile ajoutees dans la pile: 12
Nombre de Tile traversees: 880  Distance est: 157
Nombre de Tile ajoutees dans la pile: 12
Nombre de Tile traversees: 881  Distance est: 158
Nombre de Tile ajoutees dans la pile: 12
Nombre de Tile traversees: 882  Distance est: 158
Nombre de Tile ajoutees dans la pile: 12
Nombre de Tile traversees: 883  Distance est: 158
Nombre de Tile ajoutees dans la pile: 12
Nombre de Tile traversees: 884  Distance est: 158
Nombre de Tile ajoutees dans la pile: 12
Nombre de Tile traversees: 885  Distance est: 158
Nombre de Tile ajoutees dans la pile: 13
Nombre de Tile traversees: 886  Distance est: 158
Nombre de Tile ajoutees dans la pile: 12
Nombre de Tile traversees: 887  Distance est: 158
Nombre de Tile ajoutees dans la pile: 12
Nombre de Tile traversees: 888  Distance est: 158
Nombre de Tile ajoutees dans la pile: 12
Nombre de Tile traversees: 889  Distance est: 158
Nombre de Tile ajoutees dans la pile: 12
Nombre de Tile traversees: 890  Distance est: 158
Nombre de Tile ajoutees dans la pile: 12
Nombre de Tile traversees: 891  Distance est: 158
Nombre de Tile ajoutees dans la pile: 12
Nombre de Tile traversees: 892  Distance est: 158
Nombre de Tile ajoutees dans la pile: 12
Nombre de Tile traversees: 893  Distance est: 159
Nombre de Tile ajoutees dans la pile: 12
Nombre de Tile traversees: 894  Distance est: 159
Nombre de Tile ajoutees dans la pile: 12
Nombre de Tile traversees: 895  Distance est: 159
Nombre de Tile ajoutees dans la pile: 11
Nombre de Tile traversees: 896  Distance est: 159
Nombre de Tile ajoutees dans la pile: 11
Nombre de Tile traversees: 897  Distance est: 159
Nombre de Tile ajoutees dans la pile: 11
Nombre de Tile traversees: 898  Distance est: 159
Nombre de Tile ajoutees dans la pile: 10
Nombre de Tile traversees: 899  Distance est: 159
Nombre de Tile ajoutees dans la pile: 10
Nombre de Tile traversees: 900  Distance est: 159
Nombre de Tile ajoutees dans la pile: 10
Nombre de Tile traversees: 901  Distance est: 159
Nombre de Tile ajoutees dans la pile: 9
Nombre de Tile traversees: 902  Distance est: 159
Nombre de Tile ajoutees dans la pile: 8
Nombre de Tile traversees: 903  Distance est: 159
Nombre de Tile ajoutees dans la pile: 8
Nombre de Tile traversees: 904  Distance est: 159
Nombre de Tile ajoutees dans la pile: 8
Nombre de Tile traversees: 905  Distance est: 160
Nombre de Tile ajoutees dans la pile: 8
Nombre de Tile traversees: 906  Distance est: 160
Nombre de Tile ajoutees dans la pile: 8
Nombre de Tile traversees: 907  Distance est: 160
Nombre de Tile ajoutees dans la pile: 8
Nombre de Tile traversees: 908  Distance est: 160
Nombre de Tile ajoutees dans la pile: 8
Nombre de Tile traversees: 909  Distance est: 160
Nombre de Tile ajoutees dans la pile: 8
Nombre de Tile traversees: 910  Distance est: 160
Nombre de Tile ajoutees dans la pile: 8
Nombre de Tile traversees: 911  Distance est: 160
Nombre de Tile ajoutees dans la pile: 8
Nombre de Tile traversees: 912  Distance est: 160
Nombre de Tile ajoutees dans la pile: 9
Nombre de Tile traversees: 913  Distance est: 161
Nombre de Tile ajoutees dans la pile: 9
Nombre de Tile traversees: 914  Distance est: 161
Nombre de Tile ajoutees dans la pile: 8
Nombre de Tile traversees: 915  Distance est: 161
Nombre de Tile ajoutees dans la pile: 8
Nombre de Tile traversees: 916  Distance est: 161
Nombre de Tile ajoutees dans la pile: 8
Nombre de Tile traversees: 917  Distance est: 161
Nombre de Tile ajoutees dans la pile: 8
Nombre de Tile traversees: 918  Distance est: 161
Nombre de Tile ajoutees dans la pile: 8
Nombre de Tile traversees: 919  Distance est: 161
Nombre de Tile ajoutees dans la pile: 8
Nombre de Tile traversees: 920  Distance est: 161
Nombre de Tile ajoutees dans la pile: 9
Nombre de Tile traversees: 921  Distance est: 161
Nombre de Tile ajoutees dans la pile: 9
Nombre de Tile traversees: 922  Distance est: 162
Nombre de Tile ajoutees dans la pile: 9
Nombre de Tile traversees: 923  Distance est: 162
Nombre de Tile ajoutees dans la pile: 9
Nombre de Tile traversees: 924  Distance est: 162
Nombre de Tile ajoutees dans la pile: 9
Nombre de Tile traversees: 925  Distance est: 162
Nombre de Tile ajoutees dans la pile: 9
Nombre de Tile traversees: 926  Distance est: 162
Nombre de Tile ajoutees dans la pile: 9
Nombre de Tile traversees: 927  Distance est: 162
Nombre de Tile ajoutees dans la pile: 9
Nombre de Tile traversees: 928  Distance est: 162
Nombre de Tile ajoutees dans la pile: 10
Nombre de Tile traversees: 929  Distance est: 162
Nombre de Tile ajoutees dans la pile: 9
Nombre de Tile traversees: 930  Distance est: 162
Nombre de Tile ajoutees dans la pile: 9
Nombre de Tile traversees: 931  Distance est: 163
Nombre de Tile ajoutees dans la pile: 9
Nombre de Tile traversees: 932  Distance est: 163
Nombre de Tile ajoutees dans la pile: 9
Nombre de Tile traversees: 933  Distance est: 163
Nombre de Tile ajoutees dans la pile: 9
Nombre de Tile traversees: 934  Distance est: 163
Nombre de Tile ajoutees dans la pile: 9
Nombre de Tile traversees: 935  Distance est: 163
Nombre de Tile ajoutees dans la pile: 9
Nombre de Tile traversees: 936  Distance est: 163
Nombre de Tile ajoutees dans la pile: 8
Nombre de Tile traversees: 937  Distance est: 163
Nombre de Tile ajoutees dans la pile: 8
Nombre de Tile traversees: 938  Distance est: 163
Nombre de Tile ajoutees dans la pile: 8
Nombre de Tile traversees: 939  Distance est: 163
Nombre de Tile ajoutees dans la pile: 8
Nombre de Tile traversees: 940  Distance est: 164
Nombre de Tile ajoutees dans la pile: 9
Nombre de Tile traversees: 941  Distance est: 164
Nombre de Tile ajoutees dans la pile: 9
Nombre de Tile traversees: 942  Distance est: 164
Nombre de Tile ajoutees dans la pile: 9
Nombre de Tile traversees: 943  Distance est: 164
Nombre de Tile ajoutees dans la pile: 9
Nombre de Tile traversees: 944  Distance est: 164
Nombre de Tile ajoutees dans la pile: 9
Nombre de Tile traversees: 945  Distance est: 164
Nombre de Tile ajoutees dans la pile: 9
Nombre de Tile traversees: 946  Distance est: 164
Nombre de Tile ajoutees dans la pile: 9
Nombre de Tile traversees: 947  Distance est: 164
Nombre de Tile ajoutees dans la pile: 9
Nombre de Tile traversees: 948  Distance est: 164
Nombre de Tile ajoutees dans la pile: 9
Nombre de Tile traversees: 949  Distance est: 165
Nombre de Tile ajoutees dans la pile: 9
Nombre de Tile traversees: 950  Distance est: 165
Nombre de Tile ajoutees dans la pile: 9
Nombre de Tile traversees: 951  Distance est: 165
Nombre de Tile ajoutees dans la pile: 9
Nombre de Tile traversees: 952  Distance est: 165
Nombre de Tile ajoutees dans la pile: 8
Nombre de Tile traversees: 953  Distance est: 165
Nombre de Tile ajoutees dans la pile: 8
Nombre de Tile traversees: 954  Distance est: 165
Nombre de Tile ajoutees dans la pile: 8
Nombre de Tile traversees: 955  Distance est: 165
Nombre de Tile ajoutees dans la pile: 8
Nombre de Tile traversees: 956  Distance est: 165
Nombre de Tile ajoutees dans la pile: 8
Nombre de Tile traversees: 957  Distance est: 165
Nombre de Tile ajoutees dans la pile: 9
Nombre de Tile traversees: 958  Distance est: 166
Nombre de Tile ajoutees dans la pile: 8
Nombre de Tile traversees: 959  Distance est: 166
Nombre de Tile ajoutees dans la pile: 8
Nombre de Tile traversees: 960  Distance est: 166
Nombre de Tile ajoutees dans la pile: 8
Nombre de Tile traversees: 961  Distance est: 166
Nombre de Tile ajoutees dans la pile: 8
Nombre de Tile traversees: 962  Distance est: 166
Nombre de Tile ajoutees dans la pile: 8
Nombre de Tile traversees: 963  Distance est: 166
Nombre de Tile ajoutees dans la pile: 8
Nombre de Tile traversees: 964  Distance est: 166
Nombre de Tile ajoutees dans la pile: 9
Nombre de Tile traversees: 965  Distance est: 166
Nombre de Tile ajoutees dans la pile: 9
Nombre de Tile traversees: 966  Distance est: 167
Nombre de Tile ajoutees dans la pile: 9
Nombre de Tile traversees: 967  Distance est: 167
Nombre de Tile ajoutees dans la pile: 9
Nombre de Tile traversees: 968  Distance est: 167
Nombre de Tile ajoutees dans la pile: 8
Nombre de Tile traversees: 969  Distance est: 167
Nombre de Tile ajoutees dans la pile: 8
Nombre de Tile traversees: 970  Distance est: 167
Nombre de Tile ajoutees dans la pile: 8
Nombre de Tile traversees: 971  Distance est: 167
Nombre de Tile ajoutees dans la pile: 8
Nombre de Tile traversees: 972  Distance est: 167
Nombre de Tile ajoutees dans la pile: 9
Nombre de Tile traversees: 973  Distance est: 167
Nombre de Tile ajoutees dans la pile: 9
Nombre de Tile traversees: 974  Distance est: 167
Nombre de Tile ajoutees dans la pile: 9
Nombre de Tile traversees: 975  Distance est: 168
Nombre de Tile ajoutees dans la pile: 9
Nombre de Tile traversees: 976  Distance est: 168
Nombre de Tile ajoutees dans la pile: 9
Nombre de Tile traversees: 977  Distance est: 168
Nombre de Tile ajoutees dans la pile: 9
Nombre de Tile traversees: 978  Distance est: 168
Nombre de Tile ajoutees dans la pile: 9
Nombre de Tile traversees: 979  Distance est: 168
Nombre de Tile ajoutees dans la pile: 9
Nombre de Tile traversees: 980  Distance est: 168
Nombre de Tile ajoutees dans la pile: 10
Nombre de Tile traversees: 981  Distance est: 168
Nombre de Tile ajoutees dans la pile: 9
Nombre de Tile traversees: 982  Distance est: 168
Nombre de Tile ajoutees dans la pile: 9
Nombre de Tile traversees: 983  Distance est: 168
Nombre de Tile ajoutees dans la pile: 9
Nombre de Tile traversees: 984  Distance est: 169
Nombre de Tile ajoutees dans la pile: 9
Nombre de Tile traversees: 985  Distance est: 169
Nombre de Tile ajoutees dans la pile: 8
Nombre de Tile traversees: 986  Distance est: 169
Nombre de Tile ajoutees dans la pile: 8
Nombre de Tile traversees: 987  Distance est: 169
Nombre de Tile ajoutees dans la pile: 8
Nombre de Tile traversees: 988  Distance est: 169
Nombre de Tile ajoutees dans la pile: 8
Nombre de Tile traversees: 989  Distance est: 169
Nombre de Tile ajoutees dans la pile: 8
Nombre de Tile traversees: 990  Distance est: 169
Nombre de Tile ajoutees dans la pile: 7
Nombre de Tile traversees: 991  Distance est: 169
Nombre de Tile ajoutees dans la pile: 7
Nombre de Tile traversees: 992  Distance est: 169
Nombre de Tile ajoutees dans la pile: 7
Nombre de Tile traversees: 993  Distance est: 170
Nombre de Tile ajoutees dans la pile: 7
Nombre de Tile traversees: 994  Distance est: 170
Nombre de Tile ajoutees dans la pile: 7
Nombre de Tile traversees: 995  Distance est: 170
Nombre de Tile ajoutees dans la pile: 7
Nombre de Tile traversees: 996  Distance est: 170
Nombre de Tile ajoutees dans la pile: 7
Nombre de Tile traversees: 997  Distance est: 170
Nombre de Tile ajoutees dans la pile: 7
Nombre de Tile traversees: 998  Distance est: 170
Nombre de Tile ajoutees dans la pile: 7
Nombre de Tile traversees: 999  Distance est: 170
Nombre de Tile ajoutees dans la pile: 7
Nombre de Tile traversees: 1000  Distance est: 171
Nombre de Tile ajoutees dans la pile: 7
Nombre de Tile traversees: 1001  Distance est: 171
Nombre de Tile ajoutees dans la pile: 7
Nombre de Tile traversees: 1002  Distance est: 171
Nombre de Tile ajoutees dans la pile: 7
Nombre de Tile traversees: 1003  Distance est: 171
Nombre de Tile ajoutees dans la pile: 7
Nombre de Tile traversees: 1004  Distance est: 171
Nombre de Tile ajoutees dans la pile: 7
Nombre de Tile traversees: 1005  Distance est: 171
Nombre de Tile ajoutees dans la pile: 7
Nombre de Tile traversees: 1006  Distance est: 171
Nombre de Tile ajoutees dans la pile: 6
Nombre de Tile traversees: 1007  Distance est: 172
Nombre de Tile ajoutees dans la pile: 7
Nombre de Tile traversees: 1008  Distance est: 172
Nombre de Tile ajoutees dans la pile: 8
Nombre de Tile traversees: 1009  Distance est: 172
Nombre de Tile ajoutees dans la pile: 8
Nombre de Tile traversees: 1010  Distance est: 172
Nombre de Tile ajoutees dans la pile: 8
Nombre de Tile traversees: 1011  Distance est: 172
Nombre de Tile ajoutees dans la pile: 8
Nombre de Tile traversees: 1012  Distance est: 172
Nombre de Tile ajoutees dans la pile: 8
Nombre de Tile traversees: 1013  Distance est: 172
Nombre de Tile ajoutees dans la pile: 8
Nombre de Tile traversees: 1  Distance est: 0
Nombre de Tile ajoutees dans la pile: 1
Nombre de Tile traversees: 2  Distance est: 1
Nombre de Tile ajoutees dans la pile: 2
Nombre de Tile traversees: 3  Distance est: 1
Nombre de Tile ajoutees dans la pile: 2
Nombre de Tile traversees: 4  Distance est: 2
Nombre de Tile ajoutees dans la pile: 1
Nombre de Tile traversees: 5  Distance est: 3
Nombre de Tile ajoutees dans la pile: 1
Nombre de Tile traversees: 6  Distance est: 4
Nombre de Tile ajoutees dans la pile: 1
Nombre de Tile traversees: 7  Distance est: 5
Nombre de Tile ajoutees dans la pile: 1
Nombre de Tile traversees: 8  Distance est: 6
Nombre de Tile ajoutees dans la pile: 1
Nombre de Tile traversees: 9  Distance est: 7
Nombre de Tile ajoutees dans la pile: 1
Nombre de Tile traversees: 10  Distance est: 8
Nombre de Tile ajoutees dans la pile: 1
Nombre de Tile traversees: 11  Distance est: 9
Nombre de Tile ajoutees dans la pile: 2
Nombre de Tile traversees: 12  Distance est: 9
Nombre de Tile ajoutees dans la pile: 3
Nombre de Tile traversees: 13  Distance est: 10
Nombre de Tile ajoutees dans la pile: 3
Nombre de Tile traversees: 14  Distance est: 10
Nombre de Tile ajoutees dans la pile: 4
Nombre de Tile traversees: 15  Distance est: 10
Nombre de Tile ajoutees dans la pile: 3
Nombre de Tile traversees: 16  Distance est: 11
Nombre de Tile ajoutees dans la pile: 3
Nombre de Tile traversees: 17  Distance est: 11
Nombre de Tile ajoutees dans la pile: 2
Nombre de Tile traversees: 18  Distance est: 11
Nombre de Tile ajoutees dans la pile: 1
Nombre de Tile traversees: 19  Distance est: 12
Nombre de Tile ajoutees dans la pile: 1
Nombre de Tile traversees: 20  Distance est: 13
Nombre de Tile ajoutees dans la pile: 1
Nombre de Tile traversees: 21  Distance est: 14
Nombre de Tile ajoutees dans la pile: 2
Nombre de Tile traversees: 22  Distance est: 14
Nombre de Tile ajoutees dans la pile: 2
Nombre de Tile traversees: 23  Distance est: 15
Nombre de Tile ajoutees dans la pile: 2
Nombre de Tile traversees: 24  Distance est: 15
Nombre de Tile ajoutees dans la pile: 3
Nombre de Tile traversees: 25  Distance est: 16
Nombre de Tile ajoutees dans la pile: 3
Nombre de Tile traversees: 26  Distance est: 16
Nombre de Tile ajoutees dans la pile: 4
Nombre de Tile traversees: 27  Distance est: 16
Nombre de Tile ajoutees dans la pile: 4
Nombre de Tile traversees: 28  Distance est: 17
Nombre de Tile ajoutees dans la pile: 4
Nombre de Tile traversees: 29  Distance est: 17
Nombre de Tile ajoutees dans la pile: 5
Nombre de Tile traversees: 30  Distance est: 17
Nombre de Tile ajoutees dans la pile: 4
Nombre de Tile traversees: 31  Distance est: 17
Nombre de Tile ajoutees dans la pile: 4
Nombre de Tile traversees: 32  Distance est: 18
Nombre de Tile ajoutees dans la pile: 4
Nombre de Tile traversees: 33  Distance est: 18
Nombre de Tile ajoutees dans la pile: 4
Nombre de Tile traversees: 34  Distance est: 18
Nombre de Tile ajoutees dans la pile: 4
Nombre de Tile traversees: 35  Distance est: 18
Nombre de Tile ajoutees dans la pile: 4
Nombre de Tile traversees: 36  Distance est: 19
Nombre de Tile ajoutees dans la pile: 4
Nombre de Tile traversees: 37  Distance est: 19
Nombre de Tile ajoutees dans la pile: 4
Nombre de Tile traversees: 38  Distance est: 19
Nombre de Tile ajoutees dans la pile: 4
Nombre de Tile traversees: 39  Distance est: 19
Nombre de Tile ajoutees dans la pile: 4
Nombre de Tile traversees: 40  Distance est: 20
Nombre de Tile ajoutees dans la pile: 4
Nombre de Tile traversees: 41  Distance est: 20
Nombre de Tile ajoutees dans la pile: 4
Nombre de Tile traversees: 42  Distance est: 20
Nombre de Tile ajoutees dans la pile: 4
Nombre de Tile traversees: 43  Distance est: 20
Nombre de Tile ajoutees dans la pile: 4
Nombre de Tile traversees: 44  Distance est: 21
Nombre de Tile ajoutees dans la pile: 4
Nombre de Tile traversees: 45  Distance est: 21
Nombre de Tile ajoutees dans la pile: 4
Nombre de Tile traversees: 46  Distance est: 21
Nombre de Tile ajoutees dans la pile: 4
Nombre de Tile traversees: 47  Distance est: 21
Nombre de Tile ajoutees dans la pile: 4
Nombre de Tile traversees: 48  Distance est: 22
Nombre de Tile ajoutees dans la pile: 4
Nombre de Tile traversees: 49  Distance est: 22
Nombre de Tile ajoutees dans la pile: 4
Nombre de Tile traversees: 50  Distance est: 22
Nombre de Tile ajoutees dans la pile: 4
Nombre de Tile traversees: 51  Distance est: 22
Nombre de Tile ajoutees dans la pile: 4
Nombre de Tile traversees: 52  Distance est: 23
Nombre de Tile ajoutees dans la pile: 4
Nombre de Tile traversees: 53  Distance est: 23
Nombre de Tile ajoutees dans la pile: 4
Nombre de Tile traversees: 54  Distance est: 23
Nombre de Tile ajoutees dans la pile: 4
Nombre de Tile traversees: 55  Distance est: 23
Nombre de Tile ajoutees dans la pile: 4
Nombre de Tile traversees: 56  Distance est: 24
Nombre de Tile ajoutees dans la pile: 4
Nombre de Tile traversees: 57  Distance est: 24
Nombre de Tile ajoutees dans la pile: 4
Nombre de Tile traversees: 58  Distance est: 24
Nombre de Tile ajoutees dans la pile: 4
Nombre de Tile traversees: 59  Distance est: 24
Nombre de Tile ajoutees dans la pile: 4
Nombre de Tile traversees: 60  Distance est: 25
Nombre de Tile ajoutees dans la pile: 4
Nombre de Tile traversees: 61  Distance est: 25
Nombre de Tile ajoutees dans la pile: 5
Nombre de Tile traversees: 62  Distance est: 25
Nombre de Tile ajoutees dans la pile: 5
Nombre de Tile traversees: 63  Distance est: 25
Nombre de Tile ajoutees dans la pile: 5
Nombre de Tile traversees: 64  Distance est: 26
Nombre de Tile ajoutees dans la pile: 5
Nombre de Tile traversees: 65  Distance est: 26
Nombre de Tile ajoutees dans la pile: 5
Nombre de Tile traversees: 66  Distance est: 26
Nombre de Tile ajoutees dans la pile: 5
Nombre de Tile traversees: 67  Distance est: 26
Nombre de Tile ajoutees dans la pile: 6
Nombre de Tile traversees: 68  Distance est: 26
Nombre de Tile ajoutees dans la pile: 6
Nombre de Tile traversees: 69  Distance est: 27
Nombre de Tile ajoutees dans la pile: 6
Nombre de Tile traversees: 70  Distance est: 27
Nombre de Tile ajoutees dans la pile: 7
Nombre de Tile traversees: 71  Distance est: 27
Nombre de Tile ajoutees dans la pile: 7
Nombre de Tile traversees: 72  Distance est: 27
Nombre de Tile ajoutees dans la pile: 8
Nombre de Tile traversees: 73  Distance est: 27
Nombre de Tile ajoutees dans la pile: 7
Nombre de Tile traversees: 74  Distance est: 27
Nombre de Tile ajoutees dans la pile: 7
Nombre de Tile traversees: 75  Distance est: 28
Nombre de Tile ajoutees dans la pile: 7
Nombre de Tile traversees: 76  Distance est: 28
Nombre de Tile ajoutees dans la pile: 7
Nombre de Tile traversees: 77  Distance est: 28
Nombre de Tile ajoutees dans la pile: 7
Nombre de Tile traversees: 78  Distance est: 28
Nombre de Tile ajoutees dans la pile: 8
Nombre de Tile traversees: 79  Distance est: 28
Nombre de Tile ajoutees dans la pile: 9
Nombre de Tile traversees: 80  Distance est: 28
Nombre de Tile ajoutees dans la pile: 8
Nombre de Tile traversees: 81  Distance est: 28
Nombre de Tile ajoutees dans la pile: 8
Nombre de Tile traversees: 82  Distance est: 29
Nombre de Tile ajoutees dans la pile: 8
Nombre de Tile traversees: 83  Distance est: 29
Nombre de Tile ajoutees dans la pile: 7
Nombre de Tile traversees: 84  Distance est: 29
Nombre de Tile ajoutees dans la pile: 7
Nombre de Tile traversees: 85  Distance est: 29
Nombre de Tile ajoutees dans la pile: 8
Nombre de Tile traversees: 86  Distance est: 29
Nombre de Tile ajoutees dans la pile: 7
Nombre de Tile traversees: 87  Distance est: 29
Nombre de Tile ajoutees dans la pile: 7
Nombre de Tile traversees: 88  Distance est: 29
Nombre de Tile ajoutees dans la pile: 6
Nombre de Tile traversees: 89  Distance est: 29
Nombre de Tile ajoutees dans la pile: 6
Nombre de Tile traversees: 90  Distance est: 30
Nombre de Tile ajoutees dans la pile: 7
Nombre de Tile traversees: 91  Distance est: 30
Nombre de Tile ajoutees dans la pile: 7
Nombre de Tile traversees: 92  Distance est: 30
Nombre de Tile ajoutees dans la pile: 8
Nombre de Tile traversees: 93  Distance est: 30
Nombre de Tile ajoutees dans la pile: 7
Nombre de Tile traversees: 94  Distance est: 30
Nombre de Tile ajoutees dans la pile: 7
Nombre de Tile traversees: 95  Distance est: 30
Nombre de Tile ajoutees dans la pile: 7
Nombre de Tile traversees: 96  Distance est: 30
Nombre de Tile ajoutees dans la pile: 7
Nombre de Tile traversees: 97  Distance est: 31
Nombre de Tile ajoutees dans la pile: 7
Nombre de Tile traversees: 98  Distance est: 31
Nombre de Tile ajoutees dans la pile: 7
Nombre de Tile traversees: 99  Distance est: 31
Nombre de Tile ajoutees dans la pile: 7
Nombre de Tile traversees: 100  Distance est: 31
Nombre de Tile ajoutees dans la pile: 7
Nombre de Tile traversees: 101  Distance est: 31
Nombre de Tile ajoutees dans la pile: 7
Nombre de Tile traversees: 102  Distance est: 31
Nombre de Tile ajoutees dans la pile: 6
Nombre de Tile traversees: 103  Distance est: 31
Nombre de Tile ajoutees dans la pile: 6
Nombre de Tile traversees: 104  Distance est: 32
Nombre de Tile ajoutees dans la pile: 6
Nombre de Tile traversees: 105  Distance est: 32
Nombre de Tile ajoutees dans la pile: 6
Nombre de Tile traversees: 106  Distance est: 32
Nombre de Tile ajoutees dans la pile: 6
Nombre de Tile traversees: 107  Distance est: 32
Nombre de Tile ajoutees dans la pile: 6
Nombre de Tile traversees: 108  Distance est: 32
Nombre de Tile ajoutees dans la pile: 6
Nombre de Tile traversees: 109  Distance est: 32
Nombre de Tile ajoutees dans la pile: 6
Nombre de Tile traversees: 110  Distance est: 33
Nombre de Tile ajoutees dans la pile: 6
Nombre de Tile traversees: 111  Distance est: 33
Nombre de Tile ajoutees dans la pile: 6
Nombre de Tile traversees: 112  Distance est: 33
Nombre de Tile ajoutees dans la pile: 6
Nombre de Tile traversees: 113  Distance est: 33
Nombre de Tile ajoutees dans la pile: 6
Nombre de Tile traversees: 114  Distance est: 33
Nombre de Tile ajoutees dans la pile: 6
Nombre de Tile traversees: 115  Distance est: 33
Nombre de Tile ajoutees dans la pile: 6
Nombre de Tile traversees: 116  Distance est: 34
Nombre de Tile ajoutees dans la pile: 6
Nombre de Tile traversees: 117  Distance est: 34
Nombre de Tile ajoutees dans la pile: 6
Nombre de Tile traversees: 118  Distance est: 34
Nombre de Tile ajoutees dans la pile: 6
Nombre de Tile traversees: 119  Distance est: 34
Nombre de Tile ajoutees dans la pile: 6
Nombre de Tile traversees: 120  Distance est: 34
Nombre de Tile ajoutees dans la pile: 6
Nombre de Tile traversees: 121  Distance est: 34
Nombre de Tile ajoutees dans la pile: 6
Nombre de Tile traversees: 122  Distance est: 35
Nombre de Tile ajoutees dans la pile: 6
Nombre de Tile traversees: 123  Distance est: 35
Nombre de Tile ajoutees dans la pile: 6
Nombre de Tile traversees: 124  Distance est: 35
Nombre de Tile ajoutees dans la pile: 6
Nombre de Tile traversees: 125  Distance est: 35
Nombre de Tile ajoutees dans la pile: 6
Nombre de Tile traversees: 126  Distance est: 35
Nombre de Tile ajoutees dans la pile: 5
Nombre de Tile traversees: 127  Distance est: 35
Nombre de Tile ajoutees dans la pile: 5
Nombre de Tile traversees: 128  Distance est: 36
Nombre de Tile ajoutees dans la pile: 5
Nombre de Tile traversees: 129  Distance est: 36
Nombre de Tile ajoutees dans la pile: 5
Nombre de Tile traversees: 130  Distance est: 36
Nombre de Tile ajoutees dans la pile: 5
Nombre de Tile traversees: 131  Distance est: 36
Nombre de Tile ajoutees dans la pile: 5
Nombre de Tile traversees: 132  Distance est: 36
Nombre de Tile ajoutees dans la pile: 5
Nombre de Tile traversees: 133  Distance est: 37
Nombre de Tile ajoutees dans la pile: 5
Nombre de Tile traversees: 134  Distance est: 37
Nombre de Tile ajoutees dans la pile: 5
Nombre de Tile traversees: 135  Distance est: 37
Nombre de Tile ajoutees dans la pile: 5
Nombre de Tile traversees: 136  Distance est: 37
Nombre de Tile ajoutees dans la pile: 5
Nombre de Tile traversees: 137  Distance est: 37
Nombre de Tile ajoutees dans la pile: 5
Nombre de Tile traversees: 138  Distance est: 38
Nombre de Tile ajoutees dans la pile: 5
Nombre de Tile traversees: 139  Distance est: 38
Nombre de Tile ajoutees dans la pile: 5
Nombre de Tile traversees: 140  Distance est: 38
Nombre de Tile ajoutees dans la pile: 6
Nombre de Tile traversees: 141  Distance est: 38
Nombre de Tile ajoutees dans la pile: 6
Nombre de Tile traversees: 142  Distance est: 38
Nombre de Tile ajoutees dans la pile: 7
Nombre de Tile traversees: 143  Distance est: 39
Nombre de Tile ajoutees dans la pile: 7
Nombre de Tile traversees: 144  Distance est: 39
Nombre de Tile ajoutees dans la pile: 7
Nombre de Tile traversees: 145  Distance est: 39
Nombre de Tile ajoutees dans la pile: 8
Nombre de Tile traversees: 146  Distance est: 39
Nombre de Tile ajoutees dans la pile: 8
Nombre de Tile traversees: 147  Distance est: 39
Nombre de Tile ajoutees dans la pile: 8
Nombre de Tile traversees: 148  Distance est: 39
Nombre de Tile ajoutees dans la pile: 9
Nombre de Tile traversees: 149  Distance est: 39
Nombre de Tile ajoutees dans la pile: 9
Nombre de Tile traversees: 150  Distance est: 40
Nombre de Tile ajoutees dans la pile: 8
Nombre de Tile traversees: 151  Distance est: 40
Nombre de Tile ajoutees dans la pile: 8
Nombre de Tile traversees: 152  Distance est: 40
Nombre de Tile ajoutees dans la pile: 9
Nombre de Tile traversees: 153  Distance est: 40
Nombre de Tile ajoutees dans la pile: 8
Nombre de Tile traversees: 154  Distance est: 40
Nombre de Tile ajoutees dans la pile: 8
Nombre de Tile traversees: 155  Distance est: 40
Nombre de Tile ajoutees dans la pile: 8
Nombre de Tile traversees: 156  Distance est: 40
Nombre de Tile ajoutees dans la pile: 9
Nombre de Tile traversees: 157  Distance est: 40
Nombre de Tile ajoutees dans la pile: 8
Nombre de Tile traversees: 158  Distance est: 41
Nombre de Tile ajoutees dans la pile: 8
Nombre de Tile traversees: 159  Distance est: 41
Nombre de Tile ajoutees dans la pile: 8
Nombre de Tile traversees: 160  Distance est: 41
Nombre de Tile ajoutees dans la pile: 8
Nombre de Tile traversees: 161  Distance est: 41
Nombre de Tile ajoutees dans la pile: 7
Nombre de Tile traversees: 162  Distance est: 41
Nombre de Tile ajoutees dans la pile: 7
Nombre de Tile traversees: 163  Distance est: 41
Nombre de Tile ajoutees dans la pile: 7
Nombre de Tile traversees: 164  Distance est: 41
Nombre de Tile ajoutees dans la pile: 7
Nombre de Tile traversees: 165  Distance est: 41
Nombre de Tile ajoutees dans la pile: 6
Nombre de Tile traversees: 166  Distance est: 42
Nombre de Tile ajoutees dans la pile: 7
Nombre de Tile traversees: 167  Distance est: 42
Nombre de Tile ajoutees dans la pile: 7
Nombre de Tile traversees: 168  Distance est: 42
Nombre de Tile ajoutees dans la pile: 7
Nombre de Tile traversees: 169  Distance est: 42
Nombre de Tile ajoutees dans la pile: 7
Nombre de Tile traversees: 170  Distance est: 42
Nombre de Tile ajoutees dans la pile: 7
Nombre de Tile traversees: 171  Distance est: 42
Nombre de Tile ajoutees dans la pile: 7
Nombre de Tile traversees: 172  Distance est: 42
Nombre de Tile ajoutees dans la pile: 7
Nombre de Tile traversees: 173  Distance est: 43
Nombre de Tile ajoutees dans la pile: 7
Nombre de Tile traversees: 174  Distance est: 43
Nombre de Tile ajoutees dans la pile: 7
Nombre de Tile traversees: 175  Distance est: 43
Nombre de Tile ajoutees dans la pile: 7
Nombre de Tile traversees: 176  Distance est: 43
Nombre de Tile ajoutees dans la pile: 7
Nombre de Tile traversees: 177  Distance est: 43
Nombre de Tile ajoutees dans la pile: 7
Nombre de Tile traversees: 178  Distance est: 43
Nombre de Tile ajoutees dans la pile: 8
Nombre de Tile traversees: 179  Distance est: 43
Nombre de Tile ajoutees dans la pile: 8
Nombre de Tile traversees: 180  Distance est: 44
Nombre de Tile ajoutees dans la pile: 8
Nombre de Tile traversees: 181  Distance est: 44
Nombre de Tile ajoutees dans la pile: 9
Nombre de Tile traversees: 182  Distance est: 44
Nombre de Tile ajoutees dans la pile: 9
Nombre de Tile traversees: 183  Distance est: 44
Nombre de Tile ajoutees dans la pile: 10
Nombre de Tile traversees: 184  Distance est: 44
Nombre de Tile ajoutees dans la pile: 10
Nombre de Tile traversees: 185  Distance est: 44
Nombre de Tile ajoutees dans la pile: 10
Nombre de Tile traversees: 186  Distance est: 44
Nombre de Tile ajoutees dans la pile: 10
Nombre de Tile traversees: 187  Distance est: 44
Nombre de Tile ajoutees dans la pile: 10
Nombre de Tile traversees: 188  Distance est: 45
Nombre de Tile ajoutees dans la pile: 10
Nombre de Tile traversees: 189  Distance est: 45
Nombre de Tile ajoutees dans la pile: 11
Nombre de Tile traversees: 190  Distance est: 45
Nombre de Tile ajoutees dans la pile: 11
Nombre de Tile traversees: 191  Distance est: 45
Nombre de Tile ajoutees dans la pile: 11
Nombre de Tile traversees: 192  Distance est: 45
Nombre de Tile ajoutees dans la pile: 12
Nombre de Tile traversees: 193  Distance est: 45
Nombre de Tile ajoutees dans la pile: 12
Nombre de Tile traversees: 194  Distance est: 45
Nombre de Tile ajoutees dans la pile: 12
Nombre de Tile traversees: 195  Distance est: 45
Nombre de Tile ajoutees dans la pile: 12
Nombre de Tile traversees: 196  Distance est: 45
Nombre de Tile ajoutees dans la pile: 12
Nombre de Tile traversees: 197  Distance est: 45
Nombre de Tile ajoutees dans la pile: 11
Nombre de Tile traversees: 198  Distance est: 46
Nombre de Tile ajoutees dans la pile: 11
Nombre de Tile traversees: 199  Distance est: 46
Nombre de Tile ajoutees dans la pile: 12
Nombre de Tile traversees: 200  Distance est: 46
Nombre de Tile ajoutees dans la pile: 11
Nombre de Tile traversees: 201  Distance est: 46
Nombre de Tile ajoutees dans la pile: 11
Nombre de Tile traversees: 202  Distance est: 46
Nombre de Tile ajoutees dans la pile: 11
Nombre de Tile traversees: 203  Distance est: 46
Nombre de Tile ajoutees dans la pile: 12
Nombre de Tile traversees: 204  Distance est: 46
Nombre de Tile ajoutees dans la pile: 11
Nombre de Tile traversees: 205  Distance est: 46
Nombre de Tile ajoutees dans la pile: 11
Nombre de Tile traversees: 206  Distance est: 46
Nombre de Tile ajoutees dans la pile: 11
Nombre de Tile traversees: 207  Distance est: 46
Nombre de Tile ajoutees dans la pile: 11
Nombre de Tile traversees: 208  Distance est: 46
Nombre de Tile ajoutees dans la pile: 11
Nombre de Tile traversees: 209  Distance est: 47
Nombre de Tile ajoutees dans la pile: 11
Nombre de Tile traversees: 210  Distance est: 47
Nombre de Tile ajoutees dans la pile: 10
Nombre de Tile traversees: 211  Distance est: 47
Nombre de Tile ajoutees dans la pile: 9
Nombre de Tile traversees: 212  Distance est: 47
Nombre de Tile ajoutees dans la pile: 9
Nombre de Tile traversees: 213  Distance est: 47
Nombre de Tile ajoutees dans la pile: 9
Nombre de Tile traversees: 214  Distance est: 47
Nombre de Tile ajoutees dans la pile: 9
Nombre de Tile traversees: 215  Distance est: 47
Nombre de Tile ajoutees dans la pile: 8
Nombre de Tile traversees: 216  Distance est: 47
Nombre de Tile ajoutees dans la pile: 7
Nombre de Tile traversees: 217  Distance est: 47
Nombre de Tile ajoutees dans la pile: 7
Nombre de Tile traversees: 218  Distance est: 47
Nombre de Tile ajoutees dans la pile: 7
Nombre de Tile traversees: 219  Distance est: 47
Nombre de Tile ajoutees dans la pile: 7
Nombre de Tile traversees: 220  Distance est: 48
Nombre de Tile ajoutees dans la pile: 7
Nombre de Tile traversees: 221  Distance est: 48
Nombre de Tile ajoutees dans la pile: 7
Nombre de Tile traversees: 222  Distance est: 48
Nombre de Tile ajoutees dans la pile: 7
Nombre de Tile traversees: 223  Distance est: 48
Nombre de Tile ajoutees dans la pile: 7
Nombre de Tile traversees: 224  Distance est: 48
Nombre de Tile ajoutees dans la pile: 7
Nombre de Tile traversees: 225  Distance est: 48
Nombre de Tile ajoutees dans la pile: 7
Nombre de Tile traversees: 226  Distance est: 48
Nombre de Tile ajoutees dans la pile: 7
Nombre de Tile traversees: 227  Distance est: 49
Nombre de Tile ajoutees dans la pile: 7
Nombre de Tile traversees: 228  Distance est: 49
Nombre de Tile ajoutees dans la pile: 7
Nombre de Tile traversees: 229  Distance est: 49
Nombre de Tile ajoutees dans la pile: 7
Nombre de Tile traversees: 230  Distance est: 49
Nombre de Tile ajoutees dans la pile: 6
Nombre de Tile traversees: 231  Distance est: 49
Nombre de Tile ajoutees dans la pile: 6
Nombre de Tile traversees: 232  Distance est: 49
Nombre de Tile ajoutees dans la pile: 6
Nombre de Tile traversees: 233  Distance est: 49
Nombre de Tile ajoutees dans la pile: 6
Nombre de Tile traversees: 234  Distance est: 50
Nombre de Tile ajoutees dans la pile: 6
Nombre de Tile traversees: 235  Distance est: 50
Nombre de Tile ajoutees dans la pile: 7
Nombre de Tile traversees: 236  Distance est: 50
Nombre de Tile ajoutees dans la pile: 7
Nombre de Tile traversees: 237  Distance est: 50
Nombre de Tile ajoutees dans la pile: 7
Nombre de Tile traversees: 238  Distance est: 50
Nombre de Tile ajoutees dans la pile: 7
Nombre de Tile traversees: 239  Distance est: 50
Nombre de Tile ajoutees dans la pile: 7
Nombre de Tile traversees: 240  Distance est: 51
Nombre de Tile ajoutees dans la pile: 7
Nombre de Tile traversees: 241  Distance est: 51
Nombre de Tile ajoutees dans la pile: 8
Nombre de Tile traversees: 242  Distance est: 51
Nombre de Tile ajoutees dans la pile: 8
Nombre de Tile traversees: 243  Distance est: 51
Nombre de Tile ajoutees dans la pile: 8
Nombre de Tile traversees: 244  Distance est: 51
Nombre de Tile ajoutees dans la pile: 7
Nombre de Tile traversees: 245  Distance est: 51
Nombre de Tile ajoutees dans la pile: 7
Nombre de Tile traversees: 246  Distance est: 51
Nombre de Tile ajoutees dans la pile: 7
Nombre de Tile traversees: 247  Distance est: 52
Nombre de Tile ajoutees dans la pile: 8
Nombre de Tile traversees: 248  Distance est: 52
Nombre de Tile ajoutees dans la pile: 9
Nombre de Tile traversees: 249  Distance est: 52
Nombre de Tile ajoutees dans la pile: 8
Nombre de Tile traversees: 250  Distance est: 52
Nombre de Tile ajoutees dans la pile: 8
Nombre de Tile traversees: 251  Distance est: 52
Nombre de Tile ajoutees dans la pile: 8
Nombre de Tile traversees: 252  Distance est: 52
Nombre de Tile ajoutees dans la pile: 8
Nombre de Tile traversees: 253  Distance est: 52
Nombre de Tile ajoutees dans la pile: 8
Nombre de Tile traversees: 254  Distance est: 52
Nombre de Tile ajoutees dans la pile: 8
Nombre de Tile traversees: 255  Distance est: 53
Nombre de Tile ajoutees dans la pile: 8
Nombre de Tile traversees: 256  Distance est: 53
Nombre de Tile ajoutees dans la pile: 8
Nombre de Tile traversees: 257  Distance est: 53
Nombre de Tile ajoutees dans la pile: 7
Nombre de Tile traversees: 258  Distance est: 53
Nombre de Tile ajoutees dans la pile: 7
Nombre de Tile traversees: 259  Distance est: 53
Nombre de Tile ajoutees dans la pile: 7
Nombre de Tile traversees: 260  Distance est: 53
Nombre de Tile ajoutees dans la pile: 7
Nombre de Tile traversees: 261  Distance est: 53
Nombre de Tile ajoutees dans la pile: 7
Nombre de Tile traversees: 262  Distance est: 53
Nombre de Tile ajoutees dans la pile: 7
Nombre de Tile traversees: 263  Distance est: 54
Nombre de Tile ajoutees dans la pile: 7
Nombre de Tile traversees: 264  Distance est: 54
Nombre de Tile ajoutees dans la pile: 7
Nombre de Tile traversees: 265  Distance est: 54
Nombre de Tile ajoutees dans la pile: 7
Nombre de Tile traversees: 266  Distance est: 54
Nombre de Tile ajoutees dans la pile: 7
Nombre de Tile traversees: 267  Distance est: 54
Nombre de Tile ajoutees dans la pile: 7
Nombre de Tile traversees: 268  Distance est: 54
Nombre de Tile ajoutees dans la pile: 7
Nombre de Tile traversees: 269  Distance est: 54
Nombre de Tile ajoutees dans la pile: 7
Nombre de Tile traversees: 270  Distance est: 55
Nombre de Tile ajoutees dans la pile: 7
Nombre de Tile traversees: 271  Distance est: 55
Nombre de Tile ajoutees dans la pile: 7
Nombre de Tile traversees: 272  Distance est: 55
Nombre de Tile ajoutees dans la pile: 7
Nombre de Tile traversees: 273  Distance est: 55
Nombre de Tile ajoutees dans la pile: 7
Nombre de Tile traversees: 274  Distance est: 55
Nombre de Tile ajoutees dans la pile: 8
Nombre de Tile traversees: 275  Distance est: 55
Nombre de Tile ajoutees dans la pile: 7
Nombre de Tile traversees: 276  Distance est: 55
Nombre de Tile ajoutees dans la pile: 7
Nombre de Tile traversees: 277  Distance est: 56
Nombre de Tile ajoutees dans la pile: 7
Nombre de Tile traversees: 278  Distance est: 56
Nombre de Tile ajoutees dans la pile: 7
Nombre de Tile traversees: 279  Distance est: 56
Nombre de Tile ajoutees dans la pile: 7
Nombre de Tile traversees: 280  Distance est: 56
Nombre de Tile ajoutees dans la pile: 7
Nombre de Tile traversees: 281  Distance est: 56
Nombre de Tile ajoutees dans la pile: 7
Nombre de Tile traversees: 282  Distance est: 56
Nombre de Tile ajoutees dans la pile: 7
Nombre de Tile traversees: 283  Distance est: 56
Nombre de Tile ajoutees dans la pile: 7
Nombre de Tile traversees: 284  Distance est: 57
Nombre de Tile ajoutees dans la pile: 8
Nombre de Tile traversees: 285  Distance est: 57
Nombre de Tile ajoutees dans la pile: 8
Nombre de Tile traversees: 286  Distance est: 57
Nombre de Tile ajoutees dans la pile: 8
Nombre de Tile traversees: 287  Distance est: 57
Nombre de Tile ajoutees dans la pile: 8
Nombre de Tile traversees: 288  Distance est: 57
Nombre de Tile ajoutees dans la pile: 7
Nombre de Tile traversees: 289  Distance est: 57
Nombre de Tile ajoutees dans la pile: 7
Nombre de Tile traversees: 290  Distance est: 57
Nombre de Tile ajoutees dans la pile: 7
Nombre de Tile traversees: 291  Distance est: 57
Nombre de Tile ajoutees dans la pile: 8
Nombre de Tile traversees: 292  Distance est: 58
Nombre de Tile ajoutees dans la pile: 7
Nombre de Tile traversees: 293  Distance est: 58
Nombre de Tile ajoutees dans la pile: 7
Nombre de Tile traversees: 294  Distance est: 58
Nombre de Tile ajoutees dans la pile: 7
Nombre de Tile traversees: 295  Distance est: 58
Nombre de Tile ajoutees dans la pile: 7
Nombre de Tile traversees: 296  Distance est: 58
Nombre de Tile ajoutees dans la pile: 7
Nombre de Tile traversees: 297  Distance est: 58
Nombre de Tile ajoutees dans la pile: 7
Nombre de Tile traversees: 298  Distance est: 58
Nombre de Tile ajoutees dans la pile: 8
Nombre de Tile traversees: 299  Distance est: 59
Nombre de Tile ajoutees dans la pile: 7
Nombre de Tile traversees: 300  Distance est: 59
Nombre de Tile ajoutees dans la pile: 7
Nombre de Tile traversees: 301  Distance est: 59
Nombre de Tile ajoutees dans la pile: 7
Nombre de Tile traversees: 302  Distance est: 59
Nombre de Tile ajoutees dans la pile: 7
Nombre de Tile traversees: 303  Distance est: 59
Nombre de Tile ajoutees dans la pile: 7
Nombre de Tile traversees: 304  Distance est: 59
Nombre de Tile ajoutees dans la pile: 7
Nombre de Tile traversees: 305  Distance est: 59
Nombre de Tile ajoutees dans la pile: 7
Nombre de Tile traversees: 306  Distance est: 60
Nombre de Tile ajoutees dans la pile: 6
Nombre de Tile traversees: 307  Distance est: 60
Nombre de Tile ajoutees dans la pile: 6
Nombre de Tile traversees: 308  Distance est: 60
Nombre de Tile ajoutees dans la pile: 6
Nombre de Tile traversees: 309  Distance est: 60
Nombre de Tile ajoutees dans la pile: 6
Nombre de Tile traversees: 310  Distance est: 60
Nombre de Tile ajoutees dans la pile: 6
Nombre de Tile traversees: 311  Distance est: 60
Nombre de Tile ajoutees dans la pile: 6
Nombre de Tile traversees: 312  Distance est: 61
Nombre de Tile ajoutees dans la pile: 6
Nombre de Tile traversees: 313  Distance est: 61
Nombre de Tile ajoutees dans la pile: 6
Nombre de Tile traversees: 314  Distance est: 61
Nombre de Tile ajoutees dans la pile: 7
Nombre de Tile traversees: 315  Distance est: 61
Nombre de Tile ajoutees dans la pile: 8
Nombre de Tile traversees: 316  Distance est: 61
Nombre de Tile ajoutees dans la pile: 8
Nombre de Tile traversees: 317  Distance est: 61
Nombre de Tile ajoutees dans la pile: 8
Nombre de Tile traversees: 318  Distance est: 62
Nombre de Tile ajoutees dans la pile: 7
Nombre de Tile traversees: 319  Distance est: 62
Nombre de Tile ajoutees dans la pile: 7
Nombre de Tile traversees: 320  Distance est: 62
Nombre de Tile ajoutees dans la pile: 7
Nombre de Tile traversees: 321  Distance est: 62
Nombre de Tile ajoutees dans la pile: 7
Nombre de Tile traversees: 322  Distance est: 62
Nombre de Tile ajoutees dans la pile: 7
Nombre de Tile traversees: 323  Distance est: 62
Nombre de Tile ajoutees dans la pile: 7
Nombre de Tile traversees: 324  Distance est: 62
Nombre de Tile ajoutees dans la pile: 7
Nombre de Tile traversees: 325  Distance est: 63
Nombre de Tile ajoutees dans la pile: 7
Nombre de Tile traversees: 326  Distance est: 63
Nombre de Tile ajoutees dans la pile: 7
Nombre de Tile traversees: 327  Distance est: 63
Nombre de Tile ajoutees dans la pile: 7
Nombre de Tile traversees: 328  Distance est: 63
Nombre de Tile ajoutees dans la pile: 7
Nombre de Tile traversees: 329  Distance est: 63
Nombre de Tile ajoutees dans la pile: 7
Nombre de Tile traversees: 330  Distance est: 63
Nombre de Tile ajoutees dans la pile: 7
Nombre de Tile traversees: 331  Distance est: 63
Nombre de Tile ajoutees dans la pile: 7
Nombre de Tile traversees: 332  Distance est: 64
Nombre de Tile ajoutees dans la pile: 8
Nombre de Tile traversees: 333  Distance est: 64
Nombre de Tile ajoutees dans la pile: 8
Nombre de Tile traversees: 334  Distance est: 64
Nombre de Tile ajoutees dans la pile: 8
Nombre de Tile traversees: 335  Distance est: 64
Nombre de Tile ajoutees dans la pile: 8
Nombre de Tile traversees: 336  Distance est: 64
Nombre de Tile ajoutees dans la pile: 8
Nombre de Tile traversees: 337  Distance est: 64
Nombre de Tile ajoutees dans la pile: 8
Nombre de Tile traversees: 338  Distance est: 64
Nombre de Tile ajoutees dans la pile: 8
Nombre de Tile traversees: 339  Distance est: 64
Nombre de Tile ajoutees dans la pile: 8
Nombre de Tile traversees: 340  Distance est: 65
Nombre de Tile ajoutees dans la pile: 8
Nombre de Tile traversees: 341  Distance est: 65
Nombre de Tile ajoutees dans la pile: 8
Nombre de Tile traversees: 342  Distance est: 65
Nombre de Tile ajoutees dans la pile: 8
Nombre de Tile traversees: 343  Distance est: 65
Nombre de Tile ajoutees dans la pile: 8
Nombre de Tile traversees: 344  Distance est: 65
Nombre de Tile ajoutees dans la pile: 8
Nombre de Tile traversees: 345  Distance est: 65
Nombre de Tile ajoutees dans la pile: 8
Nombre de Tile traversees: 346  Distance est: 65
Nombre de Tile ajoutees dans la pile: 8
Nombre de Tile traversees: 347  Distance est: 65
Nombre de Tile ajoutees dans la pile: 8
Nombre de Tile traversees: 348  Distance est: 66
Nombre de Tile ajoutees dans la pile: 8
Nombre de Tile traversees: 349  Distance est: 66
Nombre de Tile ajoutees dans la pile: 8
Nombre de Tile traversees: 350  Distance est: 66
Nombre de Tile ajoutees dans la pile: 8
Nombre de Tile traversees: 351  Distance est: 66
Nombre de Tile ajoutees dans la pile: 8
Nombre de Tile traversees: 352  Distance est: 66
Nombre de Tile ajoutees dans la pile: 8
Nombre de Tile traversees: 353  Distance est: 66
Nombre de Tile ajoutees dans la pile: 8
Nombre de Tile traversees: 354  Distance est: 66
Nombre de Tile ajoutees dans la pile: 8
Nombre de Tile traversees: 355  Distance est: 66
Nombre de Tile ajoutees dans la pile: 8
Nombre de Tile traversees: 356  Distance est: 67
Nombre de Tile ajoutees dans la pile: 9
Nombre de Tile traversees: 357  Distance est: 67
Nombre de Tile ajoutees dans la pile: 8
Nombre de Tile traversees: 358  Distance est: 67
Nombre de Tile ajoutees dans la pile: 8
Nombre de Tile traversees: 359  Distance est: 67
Nombre de Tile ajoutees dans la pile: 8
Nombre de Tile traversees: 360  Distance est: 67
Nombre de Tile ajoutees dans la pile: 8
Nombre de Tile traversees: 361  Distance est: 67
Nombre de Tile ajoutees dans la pile: 7
Nombre de Tile traversees: 362  Distance est: 67
Nombre de Tile ajoutees dans la pile: 7
Nombre de Tile traversees: 363  Distance est: 67
Nombre de Tile ajoutees dans la pile: 7
Nombre de Tile traversees: 364  Distance est: 67
Nombre de Tile ajoutees dans la pile: 8
Nombre de Tile traversees: 365  Distance est: 68
Nombre de Tile ajoutees dans la pile: 7
Nombre de Tile traversees: 366  Distance est: 68
Nombre de Tile ajoutees dans la pile: 7
Nombre de Tile traversees: 367  Distance est: 68
Nombre de Tile ajoutees dans la pile: 7
Nombre de Tile traversees: 368  Distance est: 68
Nombre de Tile ajoutees dans la pile: 7
Nombre de Tile traversees: 369  Distance est: 68
Nombre de Tile ajoutees dans la pile: 7
Nombre de Tile traversees: 370  Distance est: 68
Nombre de Tile ajoutees dans la pile: 7
Nombre de Tile traversees: 371  Distance est: 68
Nombre de Tile ajoutees dans la pile: 8
Nombre de Tile traversees: 372  Distance est: 69
Nombre de Tile ajoutees dans la pile: 7
Nombre de Tile traversees: 373  Distance est: 69
Nombre de Tile ajoutees dans la pile: 7
Nombre de Tile traversees: 374  Distance est: 69
Nombre de Tile ajoutees dans la pile: 7
Nombre de Tile traversees: 375  Distance est: 69
Nombre de Tile ajoutees dans la pile: 7
Nombre de Tile traversees: 376  Distance est: 69
Nombre de Tile ajoutees dans la pile: 7
Nombre de Tile traversees: 377  Distance est: 69
Nombre de Tile ajoutees dans la pile: 7
Nombre de Tile traversees: 378  Distance est: 69
Nombre de Tile ajoutees dans la pile: 6
Nombre de Tile traversees: 379  Distance est: 70
Nombre de Tile ajoutees dans la pile: 5
Nombre de Tile traversees: 380  Distance est: 70
Nombre de Tile ajoutees dans la pile: 5
Nombre de Tile traversees: 381  Distance est: 70
Nombre de Tile ajoutees dans la pile: 5
Nombre de Tile traversees: 382  Distance est: 70
Nombre de Tile ajoutees dans la pile: 6
Nombre de Tile traversees: 383  Distance est: 70
Nombre de Tile ajoutees dans la pile: 6
Nombre de Tile traversees: 384  Distance est: 71
Nombre de Tile ajoutees dans la pile: 6
Nombre de Tile traversees: 385  Distance est: 71
Nombre de Tile ajoutees dans la pile: 6
Nombre de Tile traversees: 386  Distance est: 71
Nombre de Tile ajoutees dans la pile: 6
Nombre de Tile traversees: 387  Distance est: 71
Nombre de Tile ajoutees dans la pile: 7
Nombre de Tile traversees: 388  Distance est: 71
Nombre de Tile ajoutees dans la pile: 6
Nombre de Tile traversees: 389  Distance est: 71
Nombre de Tile ajoutees dans la pile: 6
Nombre de Tile traversees: 390  Distance est: 72
Nombre de Tile ajoutees dans la pile: 6
Nombre de Tile traversees: 391  Distance est: 72
Nombre de Tile ajoutees dans la pile: 6
Nombre de Tile traversees: 392  Distance est: 72
Nombre de Tile ajoutees dans la pile: 6
Nombre de Tile traversees: 393  Distance est: 72
Nombre de Tile ajoutees dans la pile: 7
Nombre de Tile traversees: 394  Distance est: 72
Nombre de Tile ajoutees dans la pile: 6
Nombre de Tile traversees: 395  Distance est: 72
Nombre de Tile ajoutees dans la pile: 7
Nombre de Tile traversees: 396  Distance est: 73
Nombre de Tile ajoutees dans la pile: 7
Nombre de Tile traversees: 397  Distance est: 73
Nombre de Tile ajoutees dans la pile: 7
Nombre de Tile traversees: 398  Distance est: 73
Nombre de Tile ajoutees dans la pile: 7
Nombre de Tile traversees: 399  Distance est: 73
Nombre de Tile ajoutees dans la pile: 6
Nombre de Tile traversees: 400  Distance est: 73
Nombre de Tile ajoutees dans la pile: 5
Nombre de Tile traversees: 401  Distance est: 73
Nombre de Tile ajoutees dans la pile: 6
Nombre de Tile traversees: 402  Distance est: 73
Nombre de Tile ajoutees dans la pile: 5
Nombre de Tile traversees: 403  Distance est: 74
Nombre de Tile ajoutees dans la pile: 5
Nombre de Tile traversees: 404  Distance est: 74
Nombre de Tile ajoutees dans la pile: 5
Nombre de Tile traversees: 405  Distance est: 74
Nombre de Tile ajoutees dans la pile: 5
Nombre de Tile traversees: 406  Distance est: 74
Nombre de Tile ajoutees dans la pile: 6
Nombre de Tile traversees: 407  Distance est: 74
Nombre de Tile ajoutees dans la pile: 5
Nombre de Tile traversees: 408  Distance est: 75
Nombre de Tile ajoutees dans la pile: 5
Nombre de Tile traversees: 409  Distance est: 75
Nombre de Tile ajoutees dans la pile: 5
Nombre de Tile traversees: 410  Distance est: 75
Nombre de Tile ajoutees dans la pile: 5
Nombre de Tile traversees: 411  Distance est: 75
Nombre de Tile ajoutees dans la pile: 5
Nombre de Tile traversees: 412  Distance est: 75
Nombre de Tile ajoutees dans la pile: 4
Nombre de Tile traversees: 413  Distance est: 76
Nombre de Tile ajoutees dans la pile: 4
Nombre de Tile traversees: 414  Distance est: 76
Nombre de Tile ajoutees dans la pile: 4
Nombre de Tile traversees: 415  Distance est: 76
Nombre de Tile ajoutees dans la pile: 4
Nombre de Tile traversees: 416  Distance est: 76
Nombre de Tile ajoutees dans la pile: 4
Nombre de Tile traversees: 417  Distance est: 77
Nombre de Tile ajoutees dans la pile: 4
Nombre de Tile traversees: 418  Distance est: 77
Nombre de Tile ajoutees dans la pile: 4
Nombre de Tile traversees: 419  Distance est: 77
Nombre de Tile ajoutees dans la pile: 4
Nombre de Tile traversees: 420  Distance est: 77
Nombre de Tile ajoutees dans la pile: 4
Nombre de Tile traversees: 421  Distance est: 78
Nombre de Tile ajoutees dans la pile: 5
Nombre de Tile traversees: 422  Distance est: 78
Nombre de Tile ajoutees dans la pile: 5
Nombre de Tile traversees: 423  Distance est: 78
Nombre de Tile ajoutees dans la pile: 5
Nombre de Tile traversees: 424  Distance est: 78
Nombre de Tile ajoutees dans la pile: 5
Nombre de Tile traversees: 425  Distance est: 78
Nombre de Tile ajoutees dans la pile: 6
Nombre de Tile traversees: 426  Distance est: 79
Nombre de Tile ajoutees dans la pile: 6
Nombre de Tile traversees: 427  Distance est: 79
Nombre de Tile ajoutees dans la pile: 6
Nombre de Tile traversees: 428  Distance est: 79
Nombre de Tile ajoutees dans la pile: 6
Nombre de Tile traversees: 429  Distance est: 79
Nombre de Tile ajoutees dans la pile: 6
Nombre de Tile traversees: 430  Distance est: 79
Nombre de Tile ajoutees dans la pile: 6
Nombre de Tile traversees: 431  Distance est: 79
Nombre de Tile ajoutees dans la pile: 5
Nombre de Tile traversees: 432  Distance est: 80
Nombre de Tile ajoutees dans la pile: 5
Nombre de Tile traversees: 433  Distance est: 80
Nombre de Tile ajoutees dans la pile: 5
Nombre de Tile traversees: 434  Distance est: 80
Nombre de Tile ajoutees dans la pile: 5
Nombre de Tile traversees: 435  Distance est: 80
Nombre de Tile ajoutees dans la pile: 5
Nombre de Tile traversees: 436  Distance est: 80
Nombre de Tile ajoutees dans la pile: 5
Nombre de Tile traversees: 437  Distance est: 81
Nombre de Tile ajoutees dans la pile: 5
Nombre de Tile traversees: 438  Distance est: 81
Nombre de Tile ajoutees dans la pile: 5
Nombre de Tile traversees: 439  Distance est: 81
Nombre de Tile ajoutees dans la pile: 5
Nombre de Tile traversees: 440  Distance est: 81
Nombre de Tile ajoutees dans la pile: 4
Nombre de Tile traversees: 441  Distance est: 81
Nombre de Tile ajoutees dans la pile: 4
Nombre de Tile traversees: 442  Distance est: 82
Nombre de Tile ajoutees dans la pile: 5
Nombre de Tile traversees: 443  Distance est: 82
Nombre de Tile ajoutees dans la pile: 5
Nombre de Tile traversees: 444  Distance est: 82
Nombre de Tile ajoutees dans la pile: 5
Nombre de Tile traversees: 445  Distance est: 82
Nombre de Tile ajoutees dans la pile: 5
Nombre de Tile traversees: 446  Distance est: 82
Nombre de Tile ajoutees dans la pile: 5
Nombre de Tile traversees: 447  Distance est: 83
Nombre de Tile ajoutees dans la pile: 5
Nombre de Tile traversees: 448  Distance est: 83
Nombre de Tile ajoutees dans la pile: 4
Nombre de Tile traversees: 449  Distance est: 83
Nombre de Tile ajoutees dans la pile: 4
Nombre de Tile traversees: 450  Distance est: 83
Nombre de Tile ajoutees dans la pile: 4
Nombre de Tile traversees: 451  Distance est: 83
Nombre de Tile ajoutees dans la pile: 4
Nombre de Tile traversees: 452  Distance est: 84
Nombre de Tile ajoutees dans la pile: 4
Nombre de Tile traversees: 453  Distance est: 84
Nombre de Tile ajoutees dans la pile: 4
Nombre de Tile traversees: 454  Distance est: 84
Nombre de Tile ajoutees dans la pile: 4
Nombre de Tile traversees: 455  Distance est: 84
Nombre de Tile ajoutees dans la pile: 4
Nombre de Tile traversees: 456  Distance est: 85
Nombre de Tile ajoutees dans la pile: 4
Nombre de Tile traversees: 457  Distance est: 85
Nombre de Tile ajoutees dans la pile: 4
Nombre de Tile traversees: 458  Distance est: 85
Nombre de Tile ajoutees dans la pile: 4
Nombre de Tile traversees: 459  Distance est: 85
Nombre de Tile ajoutees dans la pile: 3
Nombre de Tile traversees: 460  Distance est: 86
Nombre de Tile ajoutees dans la pile: 4
Nombre de Tile traversees: 461  Distance est: 86
Nombre de Tile ajoutees dans la pile: 4
Nombre de Tile traversees: 462  Distance est: 86
Nombre de Tile ajoutees dans la pile: 4
Nombre de Tile traversees: 463  Distance est: 86
Nombre de Tile ajoutees dans la pile: 4
Nombre de Tile traversees: 464  Distance est: 87
Nombre de Tile ajoutees dans la pile: 4
Nombre de Tile traversees: 465  Distance est: 87
Nombre de Tile ajoutees dans la pile: 4
Nombre de Tile traversees: 466  Distance est: 87
Nombre de Tile ajoutees dans la pile: 4
Nombre de Tile traversees: 467  Distance est: 87
Nombre de Tile ajoutees dans la pile: 5
Nombre de Tile traversees: 468  Distance est: 88
Nombre de Tile ajoutees dans la pile: 5
Nombre de Tile traversees: 469  Distance est: 88
Nombre de Tile ajoutees dans la pile: 5
Nombre de Tile traversees: 470  Distance est: 88
Nombre de Tile ajoutees dans la pile: 5
Nombre de Tile traversees: 471  Distance est: 88
Nombre de Tile ajoutees dans la pile: 5
Nombre de Tile traversees: 472  Distance est: 88
Nombre de Tile ajoutees dans la pile: 5
Nombre de Tile traversees: 473  Distance est: 89
Nombre de Tile ajoutees dans la pile: 5
Nombre de Tile traversees: 474  Distance est: 89
Nombre de Tile ajoutees dans la pile: 5
Nombre de Tile traversees: 475  Distance est: 89
Nombre de Tile ajoutees dans la pile: 5
Nombre de Tile traversees: 476  Distance est: 89
Nombre de Tile ajoutees dans la pile: 5
Nombre de Tile traversees: 477  Distance est: 89
Nombre de Tile ajoutees dans la pile: 5
Nombre de Tile traversees: 478  Distance est: 90
Nombre de Tile ajoutees dans la pile: 5
Nombre de Tile traversees: 479  Distance est: 90
Nombre de Tile ajoutees dans la pile: 5
Nombre de Tile traversees: 480  Distance est: 90
Nombre de Tile ajoutees dans la pile: 5
Nombre de Tile traversees: 481  Distance est: 90
Nombre de Tile ajoutees dans la pile: 5
Nombre de Tile traversees: 482  Distance est: 90
Nombre de Tile ajoutees dans la pile: 5
Nombre de Tile traversees: 483  Distance est: 91
Nombre de Tile ajoutees dans la pile: 5
Nombre de Tile traversees: 484  Distance est: 91
Nombre de Tile ajoutees dans la pile: 6
Nombre de Tile traversees: 485  Distance est: 91
Nombre de Tile ajoutees dans la pile: 6
Nombre de Tile traversees: 486  Distance est: 91
Nombre de Tile ajoutees dans la pile: 6
Nombre de Tile traversees: 487  Distance est: 91
Nombre de Tile ajoutees dans la pile: 6
Nombre de Tile traversees: 488  Distance est: 92
Nombre de Tile ajoutees dans la pile: 6
Nombre de Tile traversees: 489  Distance est: 92
Nombre de Tile ajoutees dans la pile: 6
Nombre de Tile traversees: 490  Distance est: 92
Nombre de Tile ajoutees dans la pile: 6
Nombre de Tile traversees: 491  Distance est: 92
Nombre de Tile ajoutees dans la pile: 6
Nombre de Tile traversees: 492  Distance est: 92
Nombre de Tile ajoutees dans la pile: 6
Nombre de Tile traversees: 493  Distance est: 92
Nombre de Tile ajoutees dans la pile: 6
Nombre de Tile traversees: 494  Distance est: 93
Nombre de Tile ajoutees dans la pile: 6
Nombre de Tile traversees: 495  Distance est: 93
Nombre de Tile ajoutees dans la pile: 6
Nombre de Tile traversees: 496  Distance est: 93
Nombre de Tile ajoutees dans la pile: 5
Nombre de Tile traversees: 497  Distance est: 93
Nombre de Tile ajoutees dans la pile: 5
Nombre de Tile traversees: 498  Distance est: 93
Nombre de Tile ajoutees dans la pile: 5
Nombre de Tile traversees: 499  Distance est: 93
Nombre de Tile ajoutees dans la pile: 4
Nombre de Tile traversees: 500  Distance est: 94
Nombre de Tile ajoutees dans la pile: 4
Nombre de Tile traversees: 501  Distance est: 94
Nombre de Tile ajoutees dans la pile: 4
Nombre de Tile traversees: 502  Distance est: 94
Nombre de Tile ajoutees dans la pile: 4
Nombre de Tile traversees: 503  Distance est: 94
Nombre de Tile ajoutees dans la pile: 4
Nombre de Tile traversees: 504  Distance est: 95
Nombre de Tile ajoutees dans la pile: 4
Nombre de Tile traversees: 505  Distance est: 95
Nombre de Tile ajoutees dans la pile: 4
Nombre de Tile traversees: 506  Distance est: 95
Nombre de Tile ajoutees dans la pile: 4
Nombre de Tile traversees: 507  Distance est: 95
Nombre de Tile ajoutees dans la pile: 5
Nombre de Tile traversees: 508  Distance est: 96
Nombre de Tile ajoutees dans la pile: 5
Nombre de Tile traversees: 509  Distance est: 96
Nombre de Tile ajoutees dans la pile: 5
Nombre de Tile traversees: 510  Distance est: 96
Nombre de Tile ajoutees dans la pile: 5
Nombre de Tile traversees: 511  Distance est: 96
Nombre de Tile ajoutees dans la pile: 5
Nombre de Tile traversees: 512  Distance est: 96
Nombre de Tile ajoutees dans la pile: 5
Nombre de Tile traversees: 513  Distance est: 97
Nombre de Tile ajoutees dans la pile: 5
Nombre de Tile traversees: 514  Distance est: 97
Nombre de Tile ajoutees dans la pile: 5
Nombre de Tile traversees: 515  Distance est: 97
Nombre de Tile ajoutees dans la pile: 5
Nombre de Tile traversees: 516  Distance est: 97
Nombre de Tile ajoutees dans la pile: 4
Nombre de Tile traversees: 517  Distance est: 97
Nombre de Tile ajoutees dans la pile: 4
Nombre de Tile traversees: 518  Distance est: 98
Nombre de Tile ajoutees dans la pile: 4
Nombre de Tile traversees: 519  Distance est: 98
Nombre de Tile ajoutees dans la pile: 5
Nombre de Tile traversees: 520  Distance est: 98
Nombre de Tile ajoutees dans la pile: 5
Nombre de Tile traversees: 521  Distance est: 98
Nombre de Tile ajoutees dans la pile: 5
Nombre de Tile traversees: 522  Distance est: 99
Nombre de Tile ajoutees dans la pile: 5
Nombre de Tile traversees: 523  Distance est: 99
Nombre de Tile ajoutees dans la pile: 6
Nombre de Tile traversees: 524  Distance est: 99
Nombre de Tile ajoutees dans la pile: 5
Nombre de Tile traversees: 525  Distance est: 99
Nombre de Tile ajoutees dans la pile: 5
Nombre de Tile traversees: 526  Distance est: 99
Nombre de Tile ajoutees dans la pile: 5
Nombre de Tile traversees: 527  Distance est: 100
Nombre de Tile ajoutees dans la pile: 5
Nombre de Tile traversees: 528  Distance est: 100
Nombre de Tile ajoutees dans la pile: 6
Nombre de Tile traversees: 529  Distance est: 100
Nombre de Tile ajoutees dans la pile: 5
Nombre de Tile traversees: 530  Distance est: 100
Nombre de Tile ajoutees dans la pile: 5
Nombre de Tile traversees: 531  Distance est: 100
Nombre de Tile ajoutees dans la pile: 5
Nombre de Tile traversees: 532  Distance est: 101
Nombre de Tile ajoutees dans la pile: 5
Nombre de Tile traversees: 533  Distance est: 101
Nombre de Tile ajoutees dans la pile: 5
Nombre de Tile traversees: 534  Distance est: 101
Nombre de Tile ajoutees dans la pile: 5
Nombre de Tile traversees: 535  Distance est: 101
Nombre de Tile ajoutees dans la pile: 5
Nombre de Tile traversees: 536  Distance est: 101
Nombre de Tile ajoutees dans la pile: 5
Nombre de Tile traversees: 537  Distance est: 102
Nombre de Tile ajoutees dans la pile: 5
Nombre de Tile traversees: 538  Distance est: 102
Nombre de Tile ajoutees dans la pile: 5
Nombre de Tile traversees: 539  Distance est: 102
Nombre de Tile ajoutees dans la pile: 5
Nombre de Tile traversees: 540  Distance est: 102
Nombre de Tile ajoutees dans la pile: 5
Nombre de Tile traversees: 541  Distance est: 102
Nombre de Tile ajoutees dans la pile: 5
Nombre de Tile traversees: 542  Distance est: 103
Nombre de Tile ajoutees dans la pile: 5
Nombre de Tile traversees: 543  Distance est: 103
Nombre de Tile ajoutees dans la pile: 5
Nombre de Tile traversees: 544  Distance est: 103
Nombre de Tile ajoutees dans la pile: 5
Nombre de Tile traversees: 545  Distance est: 103
Nombre de Tile ajoutees dans la pile: 5
Nombre de Tile traversees: 546  Distance est: 103
Nombre de Tile ajoutees dans la pile: 5
Nombre de Tile traversees: 547  Distance est: 104
Nombre de Tile ajoutees dans la pile: 4
Nombre de Tile traversees: 548  Distance est: 104
Nombre de Tile ajoutees dans la pile: 4
Nombre de Tile traversees: 549  Distance est: 104
Nombre de Tile ajoutees dans la pile: 4
Nombre de Tile traversees: 550  Distance est: 104
Nombre de Tile ajoutees dans la pile: 4
Nombre de Tile traversees: 551  Distance est: 105
Nombre de Tile ajoutees dans la pile: 4
Nombre de Tile traversees: 552  Distance est: 105
Nombre de Tile ajoutees dans la pile: 3
Nombre de Tile traversees: 553  Distance est: 105
Nombre de Tile ajoutees dans la pile: 3
Nombre de Tile traversees: 554  Distance est: 105
Nombre de Tile ajoutees dans la pile: 3
Nombre de Tile traversees: 555  Distance est: 106
Nombre de Tile ajoutees dans la pile: 3
Nombre de Tile traversees: 556  Distance est: 106
Nombre de Tile ajoutees dans la pile: 3
Nombre de Tile traversees: 557  Distance est: 106
Nombre de Tile ajoutees dans la pile: 3
Nombre de Tile traversees: 558  Distance est: 107
Nombre de Tile ajoutees dans la pile: 3
Nombre de Tile traversees: 559  Distance est: 107
Nombre de Tile ajoutees dans la pile: 3
Nombre de Tile traversees: 560  Distance est: 107
Nombre de Tile ajoutees dans la pile: 3
Nombre de Tile traversees: 561  Distance est: 108
Nombre de Tile ajoutees dans la pile: 2
Nombre de Tile traversees: 562  Distance est: 108
Nombre de Tile ajoutees dans la pile: 3
Nombre de Tile traversees: 563  Distance est: 109
Nombre de Tile ajoutees dans la pile: 3
Nombre de Tile traversees: 564  Distance est: 109
Nombre de Tile ajoutees dans la pile: 4
Nombre de Tile traversees: 565  Distance est: 109
Nombre de Tile ajoutees dans la pile: 3
Nombre de Tile traversees: 566  Distance est: 110
Nombre de Tile ajoutees dans la pile: 4
Nombre de Tile traversees: 567  Distance est: 110
Nombre de Tile ajoutees dans la pile: 5
Nombre de Tile traversees: 568  Distance est: 110
Nombre de Tile ajoutees dans la pile: 4
Nombre de Tile traversees: 569  Distance est: 110
Nombre de Tile ajoutees dans la pile: 4
Nombre de Tile traversees: 570  Distance est: 111
Nombre de Tile ajoutees dans la pile: 4
Nombre de Tile traversees: 571  Distance est: 111
Nombre de Tile ajoutees dans la pile: 5
Nombre de Tile traversees: 572  Distance est: 111
Nombre de Tile ajoutees dans la pile: 4
Nombre de Tile traversees: 573  Distance est: 111
Nombre de Tile ajoutees dans la pile: 4
Nombre de Tile traversees: 574  Distance est: 112
Nombre de Tile ajoutees dans la pile: 4
Nombre de Tile traversees: 575  Distance est: 112
Nombre de Tile ajoutees dans la pile: 4
Nombre de Tile traversees: 576  Distance est: 112
Nombre de Tile ajoutees dans la pile: 4
Nombre de Tile traversees: 577  Distance est: 112
Nombre de Tile ajoutees dans la pile: 4
Nombre de Tile traversees: 578  Distance est: 113
Nombre de Tile ajoutees dans la pile: 4
Nombre de Tile traversees: 579  Distance est: 113
Nombre de Tile ajoutees dans la pile: 4
Nombre de Tile traversees: 580  Distance est: 113
Nombre de Tile ajoutees dans la pile: 4
Nombre de Tile traversees: 581  Distance est: 113
Nombre de Tile ajoutees dans la pile: 4
Nombre de Tile traversees: 582  Distance est: 114
Nombre de Tile ajoutees dans la pile: 4
Nombre de Tile traversees: 583  Distance est: 114
Nombre de Tile ajoutees dans la pile: 4
Nombre de Tile traversees: 584  Distance est: 114
Nombre de Tile ajoutees dans la pile: 4
Nombre de Tile traversees: 585  Distance est: 114
Nombre de Tile ajoutees dans la pile: 4
Nombre de Tile traversees: 586  Distance est: 115
Nombre de Tile ajoutees dans la pile: 4
Nombre de Tile traversees: 587  Distance est: 115
Nombre de Tile ajoutees dans la pile: 3
Nombre de Tile traversees: 588  Distance est: 115
Nombre de Tile ajoutees dans la pile: 3
Nombre de Tile traversees: 589  Distance est: 115
Nombre de Tile ajoutees dans la pile: 4
Nombre de Tile traversees: 590  Distance est: 116
Nombre de Tile ajoutees dans la pile: 4
Nombre de Tile traversees: 591  Distance est: 116
Nombre de Tile ajoutees dans la pile: 4
Nombre de Tile traversees: 592  Distance est: 116
Nombre de Tile ajoutees dans la pile: 4
Nombre de Tile traversees: 593  Distance est: 116
Nombre de Tile ajoutees dans la pile: 4
Nombre de Tile traversees: 594  Distance est: 117
Nombre de Tile ajoutees dans la pile: 4
Nombre de Tile traversees: 595  Distance est: 117
Nombre de Tile ajoutees dans la pile: 4
Nombre de Tile traversees: 596  Distance est: 117
Nombre de Tile ajoutees dans la pile: 5
Nombre de Tile traversees: 597  Distance est: 117
Nombre de Tile ajoutees dans la pile: 6
Nombre de Tile traversees: 598  Distance est: 118
Nombre de Tile ajoutees dans la pile: 6
Nombre de Tile traversees: 599  Distance est: 118
Nombre de Tile ajoutees dans la pile: 6
Nombre de Tile traversees: 600  Distance est: 118
Nombre de Tile ajoutees dans la pile: 6
Nombre de Tile traversees: 601  Distance est: 118
Nombre de Tile ajoutees dans la pile: 6
Nombre de Tile traversees: 602  Distance est: 118
Nombre de Tile ajoutees dans la pile: 6
Nombre de Tile traversees: 603  Distance est: 118
Nombre de Tile ajoutees dans la pile: 6
Nombre de Tile traversees: 604  Distance est: 119
Nombre de Tile ajoutees dans la pile: 6
Nombre de Tile traversees: 605  Distance est: 119
Nombre de Tile ajoutees dans la pile: 6
Nombre de Tile traversees: 606  Distance est: 119
Nombre de Tile ajoutees dans la pile: 6
Nombre de Tile traversees: 607  Distance est: 119
Nombre de Tile ajoutees dans la pile: 6
Nombre de Tile traversees: 608  Distance est: 119
Nombre de Tile ajoutees dans la pile: 5
Nombre de Tile traversees: 609  Distance est: 119
Nombre de Tile ajoutees dans la pile: 5
Nombre de Tile traversees: 610  Distance est: 120
Nombre de Tile ajoutees dans la pile: 5
Nombre de Tile traversees: 611  Distance est: 120
Nombre de Tile ajoutees dans la pile: 5
Nombre de Tile traversees: 612  Distance est: 120
Nombre de Tile ajoutees dans la pile: 5
Nombre de Tile traversees: 613  Distance est: 120
Nombre de Tile ajoutees dans la pile: 5
Nombre de Tile traversees: 614  Distance est: 120
Nombre de Tile ajoutees dans la pile: 5
Nombre de Tile traversees: 615  Distance est: 121
Nombre de Tile ajoutees dans la pile: 5
Nombre de Tile traversees: 616  Distance est: 121
Nombre de Tile ajoutees dans la pile: 5
Nombre de Tile traversees: 617  Distance est: 121
Nombre de Tile ajoutees dans la pile: 5
Nombre de Tile traversees: 618  Distance est: 121
Nombre de Tile ajoutees dans la pile: 5
Nombre de Tile traversees: 619  Distance est: 121
Nombre de Tile ajoutees dans la pile: 5
Nombre de Tile traversees: 620  Distance est: 122
Nombre de Tile ajoutees dans la pile: 5
Nombre de Tile traversees: 621  Distance est: 122
Nombre de Tile ajoutees dans la pile: 5
Nombre de Tile traversees: 622  Distance est: 122
Nombre de Tile ajoutees dans la pile: 5
Nombre de Tile traversees: 623  Distance est: 122
Nombre de Tile ajoutees dans la pile: 5
Nombre de Tile traversees: 624  Distance est: 122
Nombre de Tile ajoutees dans la pile: 5
Nombre de Tile traversees: 625  Distance est: 123
Nombre de Tile ajoutees dans la pile: 5
Nombre de Tile traversees: 626  Distance est: 123
Nombre de Tile ajoutees dans la pile: 5
Nombre de Tile traversees: 627  Distance est: 123
Nombre de Tile ajoutees dans la pile: 5
Nombre de Tile traversees: 628  Distance est: 123
Nombre de Tile ajoutees dans la pile: 5
Nombre de Tile traversees: 629  Distance est: 123
Nombre de Tile ajoutees dans la pile: 5
Nombre de Tile traversees: 630  Distance est: 124
Nombre de Tile ajoutees dans la pile: 5
Nombre de Tile traversees: 631  Distance est: 124
Nombre de Tile ajoutees dans la pile: 5
Nombre de Tile traversees: 632  Distance est: 124
Nombre de Tile ajoutees dans la pile: 5
Nombre de Tile traversees: 633  Distance est: 124
Nombre de Tile ajoutees dans la pile: 5
Nombre de Tile traversees: 634  Distance est: 124
Nombre de Tile ajoutees dans la pile: 5
Nombre de Tile traversees: 635  Distance est: 125
Nombre de Tile ajoutees dans la pile: 6
Nombre de Tile traversees: 636  Distance est: 125
Nombre de Tile ajoutees dans la pile: 6
Nombre de Tile traversees: 637  Distance est: 125
Nombre de Tile ajoutees dans la pile: 6
Nombre de Tile traversees: 638  Distance est: 125
Nombre de Tile ajoutees dans la pile: 6
Nombre de Tile traversees: 639  Distance est: 125
Nombre de Tile ajoutees dans la pile: 6
Nombre de Tile traversees: 640  Distance est: 125
Nombre de Tile ajoutees dans la pile: 7
Nombre de Tile traversees: 641  Distance est: 126
Nombre de Tile ajoutees dans la pile: 6
Nombre de Tile traversees: 642  Distance est: 126
Nombre de Tile ajoutees dans la pile: 6
Nombre de Tile traversees: 643  Distance est: 126
Nombre de Tile ajoutees dans la pile: 6
Nombre de Tile traversees: 644  Distance est: 126
Nombre de Tile ajoutees dans la pile: 6
Nombre de Tile traversees: 645  Distance est: 126
Nombre de Tile ajoutees dans la pile: 6
Nombre de Tile traversees: 646  Distance est: 126
Nombre de Tile ajoutees dans la pile: 7
Nombre de Tile traversees: 647  Distance est: 127
Nombre de Tile ajoutees dans la pile: 6
Nombre de Tile traversees: 648  Distance est: 127
Nombre de Tile ajoutees dans la pile: 6
Nombre de Tile traversees: 649  Distance est: 127
Nombre de Tile ajoutees dans la pile: 6
Nombre de Tile traversees: 650  Distance est: 127
Nombre de Tile ajoutees dans la pile: 6
Nombre de Tile traversees: 651  Distance est: 127
Nombre de Tile ajoutees dans la pile: 6
Nombre de Tile traversees: 652  Distance est: 127
Nombre de Tile ajoutees dans la pile: 5
Nombre de Tile traversees: 653  Distance est: 128
Nombre de Tile ajoutees dans la pile: 5
Nombre de Tile traversees: 654  Distance est: 128
Nombre de Tile ajoutees dans la pile: 5
Nombre de Tile traversees: 655  Distance est: 128
Nombre de Tile ajoutees dans la pile: 5
Nombre de Tile traversees: 656  Distance est: 128
Nombre de Tile ajoutees dans la pile: 5
Nombre de Tile traversees: 657  Distance est: 128
Nombre de Tile ajoutees dans la pile: 5
Nombre de Tile traversees: 658  Distance est: 129
Nombre de Tile ajoutees dans la pile: 5
Nombre de Tile traversees: 659  Distance est: 129
Nombre de Tile ajoutees dans la pile: 5
Nombre de Tile traversees: 660  Distance est: 129
Nombre de Tile ajoutees dans la pile: 5
Nombre de Tile traversees: 661  Distance est: 129
Nombre de Tile ajoutees dans la pile: 5
Nombre de Tile traversees: 662  Distance est: 129
Nombre de Tile ajoutees dans la pile: 5
Nombre de Tile traversees: 663  Distance est: 130
Nombre de Tile ajoutees dans la pile: 5
Nombre de Tile traversees: 664  Distance est: 130
Nombre de Tile ajoutees dans la pile: 5
Nombre de Tile traversees: 665  Distance est: 130
Nombre de Tile ajoutees dans la pile: 5
Nombre de Tile traversees: 666  Distance est: 130
Nombre de Tile ajoutees dans la pile: 5
Nombre de Tile traversees: 667  Distance est: 130
Nombre de Tile ajoutees dans la pile: 5
Nombre de Tile traversees: 668  Distance est: 131
Nombre de Tile ajoutees dans la pile: 5
Nombre de Tile traversees: 669  Distance est: 131
Nombre de Tile ajoutees dans la pile: 5
Nombre de Tile traversees: 670  Distance est: 131
Nombre de Tile ajoutees dans la pile: 5
Nombre de Tile traversees: 671  Distance est: 131
Nombre de Tile ajoutees dans la pile: 5
Nombre de Tile traversees: 672  Distance est: 131
Nombre de Tile ajoutees dans la pile: 6
Nombre de Tile traversees: 673  Distance est: 132
Nombre de Tile ajoutees dans la pile: 7
Nombre de Tile traversees: 674  Distance est: 132
Nombre de Tile ajoutees dans la pile: 7
Nombre de Tile traversees: 675  Distance est: 132
Nombre de Tile ajoutees dans la pile: 8
Nombre de Tile traversees: 676  Distance est: 132
Nombre de Tile ajoutees dans la pile: 8
Nombre de Tile traversees: 677  Distance est: 132
Nombre de Tile ajoutees dans la pile: 8
Nombre de Tile traversees: 678  Distance est: 132
Nombre de Tile ajoutees dans la pile: 8
Nombre de Tile traversees: 679  Distance est: 132
Nombre de Tile ajoutees dans la pile: 8
Nombre de Tile traversees: 680  Distance est: 133
Nombre de Tile ajoutees dans la pile: 8
Nombre de Tile traversees: 681  Distance est: 133
Nombre de Tile ajoutees dans la pile: 8
Nombre de Tile traversees: 682  Distance est: 133
Nombre de Tile ajoutees dans la pile: 9
Nombre de Tile traversees: 683  Distance est: 133
Nombre de Tile ajoutees dans la pile: 8
Nombre de Tile traversees: 684  Distance est: 133
Nombre de Tile ajoutees dans la pile: 8
Nombre de Tile traversees: 685  Distance est: 133
Nombre de Tile ajoutees dans la pile: 8
Nombre de Tile traversees: 686  Distance est: 133
Nombre de Tile ajoutees dans la pile: 8
Nombre de Tile traversees: 687  Distance est: 133
Nombre de Tile ajoutees dans la pile: 8
Nombre de Tile traversees: 688  Distance est: 134
Nombre de Tile ajoutees dans la pile: 8
Nombre de Tile traversees: 689  Distance est: 134
Nombre de Tile ajoutees dans la pile: 8
Nombre de Tile traversees: 690  Distance est: 134
Nombre de Tile ajoutees dans la pile: 9
Nombre de Tile traversees: 691  Distance est: 134
Nombre de Tile ajoutees dans la pile: 8
Nombre de Tile traversees: 692  Distance est: 134
Nombre de Tile ajoutees dans la pile: 8
Nombre de Tile traversees: 693  Distance est: 134
Nombre de Tile ajoutees dans la pile: 9
Nombre de Tile traversees: 694  Distance est: 134
Nombre de Tile ajoutees dans la pile: 9
Nombre de Tile traversees: 695  Distance est: 134
Nombre de Tile ajoutees dans la pile: 9
Nombre de Tile traversees: 696  Distance est: 135
Nombre de Tile ajoutees dans la pile: 9
Nombre de Tile traversees: 697  Distance est: 135
Nombre de Tile ajoutees dans la pile: 9
Nombre de Tile traversees: 698  Distance est: 135
Nombre de Tile ajoutees dans la pile: 9
Nombre de Tile traversees: 699  Distance est: 135
Nombre de Tile ajoutees dans la pile: 8
Nombre de Tile traversees: 700  Distance est: 135
Nombre de Tile ajoutees dans la pile: 8
Nombre de Tile traversees: 701  Distance est: 135
Nombre de Tile ajoutees dans la pile: 9
Nombre de Tile traversees: 702  Distance est: 135
Nombre de Tile ajoutees dans la pile: 8
Nombre de Tile traversees: 703  Distance est: 135
Nombre de Tile ajoutees dans la pile: 8
Nombre de Tile traversees: 704  Distance est: 135
Nombre de Tile ajoutees dans la pile: 8
Nombre de Tile traversees: 705  Distance est: 136
Nombre de Tile ajoutees dans la pile: 7
Nombre de Tile traversees: 706  Distance est: 136
Nombre de Tile ajoutees dans la pile: 7
Nombre de Tile traversees: 707  Distance est: 136
Nombre de Tile ajoutees dans la pile: 7
Nombre de Tile traversees: 708  Distance est: 136
Nombre de Tile ajoutees dans la pile: 7
Nombre de Tile traversees: 709  Distance est: 136
Nombre de Tile ajoutees dans la pile: 8
Nombre de Tile traversees: 710  Distance est: 136
Nombre de Tile ajoutees dans la pile: 7
Nombre de Tile traversees: 711  Distance est: 136
Nombre de Tile ajoutees dans la pile: 7
Nombre de Tile traversees: 712  Distance est: 137
Nombre de Tile ajoutees dans la pile: 7
Nombre de Tile traversees: 713  Distance est: 137
Nombre de Tile ajoutees dans la pile: 7
Nombre de Tile traversees: 714  Distance est: 137
Nombre de Tile ajoutees dans la pile: 7
Nombre de Tile traversees: 715  Distance est: 137
Nombre de Tile ajoutees dans la pile: 7
Nombre de Tile traversees: 716  Distance est: 137
Nombre de Tile ajoutees dans la pile: 8
Nombre de Tile traversees: 717  Distance est: 137
Nombre de Tile ajoutees dans la pile: 7
Nombre de Tile traversees: 718  Distance est: 137
Nombre de Tile ajoutees dans la pile: 7
Nombre de Tile traversees: 719  Distance est: 138
Nombre de Tile ajoutees dans la pile: 6
Nombre de Tile traversees: 720  Distance est: 138
Nombre de Tile ajoutees dans la pile: 6
Nombre de Tile traversees: 721  Distance est: 138
Nombre de Tile ajoutees dans la pile: 6
Nombre de Tile traversees: 722  Distance est: 138
Nombre de Tile ajoutees dans la pile: 6
Nombre de Tile traversees: 723  Distance est: 138
Nombre de Tile ajoutees dans la pile: 6
Nombre de Tile traversees: 724  Distance est: 138
Nombre de Tile ajoutees dans la pile: 6
Nombre de Tile traversees: 725  Distance est: 139
Nombre de Tile ajoutees dans la pile: 6
Nombre de Tile traversees: 726  Distance est: 139
Nombre de Tile ajoutees dans la pile: 5
Nombre de Tile traversees: 727  Distance est: 139
Nombre de Tile ajoutees dans la pile: 5
Nombre de Tile traversees: 728  Distance est: 139
Nombre de Tile ajoutees dans la pile: 5
Nombre de Tile traversees: 729  Distance est: 139
Nombre de Tile ajoutees dans la pile: 5
Nombre de Tile traversees: 730  Distance est: 139
Nombre de Tile ajoutees dans la pile: 5
Nombre de Tile traversees: 731  Distance est: 140
Nombre de Tile ajoutees dans la pile: 5
Nombre de Tile traversees: 732  Distance est: 140
Nombre de Tile ajoutees dans la pile: 5
Nombre de Tile traversees: 733  Distance est: 140
Nombre de Tile ajoutees dans la pile: 5
Nombre de Tile traversees: 734  Distance est: 140
Nombre de Tile ajoutees dans la pile: 5
Nombre de Tile traversees: 735  Distance est: 140
Nombre de Tile ajoutees dans la pile: 5
Nombre de Tile traversees: 736  Distance est: 141
Nombre de Tile ajoutees dans la pile: 5
Nombre de Tile traversees: 737  Distance est: 141
Nombre de Tile ajoutees dans la pile: 5
Nombre de Tile traversees: 738  Distance est: 141
Nombre de Tile ajoutees dans la pile: 5
Nombre de Tile traversees: 739  Distance est: 141
Nombre de Tile ajoutees dans la pile: 5
Nombre de Tile traversees: 740  Distance est: 141
Nombre de Tile ajoutees dans la pile: 5
Nombre de Tile traversees: 741  Distance est: 142
Nombre de Tile ajoutees dans la pile: 4
Nombre de Tile traversees: 742  Distance est: 142
Nombre de Tile ajoutees dans la pile: 4
Nombre de Tile traversees: 743  Distance est: 142
Nombre de Tile ajoutees dans la pile: 4
Nombre de Tile traversees: 744  Distance est: 142
Nombre de Tile ajoutees dans la pile: 4
Nombre de Tile traversees: 745  Distance est: 143
Nombre de Tile ajoutees dans la pile: 4
Nombre de Tile traversees: 746  Distance est: 143
Nombre de Tile ajoutees dans la pile: 4
Nombre de Tile traversees: 747  Distance est: 143
Nombre de Tile ajoutees dans la pile: 4
Nombre de Tile traversees: 748  Distance est: 143
Nombre de Tile ajoutees dans la pile: 4
Nombre de Tile traversees: 749  Distance est: 144
Nombre de Tile ajoutees dans la pile: 4
Nombre de Tile traversees: 750  Distance est: 144
Nombre de Tile ajoutees dans la pile: 4
Nombre de Tile traversees: 751  Distance est: 144
Nombre de Tile ajoutees dans la pile: 4
Nombre de Tile traversees: 752  Distance est: 144
Nombre de Tile ajoutees dans la pile: 4
Nombre de Tile traversees: 753  Distance est: 145
Nombre de Tile ajoutees dans la pile: 5
Nombre de Tile traversees: 754  Distance est: 145
Nombre de Tile ajoutees dans la pile: 5
Nombre de Tile traversees: 755  Distance est: 145
Nombre de Tile ajoutees dans la pile: 5
Nombre de Tile traversees: 756  Distance est: 145
Nombre de Tile ajoutees dans la pile: 5
Nombre de Tile traversees: 757  Distance est: 145
Nombre de Tile ajoutees dans la pile: 6
Nombre de Tile traversees: 758  Distance est: 146
Nombre de Tile ajoutees dans la pile: 5
Nombre de Tile traversees: 759  Distance est: 146
Nombre de Tile ajoutees dans la pile: 5
Nombre de Tile traversees: 760  Distance est: 146
Nombre de Tile ajoutees dans la pile: 5
Nombre de Tile traversees: 761  Distance est: 146
Nombre de Tile ajoutees dans la pile: 5
Nombre de Tile traversees: 762  Distance est: 146
Nombre de Tile ajoutees dans la pile: 6
Nombre de Tile traversees: 763  Distance est: 147
Nombre de Tile ajoutees dans la pile: 5
Nombre de Tile traversees: 764  Distance est: 147
Nombre de Tile ajoutees dans la pile: 6
Nombre de Tile traversees: 765  Distance est: 147
Nombre de Tile ajoutees dans la pile: 6
Nombre de Tile traversees: 766  Distance est: 147
Nombre de Tile ajoutees dans la pile: 6
Nombre de Tile traversees: 767  Distance est: 147
Nombre de Tile ajoutees dans la pile: 5
Nombre de Tile traversees: 768  Distance est: 148
Nombre de Tile ajoutees dans la pile: 4
Nombre de Tile traversees: 769  Distance est: 148
Nombre de Tile ajoutees dans la pile: 4
Nombre de Tile traversees: 770  Distance est: 148
Nombre de Tile ajoutees dans la pile: 4
Nombre de Tile traversees: 771  Distance est: 148
Nombre de Tile ajoutees dans la pile: 4
Nombre de Tile traversees: 772  Distance est: 149
Nombre de Tile ajoutees dans la pile: 4
Nombre de Tile traversees: 773  Distance est: 149
Nombre de Tile ajoutees dans la pile: 4
Nombre de Tile traversees: 774  Distance est: 149
Nombre de Tile ajoutees dans la pile: 4
Nombre de Tile traversees: 775  Distance est: 149
Nombre de Tile ajoutees dans la pile: 4
Nombre de Tile traversees: 776  Distance est: 150
Nombre de Tile ajoutees dans la pile: 4
Nombre de Tile traversees: 777  Distance est: 150
Nombre de Tile ajoutees dans la pile: 4
Nombre de Tile traversees: 778  Distance est: 150
Nombre de Tile ajoutees dans la pile: 4
Nombre de Tile traversees: 779  Distance est: 150
Nombre de Tile ajoutees dans la pile: 4
Nombre de Tile traversees: 780  Distance est: 151
Nombre de Tile ajoutees dans la pile: 4
Nombre de Tile traversees: 781  Distance est: 151
Nombre de Tile ajoutees dans la pile: 4
Nombre de Tile traversees: 782  Distance est: 151
Nombre de Tile ajoutees dans la pile: 4
Nombre de Tile traversees: 783  Distance est: 151
Nombre de Tile ajoutees dans la pile: 4
Nombre de Tile traversees: 784  Distance est: 152
Nombre de Tile ajoutees dans la pile: 4
Nombre de Tile traversees: 785  Distance est: 152
Nombre de Tile ajoutees dans la pile: 5
Nombre de Tile traversees: 786  Distance est: 152
Nombre de Tile ajoutees dans la pile: 5
Nombre de Tile traversees: 787  Distance est: 152
Nombre de Tile ajoutees dans la pile: 5
Nombre de Tile traversees: 788  Distance est: 153
Nombre de Tile ajoutees dans la pile: 6
Nombre de Tile traversees: 789  Distance est: 153
Nombre de Tile ajoutees dans la pile: 7
Nombre de Tile traversees: 790  Distance est: 153
Nombre de Tile ajoutees dans la pile: 6
Nombre de Tile traversees: 791  Distance est: 153
Nombre de Tile ajoutees dans la pile: 6
Nombre de Tile traversees: 792  Distance est: 153
Nombre de Tile ajoutees dans la pile: 6
Nombre de Tile traversees: 793  Distance est: 153
Nombre de Tile ajoutees dans la pile: 7
Nombre de Tile traversees: 794  Distance est: 154
Nombre de Tile ajoutees dans la pile: 6
Nombre de Tile traversees: 795  Distance est: 154
Nombre de Tile ajoutees dans la pile: 7
Nombre de Tile traversees: 796  Distance est: 154
Nombre de Tile ajoutees dans la pile: 6
Nombre de Tile traversees: 797  Distance est: 154
Nombre de Tile ajoutees dans la pile: 6
Nombre de Tile traversees: 798  Distance est: 154
Nombre de Tile ajoutees dans la pile: 6
Nombre de Tile traversees: 799  Distance est: 154
Nombre de Tile ajoutees dans la pile: 7
Nombre de Tile traversees: 800  Distance est: 155
Nombre de Tile ajoutees dans la pile: 6
Nombre de Tile traversees: 801  Distance est: 155
Nombre de Tile ajoutees dans la pile: 7
Nombre de Tile traversees: 802  Distance est: 155
Nombre de Tile ajoutees dans la pile: 6
Nombre de Tile traversees: 803  Distance est: 155
Nombre de Tile ajoutees dans la pile: 6
Nombre de Tile traversees: 804  Distance est: 155
Nombre de Tile ajoutees dans la pile: 6
Nombre de Tile traversees: 805  Distance est: 155
Nombre de Tile ajoutees dans la pile: 6
Nombre de Tile traversees: 806  Distance est: 156
Nombre de Tile ajoutees dans la pile: 5
Nombre de Tile traversees: 807  Distance est: 156
Nombre de Tile ajoutees dans la pile: 5
Nombre de Tile traversees: 808  Distance est: 156
Nombre de Tile ajoutees dans la pile: 5
Nombre de Tile traversees: 809  Distance est: 156
Nombre de Tile ajoutees dans la pile: 5
Nombre de Tile traversees: 810  Distance est: 156
Nombre de Tile ajoutees dans la pile: 5
Nombre de Tile traversees: 811  Distance est: 157
Nombre de Tile ajoutees dans la pile: 5
Nombre de Tile traversees: 812  Distance est: 157
Nombre de Tile ajoutees dans la pile: 5
Nombre de Tile traversees: 813  Distance est: 157
Nombre de Tile ajoutees dans la pile: 4
Nombre de Tile traversees: 814  Distance est: 157
Nombre de Tile ajoutees dans la pile: 4
Nombre de Tile traversees: 815  Distance est: 157
Nombre de Tile ajoutees dans la pile: 5
Nombre de Tile traversees: 816  Distance est: 158
Nombre de Tile ajoutees dans la pile: 5
Nombre de Tile traversees: 817  Distance est: 158
Nombre de Tile ajoutees dans la pile: 5
Nombre de Tile traversees: 818  Distance est: 158
Nombre de Tile ajoutees dans la pile: 5
Nombre de Tile traversees: 819  Distance est: 158
Nombre de Tile ajoutees dans la pile: 5
Nombre de Tile traversees: 820  Distance est: 158
Nombre de Tile ajoutees dans la pile: 5
Nombre de Tile traversees: 821  Distance est: 159
Nombre de Tile ajoutees dans la pile: 5
Nombre de Tile traversees: 822  Distance est: 159
Nombre de Tile ajoutees dans la pile: 5
Nombre de Tile traversees: 823  Distance est: 159
Nombre de Tile ajoutees dans la pile: 5
Nombre de Tile traversees: 824  Distance est: 159
Nombre de Tile ajoutees dans la pile: 5
Nombre de Tile traversees: 825  Distance est: 159
Nombre de Tile ajoutees dans la pile: 5
Nombre de Tile traversees: 826  Distance est: 160
Nombre de Tile ajoutees dans la pile: 5
Nombre de Tile traversees: 827  Distance est: 160
Nombre de Tile ajoutees dans la pile: 5
Nombre de Tile traversees: 828  Distance est: 160
Nombre de Tile ajoutees dans la pile: 5
Nombre de Tile traversees: 829  Distance est: 160
Nombre de Tile ajoutees dans la pile: 5
Nombre de Tile traversees: 830  Distance est: 160
Nombre de Tile ajoutees dans la pile: 5
Nombre de Tile traversees: 831  Distance est: 161
Nombre de Tile ajoutees dans la pile: 5
Nombre de Tile traversees: 832  Distance est: 161
Nombre de Tile ajoutees dans la pile: 5
Nombre de Tile traversees: 833  Distance est: 161
Nombre de Tile ajoutees dans la pile: 5
Nombre de Tile traversees: 834  Distance est: 161
Nombre de Tile ajoutees dans la pile: 5
Nombre de Tile traversees: 835  Distance est: 161
Nombre de Tile ajoutees dans la pile: 6
Nombre de Tile traversees: 836  Distance est: 162
Nombre de Tile ajoutees dans la pile: 6
Nombre de Tile traversees: 837  Distance est: 162
Nombre de Tile ajoutees dans la pile: 6
Nombre de Tile traversees: 838  Distance est: 162
Nombre de Tile ajoutees dans la pile: 6
Nombre de Tile traversees: 839  Distance est: 162
Nombre de Tile ajoutees dans la pile: 6
Nombre de Tile traversees: 840  Distance est: 162
Nombre de Tile ajoutees dans la pile: 6
Nombre de Tile traversees: 841  Distance est: 162
Nombre de Tile ajoutees dans la pile: 6
Nombre de Tile traversees: 842  Distance est: 163
Nombre de Tile ajoutees dans la pile: 6
Nombre de Tile traversees: 843  Distance est: 163
Nombre de Tile ajoutees dans la pile: 7
Nombre de Tile traversees: 844  Distance est: 163
Nombre de Tile ajoutees dans la pile: 7
Nombre de Tile traversees: 845  Distance est: 163
Nombre de Tile ajoutees dans la pile: 7
Nombre de Tile traversees: 846  Distance est: 163
Nombre de Tile ajoutees dans la pile: 6
Nombre de Tile traversees: 847  Distance est: 163
Nombre de Tile ajoutees dans la pile: 6
Nombre de Tile traversees: 848  Distance est: 164
Nombre de Tile ajoutees dans la pile: 6
Nombre de Tile traversees: 849  Distance est: 164
Nombre de Tile ajoutees dans la pile: 6
Nombre de Tile traversees: 850  Distance est: 164
Nombre de Tile ajoutees dans la pile: 6
Nombre de Tile traversees: 851  Distance est: 164
Nombre de Tile ajoutees dans la pile: 6
Nombre de Tile traversees: 852  Distance est: 164
Nombre de Tile ajoutees dans la pile: 6
Nombre de Tile traversees: 853  Distance est: 164
Nombre de Tile ajoutees dans la pile: 6
Nombre de Tile traversees: 854  Distance est: 165
Nombre de Tile ajoutees dans la pile: 6
Nombre de Tile traversees: 855  Distance est: 165
Nombre de Tile ajoutees dans la pile: 6
Nombre de Tile traversees: 856  Distance est: 165
Nombre de Tile ajoutees dans la pile: 7
Nombre de Tile traversees: 857  Distance est: 165
Nombre de Tile ajoutees dans la pile: 7
Nombre de Tile traversees: 858  Distance est: 165
Nombre de Tile ajoutees dans la pile: 7
Nombre de Tile traversees: 859  Distance est: 165
Nombre de Tile ajoutees dans la pile: 7
Nombre de Tile traversees: 860  Distance est: 166
Nombre de Tile ajoutees dans la pile: 7
Nombre de Tile traversees: 861  Distance est: 166
Nombre de Tile ajoutees dans la pile: 7
Nombre de Tile traversees: 862  Distance est: 166
Nombre de Tile ajoutees dans la pile: 7
Nombre de Tile traversees: 863  Distance est: 166
Nombre de Tile ajoutees dans la pile: 7
Nombre de Tile traversees: 864  Distance est: 166
Nombre de Tile ajoutees dans la pile: 7
Nombre de Tile traversees: 865  Distance est: 166
Nombre de Tile ajoutees dans la pile: 7
Nombre de Tile traversees: 866  Distance est: 166
Nombre de Tile ajoutees dans la pile: 7
Nombre de Tile traversees: 867  Distance est: 167
Nombre de Tile ajoutees dans la pile: 7
Nombre de Tile traversees: 868  Distance est: 167
Nombre de Tile ajoutees dans la pile: 6
Nombre de Tile traversees: 869  Distance est: 167
Nombre de Tile ajoutees dans la pile: 6
Nombre de Tile traversees: 870  Distance est: 167
Nombre de Tile ajoutees dans la pile: 6
Nombre de Tile traversees: 871  Distance est: 167
Nombre de Tile ajoutees dans la pile: 6
Nombre de Tile traversees: 872  Distance est: 167
Nombre de Tile ajoutees dans la pile: 6
Nombre de Tile traversees: 873  Distance est: 167
Nombre de Tile ajoutees dans la pile: 6
Nombre de Tile traversees: 874  Distance est: 168
Nombre de Tile ajoutees dans la pile: 5
Nombre de Tile traversees: 875  Distance est: 168
Nombre de Tile ajoutees dans la pile: 5
Nombre de Tile traversees: 876  Distance est: 168
Nombre de Tile ajoutees dans la pile: 5
Nombre de Tile traversees: 877  Distance est: 168
Nombre de Tile ajoutees dans la pile: 5
Nombre de Tile traversees: 878  Distance est: 168
Nombre de Tile ajoutees dans la pile: 5
Nombre de Tile traversees: 879  Distance est: 169
Nombre de Tile ajoutees dans la pile: 6
Nombre de Tile traversees: 880  Distance est: 169
Nombre de Tile ajoutees dans la pile: 6
Nombre de Tile traversees: 881  Distance est: 169
Nombre de Tile ajoutees dans la pile: 6
Nombre de Tile traversees: 882  Distance est: 169
Nombre de Tile ajoutees dans la pile: 6
Nombre de Tile traversees: 883  Distance est: 169
Nombre de Tile ajoutees dans la pile: 5
Nombre de Tile traversees: 884  Distance est: 169
Nombre de Tile ajoutees dans la pile: 6
Nombre de Tile traversees: 885  Distance est: 170
Nombre de Tile ajoutees dans la pile: 5
Nombre de Tile traversees: 886  Distance est: 170
Nombre de Tile ajoutees dans la pile: 5
Nombre de Tile traversees: 887  Distance est: 170
Nombre de Tile ajoutees dans la pile: 5
Nombre de Tile traversees: 888  Distance est: 170
Nombre de Tile ajoutees dans la pile: 5
Nombre de Tile traversees: 889  Distance est: 170
Nombre de Tile ajoutees dans la pile: 6
Nombre de Tile traversees: 890  Distance est: 171
Nombre de Tile ajoutees dans la pile: 5
Nombre de Tile traversees: 891  Distance est: 171
Nombre de Tile ajoutees dans la pile: 5
Nombre de Tile traversees: 892  Distance est: 171
Nombre de Tile ajoutees dans la pile: 5
Nombre de Tile traversees: 893  Distance est: 171
Nombre de Tile ajoutees dans la pile: 5
Nombre de Tile traversees: 894  Distance est: 171
Nombre de Tile ajoutees dans la pile: 5
Nombre de Tile traversees: 895  Distance est: 172
Nombre de Tile ajoutees dans la pile: 5
Nombre de Tile traversees: 896  Distance est: 172
Nombre de Tile ajoutees dans la pile: 5
Nombre de Tile traversees: 897  Distance est: 172
Nombre de Tile ajoutees dans la pile: 5
Nombre de Tile traversees: 898  Distance est: 172
Nombre de Tile ajoutees dans la pile: 5
Nombre de Tile traversees: 899  Distance est: 172
Nombre de Tile ajoutees dans la pile: 5
Nombre de Tile traversees: 900  Distance est: 173
Nombre de Tile ajoutees dans la pile: 5
Nombre de Tile traversees: 901  Distance est: 173
Nombre de Tile ajoutees dans la pile: 4
Nombre de Tile traversees: 902  Distance est: 173
Nombre de Tile ajoutees dans la pile: 4
Nombre de Tile traversees: 903  Distance est: 173
Nombre de Tile ajoutees dans la pile: 5
Nombre de Tile traversees: 904  Distance est: 173
Nombre de Tile ajoutees dans la pile: 5
Nombre de Tile traversees: 905  Distance est: 174
Nombre de Tile ajoutees dans la pile: 5
Nombre de Tile traversees: 906  Distance est: 174
Nombre de Tile ajoutees dans la pile: 5
Nombre de Tile traversees: 907  Distance est: 174
Nombre de Tile ajoutees dans la pile: 5
Nombre de Tile traversees: 908  Distance est: 174
Nombre de Tile ajoutees dans la pile: 5
Nombre de Tile traversees: 909  Distance est: 174
Nombre de Tile ajoutees dans la pile: 5
Nombre de Tile traversees: 910  Distance est: 175
Nombre de Tile ajoutees dans la pile: 5
Nombre de Tile traversees: 911  Distance est: 175
Nombre de Tile ajoutees dans la pile: 5
Nombre de Tile traversees: 912  Distance est: 175
Nombre de Tile ajoutees dans la pile: 5
Nombre de Tile traversees: 913  Distance est: 175
Nombre de Tile ajoutees dans la pile: 5
Nombre de Tile traversees: 914  Distance est: 175
Nombre de Tile ajoutees dans la pile: 4
Nombre de Tile traversees: 915  Distance est: 176
Nombre de Tile ajoutees dans la pile: 4
Nombre de Tile traversees: 916  Distance est: 176
Nombre de Tile ajoutees dans la pile: 4
Nombre de Tile traversees: 917  Distance est: 176
Nombre de Tile ajoutees dans la pile: 4
Nombre de Tile traversees: 918  Distance est: 176
Nombre de Tile ajoutees dans la pile: 5
Nombre de Tile traversees: 919  Distance est: 177
Nombre de Tile ajoutees dans la pile: 5
Nombre de Tile traversees: 920  Distance est: 177
Nombre de Tile ajoutees dans la pile: 5
Nombre de Tile traversees: 921  Distance est: 177
Nombre de Tile ajoutees dans la pile: 5
Nombre de Tile traversees: 922  Distance est: 177
Nombre de Tile ajoutees dans la pile: 6
Nombre de Tile traversees: 923  Distance est: 177
Nombre de Tile ajoutees dans la pile: 5
Nombre de Tile traversees: 924  Distance est: 178
Nombre de Tile ajoutees dans la pile: 5
Nombre de Tile traversees: 925  Distance est: 178
Nombre de Tile ajoutees dans la pile: 5
Nombre de Tile traversees: 926  Distance est: 178
Nombre de Tile ajoutees dans la pile: 5
Nombre de Tile traversees: 927  Distance est: 178
Nombre de Tile ajoutees dans la pile: 6
Nombre de Tile traversees: 928  Distance est: 178
Nombre de Tile ajoutees dans la pile: 5
Nombre de Tile traversees: 929  Distance est: 179
Nombre de Tile ajoutees dans la pile: 5
Nombre de Tile traversees: 930  Distance est: 179
Nombre de Tile ajoutees dans la pile: 5
Nombre de Tile traversees: 931  Distance est: 179
Nombre de Tile ajoutees dans la pile: 5
Nombre de Tile traversees: 932  Distance est: 179
Nombre de Tile ajoutees dans la pile: 5
Nombre de Tile traversees: 933  Distance est: 179
Nombre de Tile ajoutees dans la pile: 4
Nombre de Tile traversees: 934  Distance est: 180
Nombre de Tile ajoutees dans la pile: 4
Nombre de Tile traversees: 935  Distance est: 180
Nombre de Tile ajoutees dans la pile: 4
Nombre de Tile traversees: 936  Distance est: 180
Nombre de Tile ajoutees dans la pile: 4
Nombre de Tile traversees: 937  Distance est: 180
Nombre de Tile ajoutees dans la pile: 4
Nombre de Tile traversees: 938  Distance est: 181
Nombre de Tile ajoutees dans la pile: 4
Nombre de Tile traversees: 939  Distance est: 181
Nombre de Tile ajoutees dans la pile: 4
Nombre de Tile traversees: 940  Distance est: 181
Nombre de Tile ajoutees dans la pile: 4
Nombre de Tile traversees: 941  Distance est: 181
Nombre de Tile ajoutees dans la pile: 4
Nombre de Tile traversees: 942  Distance est: 182
Nombre de Tile ajoutees dans la pile: 4
Nombre de Tile traversees: 943  Distance est: 182
Nombre de Tile ajoutees dans la pile: 4
Nombre de Tile traversees: 944  Distance est: 182
Nombre de Tile ajoutees dans la pile: 4
Nombre de Tile traversees: 945  Distance est: 182
Nombre de Tile ajoutees dans la pile: 4
Nombre de Tile traversees: 946  Distance est: 183
Nombre de Tile ajoutees dans la pile: 4
Nombre de Tile traversees: 947  Distance est: 183
Nombre de Tile ajoutees dans la pile: 5
Nombre de Tile traversees: 948  Distance est: 183
Nombre de Tile ajoutees dans la pile: 5
Nombre de Tile traversees: 949  Distance est: 183
Nombre de Tile ajoutees dans la pile: 4
Nombre de Tile traversees: 950  Distance est: 184
Nombre de Tile ajoutees dans la pile: 4
Nombre de Tile traversees: 951  Distance est: 184
Nombre de Tile ajoutees dans la pile: 4
Nombre de Tile traversees: 952  Distance est: 184
Nombre de Tile ajoutees dans la pile: 4
Nombre de Tile traversees: 953  Distance est: 184
Nombre de Tile ajoutees dans la pile: 4
Nombre de Tile traversees: 954  Distance est: 185
Nombre de Tile ajoutees dans la pile: 4
Nombre de Tile traversees: 955  Distance est: 185
Nombre de Tile ajoutees dans la pile: 5
Nombre de Tile traversees: 956  Distance est: 185
Nombre de Tile ajoutees dans la pile: 5
Nombre de Tile traversees: 957  Distance est: 185
Nombre de Tile ajoutees dans la pile: 5
Nombre de Tile traversees: 958  Distance est: 186
Nombre de Tile ajoutees dans la pile: 5
Nombre de Tile traversees: 959  Distance est: 186
Nombre de Tile ajoutees dans la pile: 5
Nombre de Tile traversees: 960  Distance est: 186
Nombre de Tile ajoutees dans la pile: 5
Nombre de Tile traversees: 961  Distance est: 186
Nombre de Tile ajoutees dans la pile: 5
Nombre de Tile traversees: 962  Distance est: 186
Nombre de Tile ajoutees dans la pile: 5
Nombre de Tile traversees: 963  Distance est: 187
Nombre de Tile ajoutees dans la pile: 5
Nombre de Tile traversees: 964  Distance est: 187
Nombre de Tile ajoutees dans la pile: 5
Nombre de Tile traversees: 965  Distance est: 187
Nombre de Tile ajoutees dans la pile: 4
Nombre de Tile traversees: 966  Distance est: 187
Nombre de Tile ajoutees dans la pile: 4
Nombre de Tile traversees: 967  Distance est: 187
Nombre de Tile ajoutees dans la pile: 5
Nombre de Tile traversees: 968  Distance est: 188
Nombre de Tile ajoutees dans la pile: 5
Nombre de Tile traversees: 969  Distance est: 188
Nombre de Tile ajoutees dans la pile: 5
Nombre de Tile traversees: 970  Distance est: 188
Nombre de Tile ajoutees dans la pile: 5
Nombre de Tile traversees: 971  Distance est: 188
Nombre de Tile ajoutees dans la pile: 5
Nombre de Tile traversees: 972  Distance est: 188
Nombre de Tile ajoutees dans la pile: 5
Nombre de Tile traversees: 973  Distance est: 189
Nombre de Tile ajoutees dans la pile: 5
Nombre de Tile traversees: 974  Distance est: 189
Nombre de Tile ajoutees dans la pile: 5
Nombre de Tile traversees: 975  Distance est: 189
Nombre de Tile ajoutees dans la pile: 5
Nombre de Tile traversees: 976  Distance est: 189
Nombre de Tile ajoutees dans la pile: 5
Nombre de Tile traversees: 977  Distance est: 189
Nombre de Tile ajoutees dans la pile: 5
Nombre de Tile traversees: 978  Distance est: 190
Nombre de Tile ajoutees dans la pile: 5
Nombre de Tile traversees: 979  Distance est: 190
Nombre de Tile ajoutees dans la pile: 5
Nombre de Tile traversees: 980  Distance est: 190
Nombre de Tile ajoutees dans la pile: 5
Nombre de Tile traversees: 981  Distance est: 190
Nombre de Tile ajoutees dans la pile: 5
Nombre de Tile traversees: 982  Distance est: 190
Nombre de Tile ajoutees dans la pile: 5
Nombre de Tile traversees: 983  Distance est: 191
Nombre de Tile ajoutees dans la pile: 5
Nombre de Tile traversees: 984  Distance est: 191
Nombre de Tile ajoutees dans la pile: 5
Nombre de Tile traversees: 985  Distance est: 191
Nombre de Tile ajoutees dans la pile: 6
Nombre de Tile traversees: 986  Distance est: 191
Nombre de Tile ajoutees dans la pile: 6
Nombre de Tile traversees: 987  Distance est: 191
Nombre de Tile ajoutees dans la pile: 5
Nombre de Tile traversees: 988  Distance est: 192
Nombre de Tile ajoutees dans la pile: 5
Nombre de Tile traversees: 989  Distance est: 192
Nombre de Tile ajoutees dans la pile: 5
Nombre de Tile traversees: 990  Distance est: 192
Nombre de Tile ajoutees dans la pile: 5
Nombre de Tile traversees: 991  Distance est: 192
Nombre de Tile ajoutees dans la pile: 5
Nombre de Tile traversees: 992  Distance est: 192
Nombre de Tile ajoutees dans la pile: 5
Nombre de Tile traversees: 993  Distance est: 193
Nombre de Tile ajoutees dans la pile: 5
Nombre de Tile traversees: 994  Distance est: 193
Nombre de Tile ajoutees dans la pile: 5
Nombre de Tile traversees: 995  Distance est: 193
Nombre de Tile ajoutees dans la pile: 5
Nombre de Tile traversees: 996  Distance est: 193
Nombre de Tile ajoutees dans la pile: 5
Nombre de Tile traversees: 997  Distance est: 193
Nombre de Tile ajoutees dans la pile: 5
Nombre de Tile traversees: 998  Distance est: 194
Nombre de Tile ajoutees dans la pile: 5
Nombre de Tile traversees: 999  Distance est: 194
Nombre de Tile ajoutees dans la pile: 5
Nombre de Tile traversees: 1000  Distance est: 194
Nombre de Tile ajoutees dans la pile: 5
Nombre de Tile traversees: 1001  Distance est: 194
Nombre de Tile ajoutees dans la pile: 5
Nombre de Tile traversees: 1002  Distance est: 194
Nombre de Tile ajoutees dans la pile: 5
Nombre de Tile traversees: 1003  Distance est: 195
Nombre de Tile ajoutees dans la pile: 5
Nombre de Tile traversees: 1004  Distance est: 195
Nombre de Tile ajoutees dans la pile: 5
Nombre de Tile traversees: 1005  Distance est: 195
Nombre de Tile ajoutees dans la pile: 5
Nombre de Tile traversees: 1006  Distance est: 195
Nombre de Tile ajoutees dans la pile: 5
Nombre de Tile traversees: 1007  Distance est: 195
Nombre de Tile ajoutees dans la pile: 5
Nombre de Tile traversees: 1008  Distance est: 196
Nombre de Tile ajoutees dans la pile: 5
Nombre de Tile traversees: 1009  Distance est: 196
Nombre de Tile ajoutees dans la pile: 5
Nombre de Tile traversees: 1010  Distance est: 196
Nombre de Tile ajoutees dans la pile: 5
Nombre de Tile traversees: 1011  Distance est: 196
Nombre de Tile ajoutees dans la pile: 5
Nombre de Tile traversees: 1012  Distance est: 196
Nombre de Tile ajoutees dans la pile: 5
Nombre de Tile traversees: 1013  Distance est: 197
Nombre de Tile ajoutees dans la pile: 5
Nombre de Tile traversees: 1014  Distance est: 197
Nombre de Tile ajoutees dans la pile: 5
Nombre de Tile traversees: 1015  Distance est: 197
Nombre de Tile ajoutees dans la pile: 5
Nombre de Tile traversees: 1016  Distance est: 197
Nombre de Tile ajoutees dans la pile: 5
Nombre de Tile traversees: 1017  Distance est: 197
Nombre de Tile ajoutees dans la pile: 5
Nombre de Tile traversees: 1018  Distance est: 198
Nombre de Tile ajoutees dans la pile: 6
Nombre de Tile traversees: 1019  Distance est: 198
Nombre de Tile ajoutees dans la pile: 6
Nombre de Tile traversees: 1020  Distance est: 198
Nombre de Tile ajoutees dans la pile: 7
Nombre de Tile traversees: 1021  Distance est: 198
Nombre de Tile ajoutees dans la pile: 7
Nombre de Tile traversees: 1022  Distance est: 198
Nombre de Tile ajoutees dans la pile: 7
Nombre de Tile traversees: 1023  Distance est: 198
Nombre de Tile ajoutees dans la pile: 7
Nombre de Tile traversees: 1024  Distance est: 199
Nombre de Tile ajoutees dans la pile: 7
Nombre de Tile traversees: 1025  Distance est: 199
Nombre de Tile ajoutees dans la pile: 7
Nombre de Tile traversees: 1026  Distance est: 199
Nombre de Tile ajoutees dans la pile: 8
Nombre de Tile traversees: 1027  Distance est: 199
Nombre de Tile ajoutees dans la pile: 7
Nombre de Tile traversees: 1028  Distance est: 199
Nombre de Tile ajoutees dans la pile: 6
Nombre de Tile traversees: 1029  Distance est: 199
Nombre de Tile ajoutees dans la pile: 6
Nombre de Tile traversees: 1030  Distance est: 199
Nombre de Tile ajoutees dans la pile: 6
Nombre de Tile traversees: 1031  Distance est: 200
Nombre de Tile ajoutees dans la pile: 6
Nombre de Tile traversees: 1032  Distance est: 200
Nombre de Tile ajoutees dans la pile: 6
Nombre de Tile traversees: 1033  Distance est: 200
Nombre de Tile ajoutees dans la pile: 7
Nombre de Tile traversees: 1034  Distance est: 200
Nombre de Tile ajoutees dans la pile: 6
Nombre de Tile traversees: 1035  Distance est: 200
Nombre de Tile ajoutees dans la pile: 6
Nombre de Tile traversees: 1036  Distance est: 200
Nombre de Tile ajoutees dans la pile: 6
Nombre de Tile traversees: 1037  Distance est: 201
Nombre de Tile ajoutees dans la pile: 6
Nombre de Tile traversees: 1038  Distance est: 201
Nombre de Tile ajoutees dans la pile: 5
Nombre de Tile traversees: 1039  Distance est: 201
Nombre de Tile ajoutees dans la pile: 5
Nombre de Tile traversees: 1040  Distance est: 201
Nombre de Tile ajoutees dans la pile: 4
Nombre de Tile traversees: 1041  Distance est: 201
Nombre de Tile ajoutees dans la pile: 4
Nombre de Tile traversees: 1042  Distance est: 201
Nombre de Tile ajoutees dans la pile: 4
Nombre de Tile traversees: 1043  Distance est: 202
Nombre de Tile ajoutees dans la pile: 5
Nombre de Tile traversees: 1044  Distance est: 202
Nombre de Tile ajoutees dans la pile: 5
Nombre de Tile traversees: 1045  Distance est: 202
Nombre de Tile ajoutees dans la pile: 5
Nombre de Tile traversees: 1046  Distance est: 202
Nombre de Tile ajoutees dans la pile: 5
Nombre de Tile traversees: 1047  Distance est: 202
Nombre de Tile ajoutees dans la pile: 5
Nombre de Tile traversees: 1048  Distance est: 203
Nombre de Tile ajoutees dans la pile: 5
Nombre de Tile traversees: 1049  Distance est: 203
Nombre de Tile ajoutees dans la pile: 5
Nombre de Tile traversees: 1050  Distance est: 203
Nombre de Tile ajoutees dans la pile: 5
Nombre de Tile traversees: 1051  Distance est: 203
Nombre de Tile ajoutees dans la pile: 5
Nombre de Tile traversees: 1052  Distance est: 203
Nombre de Tile ajoutees dans la pile: 4
Nombre de Tile traversees: 1053  Distance est: 204
Nombre de Tile ajoutees dans la pile: 4
Nombre de Tile traversees: 1054  Distance est: 204
Nombre de Tile ajoutees dans la pile: 4
Nombre de Tile traversees: 1055  Distance est: 204
Nombre de Tile ajoutees dans la pile: 4
Nombre de Tile traversees: 1056  Distance est: 204
Nombre de Tile ajoutees dans la pile: 5
Nombre de Tile traversees: 1057  Distance est: 205
Nombre de Tile ajoutees dans la pile: 5
Nombre de Tile traversees: 1058  Distance est: 205
Nombre de Tile ajoutees dans la pile: 5
Nombre de Tile traversees: 1059  Distance est: 205
Nombre de Tile ajoutees dans la pile: 5
Nombre de Tile traversees: 1060  Distance est: 205
Nombre de Tile ajoutees dans la pile: 6
Nombre de Tile traversees: 1061  Distance est: 205
Nombre de Tile ajoutees dans la pile: 5
Nombre de Tile traversees: 1062  Distance est: 206
Nombre de Tile ajoutees dans la pile: 5
Nombre de Tile traversees: 1063  Distance est: 206
Nombre de Tile ajoutees dans la pile: 5
Nombre de Tile traversees: 1064  Distance est: 206
Nombre de Tile ajoutees dans la pile: 5
Nombre de Tile traversees: 1065  Distance est: 206
Nombre de Tile ajoutees dans la pile: 6
Nombre de Tile traversees: 1066  Distance est: 206
Nombre de Tile ajoutees dans la pile: 5
Nombre de Tile traversees: 1067  Distance est: 207
Nombre de Tile ajoutees dans la pile: 5
Nombre de Tile traversees: 1068  Distance est: 207
Nombre de Tile ajoutees dans la pile: 5
Nombre de Tile traversees: 1069  Distance est: 207
Nombre de Tile ajoutees dans la pile: 5
Nombre de Tile traversees: 1070  Distance est: 207
Nombre de Tile ajoutees dans la pile: 4
Nombre de Tile traversees: 1071  Distance est: 207
Nombre de Tile ajoutees dans la pile: 3
Nombre de Tile traversees: 1072  Distance est: 208
Nombre de Tile ajoutees dans la pile: 4
Nombre de Tile traversees: 1073  Distance est: 208
Nombre de Tile ajoutees dans la pile: 4
Nombre de Tile traversees: 1074  Distance est: 208
Nombre de Tile ajoutees dans la pile: 4
Nombre de Tile traversees: 1075  Distance est: 208
Nombre de Tile ajoutees dans la pile: 4
Nombre de Tile traversees: 1076  Distance est: 209
Nombre de Tile ajoutees dans la pile: 4
Nombre de Tile traversees: 1077  Distance est: 209
Nombre de Tile ajoutees dans la pile: 4
Nombre de Tile traversees: 1078  Distance est: 209
Nombre de Tile ajoutees dans la pile: 4
Nombre de Tile traversees: 1079  Distance est: 209
Nombre de Tile ajoutees dans la pile: 4
Nombre de Tile traversees: 1080  Distance est: 210
Nombre de Tile ajoutees dans la pile: 5
Nombre de Tile traversees: 1081  Distance est: 210
Nombre de Tile ajoutees dans la pile: 5
Nombre de Tile traversees: 1082  Distance est: 210
Nombre de Tile ajoutees dans la pile: 5
Nombre de Tile traversees: 1083  Distance est: 210
Nombre de Tile ajoutees dans la pile: 5
Nombre de Tile traversees: 1084  Distance est: 210
Nombre de Tile ajoutees dans la pile: 5
Nombre de Tile traversees: 1085  Distance est: 211
Nombre de Tile ajoutees dans la pile: 5
Nombre de Tile traversees: 1086  Distance est: 211
Nombre de Tile ajoutees dans la pile: 5
Nombre de Tile traversees: 1087  Distance est: 211
Nombre de Tile ajoutees dans la pile: 4
Nombre de Tile traversees: 1088  Distance est: 211
Nombre de Tile ajoutees dans la pile: 4
Nombre de Tile traversees: 1089  Distance est: 211
Nombre de Tile ajoutees dans la pile: 4
Nombre de Tile traversees: 1090  Distance est: 212
Nombre de Tile ajoutees dans la pile: 4
Nombre de Tile traversees: 1091  Distance est: 212
Nombre de Tile ajoutees dans la pile: 4
Nombre de Tile traversees: 1092  Distance est: 212
Nombre de Tile ajoutees dans la pile: 4
Nombre de Tile traversees: 1093  Distance est: 212
Nombre de Tile ajoutees dans la pile: 4
Nombre de Tile traversees: 1094  Distance est: 213
Nombre de Tile ajoutees dans la pile: 4
Nombre de Tile traversees: 1095  Distance est: 213
Nombre de Tile ajoutees dans la pile: 5
Nombre de Tile traversees: 1096  Distance est: 213
Nombre de Tile ajoutees dans la pile: 5
Nombre de Tile traversees: 1097  Distance est: 213
Nombre de Tile ajoutees dans la pile: 6
Nombre de Tile traversees: 1098  Distance est: 214
Nombre de Tile ajoutees dans la pile: 5
Nombre de Tile traversees: 1099  Distance est: 214
Nombre de Tile ajoutees dans la pile: 5
Nombre de Tile traversees: 1100  Distance est: 214
Nombre de Tile ajoutees dans la pile: 6
Nombre de Tile traversees: 1101  Distance est: 214
Nombre de Tile ajoutees dans la pile: 6
Nombre de Tile traversees: 1102  Distance est: 214
Nombre de Tile ajoutees dans la pile: 6
Nombre de Tile traversees: 1103  Distance est: 215
Nombre de Tile ajoutees dans la pile: 6
Nombre de Tile traversees: 1104  Distance est: 215
Nombre de Tile ajoutees dans la pile: 6
Nombre de Tile traversees: 1105  Distance est: 215
Nombre de Tile ajoutees dans la pile: 7
Nombre de Tile traversees: 1106  Distance est: 215
Nombre de Tile ajoutees dans la pile: 7
Nombre de Tile traversees: 1107  Distance est: 215
Nombre de Tile ajoutees dans la pile: 7
Nombre de Tile traversees: 1108  Distance est: 215
Nombre de Tile ajoutees dans la pile: 7
Nombre de Tile traversees: 1109  Distance est: 216
Nombre de Tile ajoutees dans la pile: 7
Nombre de Tile traversees: 1110  Distance est: 216
Nombre de Tile ajoutees dans la pile: 7
Nombre de Tile traversees: 1111  Distance est: 216
Nombre de Tile ajoutees dans la pile: 8
Nombre de Tile traversees: 1112  Distance est: 216
Nombre de Tile ajoutees dans la pile: 7
Nombre de Tile traversees: 1113  Distance est: 216
Nombre de Tile ajoutees dans la pile: 8
Nombre de Tile traversees: 1114  Distance est: 216
Nombre de Tile ajoutees dans la pile: 8
Nombre de Tile traversees: 1115  Distance est: 216
Nombre de Tile ajoutees dans la pile: 8
Nombre de Tile traversees: 1116  Distance est: 217
Nombre de Tile ajoutees dans la pile: 8
Nombre de Tile traversees: 1117  Distance est: 217
Nombre de Tile ajoutees dans la pile: 8
Nombre de Tile traversees: 1118  Distance est: 217
Nombre de Tile ajoutees dans la pile: 8
Nombre de Tile traversees: 1119  Distance est: 217
Nombre de Tile ajoutees dans la pile: 7
Nombre de Tile traversees: 1120  Distance est: 217
Nombre de Tile ajoutees dans la pile: 8
Nombre de Tile traversees: 1121  Distance est: 217
Nombre de Tile ajoutees dans la pile: 8
Nombre de Tile traversees: 1122  Distance est: 217
Nombre de Tile ajoutees dans la pile: 8
Nombre de Tile traversees: 1123  Distance est: 217
Nombre de Tile ajoutees dans la pile: 7
Nombre de Tile traversees: 1124  Distance est: 218
Nombre de Tile ajoutees dans la pile: 7
Nombre de Tile traversees: 1125  Distance est: 218
Nombre de Tile ajoutees dans la pile: 7
Nombre de Tile traversees: 1126  Distance est: 218
Nombre de Tile ajoutees dans la pile: 7
Nombre de Tile traversees: 1127  Distance est: 218
Nombre de Tile ajoutees dans la pile: 8
Nombre de Tile traversees: 1128  Distance est: 218
Nombre de Tile ajoutees dans la pile: 7
Nombre de Tile traversees: 1129  Distance est: 218
Nombre de Tile ajoutees dans la pile: 7
Nombre de Tile traversees: 1130  Distance est: 218
Nombre de Tile ajoutees dans la pile: 7
Nombre de Tile traversees: 1131  Distance est: 219
Nombre de Tile ajoutees dans la pile: 7
Nombre de Tile traversees: 1132  Distance est: 219
Nombre de Tile ajoutees dans la pile: 7
Nombre de Tile traversees: 1133  Distance est: 219
Nombre de Tile ajoutees dans la pile: 6
Nombre de Tile traversees: 1134  Distance est: 219
Nombre de Tile ajoutees dans la pile: 6
Nombre de Tile traversees: 1135  Distance est: 219
Nombre de Tile ajoutees dans la pile: 5
Nombre de Tile traversees: 1136  Distance est: 219
Nombre de Tile ajoutees dans la pile: 4
Nombre de Tile traversees: 1137  Distance est: 219
Nombre de Tile ajoutees dans la pile: 4
Nombre de Tile traversees: 1138  Distance est: 220
Nombre de Tile ajoutees dans la pile: 4
Nombre de Tile traversees: 1139  Distance est: 220
Nombre de Tile ajoutees dans la pile: 4
Nombre de Tile traversees: 1140  Distance est: 220
Nombre de Tile ajoutees dans la pile: 4
Nombre de Tile traversees: 1141  Distance est: 220
Nombre de Tile ajoutees dans la pile: 4
Nombre de Tile traversees: 1142  Distance est: 221
Nombre de Tile ajoutees dans la pile: 4
Nombre de Tile traversees: 1143  Distance est: 221
Nombre de Tile ajoutees dans la pile: 4
Nombre de Tile traversees: 1144  Distance est: 221
Nombre de Tile ajoutees dans la pile: 4
Nombre de Tile traversees: 1145  Distance est: 221
Nombre de Tile ajoutees dans la pile: 4
Nombre de Tile traversees: 1146  Distance est: 222
Nombre de Tile ajoutees dans la pile: 5
Nombre de Tile traversees: 1147  Distance est: 222
Nombre de Tile ajoutees dans la pile: 5
Nombre de Tile traversees: 1148  Distance est: 222
Nombre de Tile ajoutees dans la pile: 5
Nombre de Tile traversees: 1149  Distance est: 222
Nombre de Tile ajoutees dans la pile: 5
Nombre de Tile traversees: 1150  Distance est: 222
Nombre de Tile ajoutees dans la pile: 5
Nombre de Tile traversees: 1151  Distance est: 223
Nombre de Tile ajoutees dans la pile: 5
Nombre de Tile traversees: 1152  Distance est: 223
Nombre de Tile ajoutees dans la pile: 5
Nombre de Tile traversees: 1153  Distance est: 223
Nombre de Tile ajoutees dans la pile: 5
Nombre de Tile traversees: 1154  Distance est: 223
Nombre de Tile ajoutees dans la pile: 5
Nombre de Tile traversees: 1155  Distance est: 223
Nombre de Tile ajoutees dans la pile: 5
Nombre de Tile traversees: 1156  Distance est: 224
Nombre de Tile ajoutees dans la pile: 5
Nombre de Tile traversees: 1157  Distance est: 224
Nombre de Tile ajoutees dans la pile: 5
Nombre de Tile traversees: 1158  Distance est: 224
Nombre de Tile ajoutees dans la pile: 5
Nombre de Tile traversees: 1159  Distance est: 224
Nombre de Tile ajoutees dans la pile: 5
Nombre de Tile traversees: 1160  Distance est: 224
Nombre de Tile ajoutees dans la pile: 5
Nombre de Tile traversees: 1161  Distance est: 225
Nombre de Tile ajoutees dans la pile: 5
Nombre de Tile traversees: 1162  Distance est: 225
Nombre de Tile ajoutees dans la pile: 5
Nombre de Tile traversees: 1163  Distance est: 225
Nombre de Tile ajoutees dans la pile: 5
Nombre de Tile traversees: 1164  Distance est: 225
Nombre de Tile ajoutees dans la pile: 6
Nombre de Tile traversees: 1165  Distance est: 225
Nombre de Tile ajoutees dans la pile: 6
Nombre de Tile traversees: 1166  Distance est: 226
Nombre de Tile ajoutees dans la pile: 5
Nombre de Tile traversees: 1167  Distance est: 226
Nombre de Tile ajoutees dans la pile: 5
Nombre de Tile traversees: 1168  Distance est: 226
Nombre de Tile ajoutees dans la pile: 5
Nombre de Tile traversees: 1169  Distance est: 226
Nombre de Tile ajoutees dans la pile: 6
Nombre de Tile traversees: 1170  Distance est: 226
Nombre de Tile ajoutees dans la pile: 6
Nombre de Tile traversees: 1171  Distance est: 227
Nombre de Tile ajoutees dans la pile: 6
Nombre de Tile traversees: 1172  Distance est: 227
Nombre de Tile ajoutees dans la pile: 7
Nombre de Tile traversees: 1173  Distance est: 227
Nombre de Tile ajoutees dans la pile: 6
Nombre de Tile traversees: 1174  Distance est: 227
Nombre de Tile ajoutees dans la pile: 7
Nombre de Tile traversees: 1175  Distance est: 227
Nombre de Tile ajoutees dans la pile: 6
Nombre de Tile traversees: 1176  Distance est: 227
Nombre de Tile ajoutees dans la pile: 6
Nombre de Tile traversees: 1177  Distance est: 228
Nombre de Tile ajoutees dans la pile: 6
Nombre de Tile traversees: 1178  Distance est: 228
Nombre de Tile ajoutees dans la pile: 6
Nombre de Tile traversees: 1179  Distance est: 228
Nombre de Tile ajoutees dans la pile: 7
Nombre de Tile traversees: 1180  Distance est: 228
Nombre de Tile ajoutees dans la pile: 8
Nombre de Tile traversees: 1181  Distance est: 228
Nombre de Tile ajoutees dans la pile: 8
Nombre de Tile traversees: 1182  Distance est: 228
Nombre de Tile ajoutees dans la pile: 8
Nombre de Tile traversees: 1183  Distance est: 229
Nombre de Tile ajoutees dans la pile: 8
Nombre de Tile traversees: 1184  Distance est: 229
Nombre de Tile ajoutees dans la pile: 8
Nombre de Tile traversees: 1185  Distance est: 229
Nombre de Tile ajoutees dans la pile: 9
Nombre de Tile traversees: 1186  Distance est: 229
Nombre de Tile ajoutees dans la pile: 8
Nombre de Tile traversees: 1187  Distance est: 229
Nombre de Tile ajoutees dans la pile: 8
Nombre de Tile traversees: 1188  Distance est: 229
Nombre de Tile ajoutees dans la pile: 7
Nombre de Tile traversees: 1189  Distance est: 229
Nombre de Tile ajoutees dans la pile: 7
Nombre de Tile traversees: 1190  Distance est: 229
Nombre de Tile ajoutees dans la pile: 7
Nombre de Tile traversees: 1191  Distance est: 230
Nombre de Tile ajoutees dans la pile: 7
Nombre de Tile traversees: 1192  Distance est: 230
Nombre de Tile ajoutees dans la pile: 7
Nombre de Tile traversees: 1193  Distance est: 230
Nombre de Tile ajoutees dans la pile: 8
Nombre de Tile traversees: 1194  Distance est: 230
Nombre de Tile ajoutees dans la pile: 7
Nombre de Tile traversees: 1195  Distance est: 230
Nombre de Tile ajoutees dans la pile: 7
Nombre de Tile traversees: 1196  Distance est: 230
Nombre de Tile ajoutees dans la pile: 7
Nombre de Tile traversees: 1197  Distance est: 230
Nombre de Tile ajoutees dans la pile: 7
Nombre de Tile traversees: 1198  Distance est: 231
Nombre de Tile ajoutees dans la pile: 7
Nombre de Tile traversees: 1199  Distance est: 231
Nombre de Tile ajoutees dans la pile: 7
Nombre de Tile traversees: 1200  Distance est: 231
Nombre de Tile ajoutees dans la pile: 7
Nombre de Tile traversees: 1201  Distance est: 231
Nombre de Tile ajoutees dans la pile: 6
Nombre de Tile traversees: 1202  Distance est: 231
Nombre de Tile ajoutees dans la pile: 6
Nombre de Tile traversees: 1203  Distance est: 231
Nombre de Tile ajoutees dans la pile: 6
Nombre de Tile traversees: 1204  Distance est: 231
Nombre de Tile ajoutees dans la pile: 6
Nombre de Tile traversees: 1205  Distance est: 232
Nombre de Tile ajoutees dans la pile: 6
Nombre de Tile traversees: 1206  Distance est: 232
Nombre de Tile ajoutees dans la pile: 6
Nombre de Tile traversees: 1207  Distance est: 232
Nombre de Tile ajoutees dans la pile: 6
Nombre de Tile traversees: 1208  Distance est: 232
Nombre de Tile ajoutees dans la pile: 6
Nombre de Tile traversees: 1209  Distance est: 232
Nombre de Tile ajoutees dans la pile: 6
Nombre de Tile traversees: 1210  Distance est: 232
Nombre de Tile ajoutees dans la pile: 6
Nombre de Tile traversees: 1211  Distance est: 233
Nombre de Tile ajoutees dans la pile: 6
Nombre de Tile traversees: 1212  Distance est: 233
Nombre de Tile ajoutees dans la pile: 6
Nombre de Tile traversees: 1213  Distance est: 233
Nombre de Tile ajoutees dans la pile: 6
Nombre de Tile traversees: 1214  Distance est: 233
Nombre de Tile ajoutees dans la pile: 6
Nombre de Tile traversees: 1215  Distance est: 233
Nombre de Tile ajoutees dans la pile: 5
Nombre de Tile traversees: 1216  Distance est: 233
Nombre de Tile ajoutees dans la pile: 5
Nombre de Tile traversees: 1217  Distance est: 234
Nombre de Tile ajoutees dans la pile: 5
Nombre de Tile traversees: 1218  Distance est: 234
Nombre de Tile ajoutees dans la pile: 5
Nombre de Tile traversees: 1219  Distance est: 234
Nombre de Tile ajoutees dans la pile: 5
Nombre de Tile traversees: 1220  Distance est: 234
Nombre de Tile ajoutees dans la pile: 5
Nombre de Tile traversees: 1221  Distance est: 234
Nombre de Tile ajoutees dans la pile: 5
Nombre de Tile traversees: 1222  Distance est: 235
Nombre de Tile ajoutees dans la pile: 5
Nombre de Tile traversees: 1223  Distance est: 235
Nombre de Tile ajoutees dans la pile: 5
Nombre de Tile traversees: 1224  Distance est: 235
Nombre de Tile ajoutees dans la pile: 5
Nombre de Tile traversees: 1225  Distance est: 235
Nombre de Tile ajoutees dans la pile: 5
Nombre de Tile traversees: 1226  Distance est: 235
Nombre de Tile ajoutees dans la pile: 5
Nombre de Tile traversees: 1227  Distance est: 236
Nombre de Tile ajoutees dans la pile: 5
Nombre de Tile traversees: 1228  Distance est: 236
Nombre de Tile ajoutees dans la pile: 5
Nombre de Tile traversees: 1229  Distance est: 236
Nombre de Tile ajoutees dans la pile: 5
Nombre de Tile traversees: 1230  Distance est: 236
Nombre de Tile ajoutees dans la pile: 5
Nombre de Tile traversees: 1231  Distance est: 236
Nombre de Tile ajoutees dans la pile: 5
Nombre de Tile traversees: 1232  Distance est: 237
Nombre de Tile ajoutees dans la pile: 5
Nombre de Tile traversees: 1233  Distance est: 237
Nombre de Tile ajoutees dans la pile: 4
Nombre de Tile traversees: 1234  Distance est: 237
Nombre de Tile ajoutees dans la pile: 3
Nombre de Tile traversees: 1235  Distance est: 237
Nombre de Tile ajoutees dans la pile: 3
Nombre de Tile traversees: 1236  Distance est: 237
Nombre de Tile ajoutees dans la pile: 2
Nombre de Tile traversees: 1237  Distance est: 238
Nombre de Tile ajoutees dans la pile: 3
Nombre de Tile traversees: 1238  Distance est: 238
Nombre de Tile ajoutees dans la pile: 3
Nombre de Tile traversees: 1239  Distance est: 238
Nombre de Tile ajoutees dans la pile: 3
Nombre de Tile traversees: 1240  Distance est: 239
Nombre de Tile ajoutees dans la pile: 3
Nombre de Tile traversees: 1241  Distance est: 239
Nombre de Tile ajoutees dans la pile: 2
Nombre de Tile traversees: 1242  Distance est: 239
Nombre de Tile ajoutees dans la pile: 2
Nombre de Tile traversees: 1243  Distance est: 240
Nombre de Tile ajoutees dans la pile: 2
Nombre de Tile traversees: 1244  Distance est: 240
Nombre de Tile ajoutees dans la pile: 2
Nombre de Tile traversees: 1245  Distance est: 241
Nombre de Tile ajoutees dans la pile: 2
Nombre de Tile traversees: 1246  Distance est: 241
Nombre de Tile ajoutees dans la pile: 3
Nombre de Tile traversees: 1247  Distance est: 242
Nombre de Tile ajoutees dans la pile: 3
Nombre de Tile traversees: 1248  Distance est: 242
Nombre de Tile ajoutees dans la pile: 3
Nombre de Tile traversees: 1249  Distance est: 242
Nombre de Tile ajoutees dans la pile: 3
Nombre de Tile traversees: 1250  Distance est: 243
Nombre de Tile ajoutees dans la pile: 4
Nombre de Tile traversees: 1251  Distance est: 243
Nombre de Tile ajoutees dans la pile: 4
Nombre de Tile traversees: 1252  Distance est: 243
Nombre de Tile ajoutees dans la pile: 4
Nombre de Tile traversees: 1253  Distance est: 243
Nombre de Tile ajoutees dans la pile: 5
Nombre de Tile traversees: 1254  Distance est: 244
Nombre de Tile ajoutees dans la pile: 5
Nombre de Tile traversees: 1255  Distance est: 244
Nombre de Tile ajoutees dans la pile: 5
Nombre de Tile traversees: 1256  Distance est: 244
Nombre de Tile ajoutees dans la pile: 5
Nombre de Tile traversees: 1257  Distance est: 244
Nombre de Tile ajoutees dans la pile: 6
Nombre de Tile traversees: 1258  Distance est: 244
Nombre de Tile ajoutees dans la pile: 5
Nombre de Tile traversees: 1259  Distance est: 245
Nombre de Tile ajoutees dans la pile: 5
Nombre de Tile traversees: 1260  Distance est: 245
Nombre de Tile ajoutees dans la pile: 4
Nombre de Tile traversees: 1261  Distance est: 245
Nombre de Tile ajoutees dans la pile: 4
Nombre de Tile traversees: 1262  Distance est: 245
Nombre de Tile ajoutees dans la pile: 4
Nombre de Tile traversees: 1263  Distance est: 245
Nombre de Tile ajoutees dans la pile: 3
Nombre de Tile traversees: 1264  Distance est: 246
Nombre de Tile ajoutees dans la pile: 3
Nombre de Tile traversees: 1265  Distance est: 246
Nombre de Tile ajoutees dans la pile: 3
Nombre de Tile traversees: 1266  Distance est: 246
Nombre de Tile ajoutees dans la pile: 3
Nombre de Tile traversees: 1267  Distance est: 247
Nombre de Tile ajoutees dans la pile: 3
Nombre de Tile traversees: 1268  Distance est: 247
Nombre de Tile ajoutees dans la pile: 2
Nombre de Tile traversees: 1269  Distance est: 247
Nombre de Tile ajoutees dans la pile: 2
Nombre de Tile traversees: 1270  Distance est: 248
Nombre de Tile ajoutees dans la pile: 2
Nombre de Tile traversees: 1271  Distance est: 248
Nombre de Tile ajoutees dans la pile: 2
Nombre de Tile traversees: 1272  Distance est: 249
Nombre de Tile ajoutees dans la pile: 2
Nombre de Tile traversees: 1273  Distance est: 249
Nombre de Tile ajoutees dans la pile: 2
Nombre de Tile traversees: 1274  Distance est: 250
Nombre de Tile ajoutees dans la pile: 2
Nombre de Tile traversees: 1275  Distance est: 250
Nombre de Tile ajoutees dans la pile: 2
Nombre de Tile traversees: 1276  Distance est: 251
Nombre de Tile ajoutees dans la pile: 3
Nombre de Tile traversees: 1277  Distance est: 251
Nombre de Tile ajoutees dans la pile: 3
Nombre de Tile traversees: 1278  Distance est: 251
Nombre de Tile ajoutees dans la pile: 4
Nombre de Tile traversees: 1279  Distance est: 252
Nombre de Tile ajoutees dans la pile: 3
Nombre de Tile traversees: 1280  Distance est: 252
Nombre de Tile ajoutees dans la pile: 3
Nombre de Tile traversees: 1281  Distance est: 252
Nombre de Tile ajoutees dans la pile: 4
Nombre de Tile traversees: 1282  Distance est: 253
Nombre de Tile ajoutees dans la pile: 3
Nombre de Tile traversees: 1283  Distance est: 253
Nombre de Tile ajoutees dans la pile: 2
Nombre de Tile traversees: 1284  Distance est: 253
Nombre de Tile ajoutees dans la pile: 1
Nombre de Tile traversees: 1285  Distance est: 254
Nombre de Tile ajoutees dans la pile: 1
Nombre de Tile traversees: 1  Distance est: 0
Nombre de Tile ajoutees dans la pile: 1
Nombre de Tile traversees: 2  Distance est: 1
Nombre de Tile ajoutees dans la pile: 2
Nombre de Tile traversees: 3  Distance est: 1
Nombre de Tile ajoutees dans la pile: 2
Nombre de Tile traversees: 4  Distance est: 2
Nombre de Tile ajoutees dans la pile: 2
Nombre de Tile traversees: 5  Distance est: 2
Nombre de Tile ajoutees dans la pile: 2
Nombre de Tile traversees: 6  Distance est: 3
Nombre de Tile ajoutees dans la pile: 2
Nombre de Tile traversees: 7  Distance est: 3
Nombre de Tile ajoutees dans la pile: 2
Nombre de Tile traversees: 8  Distance est: 4
Nombre de Tile ajoutees dans la pile: 2
Nombre de Tile traversees: 9  Distance est: 4
Nombre de Tile ajoutees dans la pile: 2
Nombre de Tile traversees: 10  Distance est: 5
Nombre de Tile ajoutees dans la pile: 2
Nombre de Tile traversees: 11  Distance est: 5
Nombre de Tile ajoutees dans la pile: 2
Nombre de Tile traversees: 12  Distance est: 6
Nombre de Tile ajoutees dans la pile: 2
Nombre de Tile traversees: 13  Distance est: 6
Nombre de Tile ajoutees dans la pile: 2
Nombre de Tile traversees: 14  Distance est: 7
Nombre de Tile ajoutees dans la pile: 2
Nombre de Tile traversees: 15  Distance est: 7
Nombre de Tile ajoutees dans la pile: 2
Nombre de Tile traversees: 16  Distance est: 8
Nombre de Tile ajoutees dans la pile: 2
Nombre de Tile traversees: 17  Distance est: 8
Nombre de Tile ajoutees dans la pile: 2
Nombre de Tile traversees: 18  Distance est: 9
Nombre de Tile ajoutees dans la pile: 2
Nombre de Tile traversees: 19  Distance est: 9
Nombre de Tile ajoutees dans la pile: 2
Nombre de Tile traversees: 20  Distance est: 10
Nombre de Tile ajoutees dans la pile: 2
Nombre de Tile traversees: 21  Distance est: 10
Nombre de Tile ajoutees dans la pile: 2
Nombre de Tile traversees: 22  Distance est: 11
Nombre de Tile ajoutees dans la pile: 2
Nombre de Tile traversees: 23  Distance est: 11
Nombre de Tile ajoutees dans la pile: 2
Nombre de Tile traversees: 24  Distance est: 12
Nombre de Tile ajoutees dans la pile: 3
Nombre de Tile traversees: 25  Distance est: 12
Nombre de Tile ajoutees dans la pile: 4
Nombre de Tile traversees: 26  Distance est: 12
Nombre de Tile ajoutees dans la pile: 4
Nombre de Tile traversees: 27  Distance est: 13
Nombre de Tile ajoutees dans la pile: 4
Nombre de Tile traversees: 28  Distance est: 13
Nombre de Tile ajoutees dans la pile: 5
Nombre de Tile traversees: 29  Distance est: 13
Nombre de Tile ajoutees dans la pile: 4
Nombre de Tile traversees: 30  Distance est: 13
Nombre de Tile ajoutees dans la pile: 5
Nombre de Tile traversees: 31  Distance est: 14
Nombre de Tile ajoutees dans la pile: 5
Nombre de Tile traversees: 32  Distance est: 14
Nombre de Tile ajoutees dans la pile: 6
Nombre de Tile traversees: 33  Distance est: 14
Nombre de Tile ajoutees dans la pile: 5
Nombre de Tile traversees: 34  Distance est: 14
Nombre de Tile ajoutees dans la pile: 6
Nombre de Tile traversees: 35  Distance est: 14
Nombre de Tile ajoutees dans la pile: 6
Nombre de Tile traversees: 36  Distance est: 15
Nombre de Tile ajoutees dans la pile: 6
Nombre de Tile traversees: 37  Distance est: 15
Nombre de Tile ajoutees dans la pile: 6
Nombre de Tile traversees: 38  Distance est: 15
Nombre de Tile ajoutees dans la pile: 5
Nombre de Tile traversees: 39  Distance est: 15
Nombre de Tile ajoutees dans la pile: 6
Nombre de Tile traversees: 40  Distance est: 15
Nombre de Tile ajoutees dans la pile: 5
Nombre de Tile traversees: 41  Distance est: 15
Nombre de Tile ajoutees dans la pile: 5
Nombre de Tile traversees: 42  Distance est: 16
Nombre de Tile ajoutees dans la pile: 4
Nombre de Tile traversees: 43  Distance est: 16
Nombre de Tile ajoutees dans la pile: 4
Nombre de Tile traversees: 44  Distance est: 16
Nombre de Tile ajoutees dans la pile: 5
Nombre de Tile traversees: 45  Distance est: 16
Nombre de Tile ajoutees dans la pile: 5
Nombre de Tile traversees: 46  Distance est: 17
Nombre de Tile ajoutees dans la pile: 5
Nombre de Tile traversees: 47  Distance est: 17
Nombre de Tile ajoutees dans la pile: 5
Nombre de Tile traversees: 48  Distance est: 17
Nombre de Tile ajoutees dans la pile: 6
Nombre de Tile traversees: 49  Distance est: 17
Nombre de Tile ajoutees dans la pile: 5
Nombre de Tile traversees: 50  Distance est: 17
Nombre de Tile ajoutees dans la pile: 4
Nombre de Tile traversees: 51  Distance est: 18
Nombre de Tile ajoutees dans la pile: 3
Nombre de Tile traversees: 52  Distance est: 18
Nombre de Tile ajoutees dans la pile: 3
Nombre de Tile traversees: 53  Distance est: 18
Nombre de Tile ajoutees dans la pile: 3
Nombre de Tile traversees: 54  Distance est: 19
Nombre de Tile ajoutees dans la pile: 3
Nombre de Tile traversees: 55  Distance est: 19
Nombre de Tile ajoutees dans la pile: 3
Nombre de Tile traversees: 56  Distance est: 19
Nombre de Tile ajoutees dans la pile: 4
Nombre de Tile traversees: 57  Distance est: 20
Nombre de Tile ajoutees dans la pile: 4
Nombre de Tile traversees: 58  Distance est: 20
Nombre de Tile ajoutees dans la pile: 4
Nombre de Tile traversees: 59  Distance est: 20
Nombre de Tile ajoutees dans la pile: 4
Nombre de Tile traversees: 60  Distance est: 20
Nombre de Tile ajoutees dans la pile: 4
Nombre de Tile traversees: 61  Distance est: 21
Nombre de Tile ajoutees dans la pile: 4
Nombre de Tile traversees: 62  Distance est: 21
Nombre de Tile ajoutees dans la pile: 4
Nombre de Tile traversees: 63  Distance est: 21
Nombre de Tile ajoutees dans la pile: 4
Nombre de Tile traversees: 64  Distance est: 21
Nombre de Tile ajoutees dans la pile: 4
Nombre de Tile traversees: 65  Distance est: 22
Nombre de Tile ajoutees dans la pile: 4
Nombre de Tile traversees: 66  Distance est: 22
Nombre de Tile ajoutees dans la pile: 4
Nombre de Tile traversees: 67  Distance est: 22
Nombre de Tile ajoutees dans la pile: 4
Nombre de Tile traversees: 68  Distance est: 22
Nombre de Tile ajoutees dans la pile: 4
Nombre de Tile traversees: 69  Distance est: 23
Nombre de Tile ajoutees dans la pile: 4
Nombre de Tile traversees: 70  Distance est: 23
Nombre de Tile ajoutees dans la pile: 5
Nombre de Tile traversees: 71  Distance est: 23
Nombre de Tile ajoutees dans la pile: 4
Nombre de Tile traversees: 72  Distance est: 23
Nombre de Tile ajoutees dans la pile: 4
Nombre de Tile traversees: 73  Distance est: 24
Nombre de Tile ajoutees dans la pile: 4
Nombre de Tile traversees: 74  Distance est: 24
Nombre de Tile ajoutees dans la pile: 4
Nombre de Tile traversees: 75  Distance est: 24
Nombre de Tile ajoutees dans la pile: 4
Nombre de Tile traversees: 76  Distance est: 24
Nombre de Tile ajoutees dans la pile: 4
Nombre de Tile traversees: 77  Distance est: 25
Nombre de Tile ajoutees dans la pile: 4
Nombre de Tile traversees: 78  Distance est: 25
Nombre de Tile ajoutees dans la pile: 4
Nombre de Tile traversees: 79  Distance est: 25
Nombre de Tile ajoutees dans la pile: 4
Nombre de Tile traversees: 80  Distance est: 25
Nombre de Tile ajoutees dans la pile: 4
Nombre de Tile traversees: 81  Distance est: 26
Nombre de Tile ajoutees dans la pile: 4
Nombre de Tile traversees: 82  Distance est: 26
Nombre de Tile ajoutees dans la pile: 4
Nombre de Tile traversees: 83  Distance est: 26
Nombre de Tile ajoutees dans la pile: 5
Nombre de Tile traversees: 84  Distance est: 26
Nombre de Tile ajoutees dans la pile: 5
Nombre de Tile traversees: 85  Distance est: 27
Nombre de Tile ajoutees dans la pile: 5
Nombre de Tile traversees: 86  Distance est: 27
Nombre de Tile ajoutees dans la pile: 5
Nombre de Tile traversees: 87  Distance est: 27
Nombre de Tile ajoutees dans la pile: 6
Nombre de Tile traversees: 88  Distance est: 27
Nombre de Tile ajoutees dans la pile: 5
Nombre de Tile traversees: 89  Distance est: 27
Nombre de Tile ajoutees dans la pile: 5
Nombre de Tile traversees: 90  Distance est: 28
Nombre de Tile ajoutees dans la pile: 5
Nombre de Tile traversees: 91  Distance est: 28
Nombre de Tile ajoutees dans la pile: 5
Nombre de Tile traversees: 92  Distance est: 28
Nombre de Tile ajoutees dans la pile: 6
Nombre de Tile traversees: 93  Distance est: 28
Nombre de Tile ajoutees dans la pile: 5
Nombre de Tile traversees: 94  Distance est: 28
Nombre de Tile ajoutees dans la pile: 5
Nombre de Tile traversees: 95  Distance est: 29
Nombre de Tile ajoutees dans la pile: 5
Nombre de Tile traversees: 96  Distance est: 29
Nombre de Tile ajoutees dans la pile: 5
Nombre de Tile traversees: 97  Distance est: 29
Nombre de Tile ajoutees dans la pile: 5
Nombre de Tile traversees: 98  Distance est: 29
Nombre de Tile ajoutees dans la pile: 5
Nombre de Tile traversees: 99  Distance est: 29
Nombre de Tile ajoutees dans la pile: 5
Nombre de Tile traversees: 100  Distance est: 30
Nombre de Tile ajoutees dans la pile: 5
Nombre de Tile traversees: 101  Distance est: 30
Nombre de Tile ajoutees dans la pile: 5
Nombre de Tile traversees: 102  Distance est: 30
Nombre de Tile ajoutees dans la pile: 5
Nombre de Tile traversees: 103  Distance est: 30
Nombre de Tile ajoutees dans la pile: 5
Nombre de Tile traversees: 104  Distance est: 30
Nombre de Tile ajoutees dans la pile: 5
Nombre de Tile traversees: 105  Distance est: 31
Nombre de Tile ajoutees dans la pile: 6
Nombre de Tile traversees: 106  Distance est: 31
Nombre de Tile ajoutees dans la pile: 7
Nombre de Tile traversees: 107  Distance est: 31
Nombre de Tile ajoutees dans la pile: 7
Nombre de Tile traversees: 108  Distance est: 31
Nombre de Tile ajoutees dans la pile: 7
Nombre de Tile traversees: 109  Distance est: 31
Nombre de Tile ajoutees dans la pile: 7
Nombre de Tile traversees: 110  Distance est: 31
Nombre de Tile ajoutees dans la pile: 8
Nombre de Tile traversees: 111  Distance est: 32
Nombre de Tile ajoutees dans la pile: 7
Nombre de Tile traversees: 112  Distance est: 32
Nombre de Tile ajoutees dans la pile: 7
Nombre de Tile traversees: 113  Distance est: 32
Nombre de Tile ajoutees dans la pile: 7
Nombre de Tile traversees: 114  Distance est: 32
Nombre de Tile ajoutees dans la pile: 7
Nombre de Tile traversees: 115  Distance est: 32
Nombre de Tile ajoutees dans la pile: 7
Nombre de Tile traversees: 116  Distance est: 32
Nombre de Tile ajoutees dans la pile: 7
Nombre de Tile traversees: 117  Distance est: 32
Nombre de Tile ajoutees dans la pile: 8
Nombre de Tile traversees: 118  Distance est: 33
Nombre de Tile ajoutees dans la pile: 7
Nombre de Tile traversees: 119  Distance est: 33
Nombre de Tile ajoutees dans la pile: 7
Nombre de Tile traversees: 120  Distance est: 33
Nombre de Tile ajoutees dans la pile: 7
Nombre de Tile traversees: 121  Distance est: 33
Nombre de Tile ajoutees dans la pile: 7
Nombre de Tile traversees: 122  Distance est: 33
Nombre de Tile ajoutees dans la pile: 7
Nombre de Tile traversees: 123  Distance est: 33
Nombre de Tile ajoutees dans la pile: 7
Nombre de Tile traversees: 124  Distance est: 33
Nombre de Tile ajoutees dans la pile: 7
Nombre de Tile traversees: 125  Distance est: 34
Nombre de Tile ajoutees dans la pile: 6
Nombre de Tile traversees: 126  Distance est: 34
Nombre de Tile ajoutees dans la pile: 6
Nombre de Tile traversees: 127  Distance est: 34
Nombre de Tile ajoutees dans la pile: 6
Nombre de Tile traversees: 128  Distance est: 34
Nombre de Tile ajoutees dans la pile: 6
Nombre de Tile traversees: 129  Distance est: 34
Nombre de Tile ajoutees dans la pile: 6
Nombre de Tile traversees: 130  Distance est: 34
Nombre de Tile ajoutees dans la pile: 6
Nombre de Tile traversees: 131  Distance est: 35
Nombre de Tile ajoutees dans la pile: 6
Nombre de Tile traversees: 132  Distance est: 35
Nombre de Tile ajoutees dans la pile: 6
Nombre de Tile traversees: 133  Distance est: 35
Nombre de Tile ajoutees dans la pile: 6
Nombre de Tile traversees: 134  Distance est: 35
Nombre de Tile ajoutees dans la pile: 6
Nombre de Tile traversees: 135  Distance est: 35
Nombre de Tile ajoutees dans la pile: 5
Nombre de Tile traversees: 136  Distance est: 35
Nombre de Tile ajoutees dans la pile: 5
Nombre de Tile traversees: 137  Distance est: 36
Nombre de Tile ajoutees dans la pile: 5
Nombre de Tile traversees: 138  Distance est: 36
Nombre de Tile ajoutees dans la pile: 5
Nombre de Tile traversees: 139  Distance est: 36
Nombre de Tile ajoutees dans la pile: 5
Nombre de Tile traversees: 140  Distance est: 36
Nombre de Tile ajoutees dans la pile: 5
Nombre de Tile traversees: 141  Distance est: 36
Nombre de Tile ajoutees dans la pile: 5
Nombre de Tile traversees: 142  Distance est: 37
Nombre de Tile ajoutees dans la pile: 5
Nombre de Tile traversees: 143  Distance est: 37
Nombre de Tile ajoutees dans la pile: 5
Nombre de Tile traversees: 144  Distance est: 37
Nombre de Tile ajoutees dans la pile: 6
Nombre de Tile traversees: 145  Distance est: 37
Nombre de Tile ajoutees dans la pile: 6
Nombre de Tile traversees: 146  Distance est: 37
Nombre de Tile ajoutees dans la pile: 6
Nombre de Tile traversees: 147  Distance est: 38
Nombre de Tile ajoutees dans la pile: 6
Nombre de Tile traversees: 148  Distance est: 38
Nombre de Tile ajoutees dans la pile: 6
Nombre de Tile traversees: 149  Distance est: 38
Nombre de Tile ajoutees dans la pile: 6
Nombre de Tile traversees: 150  Distance est: 38
Nombre de Tile ajoutees dans la pile: 6
Nombre de Tile traversees: 151  Distance est: 38
Nombre de Tile ajoutees dans la pile: 6
Nombre de Tile traversees: 152  Distance est: 38
Nombre de Tile ajoutees dans la pile: 7
Nombre de Tile traversees: 153  Distance est: 39
Nombre de Tile ajoutees dans la pile: 7
Nombre de Tile traversees: 154  Distance est: 39
Nombre de Tile ajoutees dans la pile: 7
Nombre de Tile traversees: 155  Distance est: 39
Nombre de Tile ajoutees dans la pile: 7
Nombre de Tile traversees: 156  Distance est: 39
Nombre de Tile ajoutees dans la pile: 7
Nombre de Tile traversees: 157  Distance est: 39
Nombre de Tile ajoutees dans la pile: 7
Nombre de Tile traversees: 158  Distance est: 39
Nombre de Tile ajoutees dans la pile: 8
Nombre de Tile traversees: 159  Distance est: 39
Nombre de Tile ajoutees dans la pile: 7
Nombre de Tile traversees: 160  Distance est: 40
Nombre de Tile ajoutees dans la pile: 7
Nombre de Tile traversees: 161  Distance est: 40
Nombre de Tile ajoutees dans la pile: 7
Nombre de Tile traversees: 162  Distance est: 40
Nombre de Tile ajoutees dans la pile: 7
Nombre de Tile traversees: 163  Distance est: 40
Nombre de Tile ajoutees dans la pile: 8
Nombre de Tile traversees: 164  Distance est: 40
Nombre de Tile ajoutees dans la pile: 8
Nombre de Tile traversees: 165  Distance est: 40
Nombre de Tile ajoutees dans la pile: 9
Nombre de Tile traversees: 166  Distance est: 40
Nombre de Tile ajoutees dans la pile: 8
Nombre de Tile traversees: 167  Distance est: 41
Nombre de Tile ajoutees dans la pile: 8
Nombre de Tile traversees: 168  Distance est: 41
Nombre de Tile ajoutees dans la pile: 8
Nombre de Tile traversees: 169  Distance est: 41
Nombre de Tile ajoutees dans la pile: 7
Nombre de Tile traversees: 170  Distance est: 41
Nombre de Tile ajoutees dans la pile: 8
Nombre de Tile traversees: 171  Distance est: 41
Nombre de Tile ajoutees dans la pile: 8
Nombre de Tile traversees: 172  Distance est: 41
Nombre de Tile ajoutees dans la pile: 8
Nombre de Tile traversees: 173  Distance est: 41
Nombre de Tile ajoutees dans la pile: 7
Nombre de Tile traversees: 174  Distance est: 41
Nombre de Tile ajoutees dans la pile: 7
Nombre de Tile traversees: 175  Distance est: 42
Nombre de Tile ajoutees dans la pile: 7
Nombre de Tile traversees: 176  Distance est: 42
Nombre de Tile ajoutees dans la pile: 7
Nombre de Tile traversees: 177  Distance est: 42
Nombre de Tile ajoutees dans la pile: 8
Nombre de Tile traversees: 178  Distance est: 42
Nombre de Tile ajoutees dans la pile: 7
Nombre de Tile traversees: 179  Distance est: 42
Nombre de Tile ajoutees dans la pile: 7
Nombre de Tile traversees: 180  Distance est: 42
Nombre de Tile ajoutees dans la pile: 7
Nombre de Tile traversees: 181  Distance est: 42
Nombre de Tile ajoutees dans la pile: 7
Nombre de Tile traversees: 182  Distance est: 43
Nombre de Tile ajoutees dans la pile: 7
Nombre de Tile traversees: 183  Distance est: 43
Nombre de Tile ajoutees dans la pile: 7
Nombre de Tile traversees: 184  Distance est: 43
Nombre de Tile ajoutees dans la pile: 6
Nombre de Tile traversees: 185  Distance est: 43
Nombre de Tile ajoutees dans la pile: 5
Nombre de Tile traversees: 186  Distance est: 43
Nombre de Tile ajoutees dans la pile: 6
Nombre de Tile traversees: 187  Distance est: 43
Nombre de Tile ajoutees dans la pile: 6
Nombre de Tile traversees: 188  Distance est: 43
Nombre de Tile ajoutees dans la pile: 6
Nombre de Tile traversees: 189  Distance est: 44
Nombre de Tile ajoutees dans la pile: 5
Nombre de Tile traversees: 190  Distance est: 44
Nombre de Tile ajoutees dans la pile: 5
Nombre de Tile traversees: 191  Distance est: 44
Nombre de Tile ajoutees dans la pile: 5
Nombre de Tile traversees: 192  Distance est: 44
Nombre de Tile ajoutees dans la pile: 5
Nombre de Tile traversees: 193  Distance est: 44
Nombre de Tile ajoutees dans la pile: 5
Nombre de Tile traversees: 194  Distance est: 45
Nombre de Tile ajoutees dans la pile: 5
Nombre de Tile traversees: 195  Distance est: 45
Nombre de Tile ajoutees dans la pile: 6
Nombre de Tile traversees: 196  Distance est: 45
Nombre de Tile ajoutees dans la pile: 7
Nombre de Tile traversees: 197  Distance est: 45
Nombre de Tile ajoutees dans la pile: 6
Nombre de Tile traversees: 198  Distance est: 45
Nombre de Tile ajoutees dans la pile: 6
Nombre de Tile traversees: 199  Distance est: 46
Nombre de Tile ajoutees dans la pile: 6
Nombre de Tile traversees: 200  Distance est: 46
Nombre de Tile ajoutees dans la pile: 6
Nombre de Tile traversees: 201  Distance est: 46
Nombre de Tile ajoutees dans la pile: 6
Nombre de Tile traversees: 202  Distance est: 46
Nombre de Tile ajoutees dans la pile: 6
Nombre de Tile traversees: 203  Distance est: 46
Nombre de Tile ajoutees dans la pile: 6
Nombre de Tile traversees: 204  Distance est: 46
Nombre de Tile ajoutees dans la pile: 6
Nombre de Tile traversees: 205  Distance est: 47
Nombre de Tile ajoutees dans la pile: 6
Nombre de Tile traversees: 206  Distance est: 47
Nombre de Tile ajoutees dans la pile: 6
Nombre de Tile traversees: 207  Distance est: 47
Nombre de Tile ajoutees dans la pile: 6
Nombre de Tile traversees: 208  Distance est: 47
Nombre de Tile ajoutees dans la pile: 6
Nombre de Tile traversees: 209  Distance est: 47
Nombre de Tile ajoutees dans la pile: 5
Nombre de Tile traversees: 210  Distance est: 47
Nombre de Tile ajoutees dans la pile: 4
Nombre de Tile traversees: 211  Distance est: 48
Nombre de Tile ajoutees dans la pile: 4
Nombre de Tile traversees: 212  Distance est: 48
Nombre de Tile ajoutees dans la pile: 4
Nombre de Tile traversees: 213  Distance est: 48
Nombre de Tile ajoutees dans la pile: 4
Nombre de Tile traversees: 214  Distance est: 48
Nombre de Tile ajoutees dans la pile: 4
Nombre de Tile traversees: 215  Distance est: 49
Nombre de Tile ajoutees dans la pile: 4
Nombre de Tile traversees: 216  Distance est: 49
Nombre de Tile ajoutees dans la pile: 3
Nombre de Tile traversees: 217  Distance est: 49
Nombre de Tile ajoutees dans la pile: 4
Nombre de Tile traversees: 218  Distance est: 49
Nombre de Tile ajoutees dans la pile: 4
Nombre de Tile traversees: 219  Distance est: 50
Nombre de Tile ajoutees dans la pile: 4
Nombre de Tile traversees: 220  Distance est: 50
Nombre de Tile ajoutees dans la pile: 4
Nombre de Tile traversees: 221  Distance est: 50
Nombre de Tile ajoutees dans la pile: 4
Nombre de Tile traversees: 222  Distance est: 50
Nombre de Tile ajoutees dans la pile: 4
Nombre de Tile traversees: 223  Distance est: 51
Nombre de Tile ajoutees dans la pile: 4
Nombre de Tile traversees: 224  Distance est: 51
Nombre de Tile ajoutees dans la pile: 4
Nombre de Tile traversees: 225  Distance est: 51
Nombre de Tile ajoutees dans la pile: 4
Nombre de Tile traversees: 226  Distance est: 51
Nombre de Tile ajoutees dans la pile: 4
Nombre de Tile traversees: 227  Distance est: 52
Nombre de Tile ajoutees dans la pile: 4
Nombre de Tile traversees: 228  Distance est: 52
Nombre de Tile ajoutees dans la pile: 4
Nombre de Tile traversees: 229  Distance est: 52
Nombre de Tile ajoutees dans la pile: 4
Nombre de Tile traversees: 230  Distance est: 52
Nombre de Tile ajoutees dans la pile: 4
Nombre de Tile traversees: 231  Distance est: 53
Nombre de Tile ajoutees dans la pile: 4
Nombre de Tile traversees: 232  Distance est: 53
Nombre de Tile ajoutees dans la pile: 5
Nombre de Tile traversees: 233  Distance est: 53
Nombre de Tile ajoutees dans la pile: 4
Nombre de Tile traversees: 234  Distance est: 53
Nombre de Tile ajoutees dans la pile: 4
Nombre de Tile traversees: 235  Distance est: 54
Nombre de Tile ajoutees dans la pile: 4
Nombre de Tile traversees: 236  Distance est: 54
Nombre de Tile ajoutees dans la pile: 4
Nombre de Tile traversees: 237  Distance est: 54
Nombre de Tile ajoutees dans la pile: 4
Nombre de Tile traversees: 238  Distance est: 54
Nombre de Tile ajoutees dans la pile: 4
Nombre de Tile traversees: 239  Distance est: 55
Nombre de Tile ajoutees dans la pile: 4
Nombre de Tile traversees: 240  Distance est: 55
Nombre de Tile ajoutees dans la pile: 3
Nombre de Tile traversees: 241  Distance est: 55
Nombre de Tile ajoutees dans la pile: 3
Nombre de Tile traversees: 242  Distance est: 55
Nombre de Tile ajoutees dans la pile: 4
Nombre de Tile traversees: 243  Distance est: 56
Nombre de Tile ajoutees dans la pile: 4
Nombre de Tile traversees: 244  Distance est: 56
Nombre de Tile ajoutees dans la pile: 4
Nombre de Tile traversees: 245  Distance est: 56
Nombre de Tile ajoutees dans la pile: 4
Nombre de Tile traversees: 246  Distance est: 56
Nombre de Tile ajoutees dans la pile: 4
Nombre de Tile traversees: 247  Distance est: 57
Nombre de Tile ajoutees dans la pile: 4
Nombre de Tile traversees: 248  Distance est: 57
Nombre de Tile ajoutees dans la pile: 4
Nombre de Tile traversees: 249  Distance est: 57
Nombre de Tile ajoutees dans la pile: 4
Nombre de Tile traversees: 250  Distance est: 57
Nombre de Tile ajoutees dans la pile: 4
Nombre de Tile traversees: 251  Distance est: 58
Nombre de Tile ajoutees dans la pile: 4
Nombre de Tile traversees: 252  Distance est: 58
Nombre de Tile ajoutees dans la pile: 4
Nombre de Tile traversees: 253  Distance est: 58
Nombre de Tile ajoutees dans la pile: 4
Nombre de Tile traversees: 254  Distance est: 58
Nombre de Tile ajoutees dans la pile: 4
Nombre de Tile traversees: 255  Distance est: 59
Nombre de Tile ajoutees dans la pile: 4
Nombre de Tile traversees: 256  Distance est: 59
Nombre de Tile ajoutees dans la pile: 4
Nombre de Tile traversees: 257  Distance est: 59
Nombre de Tile ajoutees dans la pile: 4
Nombre de Tile traversees: 258  Distance est: 59
Nombre de Tile ajoutees dans la pile: 3
Nombre de Tile traversees: 259  Distance est: 60
Nombre de Tile ajoutees dans la pile: 4
Nombre de Tile traversees: 260  Distance est: 60
Nombre de Tile ajoutees dans la pile: 4
Nombre de Tile traversees: 261  Distance est: 60
Nombre de Tile ajoutees dans la pile: 4
Nombre de Tile traversees: 262  Distance est: 60
Nombre de Tile ajoutees dans la pile: 4
Nombre de Tile traversees: 263  Distance est: 61
Nombre de Tile ajoutees dans la pile: 4
Nombre de Tile traversees: 264  Distance est: 61
Nombre de Tile ajoutees dans la pile: 4
Nombre de Tile traversees: 265  Distance est: 61
Nombre de Tile ajoutees dans la pile: 4
Nombre de Tile traversees: 266  Distance est: 61
Nombre de Tile ajoutees dans la pile: 3
Nombre de Tile traversees: 267  Distance est: 62
Nombre de Tile ajoutees dans la pile: 3
Nombre de Tile traversees: 268  Distance est: 62
Nombre de Tile ajoutees dans la pile: 3
Nombre de Tile traversees: 269  Distance est: 62
Nombre de Tile ajoutees dans la pile: 3
Nombre de Tile traversees: 270  Distance est: 63
Nombre de Tile ajoutees dans la pile: 3
Nombre de Tile traversees: 271  Distance est: 63
Nombre de Tile ajoutees dans la pile: 4
Nombre de Tile traversees: 272  Distance est: 63
Nombre de Tile ajoutees dans la pile: 4
Nombre de Tile traversees: 273  Distance est: 64
Nombre de Tile ajoutees dans la pile: 5
Nombre de Tile traversees: 274  Distance est: 64
Nombre de Tile ajoutees dans la pile: 5
Nombre de Tile traversees: 275  Distance est: 64
Nombre de Tile ajoutees dans la pile: 5
Nombre de Tile traversees: 276  Distance est: 64
Nombre de Tile ajoutees dans la pile: 5
Nombre de Tile traversees: 277  Distance est: 64
Nombre de Tile ajoutees dans la pile: 5
Nombre de Tile traversees: 278  Distance est: 65
Nombre de Tile ajoutees dans la pile: 5
Nombre de Tile traversees: 279  Distance est: 65
Nombre de Tile ajoutees dans la pile: 6
Nombre de Tile traversees: 280  Distance est: 65
Nombre de Tile ajoutees dans la pile: 5
Nombre de Tile traversees: 281  Distance est: 65
Nombre de Tile ajoutees dans la pile: 5
Nombre de Tile traversees: 282  Distance est: 65
Nombre de Tile ajoutees dans la pile: 5
Nombre de Tile traversees: 283  Distance est: 66
Nombre de Tile ajoutees dans la pile: 5
Nombre de Tile traversees: 284  Distance est: 66
Nombre de Tile ajoutees dans la pile: 5
Nombre de Tile traversees: 285  Distance est: 66
Nombre de Tile ajoutees dans la pile: 5
Nombre de Tile traversees: 286  Distance est: 66
Nombre de Tile ajoutees dans la pile: 6
Nombre de Tile traversees: 287  Distance est: 66
Nombre de Tile ajoutees dans la pile: 6
Nombre de Tile traversees: 288  Distance est: 67
Nombre de Tile ajoutees dans la pile: 6
Nombre de Tile traversees: 289  Distance est: 67
Nombre de Tile ajoutees dans la pile: 5
Nombre de Tile traversees: 290  Distance est: 67
Nombre de Tile ajoutees dans la pile: 5
Nombre de Tile traversees: 291  Distance est: 67
Nombre de Tile ajoutees dans la pile: 6
Nombre de Tile traversees: 292  Distance est: 67
Nombre de Tile ajoutees dans la pile: 6
Nombre de Tile traversees: 293  Distance est: 67
Nombre de Tile ajoutees dans la pile: 6
Nombre de Tile traversees: 294  Distance est: 68
Nombre de Tile ajoutees dans la pile: 6
Nombre de Tile traversees: 295  Distance est: 68
Nombre de Tile ajoutees dans la pile: 6
Nombre de Tile traversees: 296  Distance est: 68
Nombre de Tile ajoutees dans la pile: 7
Nombre de Tile traversees: 297  Distance est: 68
Nombre de Tile ajoutees dans la pile: 6
Nombre de Tile traversees: 298  Distance est: 68
Nombre de Tile ajoutees dans la pile: 6
Nombre de Tile traversees: 299  Distance est: 68
Nombre de Tile ajoutees dans la pile: 6
Nombre de Tile traversees: 300  Distance est: 69
Nombre de Tile ajoutees dans la pile: 6
Nombre de Tile traversees: 301  Distance est: 69
Nombre de Tile ajoutees dans la pile: 6
Nombre de Tile traversees: 302  Distance est: 69
Nombre de Tile ajoutees dans la pile: 6
Nombre de Tile traversees: 303  Distance est: 69
Nombre de Tile ajoutees dans la pile: 5
Nombre de Tile traversees: 304  Distance est: 69
Nombre de Tile ajoutees dans la pile: 5
Nombre de Tile traversees: 305  Distance est: 69
Nombre de Tile ajoutees dans la pile: 4
Nombre de Tile traversees: 306  Distance est: 70
Nombre de Tile ajoutees dans la pile: 4
Nombre de Tile traversees: 307  Distance est: 70
Nombre de Tile ajoutees dans la pile: 4
Nombre de Tile traversees: 308  Distance est: 70
Nombre de Tile ajoutees dans la pile: 4
Nombre de Tile traversees: 309  Distance est: 70
Nombre de Tile ajoutees dans la pile: 4
Nombre de Tile traversees: 310  Distance est: 71
Nombre de Tile ajoutees dans la pile: 4
Nombre de Tile traversees: 311  Distance est: 71
Nombre de Tile ajoutees dans la pile: 4
Nombre de Tile traversees: 312  Distance est: 71
Nombre de Tile ajoutees dans la pile: 4
Nombre de Tile traversees: 313  Distance est: 71
Nombre de Tile ajoutees dans la pile: 4
Nombre de Tile traversees: 314  Distance est: 72
Nombre de Tile ajoutees dans la pile: 4
Nombre de Tile traversees: 315  Distance est: 72
Nombre de Tile ajoutees dans la pile: 4
Nombre de Tile traversees: 316  Distance est: 72
Nombre de Tile ajoutees dans la pile: 4
Nombre de Tile traversees: 317  Distance est: 72
Nombre de Tile ajoutees dans la pile: 4
Nombre de Tile traversees: 318  Distance est: 73
Nombre de Tile ajoutees dans la pile: 4
Nombre de Tile traversees: 319  Distance est: 73
Nombre de Tile ajoutees dans la pile: 4
Nombre de Tile traversees: 320  Distance est: 73
Nombre de Tile ajoutees dans la pile: 4
Nombre de Tile traversees: 321  Distance est: 73
Nombre de Tile ajoutees dans la pile: 4
Nombre de Tile traversees: 322  Distance est: 74
Nombre de Tile ajoutees dans la pile: 4
Nombre de Tile traversees: 323  Distance est: 74
Nombre de Tile ajoutees dans la pile: 4
Nombre de Tile traversees: 324  Distance est: 74
Nombre de Tile ajoutees dans la pile: 4
Nombre de Tile traversees: 325  Distance est: 74
Nombre de Tile ajoutees dans la pile: 4
Nombre de Tile traversees: 326  Distance est: 75
Nombre de Tile ajoutees dans la pile: 4
Nombre de Tile traversees: 327  Distance est: 75
Nombre de Tile ajoutees dans la pile: 4
Nombre de Tile traversees: 328  Distance est: 75
Nombre de Tile ajoutees dans la pile: 5
Nombre de Tile traversees: 329  Distance est: 75
Nombre de Tile ajoutees dans la pile: 5
Nombre de Tile traversees: 330  Distance est: 76
Nombre de Tile ajoutees dans la pile: 5
Nombre de Tile traversees: 331  Distance est: 76
Nombre de Tile ajoutees dans la pile: 5
Nombre de Tile traversees: 332  Distance est: 76
Nombre de Tile ajoutees dans la pile: 5
Nombre de Tile traversees: 333  Distance est: 76
Nombre de Tile ajoutees dans la pile: 5
Nombre de Tile traversees: 334  Distance est: 76
Nombre de Tile ajoutees dans la pile: 5
Nombre de Tile traversees: 335  Distance est: 77
Nombre de Tile ajoutees dans la pile: 5
Nombre de Tile traversees: 336  Distance est: 77
Nombre de Tile ajoutees dans la pile: 5
Nombre de Tile traversees: 337  Distance est: 77
Nombre de Tile ajoutees dans la pile: 6
Nombre de Tile traversees: 338  Distance est: 77
Nombre de Tile ajoutees dans la pile: 6
Nombre de Tile traversees: 339  Distance est: 77
Nombre de Tile ajoutees dans la pile: 6
Nombre de Tile traversees: 340  Distance est: 78
Nombre de Tile ajoutees dans la pile: 6
Nombre de Tile traversees: 341  Distance est: 78
Nombre de Tile ajoutees dans la pile: 6
Nombre de Tile traversees: 342  Distance est: 78
Nombre de Tile ajoutees dans la pile: 6
Nombre de Tile traversees: 343  Distance est: 78
Nombre de Tile ajoutees dans la pile: 6
Nombre de Tile traversees: 344  Distance est: 78
Nombre de Tile ajoutees dans la pile: 6
Nombre de Tile traversees: 345  Distance est: 78
Nombre de Tile ajoutees dans la pile: 6
Nombre de Tile traversees: 346  Distance est: 79
Nombre de Tile ajoutees dans la pile: 6
Nombre de Tile traversees: 347  Distance est: 79
Nombre de Tile ajoutees dans la pile: 7
Nombre de Tile traversees: 348  Distance est: 79
Nombre de Tile ajoutees dans la pile: 6
Nombre de Tile traversees: 349  Distance est: 79
Nombre de Tile ajoutees dans la pile: 6
Nombre de Tile traversees: 350  Distance est: 79
Nombre de Tile ajoutees dans la pile: 6
Nombre de Tile traversees: 351  Distance est: 79
Nombre de Tile ajoutees dans la pile: 6
Nombre de Tile traversees: 352  Distance est: 80
Nombre de Tile ajoutees dans la pile: 7
Nombre de Tile traversees: 353  Distance est: 80
Nombre de Tile ajoutees dans la pile: 7
Nombre de Tile traversees: 354  Distance est: 80
Nombre de Tile ajoutees dans la pile: 7
Nombre de Tile traversees: 355  Distance est: 80
Nombre de Tile ajoutees dans la pile: 7
Nombre de Tile traversees: 356  Distance est: 80
Nombre de Tile ajoutees dans la pile: 7
Nombre de Tile traversees: 357  Distance est: 80
Nombre de Tile ajoutees dans la pile: 7
Nombre de Tile traversees: 358  Distance est: 80
Nombre de Tile ajoutees dans la pile: 7
Nombre de Tile traversees: 359  Distance est: 81
Nombre de Tile ajoutees dans la pile: 7
Nombre de Tile traversees: 360  Distance est: 81
Nombre de Tile ajoutees dans la pile: 8
Nombre de Tile traversees: 361  Distance est: 81
Nombre de Tile ajoutees dans la pile: 8
Nombre de Tile traversees: 362  Distance est: 81
Nombre de Tile ajoutees dans la pile: 8
Nombre de Tile traversees: 363  Distance est: 81
Nombre de Tile ajoutees dans la pile: 8
Nombre de Tile traversees: 364  Distance est: 81
Nombre de Tile ajoutees dans la pile: 8
Nombre de Tile traversees: 365  Distance est: 81
Nombre de Tile ajoutees dans la pile: 8
Nombre de Tile traversees: 366  Distance est: 82
Nombre de Tile ajoutees dans la pile: 8
Nombre de Tile traversees: 367  Distance est: 82
Nombre de Tile ajoutees dans la pile: 8
Nombre de Tile traversees: 368  Distance est: 82
Nombre de Tile ajoutees dans la pile: 8
Nombre de Tile traversees: 369  Distance est: 82
Nombre de Tile ajoutees dans la pile: 8
Nombre de Tile traversees: 370  Distance est: 82
Nombre de Tile ajoutees dans la pile: 8
Nombre de Tile traversees: 371  Distance est: 82
Nombre de Tile ajoutees dans la pile: 8
Nombre de Tile traversees: 372  Distance est: 82
Nombre de Tile ajoutees dans la pile: 9
Nombre de Tile traversees: 373  Distance est: 82
Nombre de Tile ajoutees dans la pile: 9
Nombre de Tile traversees: 374  Distance est: 83
Nombre de Tile ajoutees dans la pile: 9
Nombre de Tile traversees: 375  Distance est: 83
Nombre de Tile ajoutees dans la pile: 8
Nombre de Tile traversees: 376  Distance est: 83
Nombre de Tile ajoutees dans la pile: 8
Nombre de Tile traversees: 377  Distance est: 83
Nombre de Tile ajoutees dans la pile: 9
Nombre de Tile traversees: 378  Distance est: 83
Nombre de Tile ajoutees dans la pile: 9
Nombre de Tile traversees: 379  Distance est: 83
Nombre de Tile ajoutees dans la pile: 9
Nombre de Tile traversees: 380  Distance est: 83
Nombre de Tile ajoutees dans la pile: 10
Nombre de Tile traversees: 381  Distance est: 83
Nombre de Tile ajoutees dans la pile: 9
Nombre de Tile traversees: 382  Distance est: 83
Nombre de Tile ajoutees dans la pile: 9
Nombre de Tile traversees: 383  Distance est: 84
Nombre de Tile ajoutees dans la pile: 10
Nombre de Tile traversees: 384  Distance est: 84
Nombre de Tile ajoutees dans la pile: 10
Nombre de Tile traversees: 385  Distance est: 84
Nombre de Tile ajoutees dans la pile: 10
Nombre de Tile traversees: 386  Distance est: 84
Nombre de Tile ajoutees dans la pile: 10
Nombre de Tile traversees: 387  Distance est: 84
Nombre de Tile ajoutees dans la pile: 10
Nombre de Tile traversees: 388  Distance est: 84
Nombre de Tile ajoutees dans la pile: 10
Nombre de Tile traversees: 389  Distance est: 84
Nombre de Tile ajoutees dans la pile: 11
Nombre de Tile traversees: 390  Distance est: 84
Nombre de Tile ajoutees dans la pile: 10
Nombre de Tile traversees: 391  Distance est: 84
Nombre de Tile ajoutees dans la pile: 10
Nombre de Tile traversees: 392  Distance est: 84
Nombre de Tile ajoutees dans la pile: 10
Nombre de Tile traversees: 393  Distance est: 85
Nombre de Tile ajoutees dans la pile: 10
Nombre de Tile traversees: 394  Distance est: 85
Nombre de Tile ajoutees dans la pile: 10
Nombre de Tile traversees: 395  Distance est: 85
Nombre de Tile ajoutees dans la pile: 10
Nombre de Tile traversees: 396  Distance est: 85
Nombre de Tile ajoutees dans la pile: 10
Nombre de Tile traversees: 397  Distance est: 85
Nombre de Tile ajoutees dans la pile: 10
Nombre de Tile traversees: 398  Distance est: 85
Nombre de Tile ajoutees dans la pile: 10
Nombre de Tile traversees: 399  Distance est: 85
Nombre de Tile ajoutees dans la pile: 9
Nombre de Tile traversees: 400  Distance est: 85
Nombre de Tile ajoutees dans la pile: 8
Nombre de Tile traversees: 401  Distance est: 85
Nombre de Tile ajoutees dans la pile: 8
Nombre de Tile traversees: 402  Distance est: 85
Nombre de Tile ajoutees dans la pile: 8
Nombre de Tile traversees: 403  Distance est: 86
Nombre de Tile ajoutees dans la pile: 8
Nombre de Tile traversees: 404  Distance est: 86
Nombre de Tile ajoutees dans la pile: 8
Nombre de Tile traversees: 405  Distance est: 86
Nombre de Tile ajoutees dans la pile: 8
Nombre de Tile traversees: 406  Distance est: 86
Nombre de Tile ajoutees dans la pile: 8
Nombre de Tile traversees: 407  Distance est: 86
Nombre de Tile ajoutees dans la pile: 8
Nombre de Tile traversees: 408  Distance est: 86
Nombre de Tile ajoutees dans la pile: 8
Nombre de Tile traversees: 409  Distance est: 86
Nombre de Tile ajoutees dans la pile: 9
Nombre de Tile traversees: 410  Distance est: 86
Nombre de Tile ajoutees dans la pile: 9
Nombre de Tile traversees: 411  Distance est: 87
Nombre de Tile ajoutees dans la pile: 9
Nombre de Tile traversees: 412  Distance est: 87
Nombre de Tile ajoutees dans la pile: 9
Nombre de Tile traversees: 413  Distance est: 87
Nombre de Tile ajoutees dans la pile: 9
Nombre de Tile traversees: 414  Distance est: 87
Nombre de Tile ajoutees dans la pile: 9
Nombre de Tile traversees: 415  Distance est: 87
Nombre de Tile ajoutees dans la pile: 9
Nombre de Tile traversees: 416  Distance est: 87
Nombre de Tile ajoutees dans la pile: 10
Nombre de Tile traversees: 417  Distance est: 87
Nombre de Tile ajoutees dans la pile: 11
Nombre de Tile traversees: 418  Distance est: 87
Nombre de Tile ajoutees dans la pile: 10
Nombre de Tile traversees: 419  Distance est: 87
Nombre de Tile ajoutees dans la pile: 10
Nombre de Tile traversees: 420  Distance est: 88
Nombre de Tile ajoutees dans la pile: 10
Nombre de Tile traversees: 421  Distance est: 88
Nombre de Tile ajoutees dans la pile: 10
Nombre de Tile traversees: 422  Distance est: 88
Nombre de Tile ajoutees dans la pile: 10
Nombre de Tile traversees: 423  Distance est: 88
Nombre de Tile ajoutees dans la pile: 10
Nombre de Tile traversees: 424  Distance est: 88
Nombre de Tile ajoutees dans la pile: 10
Nombre de Tile traversees: 425  Distance est: 88
Nombre de Tile ajoutees dans la pile: 10
Nombre de Tile traversees: 426  Distance est: 88
Nombre de Tile ajoutees dans la pile: 10
Nombre de Tile traversees: 427  Distance est: 88
Nombre de Tile ajoutees dans la pile: 11
Nombre de Tile traversees: 428  Distance est: 88
Nombre de Tile ajoutees dans la pile: 10
Nombre de Tile traversees: 429  Distance est: 88
Nombre de Tile ajoutees dans la pile: 10
Nombre de Tile traversees: 430  Distance est: 89
Nombre de Tile ajoutees dans la pile: 10
Nombre de Tile traversees: 431  Distance est: 89
Nombre de Tile ajoutees dans la pile: 10
Nombre de Tile traversees: 432  Distance est: 89
Nombre de Tile ajoutees dans la pile: 10
Nombre de Tile traversees: 433  Distance est: 89
Nombre de Tile ajoutees dans la pile: 10
Nombre de Tile traversees: 434  Distance est: 89
Nombre de Tile ajoutees dans la pile: 9
Nombre de Tile traversees: 435  Distance est: 89
Nombre de Tile ajoutees dans la pile: 9
Nombre de Tile traversees: 436  Distance est: 89
Nombre de Tile ajoutees dans la pile: 9
Nombre de Tile traversees: 437  Distance est: 89
Nombre de Tile ajoutees dans la pile: 9
Nombre de Tile traversees: 438  Distance est: 89
Nombre de Tile ajoutees dans la pile: 9
Nombre de Tile traversees: 439  Distance est: 89
Nombre de Tile ajoutees dans la pile: 9
Nombre de Tile traversees: 440  Distance est: 90
Nombre de Tile ajoutees dans la pile: 9
Nombre de Tile traversees: 441  Distance est: 90
Nombre de Tile ajoutees dans la pile: 9
Nombre de Tile traversees: 442  Distance est: 90
Nombre de Tile ajoutees dans la pile: 9
Nombre de Tile traversees: 443  Distance est: 90
Nombre de Tile ajoutees dans la pile: 9
Nombre de Tile traversees: 444  Distance est: 90
Nombre de Tile ajoutees dans la pile: 9
Nombre de Tile traversees: 445  Distance est: 90
Nombre de Tile ajoutees dans la pile: 9
Nombre de Tile traversees: 446  Distance est: 90
Nombre de Tile ajoutees dans la pile: 9
Nombre de Tile traversees: 447  Distance est: 90
Nombre de Tile ajoutees dans la pile: 9
Nombre de Tile traversees: 448  Distance est: 90
Nombre de Tile ajoutees dans la pile: 9
Nombre de Tile traversees: 449  Distance est: 91
Nombre de Tile ajoutees dans la pile: 9
Nombre de Tile traversees: 450  Distance est: 91
Nombre de Tile ajoutees dans la pile: 9
Nombre de Tile traversees: 451  Distance est: 91
Nombre de Tile ajoutees dans la pile: 9
Nombre de Tile traversees: 452  Distance est: 91
Nombre de Tile ajoutees dans la pile: 9
Nombre de Tile traversees: 453  Distance est: 91
Nombre de Tile ajoutees dans la pile: 9
Nombre de Tile traversees: 454  Distance est: 91
Nombre de Tile ajoutees dans la pile: 9
Nombre de Tile traversees: 455  Distance est: 91
Nombre de Tile ajoutees dans la pile: 10
Nombre de Tile traversees: 456  Distance est: 91
Nombre de Tile ajoutees dans la pile: 9
Nombre de Tile traversees: 457  Distance est: 91
Nombre de Tile ajoutees dans la pile: 9
Nombre de Tile traversees: 458  Distance est: 92
Nombre de Tile ajoutees dans la pile: 9
Nombre de Tile traversees: 459  Distance est: 92
Nombre de Tile ajoutees dans la pile: 9
Nombre de Tile traversees: 460  Distance est: 92
Nombre de Tile ajoutees dans la pile: 9
Nombre de Tile traversees: 461  Distance est: 92
Nombre de Tile ajoutees dans la pile: 9
Nombre de Tile traversees: 462  Distance est: 92
Nombre de Tile ajoutees dans la pile: 10
Nombre de Tile traversees: 463  Distance est: 92
Nombre de Tile ajoutees dans la pile: 10
Nombre de Tile traversees: 464  Distance est: 92
Nombre de Tile ajoutees dans la pile: 10
Nombre de Tile traversees: 465  Distance est: 92
Nombre de Tile ajoutees dans la pile: 10
Nombre de Tile traversees: 466  Distance est: 92
Nombre de Tile ajoutees dans la pile: 10
Nombre de Tile traversees: 467  Distance est: 93
Nombre de Tile ajoutees dans la pile: 10
Nombre de Tile traversees: 468  Distance est: 93
Nombre de Tile ajoutees dans la pile: 9
Nombre de Tile traversees: 469  Distance est: 93
Nombre de Tile ajoutees dans la pile: 9
Nombre de Tile traversees: 470  Distance est: 93
Nombre de Tile ajoutees dans la pile: 9
Nombre de Tile traversees: 471  Distance est: 93
Nombre de Tile ajoutees dans la pile: 10
Nombre de Tile traversees: 472  Distance est: 93
Nombre de Tile ajoutees dans la pile: 9
Nombre de Tile traversees: 473  Distance est: 93
Nombre de Tile ajoutees dans la pile: 9
Nombre de Tile traversees: 474  Distance est: 93
Nombre de Tile ajoutees dans la pile: 9
Nombre de Tile traversees: 475  Distance est: 93
Nombre de Tile ajoutees dans la pile: 9
Nombre de Tile traversees: 476  Distance est: 93
Nombre de Tile ajoutees dans la pile: 10
Nombre de Tile traversees: 477  Distance est: 94
Nombre de Tile ajoutees dans la pile: 9
Nombre de Tile traversees: 478  Distance est: 94
Nombre de Tile ajoutees dans la pile: 9
Nombre de Tile traversees: 479  Distance est: 94
Nombre de Tile ajoutees dans la pile: 9
Nombre de Tile traversees: 480  Distance est: 94
Nombre de Tile ajoutees dans la pile: 10
Nombre de Tile traversees: 481  Distance est: 94
Nombre de Tile ajoutees dans la pile: 9
Nombre de Tile traversees: 482  Distance est: 94
Nombre de Tile ajoutees dans la pile: 9
Nombre de Tile traversees: 483  Distance est: 94
Nombre de Tile ajoutees dans la pile: 9
Nombre de Tile traversees: 484  Distance est: 94
Nombre de Tile ajoutees dans la pile: 9
Nombre de Tile traversees: 485  Distance est: 94
Nombre de Tile ajoutees dans la pile: 9
Nombre de Tile traversees: 486  Distance est: 95
Nombre de Tile ajoutees dans la pile: 9
Nombre de Tile traversees: 487  Distance est: 95
Nombre de Tile ajoutees dans la pile: 9
Nombre de Tile traversees: 488  Distance est: 95
Nombre de Tile ajoutees dans la pile: 10
Nombre de Tile traversees: 489  Distance est: 95
Nombre de Tile ajoutees dans la pile: 10
Nombre de Tile traversees: 490  Distance est: 95
Nombre de Tile ajoutees dans la pile: 9
Nombre de Tile traversees: 491  Distance est: 95
Nombre de Tile ajoutees dans la pile: 10
Nombre de Tile traversees: 492  Distance est: 95
Nombre de Tile ajoutees dans la pile: 10
Nombre de Tile traversees: 493  Distance est: 95
Nombre de Tile ajoutees dans la pile: 10
Nombre de Tile traversees: 494  Distance est: 95
Nombre de Tile ajoutees dans la pile: 10
Nombre de Tile traversees: 495  Distance est: 96
Nombre de Tile ajoutees dans la pile: 10
Nombre de Tile traversees: 496  Distance est: 96
Nombre de Tile ajoutees dans la pile: 10
Nombre de Tile traversees: 497  Distance est: 96
Nombre de Tile ajoutees dans la pile: 10
Nombre de Tile traversees: 498  Distance est: 96
Nombre de Tile ajoutees dans la pile: 10
Nombre de Tile traversees: 499  Distance est: 96
Nombre de Tile ajoutees dans la pile: 10
Nombre de Tile traversees: 500  Distance est: 96
Nombre de Tile ajoutees dans la pile: 10
Nombre de Tile traversees: 501  Distance est: 96
Nombre de Tile ajoutees dans la pile: 10
Nombre de Tile traversees: 502  Distance est: 96
Nombre de Tile ajoutees dans la pile: 10
Nombre de Tile traversees: 503  Distance est: 96
Nombre de Tile ajoutees dans la pile: 10
Nombre de Tile traversees: 504  Distance est: 96
Nombre de Tile ajoutees dans la pile: 10
Nombre de Tile traversees: 505  Distance est: 97
Nombre de Tile ajoutees dans la pile: 10
Nombre de Tile traversees: 506  Distance est: 97
Nombre de Tile ajoutees dans la pile: 10
Nombre de Tile traversees: 507  Distance est: 97
Nombre de Tile ajoutees dans la pile: 10
Nombre de Tile traversees: 508  Distance est: 97
Nombre de Tile ajoutees dans la pile: 10
Nombre de Tile traversees: 509  Distance est: 97
Nombre de Tile ajoutees dans la pile: 10
Nombre de Tile traversees: 510  Distance est: 97
Nombre de Tile ajoutees dans la pile: 10
Nombre de Tile traversees: 511  Distance est: 97
Nombre de Tile ajoutees dans la pile: 11
Nombre de Tile traversees: 512  Distance est: 97
Nombre de Tile ajoutees dans la pile: 12
Nombre de Tile traversees: 513  Distance est: 97
Nombre de Tile ajoutees dans la pile: 12
Nombre de Tile traversees: 514  Distance est: 97
Nombre de Tile ajoutees dans la pile: 12
Nombre de Tile traversees: 515  Distance est: 98
Nombre de Tile ajoutees dans la pile: 12
Nombre de Tile traversees: 516  Distance est: 98
Nombre de Tile ajoutees dans la pile: 12
Nombre de Tile traversees: 517  Distance est: 98
Nombre de Tile ajoutees dans la pile: 12
Nombre de Tile traversees: 518  Distance est: 98
Nombre de Tile ajoutees dans la pile: 12
Nombre de Tile traversees: 519  Distance est: 98
Nombre de Tile ajoutees dans la pile: 12
Nombre de Tile traversees: 520  Distance est: 98
Nombre de Tile ajoutees dans la pile: 12
Nombre de Tile traversees: 521  Distance est: 98
Nombre de Tile ajoutees dans la pile: 12
Nombre de Tile traversees: 522  Distance est: 98
Nombre de Tile ajoutees dans la pile: 12
Nombre de Tile traversees: 523  Distance est: 98
Nombre de Tile ajoutees dans la pile: 13
Nombre de Tile traversees: 524  Distance est: 98
Nombre de Tile ajoutees dans la pile: 13
Nombre de Tile traversees: 525  Distance est: 98
Nombre de Tile ajoutees dans la pile: 13
Nombre de Tile traversees: 526  Distance est: 98
Nombre de Tile ajoutees dans la pile: 13
Nombre de Tile traversees: 527  Distance est: 99
Nombre de Tile ajoutees dans la pile: 13
Nombre de Tile traversees: 528  Distance est: 99
Nombre de Tile ajoutees dans la pile: 13
Nombre de Tile traversees: 529  Distance est: 99
Nombre de Tile ajoutees dans la pile: 12
Nombre de Tile traversees: 530  Distance est: 99
Nombre de Tile ajoutees dans la pile: 12
Nombre de Tile traversees: 531  Distance est: 99
Nombre de Tile ajoutees dans la pile: 13
Nombre de Tile traversees: 532  Distance est: 99
Nombre de Tile ajoutees dans la pile: 13
Nombre de Tile traversees: 533  Distance est: 99
Nombre de Tile ajoutees dans la pile: 12
Nombre de Tile traversees: 534  Distance est: 99
Nombre de Tile ajoutees dans la pile: 12
Nombre de Tile traversees: 535  Distance est: 99
Nombre de Tile ajoutees dans la pile: 12
Nombre de Tile traversees: 536  Distance est: 99
Nombre de Tile ajoutees dans la pile: 11
Nombre de Tile traversees: 537  Distance est: 99
Nombre de Tile ajoutees dans la pile: 11
Nombre de Tile traversees: 538  Distance est: 99
Nombre de Tile ajoutees dans la pile: 12
Nombre de Tile traversees: 539  Distance est: 99
Nombre de Tile ajoutees dans la pile: 13
Nombre de Tile traversees: 540  Distance est: 100
Nombre de Tile ajoutees dans la pile: 13
Nombre de Tile traversees: 541  Distance est: 100
Nombre de Tile ajoutees dans la pile: 14
Nombre de Tile traversees: 542  Distance est: 100
Nombre de Tile ajoutees dans la pile: 14
Nombre de Tile traversees: 543  Distance est: 100
Nombre de Tile ajoutees dans la pile: 14
Nombre de Tile traversees: 544  Distance est: 100
Nombre de Tile ajoutees dans la pile: 14
Nombre de Tile traversees: 545  Distance est: 100
Nombre de Tile ajoutees dans la pile: 14
Nombre de Tile traversees: 546  Distance est: 100
Nombre de Tile ajoutees dans la pile: 15
Nombre de Tile traversees: 547  Distance est: 100
Nombre de Tile ajoutees dans la pile: 15
Nombre de Tile traversees: 548  Distance est: 100
Nombre de Tile ajoutees dans la pile: 15
Nombre de Tile traversees: 549  Distance est: 100
Nombre de Tile ajoutees dans la pile: 15
Nombre de Tile traversees: 550  Distance est: 100
Nombre de Tile ajoutees dans la pile: 15
Nombre de Tile traversees: 551  Distance est: 100
Nombre de Tile ajoutees dans la pile: 15
Nombre de Tile traversees: 552  Distance est: 100
Nombre de Tile ajoutees dans la pile: 15
Nombre de Tile traversees: 553  Distance est: 101
Nombre de Tile ajoutees dans la pile: 15
Nombre de Tile traversees: 554  Distance est: 101
Nombre de Tile ajoutees dans la pile: 16
Nombre de Tile traversees: 555  Distance est: 101
Nombre de Tile ajoutees dans la pile: 15
Nombre de Tile traversees: 556  Distance est: 101
Nombre de Tile ajoutees dans la pile: 14
Nombre de Tile traversees: 557  Distance est: 101
Nombre de Tile ajoutees dans la pile: 14
Nombre de Tile traversees: 558  Distance est: 101
Nombre de Tile ajoutees dans la pile: 14
Nombre de Tile traversees: 559  Distance est: 101
Nombre de Tile ajoutees dans la pile: 14
Nombre de Tile traversees: 560  Distance est: 101
Nombre de Tile ajoutees dans la pile: 15
Nombre de Tile traversees: 561  Distance est: 101
Nombre de Tile ajoutees dans la pile: 14
Nombre de Tile traversees: 562  Distance est: 101
Nombre de Tile ajoutees dans la pile: 13
Nombre de Tile traversees: 563  Distance est: 101
Nombre de Tile ajoutees dans la pile: 12
Nombre de Tile traversees: 564  Distance est: 101
Nombre de Tile ajoutees dans la pile: 12
Nombre de Tile traversees: 565  Distance est: 101
Nombre de Tile ajoutees dans la pile: 12
Nombre de Tile traversees: 566  Distance est: 101
Nombre de Tile ajoutees dans la pile: 11
Nombre de Tile traversees: 567  Distance est: 101
Nombre de Tile ajoutees dans la pile: 12
Nombre de Tile traversees: 568  Distance est: 102
Nombre de Tile ajoutees dans la pile: 13
Nombre de Tile traversees: 569  Distance est: 102
Nombre de Tile ajoutees dans la pile: 14
Nombre de Tile traversees: 570  Distance est: 102
Nombre de Tile ajoutees dans la pile: 13
Nombre de Tile traversees: 571  Distance est: 102
Nombre de Tile ajoutees dans la pile: 13
Nombre de Tile traversees: 572  Distance est: 102
Nombre de Tile ajoutees dans la pile: 13
Nombre de Tile traversees: 573  Distance est: 102
Nombre de Tile ajoutees dans la pile: 13
Nombre de Tile traversees: 574  Distance est: 102
Nombre de Tile ajoutees dans la pile: 14
Nombre de Tile traversees: 575  Distance est: 102
Nombre de Tile ajoutees dans la pile: 13
Nombre de Tile traversees: 576  Distance est: 102
Nombre de Tile ajoutees dans la pile: 13
Nombre de Tile traversees: 577  Distance est: 102
Nombre de Tile ajoutees dans la pile: 13
Nombre de Tile traversees: 578  Distance est: 102
Nombre de Tile ajoutees dans la pile: 13
Nombre de Tile traversees: 579  Distance est: 102
Nombre de Tile ajoutees dans la pile: 13
Nombre de Tile traversees: 580  Distance est: 102
Nombre de Tile ajoutees dans la pile: 13
Nombre de Tile traversees: 581  Distance est: 103
Nombre de Tile ajoutees dans la pile: 13
Nombre de Tile traversees: 582  Distance est: 103
Nombre de Tile ajoutees dans la pile: 13
Nombre de Tile traversees: 583  Distance est: 103
Nombre de Tile ajoutees dans la pile: 13
Nombre de Tile traversees: 584  Distance est: 103
Nombre de Tile ajoutees dans la pile: 13
Nombre de Tile traversees: 585  Distance est: 103
Nombre de Tile ajoutees dans la pile: 14
Nombre de Tile traversees: 586  Distance est: 103
Nombre de Tile ajoutees dans la pile: 13
Nombre de Tile traversees: 587  Distance est: 103
Nombre de Tile ajoutees dans la pile: 13
Nombre de Tile traversees: 588  Distance est: 103
Nombre de Tile ajoutees dans la pile: 13
Nombre de Tile traversees: 589  Distance est: 103
Nombre de Tile ajoutees dans la pile: 13
Nombre de Tile traversees: 590  Distance est: 103
Nombre de Tile ajoutees dans la pile: 12
Nombre de Tile traversees: 591  Distance est: 103
Nombre de Tile ajoutees dans la pile: 12
Nombre de Tile traversees: 592  Distance est: 103
Nombre de Tile ajoutees dans la pile: 12
Nombre de Tile traversees: 593  Distance est: 103
Nombre de Tile ajoutees dans la pile: 11
Nombre de Tile traversees: 594  Distance est: 104
Nombre de Tile ajoutees dans la pile: 11
Nombre de Tile traversees: 595  Distance est: 104
Nombre de Tile ajoutees dans la pile: 11
Nombre de Tile traversees: 596  Distance est: 104
Nombre de Tile ajoutees dans la pile: 11
Nombre de Tile traversees: 597  Distance est: 104
Nombre de Tile ajoutees dans la pile: 11
Nombre de Tile traversees: 598  Distance est: 104
Nombre de Tile ajoutees dans la pile: 11
Nombre de Tile traversees: 599  Distance est: 104
Nombre de Tile ajoutees dans la pile: 11
Nombre de Tile traversees: 600  Distance est: 104
Nombre de Tile ajoutees dans la pile: 11
Nombre de Tile traversees: 601  Distance est: 104
Nombre de Tile ajoutees dans la pile: 11
Nombre de Tile traversees: 602  Distance est: 104
Nombre de Tile ajoutees dans la pile: 11
Nombre de Tile traversees: 603  Distance est: 104
Nombre de Tile ajoutees dans la pile: 12
Nombre de Tile traversees: 604  Distance est: 104
Nombre de Tile ajoutees dans la pile: 12
Nombre de Tile traversees: 605  Distance est: 105
Nombre de Tile ajoutees dans la pile: 12
Nombre de Tile traversees: 606  Distance est: 105
Nombre de Tile ajoutees dans la pile: 12
Nombre de Tile traversees: 607  Distance est: 105
Nombre de Tile ajoutees dans la pile: 12
Nombre de Tile traversees: 608  Distance est: 105
Nombre de Tile ajoutees dans la pile: 12
Nombre de Tile traversees: 609  Distance est: 105
Nombre de Tile ajoutees dans la pile: 11
Nombre de Tile traversees: 610  Distance est: 105
Nombre de Tile ajoutees dans la pile: 11
Nombre de Tile traversees: 611  Distance est: 105
Nombre de Tile ajoutees dans la pile: 11
Nombre de Tile traversees: 612  Distance est: 105
Nombre de Tile ajoutees dans la pile: 11
Nombre de Tile traversees: 613  Distance est: 105
Nombre de Tile ajoutees dans la pile: 11
Nombre de Tile traversees: 614  Distance est: 105
Nombre de Tile ajoutees dans la pile: 12
Nombre de Tile traversees: 615  Distance est: 105
Nombre de Tile ajoutees dans la pile: 11
Nombre de Tile traversees: 616  Distance est: 105
Nombre de Tile ajoutees dans la pile: 11
Nombre de Tile traversees: 617  Distance est: 106
Nombre de Tile ajoutees dans la pile: 11
Nombre de Tile traversees: 618  Distance est: 106
Nombre de Tile ajoutees dans la pile: 11
Nombre de Tile traversees: 619  Distance est: 106
Nombre de Tile ajoutees dans la pile: 11
Nombre de Tile traversees: 620  Distance est: 106
Nombre de Tile ajoutees dans la pile: 11
Nombre de Tile traversees: 621  Distance est: 106
Nombre de Tile ajoutees dans la pile: 11
Nombre de Tile traversees: 622  Distance est: 106
Nombre de Tile ajoutees dans la pile: 11
Nombre de Tile traversees: 623  Distance est: 106
Nombre de Tile ajoutees dans la pile: 11
Nombre de Tile traversees: 624  Distance est: 106
Nombre de Tile ajoutees dans la pile: 11
Nombre de Tile traversees: 625  Distance est: 106
Nombre de Tile ajoutees dans la pile: 12
Nombre de Tile traversees: 626  Distance est: 106
Nombre de Tile ajoutees dans la pile: 11
Nombre de Tile traversees: 627  Distance est: 106
Nombre de Tile ajoutees dans la pile: 11
Nombre de Tile traversees: 628  Distance est: 107
Nombre de Tile ajoutees dans la pile: 11
Nombre de Tile traversees: 629  Distance est: 107
Nombre de Tile ajoutees dans la pile: 11
Nombre de Tile traversees: 630  Distance est: 107
Nombre de Tile ajoutees dans la pile: 11
Nombre de Tile traversees: 631  Distance est: 107
Nombre de Tile ajoutees dans la pile: 11
Nombre de Tile traversees: 632  Distance est: 107
Nombre de Tile ajoutees dans la pile: 11
Nombre de Tile traversees: 633  Distance est: 107
Nombre de Tile ajoutees dans la pile: 10
Nombre de Tile traversees: 634  Distance est: 107
Nombre de Tile ajoutees dans la pile: 10
Nombre de Tile traversees: 635  Distance est: 107
Nombre de Tile ajoutees dans la pile: 10
Nombre de Tile traversees: 636  Distance est: 107
Nombre de Tile ajoutees dans la pile: 9
Nombre de Tile traversees: 637  Distance est: 107
Nombre de Tile ajoutees dans la pile: 8
Nombre de Tile traversees: 638  Distance est: 107
Nombre de Tile ajoutees dans la pile: 8
Nombre de Tile traversees: 639  Distance est: 108
Nombre de Tile ajoutees dans la pile: 8
Nombre de Tile traversees: 640  Distance est: 108
Nombre de Tile ajoutees dans la pile: 8
Nombre de Tile traversees: 641  Distance est: 108
Nombre de Tile ajoutees dans la pile: 9
Nombre de Tile traversees: 642  Distance est: 108
Nombre de Tile ajoutees dans la pile: 9
Nombre de Tile traversees: 643  Distance est: 108
Nombre de Tile ajoutees dans la pile: 9
Nombre de Tile traversees: 644  Distance est: 108
Nombre de Tile ajoutees dans la pile: 11
Nombre de Tile traversees: 645  Distance est: 108
Nombre de Tile ajoutees dans la pile: 11
Nombre de Tile traversees: 646  Distance est: 108
Nombre de Tile ajoutees dans la pile: 11
Nombre de Tile traversees: 647  Distance est: 109
Nombre de Tile ajoutees dans la pile: 11
Nombre de Tile traversees: 648  Distance est: 109
Nombre de Tile ajoutees dans la pile: 11
Nombre de Tile traversees: 649  Distance est: 109
Nombre de Tile ajoutees dans la pile: 12
Nombre de Tile traversees: 650  Distance est: 109
Nombre de Tile ajoutees dans la pile: 11
Nombre de Tile traversees: 651  Distance est: 109
Nombre de Tile ajoutees dans la pile: 11
Nombre de Tile traversees: 652  Distance est: 109
Nombre de Tile ajoutees dans la pile: 10
Nombre de Tile traversees: 653  Distance est: 109
Nombre de Tile ajoutees dans la pile: 11
Nombre de Tile traversees: 654  Distance est: 109
Nombre de Tile ajoutees dans la pile: 12
Nombre de Tile traversees: 655  Distance est: 109
Nombre de Tile ajoutees dans la pile: 11
Nombre de Tile traversees: 656  Distance est: 109
Nombre de Tile ajoutees dans la pile: 12
Nombre de Tile traversees: 657  Distance est: 109
Nombre de Tile ajoutees dans la pile: 12
Nombre de Tile traversees: 658  Distance est: 110
Nombre de Tile ajoutees dans la pile: 13
Nombre de Tile traversees: 659  Distance est: 110
Nombre de Tile ajoutees dans la pile: 13
Nombre de Tile traversees: 660  Distance est: 110
Nombre de Tile ajoutees dans la pile: 14
Nombre de Tile traversees: 661  Distance est: 110
Nombre de Tile ajoutees dans la pile: 13
Nombre de Tile traversees: 662  Distance est: 110
Nombre de Tile ajoutees dans la pile: 13
Nombre de Tile traversees: 663  Distance est: 110
Nombre de Tile ajoutees dans la pile: 15
Nombre de Tile traversees: 664  Distance est: 110
Nombre de Tile ajoutees dans la pile: 14
Nombre de Tile traversees: 665  Distance est: 110
Nombre de Tile ajoutees dans la pile: 15
Nombre de Tile traversees: 666  Distance est: 110
Nombre de Tile ajoutees dans la pile: 14
Nombre de Tile traversees: 667  Distance est: 110
Nombre de Tile ajoutees dans la pile: 14
Nombre de Tile traversees: 668  Distance est: 110
Nombre de Tile ajoutees dans la pile: 14
Nombre de Tile traversees: 669  Distance est: 110
Nombre de Tile ajoutees dans la pile: 16
Nombre de Tile traversees: 670  Distance est: 110
Nombre de Tile ajoutees dans la pile: 16
Nombre de Tile traversees: 671  Distance est: 111
Nombre de Tile ajoutees dans la pile: 16
Nombre de Tile traversees: 672  Distance est: 111
Nombre de Tile ajoutees dans la pile: 15
Nombre de Tile traversees: 673  Distance est: 111
Nombre de Tile ajoutees dans la pile: 16
Nombre de Tile traversees: 674  Distance est: 111
Nombre de Tile ajoutees dans la pile: 15
Nombre de Tile traversees: 675  Distance est: 111
Nombre de Tile ajoutees dans la pile: 15
Nombre de Tile traversees: 676  Distance est: 111
Nombre de Tile ajoutees dans la pile: 16
Nombre de Tile traversees: 677  Distance est: 111
Nombre de Tile ajoutees dans la pile: 16
Nombre de Tile traversees: 678  Distance est: 111
Nombre de Tile ajoutees dans la pile: 15
Nombre de Tile traversees: 679  Distance est: 111
Nombre de Tile ajoutees dans la pile: 15
Nombre de Tile traversees: 680  Distance est: 111
Nombre de Tile ajoutees dans la pile: 14
Nombre de Tile traversees: 681  Distance est: 111
Nombre de Tile ajoutees dans la pile: 14
Nombre de Tile traversees: 682  Distance est: 111
Nombre de Tile ajoutees dans la pile: 14
Nombre de Tile traversees: 683  Distance est: 111
Nombre de Tile ajoutees dans la pile: 15
Nombre de Tile traversees: 684  Distance est: 111
Nombre de Tile ajoutees dans la pile: 16
Nombre de Tile traversees: 685  Distance est: 111
Nombre de Tile ajoutees dans la pile: 15
Nombre de Tile traversees: 686  Distance est: 111
Nombre de Tile ajoutees dans la pile: 15
Nombre de Tile traversees: 687  Distance est: 112
Nombre de Tile ajoutees dans la pile: 15
Nombre de Tile traversees: 688  Distance est: 112
Nombre de Tile ajoutees dans la pile: 15
Nombre de Tile traversees: 689  Distance est: 112
Nombre de Tile ajoutees dans la pile: 15
Nombre de Tile traversees: 690  Distance est: 112
Nombre de Tile ajoutees dans la pile: 15
Nombre de Tile traversees: 691  Distance est: 112
Nombre de Tile ajoutees dans la pile: 16
Nombre de Tile traversees: 692  Distance est: 112
Nombre de Tile ajoutees dans la pile: 15
Nombre de Tile traversees: 693  Distance est: 112
Nombre de Tile ajoutees dans la pile: 15
Nombre de Tile traversees: 694  Distance est: 112
Nombre de Tile ajoutees dans la pile: 15
Nombre de Tile traversees: 695  Distance est: 112
Nombre de Tile ajoutees dans la pile: 15
Nombre de Tile traversees: 696  Distance est: 112
Nombre de Tile ajoutees dans la pile: 15
Nombre de Tile traversees: 697  Distance est: 112
Nombre de Tile ajoutees dans la pile: 16
Nombre de Tile traversees: 698  Distance est: 112
Nombre de Tile ajoutees dans la pile: 15
Nombre de Tile traversees: 699  Distance est: 112
Nombre de Tile ajoutees dans la pile: 16
Nombre de Tile traversees: 700  Distance est: 112
Nombre de Tile ajoutees dans la pile: 15
Nombre de Tile traversees: 701  Distance est: 112
Nombre de Tile ajoutees dans la pile: 15
Nombre de Tile traversees: 702  Distance est: 113
Nombre de Tile ajoutees dans la pile: 15
Nombre de Tile traversees: 703  Distance est: 113
Nombre de Tile ajoutees dans la pile: 14
Nombre de Tile traversees: 704  Distance est: 113
Nombre de Tile ajoutees dans la pile: 14
Nombre de Tile traversees: 705  Distance est: 113
Nombre de Tile ajoutees dans la pile: 14
Nombre de Tile traversees: 706  Distance est: 113
Nombre de Tile ajoutees dans la pile: 13
Nombre de Tile traversees: 707  Distance est: 113
Nombre de Tile ajoutees dans la pile: 12
Nombre de Tile traversees: 708  Distance est: 113
Nombre de Tile ajoutees dans la pile: 12
Nombre de Tile traversees: 709  Distance est: 113
Nombre de Tile ajoutees dans la pile: 13
Nombre de Tile traversees: 710  Distance est: 113
Nombre de Tile ajoutees dans la pile: 13
Nombre de Tile traversees: 711  Distance est: 113
Nombre de Tile ajoutees dans la pile: 13
Nombre de Tile traversees: 712  Distance est: 113
Nombre de Tile ajoutees dans la pile: 12
Nombre de Tile traversees: 713  Distance est: 113
Nombre de Tile ajoutees dans la pile: 11
Nombre de Tile traversees: 714  Distance est: 113
Nombre de Tile ajoutees dans la pile: 10
Nombre de Tile traversees: 715  Distance est: 113
Nombre de Tile ajoutees dans la pile: 9
Nombre de Tile traversees: 716  Distance est: 113
Nombre de Tile ajoutees dans la pile: 8
Nombre de Tile traversees: 717  Distance est: 114
Nombre de Tile ajoutees dans la pile: 8
Nombre de Tile traversees: 718  Distance est: 114
Nombre de Tile ajoutees dans la pile: 8
Nombre de Tile traversees: 719  Distance est: 114
Nombre de Tile ajoutees dans la pile: 8
Nombre de Tile traversees: 720  Distance est: 114
Nombre de Tile ajoutees dans la pile: 8
Nombre de Tile traversees: 721  Distance est: 114
Nombre de Tile ajoutees dans la pile: 9
Nombre de Tile traversees: 722  Distance est: 114
Nombre de Tile ajoutees dans la pile: 9
Nombre de Tile traversees: 723  Distance est: 114
Nombre de Tile ajoutees dans la pile: 9
Nombre de Tile traversees: 724  Distance est: 114
Nombre de Tile ajoutees dans la pile: 9
Nombre de Tile traversees: 725  Distance est: 115
Nombre de Tile ajoutees dans la pile: 9
Nombre de Tile traversees: 726  Distance est: 115
Nombre de Tile ajoutees dans la pile: 9
Nombre de Tile traversees: 727  Distance est: 115
Nombre de Tile ajoutees dans la pile: 9
Nombre de Tile traversees: 728  Distance est: 115
Nombre de Tile ajoutees dans la pile: 9
Nombre de Tile traversees: 729  Distance est: 115
Nombre de Tile ajoutees dans la pile: 9
Nombre de Tile traversees: 730  Distance est: 115
Nombre de Tile ajoutees dans la pile: 8
Nombre de Tile traversees: 731  Distance est: 115
Nombre de Tile ajoutees dans la pile: 8
Nombre de Tile traversees: 732  Distance est: 115
Nombre de Tile ajoutees dans la pile: 8
Nombre de Tile traversees: 733  Distance est: 115
Nombre de Tile ajoutees dans la pile: 8
Nombre de Tile traversees: 734  Distance est: 116
Nombre de Tile ajoutees dans la pile: 9
Nombre de Tile traversees: 735  Distance est: 116
Nombre de Tile ajoutees dans la pile: 9
Nombre de Tile traversees: 736  Distance est: 116
Nombre de Tile ajoutees dans la pile: 9
Nombre de Tile traversees: 737  Distance est: 116
Nombre de Tile ajoutees dans la pile: 9
Nombre de Tile traversees: 738  Distance est: 116
Nombre de Tile ajoutees dans la pile: 9
Nombre de Tile traversees: 739  Distance est: 116
Nombre de Tile ajoutees dans la pile: 9
Nombre de Tile traversees: 740  Distance est: 116
Nombre de Tile ajoutees dans la pile: 9
Nombre de Tile traversees: 741  Distance est: 116
Nombre de Tile ajoutees dans la pile: 10
Nombre de Tile traversees: 742  Distance est: 116
Nombre de Tile ajoutees dans la pile: 10
Nombre de Tile traversees: 743  Distance est: 117
Nombre de Tile ajoutees dans la pile: 10
Nombre de Tile traversees: 744  Distance est: 117
Nombre de Tile ajoutees dans la pile: 10
Nombre de Tile traversees: 745  Distance est: 117
Nombre de Tile ajoutees dans la pile: 9
Nombre de Tile traversees: 746  Distance est: 117
Nombre de Tile ajoutees dans la pile: 9
Nombre de Tile traversees: 747  Distance est: 117
Nombre de Tile ajoutees dans la pile: 9
Nombre de Tile traversees: 748  Distance est: 117
Nombre de Tile ajoutees dans la pile: 9
Nombre de Tile traversees: 749  Distance est: 117
Nombre de Tile ajoutees dans la pile: 8
Nombre de Tile traversees: 750  Distance est: 117
Nombre de Tile ajoutees dans la pile: 9
Nombre de Tile traversees: 751  Distance est: 117
Nombre de Tile ajoutees dans la pile: 8
Nombre de Tile traversees: 752  Distance est: 117
Nombre de Tile ajoutees dans la pile: 8
Nombre de Tile traversees: 753  Distance est: 118
Nombre de Tile ajoutees dans la pile: 7
Nombre de Tile traversees: 754  Distance est: 118
Nombre de Tile ajoutees dans la pile: 8
Nombre de Tile traversees: 755  Distance est: 118
Nombre de Tile ajoutees dans la pile: 8
Nombre de Tile traversees: 756  Distance est: 118
Nombre de Tile ajoutees dans la pile: 8
Nombre de Tile traversees: 757  Distance est: 118
Nombre de Tile ajoutees dans la pile: 8
Nombre de Tile traversees: 758  Distance est: 118
Nombre de Tile ajoutees dans la pile: 9
Nombre de Tile traversees: 759  Distance est: 118
Nombre de Tile ajoutees dans la pile: 8
Nombre de Tile traversees: 760  Distance est: 119
Nombre de Tile ajoutees dans la pile: 9
Nombre de Tile traversees: 761  Distance est: 119
Nombre de Tile ajoutees dans la pile: 10
Nombre de Tile traversees: 762  Distance est: 119
Nombre de Tile ajoutees dans la pile: 9
Nombre de Tile traversees: 763  Distance est: 119
Nombre de Tile ajoutees dans la pile: 9
Nombre de Tile traversees: 764  Distance est: 119
Nombre de Tile ajoutees dans la pile: 9
Nombre de Tile traversees: 765  Distance est: 119
Nombre de Tile ajoutees dans la pile: 8
Nombre de Tile traversees: 766  Distance est: 119
Nombre de Tile ajoutees dans la pile: 8
Nombre de Tile traversees: 767  Distance est: 119
Nombre de Tile ajoutees dans la pile: 7
Nombre de Tile traversees: 768  Distance est: 119
Nombre de Tile ajoutees dans la pile: 8
Nombre de Tile traversees: 769  Distance est: 120
Nombre de Tile ajoutees dans la pile: 7
Nombre de Tile traversees: 770  Distance est: 120
Nombre de Tile ajoutees dans la pile: 8
Nombre de Tile traversees: 771  Distance est: 120
Nombre de Tile ajoutees dans la pile: 7
Nombre de Tile traversees: 772  Distance est: 120
Nombre de Tile ajoutees dans la pile: 7
Nombre de Tile traversees: 773  Distance est: 120
Nombre de Tile ajoutees dans la pile: 7
Nombre de Tile traversees: 774  Distance est: 120
Nombre de Tile ajoutees dans la pile: 7
Nombre de Tile traversees: 775  Distance est: 120
Nombre de Tile ajoutees dans la pile: 8
Nombre de Tile traversees: 776  Distance est: 121
Nombre de Tile ajoutees dans la pile: 7
Nombre de Tile traversees: 777  Distance est: 121
Nombre de Tile ajoutees dans la pile: 7
Nombre de Tile traversees: 778  Distance est: 121
Nombre de Tile ajoutees dans la pile: 6
Nombre de Tile traversees: 779  Distance est: 121
Nombre de Tile ajoutees dans la pile: 7
Nombre de Tile traversees: 780  Distance est: 121
Nombre de Tile ajoutees dans la pile: 7
Nombre de Tile traversees: 781  Distance est: 121
Nombre de Tile ajoutees dans la pile: 7
Nombre de Tile traversees: 782  Distance est: 121
Nombre de Tile ajoutees dans la pile: 8
Nombre de Tile traversees: 783  Distance est: 122
Nombre de Tile ajoutees dans la pile: 8
Nombre de Tile traversees: 784  Distance est: 122
Nombre de Tile ajoutees dans la pile: 8
Nombre de Tile traversees: 785  Distance est: 122
Nombre de Tile ajoutees dans la pile: 8
Nombre de Tile traversees: 786  Distance est: 122
Nombre de Tile ajoutees dans la pile: 8
Nombre de Tile traversees: 787  Distance est: 122
Nombre de Tile ajoutees dans la pile: 8
Nombre de Tile traversees: 788  Distance est: 122
Nombre de Tile ajoutees dans la pile: 8
Nombre de Tile traversees: 789  Distance est: 122
Nombre de Tile ajoutees dans la pile: 9
Nombre de Tile traversees: 790  Distance est: 122
Nombre de Tile ajoutees dans la pile: 9
Nombre de Tile traversees: 791  Distance est: 123
Nombre de Tile ajoutees dans la pile: 9
Nombre de Tile traversees: 792  Distance est: 123
Nombre de Tile ajoutees dans la pile: 9
Nombre de Tile traversees: 793  Distance est: 123
Nombre de Tile ajoutees dans la pile: 8
Nombre de Tile traversees: 794  Distance est: 123
Nombre de Tile ajoutees dans la pile: 8
Nombre de Tile traversees: 795  Distance est: 123
Nombre de Tile ajoutees dans la pile: 8
Nombre de Tile traversees: 796  Distance est: 123
Nombre de Tile ajoutees dans la pile: 8
Nombre de Tile traversees: 797  Distance est: 123
Nombre de Tile ajoutees dans la pile: 8
Nombre de Tile traversees: 798  Distance est: 123
Nombre de Tile ajoutees dans la pile: 7
Nombre de Tile traversees: 799  Distance est: 123
Nombre de Tile ajoutees dans la pile: 7
Nombre de Tile traversees: 800  Distance est: 124
Nombre de Tile ajoutees dans la pile: 8
Nombre de Tile traversees: 801  Distance est: 124
Nombre de Tile ajoutees dans la pile: 8
Nombre de Tile traversees: 802  Distance est: 124
Nombre de Tile ajoutees dans la pile: 8
Nombre de Tile traversees: 803  Distance est: 124
Nombre de Tile ajoutees dans la pile: 8
Nombre de Tile traversees: 804  Distance est: 124
Nombre de Tile ajoutees dans la pile: 8
Nombre de Tile traversees: 805  Distance est: 124
Nombre de Tile ajoutees dans la pile: 8
Nombre de Tile traversees: 806  Distance est: 124
Nombre de Tile ajoutees dans la pile: 8
Nombre de Tile traversees: 807  Distance est: 124
Nombre de Tile ajoutees dans la pile: 8
Nombre de Tile traversees: 808  Distance est: 125
Nombre de Tile ajoutees dans la pile: 8
Nombre de Tile traversees: 809  Distance est: 125
Nombre de Tile ajoutees dans la pile: 8
Nombre de Tile traversees: 810  Distance est: 125
Nombre de Tile ajoutees dans la pile: 8
Nombre de Tile traversees: 811  Distance est: 125
Nombre de Tile ajoutees dans la pile: 8
Nombre de Tile traversees: 812  Distance est: 125
Nombre de Tile ajoutees dans la pile: 9
Nombre de Tile traversees: 813  Distance est: 125
Nombre de Tile ajoutees dans la pile: 8
Nombre de Tile traversees: 814  Distance est: 125
Nombre de Tile ajoutees dans la pile: 7
Nombre de Tile traversees: 815  Distance est: 125
Nombre de Tile ajoutees dans la pile: 7
Nombre de Tile traversees: 816  Distance est: 126
Nombre de Tile ajoutees dans la pile: 7
Nombre de Tile traversees: 817  Distance est: 126
Nombre de Tile ajoutees dans la pile: 7
Nombre de Tile traversees: 818  Distance est: 126
Nombre de Tile ajoutees dans la pile: 7
Nombre de Tile traversees: 819  Distance est: 126
Nombre de Tile ajoutees dans la pile: 7
Nombre de Tile traversees: 820  Distance est: 126
Nombre de Tile ajoutees dans la pile: 7
Nombre de Tile traversees: 821  Distance est: 126
Nombre de Tile ajoutees dans la pile: 7
Nombre de Tile traversees: 822  Distance est: 126
Nombre de Tile ajoutees dans la pile: 7
Nombre de Tile traversees: 823  Distance est: 127
Nombre de Tile ajoutees dans la pile: 8
Nombre de Tile traversees: 824  Distance est: 127
Nombre de Tile ajoutees dans la pile: 8
Nombre de Tile traversees: 825  Distance est: 127
Nombre de Tile ajoutees dans la pile: 8
Nombre de Tile traversees: 826  Distance est: 127
Nombre de Tile ajoutees dans la pile: 8
Nombre de Tile traversees: 827  Distance est: 127
Nombre de Tile ajoutees dans la pile: 7
Nombre de Tile traversees: 828  Distance est: 127
Nombre de Tile ajoutees dans la pile: 7
Nombre de Tile traversees: 829  Distance est: 127
Nombre de Tile ajoutees dans la pile: 7
Nombre de Tile traversees: 830  Distance est: 127
Nombre de Tile ajoutees dans la pile: 8
Nombre de Tile traversees: 831  Distance est: 128
Nombre de Tile ajoutees dans la pile: 7
Nombre de Tile traversees: 832  Distance est: 128
Nombre de Tile ajoutees dans la pile: 7
Nombre de Tile traversees: 833  Distance est: 128
Nombre de Tile ajoutees dans la pile: 7
Nombre de Tile traversees: 834  Distance est: 128
Nombre de Tile ajoutees dans la pile: 7
Nombre de Tile traversees: 835  Distance est: 128
Nombre de Tile ajoutees dans la pile: 7
Nombre de Tile traversees: 836  Distance est: 128
Nombre de Tile ajoutees dans la pile: 7
Nombre de Tile traversees: 837  Distance est: 128
Nombre de Tile ajoutees dans la pile: 8
Nombre de Tile traversees: 838  Distance est: 129
Nombre de Tile ajoutees dans la pile: 7
Nombre de Tile traversees: 839  Distance est: 129
Nombre de Tile ajoutees dans la pile: 7
Nombre de Tile traversees: 840  Distance est: 129
Nombre de Tile ajoutees dans la pile: 7
Nombre de Tile traversees: 841  Distance est: 129
Nombre de Tile ajoutees dans la pile: 7
Nombre de Tile traversees: 842  Distance est: 129
Nombre de Tile ajoutees dans la pile: 7
Nombre de Tile traversees: 843  Distance est: 129
Nombre de Tile ajoutees dans la pile: 7
Nombre de Tile traversees: 844  Distance est: 129
Nombre de Tile ajoutees dans la pile: 7
Nombre de Tile traversees: 845  Distance est: 130
Nombre de Tile ajoutees dans la pile: 6
Nombre de Tile traversees: 846  Distance est: 130
Nombre de Tile ajoutees dans la pile: 6
Nombre de Tile traversees: 847  Distance est: 130
Nombre de Tile ajoutees dans la pile: 6
Nombre de Tile traversees: 848  Distance est: 130
Nombre de Tile ajoutees dans la pile: 6
Nombre de Tile traversees: 849  Distance est: 130
Nombre de Tile ajoutees dans la pile: 6
Nombre de Tile traversees: 850  Distance est: 130
Nombre de Tile ajoutees dans la pile: 6
Nombre de Tile traversees: 851  Distance est: 131
Nombre de Tile ajoutees dans la pile: 6
Nombre de Tile traversees: 852  Distance est: 131
Nombre de Tile ajoutees dans la pile: 6
Nombre de Tile traversees: 853  Distance est: 131
Nombre de Tile ajoutees dans la pile: 5
Nombre de Tile traversees: 854  Distance est: 131
Nombre de Tile ajoutees dans la pile: 5
Nombre de Tile traversees: 855  Distance est: 131
Nombre de Tile ajoutees dans la pile: 6
Nombre de Tile traversees: 856  Distance est: 131
Nombre de Tile ajoutees dans la pile: 5
Nombre de Tile traversees: 857  Distance est: 132
Nombre de Tile ajoutees dans la pile: 5
Nombre de Tile traversees: 858  Distance est: 132
Nombre de Tile ajoutees dans la pile: 5
Nombre de Tile traversees: 859  Distance est: 132
Nombre de Tile ajoutees dans la pile: 5
Nombre de Tile traversees: 860  Distance est: 132
Nombre de Tile ajoutees dans la pile: 5
Nombre de Tile traversees: 861  Distance est: 132
Nombre de Tile ajoutees dans la pile: 5
Nombre de Tile traversees: 862  Distance est: 133
Nombre de Tile ajoutees dans la pile: 5
Nombre de Tile traversees: 863  Distance est: 133
Nombre de Tile ajoutees dans la pile: 5
Nombre de Tile traversees: 864  Distance est: 133
Nombre de Tile ajoutees dans la pile: 5
Nombre de Tile traversees: 865  Distance est: 133
Nombre de Tile ajoutees dans la pile: 4
Nombre de Tile traversees: 866  Distance est: 133
Nombre de Tile ajoutees dans la pile: 4
Nombre de Tile traversees: 867  Distance est: 134
Nombre de Tile ajoutees dans la pile: 4
Nombre de Tile traversees: 868  Distance est: 134
Nombre de Tile ajoutees dans la pile: 4
Nombre de Tile traversees: 869  Distance est: 134
Nombre de Tile ajoutees dans la pile: 4
Nombre de Tile traversees: 870  Distance est: 134
Nombre de Tile ajoutees dans la pile: 4
Nombre de Tile traversees: 871  Distance est: 135
Nombre de Tile ajoutees dans la pile: 4
Nombre de Tile traversees: 872  Distance est: 135
Nombre de Tile ajoutees dans la pile: 4
Nombre de Tile traversees: 873  Distance est: 135
Nombre de Tile ajoutees dans la pile: 4
Nombre de Tile traversees: 874  Distance est: 135
Nombre de Tile ajoutees dans la pile: 4
Nombre de Tile traversees: 875  Distance est: 136
Nombre de Tile ajoutees dans la pile: 4
Nombre de Tile traversees: 876  Distance est: 136
Nombre de Tile ajoutees dans la pile: 4
Nombre de Tile traversees: 877  Distance est: 136
Nombre de Tile ajoutees dans la pile: 5
Nombre de Tile traversees: 878  Distance est: 136
Nombre de Tile ajoutees dans la pile: 5
Nombre de Tile traversees: 879  Distance est: 137
Nombre de Tile ajoutees dans la pile: 5
Nombre de Tile traversees: 880  Distance est: 137
Nombre de Tile ajoutees dans la pile: 5
Nombre de Tile traversees: 881  Distance est: 137
Nombre de Tile ajoutees dans la pile: 6
Nombre de Tile traversees: 882  Distance est: 137
Nombre de Tile ajoutees dans la pile: 5
Nombre de Tile traversees: 883  Distance est: 137
Nombre de Tile ajoutees dans la pile: 5
Nombre de Tile traversees: 884  Distance est: 138
Nombre de Tile ajoutees dans la pile: 5
Nombre de Tile traversees: 885  Distance est: 138
Nombre de Tile ajoutees dans la pile: 5
Nombre de Tile traversees: 886  Distance est: 138
Nombre de Tile ajoutees dans la pile: 6
Nombre de Tile traversees: 887  Distance est: 138
Nombre de Tile ajoutees dans la pile: 5
Nombre de Tile traversees: 888  Distance est: 138
Nombre de Tile ajoutees dans la pile: 5
Nombre de Tile traversees: 889  Distance est: 139
Nombre de Tile ajoutees dans la pile: 5
Nombre de Tile traversees: 890  Distance est: 139
Nombre de Tile ajoutees dans la pile: 6
Nombre de Tile traversees: 891  Distance est: 139
Nombre de Tile ajoutees dans la pile: 6
Nombre de Tile traversees: 892  Distance est: 139
Nombre de Tile ajoutees dans la pile: 5
Nombre de Tile traversees: 893  Distance est: 139
Nombre de Tile ajoutees dans la pile: 5
Nombre de Tile traversees: 894  Distance est: 140
Nombre de Tile ajoutees dans la pile: 5
Nombre de Tile traversees: 895  Distance est: 140
Nombre de Tile ajoutees dans la pile: 5
Nombre de Tile traversees: 896  Distance est: 140
Nombre de Tile ajoutees dans la pile: 5
Nombre de Tile traversees: 897  Distance est: 140
Nombre de Tile ajoutees dans la pile: 5
Nombre de Tile traversees: 898  Distance est: 140
Nombre de Tile ajoutees dans la pile: 5
Nombre de Tile traversees: 899  Distance est: 141
Nombre de Tile ajoutees dans la pile: 6
Nombre de Tile traversees: 900  Distance est: 141
Nombre de Tile ajoutees dans la pile: 6
Nombre de Tile traversees: 901  Distance est: 141
Nombre de Tile ajoutees dans la pile: 6
Nombre de Tile traversees: 902  Distance est: 141
Nombre de Tile ajoutees dans la pile: 6
Nombre de Tile traversees: 903  Distance est: 141
Nombre de Tile ajoutees dans la pile: 6
Nombre de Tile traversees: 904  Distance est: 141
Nombre de Tile ajoutees dans la pile: 7
Nombre de Tile traversees: 905  Distance est: 142
Nombre de Tile ajoutees dans la pile: 7
Nombre de Tile traversees: 906  Distance est: 142
Nombre de Tile ajoutees dans la pile: 7
Nombre de Tile traversees: 907  Distance est: 142
Nombre de Tile ajoutees dans la pile: 8
Nombre de Tile traversees: 908  Distance est: 142
Nombre de Tile ajoutees dans la pile: 8
Nombre de Tile traversees: 909  Distance est: 142
Nombre de Tile ajoutees dans la pile: 8
Nombre de Tile traversees: 910  Distance est: 142
Nombre de Tile ajoutees dans la pile: 9
Nombre de Tile traversees: 911  Distance est: 142
Nombre de Tile ajoutees dans la pile: 8
Nombre de Tile traversees: 912  Distance est: 143
Nombre de Tile ajoutees dans la pile: 8
Nombre de Tile traversees: 913  Distance est: 143
Nombre de Tile ajoutees dans la pile: 8
Nombre de Tile traversees: 914  Distance est: 143
Nombre de Tile ajoutees dans la pile: 9
Nombre de Tile traversees: 915  Distance est: 143
Nombre de Tile ajoutees dans la pile: 8
Nombre de Tile traversees: 916  Distance est: 143
Nombre de Tile ajoutees dans la pile: 8
Nombre de Tile traversees: 917  Distance est: 143
Nombre de Tile ajoutees dans la pile: 8
Nombre de Tile traversees: 918  Distance est: 143
Nombre de Tile ajoutees dans la pile: 7
Nombre de Tile traversees: 919  Distance est: 143
Nombre de Tile ajoutees dans la pile: 6
Nombre de Tile traversees: 920  Distance est: 144
Nombre de Tile ajoutees dans la pile: 6
Nombre de Tile traversees: 921  Distance est: 144
Nombre de Tile ajoutees dans la pile: 6
Nombre de Tile traversees: 922  Distance est: 144
Nombre de Tile ajoutees dans la pile: 7
Nombre de Tile traversees: 923  Distance est: 144
Nombre de Tile ajoutees dans la pile: 6
Nombre de Tile traversees: 924  Distance est: 144
Nombre de Tile ajoutees dans la pile: 6
Nombre de Tile traversees: 925  Distance est: 144
Nombre de Tile ajoutees dans la pile: 6
Nombre de Tile traversees: 926  Distance est: 145
Nombre de Tile ajoutees dans la pile: 6
Nombre de Tile traversees: 927  Distance est: 145
Nombre de Tile ajoutees dans la pile: 6
Nombre de Tile traversees: 928  Distance est: 145
Nombre de Tile ajoutees dans la pile: 6
Nombre de Tile traversees: 929  Distance est: 145
Nombre de Tile ajoutees dans la pile: 5
Nombre de Tile traversees: 930  Distance est: 145
Nombre de Tile ajoutees dans la pile: 5
Nombre de Tile traversees: 931  Distance est: 145
Nombre de Tile ajoutees dans la pile: 5
Nombre de Tile traversees: 932  Distance est: 146
Nombre de Tile ajoutees dans la pile: 5
Nombre de Tile traversees: 933  Distance est: 146
Nombre de Tile ajoutees dans la pile: 5
Nombre de Tile traversees: 934  Distance est: 146
Nombre de Tile ajoutees dans la pile: 5
Nombre de Tile traversees: 935  Distance est: 146
Nombre de Tile ajoutees dans la pile: 5
Nombre de Tile traversees: 936  Distance est: 146
Nombre de Tile ajoutees dans la pile: 5
Nombre de Tile traversees: 937  Distance est: 147
Nombre de Tile ajoutees dans la pile: 5
Nombre de Tile traversees: 938  Distance est: 147
Nombre de Tile ajoutees dans la pile: 5
Nombre de Tile traversees: 939  Distance est: 147
Nombre de Tile ajoutees dans la pile: 5
Nombre de Tile traversees: 940  Distance est: 147
Nombre de Tile ajoutees dans la pile: 5
Nombre de Tile traversees: 941  Distance est: 147
Nombre de Tile ajoutees dans la pile: 5
Nombre de Tile traversees: 942  Distance est: 148
Nombre de Tile ajoutees dans la pile: 5
Nombre de Tile traversees: 943  Distance est: 148
Nombre de Tile ajoutees dans la pile: 5
Nombre de Tile traversees: 944  Distance est: 148
Nombre de Tile ajoutees dans la pile: 5
Nombre de Tile traversees: 945  Distance est: 148
Nombre de Tile ajoutees dans la pile: 5
Nombre de Tile traversees: 946  Distance est: 148
Nombre de Tile ajoutees dans la pile: 5
Nombre de Tile traversees: 947  Distance est: 149
Nombre de Tile ajoutees dans la pile: 5
Nombre de Tile traversees: 948  Distance est: 149
Nombre de Tile ajoutees dans la pile: 5
Nombre de Tile traversees: 949  Distance est: 149
Nombre de Tile ajoutees dans la pile: 6
Nombre de Tile traversees: 950  Distance est: 149
Nombre de Tile ajoutees dans la pile: 7
Nombre de Tile traversees: 951  Distance est: 149
Nombre de Tile ajoutees dans la pile: 7
Nombre de Tile traversees: 952  Distance est: 150
Nombre de Tile ajoutees dans la pile: 8
Nombre de Tile traversees: 953  Distance est: 150
Nombre de Tile ajoutees dans la pile: 8
Nombre de Tile traversees: 954  Distance est: 150
Nombre de Tile ajoutees dans la pile: 8
Nombre de Tile traversees: 955  Distance est: 150
Nombre de Tile ajoutees dans la pile: 8
Nombre de Tile traversees: 956  Distance est: 150
Nombre de Tile ajoutees dans la pile: 8
Nombre de Tile traversees: 957  Distance est: 150
Nombre de Tile ajoutees dans la pile: 8
Nombre de Tile traversees: 958  Distance est: 150
Nombre de Tile ajoutees dans la pile: 8
Nombre de Tile traversees: 959  Distance est: 150
Nombre de Tile ajoutees dans la pile: 8
Nombre de Tile traversees: 960  Distance est: 151
Nombre de Tile ajoutees dans la pile: 8
Nombre de Tile traversees: 961  Distance est: 151
Nombre de Tile ajoutees dans la pile: 7
Nombre de Tile traversees: 962  Distance est: 151
Nombre de Tile ajoutees dans la pile: 7
Nombre de Tile traversees: 963  Distance est: 151
Nombre de Tile ajoutees dans la pile: 7
Nombre de Tile traversees: 964  Distance est: 151
Nombre de Tile ajoutees dans la pile: 7
Nombre de Tile traversees: 965  Distance est: 151
Nombre de Tile ajoutees dans la pile: 6
Nombre de Tile traversees: 966  Distance est: 151
Nombre de Tile ajoutees dans la pile: 6
Nombre de Tile traversees: 967  Distance est: 151
Nombre de Tile ajoutees dans la pile: 6
Nombre de Tile traversees: 968  Distance est: 152
Nombre de Tile ajoutees dans la pile: 6
Nombre de Tile traversees: 969  Distance est: 152
Nombre de Tile ajoutees dans la pile: 6
Nombre de Tile traversees: 970  Distance est: 152
Nombre de Tile ajoutees dans la pile: 6
Nombre de Tile traversees: 971  Distance est: 152
Nombre de Tile ajoutees dans la pile: 6
Nombre de Tile traversees: 972  Distance est: 152
Nombre de Tile ajoutees dans la pile: 6
Nombre de Tile traversees: 973  Distance est: 152
Nombre de Tile ajoutees dans la pile: 6
Nombre de Tile traversees: 974  Distance est: 153
Nombre de Tile ajoutees dans la pile: 6
Nombre de Tile traversees: 975  Distance est: 153
Nombre de Tile ajoutees dans la pile: 6
Nombre de Tile traversees: 976  Distance est: 153
Nombre de Tile ajoutees dans la pile: 6
Nombre de Tile traversees: 977  Distance est: 153
Nombre de Tile ajoutees dans la pile: 5
Nombre de Tile traversees: 978  Distance est: 153
Nombre de Tile ajoutees dans la pile: 5
Nombre de Tile traversees: 979  Distance est: 153
Nombre de Tile ajoutees dans la pile: 5
Nombre de Tile traversees: 980  Distance est: 154
Nombre de Tile ajoutees dans la pile: 6
Nombre de Tile traversees: 981  Distance est: 154
Nombre de Tile ajoutees dans la pile: 6
Nombre de Tile traversees: 982  Distance est: 154
Nombre de Tile ajoutees dans la pile: 6
Nombre de Tile traversees: 983  Distance est: 154
Nombre de Tile ajoutees dans la pile: 6
Nombre de Tile traversees: 984  Distance est: 154
Nombre de Tile ajoutees dans la pile: 6
Nombre de Tile traversees: 985  Distance est: 154
Nombre de Tile ajoutees dans la pile: 6
Nombre de Tile traversees: 986  Distance est: 155
Nombre de Tile ajoutees dans la pile: 6
Nombre de Tile traversees: 987  Distance est: 155
Nombre de Tile ajoutees dans la pile: 6
Nombre de Tile traversees: 988  Distance est: 155
Nombre de Tile ajoutees dans la pile: 7
Nombre de Tile traversees: 989  Distance est: 155
Nombre de Tile ajoutees dans la pile: 7
Nombre de Tile traversees: 990  Distance est: 155
Nombre de Tile ajoutees dans la pile: 7
Nombre de Tile traversees: 991  Distance est: 155
Nombre de Tile ajoutees dans la pile: 7
Nombre de Tile traversees: 992  Distance est: 156
Nombre de Tile ajoutees dans la pile: 7
Nombre de Tile traversees: 993  Distance est: 156
Nombre de Tile ajoutees dans la pile: 7
Nombre de Tile traversees: 994  Distance est: 156
Nombre de Tile ajoutees dans la pile: 7
Nombre de Tile traversees: 995  Distance est: 156
Nombre de Tile ajoutees dans la pile: 7
Nombre de Tile traversees: 996  Distance est: 156
Nombre de Tile ajoutees dans la pile: 7
Nombre de Tile traversees: 997  Distance est: 156
Nombre de Tile ajoutees dans la pile: 7
Nombre de Tile traversees: 998  Distance est: 156
Nombre de Tile ajoutees dans la pile: 7
Nombre de Tile traversees: 999  Distance est: 157
Nombre de Tile ajoutees dans la pile: 7
Nombre de Tile traversees: 1000  Distance est: 157
Nombre de Tile ajoutees dans la pile: 6
Nombre de Tile traversees: 1001  Distance est: 157
Nombre de Tile ajoutees dans la pile: 6
Nombre de Tile traversees: 1002  Distance est: 157
Nombre de Tile ajoutees dans la pile: 5
Nombre de Tile traversees: 1003  Distance est: 157
Nombre de Tile ajoutees dans la pile: 5
Nombre de Tile traversees: 1004  Distance est: 157
Nombre de Tile ajoutees dans la pile: 5
Nombre de Tile traversees: 1005  Distance est: 157
Nombre de Tile ajoutees dans la pile: 5
Nombre de Tile traversees: 1006  Distance est: 158
Nombre de Tile ajoutees dans la pile: 4
Nombre de Tile traversees: 1007  Distance est: 158
Nombre de Tile ajoutees dans la pile: 4
Nombre de Tile traversees: 1008  Distance est: 158
Nombre de Tile ajoutees dans la pile: 4
Nombre de Tile traversees: 1009  Distance est: 158
Nombre de Tile ajoutees dans la pile: 4
Nombre de Tile traversees: 1010  Distance est: 159
Nombre de Tile ajoutees dans la pile: 4
Nombre de Tile traversees: 1011  Distance est: 159
Nombre de Tile ajoutees dans la pile: 5
Nombre de Tile traversees: 1012  Distance est: 159
Nombre de Tile ajoutees dans la pile: 6
Nombre de Tile traversees: 1013  Distance est: 159
Nombre de Tile ajoutees dans la pile: 6
Nombre de Tile traversees: 1014  Distance est: 160
Nombre de Tile ajoutees dans la pile: 6
Nombre de Tile traversees: 1015  Distance est: 160
Nombre de Tile ajoutees dans la pile: 7
Nombre de Tile traversees: 1016  Distance est: 160
Nombre de Tile ajoutees dans la pile: 7
Nombre de Tile traversees: 1017  Distance est: 160
Nombre de Tile ajoutees dans la pile: 7
Nombre de Tile traversees: 1018  Distance est: 160
Nombre de Tile ajoutees dans la pile: 7
Nombre de Tile traversees: 1019  Distance est: 160
Nombre de Tile ajoutees dans la pile: 7
Nombre de Tile traversees: 1020  Distance est: 161
Nombre de Tile ajoutees dans la pile: 7
Nombre de Tile traversees: 1021  Distance est: 161
Nombre de Tile ajoutees dans la pile: 7
Nombre de Tile traversees: 1022  Distance est: 161
Nombre de Tile ajoutees dans la pile: 6
Nombre de Tile traversees: 1023  Distance est: 161
Nombre de Tile ajoutees dans la pile: 6
Nombre de Tile traversees: 1024  Distance est: 161
Nombre de Tile ajoutees dans la pile: 6
Nombre de Tile traversees: 1025  Distance est: 161
Nombre de Tile ajoutees dans la pile: 6
Nombre de Tile traversees: 1026  Distance est: 161
Nombre de Tile ajoutees dans la pile: 6
Nombre de Tile traversees: 1027  Distance est: 162
Nombre de Tile ajoutees dans la pile: 7
Nombre de Tile traversees: 1028  Distance est: 162
Nombre de Tile ajoutees dans la pile: 7
Nombre de Tile traversees: 1029  Distance est: 162
Nombre de Tile ajoutees dans la pile: 7
Nombre de Tile traversees: 1030  Distance est: 162
Nombre de Tile ajoutees dans la pile: 7
Nombre de Tile traversees: 1031  Distance est: 162
Nombre de Tile ajoutees dans la pile: 7
Nombre de Tile traversees: 1032  Distance est: 162
Nombre de Tile ajoutees dans la pile: 7
Nombre de Tile traversees: 1033  Distance est: 162
Nombre de Tile ajoutees dans la pile: 7
Nombre de Tile traversees: 1034  Distance est: 163
Nombre de Tile ajoutees dans la pile: 7
Nombre de Tile traversees: 1035  Distance est: 163
Nombre de Tile ajoutees dans la pile: 6
Nombre de Tile traversees: 1036  Distance est: 163
Nombre de Tile ajoutees dans la pile: 6
Nombre de Tile traversees: 1037  Distance est: 163
Nombre de Tile ajoutees dans la pile: 6
Nombre de Tile traversees: 1038  Distance est: 163
Nombre de Tile ajoutees dans la pile: 6
Nombre de Tile traversees: 1039  Distance est: 163
Nombre de Tile ajoutees dans la pile: 6
Nombre de Tile traversees: 1040  Distance est: 163
Nombre de Tile ajoutees dans la pile: 6
Nombre de Tile traversees: 1041  Distance est: 164
Nombre de Tile ajoutees dans la pile: 6
Nombre de Tile traversees: 1042  Distance est: 164
Nombre de Tile ajoutees dans la pile: 6
Nombre de Tile traversees: 1043  Distance est: 164
Nombre de Tile ajoutees dans la pile: 6
Nombre de Tile traversees: 1044  Distance est: 164
Nombre de Tile ajoutees dans la pile: 6
Nombre de Tile traversees: 1045  Distance est: 164
Nombre de Tile ajoutees dans la pile: 6
Nombre de Tile traversees: 1046  Distance est: 164
Nombre de Tile ajoutees dans la pile: 6
Nombre de Tile traversees: 1047  Distance est: 165
Nombre de Tile ajoutees dans la pile: 6
Nombre de Tile traversees: 1048  Distance est: 165
Nombre de Tile ajoutees dans la pile: 5
Nombre de Tile traversees: 1049  Distance est: 165
Nombre de Tile ajoutees dans la pile: 5
Nombre de Tile traversees: 1050  Distance est: 165
Nombre de Tile ajoutees dans la pile: 5
Nombre de Tile traversees: 1051  Distance est: 165
Nombre de Tile ajoutees dans la pile: 5
Nombre de Tile traversees: 1052  Distance est: 165
Nombre de Tile ajoutees dans la pile: 4
Nombre de Tile traversees: 1053  Distance est: 166
Nombre de Tile ajoutees dans la pile: 4
Nombre de Tile traversees: 1054  Distance est: 166
Nombre de Tile ajoutees dans la pile: 4
Nombre de Tile traversees: 1055  Distance est: 166
Nombre de Tile ajoutees dans la pile: 4
Nombre de Tile traversees: 1056  Distance est: 166
Nombre de Tile ajoutees dans la pile: 4
Nombre de Tile traversees: 1057  Distance est: 167
Nombre de Tile ajoutees dans la pile: 4
Nombre de Tile traversees: 1058  Distance est: 167
Nombre de Tile ajoutees dans la pile: 4
Nombre de Tile traversees: 1059  Distance est: 167
Nombre de Tile ajoutees dans la pile: 4
Nombre de Tile traversees: 1060  Distance est: 167
Nombre de Tile ajoutees dans la pile: 4
Nombre de Tile traversees: 1061  Distance est: 168
Nombre de Tile ajoutees dans la pile: 4
Nombre de Tile traversees: 1062  Distance est: 168
Nombre de Tile ajoutees dans la pile: 4
Nombre de Tile traversees: 1063  Distance est: 168
Nombre de Tile ajoutees dans la pile: 4
Nombre de Tile traversees: 1064  Distance est: 168
Nombre de Tile ajoutees dans la pile: 4
Nombre de Tile traversees: 1065  Distance est: 169
Nombre de Tile ajoutees dans la pile: 5
Nombre de Tile traversees: 1066  Distance est: 169
Nombre de Tile ajoutees dans la pile: 5
Nombre de Tile traversees: 1067  Distance est: 169
Nombre de Tile ajoutees dans la pile: 5
Nombre de Tile traversees: 1068  Distance est: 169
Nombre de Tile ajoutees dans la pile: 5
Nombre de Tile traversees: 1069  Distance est: 169
Nombre de Tile ajoutees dans la pile: 6
Nombre de Tile traversees: 1070  Distance est: 170
Nombre de Tile ajoutees dans la pile: 5
Nombre de Tile traversees: 1071  Distance est: 170
Nombre de Tile ajoutees dans la pile: 5
Nombre de Tile traversees: 1072  Distance est: 170
Nombre de Tile ajoutees dans la pile: 5
Nombre de Tile traversees: 1073  Distance est: 170
Nombre de Tile ajoutees dans la pile: 5
Nombre de Tile traversees: 1074  Distance est: 170
Nombre de Tile ajoutees dans la pile: 6
Nombre de Tile traversees: 1075  Distance est: 171
Nombre de Tile ajoutees dans la pile: 5
Nombre de Tile traversees: 1076  Distance est: 171
Nombre de Tile ajoutees dans la pile: 5
Nombre de Tile traversees: 1077  Distance est: 171
Nombre de Tile ajoutees dans la pile: 5
Nombre de Tile traversees: 1078  Distance est: 171
Nombre de Tile ajoutees dans la pile: 5
Nombre de Tile traversees: 1079  Distance est: 171
Nombre de Tile ajoutees dans la pile: 5
Nombre de Tile traversees: 1080  Distance est: 172
Nombre de Tile ajoutees dans la pile: 4
Nombre de Tile traversees: 1081  Distance est: 172
Nombre de Tile ajoutees dans la pile: 5
Nombre de Tile traversees: 1082  Distance est: 172
Nombre de Tile ajoutees dans la pile: 5
Nombre de Tile traversees: 1083  Distance est: 172
Nombre de Tile ajoutees dans la pile: 5
Nombre de Tile traversees: 1084  Distance est: 173
Nombre de Tile ajoutees dans la pile: 5
Nombre de Tile traversees: 1085  Distance est: 173
Nombre de Tile ajoutees dans la pile: 6
Nombre de Tile traversees: 1086  Distance est: 173
Nombre de Tile ajoutees dans la pile: 5
Nombre de Tile traversees: 1087  Distance est: 173
Nombre de Tile ajoutees dans la pile: 6
Nombre de Tile traversees: 1088  Distance est: 173
Nombre de Tile ajoutees dans la pile: 6
Nombre de Tile traversees: 1089  Distance est: 174
Nombre de Tile ajoutees dans la pile: 6
Nombre de Tile traversees: 1090  Distance est: 174
Nombre de Tile ajoutees dans la pile: 7
Nombre de Tile traversees: 1091  Distance est: 174
Nombre de Tile ajoutees dans la pile: 6
Nombre de Tile traversees: 1092  Distance est: 174
Nombre de Tile ajoutees dans la pile: 6
Nombre de Tile traversees: 1093  Distance est: 174
Nombre de Tile ajoutees dans la pile: 6
Nombre de Tile traversees: 1094  Distance est: 174
Nombre de Tile ajoutees dans la pile: 6
Nombre de Tile traversees: 1095  Distance est: 175
Nombre de Tile ajoutees dans la pile: 6
Nombre de Tile traversees: 1096  Distance est: 175
Nombre de Tile ajoutees dans la pile: 6
Nombre de Tile traversees: 1097  Distance est: 175
Nombre de Tile ajoutees dans la pile: 5
Nombre de Tile traversees: 1098  Distance est: 175
Nombre de Tile ajoutees dans la pile: 5
Nombre de Tile traversees: 1099  Distance est: 175
Nombre de Tile ajoutees dans la pile: 5
Nombre de Tile traversees: 1100  Distance est: 175
Nombre de Tile ajoutees dans la pile: 6
Nombre de Tile traversees: 1101  Distance est: 176
Nombre de Tile ajoutees dans la pile: 6
Nombre de Tile traversees: 1102  Distance est: 176
Nombre de Tile ajoutees dans la pile: 6
Nombre de Tile traversees: 1103  Distance est: 176
Nombre de Tile ajoutees dans la pile: 6
Nombre de Tile traversees: 1104  Distance est: 176
Nombre de Tile ajoutees dans la pile: 6
Nombre de Tile traversees: 1105  Distance est: 176
Nombre de Tile ajoutees dans la pile: 6
Nombre de Tile traversees: 1106  Distance est: 176
Nombre de Tile ajoutees dans la pile: 6
Nombre de Tile traversees: 1107  Distance est: 177
Nombre de Tile ajoutees dans la pile: 6
Nombre de Tile traversees: 1108  Distance est: 177
Nombre de Tile ajoutees dans la pile: 6
Nombre de Tile traversees: 1109  Distance est: 177
Nombre de Tile ajoutees dans la pile: 5
Nombre de Tile traversees: 1110  Distance est: 177
Nombre de Tile ajoutees dans la pile: 5
Nombre de Tile traversees: 1111  Distance est: 177
Nombre de Tile ajoutees dans la pile: 4
Nombre de Tile traversees: 1112  Distance est: 177
Nombre de Tile ajoutees dans la pile: 4
Nombre de Tile traversees: 1113  Distance est: 178
Nombre de Tile ajoutees dans la pile: 4
Nombre de Tile traversees: 1114  Distance est: 178
Nombre de Tile ajoutees dans la pile: 4
Nombre de Tile traversees: 1115  Distance est: 178
Nombre de Tile ajoutees dans la pile: 4
Nombre de Tile traversees: 1116  Distance est: 178
Nombre de Tile ajoutees dans la pile: 4
Nombre de Tile traversees: 1117  Distance est: 179
Nombre de Tile ajoutees dans la pile: 4
Nombre de Tile traversees: 1118  Distance est: 179
Nombre de Tile ajoutees dans la pile: 4
Nombre de Tile traversees: 1119  Distance est: 179
Nombre de Tile ajoutees dans la pile: 4
Nombre de Tile traversees: 1120  Distance est: 179
Nombre de Tile ajoutees dans la pile: 5
Nombre de Tile traversees: 1121  Distance est: 180
Nombre de Tile ajoutees dans la pile: 5
Nombre de Tile traversees: 1122  Distance est: 180
Nombre de Tile ajoutees dans la pile: 6
Nombre de Tile traversees: 1123  Distance est: 180
Nombre de Tile ajoutees dans la pile: 6
Nombre de Tile traversees: 1124  Distance est: 180
Nombre de Tile ajoutees dans la pile: 6
Nombre de Tile traversees: 1125  Distance est: 180
Nombre de Tile ajoutees dans la pile: 6
Nombre de Tile traversees: 1126  Distance est: 181
Nombre de Tile ajoutees dans la pile: 6
Nombre de Tile traversees: 1127  Distance est: 181
Nombre de Tile ajoutees dans la pile: 7
Nombre de Tile traversees: 1128  Distance est: 181
Nombre de Tile ajoutees dans la pile: 7
Nombre de Tile traversees: 1129  Distance est: 181
Nombre de Tile ajoutees dans la pile: 7
Nombre de Tile traversees: 1130  Distance est: 181
Nombre de Tile ajoutees dans la pile: 7
Nombre de Tile traversees: 1131  Distance est: 181
Nombre de Tile ajoutees dans la pile: 7
Nombre de Tile traversees: 1132  Distance est: 182
Nombre de Tile ajoutees dans la pile: 7
Nombre de Tile traversees: 1133  Distance est: 182
Nombre de Tile ajoutees dans la pile: 8
Nombre de Tile traversees: 1134  Distance est: 182
Nombre de Tile ajoutees dans la pile: 7
Nombre de Tile traversees: 1135  Distance est: 182
Nombre de Tile ajoutees dans la pile: 7
Nombre de Tile traversees: 1136  Distance est: 182
Nombre de Tile ajoutees dans la pile: 7
Nombre de Tile traversees: 1137  Distance est: 182
Nombre de Tile ajoutees dans la pile: 7
Nombre de Tile traversees: 1138  Distance est: 182
Nombre de Tile ajoutees dans la pile: 8
Nombre de Tile traversees: 1139  Distance est: 183
Nombre de Tile ajoutees dans la pile: 9
Nombre de Tile traversees: 1140  Distance est: 183
Nombre de Tile ajoutees dans la pile: 9
Nombre de Tile traversees: 1141  Distance est: 183
Nombre de Tile ajoutees dans la pile: 8
Nombre de Tile traversees: 1142  Distance est: 183
Nombre de Tile ajoutees dans la pile: 8
Nombre de Tile traversees: 1143  Distance est: 183
Nombre de Tile ajoutees dans la pile: 8
Nombre de Tile traversees: 1144  Distance est: 183
Nombre de Tile ajoutees dans la pile: 8
Nombre de Tile traversees: 1145  Distance est: 183
Nombre de Tile ajoutees dans la pile: 9
Nombre de Tile traversees: 1146  Distance est: 183
Nombre de Tile ajoutees dans la pile: 8
Nombre de Tile traversees: 1147  Distance est: 183
Nombre de Tile ajoutees dans la pile: 9
Nombre de Tile traversees: 1148  Distance est: 184
Nombre de Tile ajoutees dans la pile: 8
Nombre de Tile traversees: 1149  Distance est: 184
Nombre de Tile ajoutees dans la pile: 8
Nombre de Tile traversees: 1150  Distance est: 184
Nombre de Tile ajoutees dans la pile: 8
Nombre de Tile traversees: 1151  Distance est: 184
Nombre de Tile ajoutees dans la pile: 8
Nombre de Tile traversees: 1152  Distance est: 184
Nombre de Tile ajoutees dans la pile: 8
Nombre de Tile traversees: 1153  Distance est: 184
Nombre de Tile ajoutees dans la pile: 9
Nombre de Tile traversees: 1154  Distance est: 184
Nombre de Tile ajoutees dans la pile: 8
Nombre de Tile traversees: 1155  Distance est: 184
Nombre de Tile ajoutees dans la pile: 9
Nombre de Tile traversees: 1156  Distance est: 185
Nombre de Tile ajoutees dans la pile: 8
Nombre de Tile traversees: 1157  Distance est: 185
Nombre de Tile ajoutees dans la pile: 9
Nombre de Tile traversees: 1158  Distance est: 185
Nombre de Tile ajoutees dans la pile: 8
Nombre de Tile traversees: 1159  Distance est: 185
Nombre de Tile ajoutees dans la pile: 8
Nombre de Tile traversees: 1160  Distance est: 185
Nombre de Tile ajoutees dans la pile: 8
Nombre de Tile traversees: 1161  Distance est: 185
Nombre de Tile ajoutees dans la pile: 7
Nombre de Tile traversees: 1162  Distance est: 185
Nombre de Tile ajoutees dans la pile: 6
Nombre de Tile traversees: 1163  Distance est: 185
Nombre de Tile ajoutees dans la pile: 6
Nombre de Tile traversees: 1164  Distance est: 186
Nombre de Tile ajoutees dans la pile: 5
Nombre de Tile traversees: 1165  Distance est: 186
Nombre de Tile ajoutees dans la pile: 5
Nombre de Tile traversees: 1166  Distance est: 186
Nombre de Tile ajoutees dans la pile: 5
Nombre de Tile traversees: 1167  Distance est: 186
Nombre de Tile ajoutees dans la pile: 5
Nombre de Tile traversees: 1168  Distance est: 186
Nombre de Tile ajoutees dans la pile: 5
Nombre de Tile traversees: 1169  Distance est: 187
Nombre de Tile ajoutees dans la pile: 5
Nombre de Tile traversees: 1170  Distance est: 187
Nombre de Tile ajoutees dans la pile: 5
Nombre de Tile traversees: 1171  Distance est: 187
Nombre de Tile ajoutees dans la pile: 5
Nombre de Tile traversees: 1172  Distance est: 187
Nombre de Tile ajoutees dans la pile: 5
Nombre de Tile traversees: 1173  Distance est: 187
Nombre de Tile ajoutees dans la pile: 5
Nombre de Tile traversees: 1174  Distance est: 188
Nombre de Tile ajoutees dans la pile: 5
Nombre de Tile traversees: 1175  Distance est: 188
Nombre de Tile ajoutees dans la pile: 5
Nombre de Tile traversees: 1176  Distance est: 188
Nombre de Tile ajoutees dans la pile: 5
Nombre de Tile traversees: 1177  Distance est: 188
Nombre de Tile ajoutees dans la pile: 5
Nombre de Tile traversees: 1178  Distance est: 188
Nombre de Tile ajoutees dans la pile: 5
Nombre de Tile traversees: 1179  Distance est: 189
Nombre de Tile ajoutees dans la pile: 5
Nombre de Tile traversees: 1180  Distance est: 189
Nombre de Tile ajoutees dans la pile: 6
Nombre de Tile traversees: 1181  Distance est: 189
Nombre de Tile ajoutees dans la pile: 5
Nombre de Tile traversees: 1182  Distance est: 189
Nombre de Tile ajoutees dans la pile: 5
Nombre de Tile traversees: 1183  Distance est: 189
Nombre de Tile ajoutees dans la pile: 4
Nombre de Tile traversees: 1184  Distance est: 190
Nombre de Tile ajoutees dans la pile: 4
Nombre de Tile traversees: 1185  Distance est: 190
Nombre de Tile ajoutees dans la pile: 4
Nombre de Tile traversees: 1186  Distance est: 190
Nombre de Tile ajoutees dans la pile: 5
Nombre de Tile traversees: 1187  Distance est: 190
Nombre de Tile ajoutees dans la pile: 5
Nombre de Tile traversees: 1188  Distance est: 191
Nombre de Tile ajoutees dans la pile: 5
Nombre de Tile traversees: 1189  Distance est: 191
Nombre de Tile ajoutees dans la pile: 5
Nombre de Tile traversees: 1190  Distance est: 191
Nombre de Tile ajoutees dans la pile: 6
Nombre de Tile traversees: 1191  Distance est: 191
Nombre de Tile ajoutees dans la pile: 5
Nombre de Tile traversees: 1192  Distance est: 191
Nombre de Tile ajoutees dans la pile: 5
Nombre de Tile traversees: 1193  Distance est: 192
Nombre de Tile ajoutees dans la pile: 5
Nombre de Tile traversees: 1194  Distance est: 192
Nombre de Tile ajoutees dans la pile: 5
Nombre de Tile traversees: 1195  Distance est: 192
Nombre de Tile ajoutees dans la pile: 6
Nombre de Tile traversees: 1196  Distance est: 192
Nombre de Tile ajoutees dans la pile: 5
Nombre de Tile traversees: 1197  Distance est: 192
Nombre de Tile ajoutees dans la pile: 5
Nombre de Tile traversees: 1198  Distance est: 193
Nombre de Tile ajoutees dans la pile: 6
Nombre de Tile traversees: 1199  Distance est: 193
Nombre de Tile ajoutees dans la pile: 6
Nombre de Tile traversees: 1200  Distance est: 193
Nombre de Tile ajoutees dans la pile: 6
Nombre de Tile traversees: 1201  Distance est: 193
Nombre de Tile ajoutees dans la pile: 5
Nombre de Tile traversees: 1202  Distance est: 193
Nombre de Tile ajoutees dans la pile: 5
Nombre de Tile traversees: 1203  Distance est: 193
Nombre de Tile ajoutees dans la pile: 6
Nombre de Tile traversees: 1204  Distance est: 194
Nombre de Tile ajoutees dans la pile: 5
Nombre de Tile traversees: 1205  Distance est: 194
Nombre de Tile ajoutees dans la pile: 5
Nombre de Tile traversees: 1206  Distance est: 194
Nombre de Tile ajoutees dans la pile: 5
Nombre de Tile traversees: 1207  Distance est: 194
Nombre de Tile ajoutees dans la pile: 5
Nombre de Tile traversees: 1208  Distance est: 194
Nombre de Tile ajoutees dans la pile: 6
Nombre de Tile traversees: 1209  Distance est: 195
Nombre de Tile ajoutees dans la pile: 5
Nombre de Tile traversees: 1210  Distance est: 195
Nombre de Tile ajoutees dans la pile: 6
Nombre de Tile traversees: 1211  Distance est: 195
Nombre de Tile ajoutees dans la pile: 7
Nombre de Tile traversees: 1212  Distance est: 195
Nombre de Tile ajoutees dans la pile: 7
Nombre de Tile traversees: 1213  Distance est: 195
Nombre de Tile ajoutees dans la pile: 7
Nombre de Tile traversees: 1214  Distance est: 196
Nombre de Tile ajoutees dans la pile: 6
Nombre de Tile traversees: 1215  Distance est: 196
Nombre de Tile ajoutees dans la pile: 6
Nombre de Tile traversees: 1216  Distance est: 196
Nombre de Tile ajoutees dans la pile: 6
Nombre de Tile traversees: 1217  Distance est: 196
Nombre de Tile ajoutees dans la pile: 6
Nombre de Tile traversees: 1218  Distance est: 196
Nombre de Tile ajoutees dans la pile: 6
Nombre de Tile traversees: 1219  Distance est: 196
Nombre de Tile ajoutees dans la pile: 6
Nombre de Tile traversees: 1220  Distance est: 197
Nombre de Tile ajoutees dans la pile: 6
Nombre de Tile traversees: 1221  Distance est: 197
Nombre de Tile ajoutees dans la pile: 6
Nombre de Tile traversees: 1222  Distance est: 197
Nombre de Tile ajoutees dans la pile: 6
Nombre de Tile traversees: 1223  Distance est: 197
Nombre de Tile ajoutees dans la pile: 5
Nombre de Tile traversees: 1224  Distance est: 197
Nombre de Tile ajoutees dans la pile: 5
Nombre de Tile traversees: 1225  Distance est: 197
Nombre de Tile ajoutees dans la pile: 6
Nombre de Tile traversees: 1226  Distance est: 198
Nombre de Tile ajoutees dans la pile: 7
Nombre de Tile traversees: 1227  Distance est: 198
Nombre de Tile ajoutees dans la pile: 8
Nombre de Tile traversees: 1228  Distance est: 198
Nombre de Tile ajoutees dans la pile: 8
Nombre de Tile traversees: 1229  Distance est: 198
Nombre de Tile ajoutees dans la pile: 8
Nombre de Tile traversees: 1230  Distance est: 198
Nombre de Tile ajoutees dans la pile: 8
Nombre de Tile traversees: 1231  Distance est: 198
Nombre de Tile ajoutees dans la pile: 8
Nombre de Tile traversees: 1232  Distance est: 198
Nombre de Tile ajoutees dans la pile: 8
Nombre de Tile traversees: 1233  Distance est: 199
Nombre de Tile ajoutees dans la pile: 8
Nombre de Tile traversees: 1234  Distance est: 199
Nombre de Tile ajoutees dans la pile: 9
Nombre de Tile traversees: 1235  Distance est: 199
Nombre de Tile ajoutees dans la pile: 8
Nombre de Tile traversees: 1236  Distance est: 199
Nombre de Tile ajoutees dans la pile: 8
Nombre de Tile traversees: 1237  Distance est: 199
Nombre de Tile ajoutees dans la pile: 8
Nombre de Tile traversees: 1238  Distance est: 199
Nombre de Tile ajoutees dans la pile: 8
Nombre de Tile traversees: 1239  Distance est: 199
Nombre de Tile ajoutees dans la pile: 8
Nombre de Tile traversees: 1240  Distance est: 199
Nombre de Tile ajoutees dans la pile: 8
Nombre de Tile traversees: 1241  Distance est: 200
Nombre de Tile ajoutees dans la pile: 8
Nombre de Tile traversees: 1242  Distance est: 200
Nombre de Tile ajoutees dans la pile: 9
Nombre de Tile traversees: 1243  Distance est: 200
Nombre de Tile ajoutees dans la pile: 8
Nombre de Tile traversees: 1244  Distance est: 200
Nombre de Tile ajoutees dans la pile: 8
Nombre de Tile traversees: 1245  Distance est: 200
Nombre de Tile ajoutees dans la pile: 8
Nombre de Tile traversees: 1246  Distance est: 200
Nombre de Tile ajoutees dans la pile: 8
Nombre de Tile traversees: 1247  Distance est: 200
Nombre de Tile ajoutees dans la pile: 8
Nombre de Tile traversees: 1248  Distance est: 200
Nombre de Tile ajoutees dans la pile: 8
Nombre de Tile traversees: 1249  Distance est: 201
Nombre de Tile ajoutees dans la pile: 8
Nombre de Tile traversees: 1250  Distance est: 201
Nombre de Tile ajoutees dans la pile: 8
Nombre de Tile traversees: 1251  Distance est: 201
Nombre de Tile ajoutees dans la pile: 7
Nombre de Tile traversees: 1252  Distance est: 201
Nombre de Tile ajoutees dans la pile: 6
Nombre de Tile traversees: 1253  Distance est: 201
Nombre de Tile ajoutees dans la pile: 7
Nombre de Tile traversees: 1254  Distance est: 201
Nombre de Tile ajoutees dans la pile: 7
Nombre de Tile traversees: 1255  Distance est: 201
Nombre de Tile ajoutees dans la pile: 7
Nombre de Tile traversees: 1256  Distance est: 201
Nombre de Tile ajoutees dans la pile: 7
Nombre de Tile traversees: 1257  Distance est: 202
Nombre de Tile ajoutees dans la pile: 7
Nombre de Tile traversees: 1258  Distance est: 202
Nombre de Tile ajoutees dans la pile: 7
Nombre de Tile traversees: 1259  Distance est: 202
Nombre de Tile ajoutees dans la pile: 7
Nombre de Tile traversees: 1260  Distance est: 202
Nombre de Tile ajoutees dans la pile: 7
Nombre de Tile traversees: 1261  Distance est: 202
Nombre de Tile ajoutees dans la pile: 7
Nombre de Tile traversees: 1262  Distance est: 202
Nombre de Tile ajoutees dans la pile: 7
Nombre de Tile traversees: 1263  Distance est: 202
Nombre de Tile ajoutees dans la pile: 7
Nombre de Tile traversees: 1264  Distance est: 203
Nombre de Tile ajoutees dans la pile: 7
Nombre de Tile traversees: 1265  Distance est: 203
Nombre de Tile ajoutees dans la pile: 7
Nombre de Tile traversees: 1266  Distance est: 203
Nombre de Tile ajoutees dans la pile: 7
Nombre de Tile traversees: 1267  Distance est: 203
Nombre de Tile ajoutees dans la pile: 7
Nombre de Tile traversees: 1268  Distance est: 203
Nombre de Tile ajoutees dans la pile: 7
Nombre de Tile traversees: 1269  Distance est: 203
Nombre de Tile ajoutees dans la pile: 7
Nombre de Tile traversees: 1270  Distance est: 203
Nombre de Tile ajoutees dans la pile: 7
Nombre de Tile traversees: 1271  Distance est: 204
Nombre de Tile ajoutees dans la pile: 7
Nombre de Tile traversees: 1272  Distance est: 204
Nombre de Tile ajoutees dans la pile: 7
Nombre de Tile traversees: 1273  Distance est: 204
Nombre de Tile ajoutees dans la pile: 7
Nombre de Tile traversees: 1274  Distance est: 204
Nombre de Tile ajoutees dans la pile: 7
Nombre de Tile traversees: 1275  Distance est: 204
Nombre de Tile ajoutees dans la pile: 8
Nombre de Tile traversees: 1276  Distance est: 204
Nombre de Tile ajoutees dans la pile: 8
Nombre de Tile traversees: 1277  Distance est: 204
Nombre de Tile ajoutees dans la pile: 8
Nombre de Tile traversees: 1278  Distance est: 205
Nombre de Tile ajoutees dans la pile: 8
Nombre de Tile traversees: 1279  Distance est: 205
Nombre de Tile ajoutees dans la pile: 7
Nombre de Tile traversees: 1280  Distance est: 205
Nombre de Tile ajoutees dans la pile: 8
Nombre de Tile traversees: 1281  Distance est: 205
Nombre de Tile ajoutees dans la pile: 8
Nombre de Tile traversees: 1282  Distance est: 205
Nombre de Tile ajoutees dans la pile: 9
Nombre de Tile traversees: 1283  Distance est: 205
Nombre de Tile ajoutees dans la pile: 8
Nombre de Tile traversees: 1284  Distance est: 205
Nombre de Tile ajoutees dans la pile: 8
Nombre de Tile traversees: 1285  Distance est: 205
Nombre de Tile ajoutees dans la pile: 8
Nombre de Tile traversees: 1286  Distance est: 206
Nombre de Tile ajoutees dans la pile: 7
Nombre de Tile traversees: 1287  Distance est: 206
Nombre de Tile ajoutees dans la pile: 7
Nombre de Tile traversees: 1288  Distance est: 206
Nombre de Tile ajoutees dans la pile: 7
Nombre de Tile traversees: 1289  Distance est: 206
Nombre de Tile ajoutees dans la pile: 7
Nombre de Tile traversees: 1290  Distance est: 206
Nombre de Tile ajoutees dans la pile: 8
Nombre de Tile traversees: 1291  Distance est: 206
Nombre de Tile ajoutees dans la pile: 7
Nombre de Tile traversees: 1292  Distance est: 206
Nombre de Tile ajoutees dans la pile: 7
Nombre de Tile traversees: 1293  Distance est: 207
Nombre de Tile ajoutees dans la pile: 8
Nombre de Tile traversees: 1294  Distance est: 207
Nombre de Tile ajoutees dans la pile: 7
Nombre de Tile traversees: 1295  Distance est: 207
Nombre de Tile ajoutees dans la pile: 6
Nombre de Tile traversees: 1296  Distance est: 207
Nombre de Tile ajoutees dans la pile: 6
Nombre de Tile traversees: 1297  Distance est: 207
Nombre de Tile ajoutees dans la pile: 6
Nombre de Tile traversees: 1298  Distance est: 207
Nombre de Tile ajoutees dans la pile: 5
Nombre de Tile traversees: 1299  Distance est: 207
Nombre de Tile ajoutees dans la pile: 5
Nombre de Tile traversees: 1300  Distance est: 207
Nombre de Tile ajoutees dans la pile: 6
Nombre de Tile traversees: 1301  Distance est: 208
Nombre de Tile ajoutees dans la pile: 5
Nombre de Tile traversees: 1302  Distance est: 208
Nombre de Tile ajoutees dans la pile: 5
Nombre de Tile traversees: 1303  Distance est: 208
Nombre de Tile ajoutees dans la pile: 5
Nombre de Tile traversees: 1304  Distance est: 208
Nombre de Tile ajoutees dans la pile: 5
Nombre de Tile traversees: 1305  Distance est: 208
Nombre de Tile ajoutees dans la pile: 6
Nombre de Tile traversees: 1306  Distance est: 209
Nombre de Tile ajoutees dans la pile: 5
Nombre de Tile traversees: 1307  Distance est: 209
Nombre de Tile ajoutees dans la pile: 5
Nombre de Tile traversees: 1308  Distance est: 209
Nombre de Tile ajoutees dans la pile: 6
Nombre de Tile traversees: 1309  Distance est: 209
Nombre de Tile ajoutees dans la pile: 6
Nombre de Tile traversees: 1310  Distance est: 209
Nombre de Tile ajoutees dans la pile: 6
Nombre de Tile traversees: 1311  Distance est: 210
Nombre de Tile ajoutees dans la pile: 5
Nombre de Tile traversees: 1312  Distance est: 210
Nombre de Tile ajoutees dans la pile: 5
Nombre de Tile traversees: 1313  Distance est: 210
Nombre de Tile ajoutees dans la pile: 5
Nombre de Tile traversees: 1314  Distance est: 210
Nombre de Tile ajoutees dans la pile: 5
Nombre de Tile traversees: 1315  Distance est: 210
Nombre de Tile ajoutees dans la pile: 5
Nombre de Tile traversees: 1316  Distance est: 211
Nombre de Tile ajoutees dans la pile: 5
Nombre de Tile traversees: 1317  Distance est: 211
Nombre de Tile ajoutees dans la pile: 4
Nombre de Tile traversees: 1318  Distance est: 211
Nombre de Tile ajoutees dans la pile: 4
Nombre de Tile traversees: 1319  Distance est: 211
Nombre de Tile ajoutees dans la pile: 4
Nombre de Tile traversees: 1320  Distance est: 211
Nombre de Tile ajoutees dans la pile: 4
Nombre de Tile traversees: 1321  Distance est: 212
Nombre de Tile ajoutees dans la pile: 4
Nombre de Tile traversees: 1322  Distance est: 212
Nombre de Tile ajoutees dans la pile: 4
Nombre de Tile traversees: 1323  Distance est: 212
Nombre de Tile ajoutees dans la pile: 4
Nombre de Tile traversees: 1324  Distance est: 212
Nombre de Tile ajoutees dans la pile: 4
Nombre de Tile traversees: 1325  Distance est: 213
Nombre de Tile ajoutees dans la pile: 4
Nombre de Tile traversees: 1326  Distance est: 213
Nombre de Tile ajoutees dans la pile: 4
Nombre de Tile traversees: 1327  Distance est: 213
Nombre de Tile ajoutees dans la pile: 4
Nombre de Tile traversees: 1328  Distance est: 213
Nombre de Tile ajoutees dans la pile: 4
Nombre de Tile traversees: 1329  Distance est: 214
Nombre de Tile ajoutees dans la pile: 5
Nombre de Tile traversees: 1330  Distance est: 214
Nombre de Tile ajoutees dans la pile: 6
Nombre de Tile traversees: 1331  Distance est: 214
Nombre de Tile ajoutees dans la pile: 7
Nombre de Tile traversees: 1332  Distance est: 214
Nombre de Tile ajoutees dans la pile: 7
Nombre de Tile traversees: 1333  Distance est: 214
Nombre de Tile ajoutees dans la pile: 7
Nombre de Tile traversees: 1334  Distance est: 215
Nombre de Tile ajoutees dans la pile: 7
Nombre de Tile traversees: 1335  Distance est: 215
Nombre de Tile ajoutees dans la pile: 8
Nombre de Tile traversees: 1336  Distance est: 215
Nombre de Tile ajoutees dans la pile: 7
Nombre de Tile traversees: 1337  Distance est: 215
Nombre de Tile ajoutees dans la pile: 8
Nombre de Tile traversees: 1338  Distance est: 215
Nombre de Tile ajoutees dans la pile: 7
Nombre de Tile traversees: 1339  Distance est: 215
Nombre de Tile ajoutees dans la pile: 7
Nombre de Tile traversees: 1340  Distance est: 215
Nombre de Tile ajoutees dans la pile: 7
Nombre de Tile traversees: 1341  Distance est: 216
Nombre de Tile ajoutees dans la pile: 7
Nombre de Tile traversees: 1342  Distance est: 216
Nombre de Tile ajoutees dans la pile: 8
Nombre de Tile traversees: 1343  Distance est: 216
Nombre de Tile ajoutees dans la pile: 7
Nombre de Tile traversees: 1344  Distance est: 216
Nombre de Tile ajoutees dans la pile: 8
Nombre de Tile traversees: 1345  Distance est: 216
Nombre de Tile ajoutees dans la pile: 7
Nombre de Tile traversees: 1346  Distance est: 216
Nombre de Tile ajoutees dans la pile: 7
Nombre de Tile traversees: 1347  Distance est: 216
Nombre de Tile ajoutees dans la pile: 7
Nombre de Tile traversees: 1348  Distance est: 217
Nombre de Tile ajoutees dans la pile: 7
Nombre de Tile traversees: 1349  Distance est: 217
Nombre de Tile ajoutees dans la pile: 7
Nombre de Tile traversees: 1350  Distance est: 217
Nombre de Tile ajoutees dans la pile: 6
Nombre de Tile traversees: 1351  Distance est: 217
Nombre de Tile ajoutees dans la pile: 6
Nombre de Tile traversees: 1352  Distance est: 217
Nombre de Tile ajoutees dans la pile: 6
Nombre de Tile traversees: 1353  Distance est: 217
Nombre de Tile ajoutees dans la pile: 7
Nombre de Tile traversees: 1354  Distance est: 217
Nombre de Tile ajoutees dans la pile: 8
Nombre de Tile traversees: 1355  Distance est: 218
Nombre de Tile ajoutees dans la pile: 8
Nombre de Tile traversees: 1356  Distance est: 218
Nombre de Tile ajoutees dans la pile: 8
Nombre de Tile traversees: 1357  Distance est: 218
Nombre de Tile ajoutees dans la pile: 8
Nombre de Tile traversees: 1358  Distance est: 218
Nombre de Tile ajoutees dans la pile: 9
Nombre de Tile traversees: 1359  Distance est: 218
Nombre de Tile ajoutees dans la pile: 9
Nombre de Tile traversees: 1360  Distance est: 218
Nombre de Tile ajoutees dans la pile: 10
Nombre de Tile traversees: 1361  Distance est: 218
Nombre de Tile ajoutees dans la pile: 11
Nombre de Tile traversees: 1362  Distance est: 218
Nombre de Tile ajoutees dans la pile: 11
Nombre de Tile traversees: 1363  Distance est: 219
Nombre de Tile ajoutees dans la pile: 12
Nombre de Tile traversees: 1364  Distance est: 219
Nombre de Tile ajoutees dans la pile: 12
Nombre de Tile traversees: 1365  Distance est: 219
Nombre de Tile ajoutees dans la pile: 11
Nombre de Tile traversees: 1366  Distance est: 219
Nombre de Tile ajoutees dans la pile: 12
Nombre de Tile traversees: 1367  Distance est: 219
Nombre de Tile ajoutees dans la pile: 11
Nombre de Tile traversees: 1368  Distance est: 219
Nombre de Tile ajoutees dans la pile: 11
Nombre de Tile traversees: 1369  Distance est: 219
Nombre de Tile ajoutees dans la pile: 12
Nombre de Tile traversees: 1370  Distance est: 219
Nombre de Tile ajoutees dans la pile: 11
Nombre de Tile traversees: 1371  Distance est: 219
Nombre de Tile ajoutees dans la pile: 12
Nombre de Tile traversees: 1372  Distance est: 219
Nombre de Tile ajoutees dans la pile: 11
Nombre de Tile traversees: 1373  Distance est: 219
Nombre de Tile ajoutees dans la pile: 10
Nombre de Tile traversees: 1374  Distance est: 219
Nombre de Tile ajoutees dans la pile: 11
Nombre de Tile traversees: 1375  Distance est: 220
Nombre de Tile ajoutees dans la pile: 10
Nombre de Tile traversees: 1376  Distance est: 220
Nombre de Tile ajoutees dans la pile: 10
Nombre de Tile traversees: 1377  Distance est: 220
Nombre de Tile ajoutees dans la pile: 11
Nombre de Tile traversees: 1378  Distance est: 220
Nombre de Tile ajoutees dans la pile: 10
Nombre de Tile traversees: 1379  Distance est: 220
Nombre de Tile ajoutees dans la pile: 10
Nombre de Tile traversees: 1380  Distance est: 220
Nombre de Tile ajoutees dans la pile: 11
Nombre de Tile traversees: 1381  Distance est: 220
Nombre de Tile ajoutees dans la pile: 10
Nombre de Tile traversees: 1382  Distance est: 220
Nombre de Tile ajoutees dans la pile: 10
Nombre de Tile traversees: 1383  Distance est: 220
Nombre de Tile ajoutees dans la pile: 10
Nombre de Tile traversees: 1384  Distance est: 220
Nombre de Tile ajoutees dans la pile: 11
Nombre de Tile traversees: 1385  Distance est: 221
Nombre de Tile ajoutees dans la pile: 10
Nombre de Tile traversees: 1386  Distance est: 221
Nombre de Tile ajoutees dans la pile: 10
Nombre de Tile traversees: 1387  Distance est: 221
Nombre de Tile ajoutees dans la pile: 10
Nombre de Tile traversees: 1388  Distance est: 221
Nombre de Tile ajoutees dans la pile: 9
Nombre de Tile traversees: 1389  Distance est: 221
Nombre de Tile ajoutees dans la pile: 9
Nombre de Tile traversees: 1390  Distance est: 221
Nombre de Tile ajoutees dans la pile: 8
Nombre de Tile traversees: 1391  Distance est: 221
Nombre de Tile ajoutees dans la pile: 8
Nombre de Tile traversees: 1392  Distance est: 221
Nombre de Tile ajoutees dans la pile: 8
Nombre de Tile traversees: 1393  Distance est: 221
Nombre de Tile ajoutees dans la pile: 7
Nombre de Tile traversees: 1394  Distance est: 221
Nombre de Tile ajoutees dans la pile: 7
Nombre de Tile traversees: 1395  Distance est: 222
Nombre de Tile ajoutees dans la pile: 6
Nombre de Tile traversees: 1396  Distance est: 222
Nombre de Tile ajoutees dans la pile: 6
Nombre de Tile traversees: 1397  Distance est: 222
Nombre de Tile ajoutees dans la pile: 6
Nombre de Tile traversees: 1398  Distance est: 222
Nombre de Tile ajoutees dans la pile: 6
Nombre de Tile traversees: 1399  Distance est: 222
Nombre de Tile ajoutees dans la pile: 6
Nombre de Tile traversees: 1400  Distance est: 222
Nombre de Tile ajoutees dans la pile: 6
Nombre de Tile traversees: 1401  Distance est: 223
Nombre de Tile ajoutees dans la pile: 6
Nombre de Tile traversees: 1402  Distance est: 223
Nombre de Tile ajoutees dans la pile: 6
Nombre de Tile traversees: 1403  Distance est: 223
Nombre de Tile ajoutees dans la pile: 6
Nombre de Tile traversees: 1404  Distance est: 223
Nombre de Tile ajoutees dans la pile: 6
Nombre de Tile traversees: 1405  Distance est: 223
Nombre de Tile ajoutees dans la pile: 6
Nombre de Tile traversees: 1406  Distance est: 223
Nombre de Tile ajoutees dans la pile: 6
Nombre de Tile traversees: 1407  Distance est: 224
Nombre de Tile ajoutees dans la pile: 6
Nombre de Tile traversees: 1408  Distance est: 224
Nombre de Tile ajoutees dans la pile: 6
Nombre de Tile traversees: 1409  Distance est: 224
Nombre de Tile ajoutees dans la pile: 6
Nombre de Tile traversees: 1410  Distance est: 224
Nombre de Tile ajoutees dans la pile: 6
Nombre de Tile traversees: 1411  Distance est: 224
Nombre de Tile ajoutees dans la pile: 6
Nombre de Tile traversees: 1412  Distance est: 224
Nombre de Tile ajoutees dans la pile: 6
Nombre de Tile traversees: 1413  Distance est: 225
Nombre de Tile ajoutees dans la pile: 6
Nombre de Tile traversees: 1414  Distance est: 225
Nombre de Tile ajoutees dans la pile: 6
Nombre de Tile traversees: 1415  Distance est: 225
Nombre de Tile ajoutees dans la pile: 6
Nombre de Tile traversees: 1416  Distance est: 225
Nombre de Tile ajoutees dans la pile: 5
Nombre de Tile traversees: 1417  Distance est: 225
Nombre de Tile ajoutees dans la pile: 5
Nombre de Tile traversees: 1418  Distance est: 225
Nombre de Tile ajoutees dans la pile: 5
Nombre de Tile traversees: 1419  Distance est: 226
Nombre de Tile ajoutees dans la pile: 5
Nombre de Tile traversees: 1420  Distance est: 226
Nombre de Tile ajoutees dans la pile: 5
Nombre de Tile traversees: 1421  Distance est: 226
Nombre de Tile ajoutees dans la pile: 5
Nombre de Tile traversees: 1422  Distance est: 226
Nombre de Tile ajoutees dans la pile: 5
Nombre de Tile traversees: 1423  Distance est: 226
Nombre de Tile ajoutees dans la pile: 5
Nombre de Tile traversees: 1424  Distance est: 227
Nombre de Tile ajoutees dans la pile: 5
Nombre de Tile traversees: 1425  Distance est: 227
Nombre de Tile ajoutees dans la pile: 5
Nombre de Tile traversees: 1426  Distance est: 227
Nombre de Tile ajoutees dans la pile: 6
Nombre de Tile traversees: 1427  Distance est: 227
Nombre de Tile ajoutees dans la pile: 6
Nombre de Tile traversees: 1428  Distance est: 227
Nombre de Tile ajoutees dans la pile: 6
Nombre de Tile traversees: 1429  Distance est: 228
Nombre de Tile ajoutees dans la pile: 6
Nombre de Tile traversees: 1430  Distance est: 228
Nombre de Tile ajoutees dans la pile: 7
Nombre de Tile traversees: 1431  Distance est: 228
Nombre de Tile ajoutees dans la pile: 7
Nombre de Tile traversees: 1432  Distance est: 228
Nombre de Tile ajoutees dans la pile: 7
Nombre de Tile traversees: 1433  Distance est: 228
Nombre de Tile ajoutees dans la pile: 7
Nombre de Tile traversees: 1434  Distance est: 228
Nombre de Tile ajoutees dans la pile: 7
Nombre de Tile traversees: 1435  Distance est: 229
Nombre de Tile ajoutees dans la pile: 7
Nombre de Tile traversees: 1436  Distance est: 229
Nombre de Tile ajoutees dans la pile: 8
Nombre de Tile traversees: 1437  Distance est: 229
Nombre de Tile ajoutees dans la pile: 7
Nombre de Tile traversees: 1438  Distance est: 229
Nombre de Tile ajoutees dans la pile: 7
Nombre de Tile traversees: 1439  Distance est: 229
Nombre de Tile ajoutees dans la pile: 7
Nombre de Tile traversees: 1440  Distance est: 229
Nombre de Tile ajoutees dans la pile: 7
Nombre de Tile traversees: 1441  Distance est: 229
Nombre de Tile ajoutees dans la pile: 7
Nombre de Tile traversees: 1442  Distance est: 230
Nombre de Tile ajoutees dans la pile: 7
Nombre de Tile traversees: 1443  Distance est: 230
Nombre de Tile ajoutees dans la pile: 8
Nombre de Tile traversees: 1444  Distance est: 230
Nombre de Tile ajoutees dans la pile: 7
Nombre de Tile traversees: 1445  Distance est: 230
Nombre de Tile ajoutees dans la pile: 7
Nombre de Tile traversees: 1446  Distance est: 230
Nombre de Tile ajoutees dans la pile: 7
Nombre de Tile traversees: 1447  Distance est: 230
Nombre de Tile ajoutees dans la pile: 7
Nombre de Tile traversees: 1448  Distance est: 230
Nombre de Tile ajoutees dans la pile: 7
Nombre de Tile traversees: 1449  Distance est: 231
Nombre de Tile ajoutees dans la pile: 7
Nombre de Tile traversees: 1450  Distance est: 231
Nombre de Tile ajoutees dans la pile: 6
Nombre de Tile traversees: 1451  Distance est: 231
Nombre de Tile ajoutees dans la pile: 6
Nombre de Tile traversees: 1452  Distance est: 231
Nombre de Tile ajoutees dans la pile: 6
Nombre de Tile traversees: 1453  Distance est: 231
Nombre de Tile ajoutees dans la pile: 6
Nombre de Tile traversees: 1454  Distance est: 231
Nombre de Tile ajoutees dans la pile: 6
Nombre de Tile traversees: 1455  Distance est: 231
Nombre de Tile ajoutees dans la pile: 6
Nombre de Tile traversees: 1456  Distance est: 232
Nombre de Tile ajoutees dans la pile: 6
Nombre de Tile traversees: 1457  Distance est: 232
Nombre de Tile ajoutees dans la pile: 6
Nombre de Tile traversees: 1458  Distance est: 232
Nombre de Tile ajoutees dans la pile: 7
Nombre de Tile traversees: 1459  Distance est: 232
Nombre de Tile ajoutees dans la pile: 7
Nombre de Tile traversees: 1460  Distance est: 232
Nombre de Tile ajoutees dans la pile: 7
Nombre de Tile traversees: 1461  Distance est: 232
Nombre de Tile ajoutees dans la pile: 8
Nombre de Tile traversees: 1462  Distance est: 233
Nombre de Tile ajoutees dans la pile: 8
Nombre de Tile traversees: 1463  Distance est: 233
Nombre de Tile ajoutees dans la pile: 9
Nombre de Tile traversees: 1464  Distance est: 233
Nombre de Tile ajoutees dans la pile: 10
Nombre de Tile traversees: 1465  Distance est: 233
Nombre de Tile ajoutees dans la pile: 9
Nombre de Tile traversees: 1466  Distance est: 233
Nombre de Tile ajoutees dans la pile: 9
Nombre de Tile traversees: 1467  Distance est: 233
Nombre de Tile ajoutees dans la pile: 10
Nombre de Tile traversees: 1468  Distance est: 233
Nombre de Tile ajoutees dans la pile: 11
Nombre de Tile traversees: 1469  Distance est: 233
Nombre de Tile ajoutees dans la pile: 10
Nombre de Tile traversees: 1470  Distance est: 234
Nombre de Tile ajoutees dans la pile: 10
Nombre de Tile traversees: 1471  Distance est: 234
Nombre de Tile ajoutees dans la pile: 10
Nombre de Tile traversees: 1472  Distance est: 234
Nombre de Tile ajoutees dans la pile: 10
Nombre de Tile traversees: 1473  Distance est: 234
Nombre de Tile ajoutees dans la pile: 11
Nombre de Tile traversees: 1474  Distance est: 234
Nombre de Tile ajoutees dans la pile: 10
Nombre de Tile traversees: 1475  Distance est: 234
Nombre de Tile ajoutees dans la pile: 10
Nombre de Tile traversees: 1476  Distance est: 234
Nombre de Tile ajoutees dans la pile: 10
Nombre de Tile traversees: 1477  Distance est: 234
Nombre de Tile ajoutees dans la pile: 10
Nombre de Tile traversees: 1478  Distance est: 234
Nombre de Tile ajoutees dans la pile: 11
Nombre de Tile traversees: 1479  Distance est: 234
Nombre de Tile ajoutees dans la pile: 10
Nombre de Tile traversees: 1480  Distance est: 235
Nombre de Tile ajoutees dans la pile: 10
Nombre de Tile traversees: 1481  Distance est: 235
Nombre de Tile ajoutees dans la pile: 9
Nombre de Tile traversees: 1482  Distance est: 235
Nombre de Tile ajoutees dans la pile: 9
Nombre de Tile traversees: 1483  Distance est: 235
Nombre de Tile ajoutees dans la pile: 9
Nombre de Tile traversees: 1484  Distance est: 235
Nombre de Tile ajoutees dans la pile: 8
Nombre de Tile traversees: 1485  Distance est: 235
Nombre de Tile ajoutees dans la pile: 9
Nombre de Tile traversees: 1486  Distance est: 235
Nombre de Tile ajoutees dans la pile: 10
Nombre de Tile traversees: 1487  Distance est: 235
Nombre de Tile ajoutees dans la pile: 11
Nombre de Tile traversees: 1488  Distance est: 235
Nombre de Tile ajoutees dans la pile: 11
Nombre de Tile traversees: 1489  Distance est: 235
Nombre de Tile ajoutees dans la pile: 11
Nombre de Tile traversees: 1490  Distance est: 236
Nombre de Tile ajoutees dans la pile: 11
Nombre de Tile traversees: 1491  Distance est: 236
Nombre de Tile ajoutees dans la pile: 11
Nombre de Tile traversees: 1492  Distance est: 236
Nombre de Tile ajoutees dans la pile: 11
Nombre de Tile traversees: 1493  Distance est: 236
Nombre de Tile ajoutees dans la pile: 11
Nombre de Tile traversees: 1494  Distance est: 236
Nombre de Tile ajoutees dans la pile: 11
Nombre de Tile traversees: 1495  Distance est: 236
Nombre de Tile ajoutees dans la pile: 11
Nombre de Tile traversees: 1496  Distance est: 236
Nombre de Tile ajoutees dans la pile: 11
Nombre de Tile traversees: 1497  Distance est: 236
Nombre de Tile ajoutees dans la pile: 12
Nombre de Tile traversees: 1498  Distance est: 236
Nombre de Tile ajoutees dans la pile: 12
Nombre de Tile traversees: 1499  Distance est: 236
Nombre de Tile ajoutees dans la pile: 12
Nombre de Tile traversees: 1500  Distance est: 236
Nombre de Tile ajoutees dans la pile: 12
Nombre de Tile traversees: 1501  Distance est: 237
Nombre de Tile ajoutees dans la pile: 13
Nombre de Tile traversees: 1502  Distance est: 237
Nombre de Tile ajoutees dans la pile: 13
Nombre de Tile traversees: 1503  Distance est: 237
Nombre de Tile ajoutees dans la pile: 13
Nombre de Tile traversees: 1504  Distance est: 237
Nombre de Tile ajoutees dans la pile: 13
Nombre de Tile traversees: 1505  Distance est: 237
Nombre de Tile ajoutees dans la pile: 13
Nombre de Tile traversees: 1506  Distance est: 237
Nombre de Tile ajoutees dans la pile: 13
Nombre de Tile traversees: 1507  Distance est: 237
Nombre de Tile ajoutees dans la pile: 13
Nombre de Tile traversees: 1508  Distance est: 237
Nombre de Tile ajoutees dans la pile: 13
Nombre de Tile traversees: 1509  Distance est: 237
Nombre de Tile ajoutees dans la pile: 12
Nombre de Tile traversees: 1510  Distance est: 237
Nombre de Tile ajoutees dans la pile: 12
Nombre de Tile traversees: 1511  Distance est: 237
Nombre de Tile ajoutees dans la pile: 12
Nombre de Tile traversees: 1512  Distance est: 237
Nombre de Tile ajoutees dans la pile: 12
Nombre de Tile traversees: 1513  Distance est: 237
Nombre de Tile ajoutees dans la pile: 13
Nombre de Tile traversees: 1514  Distance est: 238
Nombre de Tile ajoutees dans la pile: 12
Nombre de Tile traversees: 1515  Distance est: 238
Nombre de Tile ajoutees dans la pile: 12
Nombre de Tile traversees: 1516  Distance est: 238
Nombre de Tile ajoutees dans la pile: 12
Nombre de Tile traversees: 1517  Distance est: 238
Nombre de Tile ajoutees dans la pile: 12
Nombre de Tile traversees: 1518  Distance est: 238
Nombre de Tile ajoutees dans la pile: 12
Nombre de Tile traversees: 1519  Distance est: 238
Nombre de Tile ajoutees dans la pile: 12
Nombre de Tile traversees: 1520  Distance est: 238
Nombre de Tile ajoutees dans la pile: 12
Nombre de Tile traversees: 1521  Distance est: 238
Nombre de Tile ajoutees dans la pile: 12
Nombre de Tile traversees: 1522  Distance est: 238
Nombre de Tile ajoutees dans la pile: 12
Nombre de Tile traversees: 1523  Distance est: 238
Nombre de Tile ajoutees dans la pile: 12
Nombre de Tile traversees: 1524  Distance est: 238
Nombre de Tile ajoutees dans la pile: 12
Nombre de Tile traversees: 1525  Distance est: 238
Nombre de Tile ajoutees dans la pile: 13
Nombre de Tile traversees: 1526  Distance est: 239
Nombre de Tile ajoutees dans la pile: 12
Nombre de Tile traversees: 1527  Distance est: 239
Nombre de Tile ajoutees dans la pile: 12
Nombre de Tile traversees: 1528  Distance est: 239
Nombre de Tile ajoutees dans la pile: 12
Nombre de Tile traversees: 1529  Distance est: 239
Nombre de Tile ajoutees dans la pile: 12
Nombre de Tile traversees: 1530  Distance est: 239
Nombre de Tile ajoutees dans la pile: 12
Nombre de Tile traversees: 1531  Distance est: 239
Nombre de Tile ajoutees dans la pile: 12
Nombre de Tile traversees: 1532  Distance est: 239
Nombre de Tile ajoutees dans la pile: 12
Nombre de Tile traversees: 1533  Distance est: 239
Nombre de Tile ajoutees dans la pile: 12
Nombre de Tile traversees: 1534  Distance est: 239
Nombre de Tile ajoutees dans la pile: 12
Nombre de Tile traversees: 1535  Distance est: 239
Nombre de Tile ajoutees dans la pile: 12
Nombre de Tile traversees: 1536  Distance est: 239
Nombre de Tile ajoutees dans la pile: 11
Nombre de Tile traversees: 1537  Distance est: 239
Nombre de Tile ajoutees dans la pile: 11
Nombre de Tile traversees: 1538  Distance est: 240
Nombre de Tile ajoutees dans la pile: 10
Nombre de Tile traversees: 1539  Distance est: 240
Nombre de Tile ajoutees dans la pile: 10
Nombre de Tile traversees: 1540  Distance est: 240
Nombre de Tile ajoutees dans la pile: 10
Nombre de Tile traversees: 1541  Distance est: 240
Nombre de Tile ajoutees dans la pile: 10
Nombre de Tile traversees: 1542  Distance est: 240
Nombre de Tile ajoutees dans la pile: 10
Nombre de Tile traversees: 1543  Distance est: 240
Nombre de Tile ajoutees dans la pile: 10
Nombre de Tile traversees: 1544  Distance est: 240
Nombre de Tile ajoutees dans la pile: 10
Nombre de Tile traversees: 1545  Distance est: 240
Nombre de Tile ajoutees dans la pile: 10
Nombre de Tile traversees: 1546  Distance est: 240
Nombre de Tile ajoutees dans la pile: 10
Nombre de Tile traversees: 1547  Distance est: 240
Nombre de Tile ajoutees dans la pile: 10
Nombre de Tile traversees: 1548  Distance est: 241
Nombre de Tile ajoutees dans la pile: 10
Nombre de Tile traversees: 1549  Distance est: 241
Nombre de Tile ajoutees dans la pile: 10
Nombre de Tile traversees: 1550  Distance est: 241
Nombre de Tile ajoutees dans la pile: 10
Nombre de Tile traversees: 1551  Distance est: 241
Nombre de Tile ajoutees dans la pile: 10
Nombre de Tile traversees: 1552  Distance est: 241
Nombre de Tile ajoutees dans la pile: 10
Nombre de Tile traversees: 1553  Distance est: 241
Nombre de Tile ajoutees dans la pile: 10
Nombre de Tile traversees: 1554  Distance est: 241
Nombre de Tile ajoutees dans la pile: 10
Nombre de Tile traversees: 1555  Distance est: 241
Nombre de Tile ajoutees dans la pile: 10
Nombre de Tile traversees: 1556  Distance est: 241
Nombre de Tile ajoutees dans la pile: 9
Nombre de Tile traversees: 1557  Distance est: 241
Nombre de Tile ajoutees dans la pile: 10
Nombre de Tile traversees: 1558  Distance est: 242
Nombre de Tile ajoutees dans la pile: 10
Nombre de Tile traversees: 1559  Distance est: 242
Nombre de Tile ajoutees dans la pile: 10
Nombre de Tile traversees: 1560  Distance est: 242
Nombre de Tile ajoutees dans la pile: 10
Nombre de Tile traversees: 1561  Distance est: 242
Nombre de Tile ajoutees dans la pile: 10
Nombre de Tile traversees: 1562  Distance est: 242
Nombre de Tile ajoutees dans la pile: 10
Nombre de Tile traversees: 1563  Distance est: 242
Nombre de Tile ajoutees dans la pile: 11
Nombre de Tile traversees: 1564  Distance est: 242
Nombre de Tile ajoutees dans la pile: 11
Nombre de Tile traversees: 1565  Distance est: 242
Nombre de Tile ajoutees dans la pile: 11
Nombre de Tile traversees: 1566  Distance est: 242
Nombre de Tile ajoutees dans la pile: 11
Nombre de Tile traversees: 1567  Distance est: 242
Nombre de Tile ajoutees dans la pile: 11
Nombre de Tile traversees: 1568  Distance est: 243
Nombre de Tile ajoutees dans la pile: 11
Nombre de Tile traversees: 1569  Distance est: 243
Nombre de Tile ajoutees dans la pile: 11
Nombre de Tile traversees: 1570  Distance est: 243
Nombre de Tile ajoutees dans la pile: 11
Nombre de Tile traversees: 1571  Distance est: 243
Nombre de Tile ajoutees dans la pile: 11
Nombre de Tile traversees: 1572  Distance est: 243
Nombre de Tile ajoutees dans la pile: 11
Nombre de Tile traversees: 1573  Distance est: 243
Nombre de Tile ajoutees dans la pile: 12
Nombre de Tile traversees: 1574  Distance est: 243
Nombre de Tile ajoutees dans la pile: 11
Nombre de Tile traversees: 1575  Distance est: 243
Nombre de Tile ajoutees dans la pile: 11
Nombre de Tile traversees: 1576  Distance est: 243
Nombre de Tile ajoutees dans la pile: 11
Nombre de Tile traversees: 1577  Distance est: 243
Nombre de Tile ajoutees dans la pile: 10
Nombre de Tile traversees: 1578  Distance est: 243
Nombre de Tile ajoutees dans la pile: 10
Nombre de Tile traversees: 1579  Distance est: 244
Nombre de Tile ajoutees dans la pile: 10
Nombre de Tile traversees: 1580  Distance est: 244
Nombre de Tile ajoutees dans la pile: 10
Nombre de Tile traversees: 1581  Distance est: 244
Nombre de Tile ajoutees dans la pile: 10
Nombre de Tile traversees: 1582  Distance est: 244
Nombre de Tile ajoutees dans la pile: 11
Nombre de Tile traversees: 1583  Distance est: 244
Nombre de Tile ajoutees dans la pile: 11
Nombre de Tile traversees: 1584  Distance est: 244
Nombre de Tile ajoutees dans la pile: 12
Nombre de Tile traversees: 1585  Distance est: 244
Nombre de Tile ajoutees dans la pile: 11
Nombre de Tile traversees: 1586  Distance est: 244
Nombre de Tile ajoutees dans la pile: 11
Nombre de Tile traversees: 1587  Distance est: 244
Nombre de Tile ajoutees dans la pile: 11
Nombre de Tile traversees: 1588  Distance est: 244
Nombre de Tile ajoutees dans la pile: 11
Nombre de Tile traversees: 1589  Distance est: 245
Nombre de Tile ajoutees dans la pile: 11
Nombre de Tile traversees: 1590  Distance est: 245
Nombre de Tile ajoutees dans la pile: 10
Nombre de Tile traversees: 1591  Distance est: 245
Nombre de Tile ajoutees dans la pile: 9
Nombre de Tile traversees: 1592  Distance est: 245
Nombre de Tile ajoutees dans la pile: 10
Nombre de Tile traversees: 1593  Distance est: 245
Nombre de Tile ajoutees dans la pile: 9
Nombre de Tile traversees: 1594  Distance est: 245
Nombre de Tile ajoutees dans la pile: 9
Nombre de Tile traversees: 1595  Distance est: 245
Nombre de Tile ajoutees dans la pile: 9
Nombre de Tile traversees: 1596  Distance est: 245
Nombre de Tile ajoutees dans la pile: 8
Nombre de Tile traversees: 1597  Distance est: 245
Nombre de Tile ajoutees dans la pile: 8
Nombre de Tile traversees: 1598  Distance est: 245
Nombre de Tile ajoutees dans la pile: 9
Nombre de Tile traversees: 1599  Distance est: 245
Nombre de Tile ajoutees dans la pile: 10
Nombre de Tile traversees: 1600  Distance est: 246
Nombre de Tile ajoutees dans la pile: 10
Nombre de Tile traversees: 1601  Distance est: 246
Nombre de Tile ajoutees dans la pile: 11
Nombre de Tile traversees: 1602  Distance est: 246
Nombre de Tile ajoutees dans la pile: 10
Nombre de Tile traversees: 1603  Distance est: 246
Nombre de Tile ajoutees dans la pile: 10
Nombre de Tile traversees: 1604  Distance est: 246
Nombre de Tile ajoutees dans la pile: 10
Nombre de Tile traversees: 1605  Distance est: 246
Nombre de Tile ajoutees dans la pile: 10
Nombre de Tile traversees: 1606  Distance est: 246
Nombre de Tile ajoutees dans la pile: 10
Nombre de Tile traversees: 1607  Distance est: 246
Nombre de Tile ajoutees dans la pile: 10
Nombre de Tile traversees: 1608  Distance est: 246
Nombre de Tile ajoutees dans la pile: 10
Nombre de Tile traversees: 1609  Distance est: 246
Nombre de Tile ajoutees dans la pile: 10
Nombre de Tile traversees: 1610  Distance est: 247
Nombre de Tile ajoutees dans la pile: 10
Nombre de Tile traversees: 1611  Distance est: 247
Nombre de Tile ajoutees dans la pile: 10
Nombre de Tile traversees: 1612  Distance est: 247
Nombre de Tile ajoutees dans la pile: 10
Nombre de Tile traversees: 1613  Distance est: 247
Nombre de Tile ajoutees dans la pile: 10
Nombre de Tile traversees: 1614  Distance est: 247
Nombre de Tile ajoutees dans la pile: 10
Nombre de Tile traversees: 1615  Distance est: 247
Nombre de Tile ajoutees dans la pile: 10
Nombre de Tile traversees: 1616  Distance est: 247
Nombre de Tile ajoutees dans la pile: 9
Nombre de Tile traversees: 1617  Distance est: 247
Nombre de Tile ajoutees dans la pile: 9
Nombre de Tile traversees: 1618  Distance est: 247
Nombre de Tile ajoutees dans la pile: 10
Nombre de Tile traversees: 1619  Distance est: 247
Nombre de Tile ajoutees dans la pile: 10
Nombre de Tile traversees: 1620  Distance est: 248
Nombre de Tile ajoutees dans la pile: 10
Nombre de Tile traversees: 1621  Distance est: 248
Nombre de Tile ajoutees dans la pile: 10
Nombre de Tile traversees: 1622  Distance est: 248
Nombre de Tile ajoutees dans la pile: 10
Nombre de Tile traversees: 1623  Distance est: 248
Nombre de Tile ajoutees dans la pile: 10
Nombre de Tile traversees: 1624  Distance est: 248
Nombre de Tile ajoutees dans la pile: 10
Nombre de Tile traversees: 1625  Distance est: 248
Nombre de Tile ajoutees dans la pile: 10
Nombre de Tile traversees: 1626  Distance est: 248
Nombre de Tile ajoutees dans la pile: 10
Nombre de Tile traversees: 1627  Distance est: 248
Nombre de Tile ajoutees dans la pile: 10
Nombre de Tile traversees: 1628  Distance est: 248
Nombre de Tile ajoutees dans la pile: 10
Nombre de Tile traversees: 1629  Distance est: 248
Nombre de Tile ajoutees dans la pile: 10
Nombre de Tile traversees: 1630  Distance est: 249
Nombre de Tile ajoutees dans la pile: 10
Nombre de Tile traversees: 1631  Distance est: 249
Nombre de Tile ajoutees dans la pile: 10
Nombre de Tile traversees: 1632  Distance est: 249
Nombre de Tile ajoutees dans la pile: 10
Nombre de Tile traversees: 1633  Distance est: 249
Nombre de Tile ajoutees dans la pile: 10
Nombre de Tile traversees: 1634  Distance est: 249
Nombre de Tile ajoutees dans la pile: 9
Nombre de Tile traversees: 1635  Distance est: 249
Nombre de Tile ajoutees dans la pile: 9
Nombre de Tile traversees: 1636  Distance est: 249
Nombre de Tile ajoutees dans la pile: 9
Nombre de Tile traversees: 1637  Distance est: 249
Nombre de Tile ajoutees dans la pile: 8
Nombre de Tile traversees: 1638  Distance est: 249
Nombre de Tile ajoutees dans la pile: 8
Nombre de Tile traversees: 1639  Distance est: 249
Nombre de Tile ajoutees dans la pile: 7
Nombre de Tile traversees: 1640  Distance est: 250
Nombre de Tile ajoutees dans la pile: 7
Nombre de Tile traversees: 1641  Distance est: 250
Nombre de Tile ajoutees dans la pile: 7
Nombre de Tile traversees: 1642  Distance est: 250
Nombre de Tile ajoutees dans la pile: 8
Nombre de Tile traversees: 1643  Distance est: 250
Nombre de Tile ajoutees dans la pile: 8
Nombre de Tile traversees: 1644  Distance est: 250
Nombre de Tile ajoutees dans la pile: 8
Nombre de Tile traversees: 1645  Distance est: 250
Nombre de Tile ajoutees dans la pile: 8
Nombre de Tile traversees: 1646  Distance est: 250
Nombre de Tile ajoutees dans la pile: 8
Nombre de Tile traversees: 1647  Distance est: 251
Nombre de Tile ajoutees dans la pile: 8
Nombre de Tile traversees: 1648  Distance est: 251
Nombre de Tile ajoutees dans la pile: 7
Nombre de Tile traversees: 1649  Distance est: 251
Nombre de Tile ajoutees dans la pile: 8
Nombre de Tile traversees: 1650  Distance est: 251
Nombre de Tile ajoutees dans la pile: 7
Nombre de Tile traversees: 1651  Distance est: 251
Nombre de Tile ajoutees dans la pile: 7
Nombre de Tile traversees: 1652  Distance est: 251
Nombre de Tile ajoutees dans la pile: 7
Nombre de Tile traversees: 1653  Distance est: 251
Nombre de Tile ajoutees dans la pile: 7
Nombre de Tile traversees: 1654  Distance est: 251
Nombre de Tile ajoutees dans la pile: 7
Nombre de Tile traversees: 1655  Distance est: 252
Nombre de Tile ajoutees dans la pile: 7
Nombre de Tile traversees: 1656  Distance est: 252
Nombre de Tile ajoutees dans la pile: 8
Nombre de Tile traversees: 1657  Distance est: 252
Nombre de Tile ajoutees dans la pile: 7
Nombre de Tile traversees: 1658  Distance est: 252
Nombre de Tile ajoutees dans la pile: 7
Nombre de Tile traversees: 1659  Distance est: 252
Nombre de Tile ajoutees dans la pile: 7
Nombre de Tile traversees: 1660  Distance est: 252
Nombre de Tile ajoutees dans la pile: 7
Nombre de Tile traversees: 1661  Distance est: 252
Nombre de Tile ajoutees dans la pile: 7
Nombre de Tile traversees: 1662  Distance est: 253
Nombre de Tile ajoutees dans la pile: 7
Nombre de Tile traversees: 1663  Distance est: 253
Nombre de Tile ajoutees dans la pile: 7
Nombre de Tile traversees: 1664  Distance est: 253
Nombre de Tile ajoutees dans la pile: 6
Nombre de Tile traversees: 1665  Distance est: 253
Nombre de Tile ajoutees dans la pile: 7
Nombre de Tile traversees: 1666  Distance est: 253
Nombre de Tile ajoutees dans la pile: 7
Nombre de Tile traversees: 1667  Distance est: 253
Nombre de Tile ajoutees dans la pile: 7
Nombre de Tile traversees: 1668  Distance est: 253
Nombre de Tile ajoutees dans la pile: 7
Nombre de Tile traversees: 1669  Distance est: 254
Nombre de Tile ajoutees dans la pile: 8
Nombre de Tile traversees: 1670  Distance est: 254
Nombre de Tile ajoutees dans la pile: 8
Nombre de Tile traversees: 1671  Distance est: 254
Nombre de Tile ajoutees dans la pile: 8
Nombre de Tile traversees: 1672  Distance est: 254
Nombre de Tile ajoutees dans la pile: 8
Nombre de Tile traversees: 1673  Distance est: 254
Nombre de Tile ajoutees dans la pile: 8
Nombre de Tile traversees: 1674  Distance est: 254
Nombre de Tile ajoutees dans la pile: 8
Nombre de Tile traversees: 1675  Distance est: 254
Nombre de Tile ajoutees dans la pile: 8
Nombre de Tile traversees: 1676  Distance est: 254
Nombre de Tile ajoutees dans la pile: 8
Nombre de Tile traversees: 1677  Distance est: 255
Nombre de Tile ajoutees dans la pile: 8
Nombre de Tile traversees: 1678  Distance est: 255
Nombre de Tile ajoutees dans la pile: 8
Nombre de Tile traversees: 1679  Distance est: 255
Nombre de Tile ajoutees dans la pile: 8
Nombre de Tile traversees: 1680  Distance est: 255
Nombre de Tile ajoutees dans la pile: 7
Nombre de Tile traversees: 1681  Distance est: 255
Nombre de Tile ajoutees dans la pile: 7
Nombre de Tile traversees: 1682  Distance est: 255
Nombre de Tile ajoutees dans la pile: 7
Nombre de Tile traversees: 1683  Distance est: 255
Nombre de Tile ajoutees dans la pile: 7
Nombre de Tile traversees: 1684  Distance est: 255
Nombre de Tile ajoutees dans la pile: 7
Nombre de Tile traversees: 1685  Distance est: 256
Nombre de Tile ajoutees dans la pile: 6
Nombre de Tile traversees: 1686  Distance est: 256
Nombre de Tile ajoutees dans la pile: 6
Nombre de Tile traversees: 1687  Distance est: 256
Nombre de Tile ajoutees dans la pile: 6
Nombre de Tile traversees: 1688  Distance est: 256
Nombre de Tile ajoutees dans la pile: 6
Nombre de Tile traversees: 1689  Distance est: 256
Nombre de Tile ajoutees dans la pile: 6
Nombre de Tile traversees: 1690  Distance est: 256
Nombre de Tile ajoutees dans la pile: 6
Nombre de Tile traversees: 1691  Distance est: 257
Nombre de Tile ajoutees dans la pile: 6
Nombre de Tile traversees: 1692  Distance est: 257
Nombre de Tile ajoutees dans la pile: 6
Nombre de Tile traversees: 1693  Distance est: 257
Nombre de Tile ajoutees dans la pile: 6
Nombre de Tile traversees: 1694  Distance est: 257
Nombre de Tile ajoutees dans la pile: 6
Nombre de Tile traversees: 1695  Distance est: 257
Nombre de Tile ajoutees dans la pile: 6
Nombre de Tile traversees: 1696  Distance est: 257
Nombre de Tile ajoutees dans la pile: 6
Nombre de Tile traversees: 1697  Distance est: 258
Nombre de Tile ajoutees dans la pile: 7
Nombre de Tile traversees: 1698  Distance est: 258
Nombre de Tile ajoutees dans la pile: 7
Nombre de Tile traversees: 1699  Distance est: 258
Nombre de Tile ajoutees dans la pile: 7
Nombre de Tile traversees: 1700  Distance est: 258
Nombre de Tile ajoutees dans la pile: 7
Nombre de Tile traversees: 1701  Distance est: 258
Nombre de Tile ajoutees dans la pile: 8
Nombre de Tile traversees: 1702  Distance est: 258
Nombre de Tile ajoutees dans la pile: 8
Nombre de Tile traversees: 1703  Distance est: 258
Nombre de Tile ajoutees dans la pile: 8
Nombre de Tile traversees: 1704  Distance est: 259
Nombre de Tile ajoutees dans la pile: 8
Nombre de Tile traversees: 1705  Distance est: 259
Nombre de Tile ajoutees dans la pile: 8
Nombre de Tile traversees: 1706  Distance est: 259
Nombre de Tile ajoutees dans la pile: 8
Nombre de Tile traversees: 1707  Distance est: 259
Nombre de Tile ajoutees dans la pile: 8
Nombre de Tile traversees: 1708  Distance est: 259
Nombre de Tile ajoutees dans la pile: 9
Nombre de Tile traversees: 1709  Distance est: 259
Nombre de Tile ajoutees dans la pile: 9
Nombre de Tile traversees: 1710  Distance est: 259
Nombre de Tile ajoutees dans la pile: 9
Nombre de Tile traversees: 1711  Distance est: 259
Nombre de Tile ajoutees dans la pile: 8
Nombre de Tile traversees: 1712  Distance est: 260
Nombre de Tile ajoutees dans la pile: 8
Nombre de Tile traversees: 1713  Distance est: 260
Nombre de Tile ajoutees dans la pile: 8
Nombre de Tile traversees: 1714  Distance est: 260
Nombre de Tile ajoutees dans la pile: 8
Nombre de Tile traversees: 1715  Distance est: 260
Nombre de Tile ajoutees dans la pile: 8
Nombre de Tile traversees: 1716  Distance est: 260
Nombre de Tile ajoutees dans la pile: 9
Nombre de Tile traversees: 1717  Distance est: 260
Nombre de Tile ajoutees dans la pile: 8
Nombre de Tile traversees: 1718  Distance est: 260
Nombre de Tile ajoutees dans la pile: 8
Nombre de Tile traversees: 1719  Distance est: 260
Nombre de Tile ajoutees dans la pile: 8
Nombre de Tile traversees: 1720  Distance est: 261
Nombre de Tile ajoutees dans la pile: 9
Nombre de Tile traversees: 1721  Distance est: 261
Nombre de Tile ajoutees dans la pile: 9
Nombre de Tile traversees: 1722  Distance est: 261
Nombre de Tile ajoutees dans la pile: 9
Nombre de Tile traversees: 1723  Distance est: 261
Nombre de Tile ajoutees dans la pile: 9
Nombre de Tile traversees: 1724  Distance est: 261
Nombre de Tile ajoutees dans la pile: 9
Nombre de Tile traversees: 1725  Distance est: 261
Nombre de Tile ajoutees dans la pile: 8
Nombre de Tile traversees: 1726  Distance est: 261
Nombre de Tile ajoutees dans la pile: 8
Nombre de Tile traversees: 1727  Distance est: 261
Nombre de Tile ajoutees dans la pile: 9
Nombre de Tile traversees: 1728  Distance est: 261
Nombre de Tile ajoutees dans la pile: 10
Nombre de Tile traversees: 1729  Distance est: 262
Nombre de Tile ajoutees dans la pile: 9
Nombre de Tile traversees: 1730  Distance est: 262
Nombre de Tile ajoutees dans la pile: 9
Nombre de Tile traversees: 1731  Distance est: 262
Nombre de Tile ajoutees dans la pile: 9
Nombre de Tile traversees: 1732  Distance est: 262
Nombre de Tile ajoutees dans la pile: 9
Nombre de Tile traversees: 1733  Distance est: 262
Nombre de Tile ajoutees dans la pile: 9
Nombre de Tile traversees: 1734  Distance est: 262
Nombre de Tile ajoutees dans la pile: 9
Nombre de Tile traversees: 1735  Distance est: 262
Nombre de Tile ajoutees dans la pile: 9
Nombre de Tile traversees: 1736  Distance est: 262
Nombre de Tile ajoutees dans la pile: 9
Nombre de Tile traversees: 1737  Distance est: 262
Nombre de Tile ajoutees dans la pile: 10
Nombre de Tile traversees: 1738  Distance est: 263
Nombre de Tile ajoutees dans la pile: 9
Nombre de Tile traversees: 1739  Distance est: 263
Nombre de Tile ajoutees dans la pile: 9
Nombre de Tile traversees: 1740  Distance est: 263
Nombre de Tile ajoutees dans la pile: 9
Nombre de Tile traversees: 1741  Distance est: 263
Nombre de Tile ajoutees dans la pile: 10
Nombre de Tile traversees: 1742  Distance est: 263
Nombre de Tile ajoutees dans la pile: 10
Nombre de Tile traversees: 1743  Distance est: 263
Nombre de Tile ajoutees dans la pile: 10
Nombre de Tile traversees: 1744  Distance est: 263
Nombre de Tile ajoutees dans la pile: 10
Nombre de Tile traversees: 1745  Distance est: 263
Nombre de Tile ajoutees dans la pile: 9
Nombre de Tile traversees: 1746  Distance est: 263
Nombre de Tile ajoutees dans la pile: 8
Nombre de Tile traversees: 1747  Distance est: 264
Nombre de Tile ajoutees dans la pile: 7
Nombre de Tile traversees: 1748  Distance est: 264
Nombre de Tile ajoutees dans la pile: 7
Nombre de Tile traversees: 1749  Distance est: 264
Nombre de Tile ajoutees dans la pile: 7
Nombre de Tile traversees: 1750  Distance est: 264
Nombre de Tile ajoutees dans la pile: 7
Nombre de Tile traversees: 1751  Distance est: 264
Nombre de Tile ajoutees dans la pile: 7
Nombre de Tile traversees: 1752  Distance est: 264
Nombre de Tile ajoutees dans la pile: 7
Nombre de Tile traversees: 1753  Distance est: 264
Nombre de Tile ajoutees dans la pile: 7
Nombre de Tile traversees: 1754  Distance est: 265
Nombre de Tile ajoutees dans la pile: 7
Nombre de Tile traversees: 1755  Distance est: 265
Nombre de Tile ajoutees dans la pile: 7
Nombre de Tile traversees: 1756  Distance est: 265
Nombre de Tile ajoutees dans la pile: 7
Nombre de Tile traversees: 1757  Distance est: 265
Nombre de Tile ajoutees dans la pile: 7
Nombre de Tile traversees: 1758  Distance est: 265
Nombre de Tile ajoutees dans la pile: 7
Nombre de Tile traversees: 1759  Distance est: 265
Nombre de Tile ajoutees dans la pile: 7
Nombre de Tile traversees: 1760  Distance est: 265
Nombre de Tile ajoutees dans la pile: 7
Nombre de Tile traversees: 1761  Distance est: 266
Nombre de Tile ajoutees dans la pile: 8
Nombre de Tile traversees: 1762  Distance est: 266
Nombre de Tile ajoutees dans la pile: 8
Nombre de Tile traversees: 1763  Distance est: 266
Nombre de Tile ajoutees dans la pile: 8
Nombre de Tile traversees: 1764  Distance est: 266
Nombre de Tile ajoutees dans la pile: 8
Nombre de Tile traversees: 1765  Distance est: 266
Nombre de Tile ajoutees dans la pile: 8
Nombre de Tile traversees: 1766  Distance est: 266
Nombre de Tile ajoutees dans la pile: 8
Nombre de Tile traversees: 1767  Distance est: 266
Nombre de Tile ajoutees dans la pile: 8
Nombre de Tile traversees: 1768  Distance est: 266
Nombre de Tile ajoutees dans la pile: 8
Nombre de Tile traversees: 1769  Distance est: 267
Nombre de Tile ajoutees dans la pile: 8
Nombre de Tile traversees: 1770  Distance est: 267
Nombre de Tile ajoutees dans la pile: 8
Nombre de Tile traversees: 1771  Distance est: 267
Nombre de Tile ajoutees dans la pile: 8
Nombre de Tile traversees: 1772  Distance est: 267
Nombre de Tile ajoutees dans la pile: 8
Nombre de Tile traversees: 1773  Distance est: 267
Nombre de Tile ajoutees dans la pile: 8
Nombre de Tile traversees: 1774  Distance est: 267
Nombre de Tile ajoutees dans la pile: 8
Nombre de Tile traversees: 1775  Distance est: 267
Nombre de Tile ajoutees dans la pile: 8
Nombre de Tile traversees: 1776  Distance est: 267
Nombre de Tile ajoutees dans la pile: 8
Nombre de Tile traversees: 1777  Distance est: 268
Nombre de Tile ajoutees dans la pile: 8
Nombre de Tile traversees: 1778  Distance est: 268
Nombre de Tile ajoutees dans la pile: 8
Nombre de Tile traversees: 1779  Distance est: 268
Nombre de Tile ajoutees dans la pile: 8
Nombre de Tile traversees: 1780  Distance est: 268
Nombre de Tile ajoutees dans la pile: 8
Nombre de Tile traversees: 1781  Distance est: 268
Nombre de Tile ajoutees dans la pile: 8
Nombre de Tile traversees: 1782  Distance est: 268
Nombre de Tile ajoutees dans la pile: 8
Nombre de Tile traversees: 1783  Distance est: 268
Nombre de Tile ajoutees dans la pile: 8
Nombre de Tile traversees: 1784  Distance est: 268
Nombre de Tile ajoutees dans la pile: 8
Nombre de Tile traversees: 1785  Distance est: 269
Nombre de Tile ajoutees dans la pile: 8
Nombre de Tile traversees: 1786  Distance est: 269
Nombre de Tile ajoutees dans la pile: 8
Nombre de Tile traversees: 1787  Distance est: 269
Nombre de Tile ajoutees dans la pile: 8
Nombre de Tile traversees: 1788  Distance est: 269
Nombre de Tile ajoutees dans la pile: 8
Nombre de Tile traversees: 1789  Distance est: 269
Nombre de Tile ajoutees dans la pile: 8
Nombre de Tile traversees: 1790  Distance est: 269
Nombre de Tile ajoutees dans la pile: 8
Nombre de Tile traversees: 1791  Distance est: 269
Nombre de Tile ajoutees dans la pile: 8
Nombre de Tile traversees: 1792  Distance est: 269
Nombre de Tile ajoutees dans la pile: 8
Nombre de Tile traversees: 1793  Distance est: 270
Nombre de Tile ajoutees dans la pile: 8
Nombre de Tile traversees: 1794  Distance est: 270
Nombre de Tile ajoutees dans la pile: 8
Nombre de Tile traversees: 1795  Distance est: 270
Nombre de Tile ajoutees dans la pile: 8
Nombre de Tile traversees: 1796  Distance est: 270
Nombre de Tile ajoutees dans la pile: 8
Nombre de Tile traversees: 1797  Distance est: 270
Nombre de Tile ajoutees dans la pile: 8
Nombre de Tile traversees: 1798  Distance est: 270
Nombre de Tile ajoutees dans la pile: 8
Nombre de Tile traversees: 1799  Distance est: 270
Nombre de Tile ajoutees dans la pile: 8
Nombre de Tile traversees: 1800  Distance est: 270
Nombre de Tile ajoutees dans la pile: 8
Nombre de Tile traversees: 1801  Distance est: 271
Nombre de Tile ajoutees dans la pile: 8
Nombre de Tile traversees: 1802  Distance est: 271
Nombre de Tile ajoutees dans la pile: 8
Nombre de Tile traversees: 1803  Distance est: 271
Nombre de Tile ajoutees dans la pile: 9
Nombre de Tile traversees: 1804  Distance est: 271
Nombre de Tile ajoutees dans la pile: 9
Nombre de Tile traversees: 1805  Distance est: 271
Nombre de Tile ajoutees dans la pile: 10
Nombre de Tile traversees: 1806  Distance est: 271
Nombre de Tile ajoutees dans la pile: 11
Nombre de Tile traversees: 1807  Distance est: 271
Nombre de Tile ajoutees dans la pile: 11
Nombre de Tile traversees: 1808  Distance est: 271
Nombre de Tile ajoutees dans la pile: 11
Nombre de Tile traversees: 1809  Distance est: 272
Nombre de Tile ajoutees dans la pile: 12
Nombre de Tile traversees: 1810  Distance est: 272
Nombre de Tile ajoutees dans la pile: 12
Nombre de Tile traversees: 1811  Distance est: 272
Nombre de Tile ajoutees dans la pile: 12
Nombre de Tile traversees: 1812  Distance est: 272
Nombre de Tile ajoutees dans la pile: 12
Nombre de Tile traversees: 1813  Distance est: 272
Nombre de Tile ajoutees dans la pile: 12
Nombre de Tile traversees: 1814  Distance est: 272
Nombre de Tile ajoutees dans la pile: 12
Nombre de Tile traversees: 1815  Distance est: 272
Nombre de Tile ajoutees dans la pile: 12
Nombre de Tile traversees: 1816  Distance est: 272
Nombre de Tile ajoutees dans la pile: 12
Nombre de Tile traversees: 1817  Distance est: 272
Nombre de Tile ajoutees dans la pile: 12
Nombre de Tile traversees: 1818  Distance est: 272
Nombre de Tile ajoutees dans la pile: 12
Nombre de Tile traversees: 1819  Distance est: 272
Nombre de Tile ajoutees dans la pile: 12
Nombre de Tile traversees: 1820  Distance est: 272
Nombre de Tile ajoutees dans la pile: 12
Nombre de Tile traversees: 1821  Distance est: 273
Nombre de Tile ajoutees dans la pile: 12
Nombre de Tile traversees: 1822  Distance est: 273
Nombre de Tile ajoutees dans la pile: 12
Nombre de Tile traversees: 1823  Distance est: 273
Nombre de Tile ajoutees dans la pile: 12
Nombre de Tile traversees: 1824  Distance est: 273
Nombre de Tile ajoutees dans la pile: 11
Nombre de Tile traversees: 1825  Distance est: 273
Nombre de Tile ajoutees dans la pile: 11
Nombre de Tile traversees: 1826  Distance est: 273
Nombre de Tile ajoutees dans la pile: 10
Nombre de Tile traversees: 1827  Distance est: 273
Nombre de Tile ajoutees dans la pile: 10
Nombre de Tile traversees: 1828  Distance est: 273
Nombre de Tile ajoutees dans la pile: 10
Nombre de Tile traversees: 1829  Distance est: 273
Nombre de Tile ajoutees dans la pile: 10
Nombre de Tile traversees: 1830  Distance est: 273
Nombre de Tile ajoutees dans la pile: 10
Nombre de Tile traversees: 1831  Distance est: 273
Nombre de Tile ajoutees dans la pile: 10
Nombre de Tile traversees: 1832  Distance est: 273
Nombre de Tile ajoutees dans la pile: 10
Nombre de Tile traversees: 1833  Distance est: 274
Nombre de Tile ajoutees dans la pile: 10
Nombre de Tile traversees: 1834  Distance est: 274
Nombre de Tile ajoutees dans la pile: 10
Nombre de Tile traversees: 1835  Distance est: 274
Nombre de Tile ajoutees dans la pile: 10
Nombre de Tile traversees: 1836  Distance est: 274
Nombre de Tile ajoutees dans la pile: 10
Nombre de Tile traversees: 1837  Distance est: 274
Nombre de Tile ajoutees dans la pile: 10
Nombre de Tile traversees: 1838  Distance est: 274
Nombre de Tile ajoutees dans la pile: 10
Nombre de Tile traversees: 1839  Distance est: 274
Nombre de Tile ajoutees dans la pile: 10
Nombre de Tile traversees: 1840  Distance est: 274
Nombre de Tile ajoutees dans la pile: 10
Nombre de Tile traversees: 1841  Distance est: 274
Nombre de Tile ajoutees dans la pile: 10
Nombre de Tile traversees: 1842  Distance est: 274
Nombre de Tile ajoutees dans la pile: 10
Nombre de Tile traversees: 1843  Distance est: 275
Nombre de Tile ajoutees dans la pile: 10
Nombre de Tile traversees: 1844  Distance est: 275
Nombre de Tile ajoutees dans la pile: 10
Nombre de Tile traversees: 1845  Distance est: 275
Nombre de Tile ajoutees dans la pile: 10
Nombre de Tile traversees: 1846  Distance est: 275
Nombre de Tile ajoutees dans la pile: 10
Nombre de Tile traversees: 1847  Distance est: 275
Nombre de Tile ajoutees dans la pile: 10
Nombre de Tile traversees: 1848  Distance est: 275
Nombre de Tile ajoutees dans la pile: 10
Nombre de Tile traversees: 1849  Distance est: 275
Nombre de Tile ajoutees dans la pile: 10
Nombre de Tile traversees: 1850  Distance est: 275
Nombre de Tile ajoutees dans la pile: 11
Nombre de Tile traversees: 1851  Distance est: 275
Nombre de Tile ajoutees dans la pile: 11
Nombre de Tile traversees: 1852  Distance est: 275
Nombre de Tile ajoutees dans la pile: 11
Nombre de Tile traversees: 1853  Distance est: 276
Nombre de Tile ajoutees dans la pile: 10
Nombre de Tile traversees: 1854  Distance est: 276
Nombre de Tile ajoutees dans la pile: 10
Nombre de Tile traversees: 1855  Distance est: 276
Nombre de Tile ajoutees dans la pile: 10
Nombre de Tile traversees: 1856  Distance est: 276
Nombre de Tile ajoutees dans la pile: 10
Nombre de Tile traversees: 1857  Distance est: 276
Nombre de Tile ajoutees dans la pile: 10
Nombre de Tile traversees: 1858  Distance est: 276
Nombre de Tile ajoutees dans la pile: 11
Nombre de Tile traversees: 1859  Distance est: 276
Nombre de Tile ajoutees dans la pile: 11
Nombre de Tile traversees: 1860  Distance est: 276
Nombre de Tile ajoutees dans la pile: 11
Nombre de Tile traversees: 1861  Distance est: 276
Nombre de Tile ajoutees dans la pile: 11
Nombre de Tile traversees: 1862  Distance est: 276
Nombre de Tile ajoutees dans la pile: 11
Nombre de Tile traversees: 1863  Distance est: 277
Nombre de Tile ajoutees dans la pile: 11
Nombre de Tile traversees: 1864  Distance est: 277
Nombre de Tile ajoutees dans la pile: 11
Nombre de Tile traversees: 1865  Distance est: 277
Nombre de Tile ajoutees dans la pile: 11
Nombre de Tile traversees: 1866  Distance est: 277
Nombre de Tile ajoutees dans la pile: 11
Nombre de Tile traversees: 1867  Distance est: 277
Nombre de Tile ajoutees dans la pile: 11
Nombre de Tile traversees: 1868  Distance est: 277
Nombre de Tile ajoutees dans la pile: 12
Nombre de Tile traversees: 1869  Distance est: 277
Nombre de Tile ajoutees dans la pile: 11
Nombre de Tile traversees: 1870  Distance est: 277
Nombre de Tile ajoutees dans la pile: 11
Nombre de Tile traversees: 1871  Distance est: 277
Nombre de Tile ajoutees dans la pile: 11
Nombre de Tile traversees: 1872  Distance est: 277
Nombre de Tile ajoutees dans la pile: 11
Nombre de Tile traversees: 1873  Distance est: 277
Nombre de Tile ajoutees dans la pile: 11
Nombre de Tile traversees: 1874  Distance est: 278
Nombre de Tile ajoutees dans la pile: 11
Nombre de Tile traversees: 1875  Distance est: 278
Nombre de Tile ajoutees dans la pile: 11
Nombre de Tile traversees: 1876  Distance est: 278
Nombre de Tile ajoutees dans la pile: 12
Nombre de Tile traversees: 1877  Distance est: 278
Nombre de Tile ajoutees dans la pile: 12
Nombre de Tile traversees: 1878  Distance est: 278
Nombre de Tile ajoutees dans la pile: 12
Nombre de Tile traversees: 1879  Distance est: 278
Nombre de Tile ajoutees dans la pile: 13
Nombre de Tile traversees: 1880  Distance est: 278
Nombre de Tile ajoutees dans la pile: 12
Nombre de Tile traversees: 1881  Distance est: 278
Nombre de Tile ajoutees dans la pile: 12
Nombre de Tile traversees: 1882  Distance est: 278
Nombre de Tile ajoutees dans la pile: 12
Nombre de Tile traversees: 1883  Distance est: 278
Nombre de Tile ajoutees dans la pile: 12
Nombre de Tile traversees: 1884  Distance est: 278
Nombre de Tile ajoutees dans la pile: 12
Nombre de Tile traversees: 1885  Distance est: 279
Nombre de Tile ajoutees dans la pile: 12
Nombre de Tile traversees: 1886  Distance est: 279
Nombre de Tile ajoutees dans la pile: 12
Nombre de Tile traversees: 1887  Distance est: 279
Nombre de Tile ajoutees dans la pile: 13
Nombre de Tile traversees: 1888  Distance est: 279
Nombre de Tile ajoutees dans la pile: 12
Nombre de Tile traversees: 1889  Distance est: 279
Nombre de Tile ajoutees dans la pile: 11
Nombre de Tile traversees: 1890  Distance est: 279
Nombre de Tile ajoutees dans la pile: 11
Nombre de Tile traversees: 1891  Distance est: 279
Nombre de Tile ajoutees dans la pile: 10
Nombre de Tile traversees: 1892  Distance est: 279
Nombre de Tile ajoutees dans la pile: 9
Nombre de Tile traversees: 1893  Distance est: 279
Nombre de Tile ajoutees dans la pile: 9
Nombre de Tile traversees: 1894  Distance est: 279
Nombre de Tile ajoutees dans la pile: 9
Nombre de Tile traversees: 1895  Distance est: 279
Nombre de Tile ajoutees dans la pile: 9
Nombre de Tile traversees: 1896  Distance est: 279
Nombre de Tile ajoutees dans la pile: 9
Nombre de Tile traversees: 1897  Distance est: 280
Nombre de Tile ajoutees dans la pile: 9
Nombre de Tile traversees: 1898  Distance est: 280
Nombre de Tile ajoutees dans la pile: 9
Nombre de Tile traversees: 1899  Distance est: 280
Nombre de Tile ajoutees dans la pile: 10
Nombre de Tile traversees: 1900  Distance est: 280
Nombre de Tile ajoutees dans la pile: 9
Nombre de Tile traversees: 1901  Distance est: 280
Nombre de Tile ajoutees dans la pile: 10
Nombre de Tile traversees: 1902  Distance est: 280
Nombre de Tile ajoutees dans la pile: 10
Nombre de Tile traversees: 1903  Distance est: 280
Nombre de Tile ajoutees dans la pile: 10
Nombre de Tile traversees: 1904  Distance est: 280
Nombre de Tile ajoutees dans la pile: 10
Nombre de Tile traversees: 1905  Distance est: 280
Nombre de Tile ajoutees dans la pile: 10
Nombre de Tile traversees: 1906  Distance est: 281
Nombre de Tile ajoutees dans la pile: 10
Nombre de Tile traversees: 1907  Distance est: 281
Nombre de Tile ajoutees dans la pile: 10
Nombre de Tile traversees: 1908  Distance est: 281
Nombre de Tile ajoutees dans la pile: 9
Nombre de Tile traversees: 1909  Distance est: 281
Nombre de Tile ajoutees dans la pile: 9
Nombre de Tile traversees: 1910  Distance est: 281
Nombre de Tile ajoutees dans la pile: 10
Nombre de Tile traversees: 1911  Distance est: 281
Nombre de Tile ajoutees dans la pile: 9
Nombre de Tile traversees: 1912  Distance est: 281
Nombre de Tile ajoutees dans la pile: 9
Nombre de Tile traversees: 1913  Distance est: 281
Nombre de Tile ajoutees dans la pile: 9
Nombre de Tile traversees: 1914  Distance est: 281
Nombre de Tile ajoutees dans la pile: 9
Nombre de Tile traversees: 1915  Distance est: 281
Nombre de Tile ajoutees dans la pile: 10
Nombre de Tile traversees: 1916  Distance est: 282
Nombre de Tile ajoutees dans la pile: 10
Nombre de Tile traversees: 1917  Distance est: 282
Nombre de Tile ajoutees dans la pile: 10
Nombre de Tile traversees: 1918  Distance est: 282
Nombre de Tile ajoutees dans la pile: 10
Nombre de Tile traversees: 1919  Distance est: 282
Nombre de Tile ajoutees dans la pile: 11
Nombre de Tile traversees: 1920  Distance est: 282
Nombre de Tile ajoutees dans la pile: 10
Nombre de Tile traversees: 1921  Distance est: 282
Nombre de Tile ajoutees dans la pile: 10
Nombre de Tile traversees: 1922  Distance est: 282
Nombre de Tile ajoutees dans la pile: 10
Nombre de Tile traversees: 1923  Distance est: 282
Nombre de Tile ajoutees dans la pile: 10
Nombre de Tile traversees: 1924  Distance est: 282
Nombre de Tile ajoutees dans la pile: 10
Nombre de Tile traversees: 1925  Distance est: 282
Nombre de Tile ajoutees dans la pile: 10
Nombre de Tile traversees: 1926  Distance est: 283
Nombre de Tile ajoutees dans la pile: 10
Nombre de Tile traversees: 1927  Distance est: 283
Nombre de Tile ajoutees dans la pile: 10
Nombre de Tile traversees: 1928  Distance est: 283
Nombre de Tile ajoutees dans la pile: 11
Nombre de Tile traversees: 1929  Distance est: 283
Nombre de Tile ajoutees dans la pile: 11
Nombre de Tile traversees: 1930  Distance est: 283
Nombre de Tile ajoutees dans la pile: 11
Nombre de Tile traversees: 1931  Distance est: 283
Nombre de Tile ajoutees dans la pile: 11
Nombre de Tile traversees: 1932  Distance est: 283
Nombre de Tile ajoutees dans la pile: 12
Nombre de Tile traversees: 1933  Distance est: 283
Nombre de Tile ajoutees dans la pile: 12
Nombre de Tile traversees: 1934  Distance est: 283
Nombre de Tile ajoutees dans la pile: 11
Nombre de Tile traversees: 1935  Distance est: 283
Nombre de Tile ajoutees dans la pile: 11
Nombre de Tile traversees: 1936  Distance est: 284
Nombre de Tile ajoutees dans la pile: 12
Nombre de Tile traversees: 1937  Distance est: 284
Nombre de Tile ajoutees dans la pile: 12
Nombre de Tile traversees: 1938  Distance est: 284
Nombre de Tile ajoutees dans la pile: 12
Nombre de Tile traversees: 1939  Distance est: 284
Nombre de Tile ajoutees dans la pile: 13
Nombre de Tile traversees: 1940  Distance est: 284
Nombre de Tile ajoutees dans la pile: 13
Nombre de Tile traversees: 1941  Distance est: 284
Nombre de Tile ajoutees dans la pile: 13
Nombre de Tile traversees: 1942  Distance est: 284
Nombre de Tile ajoutees dans la pile: 13
Nombre de Tile traversees: 1943  Distance est: 284
Nombre de Tile ajoutees dans la pile: 13
Nombre de Tile traversees: 1944  Distance est: 284
Nombre de Tile ajoutees dans la pile: 13
Nombre de Tile traversees: 1945  Distance est: 284
Nombre de Tile ajoutees dans la pile: 13
Nombre de Tile traversees: 1946  Distance est: 284
Nombre de Tile ajoutees dans la pile: 13
Nombre de Tile traversees: 1947  Distance est: 284
Nombre de Tile ajoutees dans la pile: 13
Nombre de Tile traversees: 1948  Distance est: 285
Nombre de Tile ajoutees dans la pile: 13
Nombre de Tile traversees: 1949  Distance est: 285
Nombre de Tile ajoutees dans la pile: 13
Nombre de Tile traversees: 1950  Distance est: 285
Nombre de Tile ajoutees dans la pile: 13
Nombre de Tile traversees: 1951  Distance est: 285
Nombre de Tile ajoutees dans la pile: 14
Nombre de Tile traversees: 1952  Distance est: 285
Nombre de Tile ajoutees dans la pile: 14
Nombre de Tile traversees: 1953  Distance est: 285
Nombre de Tile ajoutees dans la pile: 14
Nombre de Tile traversees: 1954  Distance est: 285
Nombre de Tile ajoutees dans la pile: 14
Nombre de Tile traversees: 1955  Distance est: 285
Nombre de Tile ajoutees dans la pile: 14
Nombre de Tile traversees: 1956  Distance est: 285
Nombre de Tile ajoutees dans la pile: 14
Nombre de Tile traversees: 1957  Distance est: 285
Nombre de Tile ajoutees dans la pile: 14
Nombre de Tile traversees: 1958  Distance est: 285
Nombre de Tile ajoutees dans la pile: 14
Nombre de Tile traversees: 1959  Distance est: 285
Nombre de Tile ajoutees dans la pile: 14
Nombre de Tile traversees: 1960  Distance est: 285
Nombre de Tile ajoutees dans la pile: 14
Nombre de Tile traversees: 1961  Distance est: 286
Nombre de Tile ajoutees dans la pile: 14
Nombre de Tile traversees: 1962  Distance est: 286
Nombre de Tile ajoutees dans la pile: 14
Nombre de Tile traversees: 1963  Distance est: 286
Nombre de Tile ajoutees dans la pile: 14
Nombre de Tile traversees: 1964  Distance est: 286
Nombre de Tile ajoutees dans la pile: 15
Nombre de Tile traversees: 1965  Distance est: 286
Nombre de Tile ajoutees dans la pile: 14
Nombre de Tile traversees: 1966  Distance est: 286
Nombre de Tile ajoutees dans la pile: 14
Nombre de Tile traversees: 1967  Distance est: 286
Nombre de Tile ajoutees dans la pile: 14
Nombre de Tile traversees: 1968  Distance est: 286
Nombre de Tile ajoutees dans la pile: 14
Nombre de Tile traversees: 1969  Distance est: 286
Nombre de Tile ajoutees dans la pile: 14
Nombre de Tile traversees: 1970  Distance est: 286
Nombre de Tile ajoutees dans la pile: 14
Nombre de Tile traversees: 1971  Distance est: 286
Nombre de Tile ajoutees dans la pile: 14
Nombre de Tile traversees: 1972  Distance est: 286
Nombre de Tile ajoutees dans la pile: 14
Nombre de Tile traversees: 1973  Distance est: 286
Nombre de Tile ajoutees dans la pile: 14
Nombre de Tile traversees: 1974  Distance est: 286
Nombre de Tile ajoutees dans la pile: 14
Nombre de Tile traversees: 1975  Distance est: 287
Nombre de Tile ajoutees dans la pile: 14
Nombre de Tile traversees: 1976  Distance est: 287
Nombre de Tile ajoutees dans la pile: 14
Nombre de Tile traversees: 1977  Distance est: 287
Nombre de Tile ajoutees dans la pile: 14
Nombre de Tile traversees: 1978  Distance est: 287
Nombre de Tile ajoutees dans la pile: 13
Nombre de Tile traversees: 1979  Distance est: 287
Nombre de Tile ajoutees dans la pile: 12
Nombre de Tile traversees: 1980  Distance est: 287
Nombre de Tile ajoutees dans la pile: 12
Nombre de Tile traversees: 1981  Distance est: 287
Nombre de Tile ajoutees dans la pile: 11
Nombre de Tile traversees: 1982  Distance est: 287
Nombre de Tile ajoutees dans la pile: 11
Nombre de Tile traversees: 1983  Distance est: 287
Nombre de Tile ajoutees dans la pile: 11
Nombre de Tile traversees: 1984  Distance est: 287
Nombre de Tile ajoutees dans la pile: 11
Nombre de Tile traversees: 1985  Distance est: 287
Nombre de Tile ajoutees dans la pile: 10
Nombre de Tile traversees: 1986  Distance est: 287
Nombre de Tile ajoutees dans la pile: 10
Nombre de Tile traversees: 1987  Distance est: 287
Nombre de Tile ajoutees dans la pile: 10
Nombre de Tile traversees: 1988  Distance est: 287
Nombre de Tile ajoutees dans la pile: 9
Nombre de Tile traversees: 1989  Distance est: 288
Nombre de Tile ajoutees dans la pile: 9
Nombre de Tile traversees: 1990  Distance est: 288
Nombre de Tile ajoutees dans la pile: 9
Nombre de Tile traversees: 1991  Distance est: 288
Nombre de Tile ajoutees dans la pile: 9
Nombre de Tile traversees: 1992  Distance est: 288
Nombre de Tile ajoutees dans la pile: 10
Nombre de Tile traversees: 1993  Distance est: 288
Nombre de Tile ajoutees dans la pile: 10
Nombre de Tile traversees: 1994  Distance est: 288
Nombre de Tile ajoutees dans la pile: 10
Nombre de Tile traversees: 1995  Distance est: 288
Nombre de Tile ajoutees dans la pile: 10
Nombre de Tile traversees: 1996  Distance est: 288
Nombre de Tile ajoutees dans la pile: 10
Nombre de Tile traversees: 1997  Distance est: 288
Nombre de Tile ajoutees dans la pile: 10
Nombre de Tile traversees: 1998  Distance est: 289
Nombre de Tile ajoutees dans la pile: 10
Nombre de Tile traversees: 1999  Distance est: 289
Nombre de Tile ajoutees dans la pile: 10
Nombre de Tile traversees: 2000  Distance est: 289
Nombre de Tile ajoutees dans la pile: 9
Nombre de Tile traversees: 2001  Distance est: 289
Nombre de Tile ajoutees dans la pile: 10
Nombre de Tile traversees: 2002  Distance est: 289
Nombre de Tile ajoutees dans la pile: 10
Nombre de Tile traversees: 2003  Distance est: 289
Nombre de Tile ajoutees dans la pile: 10
Nombre de Tile traversees: 2004  Distance est: 289
Nombre de Tile ajoutees dans la pile: 10
Nombre de Tile traversees: 2005  Distance est: 289
Nombre de Tile ajoutees dans la pile: 9
Nombre de Tile traversees: 2006  Distance est: 289
Nombre de Tile ajoutees dans la pile: 8
Nombre de Tile traversees: 2007  Distance est: 289
Nombre de Tile ajoutees dans la pile: 8
Nombre de Tile traversees: 2008  Distance est: 290
Nombre de Tile ajoutees dans la pile: 8
Nombre de Tile traversees: 2009  Distance est: 290
Nombre de Tile ajoutees dans la pile: 8
Nombre de Tile traversees: 2010  Distance est: 290
Nombre de Tile ajoutees dans la pile: 9
Nombre de Tile traversees: 2011  Distance est: 290
Nombre de Tile ajoutees dans la pile: 8
Nombre de Tile traversees: 2012  Distance est: 290
Nombre de Tile ajoutees dans la pile: 8
Nombre de Tile traversees: 2013  Distance est: 290
Nombre de Tile ajoutees dans la pile: 8
Nombre de Tile traversees: 2014  Distance est: 290
Nombre de Tile ajoutees dans la pile: 8
Nombre de Tile traversees: 2015  Distance est: 290
Nombre de Tile ajoutees dans la pile: 8
Nombre de Tile traversees: 2016  Distance est: 291
Nombre de Tile ajoutees dans la pile: 9
Nombre de Tile traversees: 2017  Distance est: 291
Nombre de Tile ajoutees dans la pile: 8
Nombre de Tile traversees: 2018  Distance est: 291
Nombre de Tile ajoutees dans la pile: 8
Nombre de Tile traversees: 2019  Distance est: 291
Nombre de Tile ajoutees dans la pile: 7
Nombre de Tile traversees: 2020  Distance est: 291
Nombre de Tile ajoutees dans la pile: 6
Nombre de Tile traversees: 2021  Distance est: 291
Nombre de Tile ajoutees dans la pile: 6
Nombre de Tile traversees: 2022  Distance est: 291
Nombre de Tile ajoutees dans la pile: 7
Nombre de Tile traversees: 2023  Distance est: 291
Nombre de Tile ajoutees dans la pile: 8
Nombre de Tile traversees: 2024  Distance est: 291
Nombre de Tile ajoutees dans la pile: 9
Nombre de Tile traversees: 2025  Distance est: 292
Nombre de Tile ajoutees dans la pile: 9
Nombre de Tile traversees: 2026  Distance est: 292
Nombre de Tile ajoutees dans la pile: 9
Nombre de Tile traversees: 2027  Distance est: 292
Nombre de Tile ajoutees dans la pile: 9
Nombre de Tile traversees: 2028  Distance est: 292
Nombre de Tile ajoutees dans la pile: 9
Nombre de Tile traversees: 2029  Distance est: 292
Nombre de Tile ajoutees dans la pile: 9
Nombre de Tile traversees: 2030  Distance est: 292
Nombre de Tile ajoutees dans la pile: 9
Nombre de Tile traversees: 2031  Distance est: 292
Nombre de Tile ajoutees dans la pile: 9
Nombre de Tile traversees: 2032  Distance est: 292
Nombre de Tile ajoutees dans la pile: 10
Nombre de Tile traversees: 2033  Distance est: 292
Nombre de Tile ajoutees dans la pile: 9
Nombre de Tile traversees: 2034  Distance est: 293
Nombre de Tile ajoutees dans la pile: 9
Nombre de Tile traversees: 2035  Distance est: 293
Nombre de Tile ajoutees dans la pile: 9
Nombre de Tile traversees: 2036  Distance est: 293
Nombre de Tile ajoutees dans la pile: 9
Nombre de Tile traversees: 2037  Distance est: 293
Nombre de Tile ajoutees dans la pile: 9
Nombre de Tile traversees: 2038  Distance est: 293
Nombre de Tile ajoutees dans la pile: 10
Nombre de Tile traversees: 2039  Distance est: 293
Nombre de Tile ajoutees dans la pile: 11
Nombre de Tile traversees: 2040  Distance est: 293
Nombre de Tile ajoutees dans la pile: 11
Nombre de Tile traversees: 2041  Distance est: 293
Nombre de Tile ajoutees dans la pile: 11
Nombre de Tile traversees: 2042  Distance est: 293
Nombre de Tile ajoutees dans la pile: 10
Nombre de Tile traversees: 2043  Distance est: 294
Nombre de Tile ajoutees dans la pile: 10
Nombre de Tile traversees: 2044  Distance est: 294
Nombre de Tile ajoutees dans la pile: 10
Nombre de Tile traversees: 2045  Distance est: 294
Nombre de Tile ajoutees dans la pile: 11
Nombre de Tile traversees: 2046  Distance est: 294
Nombre de Tile ajoutees dans la pile: 11
Nombre de Tile traversees: 2047  Distance est: 294
Nombre de Tile ajoutees dans la pile: 11
Nombre de Tile traversees: 2048  Distance est: 294
Nombre de Tile ajoutees dans la pile: 11
Nombre de Tile traversees: 2049  Distance est: 294
Nombre de Tile ajoutees dans la pile: 11
Nombre de Tile traversees: 2050  Distance est: 294
Nombre de Tile ajoutees dans la pile: 11
Nombre de Tile traversees: 2051  Distance est: 294
Nombre de Tile ajoutees dans la pile: 12
Nombre de Tile traversees: 2052  Distance est: 294
Nombre de Tile ajoutees dans la pile: 12
Nombre de Tile traversees: 2053  Distance est: 295
Nombre de Tile ajoutees dans la pile: 12
Nombre de Tile traversees: 2054  Distance est: 295
Nombre de Tile ajoutees dans la pile: 12
Nombre de Tile traversees: 2055  Distance est: 295
Nombre de Tile ajoutees dans la pile: 13
Nombre de Tile traversees: 2056  Distance est: 295
Nombre de Tile ajoutees dans la pile: 12
Nombre de Tile traversees: 2057  Distance est: 295
Nombre de Tile ajoutees dans la pile: 12
Nombre de Tile traversees: 2058  Distance est: 295
Nombre de Tile ajoutees dans la pile: 12
Nombre de Tile traversees: 2059  Distance est: 295
Nombre de Tile ajoutees dans la pile: 12
Nombre de Tile traversees: 2060  Distance est: 295
Nombre de Tile ajoutees dans la pile: 12
Nombre de Tile traversees: 2061  Distance est: 295
Nombre de Tile ajoutees dans la pile: 11
Nombre de Tile traversees: 2062  Distance est: 295
Nombre de Tile ajoutees dans la pile: 12
Nombre de Tile traversees: 2063  Distance est: 295
Nombre de Tile ajoutees dans la pile: 11
Nombre de Tile traversees: 2064  Distance est: 295
Nombre de Tile ajoutees dans la pile: 11
Nombre de Tile traversees: 2065  Distance est: 296
Nombre de Tile ajoutees dans la pile: 11
Nombre de Tile traversees: 2066  Distance est: 296
Nombre de Tile ajoutees dans la pile: 11
Nombre de Tile traversees: 2067  Distance est: 296
Nombre de Tile ajoutees dans la pile: 12
Nombre de Tile traversees: 2068  Distance est: 296
Nombre de Tile ajoutees dans la pile: 11
Nombre de Tile traversees: 2069  Distance est: 296
Nombre de Tile ajoutees dans la pile: 12
Nombre de Tile traversees: 2070  Distance est: 296
Nombre de Tile ajoutees dans la pile: 12
Nombre de Tile traversees: 2071  Distance est: 296
Nombre de Tile ajoutees dans la pile: 13
Nombre de Tile traversees: 2072  Distance est: 296
Nombre de Tile ajoutees dans la pile: 13
Nombre de Tile traversees: 2073  Distance est: 296
Nombre de Tile ajoutees dans la pile: 14
Nombre de Tile traversees: 2074  Distance est: 296
Nombre de Tile ajoutees dans la pile: 13
Nombre de Tile traversees: 2075  Distance est: 296
Nombre de Tile ajoutees dans la pile: 13
Nombre de Tile traversees: 2076  Distance est: 297
Nombre de Tile ajoutees dans la pile: 13
Nombre de Tile traversees: 2077  Distance est: 297
Nombre de Tile ajoutees dans la pile: 13
Nombre de Tile traversees: 2078  Distance est: 297
Nombre de Tile ajoutees dans la pile: 13
Nombre de Tile traversees: 2079  Distance est: 297
Nombre de Tile ajoutees dans la pile: 13
Nombre de Tile traversees: 2080  Distance est: 297
Nombre de Tile ajoutees dans la pile: 14
Nombre de Tile traversees: 2081  Distance est: 297
Nombre de Tile ajoutees dans la pile: 13
Nombre de Tile traversees: 2082  Distance est: 297
Nombre de Tile ajoutees dans la pile: 12
Nombre de Tile traversees: 2083  Distance est: 297
Nombre de Tile ajoutees dans la pile: 13
Nombre de Tile traversees: 2084  Distance est: 297
Nombre de Tile ajoutees dans la pile: 12
Nombre de Tile traversees: 2085  Distance est: 297
Nombre de Tile ajoutees dans la pile: 12
Nombre de Tile traversees: 2086  Distance est: 297
Nombre de Tile ajoutees dans la pile: 12
Nombre de Tile traversees: 2087  Distance est: 297
Nombre de Tile ajoutees dans la pile: 12
Nombre de Tile traversees: 2088  Distance est: 297
Nombre de Tile ajoutees dans la pile: 12
Nombre de Tile traversees: 2089  Distance est: 298
Nombre de Tile ajoutees dans la pile: 11
Nombre de Tile traversees: 2090  Distance est: 298
Nombre de Tile ajoutees dans la pile: 11
Nombre de Tile traversees: 2091  Distance est: 298
Nombre de Tile ajoutees dans la pile: 11
Nombre de Tile traversees: 2092  Distance est: 298
Nombre de Tile ajoutees dans la pile: 11
Nombre de Tile traversees: 2093  Distance est: 298
Nombre de Tile ajoutees dans la pile: 12
Nombre de Tile traversees: 2094  Distance est: 298
Nombre de Tile ajoutees dans la pile: 11
Nombre de Tile traversees: 2095  Distance est: 298
Nombre de Tile ajoutees dans la pile: 12
Nombre de Tile traversees: 2096  Distance est: 298
Nombre de Tile ajoutees dans la pile: 11
Nombre de Tile traversees: 2097  Distance est: 298
Nombre de Tile ajoutees dans la pile: 11
Nombre de Tile traversees: 2098  Distance est: 298
Nombre de Tile ajoutees dans la pile: 11
Nombre de Tile traversees: 2099  Distance est: 298
Nombre de Tile ajoutees dans la pile: 11
Nombre de Tile traversees: 2100  Distance est: 299
Nombre de Tile ajoutees dans la pile: 11
Nombre de Tile traversees: 2101  Distance est: 299
Nombre de Tile ajoutees dans la pile: 11
Nombre de Tile traversees: 2102  Distance est: 299
Nombre de Tile ajoutees dans la pile: 11
Nombre de Tile traversees: 2103  Distance est: 299
Nombre de Tile ajoutees dans la pile: 11
Nombre de Tile traversees: 2104  Distance est: 299
Nombre de Tile ajoutees dans la pile: 10
Nombre de Tile traversees: 2105  Distance est: 299
Nombre de Tile ajoutees dans la pile: 9
Nombre de Tile traversees: 2106  Distance est: 299
Nombre de Tile ajoutees dans la pile: 9
Nombre de Tile traversees: 2107  Distance est: 299
Nombre de Tile ajoutees dans la pile: 8
Nombre de Tile traversees: 2108  Distance est: 299
Nombre de Tile ajoutees dans la pile: 9
Nombre de Tile traversees: 2109  Distance est: 299
Nombre de Tile ajoutees dans la pile: 9
Nombre de Tile traversees: 2110  Distance est: 299
Nombre de Tile ajoutees dans la pile: 8
Nombre de Tile traversees: 2111  Distance est: 300
Nombre de Tile ajoutees dans la pile: 8
Nombre de Tile traversees: 2112  Distance est: 300
Nombre de Tile ajoutees dans la pile: 8
Nombre de Tile traversees: 2113  Distance est: 300
Nombre de Tile ajoutees dans la pile: 8
Nombre de Tile traversees: 2114  Distance est: 300
Nombre de Tile ajoutees dans la pile: 8
Nombre de Tile traversees: 2115  Distance est: 300
Nombre de Tile ajoutees dans la pile: 8
Nombre de Tile traversees: 2116  Distance est: 300
Nombre de Tile ajoutees dans la pile: 8
Nombre de Tile traversees: 2117  Distance est: 300
Nombre de Tile ajoutees dans la pile: 8
Nombre de Tile traversees: 2118  Distance est: 300
Nombre de Tile ajoutees dans la pile: 8
Nombre de Tile traversees: 2119  Distance est: 301
Nombre de Tile ajoutees dans la pile: 8
Nombre de Tile traversees: 2120  Distance est: 301
Nombre de Tile ajoutees dans la pile: 9
Nombre de Tile traversees: 2121  Distance est: 301
Nombre de Tile ajoutees dans la pile: 9
Nombre de Tile traversees: 2122  Distance est: 301
Nombre de Tile ajoutees dans la pile: 9
Nombre de Tile traversees: 2123  Distance est: 301
Nombre de Tile ajoutees dans la pile: 9
Nombre de Tile traversees: 2124  Distance est: 301
Nombre de Tile ajoutees dans la pile: 9
Nombre de Tile traversees: 2125  Distance est: 301
Nombre de Tile ajoutees dans la pile: 9
Nombre de Tile traversees: 2126  Distance est: 301
Nombre de Tile ajoutees dans la pile: 9
Nombre de Tile traversees: 2127  Distance est: 302
Nombre de Tile ajoutees dans la pile: 9
Nombre de Tile traversees: 2128  Distance est: 302
Nombre de Tile ajoutees dans la pile: 9
Nombre de Tile traversees: 2129  Distance est: 302
Nombre de Tile ajoutees dans la pile: 9
Nombre de Tile traversees: 2130  Distance est: 302
Nombre de Tile ajoutees dans la pile: 9
Nombre de Tile traversees: 2131  Distance est: 302
Nombre de Tile ajoutees dans la pile: 9
Nombre de Tile traversees: 2132  Distance est: 302
Nombre de Tile ajoutees dans la pile: 9
Nombre de Tile traversees: 2133  Distance est: 302
Nombre de Tile ajoutees dans la pile: 9
Nombre de Tile traversees: 2134  Distance est: 302
Nombre de Tile ajoutees dans la pile: 9
Nombre de Tile traversees: 2135  Distance est: 302
Nombre de Tile ajoutees dans la pile: 9
Nombre de Tile traversees: 2136  Distance est: 303
Nombre de Tile ajoutees dans la pile: 9
Nombre de Tile traversees: 2137  Distance est: 303
Nombre de Tile ajoutees dans la pile: 9
Nombre de Tile traversees: 2138  Distance est: 303
Nombre de Tile ajoutees dans la pile: 9
Nombre de Tile traversees: 2139  Distance est: 303
Nombre de Tile ajoutees dans la pile: 9
Nombre de Tile traversees: 2140  Distance est: 303
Nombre de Tile ajoutees dans la pile: 9
Nombre de Tile traversees: 2141  Distance est: 303
Nombre de Tile ajoutees dans la pile: 9
Nombre de Tile traversees: 2142  Distance est: 303
Nombre de Tile ajoutees dans la pile: 9
Nombre de Tile traversees: 2143  Distance est: 303
Nombre de Tile ajoutees dans la pile: 10
Nombre de Tile traversees: 2144  Distance est: 303
Nombre de Tile ajoutees dans la pile: 9
Nombre de Tile traversees: 2145  Distance est: 304
Nombre de Tile ajoutees dans la pile: 9
Nombre de Tile traversees: 2146  Distance est: 304
Nombre de Tile ajoutees dans la pile: 9
Nombre de Tile traversees: 2147  Distance est: 304
Nombre de Tile ajoutees dans la pile: 9
Nombre de Tile traversees: 2148  Distance est: 304
Nombre de Tile ajoutees dans la pile: 9
Nombre de Tile traversees: 2149  Distance est: 304
Nombre de Tile ajoutees dans la pile: 9
Nombre de Tile traversees: 2150  Distance est: 304
Nombre de Tile ajoutees dans la pile: 10
Nombre de Tile traversees: 2151  Distance est: 304
Nombre de Tile ajoutees dans la pile: 10
Nombre de Tile traversees: 2152  Distance est: 304
Nombre de Tile ajoutees dans la pile: 10
Nombre de Tile traversees: 2153  Distance est: 304
Nombre de Tile ajoutees dans la pile: 10
Nombre de Tile traversees: 2154  Distance est: 305
Nombre de Tile ajoutees dans la pile: 10
Nombre de Tile traversees: 2155  Distance est: 305
Nombre de Tile ajoutees dans la pile: 9
Nombre de Tile traversees: 2156  Distance est: 305
Nombre de Tile ajoutees dans la pile: 9
Nombre de Tile traversees: 2157  Distance est: 305
Nombre de Tile ajoutees dans la pile: 9
Nombre de Tile traversees: 2158  Distance est: 305
Nombre de Tile ajoutees dans la pile: 9
Nombre de Tile traversees: 2159  Distance est: 305
Nombre de Tile ajoutees dans la pile: 10
Nombre de Tile traversees: 2160  Distance est: 305
Nombre de Tile ajoutees dans la pile: 9
Nombre de Tile traversees: 2161  Distance est: 305
Nombre de Tile ajoutees dans la pile: 9
Nombre de Tile traversees: 2162  Distance est: 305
Nombre de Tile ajoutees dans la pile: 9
Nombre de Tile traversees: 2163  Distance est: 305
Nombre de Tile ajoutees dans la pile: 9
Nombre de Tile traversees: 2164  Distance est: 306
Nombre de Tile ajoutees dans la pile: 9
Nombre de Tile traversees: 2165  Distance est: 306
Nombre de Tile ajoutees dans la pile: 9
Nombre de Tile traversees: 2166  Distance est: 306
Nombre de Tile ajoutees dans la pile: 9
Nombre de Tile traversees: 2167  Distance est: 306
Nombre de Tile ajoutees dans la pile: 9
Nombre de Tile traversees: 2168  Distance est: 306
Nombre de Tile ajoutees dans la pile: 10
Nombre de Tile traversees: 2169  Distance est: 306
Nombre de Tile ajoutees dans la pile: 9
Nombre de Tile traversees: 2170  Distance est: 306
Nombre de Tile ajoutees dans la pile: 9
Nombre de Tile traversees: 2171  Distance est: 306
Nombre de Tile ajoutees dans la pile: 9
Nombre de Tile traversees: 2172  Distance est: 306
Nombre de Tile ajoutees dans la pile: 9
Nombre de Tile traversees: 2173  Distance est: 307
Nombre de Tile ajoutees dans la pile: 9
Nombre de Tile traversees: 2174  Distance est: 307
Nombre de Tile ajoutees dans la pile: 9
Nombre de Tile traversees: 2175  Distance est: 307
Nombre de Tile ajoutees dans la pile: 9
Nombre de Tile traversees: 2176  Distance est: 307
Nombre de Tile ajoutees dans la pile: 9
Nombre de Tile traversees: 2177  Distance est: 307
Nombre de Tile ajoutees dans la pile: 9
Nombre de Tile traversees: 2178  Distance est: 307
Nombre de Tile ajoutees dans la pile: 8
Nombre de Tile traversees: 2179  Distance est: 307
Nombre de Tile ajoutees dans la pile: 8
Nombre de Tile traversees: 2180  Distance est: 307
Nombre de Tile ajoutees dans la pile: 8
Nombre de Tile traversees: 2181  Distance est: 307
Nombre de Tile ajoutees dans la pile: 8
Nombre de Tile traversees: 2182  Distance est: 308
Nombre de Tile ajoutees dans la pile: 8
Nombre de Tile traversees: 2183  Distance est: 308
Nombre de Tile ajoutees dans la pile: 8
Nombre de Tile traversees: 2184  Distance est: 308
Nombre de Tile ajoutees dans la pile: 8
Nombre de Tile traversees: 2185  Distance est: 308
Nombre de Tile ajoutees dans la pile: 8
Nombre de Tile traversees: 2186  Distance est: 308
Nombre de Tile ajoutees dans la pile: 8
Nombre de Tile traversees: 2187  Distance est: 308
Nombre de Tile ajoutees dans la pile: 8
Nombre de Tile traversees: 2188  Distance est: 308
Nombre de Tile ajoutees dans la pile: 8
Nombre de Tile traversees: 2189  Distance est: 308
Nombre de Tile ajoutees dans la pile: 8
Nombre de Tile traversees: 2190  Distance est: 309
Nombre de Tile ajoutees dans la pile: 8
Nombre de Tile traversees: 2191  Distance est: 309
Nombre de Tile ajoutees dans la pile: 8
Nombre de Tile traversees: 2192  Distance est: 309
Nombre de Tile ajoutees dans la pile: 8
Nombre de Tile traversees: 2193  Distance est: 309
Nombre de Tile ajoutees dans la pile: 8
Nombre de Tile traversees: 2194  Distance est: 309
Nombre de Tile ajoutees dans la pile: 8
Nombre de Tile traversees: 2195  Distance est: 309
Nombre de Tile ajoutees dans la pile: 8
Nombre de Tile traversees: 2196  Distance est: 309
Nombre de Tile ajoutees dans la pile: 8
Nombre de Tile traversees: 2197  Distance est: 309
Nombre de Tile ajoutees dans la pile: 8
Nombre de Tile traversees: 2198  Distance est: 310
Nombre de Tile ajoutees dans la pile: 8
Nombre de Tile traversees: 2199  Distance est: 310
Nombre de Tile ajoutees dans la pile: 8
Nombre de Tile traversees: 2200  Distance est: 310
Nombre de Tile ajoutees dans la pile: 8
Nombre de Tile traversees: 2201  Distance est: 310
Nombre de Tile ajoutees dans la pile: 8
Nombre de Tile traversees: 2202  Distance est: 310
Nombre de Tile ajoutees dans la pile: 8
Nombre de Tile traversees: 2203  Distance est: 310
Nombre de Tile ajoutees dans la pile: 8
Nombre de Tile traversees: 2204  Distance est: 310
Nombre de Tile ajoutees dans la pile: 8
Nombre de Tile traversees: 2205  Distance est: 310
Nombre de Tile ajoutees dans la pile: 8
Nombre de Tile traversees: 2206  Distance est: 311
Nombre de Tile ajoutees dans la pile: 8
Nombre de Tile traversees: 2207  Distance est: 311
Nombre de Tile ajoutees dans la pile: 8
Nombre de Tile traversees: 2208  Distance est: 311
Nombre de Tile ajoutees dans la pile: 8
Nombre de Tile traversees: 2209  Distance est: 311
Nombre de Tile ajoutees dans la pile: 8
Nombre de Tile traversees: 2210  Distance est: 311
Nombre de Tile ajoutees dans la pile: 8
Nombre de Tile traversees: 2211  Distance est: 311
Nombre de Tile ajoutees dans la pile: 8
Nombre de Tile traversees: 2212  Distance est: 311
Nombre de Tile ajoutees dans la pile: 8
Nombre de Tile traversees: 2213  Distance est: 311
Nombre de Tile ajoutees dans la pile: 8
Nombre de Tile traversees: 2214  Distance est: 312
Nombre de Tile ajoutees dans la pile: 8
Nombre de Tile traversees: 2215  Distance est: 312
Nombre de Tile ajoutees dans la pile: 8
Nombre de Tile traversees: 2216  Distance est: 312
Nombre de Tile ajoutees dans la pile: 8
Nombre de Tile traversees: 2217  Distance est: 312
Nombre de Tile ajoutees dans la pile: 8
Nombre de Tile traversees: 2218  Distance est: 312
Nombre de Tile ajoutees dans la pile: 8
Nombre de Tile traversees: 2219  Distance est: 312
Nombre de Tile ajoutees dans la pile: 8
Nombre de Tile traversees: 2220  Distance est: 312
Nombre de Tile ajoutees dans la pile: 8
Nombre de Tile traversees: 2221  Distance est: 312
Nombre de Tile ajoutees dans la pile: 8
Nombre de Tile traversees: 2222  Distance est: 313
Nombre de Tile ajoutees dans la pile: 8
Nombre de Tile traversees: 2223  Distance est: 313
Nombre de Tile ajoutees dans la pile: 8
Nombre de Tile traversees: 2224  Distance est: 313
Nombre de Tile ajoutees dans la pile: 8
Nombre de Tile traversees: 2225  Distance est: 313
Nombre de Tile ajoutees dans la pile: 9
Nombre de Tile traversees: 2226  Distance est: 313
Nombre de Tile ajoutees dans la pile: 9
Nombre de Tile traversees: 2227  Distance est: 313
Nombre de Tile ajoutees dans la pile: 9
Nombre de Tile traversees: 2228  Distance est: 313
Nombre de Tile ajoutees dans la pile: 9
Nombre de Tile traversees: 2229  Distance est: 313
Nombre de Tile ajoutees dans la pile: 10
Nombre de Tile traversees: 2230  Distance est: 314
Nombre de Tile ajoutees dans la pile: 10
Nombre de Tile traversees: 2231  Distance est: 314
Nombre de Tile ajoutees dans la pile: 10
Nombre de Tile traversees: 2232  Distance est: 314
Nombre de Tile ajoutees dans la pile: 10
Nombre de Tile traversees: 2233  Distance est: 314
Nombre de Tile ajoutees dans la pile: 10
Nombre de Tile traversees: 2234  Distance est: 314
Nombre de Tile ajoutees dans la pile: 10
Nombre de Tile traversees: 2235  Distance est: 314
Nombre de Tile ajoutees dans la pile: 10
Nombre de Tile traversees: 2236  Distance est: 314
Nombre de Tile ajoutees dans la pile: 10
Nombre de Tile traversees: 2237  Distance est: 314
Nombre de Tile ajoutees dans la pile: 10
Nombre de Tile traversees: 2238  Distance est: 314
Nombre de Tile ajoutees dans la pile: 10
Nombre de Tile traversees: 2239  Distance est: 314
Nombre de Tile ajoutees dans la pile: 10
Nombre de Tile traversees: 2240  Distance est: 315
Nombre de Tile ajoutees dans la pile: 10
Nombre de Tile traversees: 2241  Distance est: 315
Nombre de Tile ajoutees dans la pile: 10
Nombre de Tile traversees: 2242  Distance est: 315
Nombre de Tile ajoutees dans la pile: 11
Nombre de Tile traversees: 2243  Distance est: 315
Nombre de Tile ajoutees dans la pile: 11
Nombre de Tile traversees: 2244  Distance est: 315
Nombre de Tile ajoutees dans la pile: 11
Nombre de Tile traversees: 2245  Distance est: 315
Nombre de Tile ajoutees dans la pile: 11
Nombre de Tile traversees: 2246  Distance est: 315
Nombre de Tile ajoutees dans la pile: 11
Nombre de Tile traversees: 2247  Distance est: 315
Nombre de Tile ajoutees dans la pile: 11
Nombre de Tile traversees: 2248  Distance est: 315
Nombre de Tile ajoutees dans la pile: 11
Nombre de Tile traversees: 2249  Distance est: 315
Nombre de Tile ajoutees dans la pile: 10
Nombre de Tile traversees: 2250  Distance est: 316
Nombre de Tile ajoutees dans la pile: 11
Nombre de Tile traversees: 2251  Distance est: 316
Nombre de Tile ajoutees dans la pile: 11
Nombre de Tile traversees: 2252  Distance est: 316
Nombre de Tile ajoutees dans la pile: 11
Nombre de Tile traversees: 2253  Distance est: 316
Nombre de Tile ajoutees dans la pile: 11
Nombre de Tile traversees: 2254  Distance est: 316
Nombre de Tile ajoutees dans la pile: 12
Nombre de Tile traversees: 2255  Distance est: 316
Nombre de Tile ajoutees dans la pile: 12
Nombre de Tile traversees: 2256  Distance est: 316
Nombre de Tile ajoutees dans la pile: 12
Nombre de Tile traversees: 2257  Distance est: 316
Nombre de Tile ajoutees dans la pile: 13
Nombre de Tile traversees: 2258  Distance est: 316
Nombre de Tile ajoutees dans la pile: 13
Nombre de Tile traversees: 2259  Distance est: 316
Nombre de Tile ajoutees dans la pile: 13
Nombre de Tile traversees: 2260  Distance est: 316
Nombre de Tile ajoutees dans la pile: 13
Nombre de Tile traversees: 2261  Distance est: 317
Nombre de Tile ajoutees dans la pile: 13
Nombre de Tile traversees: 2262  Distance est: 317
Nombre de Tile ajoutees dans la pile: 13
Nombre de Tile traversees: 2263  Distance est: 317
Nombre de Tile ajoutees dans la pile: 12
Nombre de Tile traversees: 2264  Distance est: 317
Nombre de Tile ajoutees dans la pile: 13
Nombre de Tile traversees: 2265  Distance est: 317
Nombre de Tile ajoutees dans la pile: 14
Nombre de Tile traversees: 2266  Distance est: 317
Nombre de Tile ajoutees dans la pile: 13
Nombre de Tile traversees: 2267  Distance est: 317
Nombre de Tile ajoutees dans la pile: 13
Nombre de Tile traversees: 2268  Distance est: 317
Nombre de Tile ajoutees dans la pile: 13
Nombre de Tile traversees: 2269  Distance est: 317
Nombre de Tile ajoutees dans la pile: 14
Nombre de Tile traversees: 2270  Distance est: 317
Nombre de Tile ajoutees dans la pile: 13
Nombre de Tile traversees: 2271  Distance est: 317
Nombre de Tile ajoutees dans la pile: 14
Nombre de Tile traversees: 2272  Distance est: 317
Nombre de Tile ajoutees dans la pile: 14
Nombre de Tile traversees: 2273  Distance est: 317
Nombre de Tile ajoutees dans la pile: 14
Nombre de Tile traversees: 2274  Distance est: 318
Nombre de Tile ajoutees dans la pile: 14
Nombre de Tile traversees: 2275  Distance est: 318
Nombre de Tile ajoutees dans la pile: 14
Nombre de Tile traversees: 2276  Distance est: 318
Nombre de Tile ajoutees dans la pile: 14
Nombre de Tile traversees: 2277  Distance est: 318
Nombre de Tile ajoutees dans la pile: 14
Nombre de Tile traversees: 2278  Distance est: 318
Nombre de Tile ajoutees dans la pile: 15
Nombre de Tile traversees: 2279  Distance est: 318
Nombre de Tile ajoutees dans la pile: 14
Nombre de Tile traversees: 2280  Distance est: 318
Nombre de Tile ajoutees dans la pile: 14
Nombre de Tile traversees: 2281  Distance est: 318
Nombre de Tile ajoutees dans la pile: 14
Nombre de Tile traversees: 2282  Distance est: 318
Nombre de Tile ajoutees dans la pile: 15
Nombre de Tile traversees: 2283  Distance est: 318
Nombre de Tile ajoutees dans la pile: 14
Nombre de Tile traversees: 2284  Distance est: 318
Nombre de Tile ajoutees dans la pile: 14
Nombre de Tile traversees: 2285  Distance est: 318
Nombre de Tile ajoutees dans la pile: 14
Nombre de Tile traversees: 2286  Distance est: 318
Nombre de Tile ajoutees dans la pile: 14
Nombre de Tile traversees: 2287  Distance est: 318
Nombre de Tile ajoutees dans la pile: 15
Nombre de Tile traversees: 2288  Distance est: 319
Nombre de Tile ajoutees dans la pile: 15
Nombre de Tile traversees: 2289  Distance est: 319
Nombre de Tile ajoutees dans la pile: 15
Nombre de Tile traversees: 2290  Distance est: 319
Nombre de Tile ajoutees dans la pile: 15
Nombre de Tile traversees: 2291  Distance est: 319
Nombre de Tile ajoutees dans la pile: 15
Nombre de Tile traversees: 2292  Distance est: 319
Nombre de Tile ajoutees dans la pile: 15
Nombre de Tile traversees: 2293  Distance est: 319
Nombre de Tile ajoutees dans la pile: 14
Nombre de Tile traversees: 2294  Distance est: 319
Nombre de Tile ajoutees dans la pile: 14
Nombre de Tile traversees: 2295  Distance est: 319
Nombre de Tile ajoutees dans la pile: 14
Nombre de Tile traversees: 2296  Distance est: 319
Nombre de Tile ajoutees dans la pile: 14
Nombre de Tile traversees: 2297  Distance est: 319
Nombre de Tile ajoutees dans la pile: 14
Nombre de Tile traversees: 2298  Distance est: 319
Nombre de Tile ajoutees dans la pile: 15
Nombre de Tile traversees: 2299  Distance est: 319
Nombre de Tile ajoutees dans la pile: 15
Nombre de Tile traversees: 2300  Distance est: 319
Nombre de Tile ajoutees dans la pile: 15
Nombre de Tile traversees: 2301  Distance est: 319
Nombre de Tile ajoutees dans la pile: 16
Nombre de Tile traversees: 2302  Distance est: 319
Nombre de Tile ajoutees dans la pile: 15
Nombre de Tile traversees: 2303  Distance est: 320
Nombre de Tile ajoutees dans la pile: 16
Nombre de Tile traversees: 2304  Distance est: 320
Nombre de Tile ajoutees dans la pile: 16
Nombre de Tile traversees: 2305  Distance est: 320
Nombre de Tile ajoutees dans la pile: 16
Nombre de Tile traversees: 2306  Distance est: 320
Nombre de Tile ajoutees dans la pile: 16
Nombre de Tile traversees: 2307  Distance est: 320
Nombre de Tile ajoutees dans la pile: 16
Nombre de Tile traversees: 2308  Distance est: 320
Nombre de Tile ajoutees dans la pile: 16
Nombre de Tile traversees: 2309  Distance est: 320
Nombre de Tile ajoutees dans la pile: 16
Nombre de Tile traversees: 2310  Distance est: 320
Nombre de Tile ajoutees dans la pile: 16
Nombre de Tile traversees: 2311  Distance est: 320
Nombre de Tile ajoutees dans la pile: 16
Nombre de Tile traversees: 2312  Distance est: 320
Nombre de Tile ajoutees dans la pile: 16
Nombre de Tile traversees: 2313  Distance est: 320
Nombre de Tile ajoutees dans la pile: 16
Nombre de Tile traversees: 2314  Distance est: 320
Nombre de Tile ajoutees dans la pile: 16
Nombre de Tile traversees: 2315  Distance est: 320
Nombre de Tile ajoutees dans la pile: 16
Nombre de Tile traversees: 2316  Distance est: 320
Nombre de Tile ajoutees dans la pile: 17
Nombre de Tile traversees: 2317  Distance est: 320
Nombre de Tile ajoutees dans la pile: 16
Nombre de Tile traversees: 2318  Distance est: 320
Nombre de Tile ajoutees dans la pile: 16
Nombre de Tile traversees: 2319  Distance est: 321
Nombre de Tile ajoutees dans la pile: 16
Nombre de Tile traversees: 2320  Distance est: 321
Nombre de Tile ajoutees dans la pile: 16
Nombre de Tile traversees: 2321  Distance est: 321
Nombre de Tile ajoutees dans la pile: 16
Nombre de Tile traversees: 2322  Distance est: 321
Nombre de Tile ajoutees dans la pile: 17
Nombre de Tile traversees: 2323  Distance est: 321
Nombre de Tile ajoutees dans la pile: 17
Nombre de Tile traversees: 2324  Distance est: 321
Nombre de Tile ajoutees dans la pile: 17
Nombre de Tile traversees: 2325  Distance est: 321
Nombre de Tile ajoutees dans la pile: 17
Nombre de Tile traversees: 2326  Distance est: 321
Nombre de Tile ajoutees dans la pile: 17
Nombre de Tile traversees: 2327  Distance est: 321
Nombre de Tile ajoutees dans la pile: 17
Nombre de Tile traversees: 2328  Distance est: 321
Nombre de Tile ajoutees dans la pile: 17
Nombre de Tile traversees: 2329  Distance est: 321
Nombre de Tile ajoutees dans la pile: 16
Nombre de Tile traversees: 2330  Distance est: 321
Nombre de Tile ajoutees dans la pile: 16
Nombre de Tile traversees: 2331  Distance est: 321
Nombre de Tile ajoutees dans la pile: 16
Nombre de Tile traversees: 2332  Distance est: 321
Nombre de Tile ajoutees dans la pile: 15
Nombre de Tile traversees: 2333  Distance est: 321
Nombre de Tile ajoutees dans la pile: 14
Nombre de Tile traversees: 2334  Distance est: 321
Nombre de Tile ajoutees dans la pile: 14
Nombre de Tile traversees: 2335  Distance est: 322
Nombre de Tile ajoutees dans la pile: 13
Nombre de Tile traversees: 2336  Distance est: 322
Nombre de Tile ajoutees dans la pile: 13
Nombre de Tile traversees: 2337  Distance est: 322
Nombre de Tile ajoutees dans la pile: 13
Nombre de Tile traversees: 2338  Distance est: 322
Nombre de Tile ajoutees dans la pile: 13
Nombre de Tile traversees: 2339  Distance est: 322
Nombre de Tile ajoutees dans la pile: 13
Nombre de Tile traversees: 2340  Distance est: 322
Nombre de Tile ajoutees dans la pile: 13
Nombre de Tile traversees: 2341  Distance est: 322
Nombre de Tile ajoutees dans la pile: 13
Nombre de Tile traversees: 2342  Distance est: 322
Nombre de Tile ajoutees dans la pile: 13
Nombre de Tile traversees: 2343  Distance est: 322
Nombre de Tile ajoutees dans la pile: 13
Nombre de Tile traversees: 2344  Distance est: 322
Nombre de Tile ajoutees dans la pile: 13
Nombre de Tile traversees: 2345  Distance est: 322
Nombre de Tile ajoutees dans la pile: 13
Nombre de Tile traversees: 2346  Distance est: 322
Nombre de Tile ajoutees dans la pile: 13
Nombre de Tile traversees: 2347  Distance est: 322
Nombre de Tile ajoutees dans la pile: 13
Nombre de Tile traversees: 2348  Distance est: 323
Nombre de Tile ajoutees dans la pile: 13
Nombre de Tile traversees: 2349  Distance est: 323
Nombre de Tile ajoutees dans la pile: 13
Nombre de Tile traversees: 2350  Distance est: 323
Nombre de Tile ajoutees dans la pile: 13
Nombre de Tile traversees: 2351  Distance est: 323
Nombre de Tile ajoutees dans la pile: 13
Nombre de Tile traversees: 2352  Distance est: 323
Nombre de Tile ajoutees dans la pile: 13
Nombre de Tile traversees: 2353  Distance est: 323
Nombre de Tile ajoutees dans la pile: 14
Nombre de Tile traversees: 2354  Distance est: 323
Nombre de Tile ajoutees dans la pile: 14
Nombre de Tile traversees: 2355  Distance est: 323
Nombre de Tile ajoutees dans la pile: 13
Nombre de Tile traversees: 2356  Distance est: 323
Nombre de Tile ajoutees dans la pile: 13
Nombre de Tile traversees: 2357  Distance est: 323
Nombre de Tile ajoutees dans la pile: 13
Nombre de Tile traversees: 2358  Distance est: 323
Nombre de Tile ajoutees dans la pile: 13
Nombre de Tile traversees: 2359  Distance est: 323
Nombre de Tile ajoutees dans la pile: 13
Nombre de Tile traversees: 2360  Distance est: 323
Nombre de Tile ajoutees dans la pile: 14
Nombre de Tile traversees: 2361  Distance est: 324
Nombre de Tile ajoutees dans la pile: 14
Nombre de Tile traversees: 2362  Distance est: 324
Nombre de Tile ajoutees dans la pile: 14
Nombre de Tile traversees: 2363  Distance est: 324
Nombre de Tile ajoutees dans la pile: 14
Nombre de Tile traversees: 2364  Distance est: 324
Nombre de Tile ajoutees dans la pile: 14
Nombre de Tile traversees: 2365  Distance est: 324
Nombre de Tile ajoutees dans la pile: 14
Nombre de Tile traversees: 2366  Distance est: 324
Nombre de Tile ajoutees dans la pile: 14
Nombre de Tile traversees: 2367  Distance est: 324
Nombre de Tile ajoutees dans la pile: 14
Nombre de Tile traversees: 2368  Distance est: 324
Nombre de Tile ajoutees dans la pile: 15
Nombre de Tile traversees: 2369  Distance est: 324
Nombre de Tile ajoutees dans la pile: 15
Nombre de Tile traversees: 2370  Distance est: 324
Nombre de Tile ajoutees dans la pile: 15
Nombre de Tile traversees: 2371  Distance est: 324
Nombre de Tile ajoutees dans la pile: 15
Nombre de Tile traversees: 2372  Distance est: 324
Nombre de Tile ajoutees dans la pile: 16
Nombre de Tile traversees: 2373  Distance est: 324
Nombre de Tile ajoutees dans la pile: 16
Nombre de Tile traversees: 2374  Distance est: 324
Nombre de Tile ajoutees dans la pile: 16
Nombre de Tile traversees: 2375  Distance est: 325
Nombre de Tile ajoutees dans la pile: 16
Nombre de Tile traversees: 2376  Distance est: 325
Nombre de Tile ajoutees dans la pile: 16
Nombre de Tile traversees: 2377  Distance est: 325
Nombre de Tile ajoutees dans la pile: 17
Nombre de Tile traversees: 2378  Distance est: 325
Nombre de Tile ajoutees dans la pile: 16
Nombre de Tile traversees: 2379  Distance est: 325
Nombre de Tile ajoutees dans la pile: 16
Nombre de Tile traversees: 2380  Distance est: 325
Nombre de Tile ajoutees dans la pile: 16
Nombre de Tile traversees: 2381  Distance est: 325
Nombre de Tile ajoutees dans la pile: 16
Nombre de Tile traversees: 2382  Distance est: 325
Nombre de Tile ajoutees dans la pile: 17
Nombre de Tile traversees: 2383  Distance est: 325
Nombre de Tile ajoutees dans la pile: 16
Nombre de Tile traversees: 2384  Distance est: 325
Nombre de Tile ajoutees dans la pile: 16
Nombre de Tile traversees: 2385  Distance est: 325
Nombre de Tile ajoutees dans la pile: 16
Nombre de Tile traversees: 2386  Distance est: 325
Nombre de Tile ajoutees dans la pile: 16
Nombre de Tile traversees: 2387  Distance est: 325
Nombre de Tile ajoutees dans la pile: 17
Nombre de Tile traversees: 2388  Distance est: 325
Nombre de Tile ajoutees dans la pile: 17
Nombre de Tile traversees: 2389  Distance est: 325
Nombre de Tile ajoutees dans la pile: 16
Nombre de Tile traversees: 2390  Distance est: 325
Nombre de Tile ajoutees dans la pile: 15
Nombre de Tile traversees: 2391  Distance est: 326
Nombre de Tile ajoutees dans la pile: 15
Nombre de Tile traversees: 2392  Distance est: 326
Nombre de Tile ajoutees dans la pile: 15
Nombre de Tile traversees: 2393  Distance est: 326
Nombre de Tile ajoutees dans la pile: 15
Nombre de Tile traversees: 2394  Distance est: 326
Nombre de Tile ajoutees dans la pile: 15
Nombre de Tile traversees: 2395  Distance est: 326
Nombre de Tile ajoutees dans la pile: 15
Nombre de Tile traversees: 2396  Distance est: 326
Nombre de Tile ajoutees dans la pile: 15
Nombre de Tile traversees: 2397  Distance est: 326
Nombre de Tile ajoutees dans la pile: 15
Nombre de Tile traversees: 2398  Distance est: 326
Nombre de Tile ajoutees dans la pile: 16
Nombre de Tile traversees: 2399  Distance est: 326
Nombre de Tile ajoutees dans la pile: 15
Nombre de Tile traversees: 2400  Distance est: 326
Nombre de Tile ajoutees dans la pile: 15
Nombre de Tile traversees: 2401  Distance est: 326
Nombre de Tile ajoutees dans la pile: 15
Nombre de Tile traversees: 2402  Distance est: 326
Nombre de Tile ajoutees dans la pile: 15
Nombre de Tile traversees: 2403  Distance est: 326
Nombre de Tile ajoutees dans la pile: 16
Nombre de Tile traversees: 2404  Distance est: 326
Nombre de Tile ajoutees dans la pile: 15
Nombre de Tile traversees: 2405  Distance est: 326
Nombre de Tile ajoutees dans la pile: 15
Nombre de Tile traversees: 2406  Distance est: 327
Nombre de Tile ajoutees dans la pile: 16
Nombre de Tile traversees: 2407  Distance est: 327
Nombre de Tile ajoutees dans la pile: 16
Nombre de Tile traversees: 2408  Distance est: 327
Nombre de Tile ajoutees dans la pile: 16
Nombre de Tile traversees: 2409  Distance est: 327
Nombre de Tile ajoutees dans la pile: 16
Nombre de Tile traversees: 2410  Distance est: 327
Nombre de Tile ajoutees dans la pile: 16
Nombre de Tile traversees: 2411  Distance est: 327
Nombre de Tile ajoutees dans la pile: 15
Nombre de Tile traversees: 2412  Distance est: 327
Nombre de Tile ajoutees dans la pile: 15
Nombre de Tile traversees: 2413  Distance est: 327
Nombre de Tile ajoutees dans la pile: 15
Nombre de Tile traversees: 2414  Distance est: 327
Nombre de Tile ajoutees dans la pile: 14
Nombre de Tile traversees: 2415  Distance est: 327
Nombre de Tile ajoutees dans la pile: 14
Nombre de Tile traversees: 2416  Distance est: 327
Nombre de Tile ajoutees dans la pile: 15
Nombre de Tile traversees: 2417  Distance est: 327
Nombre de Tile ajoutees dans la pile: 16
Nombre de Tile traversees: 2418  Distance est: 327
Nombre de Tile ajoutees dans la pile: 16
Nombre de Tile traversees: 2419  Distance est: 327
Nombre de Tile ajoutees dans la pile: 15
Nombre de Tile traversees: 2420  Distance est: 327
Nombre de Tile ajoutees dans la pile: 15
Nombre de Tile traversees: 2421  Distance est: 327
Nombre de Tile ajoutees dans la pile: 16
Nombre de Tile traversees: 2422  Distance est: 328
Nombre de Tile ajoutees dans la pile: 15
Nombre de Tile traversees: 2423  Distance est: 328
Nombre de Tile ajoutees dans la pile: 15
Nombre de Tile traversees: 2424  Distance est: 328
Nombre de Tile ajoutees dans la pile: 15
Nombre de Tile traversees: 2425  Distance est: 328
Nombre de Tile ajoutees dans la pile: 15
Nombre de Tile traversees: 2426  Distance est: 328
Nombre de Tile ajoutees dans la pile: 15
Nombre de Tile traversees: 2427  Distance est: 328
Nombre de Tile ajoutees dans la pile: 15
Nombre de Tile traversees: 2428  Distance est: 328
Nombre de Tile ajoutees dans la pile: 15
Nombre de Tile traversees: 2429  Distance est: 328
Nombre de Tile ajoutees dans la pile: 15
Nombre de Tile traversees: 2430  Distance est: 328
Nombre de Tile ajoutees dans la pile: 16
Nombre de Tile traversees: 2431  Distance est: 328
Nombre de Tile ajoutees dans la pile: 16
Nombre de Tile traversees: 2432  Distance est: 328
Nombre de Tile ajoutees dans la pile: 16
Nombre de Tile traversees: 2433  Distance est: 328
Nombre de Tile ajoutees dans la pile: 16
Nombre de Tile traversees: 2434  Distance est: 328
Nombre de Tile ajoutees dans la pile: 16
Nombre de Tile traversees: 2435  Distance est: 328
Nombre de Tile ajoutees dans la pile: 16
Nombre de Tile traversees: 2436  Distance est: 328
Nombre de Tile ajoutees dans la pile: 17
Nombre de Tile traversees: 2437  Distance est: 329
Nombre de Tile ajoutees dans la pile: 16
Nombre de Tile traversees: 2438  Distance est: 329
Nombre de Tile ajoutees dans la pile: 16
Nombre de Tile traversees: 2439  Distance est: 329
Nombre de Tile ajoutees dans la pile: 15
Nombre de Tile traversees: 2440  Distance est: 329
Nombre de Tile ajoutees dans la pile: 16
Nombre de Tile traversees: 2441  Distance est: 329
Nombre de Tile ajoutees dans la pile: 16
Nombre de Tile traversees: 2442  Distance est: 329
Nombre de Tile ajoutees dans la pile: 16
Nombre de Tile traversees: 2443  Distance est: 329
Nombre de Tile ajoutees dans la pile: 16
Nombre de Tile traversees: 2444  Distance est: 329
Nombre de Tile ajoutees dans la pile: 16
Nombre de Tile traversees: 2445  Distance est: 329
Nombre de Tile ajoutees dans la pile: 16
Nombre de Tile traversees: 2446  Distance est: 329
Nombre de Tile ajoutees dans la pile: 15
Nombre de Tile traversees: 2447  Distance est: 329
Nombre de Tile ajoutees dans la pile: 15
Nombre de Tile traversees: 2448  Distance est: 329
Nombre de Tile ajoutees dans la pile: 15
Nombre de Tile traversees: 2449  Distance est: 329
Nombre de Tile ajoutees dans la pile: 15
Nombre de Tile traversees: 2450  Distance est: 329
Nombre de Tile ajoutees dans la pile: 15
Nombre de Tile traversees: 2451  Distance est: 329
Nombre de Tile ajoutees dans la pile: 16
Nombre de Tile traversees: 2452  Distance est: 329
Nombre de Tile ajoutees dans la pile: 16
Nombre de Tile traversees: 2453  Distance est: 330
Nombre de Tile ajoutees dans la pile: 15
Nombre de Tile traversees: 2454  Distance est: 330
Nombre de Tile ajoutees dans la pile: 15
Nombre de Tile traversees: 2455  Distance est: 330
Nombre de Tile ajoutees dans la pile: 15
Nombre de Tile traversees: 2456  Distance est: 330
Nombre de Tile ajoutees dans la pile: 15
Nombre de Tile traversees: 2457  Distance est: 330
Nombre de Tile ajoutees dans la pile: 15
Nombre de Tile traversees: 2458  Distance est: 330
Nombre de Tile ajoutees dans la pile: 15
Nombre de Tile traversees: 2459  Distance est: 330
Nombre de Tile ajoutees dans la pile: 15
Nombre de Tile traversees: 2460  Distance est: 330
Nombre de Tile ajoutees dans la pile: 15
Nombre de Tile traversees: 2461  Distance est: 330
Nombre de Tile ajoutees dans la pile: 15
Nombre de Tile traversees: 2462  Distance est: 330
Nombre de Tile ajoutees dans la pile: 15
Nombre de Tile traversees: 2463  Distance est: 330
Nombre de Tile ajoutees dans la pile: 15
Nombre de Tile traversees: 2464  Distance est: 330
Nombre de Tile ajoutees dans la pile: 15
Nombre de Tile traversees: 2465  Distance est: 330
Nombre de Tile ajoutees dans la pile: 15
Nombre de Tile traversees: 2466  Distance est: 330
Nombre de Tile ajoutees dans la pile: 15
Nombre de Tile traversees: 2467  Distance est: 330
Nombre de Tile ajoutees dans la pile: 15
Nombre de Tile traversees: 2468  Distance est: 331
Nombre de Tile ajoutees dans la pile: 15
Nombre de Tile traversees: 2469  Distance est: 331
Nombre de Tile ajoutees dans la pile: 15
Nombre de Tile traversees: 2470  Distance est: 331
Nombre de Tile ajoutees dans la pile: 15
Nombre de Tile traversees: 2471  Distance est: 331
Nombre de Tile ajoutees dans la pile: 15
Nombre de Tile traversees: 2472  Distance est: 331
Nombre de Tile ajoutees dans la pile: 15
Nombre de Tile traversees: 2473  Distance est: 331
Nombre de Tile ajoutees dans la pile: 15
Nombre de Tile traversees: 2474  Distance est: 331
Nombre de Tile ajoutees dans la pile: 15
Nombre de Tile traversees: 2475  Distance est: 331
Nombre de Tile ajoutees dans la pile: 15
Nombre de Tile traversees: 2476  Distance est: 331
Nombre de Tile ajoutees dans la pile: 15
Nombre de Tile traversees: 2477  Distance est: 331
Nombre de Tile ajoutees dans la pile: 14
Nombre de Tile traversees: 2478  Distance est: 331
Nombre de Tile ajoutees dans la pile: 14
Nombre de Tile traversees: 2479  Distance est: 331
Nombre de Tile ajoutees dans la pile: 13
Nombre de Tile traversees: 2480  Distance est: 331
Nombre de Tile ajoutees dans la pile: 13
Nombre de Tile traversees: 2481  Distance est: 331
Nombre de Tile ajoutees dans la pile: 13
Nombre de Tile traversees: 2482  Distance est: 331
Nombre de Tile ajoutees dans la pile: 13
Nombre de Tile traversees: 2483  Distance est: 332
Nombre de Tile ajoutees dans la pile: 14
Nombre de Tile traversees: 2484  Distance est: 332
Nombre de Tile ajoutees dans la pile: 14
Nombre de Tile traversees: 2485  Distance est: 332
Nombre de Tile ajoutees dans la pile: 14
Nombre de Tile traversees: 2486  Distance est: 332
Nombre de Tile ajoutees dans la pile: 14
Nombre de Tile traversees: 2487  Distance est: 332
Nombre de Tile ajoutees dans la pile: 14
Nombre de Tile traversees: 2488  Distance est: 332
Nombre de Tile ajoutees dans la pile: 14
Nombre de Tile traversees: 2489  Distance est: 332
Nombre de Tile ajoutees dans la pile: 14
Nombre de Tile traversees: 2490  Distance est: 332
Nombre de Tile ajoutees dans la pile: 15
Nombre de Tile traversees: 2491  Distance est: 332
Nombre de Tile ajoutees dans la pile: 15
Nombre de Tile traversees: 2492  Distance est: 332
Nombre de Tile ajoutees dans la pile: 15
Nombre de Tile traversees: 2493  Distance est: 332
Nombre de Tile ajoutees dans la pile: 15
Nombre de Tile traversees: 2494  Distance est: 332
Nombre de Tile ajoutees dans la pile: 15
Nombre de Tile traversees: 2495  Distance est: 332
Nombre de Tile ajoutees dans la pile: 15
Nombre de Tile traversees: 2496  Distance est: 332
Nombre de Tile ajoutees dans la pile: 15
Nombre de Tile traversees: 2497  Distance est: 333
Nombre de Tile ajoutees dans la pile: 15
Nombre de Tile traversees: 2498  Distance est: 333
Nombre de Tile ajoutees dans la pile: 15
Nombre de Tile traversees: 2499  Distance est: 333
Nombre de Tile ajoutees dans la pile: 14
Nombre de Tile traversees: 2500  Distance est: 333
Nombre de Tile ajoutees dans la pile: 14
Nombre de Tile traversees: 2501  Distance est: 333
Nombre de Tile ajoutees dans la pile: 14
Nombre de Tile traversees: 2502  Distance est: 333
Nombre de Tile ajoutees dans la pile: 14
Nombre de Tile traversees: 2503  Distance est: 333
Nombre de Tile ajoutees dans la pile: 14
Nombre de Tile traversees: 2504  Distance est: 333
Nombre de Tile ajoutees dans la pile: 15
Nombre de Tile traversees: 2505  Distance est: 333
Nombre de Tile ajoutees dans la pile: 14
Nombre de Tile traversees: 2506  Distance est: 333
Nombre de Tile ajoutees dans la pile: 14
Nombre de Tile traversees: 2507  Distance est: 333
Nombre de Tile ajoutees dans la pile: 14
Nombre de Tile traversees: 2508  Distance est: 333
Nombre de Tile ajoutees dans la pile: 14
Nombre de Tile traversees: 2509  Distance est: 333
Nombre de Tile ajoutees dans la pile: 14
Nombre de Tile traversees: 2510  Distance est: 333
Nombre de Tile ajoutees dans la pile: 14
Nombre de Tile traversees: 2511  Distance est: 333
Nombre de Tile ajoutees dans la pile: 14
Nombre de Tile traversees: 2512  Distance est: 334
Nombre de Tile ajoutees dans la pile: 14
Nombre de Tile traversees: 2513  Distance est: 334
Nombre de Tile ajoutees dans la pile: 14
Nombre de Tile traversees: 2514  Distance est: 334
Nombre de Tile ajoutees dans la pile: 14
Nombre de Tile traversees: 2515  Distance est: 334
Nombre de Tile ajoutees dans la pile: 14
Nombre de Tile traversees: 2516  Distance est: 334
Nombre de Tile ajoutees dans la pile: 14
Nombre de Tile traversees: 2517  Distance est: 334
Nombre de Tile ajoutees dans la pile: 14
Nombre de Tile traversees: 2518  Distance est: 334
Nombre de Tile ajoutees dans la pile: 15
Nombre de Tile traversees: 2519  Distance est: 334
Nombre de Tile ajoutees dans la pile: 14
Nombre de Tile traversees: 2520  Distance est: 334
Nombre de Tile ajoutees dans la pile: 14
Nombre de Tile traversees: 2521  Distance est: 334
Nombre de Tile ajoutees dans la pile: 14
Nombre de Tile traversees: 2522  Distance est: 334
Nombre de Tile ajoutees dans la pile: 14
Nombre de Tile traversees: 2523  Distance est: 334
Nombre de Tile ajoutees dans la pile: 14
Nombre de Tile traversees: 2524  Distance est: 334
Nombre de Tile ajoutees dans la pile: 14
Nombre de Tile traversees: 2525  Distance est: 334
Nombre de Tile ajoutees dans la pile: 14
Nombre de Tile traversees: 2526  Distance est: 335
Nombre de Tile ajoutees dans la pile: 14
Nombre de Tile traversees: 2527  Distance est: 335
Nombre de Tile ajoutees dans la pile: 14
Nombre de Tile traversees: 2528  Distance est: 335
Nombre de Tile ajoutees dans la pile: 14
Nombre de Tile traversees: 2529  Distance est: 335
Nombre de Tile ajoutees dans la pile: 15
Nombre de Tile traversees: 2530  Distance est: 335
Nombre de Tile ajoutees dans la pile: 15
Nombre de Tile traversees: 2531  Distance est: 335
Nombre de Tile ajoutees dans la pile: 15
Nombre de Tile traversees: 2532  Distance est: 335
Nombre de Tile ajoutees dans la pile: 15
Nombre de Tile traversees: 2533  Distance est: 335
Nombre de Tile ajoutees dans la pile: 14
Nombre de Tile traversees: 2534  Distance est: 335
Nombre de Tile ajoutees dans la pile: 14
Nombre de Tile traversees: 2535  Distance est: 335
Nombre de Tile ajoutees dans la pile: 15
Nombre de Tile traversees: 2536  Distance est: 335
Nombre de Tile ajoutees dans la pile: 15
Nombre de Tile traversees: 2537  Distance est: 335
Nombre de Tile ajoutees dans la pile: 15
Nombre de Tile traversees: 2538  Distance est: 335
Nombre de Tile ajoutees dans la pile: 15
Nombre de Tile traversees: 2539  Distance est: 335
Nombre de Tile ajoutees dans la pile: 15
Nombre de Tile traversees: 2540  Distance est: 336
Nombre de Tile ajoutees dans la pile: 15
Nombre de Tile traversees: 2541  Distance est: 336
Nombre de Tile ajoutees dans la pile: 15
Nombre de Tile traversees: 2542  Distance est: 336
Nombre de Tile ajoutees dans la pile: 15
Nombre de Tile traversees: 2543  Distance est: 336
Nombre de Tile ajoutees dans la pile: 16
Nombre de Tile traversees: 2544  Distance est: 336
Nombre de Tile ajoutees dans la pile: 16
Nombre de Tile traversees: 2545  Distance est: 336
Nombre de Tile ajoutees dans la pile: 16
Nombre de Tile traversees: 2546  Distance est: 336
Nombre de Tile ajoutees dans la pile: 16
Nombre de Tile traversees: 2547  Distance est: 336
Nombre de Tile ajoutees dans la pile: 16
Nombre de Tile traversees: 2548  Distance est: 336
Nombre de Tile ajoutees dans la pile: 16
Nombre de Tile traversees: 2549  Distance est: 336
Nombre de Tile ajoutees dans la pile: 16
Nombre de Tile traversees: 2550  Distance est: 336
Nombre de Tile ajoutees dans la pile: 16
Nombre de Tile traversees: 2551  Distance est: 336
Nombre de Tile ajoutees dans la pile: 16
Nombre de Tile traversees: 2552  Distance est: 336
Nombre de Tile ajoutees dans la pile: 16
Nombre de Tile traversees: 2553  Distance est: 336
Nombre de Tile ajoutees dans la pile: 16
Nombre de Tile traversees: 2554  Distance est: 336
Nombre de Tile ajoutees dans la pile: 16
Nombre de Tile traversees: 2555  Distance est: 337
Nombre de Tile ajoutees dans la pile: 16
Nombre de Tile traversees: 2556  Distance est: 337
Nombre de Tile ajoutees dans la pile: 15
Nombre de Tile traversees: 2557  Distance est: 337
Nombre de Tile ajoutees dans la pile: 15
Nombre de Tile traversees: 2558  Distance est: 337
Nombre de Tile ajoutees dans la pile: 15
Nombre de Tile traversees: 2559  Distance est: 337
Nombre de Tile ajoutees dans la pile: 14
Nombre de Tile traversees: 2560  Distance est: 337
Nombre de Tile ajoutees dans la pile: 14
Nombre de Tile traversees: 2561  Distance est: 337
Nombre de Tile ajoutees dans la pile: 14
Nombre de Tile traversees: 2562  Distance est: 337
Nombre de Tile ajoutees dans la pile: 14
Nombre de Tile traversees: 2563  Distance est: 337
Nombre de Tile ajoutees dans la pile: 14
Nombre de Tile traversees: 2564  Distance est: 337
Nombre de Tile ajoutees dans la pile: 14
Nombre de Tile traversees: 2565  Distance est: 337
Nombre de Tile ajoutees dans la pile: 14
Nombre de Tile traversees: 2566  Distance est: 337
Nombre de Tile ajoutees dans la pile: 14
Nombre de Tile traversees: 2567  Distance est: 337
Nombre de Tile ajoutees dans la pile: 14
Nombre de Tile traversees: 2568  Distance est: 337
Nombre de Tile ajoutees dans la pile: 14
Nombre de Tile traversees: 2569  Distance est: 337
Nombre de Tile ajoutees dans la pile: 14
Nombre de Tile traversees: 2570  Distance est: 337
Nombre de Tile ajoutees dans la pile: 13
Nombre de Tile traversees: 2571  Distance est: 338
Nombre de Tile ajoutees dans la pile: 13
Nombre de Tile traversees: 2572  Distance est: 338
Nombre de Tile ajoutees dans la pile: 13
Nombre de Tile traversees: 2573  Distance est: 338
Nombre de Tile ajoutees dans la pile: 13
Nombre de Tile traversees: 2574  Distance est: 338
Nombre de Tile ajoutees dans la pile: 13
Nombre de Tile traversees: 2575  Distance est: 338
Nombre de Tile ajoutees dans la pile: 13
Nombre de Tile traversees: 2576  Distance est: 338
Nombre de Tile ajoutees dans la pile: 13
Nombre de Tile traversees: 2577  Distance est: 338
Nombre de Tile ajoutees dans la pile: 13
Nombre de Tile traversees: 2578  Distance est: 338
Nombre de Tile ajoutees dans la pile: 13
Nombre de Tile traversees: 2579  Distance est: 338
Nombre de Tile ajoutees dans la pile: 13
Nombre de Tile traversees: 2580  Distance est: 338
Nombre de Tile ajoutees dans la pile: 13
Nombre de Tile traversees: 2581  Distance est: 338
Nombre de Tile ajoutees dans la pile: 13
Nombre de Tile traversees: 2582  Distance est: 338
Nombre de Tile ajoutees dans la pile: 13
Nombre de Tile traversees: 2583  Distance est: 338
Nombre de Tile ajoutees dans la pile: 13
Nombre de Tile traversees: 2584  Distance est: 339
Nombre de Tile ajoutees dans la pile: 13
Nombre de Tile traversees: 2585  Distance est: 339
Nombre de Tile ajoutees dans la pile: 12
Nombre de Tile traversees: 2586  Distance est: 339
Nombre de Tile ajoutees dans la pile: 12
Nombre de Tile traversees: 2587  Distance est: 339
Nombre de Tile ajoutees dans la pile: 12
Nombre de Tile traversees: 2588  Distance est: 339
Nombre de Tile ajoutees dans la pile: 12
Nombre de Tile traversees: 2589  Distance est: 339
Nombre de Tile ajoutees dans la pile: 12
Nombre de Tile traversees: 2590  Distance est: 339
Nombre de Tile ajoutees dans la pile: 13
Nombre de Tile traversees: 2591  Distance est: 339
Nombre de Tile ajoutees dans la pile: 13
Nombre de Tile traversees: 2592  Distance est: 339
Nombre de Tile ajoutees dans la pile: 13
Nombre de Tile traversees: 2593  Distance est: 339
Nombre de Tile ajoutees dans la pile: 13
Nombre de Tile traversees: 2594  Distance est: 339
Nombre de Tile ajoutees dans la pile: 13
Nombre de Tile traversees: 2595  Distance est: 339
Nombre de Tile ajoutees dans la pile: 13
Nombre de Tile traversees: 2596  Distance est: 339
Nombre de Tile ajoutees dans la pile: 13
Nombre de Tile traversees: 2597  Distance est: 340
Nombre de Tile ajoutees dans la pile: 13
Nombre de Tile traversees: 2598  Distance est: 340
Nombre de Tile ajoutees dans la pile: 13
Nombre de Tile traversees: 2599  Distance est: 340
Nombre de Tile ajoutees dans la pile: 13
Nombre de Tile traversees: 2600  Distance est: 340
Nombre de Tile ajoutees dans la pile: 13
Nombre de Tile traversees: 2601  Distance est: 340
Nombre de Tile ajoutees dans la pile: 13
Nombre de Tile traversees: 2602  Distance est: 340
Nombre de Tile ajoutees dans la pile: 13
Nombre de Tile traversees: 2603  Distance est: 340
Nombre de Tile ajoutees dans la pile: 13
Nombre de Tile traversees: 2604  Distance est: 340
Nombre de Tile ajoutees dans la pile: 13
Nombre de Tile traversees: 2605  Distance est: 340
Nombre de Tile ajoutees dans la pile: 14
Nombre de Tile traversees: 2606  Distance est: 340
Nombre de Tile ajoutees dans la pile: 14
Nombre de Tile traversees: 2607  Distance est: 340
Nombre de Tile ajoutees dans la pile: 14
Nombre de Tile traversees: 2608  Distance est: 340
Nombre de Tile ajoutees dans la pile: 14
Nombre de Tile traversees: 2609  Distance est: 340
Nombre de Tile ajoutees dans la pile: 14
Nombre de Tile traversees: 2610  Distance est: 341
Nombre de Tile ajoutees dans la pile: 14
Nombre de Tile traversees: 2611  Distance est: 341
Nombre de Tile ajoutees dans la pile: 13
Nombre de Tile traversees: 2612  Distance est: 341
Nombre de Tile ajoutees dans la pile: 13
Nombre de Tile traversees: 2613  Distance est: 341
Nombre de Tile ajoutees dans la pile: 13
Nombre de Tile traversees: 2614  Distance est: 341
Nombre de Tile ajoutees dans la pile: 13
Nombre de Tile traversees: 2615  Distance est: 341
Nombre de Tile ajoutees dans la pile: 12
Nombre de Tile traversees: 2616  Distance est: 341
Nombre de Tile ajoutees dans la pile: 12
Nombre de Tile traversees: 2617  Distance est: 341
Nombre de Tile ajoutees dans la pile: 13
Nombre de Tile traversees: 2618  Distance est: 341
Nombre de Tile ajoutees dans la pile: 14
Nombre de Tile traversees: 2619  Distance est: 341
Nombre de Tile ajoutees dans la pile: 14
Nombre de Tile traversees: 2620  Distance est: 341
Nombre de Tile ajoutees dans la pile: 14
Nombre de Tile traversees: 2621  Distance est: 341
Nombre de Tile ajoutees dans la pile: 14
Nombre de Tile traversees: 2622  Distance est: 341
Nombre de Tile ajoutees dans la pile: 14
Nombre de Tile traversees: 2623  Distance est: 341
Nombre de Tile ajoutees dans la pile: 13
Nombre de Tile traversees: 2624  Distance est: 342
Nombre de Tile ajoutees dans la pile: 13
Nombre de Tile traversees: 2625  Distance est: 342
Nombre de Tile ajoutees dans la pile: 13
Nombre de Tile traversees: 2626  Distance est: 342
Nombre de Tile ajoutees dans la pile: 14
Nombre de Tile traversees: 2627  Distance est: 342
Nombre de Tile ajoutees dans la pile: 14
Nombre de Tile traversees: 2628  Distance est: 342
Nombre de Tile ajoutees dans la pile: 15
Nombre de Tile traversees: 2629  Distance est: 342
Nombre de Tile ajoutees dans la pile: 15
Nombre de Tile traversees: 2630  Distance est: 342
Nombre de Tile ajoutees dans la pile: 15
Nombre de Tile traversees: 2631  Distance est: 342
Nombre de Tile ajoutees dans la pile: 16
Nombre de Tile traversees: 2632  Distance est: 342
Nombre de Tile ajoutees dans la pile: 15
Nombre de Tile traversees: 2633  Distance est: 342
Nombre de Tile ajoutees dans la pile: 15
Nombre de Tile traversees: 2634  Distance est: 342
Nombre de Tile ajoutees dans la pile: 15
Nombre de Tile traversees: 2635  Distance est: 342
Nombre de Tile ajoutees dans la pile: 15
Nombre de Tile traversees: 2636  Distance est: 342
Nombre de Tile ajoutees dans la pile: 15
Nombre de Tile traversees: 2637  Distance est: 343
Nombre de Tile ajoutees dans la pile: 15
Nombre de Tile traversees: 2638  Distance est: 343
Nombre de Tile ajoutees dans la pile: 15
Nombre de Tile traversees: 2639  Distance est: 343
Nombre de Tile ajoutees dans la pile: 16
Nombre de Tile traversees: 2640  Distance est: 343
Nombre de Tile ajoutees dans la pile: 15
Nombre de Tile traversees: 2641  Distance est: 343
Nombre de Tile ajoutees dans la pile: 15
Nombre de Tile traversees: 2642  Distance est: 343
Nombre de Tile ajoutees dans la pile: 16
Nombre de Tile traversees: 2643  Distance est: 343
Nombre de Tile ajoutees dans la pile: 15
Nombre de Tile traversees: 2644  Distance est: 343
Nombre de Tile ajoutees dans la pile: 15
Nombre de Tile traversees: 2645  Distance est: 343
Nombre de Tile ajoutees dans la pile: 15
Nombre de Tile traversees: 2646  Distance est: 343
Nombre de Tile ajoutees dans la pile: 15
Nombre de Tile traversees: 2647  Distance est: 343
Nombre de Tile ajoutees dans la pile: 14
Nombre de Tile traversees: 2648  Distance est: 343
Nombre de Tile ajoutees dans la pile: 13
Nombre de Tile traversees: 2649  Distance est: 343
Nombre de Tile ajoutees dans la pile: 13
Nombre de Tile traversees: 2650  Distance est: 343
Nombre de Tile ajoutees dans la pile: 12
Nombre de Tile traversees: 2651  Distance est: 343
Nombre de Tile ajoutees dans la pile: 12
Nombre de Tile traversees: 2652  Distance est: 344
Nombre de Tile ajoutees dans la pile: 12
Nombre de Tile traversees: 2653  Distance est: 344
Nombre de Tile ajoutees dans la pile: 12
Nombre de Tile traversees: 2654  Distance est: 344
Nombre de Tile ajoutees dans la pile: 13
Nombre de Tile traversees: 2655  Distance est: 344
Nombre de Tile ajoutees dans la pile: 12
Nombre de Tile traversees: 2656  Distance est: 344
Nombre de Tile ajoutees dans la pile: 12
Nombre de Tile traversees: 2657  Distance est: 344
Nombre de Tile ajoutees dans la pile: 13
Nombre de Tile traversees: 2658  Distance est: 344
Nombre de Tile ajoutees dans la pile: 12
Nombre de Tile traversees: 2659  Distance est: 344
Nombre de Tile ajoutees dans la pile: 12
Nombre de Tile traversees: 2660  Distance est: 344
Nombre de Tile ajoutees dans la pile: 12
Nombre de Tile traversees: 2661  Distance est: 344
Nombre de Tile ajoutees dans la pile: 12
Nombre de Tile traversees: 2662  Distance est: 344
Nombre de Tile ajoutees dans la pile: 12
Nombre de Tile traversees: 2663  Distance est: 344
Nombre de Tile ajoutees dans la pile: 12
Nombre de Tile traversees: 2664  Distance est: 345
Nombre de Tile ajoutees dans la pile: 12
Nombre de Tile traversees: 2665  Distance est: 345
Nombre de Tile ajoutees dans la pile: 12
Nombre de Tile traversees: 2666  Distance est: 345
Nombre de Tile ajoutees dans la pile: 12
Nombre de Tile traversees: 2667  Distance est: 345
Nombre de Tile ajoutees dans la pile: 11
Nombre de Tile traversees: 2668  Distance est: 345
Nombre de Tile ajoutees dans la pile: 11
Nombre de Tile traversees: 2669  Distance est: 345
Nombre de Tile ajoutees dans la pile: 10
Nombre de Tile traversees: 2670  Distance est: 345
Nombre de Tile ajoutees dans la pile: 10
Nombre de Tile traversees: 2671  Distance est: 345
Nombre de Tile ajoutees dans la pile: 10
Nombre de Tile traversees: 2672  Distance est: 345
Nombre de Tile ajoutees dans la pile: 9
Nombre de Tile traversees: 2673  Distance est: 345
Nombre de Tile ajoutees dans la pile: 9
Nombre de Tile traversees: 2674  Distance est: 345
Nombre de Tile ajoutees dans la pile: 9
Nombre de Tile traversees: 2675  Distance est: 345
Nombre de Tile ajoutees dans la pile: 9
Nombre de Tile traversees: 2676  Distance est: 346
Nombre de Tile ajoutees dans la pile: 9
Nombre de Tile traversees: 2677  Distance est: 346
Nombre de Tile ajoutees dans la pile: 9
Nombre de Tile traversees: 2678  Distance est: 346
Nombre de Tile ajoutees dans la pile: 9
Nombre de Tile traversees: 2679  Distance est: 346
Nombre de Tile ajoutees dans la pile: 9
Nombre de Tile traversees: 2680  Distance est: 346
Nombre de Tile ajoutees dans la pile: 9
Nombre de Tile traversees: 2681  Distance est: 346
Nombre de Tile ajoutees dans la pile: 9
Nombre de Tile traversees: 2682  Distance est: 346
Nombre de Tile ajoutees dans la pile: 9
Nombre de Tile traversees: 2683  Distance est: 346
Nombre de Tile ajoutees dans la pile: 9
Nombre de Tile traversees: 2684  Distance est: 346
Nombre de Tile ajoutees dans la pile: 9
Nombre de Tile traversees: 2685  Distance est: 347
Nombre de Tile ajoutees dans la pile: 9
Nombre de Tile traversees: 2686  Distance est: 347
Nombre de Tile ajoutees dans la pile: 8
Nombre de Tile traversees: 2687  Distance est: 347
Nombre de Tile ajoutees dans la pile: 8
Nombre de Tile traversees: 2688  Distance est: 347
Nombre de Tile ajoutees dans la pile: 9
Nombre de Tile traversees: 2689  Distance est: 347
Nombre de Tile ajoutees dans la pile: 8
Nombre de Tile traversees: 2690  Distance est: 347
Nombre de Tile ajoutees dans la pile: 8
Nombre de Tile traversees: 2691  Distance est: 347
Nombre de Tile ajoutees dans la pile: 8
Nombre de Tile traversees: 2692  Distance est: 347
Nombre de Tile ajoutees dans la pile: 8
Nombre de Tile traversees: 2693  Distance est: 347
Nombre de Tile ajoutees dans la pile: 8
Nombre de Tile traversees: 2694  Distance est: 348
Nombre de Tile ajoutees dans la pile: 8
Nombre de Tile traversees: 2695  Distance est: 348
Nombre de Tile ajoutees dans la pile: 8
Nombre de Tile traversees: 2696  Distance est: 348
Nombre de Tile ajoutees dans la pile: 8
Nombre de Tile traversees: 2697  Distance est: 348
Nombre de Tile ajoutees dans la pile: 8
Nombre de Tile traversees: 2698  Distance est: 348
Nombre de Tile ajoutees dans la pile: 8
Nombre de Tile traversees: 2699  Distance est: 348
Nombre de Tile ajoutees dans la pile: 8
Nombre de Tile traversees: 2700  Distance est: 348
Nombre de Tile ajoutees dans la pile: 8
Nombre de Tile traversees: 2701  Distance est: 348
Nombre de Tile ajoutees dans la pile: 8
Nombre de Tile traversees: 2702  Distance est: 349
Nombre de Tile ajoutees dans la pile: 8
Nombre de Tile traversees: 2703  Distance est: 349
Nombre de Tile ajoutees dans la pile: 8
Nombre de Tile traversees: 2704  Distance est: 349
Nombre de Tile ajoutees dans la pile: 8
Nombre de Tile traversees: 2705  Distance est: 349
Nombre de Tile ajoutees dans la pile: 9
Nombre de Tile traversees: 2706  Distance est: 349
Nombre de Tile ajoutees dans la pile: 10
Nombre de Tile traversees: 2707  Distance est: 349
Nombre de Tile ajoutees dans la pile: 11
Nombre de Tile traversees: 2708  Distance est: 349
Nombre de Tile ajoutees dans la pile: 11
Nombre de Tile traversees: 2709  Distance est: 349
Nombre de Tile ajoutees dans la pile: 11
Nombre de Tile traversees: 2710  Distance est: 350
Nombre de Tile ajoutees dans la pile: 11
Nombre de Tile traversees: 2711  Distance est: 350
Nombre de Tile ajoutees dans la pile: 11
Nombre de Tile traversees: 2712  Distance est: 350
Nombre de Tile ajoutees dans la pile: 11
Nombre de Tile traversees: 2713  Distance est: 350
Nombre de Tile ajoutees dans la pile: 11
Nombre de Tile traversees: 2714  Distance est: 350
Nombre de Tile ajoutees dans la pile: 11
Nombre de Tile traversees: 2715  Distance est: 350
Nombre de Tile ajoutees dans la pile: 12
Nombre de Tile traversees: 2716  Distance est: 350
Nombre de Tile ajoutees dans la pile: 12
Nombre de Tile traversees: 2717  Distance est: 350
Nombre de Tile ajoutees dans la pile: 12
Nombre de Tile traversees: 2718  Distance est: 350
Nombre de Tile ajoutees dans la pile: 12
Nombre de Tile traversees: 2719  Distance est: 350
Nombre de Tile ajoutees dans la pile: 12
Nombre de Tile traversees: 2720  Distance est: 350
Nombre de Tile ajoutees dans la pile: 12
Nombre de Tile traversees: 2721  Distance est: 351
Nombre de Tile ajoutees dans la pile: 12
Nombre de Tile traversees: 2722  Distance est: 351
Nombre de Tile ajoutees dans la pile: 13
Nombre de Tile traversees: 2723  Distance est: 351
Nombre de Tile ajoutees dans la pile: 13
Nombre de Tile traversees: 2724  Distance est: 351
Nombre de Tile ajoutees dans la pile: 12
Nombre de Tile traversees: 2725  Distance est: 351
Nombre de Tile ajoutees dans la pile: 12
Nombre de Tile traversees: 2726  Distance est: 351
Nombre de Tile ajoutees dans la pile: 12
Nombre de Tile traversees: 2727  Distance est: 351
Nombre de Tile ajoutees dans la pile: 11
Nombre de Tile traversees: 2728  Distance est: 351
Nombre de Tile ajoutees dans la pile: 10
Nombre de Tile traversees: 2729  Distance est: 351
Nombre de Tile ajoutees dans la pile: 10
Nombre de Tile traversees: 2730  Distance est: 351
Nombre de Tile ajoutees dans la pile: 10
Nombre de Tile traversees: 2731  Distance est: 351
Nombre de Tile ajoutees dans la pile: 10
Nombre de Tile traversees: 2732  Distance est: 351
Nombre de Tile ajoutees dans la pile: 11
Nombre de Tile traversees: 2733  Distance est: 352
Nombre de Tile ajoutees dans la pile: 11
Nombre de Tile traversees: 2734  Distance est: 352
Nombre de Tile ajoutees dans la pile: 11
Nombre de Tile traversees: 2735  Distance est: 352
Nombre de Tile ajoutees dans la pile: 11
Nombre de Tile traversees: 2736  Distance est: 352
Nombre de Tile ajoutees dans la pile: 11
Nombre de Tile traversees: 2737  Distance est: 352
Nombre de Tile ajoutees dans la pile: 11
Nombre de Tile traversees: 2738  Distance est: 352
Nombre de Tile ajoutees dans la pile: 11
Nombre de Tile traversees: 2739  Distance est: 352
Nombre de Tile ajoutees dans la pile: 11
Nombre de Tile traversees: 2740  Distance est: 352
Nombre de Tile ajoutees dans la pile: 11
Nombre de Tile traversees: 2741  Distance est: 352
Nombre de Tile ajoutees dans la pile: 11
Nombre de Tile traversees: 2742  Distance est: 352
Nombre de Tile ajoutees dans la pile: 11
Nombre de Tile traversees: 2743  Distance est: 352
Nombre de Tile ajoutees dans la pile: 11
Nombre de Tile traversees: 2744  Distance est: 353
Nombre de Tile ajoutees dans la pile: 11
Nombre de Tile traversees: 2745  Distance est: 353
Nombre de Tile ajoutees dans la pile: 11
Nombre de Tile traversees: 2746  Distance est: 353
Nombre de Tile ajoutees dans la pile: 11
Nombre de Tile traversees: 2747  Distance est: 353
Nombre de Tile ajoutees dans la pile: 11
Nombre de Tile traversees: 2748  Distance est: 353
Nombre de Tile ajoutees dans la pile: 12
Nombre de Tile traversees: 2749  Distance est: 353
Nombre de Tile ajoutees dans la pile: 12
Nombre de Tile traversees: 2750  Distance est: 353
Nombre de Tile ajoutees dans la pile: 12
Nombre de Tile traversees: 2751  Distance est: 353
Nombre de Tile ajoutees dans la pile: 12
Nombre de Tile traversees: 2752  Distance est: 353
Nombre de Tile ajoutees dans la pile: 12
Nombre de Tile traversees: 2753  Distance est: 353
Nombre de Tile ajoutees dans la pile: 12
Nombre de Tile traversees: 2754  Distance est: 353
Nombre de Tile ajoutees dans la pile: 12
Nombre de Tile traversees: 2755  Distance est: 354
Nombre de Tile ajoutees dans la pile: 12
Nombre de Tile traversees: 2756  Distance est: 354
Nombre de Tile ajoutees dans la pile: 12
Nombre de Tile traversees: 2757  Distance est: 354
Nombre de Tile ajoutees dans la pile: 12
Nombre de Tile traversees: 2758  Distance est: 354
Nombre de Tile ajoutees dans la pile: 12
Nombre de Tile traversees: 2759  Distance est: 354
Nombre de Tile ajoutees dans la pile: 12
Nombre de Tile traversees: 2760  Distance est: 354
Nombre de Tile ajoutees dans la pile: 12
Nombre de Tile traversees: 2761  Distance est: 354
Nombre de Tile ajoutees dans la pile: 12
Nombre de Tile traversees: 2762  Distance est: 354
Nombre de Tile ajoutees dans la pile: 12
Nombre de Tile traversees: 2763  Distance est: 354
Nombre de Tile ajoutees dans la pile: 12
Nombre de Tile traversees: 2764  Distance est: 354
Nombre de Tile ajoutees dans la pile: 12
Nombre de Tile traversees: 2765  Distance est: 354
Nombre de Tile ajoutees dans la pile: 12
Nombre de Tile traversees: 2766  Distance est: 354
Nombre de Tile ajoutees dans la pile: 12
Nombre de Tile traversees: 2767  Distance est: 355
Nombre de Tile ajoutees dans la pile: 12
Nombre de Tile traversees: 2768  Distance est: 355
Nombre de Tile ajoutees dans la pile: 12
Nombre de Tile traversees: 2769  Distance est: 355
Nombre de Tile ajoutees dans la pile: 12
Nombre de Tile traversees: 2770  Distance est: 355
Nombre de Tile ajoutees dans la pile: 12
Nombre de Tile traversees: 2771  Distance est: 355
Nombre de Tile ajoutees dans la pile: 13
Nombre de Tile traversees: 2772  Distance est: 355
Nombre de Tile ajoutees dans la pile: 13
Nombre de Tile traversees: 2773  Distance est: 355
Nombre de Tile ajoutees dans la pile: 13
Nombre de Tile traversees: 2774  Distance est: 355
Nombre de Tile ajoutees dans la pile: 13
Nombre de Tile traversees: 2775  Distance est: 355
Nombre de Tile ajoutees dans la pile: 13
Nombre de Tile traversees: 2776  Distance est: 355
Nombre de Tile ajoutees dans la pile: 13
Nombre de Tile traversees: 2777  Distance est: 355
Nombre de Tile ajoutees dans la pile: 14
Nombre de Tile traversees: 2778  Distance est: 355
Nombre de Tile ajoutees dans la pile: 14
Nombre de Tile traversees: 2779  Distance est: 356
Nombre de Tile ajoutees dans la pile: 14
Nombre de Tile traversees: 2780  Distance est: 356
Nombre de Tile ajoutees dans la pile: 14
Nombre de Tile traversees: 2781  Distance est: 356
Nombre de Tile ajoutees dans la pile: 15
Nombre de Tile traversees: 2782  Distance est: 356
Nombre de Tile ajoutees dans la pile: 15
Nombre de Tile traversees: 2783  Distance est: 356
Nombre de Tile ajoutees dans la pile: 15
Nombre de Tile traversees: 2784  Distance est: 356
Nombre de Tile ajoutees dans la pile: 15
Nombre de Tile traversees: 2785  Distance est: 356
Nombre de Tile ajoutees dans la pile: 15
Nombre de Tile traversees: 2786  Distance est: 356
Nombre de Tile ajoutees dans la pile: 15
Nombre de Tile traversees: 2787  Distance est: 356
Nombre de Tile ajoutees dans la pile: 15
Nombre de Tile traversees: 2788  Distance est: 356
Nombre de Tile ajoutees dans la pile: 15
Nombre de Tile traversees: 2789  Distance est: 356
Nombre de Tile ajoutees dans la pile: 15
Nombre de Tile traversees: 2790  Distance est: 356
Nombre de Tile ajoutees dans la pile: 15
Nombre de Tile traversees: 2791  Distance est: 356
Nombre de Tile ajoutees dans la pile: 15
Nombre de Tile traversees: 2792  Distance est: 356
Nombre de Tile ajoutees dans la pile: 15
Nombre de Tile traversees: 2793  Distance est: 357
Nombre de Tile ajoutees dans la pile: 15
Nombre de Tile traversees: 2794  Distance est: 357
Nombre de Tile ajoutees dans la pile: 15
Nombre de Tile traversees: 2795  Distance est: 357
Nombre de Tile ajoutees dans la pile: 16
Nombre de Tile traversees: 2796  Distance est: 357
Nombre de Tile ajoutees dans la pile: 15
Nombre de Tile traversees: 2797  Distance est: 357
Nombre de Tile ajoutees dans la pile: 15
Nombre de Tile traversees: 2798  Distance est: 357
Nombre de Tile ajoutees dans la pile: 15
Nombre de Tile traversees: 2799  Distance est: 357
Nombre de Tile ajoutees dans la pile: 14
Nombre de Tile traversees: 2800  Distance est: 357
Nombre de Tile ajoutees dans la pile: 13
Nombre de Tile traversees: 2801  Distance est: 357
Nombre de Tile ajoutees dans la pile: 13
Nombre de Tile traversees: 2802  Distance est: 357
Nombre de Tile ajoutees dans la pile: 14
Nombre de Tile traversees: 2803  Distance est: 357
Nombre de Tile ajoutees dans la pile: 14
Nombre de Tile traversees: 2804  Distance est: 357
Nombre de Tile ajoutees dans la pile: 15
Nombre de Tile traversees: 2805  Distance est: 357
Nombre de Tile ajoutees dans la pile: 15
Nombre de Tile traversees: 2806  Distance est: 357
Nombre de Tile ajoutees dans la pile: 15
Nombre de Tile traversees: 2807  Distance est: 357
Nombre de Tile ajoutees dans la pile: 15
Nombre de Tile traversees: 2808  Distance est: 358
Nombre de Tile ajoutees dans la pile: 15
Nombre de Tile traversees: 2809  Distance est: 358
Nombre de Tile ajoutees dans la pile: 15
Nombre de Tile traversees: 2810  Distance est: 358
Nombre de Tile ajoutees dans la pile: 16
Nombre de Tile traversees: 2811  Distance est: 358
Nombre de Tile ajoutees dans la pile: 15
Nombre de Tile traversees: 2812  Distance est: 358
Nombre de Tile ajoutees dans la pile: 15
Nombre de Tile traversees: 2813  Distance est: 358
Nombre de Tile ajoutees dans la pile: 15
Nombre de Tile traversees: 2814  Distance est: 358
Nombre de Tile ajoutees dans la pile: 15
Nombre de Tile traversees: 2815  Distance est: 358
Nombre de Tile ajoutees dans la pile: 15
Nombre de Tile traversees: 2816  Distance est: 358
Nombre de Tile ajoutees dans la pile: 15
Nombre de Tile traversees: 2817  Distance est: 358
Nombre de Tile ajoutees dans la pile: 15
Nombre de Tile traversees: 2818  Distance est: 358
Nombre de Tile ajoutees dans la pile: 15
Nombre de Tile traversees: 2819  Distance est: 358
Nombre de Tile ajoutees dans la pile: 15
Nombre de Tile traversees: 2820  Distance est: 358
Nombre de Tile ajoutees dans la pile: 15
Nombre de Tile traversees: 2821  Distance est: 358
Nombre de Tile ajoutees dans la pile: 15
Nombre de Tile traversees: 2822  Distance est: 358
Nombre de Tile ajoutees dans la pile: 15
Nombre de Tile traversees: 2823  Distance est: 359
Nombre de Tile ajoutees dans la pile: 15
Nombre de Tile traversees: 2824  Distance est: 359
Nombre de Tile ajoutees dans la pile: 15
Nombre de Tile traversees: 2825  Distance est: 359
Nombre de Tile ajoutees dans la pile: 15
Nombre de Tile traversees: 2826  Distance est: 359
Nombre de Tile ajoutees dans la pile: 14
Nombre de Tile traversees: 2827  Distance est: 359
Nombre de Tile ajoutees dans la pile: 14
Nombre de Tile traversees: 2828  Distance est: 359
Nombre de Tile ajoutees dans la pile: 14
Nombre de Tile traversees: 2829  Distance est: 359
Nombre de Tile ajoutees dans la pile: 14
Nombre de Tile traversees: 2830  Distance est: 359
Nombre de Tile ajoutees dans la pile: 14
Nombre de Tile traversees: 2831  Distance est: 359
Nombre de Tile ajoutees dans la pile: 14
Nombre de Tile traversees: 2832  Distance est: 359
Nombre de Tile ajoutees dans la pile: 14
Nombre de Tile traversees: 2833  Distance est: 359
Nombre de Tile ajoutees dans la pile: 14
Nombre de Tile traversees: 2834  Distance est: 359
Nombre de Tile ajoutees dans la pile: 14
Nombre de Tile traversees: 2835  Distance est: 359
Nombre de Tile ajoutees dans la pile: 14
Nombre de Tile traversees: 2836  Distance est: 359
Nombre de Tile ajoutees dans la pile: 14
Nombre de Tile traversees: 2837  Distance est: 359
Nombre de Tile ajoutees dans la pile: 14
Nombre de Tile traversees: 2838  Distance est: 360
Nombre de Tile ajoutees dans la pile: 14
Nombre de Tile traversees: 2839  Distance est: 360
Nombre de Tile ajoutees dans la pile: 14
Nombre de Tile traversees: 2840  Distance est: 360
Nombre de Tile ajoutees dans la pile: 14
Nombre de Tile traversees: 2841  Distance est: 360
Nombre de Tile ajoutees dans la pile: 14
Nombre de Tile traversees: 2842  Distance est: 360
Nombre de Tile ajoutees dans la pile: 14
Nombre de Tile traversees: 2843  Distance est: 360
Nombre de Tile ajoutees dans la pile: 14
Nombre de Tile traversees: 2844  Distance est: 360
Nombre de Tile ajoutees dans la pile: 14
Nombre de Tile traversees: 2845  Distance est: 360
Nombre de Tile ajoutees dans la pile: 14
Nombre de Tile traversees: 2846  Distance est: 360
Nombre de Tile ajoutees dans la pile: 15
Nombre de Tile traversees: 2847  Distance est: 360
Nombre de Tile ajoutees dans la pile: 15
Nombre de Tile traversees: 2848  Distance est: 360
Nombre de Tile ajoutees dans la pile: 15
Nombre de Tile traversees: 2849  Distance est: 360
Nombre de Tile ajoutees dans la pile: 15
Nombre de Tile traversees: 2850  Distance est: 360
Nombre de Tile ajoutees dans la pile: 15
Nombre de Tile traversees: 2851  Distance est: 360
Nombre de Tile ajoutees dans la pile: 15
Nombre de Tile traversees: 2852  Distance est: 361
Nombre de Tile ajoutees dans la pile: 16
Nombre de Tile traversees: 2853  Distance est: 361
Nombre de Tile ajoutees dans la pile: 17
Nombre de Tile traversees: 2854  Distance est: 361
Nombre de Tile ajoutees dans la pile: 17
Nombre de Tile traversees: 2855  Distance est: 361
Nombre de Tile ajoutees dans la pile: 17
Nombre de Tile traversees: 2856  Distance est: 361
Nombre de Tile ajoutees dans la pile: 18
Nombre de Tile traversees: 2857  Distance est: 361
Nombre de Tile ajoutees dans la pile: 18
Nombre de Tile traversees: 2858  Distance est: 361
Nombre de Tile ajoutees dans la pile: 17
Nombre de Tile traversees: 2859  Distance est: 361
Nombre de Tile ajoutees dans la pile: 17
Nombre de Tile traversees: 2860  Distance est: 361
Nombre de Tile ajoutees dans la pile: 18
Nombre de Tile traversees: 2861  Distance est: 361
Nombre de Tile ajoutees dans la pile: 17
Nombre de Tile traversees: 2862  Distance est: 361
Nombre de Tile ajoutees dans la pile: 17
Nombre de Tile traversees: 2863  Distance est: 361
Nombre de Tile ajoutees dans la pile: 17
Nombre de Tile traversees: 2864  Distance est: 361
Nombre de Tile ajoutees dans la pile: 17
Nombre de Tile traversees: 2865  Distance est: 361
Nombre de Tile ajoutees dans la pile: 17
Nombre de Tile traversees: 2866  Distance est: 361
Nombre de Tile ajoutees dans la pile: 17
Nombre de Tile traversees: 2867  Distance est: 361
Nombre de Tile ajoutees dans la pile: 18
Nombre de Tile traversees: 2868  Distance est: 362
Nombre de Tile ajoutees dans la pile: 17
Nombre de Tile traversees: 2869  Distance est: 362
Nombre de Tile ajoutees dans la pile: 17
Nombre de Tile traversees: 2870  Distance est: 362
Nombre de Tile ajoutees dans la pile: 17
Nombre de Tile traversees: 2871  Distance est: 362
Nombre de Tile ajoutees dans la pile: 17
Nombre de Tile traversees: 2872  Distance est: 362
Nombre de Tile ajoutees dans la pile: 17
Nombre de Tile traversees: 2873  Distance est: 362
Nombre de Tile ajoutees dans la pile: 17
Nombre de Tile traversees: 2874  Distance est: 362
Nombre de Tile ajoutees dans la pile: 17
Nombre de Tile traversees: 2875  Distance est: 362
Nombre de Tile ajoutees dans la pile: 18
Nombre de Tile traversees: 2876  Distance est: 362
Nombre de Tile ajoutees dans la pile: 18
Nombre de Tile traversees: 2877  Distance est: 362
Nombre de Tile ajoutees dans la pile: 19
Nombre de Tile traversees: 2878  Distance est: 362
Nombre de Tile ajoutees dans la pile: 18
Nombre de Tile traversees: 2879  Distance est: 362
Nombre de Tile ajoutees dans la pile: 18
Nombre de Tile traversees: 2880  Distance est: 362
Nombre de Tile ajoutees dans la pile: 18
Nombre de Tile traversees: 2881  Distance est: 362
Nombre de Tile ajoutees dans la pile: 18
Nombre de Tile traversees: 2882  Distance est: 362
Nombre de Tile ajoutees dans la pile: 18
Nombre de Tile traversees: 2883  Distance est: 362
Nombre de Tile ajoutees dans la pile: 18
Nombre de Tile traversees: 2884  Distance est: 362
Nombre de Tile ajoutees dans la pile: 19
Nombre de Tile traversees: 2885  Distance est: 363
Nombre de Tile ajoutees dans la pile: 18
Nombre de Tile traversees: 2886  Distance est: 363
Nombre de Tile ajoutees dans la pile: 18
Nombre de Tile traversees: 2887  Distance est: 363
Nombre de Tile ajoutees dans la pile: 18
Nombre de Tile traversees: 2888  Distance est: 363
Nombre de Tile ajoutees dans la pile: 17
Nombre de Tile traversees: 2889  Distance est: 363
Nombre de Tile ajoutees dans la pile: 17
Nombre de Tile traversees: 2890  Distance est: 363
Nombre de Tile ajoutees dans la pile: 16
Nombre de Tile traversees: 2891  Distance est: 363
Nombre de Tile ajoutees dans la pile: 16
Nombre de Tile traversees: 2892  Distance est: 363
Nombre de Tile ajoutees dans la pile: 17
Nombre de Tile traversees: 2893  Distance est: 363
Nombre de Tile ajoutees dans la pile: 17
Nombre de Tile traversees: 2894  Distance est: 363
Nombre de Tile ajoutees dans la pile: 17
Nombre de Tile traversees: 2895  Distance est: 363
Nombre de Tile ajoutees dans la pile: 17
Nombre de Tile traversees: 2896  Distance est: 363
Nombre de Tile ajoutees dans la pile: 16
Nombre de Tile traversees: 2897  Distance est: 363
Nombre de Tile ajoutees dans la pile: 16
Nombre de Tile traversees: 2898  Distance est: 363
Nombre de Tile ajoutees dans la pile: 16
Nombre de Tile traversees: 2899  Distance est: 363
Nombre de Tile ajoutees dans la pile: 16
Nombre de Tile traversees: 2900  Distance est: 363
Nombre de Tile ajoutees dans la pile: 16
Nombre de Tile traversees: 2901  Distance est: 363
Nombre de Tile ajoutees dans la pile: 15
Nombre de Tile traversees: 2902  Distance est: 363
Nombre de Tile ajoutees dans la pile: 15
Nombre de Tile traversees: 2903  Distance est: 364
Nombre de Tile ajoutees dans la pile: 14
Nombre de Tile traversees: 2904  Distance est: 364
Nombre de Tile ajoutees dans la pile: 14
Nombre de Tile traversees: 2905  Distance est: 364
Nombre de Tile ajoutees dans la pile: 14
Nombre de Tile traversees: 2906  Distance est: 364
Nombre de Tile ajoutees dans la pile: 14
Nombre de Tile traversees: 2907  Distance est: 364
Nombre de Tile ajoutees dans la pile: 14
Nombre de Tile traversees: 2908  Distance est: 364
Nombre de Tile ajoutees dans la pile: 15
Nombre de Tile traversees: 2909  Distance est: 364
Nombre de Tile ajoutees dans la pile: 14
Nombre de Tile traversees: 2910  Distance est: 364
Nombre de Tile ajoutees dans la pile: 14
Nombre de Tile traversees: 2911  Distance est: 364
Nombre de Tile ajoutees dans la pile: 14
Nombre de Tile traversees: 2912  Distance est: 364
Nombre de Tile ajoutees dans la pile: 14
Nombre de Tile traversees: 2913  Distance est: 364
Nombre de Tile ajoutees dans la pile: 14
Nombre de Tile traversees: 2914  Distance est: 364
Nombre de Tile ajoutees dans la pile: 14
Nombre de Tile traversees: 2915  Distance est: 364
Nombre de Tile ajoutees dans la pile: 14
Nombre de Tile traversees: 2916  Distance est: 364
Nombre de Tile ajoutees dans la pile: 14
Nombre de Tile traversees: 2917  Distance est: 365
Nombre de Tile ajoutees dans la pile: 14
Nombre de Tile traversees: 2918  Distance est: 365
Nombre de Tile ajoutees dans la pile: 14
Nombre de Tile traversees: 2919  Distance est: 365
Nombre de Tile ajoutees dans la pile: 14
Nombre de Tile traversees: 2920  Distance est: 365
Nombre de Tile ajoutees dans la pile: 14
Nombre de Tile traversees: 2921  Distance est: 365
Nombre de Tile ajoutees dans la pile: 14
Nombre de Tile traversees: 2922  Distance est: 365
Nombre de Tile ajoutees dans la pile: 14
Nombre de Tile traversees: 2923  Distance est: 365
Nombre de Tile ajoutees dans la pile: 13
Nombre de Tile traversees: 2924  Distance est: 365
Nombre de Tile ajoutees dans la pile: 12
Nombre de Tile traversees: 2925  Distance est: 365
Nombre de Tile ajoutees dans la pile: 12
Nombre de Tile traversees: 2926  Distance est: 365
Nombre de Tile ajoutees dans la pile: 12
Nombre de Tile traversees: 2927  Distance est: 365
Nombre de Tile ajoutees dans la pile: 12
Nombre de Tile traversees: 2928  Distance est: 365
Nombre de Tile ajoutees dans la pile: 12
Nombre de Tile traversees: 2929  Distance est: 365
Nombre de Tile ajoutees dans la pile: 12
Nombre de Tile traversees: 2930  Distance est: 365
Nombre de Tile ajoutees dans la pile: 13
Nombre de Tile traversees: 2931  Distance est: 366
Nombre de Tile ajoutees dans la pile: 12
Nombre de Tile traversees: 2932  Distance est: 366
Nombre de Tile ajoutees dans la pile: 12
Nombre de Tile traversees: 2933  Distance est: 366
Nombre de Tile ajoutees dans la pile: 12
Nombre de Tile traversees: 2934  Distance est: 366
Nombre de Tile ajoutees dans la pile: 12
Nombre de Tile traversees: 2935  Distance est: 366
Nombre de Tile ajoutees dans la pile: 12
Nombre de Tile traversees: 2936  Distance est: 366
Nombre de Tile ajoutees dans la pile: 12
Nombre de Tile traversees: 2937  Distance est: 366
Nombre de Tile ajoutees dans la pile: 12
Nombre de Tile traversees: 2938  Distance est: 366
Nombre de Tile ajoutees dans la pile: 12
Nombre de Tile traversees: 2939  Distance est: 366
Nombre de Tile ajoutees dans la pile: 12
Nombre de Tile traversees: 2940  Distance est: 366
Nombre de Tile ajoutees dans la pile: 12
Nombre de Tile traversees: 2941  Distance est: 366
Nombre de Tile ajoutees dans la pile: 12
Nombre de Tile traversees: 2942  Distance est: 366
Nombre de Tile ajoutees dans la pile: 12
Nombre de Tile traversees: 2943  Distance est: 367
Nombre de Tile ajoutees dans la pile: 12
Nombre de Tile traversees: 2944  Distance est: 367
Nombre de Tile ajoutees dans la pile: 12
Nombre de Tile traversees: 2945  Distance est: 367
Nombre de Tile ajoutees dans la pile: 12
Nombre de Tile traversees: 2946  Distance est: 367
Nombre de Tile ajoutees dans la pile: 12
Nombre de Tile traversees: 2947  Distance est: 367
Nombre de Tile ajoutees dans la pile: 12
Nombre de Tile traversees: 2948  Distance est: 367
Nombre de Tile ajoutees dans la pile: 11
Nombre de Tile traversees: 2949  Distance est: 367
Nombre de Tile ajoutees dans la pile: 11
Nombre de Tile traversees: 2950  Distance est: 367
Nombre de Tile ajoutees dans la pile: 10
Nombre de Tile traversees: 2951  Distance est: 367
Nombre de Tile ajoutees dans la pile: 9
Nombre de Tile traversees: 2952  Distance est: 367
Nombre de Tile ajoutees dans la pile: 9
Nombre de Tile traversees: 2953  Distance est: 367
Nombre de Tile ajoutees dans la pile: 9
Nombre de Tile traversees: 2954  Distance est: 367
Nombre de Tile ajoutees dans la pile: 8
Nombre de Tile traversees: 2955  Distance est: 368
Nombre de Tile ajoutees dans la pile: 8
Nombre de Tile traversees: 2956  Distance est: 368
Nombre de Tile ajoutees dans la pile: 8
Nombre de Tile traversees: 2957  Distance est: 368
Nombre de Tile ajoutees dans la pile: 8
Nombre de Tile traversees: 2958  Distance est: 368
Nombre de Tile ajoutees dans la pile: 8
Nombre de Tile traversees: 2959  Distance est: 368
Nombre de Tile ajoutees dans la pile: 8
Nombre de Tile traversees: 2960  Distance est: 368
Nombre de Tile ajoutees dans la pile: 9
Nombre de Tile traversees: 2961  Distance est: 368
Nombre de Tile ajoutees dans la pile: 9
Nombre de Tile traversees: 2962  Distance est: 368
Nombre de Tile ajoutees dans la pile: 9
Nombre de Tile traversees: 2963  Distance est: 369
Nombre de Tile ajoutees dans la pile: 9
Nombre de Tile traversees: 2964  Distance est: 369
Nombre de Tile ajoutees dans la pile: 9
Nombre de Tile traversees: 2965  Distance est: 369
Nombre de Tile ajoutees dans la pile: 9
Nombre de Tile traversees: 2966  Distance est: 369
Nombre de Tile ajoutees dans la pile: 10
Nombre de Tile traversees: 2967  Distance est: 369
Nombre de Tile ajoutees dans la pile: 10
Nombre de Tile traversees: 2968  Distance est: 369
Nombre de Tile ajoutees dans la pile: 11
Nombre de Tile traversees: 2969  Distance est: 369
Nombre de Tile ajoutees dans la pile: 10
Nombre de Tile traversees: 2970  Distance est: 369
Nombre de Tile ajoutees dans la pile: 9
Nombre de Tile traversees: 2971  Distance est: 369
Nombre de Tile ajoutees dans la pile: 9
Nombre de Tile traversees: 2972  Distance est: 370
Nombre de Tile ajoutees dans la pile: 9
Nombre de Tile traversees: 2973  Distance est: 370
Nombre de Tile ajoutees dans la pile: 9
Nombre de Tile traversees: 2974  Distance est: 370
Nombre de Tile ajoutees dans la pile: 9
Nombre de Tile traversees: 2975  Distance est: 370
Nombre de Tile ajoutees dans la pile: 9
Nombre de Tile traversees: 2976  Distance est: 370
Nombre de Tile ajoutees dans la pile: 9
Nombre de Tile traversees: 2977  Distance est: 370
Nombre de Tile ajoutees dans la pile: 9
Nombre de Tile traversees: 2978  Distance est: 370
Nombre de Tile ajoutees dans la pile: 10
Nombre de Tile traversees: 2979  Distance est: 370
Nombre de Tile ajoutees dans la pile: 9
Nombre de Tile traversees: 2980  Distance est: 370
Nombre de Tile ajoutees dans la pile: 9
Nombre de Tile traversees: 2981  Distance est: 371
Nombre de Tile ajoutees dans la pile: 9
Nombre de Tile traversees: 2982  Distance est: 371
Nombre de Tile ajoutees dans la pile: 9
Nombre de Tile traversees: 2983  Distance est: 371
Nombre de Tile ajoutees dans la pile: 9
Nombre de Tile traversees: 2984  Distance est: 371
Nombre de Tile ajoutees dans la pile: 9
Nombre de Tile traversees: 2985  Distance est: 371
Nombre de Tile ajoutees dans la pile: 9
Nombre de Tile traversees: 2986  Distance est: 371
Nombre de Tile ajoutees dans la pile: 9
Nombre de Tile traversees: 2987  Distance est: 371
Nombre de Tile ajoutees dans la pile: 8
Nombre de Tile traversees: 2988  Distance est: 371
Nombre de Tile ajoutees dans la pile: 8
Nombre de Tile traversees: 2989  Distance est: 371
Nombre de Tile ajoutees dans la pile: 8
Nombre de Tile traversees: 2990  Distance est: 372
Nombre de Tile ajoutees dans la pile: 8
Nombre de Tile traversees: 2991  Distance est: 372
Nombre de Tile ajoutees dans la pile: 8
Nombre de Tile traversees: 2992  Distance est: 372
Nombre de Tile ajoutees dans la pile: 8
Nombre de Tile traversees: 2993  Distance est: 372
Nombre de Tile ajoutees dans la pile: 8
Nombre de Tile traversees: 2994  Distance est: 372
Nombre de Tile ajoutees dans la pile: 8
Nombre de Tile traversees: 2995  Distance est: 372
Nombre de Tile ajoutees dans la pile: 8
Nombre de Tile traversees: 2996  Distance est: 372
Nombre de Tile ajoutees dans la pile: 8
Nombre de Tile traversees: 2997  Distance est: 372
Nombre de Tile ajoutees dans la pile: 8
Nombre de Tile traversees: 2998  Distance est: 373
Nombre de Tile ajoutees dans la pile: 8
Nombre de Tile traversees: 2999  Distance est: 373
Nombre de Tile ajoutees dans la pile: 8
Nombre de Tile traversees: 3000  Distance est: 373
Nombre de Tile ajoutees dans la pile: 8
Nombre de Tile traversees: 3001  Distance est: 373
Nombre de Tile ajoutees dans la pile: 8
Nombre de Tile traversees: 3002  Distance est: 373
Nombre de Tile ajoutees dans la pile: 8
Nombre de Tile traversees: 3003  Distance est: 373
Nombre de Tile ajoutees dans la pile: 8
Nombre de Tile traversees: 3004  Distance est: 373
Nombre de Tile ajoutees dans la pile: 8
Nombre de Tile traversees: 3005  Distance est: 373
Nombre de Tile ajoutees dans la pile: 8
Nombre de Tile traversees: 3006  Distance est: 374
Nombre de Tile ajoutees dans la pile: 8
Nombre de Tile traversees: 3007  Distance est: 374
Nombre de Tile ajoutees dans la pile: 9
Nombre de Tile traversees: 3008  Distance est: 374
Nombre de Tile ajoutees dans la pile: 9
Nombre de Tile traversees: 3009  Distance est: 374
Nombre de Tile ajoutees dans la pile: 9
Nombre de Tile traversees: 3010  Distance est: 374
Nombre de Tile ajoutees dans la pile: 9
Nombre de Tile traversees: 3011  Distance est: 374
Nombre de Tile ajoutees dans la pile: 10
Nombre de Tile traversees: 3012  Distance est: 374
Nombre de Tile ajoutees dans la pile: 10
Nombre de Tile traversees: 3013  Distance est: 374
Nombre de Tile ajoutees dans la pile: 10
Nombre de Tile traversees: 3014  Distance est: 375
Nombre de Tile ajoutees dans la pile: 10
Nombre de Tile traversees: 3015  Distance est: 375
Nombre de Tile ajoutees dans la pile: 11
Nombre de Tile traversees: 3016  Distance est: 375
Nombre de Tile ajoutees dans la pile: 10
Nombre de Tile traversees: 3017  Distance est: 375
Nombre de Tile ajoutees dans la pile: 10
Nombre de Tile traversees: 3018  Distance est: 375
Nombre de Tile ajoutees dans la pile: 10
Nombre de Tile traversees: 3019  Distance est: 375
Nombre de Tile ajoutees dans la pile: 10
Nombre de Tile traversees: 3020  Distance est: 375
Nombre de Tile ajoutees dans la pile: 11
Nombre de Tile traversees: 3021  Distance est: 375
Nombre de Tile ajoutees dans la pile: 11
Nombre de Tile traversees: 3022  Distance est: 375
Nombre de Tile ajoutees dans la pile: 11
Nombre de Tile traversees: 3023  Distance est: 375
Nombre de Tile ajoutees dans la pile: 11
Nombre de Tile traversees: 3024  Distance est: 376
Nombre de Tile ajoutees dans la pile: 10
Nombre de Tile traversees: 3025  Distance est: 376
Nombre de Tile ajoutees dans la pile: 11
Nombre de Tile traversees: 3026  Distance est: 376
Nombre de Tile ajoutees dans la pile: 10
Nombre de Tile traversees: 3027  Distance est: 376
Nombre de Tile ajoutees dans la pile: 11
Nombre de Tile traversees: 3028  Distance est: 376
Nombre de Tile ajoutees dans la pile: 11
Nombre de Tile traversees: 3029  Distance est: 376
Nombre de Tile ajoutees dans la pile: 11
Nombre de Tile traversees: 3030  Distance est: 376
Nombre de Tile ajoutees dans la pile: 12
Nombre de Tile traversees: 3031  Distance est: 376
Nombre de Tile ajoutees dans la pile: 11
Nombre de Tile traversees: 3032  Distance est: 376
Nombre de Tile ajoutees dans la pile: 11
Nombre de Tile traversees: 3033  Distance est: 376
Nombre de Tile ajoutees dans la pile: 11
Nombre de Tile traversees: 3034  Distance est: 377
Nombre de Tile ajoutees dans la pile: 11
Nombre de Tile traversees: 3035  Distance est: 377
Nombre de Tile ajoutees dans la pile: 12
Nombre de Tile traversees: 3036  Distance est: 377
Nombre de Tile ajoutees dans la pile: 12
Nombre de Tile traversees: 3037  Distance est: 377
Nombre de Tile ajoutees dans la pile: 13
Nombre de Tile traversees: 3038  Distance est: 377
Nombre de Tile ajoutees dans la pile: 13
Nombre de Tile traversees: 3039  Distance est: 377
Nombre de Tile ajoutees dans la pile: 13
Nombre de Tile traversees: 3040  Distance est: 377
Nombre de Tile ajoutees dans la pile: 12
Nombre de Tile traversees: 3041  Distance est: 377
Nombre de Tile ajoutees dans la pile: 12
Nombre de Tile traversees: 3042  Distance est: 377
Nombre de Tile ajoutees dans la pile: 11
Nombre de Tile traversees: 3043  Distance est: 377
Nombre de Tile ajoutees dans la pile: 11
Nombre de Tile traversees: 3044  Distance est: 377
Nombre de Tile ajoutees dans la pile: 11
Nombre de Tile traversees: 3045  Distance est: 378
Nombre de Tile ajoutees dans la pile: 11
Nombre de Tile traversees: 3046  Distance est: 378
Nombre de Tile ajoutees dans la pile: 12
Nombre de Tile traversees: 3047  Distance est: 378
Nombre de Tile ajoutees dans la pile: 12
Nombre de Tile traversees: 3048  Distance est: 378
Nombre de Tile ajoutees dans la pile: 12
Nombre de Tile traversees: 3049  Distance est: 378
Nombre de Tile ajoutees dans la pile: 13
Nombre de Tile traversees: 3050  Distance est: 378
Nombre de Tile ajoutees dans la pile: 12
Nombre de Tile traversees: 3051  Distance est: 378
Nombre de Tile ajoutees dans la pile: 12
Nombre de Tile traversees: 3052  Distance est: 378
Nombre de Tile ajoutees dans la pile: 12
Nombre de Tile traversees: 3053  Distance est: 378
Nombre de Tile ajoutees dans la pile: 12
Nombre de Tile traversees: 3054  Distance est: 378
Nombre de Tile ajoutees dans la pile: 12
Nombre de Tile traversees: 3055  Distance est: 378
Nombre de Tile ajoutees dans la pile: 12
Nombre de Tile traversees: 3056  Distance est: 379
Nombre de Tile ajoutees dans la pile: 12
Nombre de Tile traversees: 3057  Distance est: 379
Nombre de Tile ajoutees dans la pile: 12
Nombre de Tile traversees: 3058  Distance est: 379
Nombre de Tile ajoutees dans la pile: 11
Nombre de Tile traversees: 3059  Distance est: 379
Nombre de Tile ajoutees dans la pile: 10
Nombre de Tile traversees: 3060  Distance est: 379
Nombre de Tile ajoutees dans la pile: 10
Nombre de Tile traversees: 3061  Distance est: 379
Nombre de Tile ajoutees dans la pile: 10
Nombre de Tile traversees: 3062  Distance est: 379
Nombre de Tile ajoutees dans la pile: 9
Nombre de Tile traversees: 3063  Distance est: 379
Nombre de Tile ajoutees dans la pile: 9
Nombre de Tile traversees: 3064  Distance est: 379
Nombre de Tile ajoutees dans la pile: 9
Nombre de Tile traversees: 3065  Distance est: 379
Nombre de Tile ajoutees dans la pile: 9
Nombre de Tile traversees: 3066  Distance est: 379
Nombre de Tile ajoutees dans la pile: 9
Nombre de Tile traversees: 3067  Distance est: 379
Nombre de Tile ajoutees dans la pile: 9
Nombre de Tile traversees: 3068  Distance est: 380
Nombre de Tile ajoutees dans la pile: 9
Nombre de Tile traversees: 3069  Distance est: 380
Nombre de Tile ajoutees dans la pile: 9
Nombre de Tile traversees: 3070  Distance est: 380
Nombre de Tile ajoutees dans la pile: 9
Nombre de Tile traversees: 3071  Distance est: 380
Nombre de Tile ajoutees dans la pile: 9
Nombre de Tile traversees: 3072  Distance est: 380
Nombre de Tile ajoutees dans la pile: 9
Nombre de Tile traversees: 3073  Distance est: 380
Nombre de Tile ajoutees dans la pile: 9
Nombre de Tile traversees: 3074  Distance est: 380
Nombre de Tile ajoutees dans la pile: 9
Nombre de Tile traversees: 3075  Distance est: 380
Nombre de Tile ajoutees dans la pile: 9
Nombre de Tile traversees: 3076  Distance est: 380
Nombre de Tile ajoutees dans la pile: 9
Nombre de Tile traversees: 3077  Distance est: 381
Nombre de Tile ajoutees dans la pile: 9
Nombre de Tile traversees: 3078  Distance est: 381
Nombre de Tile ajoutees dans la pile: 9
Nombre de Tile traversees: 3079  Distance est: 381
Nombre de Tile ajoutees dans la pile: 10
Nombre de Tile traversees: 3080  Distance est: 381
Nombre de Tile ajoutees dans la pile: 10
Nombre de Tile traversees: 3081  Distance est: 381
Nombre de Tile ajoutees dans la pile: 10
Nombre de Tile traversees: 3082  Distance est: 381
Nombre de Tile ajoutees dans la pile: 10
Nombre de Tile traversees: 3083  Distance est: 381
Nombre de Tile ajoutees dans la pile: 11
Nombre de Tile traversees: 3084  Distance est: 381
Nombre de Tile ajoutees dans la pile: 11
Nombre de Tile traversees: 3085  Distance est: 381
Nombre de Tile ajoutees dans la pile: 11
Nombre de Tile traversees: 3086  Distance est: 382
Nombre de Tile ajoutees dans la pile: 11
Nombre de Tile traversees: 3087  Distance est: 382
Nombre de Tile ajoutees dans la pile: 11
Nombre de Tile traversees: 3088  Distance est: 382
Nombre de Tile ajoutees dans la pile: 11
Nombre de Tile traversees: 3089  Distance est: 382
Nombre de Tile ajoutees dans la pile: 11
Nombre de Tile traversees: 3090  Distance est: 382
Nombre de Tile ajoutees dans la pile: 11
Nombre de Tile traversees: 3091  Distance est: 382
Nombre de Tile ajoutees dans la pile: 11
Nombre de Tile traversees: 3092  Distance est: 382
Nombre de Tile ajoutees dans la pile: 11
Nombre de Tile traversees: 3093  Distance est: 382
Nombre de Tile ajoutees dans la pile: 11
Nombre de Tile traversees: 3094  Distance est: 382
Nombre de Tile ajoutees dans la pile: 11
Nombre de Tile traversees: 3095  Distance est: 382
Nombre de Tile ajoutees dans la pile: 12
Nombre de Tile traversees: 3096  Distance est: 382
Nombre de Tile ajoutees dans la pile: 12
Nombre de Tile traversees: 3097  Distance est: 383
Nombre de Tile ajoutees dans la pile: 12
Nombre de Tile traversees: 3098  Distance est: 383
Nombre de Tile ajoutees dans la pile: 13
Nombre de Tile traversees: 3099  Distance est: 383
Nombre de Tile ajoutees dans la pile: 13
Nombre de Tile traversees: 3100  Distance est: 383
Nombre de Tile ajoutees dans la pile: 13
Nombre de Tile traversees: 3101  Distance est: 383
Nombre de Tile ajoutees dans la pile: 13
Nombre de Tile traversees: 3102  Distance est: 383
Nombre de Tile ajoutees dans la pile: 13
Nombre de Tile traversees: 3103  Distance est: 383
Nombre de Tile ajoutees dans la pile: 13
Nombre de Tile traversees: 3104  Distance est: 383
Nombre de Tile ajoutees dans la pile: 13
Nombre de Tile traversees: 3105  Distance est: 383
Nombre de Tile ajoutees dans la pile: 13
Nombre de Tile traversees: 3106  Distance est: 383
Nombre de Tile ajoutees dans la pile: 14
Nombre de Tile traversees: 3107  Distance est: 383
Nombre de Tile ajoutees dans la pile: 13
Nombre de Tile traversees: 3108  Distance est: 383
Nombre de Tile ajoutees dans la pile: 13
Nombre de Tile traversees: 3109  Distance est: 384
Nombre de Tile ajoutees dans la pile: 13
Nombre de Tile traversees: 3110  Distance est: 384
Nombre de Tile ajoutees dans la pile: 13
Nombre de Tile traversees: 3111  Distance est: 384
Nombre de Tile ajoutees dans la pile: 13
Nombre de Tile traversees: 3112  Distance est: 384
Nombre de Tile ajoutees dans la pile: 14
Nombre de Tile traversees: 3113  Distance est: 384
Nombre de Tile ajoutees dans la pile: 14
Nombre de Tile traversees: 3114  Distance est: 384
Nombre de Tile ajoutees dans la pile: 14
Nombre de Tile traversees: 3115  Distance est: 384
Nombre de Tile ajoutees dans la pile: 14
Nombre de Tile traversees: 3116  Distance est: 384
Nombre de Tile ajoutees dans la pile: 14
Nombre de Tile traversees: 3117  Distance est: 384
Nombre de Tile ajoutees dans la pile: 14
Nombre de Tile traversees: 3118  Distance est: 384
Nombre de Tile ajoutees dans la pile: 14
Nombre de Tile traversees: 3119  Distance est: 384
Nombre de Tile ajoutees dans la pile: 15
Nombre de Tile traversees: 3120  Distance est: 384
Nombre de Tile ajoutees dans la pile: 14
Nombre de Tile traversees: 3121  Distance est: 384
Nombre de Tile ajoutees dans la pile: 14
Nombre de Tile traversees: 3122  Distance est: 385
Nombre de Tile ajoutees dans la pile: 14
Nombre de Tile traversees: 3123  Distance est: 385
Nombre de Tile ajoutees dans la pile: 14
Nombre de Tile traversees: 3124  Distance est: 385
Nombre de Tile ajoutees dans la pile: 13
Nombre de Tile traversees: 3125  Distance est: 385
Nombre de Tile ajoutees dans la pile: 14
Nombre de Tile traversees: 3126  Distance est: 385
Nombre de Tile ajoutees dans la pile: 13
Nombre de Tile traversees: 3127  Distance est: 385
Nombre de Tile ajoutees dans la pile: 13
Nombre de Tile traversees: 3128  Distance est: 385
Nombre de Tile ajoutees dans la pile: 14
Nombre de Tile traversees: 3129  Distance est: 385
Nombre de Tile ajoutees dans la pile: 14
Nombre de Tile traversees: 3130  Distance est: 385
Nombre de Tile ajoutees dans la pile: 14
Nombre de Tile traversees: 3131  Distance est: 385
Nombre de Tile ajoutees dans la pile: 14
Nombre de Tile traversees: 3132  Distance est: 385
Nombre de Tile ajoutees dans la pile: 14
Nombre de Tile traversees: 3133  Distance est: 385
Nombre de Tile ajoutees dans la pile: 14
Nombre de Tile traversees: 3134  Distance est: 385
Nombre de Tile ajoutees dans la pile: 14
Nombre de Tile traversees: 3135  Distance est: 385
Nombre de Tile ajoutees dans la pile: 14
Nombre de Tile traversees: 3136  Distance est: 386
Nombre de Tile ajoutees dans la pile: 15
Nombre de Tile traversees: 3137  Distance est: 386
Nombre de Tile ajoutees dans la pile: 15
Nombre de Tile traversees: 3138  Distance est: 386
Nombre de Tile ajoutees dans la pile: 16
Nombre de Tile traversees: 3139  Distance est: 386
Nombre de Tile ajoutees dans la pile: 15
Nombre de Tile traversees: 3140  Distance est: 386
Nombre de Tile ajoutees dans la pile: 15
Nombre de Tile traversees: 3141  Distance est: 386
Nombre de Tile ajoutees dans la pile: 15
Nombre de Tile traversees: 3142  Distance est: 386
Nombre de Tile ajoutees dans la pile: 15
Nombre de Tile traversees: 3143  Distance est: 386
Nombre de Tile ajoutees dans la pile: 15
Nombre de Tile traversees: 3144  Distance est: 386
Nombre de Tile ajoutees dans la pile: 15
Nombre de Tile traversees: 3145  Distance est: 386
Nombre de Tile ajoutees dans la pile: 15
Nombre de Tile traversees: 3146  Distance est: 386
Nombre de Tile ajoutees dans la pile: 15
Nombre de Tile traversees: 3147  Distance est: 386
Nombre de Tile ajoutees dans la pile: 15
Nombre de Tile traversees: 3148  Distance est: 386
Nombre de Tile ajoutees dans la pile: 15
Nombre de Tile traversees: 3149  Distance est: 386
Nombre de Tile ajoutees dans la pile: 15
Nombre de Tile traversees: 3150  Distance est: 386
Nombre de Tile ajoutees dans la pile: 15
Nombre de Tile traversees: 3151  Distance est: 387
Nombre de Tile ajoutees dans la pile: 15
Nombre de Tile traversees: 3152  Distance est: 387
Nombre de Tile ajoutees dans la pile: 14
Nombre de Tile traversees: 3153  Distance est: 387
Nombre de Tile ajoutees dans la pile: 14
Nombre de Tile traversees: 3154  Distance est: 387
Nombre de Tile ajoutees dans la pile: 13
Nombre de Tile traversees: 3155  Distance est: 387
Nombre de Tile ajoutees dans la pile: 13
Nombre de Tile traversees: 3156  Distance est: 387
Nombre de Tile ajoutees dans la pile: 13
Nombre de Tile traversees: 3157  Distance est: 387
Nombre de Tile ajoutees dans la pile: 13
Nombre de Tile traversees: 3158  Distance est: 387
Nombre de Tile ajoutees dans la pile: 12
Nombre de Tile traversees: 3159  Distance est: 387
Nombre de Tile ajoutees dans la pile: 12
Nombre de Tile traversees: 3160  Distance est: 387
Nombre de Tile ajoutees dans la pile: 12
Nombre de Tile traversees: 3161  Distance est: 387
Nombre de Tile ajoutees dans la pile: 12
Nombre de Tile traversees: 3162  Distance est: 387
Nombre de Tile ajoutees dans la pile: 11
Nombre de Tile traversees: 3163  Distance est: 387
Nombre de Tile ajoutees dans la pile: 11
Nombre de Tile traversees: 3164  Distance est: 387
Nombre de Tile ajoutees dans la pile: 10
Nombre de Tile traversees: 3165  Distance est: 387
Nombre de Tile ajoutees dans la pile: 10
Nombre de Tile traversees: 3166  Distance est: 388
Nombre de Tile ajoutees dans la pile: 10
Nombre de Tile traversees: 3167  Distance est: 388
Nombre de Tile ajoutees dans la pile: 10
Nombre de Tile traversees: 3168  Distance est: 388
Nombre de Tile ajoutees dans la pile: 10
Nombre de Tile traversees: 3169  Distance est: 388
Nombre de Tile ajoutees dans la pile: 10
Nombre de Tile traversees: 3170  Distance est: 388
Nombre de Tile ajoutees dans la pile: 10
Nombre de Tile traversees: 3171  Distance est: 388
Nombre de Tile ajoutees dans la pile: 10
Nombre de Tile traversees: 3172  Distance est: 388
Nombre de Tile ajoutees dans la pile: 10
Nombre de Tile traversees: 3173  Distance est: 388
Nombre de Tile ajoutees dans la pile: 10
Nombre de Tile traversees: 3174  Distance est: 388
Nombre de Tile ajoutees dans la pile: 10
Nombre de Tile traversees: 3175  Distance est: 388
Nombre de Tile ajoutees dans la pile: 11
Nombre de Tile traversees: 3176  Distance est: 389
Nombre de Tile ajoutees dans la pile: 11
Nombre de Tile traversees: 3177  Distance est: 389
Nombre de Tile ajoutees dans la pile: 11
Nombre de Tile traversees: 3178  Distance est: 389
Nombre de Tile ajoutees dans la pile: 11
Nombre de Tile traversees: 3179  Distance est: 389
Nombre de Tile ajoutees dans la pile: 11
Nombre de Tile traversees: 3180  Distance est: 389
Nombre de Tile ajoutees dans la pile: 10
Nombre de Tile traversees: 3181  Distance est: 389
Nombre de Tile ajoutees dans la pile: 10
Nombre de Tile traversees: 3182  Distance est: 389
Nombre de Tile ajoutees dans la pile: 10
Nombre de Tile traversees: 3183  Distance est: 389
Nombre de Tile ajoutees dans la pile: 9
Nombre de Tile traversees: 3184  Distance est: 389
Nombre de Tile ajoutees dans la pile: 10
Nombre de Tile traversees: 3185  Distance est: 389
Nombre de Tile ajoutees dans la pile: 11
Nombre de Tile traversees: 3186  Distance est: 389
Nombre de Tile ajoutees dans la pile: 10
Nombre de Tile traversees: 3187  Distance est: 390
Nombre de Tile ajoutees dans la pile: 10
Nombre de Tile traversees: 3188  Distance est: 390
Nombre de Tile ajoutees dans la pile: 10
Nombre de Tile traversees: 3189  Distance est: 390
Nombre de Tile ajoutees dans la pile: 10
Nombre de Tile traversees: 3190  Distance est: 390
Nombre de Tile ajoutees dans la pile: 10
Nombre de Tile traversees: 3191  Distance est: 390
Nombre de Tile ajoutees dans la pile: 10
Nombre de Tile traversees: 3192  Distance est: 390
Nombre de Tile ajoutees dans la pile: 10
Nombre de Tile traversees: 3193  Distance est: 390
Nombre de Tile ajoutees dans la pile: 10
Nombre de Tile traversees: 3194  Distance est: 390
Nombre de Tile ajoutees dans la pile: 10
Nombre de Tile traversees: 3195  Distance est: 390
Nombre de Tile ajoutees dans la pile: 11
Nombre de Tile traversees: 3196  Distance est: 390
Nombre de Tile ajoutees dans la pile: 10
Nombre de Tile traversees: 3197  Distance est: 391
Nombre de Tile ajoutees dans la pile: 10
Nombre de Tile traversees: 3198  Distance est: 391
Nombre de Tile ajoutees dans la pile: 9
Nombre de Tile traversees: 3199  Distance est: 391
Nombre de Tile ajoutees dans la pile: 8
Nombre de Tile traversees: 3200  Distance est: 391
Nombre de Tile ajoutees dans la pile: 8
Nombre de Tile traversees: 3201  Distance est: 391
Nombre de Tile ajoutees dans la pile: 8
Nombre de Tile traversees: 3202  Distance est: 391
Nombre de Tile ajoutees dans la pile: 8
Nombre de Tile traversees: 3203  Distance est: 391
Nombre de Tile ajoutees dans la pile: 7
Nombre de Tile traversees: 3204  Distance est: 391
Nombre de Tile ajoutees dans la pile: 8
Nombre de Tile traversees: 3205  Distance est: 391
Nombre de Tile ajoutees dans la pile: 7
Nombre de Tile traversees: 3206  Distance est: 391
Nombre de Tile ajoutees dans la pile: 6
Nombre de Tile traversees: 3207  Distance est: 392
Nombre de Tile ajoutees dans la pile: 6
Nombre de Tile traversees: 3208  Distance est: 392
Nombre de Tile ajoutees dans la pile: 6
Nombre de Tile traversees: 3209  Distance est: 392
Nombre de Tile ajoutees dans la pile: 6
Nombre de Tile traversees: 3210  Distance est: 392
Nombre de Tile ajoutees dans la pile: 6
Nombre de Tile traversees: 3211  Distance est: 392
Nombre de Tile ajoutees dans la pile: 6
Nombre de Tile traversees: 3212  Distance est: 392
Nombre de Tile ajoutees dans la pile: 6
Nombre de Tile traversees: 3213  Distance est: 393
Nombre de Tile ajoutees dans la pile: 6
Nombre de Tile traversees: 3214  Distance est: 393
Nombre de Tile ajoutees dans la pile: 6
Nombre de Tile traversees: 3215  Distance est: 393
Nombre de Tile ajoutees dans la pile: 5
Nombre de Tile traversees: 3216  Distance est: 393
Nombre de Tile ajoutees dans la pile: 5
Nombre de Tile traversees: 3217  Distance est: 393
Nombre de Tile ajoutees dans la pile: 5
Nombre de Tile traversees: 3218  Distance est: 393
Nombre de Tile ajoutees dans la pile: 5
Nombre de Tile traversees: 3219  Distance est: 394
Nombre de Tile ajoutees dans la pile: 5
Nombre de Tile traversees: 3220  Distance est: 394
Nombre de Tile ajoutees dans la pile: 5
Nombre de Tile traversees: 3221  Distance est: 394
Nombre de Tile ajoutees dans la pile: 5
Nombre de Tile traversees: 3222  Distance est: 394
Nombre de Tile ajoutees dans la pile: 6
Nombre de Tile traversees: 3223  Distance est: 394
Nombre de Tile ajoutees dans la pile: 6
Nombre de Tile traversees: 3224  Distance est: 395
Nombre de Tile ajoutees dans la pile: 6
Nombre de Tile traversees: 3225  Distance est: 395
Nombre de Tile ajoutees dans la pile: 6
Nombre de Tile traversees: 3226  Distance est: 395
Nombre de Tile ajoutees dans la pile: 6
Nombre de Tile traversees: 3227  Distance est: 395
Nombre de Tile ajoutees dans la pile: 7
Nombre de Tile traversees: 3228  Distance est: 395
Nombre de Tile ajoutees dans la pile: 6
Nombre de Tile traversees: 3229  Distance est: 395
Nombre de Tile ajoutees dans la pile: 6
Nombre de Tile traversees: 3230  Distance est: 396
Nombre de Tile ajoutees dans la pile: 6
Nombre de Tile traversees: 3231  Distance est: 396
Nombre de Tile ajoutees dans la pile: 6
Nombre de Tile traversees: 3232  Distance est: 396
Nombre de Tile ajoutees dans la pile: 7
Nombre de Tile traversees: 3233  Distance est: 396
Nombre de Tile ajoutees dans la pile: 8
Nombre de Tile traversees: 3234  Distance est: 396
Nombre de Tile ajoutees dans la pile: 7
Nombre de Tile traversees: 3235  Distance est: 396
Nombre de Tile ajoutees dans la pile: 7
Nombre de Tile traversees: 3236  Distance est: 397
Nombre de Tile ajoutees dans la pile: 7
Nombre de Tile traversees: 3237  Distance est: 397
Nombre de Tile ajoutees dans la pile: 7
Nombre de Tile traversees: 3238  Distance est: 397
Nombre de Tile ajoutees dans la pile: 8
Nombre de Tile traversees: 3239  Distance est: 397
Nombre de Tile ajoutees dans la pile: 7
Nombre de Tile traversees: 3240  Distance est: 397
Nombre de Tile ajoutees dans la pile: 7
Nombre de Tile traversees: 3241  Distance est: 397
Nombre de Tile ajoutees dans la pile: 6
Nombre de Tile traversees: 3242  Distance est: 397
Nombre de Tile ajoutees dans la pile: 6
Nombre de Tile traversees: 3243  Distance est: 398
Nombre de Tile ajoutees dans la pile: 6
Nombre de Tile traversees: 3244  Distance est: 398
Nombre de Tile ajoutees dans la pile: 6
Nombre de Tile traversees: 3245  Distance est: 398
Nombre de Tile ajoutees dans la pile: 7
Nombre de Tile traversees: 3246  Distance est: 398
Nombre de Tile ajoutees dans la pile: 6
Nombre de Tile traversees: 3247  Distance est: 398
Nombre de Tile ajoutees dans la pile: 6
Nombre de Tile traversees: 3248  Distance est: 398
Nombre de Tile ajoutees dans la pile: 6
Nombre de Tile traversees: 3249  Distance est: 399
Nombre de Tile ajoutees dans la pile: 6
Nombre de Tile traversees: 3250  Distance est: 399
Nombre de Tile ajoutees dans la pile: 7
Nombre de Tile traversees: 3251  Distance est: 399
Nombre de Tile ajoutees dans la pile: 6
Nombre de Tile traversees: 3252  Distance est: 399
Nombre de Tile ajoutees dans la pile: 6
Nombre de Tile traversees: 3253  Distance est: 399
Nombre de Tile ajoutees dans la pile: 6
Nombre de Tile traversees: 3254  Distance est: 399
Nombre de Tile ajoutees dans la pile: 6
Nombre de Tile traversees: 3255  Distance est: 400
Nombre de Tile ajoutees dans la pile: 6
Nombre de Tile traversees: 3256  Distance est: 400
Nombre de Tile ajoutees dans la pile: 6
Nombre de Tile traversees: 3257  Distance est: 400
Nombre de Tile ajoutees dans la pile: 6
Nombre de Tile traversees: 3258  Distance est: 400
Nombre de Tile ajoutees dans la pile: 6
Nombre de Tile traversees: 3259  Distance est: 400
Nombre de Tile ajoutees dans la pile: 6
Nombre de Tile traversees: 3260  Distance est: 400
Nombre de Tile ajoutees dans la pile: 6
Nombre de Tile traversees: 3261  Distance est: 401
Nombre de Tile ajoutees dans la pile: 6
Nombre de Tile traversees: 3262  Distance est: 401
Nombre de Tile ajoutees dans la pile: 6
Nombre de Tile traversees: 3263  Distance est: 401
Nombre de Tile ajoutees dans la pile: 5
Nombre de Tile traversees: 3264  Distance est: 401
Nombre de Tile ajoutees dans la pile: 5
Nombre de Tile traversees: 3265  Distance est: 401
Nombre de Tile ajoutees dans la pile: 5
Nombre de Tile traversees: 3266  Distance est: 401
Nombre de Tile ajoutees dans la pile: 5
Nombre de Tile traversees: 3267  Distance est: 402
Nombre de Tile ajoutees dans la pile: 5
Nombre de Tile traversees: 3268  Distance est: 402
Nombre de Tile ajoutees dans la pile: 5
Nombre de Tile traversees: 3269  Distance est: 402
Nombre de Tile ajoutees dans la pile: 6
Nombre de Tile traversees: 3270  Distance est: 402
Nombre de Tile ajoutees dans la pile: 7
Nombre de Tile traversees: 3271  Distance est: 402
Nombre de Tile ajoutees dans la pile: 7
Nombre de Tile traversees: 3272  Distance est: 403
Nombre de Tile ajoutees dans la pile: 7
Nombre de Tile traversees: 3273  Distance est: 403
Nombre de Tile ajoutees dans la pile: 7
Nombre de Tile traversees: 3274  Distance est: 403
Nombre de Tile ajoutees dans la pile: 8
Nombre de Tile traversees: 3275  Distance est: 403
Nombre de Tile ajoutees dans la pile: 7
Nombre de Tile traversees: 3276  Distance est: 403
Nombre de Tile ajoutees dans la pile: 8
Nombre de Tile traversees: 3277  Distance est: 403
Nombre de Tile ajoutees dans la pile: 7
Nombre de Tile traversees: 3278  Distance est: 403
Nombre de Tile ajoutees dans la pile: 7
Nombre de Tile traversees: 3279  Distance est: 404
Nombre de Tile ajoutees dans la pile: 7
Nombre de Tile traversees: 3280  Distance est: 404
Nombre de Tile ajoutees dans la pile: 7
Nombre de Tile traversees: 3281  Distance est: 404
Nombre de Tile ajoutees dans la pile: 8
Nombre de Tile traversees: 3282  Distance est: 404
Nombre de Tile ajoutees dans la pile: 7
Nombre de Tile traversees: 3283  Distance est: 404
Nombre de Tile ajoutees dans la pile: 8
Nombre de Tile traversees: 3284  Distance est: 404
Nombre de Tile ajoutees dans la pile: 7
Nombre de Tile traversees: 3285  Distance est: 404
Nombre de Tile ajoutees dans la pile: 7
Nombre de Tile traversees: 3286  Distance est: 405
Nombre de Tile ajoutees dans la pile: 7
Nombre de Tile traversees: 3287  Distance est: 405
Nombre de Tile ajoutees dans la pile: 7
Nombre de Tile traversees: 3288  Distance est: 405
Nombre de Tile ajoutees dans la pile: 7
Nombre de Tile traversees: 3289  Distance est: 405
Nombre de Tile ajoutees dans la pile: 6
Nombre de Tile traversees: 3290  Distance est: 405
Nombre de Tile ajoutees dans la pile: 6
Nombre de Tile traversees: 3291  Distance est: 405
Nombre de Tile ajoutees dans la pile: 5
Nombre de Tile traversees: 3292  Distance est: 405
Nombre de Tile ajoutees dans la pile: 5
Nombre de Tile traversees: 3293  Distance est: 406
Nombre de Tile ajoutees dans la pile: 5
Nombre de Tile traversees: 3294  Distance est: 406
Nombre de Tile ajoutees dans la pile: 5
Nombre de Tile traversees: 3295  Distance est: 406
Nombre de Tile ajoutees dans la pile: 5
Nombre de Tile traversees: 3296  Distance est: 406
Nombre de Tile ajoutees dans la pile: 5
Nombre de Tile traversees: 3297  Distance est: 406
Nombre de Tile ajoutees dans la pile: 5
Nombre de Tile traversees: 3298  Distance est: 407
Nombre de Tile ajoutees dans la pile: 5
Nombre de Tile traversees: 3299  Distance est: 407
Nombre de Tile ajoutees dans la pile: 5
Nombre de Tile traversees: 3300  Distance est: 407
Nombre de Tile ajoutees dans la pile: 5
Nombre de Tile traversees: 3301  Distance est: 407
Nombre de Tile ajoutees dans la pile: 5
Nombre de Tile traversees: 3302  Distance est: 407
Nombre de Tile ajoutees dans la pile: 5
Nombre de Tile traversees: 3303  Distance est: 408
Nombre de Tile ajoutees dans la pile: 5
Nombre de Tile traversees: 3304  Distance est: 408
Nombre de Tile ajoutees dans la pile: 5
Nombre de Tile traversees: 3305  Distance est: 408
Nombre de Tile ajoutees dans la pile: 5
Nombre de Tile traversees: 3306  Distance est: 408
Nombre de Tile ajoutees dans la pile: 5
Nombre de Tile traversees: 3307  Distance est: 408
Nombre de Tile ajoutees dans la pile: 5
Nombre de Tile traversees: 3308  Distance est: 409
Nombre de Tile ajoutees dans la pile: 5
Nombre de Tile traversees: 3309  Distance est: 409
Nombre de Tile ajoutees dans la pile: 5
Nombre de Tile traversees: 3310  Distance est: 409
Nombre de Tile ajoutees dans la pile: 5
Nombre de Tile traversees: 3311  Distance est: 409
Nombre de Tile ajoutees dans la pile: 5
Nombre de Tile traversees: 3312  Distance est: 409
Nombre de Tile ajoutees dans la pile: 4
Nombre de Tile traversees: 3313  Distance est: 410
Nombre de Tile ajoutees dans la pile: 5
Nombre de Tile traversees: 3314  Distance est: 410
Nombre de Tile ajoutees dans la pile: 5
Nombre de Tile traversees: 3315  Distance est: 410
Nombre de Tile ajoutees dans la pile: 5
Nombre de Tile traversees: 3316  Distance est: 410
Nombre de Tile ajoutees dans la pile: 5
Nombre de Tile traversees: 3317  Distance est: 410
Nombre de Tile ajoutees dans la pile: 5
Nombre de Tile traversees: 3318  Distance est: 411
Nombre de Tile ajoutees dans la pile: 5
Nombre de Tile traversees: 3319  Distance est: 411
Nombre de Tile ajoutees dans la pile: 5
Nombre de Tile traversees: 3320  Distance est: 411
Nombre de Tile ajoutees dans la pile: 4
Nombre de Tile traversees: 3321  Distance est: 411
Nombre de Tile ajoutees dans la pile: 4
Nombre de Tile traversees: 3322  Distance est: 411
Nombre de Tile ajoutees dans la pile: 4
Nombre de Tile traversees: 3323  Distance est: 412
Nombre de Tile ajoutees dans la pile: 4
Nombre de Tile traversees: 3324  Distance est: 412
Nombre de Tile ajoutees dans la pile: 4
Nombre de Tile traversees: 3325  Distance est: 412
Nombre de Tile ajoutees dans la pile: 5
Nombre de Tile traversees: 3326  Distance est: 412
Nombre de Tile ajoutees dans la pile: 5
Nombre de Tile traversees: 3327  Distance est: 413
Nombre de Tile ajoutees dans la pile: 5
Nombre de Tile traversees: 3328  Distance est: 413
Nombre de Tile ajoutees dans la pile: 5
Nombre de Tile traversees: 3329  Distance est: 413
Nombre de Tile ajoutees dans la pile: 6
Nombre de Tile traversees: 3330  Distance est: 413
Nombre de Tile ajoutees dans la pile: 5
Nombre de Tile traversees: 3331  Distance est: 413
Nombre de Tile ajoutees dans la pile: 5
Nombre de Tile traversees: 3332  Distance est: 414
Nombre de Tile ajoutees dans la pile: 5
Nombre de Tile traversees: 3333  Distance est: 414
Nombre de Tile ajoutees dans la pile: 5
Nombre de Tile traversees: 3334  Distance est: 414
Nombre de Tile ajoutees dans la pile: 6
Nombre de Tile traversees: 3335  Distance est: 414
Nombre de Tile ajoutees dans la pile: 5
Nombre de Tile traversees: 3336  Distance est: 414
Nombre de Tile ajoutees dans la pile: 6
Nombre de Tile traversees: 3337  Distance est: 415
Nombre de Tile ajoutees dans la pile: 6
Nombre de Tile traversees: 3338  Distance est: 415
Nombre de Tile ajoutees dans la pile: 6
Nombre de Tile traversees: 3339  Distance est: 415
Nombre de Tile ajoutees dans la pile: 6
Nombre de Tile traversees: 3340  Distance est: 415
Nombre de Tile ajoutees dans la pile: 6
Nombre de Tile traversees: 3341  Distance est: 415
Nombre de Tile ajoutees dans la pile: 7
Nombre de Tile traversees: 3342  Distance est: 415
Nombre de Tile ajoutees dans la pile: 6
Nombre de Tile traversees: 3343  Distance est: 416
Nombre de Tile ajoutees dans la pile: 5
Nombre de Tile traversees: 3344  Distance est: 416
Nombre de Tile ajoutees dans la pile: 5
Nombre de Tile traversees: 3345  Distance est: 416
Nombre de Tile ajoutees dans la pile: 5
Nombre de Tile traversees: 3346  Distance est: 416
Nombre de Tile ajoutees dans la pile: 5
Nombre de Tile traversees: 3347  Distance est: 416
Nombre de Tile ajoutees dans la pile: 6
Nombre de Tile traversees: 3348  Distance est: 417
Nombre de Tile ajoutees dans la pile: 5
Nombre de Tile traversees: 3349  Distance est: 417
Nombre de Tile ajoutees dans la pile: 5
Nombre de Tile traversees: 3350  Distance est: 417
Nombre de Tile ajoutees dans la pile: 5
Nombre de Tile traversees: 3351  Distance est: 417
Nombre de Tile ajoutees dans la pile: 5
Nombre de Tile traversees: 3352  Distance est: 417
Nombre de Tile ajoutees dans la pile: 5
Nombre de Tile traversees: 3353  Distance est: 418
Nombre de Tile ajoutees dans la pile: 4
Nombre de Tile traversees: 3354  Distance est: 418
Nombre de Tile ajoutees dans la pile: 5
Nombre de Tile traversees: 3355  Distance est: 418
Nombre de Tile ajoutees dans la pile: 6
Nombre de Tile traversees: 3356  Distance est: 418
Nombre de Tile ajoutees dans la pile: 6
Nombre de Tile traversees: 3357  Distance est: 419
Nombre de Tile ajoutees dans la pile: 6
Nombre de Tile traversees: 3358  Distance est: 419
Nombre de Tile ajoutees dans la pile: 7
Nombre de Tile traversees: 3359  Distance est: 419
Nombre de Tile ajoutees dans la pile: 6
Nombre de Tile traversees: 3360  Distance est: 419
Nombre de Tile ajoutees dans la pile: 7
Nombre de Tile traversees: 3361  Distance est: 419
Nombre de Tile ajoutees dans la pile: 6
Nombre de Tile traversees: 3362  Distance est: 419
Nombre de Tile ajoutees dans la pile: 5
Nombre de Tile traversees: 3363  Distance est: 420
Nombre de Tile ajoutees dans la pile: 5
Nombre de Tile traversees: 3364  Distance est: 420
Nombre de Tile ajoutees dans la pile: 6
Nombre de Tile traversees: 3365  Distance est: 420
Nombre de Tile ajoutees dans la pile: 5
Nombre de Tile traversees: 3366  Distance est: 420
Nombre de Tile ajoutees dans la pile: 6
Nombre de Tile traversees: 3367  Distance est: 420
Nombre de Tile ajoutees dans la pile: 5
Nombre de Tile traversees: 3368  Distance est: 421
Nombre de Tile ajoutees dans la pile: 5
Nombre de Tile traversees: 3369  Distance est: 421
Nombre de Tile ajoutees dans la pile: 5
Nombre de Tile traversees: 3370  Distance est: 421
Nombre de Tile ajoutees dans la pile: 4
Nombre de Tile traversees: 3371  Distance est: 421
Nombre de Tile ajoutees dans la pile: 3
Nombre de Tile traversees: 3372  Distance est: 421
Nombre de Tile ajoutees dans la pile: 2
Nombre de Tile traversees: 3373  Distance est: 422
Nombre de Tile ajoutees dans la pile: 2
Nombre de Tile traversees: 3374  Distance est: 422
Nombre de Tile ajoutees dans la pile: 2
Nombre de Tile traversees: 3375  Distance est: 423
Nombre de Tile ajoutees dans la pile: 2
Nombre de Tile traversees: 3376  Distance est: 423
Nombre de Tile ajoutees dans la pile: 2
Nombre de Tile traversees: 3377  Distance est: 424
Nombre de Tile ajoutees dans la pile: 2
Nombre de Tile traversees: 3378  Distance est: 424
Nombre de Tile ajoutees dans la pile: 2
Nombre de Tile traversees: 3379  Distance est: 425
Nombre de Tile ajoutees dans la pile: 3
Nombre de Tile traversees: 3380  Distance est: 425
Nombre de Tile ajoutees dans la pile: 2
Nombre de Tile traversees: 3381  Distance est: 425
Nombre de Tile ajoutees dans la pile: 3
Nombre de Tile traversees: 3382  Distance est: 426
Nombre de Tile ajoutees dans la pile: 2
Nombre de Tile traversees: 3383  Distance est: 426
Nombre de Tile ajoutees dans la pile: 3
Nombre de Tile traversees: 3384  Distance est: 427
Nombre de Tile ajoutees dans la pile: 2
Nombre de Tile traversees: 3385  Distance est: 427
Nombre de Tile ajoutees dans la pile: 2
Nombre de Tile traversees: 3386  Distance est: 428
Nombre de Tile ajoutees dans la pile: 2
Nombre de Tile traversees: 3387  Distance est: 428
Nombre de Tile ajoutees dans la pile: 2
Nombre de Tile traversees: 3388  Distance est: 429
Nombre de Tile ajoutees dans la pile: 2
Nombre de Tile traversees: 3389  Distance est: 429
Nombre de Tile ajoutees dans la pile: 2
Nombre de Tile traversees: 3390  Distance est: 430
Nombre de Tile ajoutees dans la pile: 3
Nombre de Tile traversees: 3391  Distance est: 430
Nombre de Tile ajoutees dans la pile: 3
Nombre de Tile traversees: 3392  Distance est: 430
Nombre de Tile ajoutees dans la pile: 3
Nombre de Tile traversees: 3393  Distance est: 431
Nombre de Tile ajoutees dans la pile: 3
Nombre de Tile traversees: 3394  Distance est: 431
Nombre de Tile ajoutees dans la pile: 4
Nombre de Tile traversees: 3395  Distance est: 431
Nombre de Tile ajoutees dans la pile: 3
Nombre de Tile traversees: 3396  Distance est: 432
Nombre de Tile ajoutees dans la pile: 3
Nombre de Tile traversees: 3397  Distance est: 432
Nombre de Tile ajoutees dans la pile: 3
Nombre de Tile traversees: 3398  Distance est: 432
Nombre de Tile ajoutees dans la pile: 3
Nombre de Tile traversees: 3399  Distance est: 433
Nombre de Tile ajoutees dans la pile: 3
Nombre de Tile traversees: 3400  Distance est: 433
Nombre de Tile ajoutees dans la pile: 4
Nombre de Tile traversees: 3401  Distance est: 433
Nombre de Tile ajoutees dans la pile: 3
Nombre de Tile traversees: 3402  Distance est: 434
Nombre de Tile ajoutees dans la pile: 3
Nombre de Tile traversees: 3403  Distance est: 434
Nombre de Tile ajoutees dans la pile: 3
Nombre de Tile traversees: 3404  Distance est: 434
Nombre de Tile ajoutees dans la pile: 3
Nombre de Tile traversees: 3405  Distance est: 435
Nombre de Tile ajoutees dans la pile: 3
Nombre de Tile traversees: 3406  Distance est: 435
Nombre de Tile ajoutees dans la pile: 2
Nombre de Tile traversees: 3407  Distance est: 435
Nombre de Tile ajoutees dans la pile: 2
Nombre de Tile traversees: 3408  Distance est: 436
Nombre de Tile ajoutees dans la pile: 3
Nombre de Tile traversees: 3409  Distance est: 436
Nombre de Tile ajoutees dans la pile: 3
Nombre de Tile traversees: 3410  Distance est: 436
Nombre de Tile ajoutees dans la pile: 3
Nombre de Tile traversees: 3411  Distance est: 437
Nombre de Tile ajoutees dans la pile: 3
Nombre de Tile traversees: 3412  Distance est: 437
Nombre de Tile ajoutees dans la pile: 3
Nombre de Tile traversees: 3413  Distance est: 437
Nombre de Tile ajoutees dans la pile: 3
Nombre de Tile traversees: 3414  Distance est: 438
Nombre de Tile ajoutees dans la pile: 2
Nombre de Tile traversees: 3415  Distance est: 438
Nombre de Tile ajoutees dans la pile: 2
Nombre de Tile traversees: 3416  Distance est: 439
Nombre de Tile ajoutees dans la pile: 2
Nombre de Tile traversees: 3417  Distance est: 439
Nombre de Tile ajoutees dans la pile: 1
Nombre de Tile traversees: 3418  Distance est: 440
Nombre de Tile ajoutees dans la pile: 1
Nombre de Tile traversees: 3419  Distance est: 441
Nombre de Tile ajoutees dans la pile: 2
Nombre de Tile traversees: 3420  Distance est: 441
Nombre de Tile ajoutees dans la pile: 3
Nombre de Tile traversees: 3421  Distance est: 442
Nombre de Tile ajoutees dans la pile: 2
Nombre de Tile traversees: 3422  Distance est: 442
Nombre de Tile ajoutees dans la pile: 3
Nombre de Tile traversees: 3423  Distance est: 443
Nombre de Tile ajoutees dans la pile: 2
Nombre de Tile traversees: 3424  Distance est: 443
Nombre de Tile ajoutees dans la pile: 2
Nombre de Tile traversees: 3425  Distance est: 444
Nombre de Tile ajoutees dans la pile: 1
Nombre de Tile traversees: 3426  Distance est: 445
Nombre de Tile ajoutees dans la pile: 1
Nombre de Tile traversees: 3427  Distance est: 446
Nombre de Tile ajoutees dans la pile: 1
Nombre de Tile traversees: 3428  Distance est: 447
Nombre de Tile ajoutees dans la pile: 1
Nombre de Tile traversees: 3429  Distance est: 448
Nombre de Tile ajoutees dans la pile: 1
Nombre de Tile traversees: 3430  Distance est: 449
Nombre de Tile ajoutees dans la pile: 1
Nombre de Tile traversees: 3431  Distance est: 450
Nombre de Tile ajoutees dans la pile: 1
Nombre de Tile traversees: 3432  Distance est: 451
Nombre de Tile ajoutees dans la pile: 1
Nombre de Tile traversees: 3433  Distance est: 452
Nombre de Tile ajoutees dans la pile: 1
Nombre de Tile traversees: 3434  Distance est: 453
Nombre de Tile ajoutees dans la pile: 1
Nombre de Tile traversees: 3435  Distance est: 454
Nombre de Tile ajoutees dans la pile: 2
Nombre de Tile traversees: 3436  Distance est: 454
Nombre de Tile ajoutees dans la pile: 2
Nombre de Tile traversees: 3437  Distance est: 455
Nombre de Tile ajoutees dans la pile: 2
Nombre de Tile traversees: 3438  Distance est: 455
Nombre de Tile ajoutees dans la pile: 2
Nombre de Tile traversees: 3439  Distance est: 456
Nombre de Tile ajoutees dans la pile: 2
Nombre de Tile traversees: 3440  Distance est: 456
Nombre de Tile ajoutees dans la pile: 2
Nombre de Tile traversees: 3441  Distance est: 457
Nombre de Tile ajoutees dans la pile: 2
Nombre de Tile traversees: 3442  Distance est: 457
Nombre de Tile ajoutees dans la pile: 2
Nombre de Tile traversees: 3443  Distance est: 458
Nombre de Tile ajoutees dans la pile: 2
Nombre de Tile traversees: 3444  Distance est: 458
Nombre de Tile ajoutees dans la pile: 2
Nombre de Tile traversees: 3445  Distance est: 459
Nombre de Tile ajoutees dans la pile: 2
Nombre de Tile traversees: 3446  Distance est: 459
Nombre de Tile ajoutees dans la pile: 2
Nombre de Tile traversees: 3447  Distance est: 460
Nombre de Tile ajoutees dans la pile: 2
Nombre de Tile traversees: 3448  Distance est: 460
Nombre de Tile ajoutees dans la pile: 2
Nombre de Tile traversees: 3449  Distance est: 461
Nombre de Tile ajoutees dans la pile: 2
Nombre de Tile traversees: 3450  Distance est: 461
Nombre de Tile ajoutees dans la pile: 2
Nombre de Tile traversees: 3451  Distance est: 462
Nombre de Tile ajoutees dans la pile: 2
Nombre de Tile traversees: 3452  Distance est: 462
Nombre de Tile ajoutees dans la pile: 2
Nombre de Tile traversees: 3453  Distance est: 463
Nombre de Tile ajoutees dans la pile: 2
Nombre de Tile traversees: 3454  Distance est: 463
Nombre de Tile ajoutees dans la pile: 2
Nombre de Tile traversees: 3455  Distance est: 464
Nombre de Tile ajoutees dans la pile: 3
Nombre de Tile traversees: 3456  Distance est: 464
Nombre de Tile ajoutees dans la pile: 3
Nombre de Tile traversees: 3457  Distance est: 464
Nombre de Tile ajoutees dans la pile: 3
Nombre de Tile traversees: 3458  Distance est: 465
Nombre de Tile ajoutees dans la pile: 3
Nombre de Tile traversees: 3459  Distance est: 465
Nombre de Tile ajoutees dans la pile: 3
Nombre de Tile traversees: 3460  Distance est: 465
Nombre de Tile ajoutees dans la pile: 2
Nombre de Tile traversees: 3461  Distance est: 466
Nombre de Tile ajoutees dans la pile: 2
Nombre de Tile traversees: 3462  Distance est: 466
Nombre de Tile ajoutees dans la pile: 2
Nombre de Tile traversees: 3463  Distance est: 467
Nombre de Tile ajoutees dans la pile: 2
Nombre de Tile traversees: 3464  Distance est: 467
Nombre de Tile ajoutees dans la pile: 3
Nombre de Tile traversees: 3465  Distance est: 468
Nombre de Tile ajoutees dans la pile: 3
Nombre de Tile traversees: 3466  Distance est: 468
Nombre de Tile ajoutees dans la pile: 3
Nombre de Tile traversees: 3467  Distance est: 468
Nombre de Tile ajoutees dans la pile: 3
Nombre de Tile traversees: 3468  Distance est: 469
Nombre de Tile ajoutees dans la pile: 3
Nombre de Tile traversees: 3469  Distance est: 469
Nombre de Tile ajoutees dans la pile: 3
Nombre de Tile traversees: 3470  Distance est: 469
Nombre de Tile ajoutees dans la pile: 3
Nombre de Tile traversees: 3471  Distance est: 470
Nombre de Tile ajoutees dans la pile: 3
Nombre de Tile traversees: 3472  Distance est: 470
Nombre de Tile ajoutees dans la pile: 3
Nombre de Tile traversees: 3473  Distance est: 470
Nombre de Tile ajoutees dans la pile: 3
Nombre de Tile traversees: 3474  Distance est: 471
Nombre de Tile ajoutees dans la pile: 3
Nombre de Tile traversees: 3475  Distance est: 471
Nombre de Tile ajoutees dans la pile: 3
Nombre de Tile traversees: 3476  Distance est: 471
Nombre de Tile ajoutees dans la pile: 3
Nombre de Tile traversees: 3477  Distance est: 472
Nombre de Tile ajoutees dans la pile: 3
Nombre de Tile traversees: 3478  Distance est: 472
Nombre de Tile ajoutees dans la pile: 3
Nombre de Tile traversees: 3479  Distance est: 472
Nombre de Tile ajoutees dans la pile: 3
Nombre de Tile traversees: 3480  Distance est: 473
Nombre de Tile ajoutees dans la pile: 3
Nombre de Tile traversees: 3481  Distance est: 473
Nombre de Tile ajoutees dans la pile: 4
Nombre de Tile traversees: 3482  Distance est: 473
Nombre de Tile ajoutees dans la pile: 4
Nombre de Tile traversees: 3483  Distance est: 474
Nombre de Tile ajoutees dans la pile: 4
Nombre de Tile traversees: 3484  Distance est: 474
Nombre de Tile ajoutees dans la pile: 4
Nombre de Tile traversees: 3485  Distance est: 474
Nombre de Tile ajoutees dans la pile: 4
Nombre de Tile traversees: 3486  Distance est: 474
Nombre de Tile ajoutees dans la pile: 4
Nombre de Tile traversees: 3487  Distance est: 475
Nombre de Tile ajoutees dans la pile: 4
Nombre de Tile traversees: 3488  Distance est: 475
Nombre de Tile ajoutees dans la pile: 4
Nombre de Tile traversees: 3489  Distance est: 475
Nombre de Tile ajoutees dans la pile: 4
Nombre de Tile traversees: 3490  Distance est: 475
Nombre de Tile ajoutees dans la pile: 4
Nombre de Tile traversees: 3491  Distance est: 476
Nombre de Tile ajoutees dans la pile: 4
Nombre de Tile traversees: 3492  Distance est: 476
Nombre de Tile ajoutees dans la pile: 4
Nombre de Tile traversees: 3493  Distance est: 476
Nombre de Tile ajoutees dans la pile: 4
Nombre de Tile traversees: 3494  Distance est: 476
Nombre de Tile ajoutees dans la pile: 4
Nombre de Tile traversees: 3495  Distance est: 477
Nombre de Tile ajoutees dans la pile: 4
Nombre de Tile traversees: 3496  Distance est: 477
Nombre de Tile ajoutees dans la pile: 4
Nombre de Tile traversees: 3497  Distance est: 477
Nombre de Tile ajoutees dans la pile: 4
Nombre de Tile traversees: 3498  Distance est: 477
Nombre de Tile ajoutees dans la pile: 4
Nombre de Tile traversees: 3499  Distance est: 478
Nombre de Tile ajoutees dans la pile: 4
Nombre de Tile traversees: 3500  Distance est: 478
Nombre de Tile ajoutees dans la pile: 4
Nombre de Tile traversees: 3501  Distance est: 478
Nombre de Tile ajoutees dans la pile: 4
Nombre de Tile traversees: 3502  Distance est: 478
Nombre de Tile ajoutees dans la pile: 5
Nombre de Tile traversees: 3503  Distance est: 479
Nombre de Tile ajoutees dans la pile: 5
Nombre de Tile traversees: 3504  Distance est: 479
Nombre de Tile ajoutees dans la pile: 5
Nombre de Tile traversees: 3505  Distance est: 479
Nombre de Tile ajoutees dans la pile: 5
Nombre de Tile traversees: 3506  Distance est: 479
Nombre de Tile ajoutees dans la pile: 6
Nombre de Tile traversees: 3507  Distance est: 479
Nombre de Tile ajoutees dans la pile: 5
Nombre de Tile traversees: 3508  Distance est: 480
Nombre de Tile ajoutees dans la pile: 5
Nombre de Tile traversees: 3509  Distance est: 480
Nombre de Tile ajoutees dans la pile: 5
Nombre de Tile traversees: 3510  Distance est: 480
Nombre de Tile ajoutees dans la pile: 5
Nombre de Tile traversees: 3511  Distance est: 480
Nombre de Tile ajoutees dans la pile: 6
Nombre de Tile traversees: 3512  Distance est: 480
Nombre de Tile ajoutees dans la pile: 5
Nombre de Tile traversees: 3513  Distance est: 481
Nombre de Tile ajoutees dans la pile: 5
Nombre de Tile traversees: 3514  Distance est: 481
Nombre de Tile ajoutees dans la pile: 5
Nombre de Tile traversees: 3515  Distance est: 481
Nombre de Tile ajoutees dans la pile: 5
Nombre de Tile traversees: 3516  Distance est: 481
Nombre de Tile ajoutees dans la pile: 5
Nombre de Tile traversees: 3517  Distance est: 481
Nombre de Tile ajoutees dans la pile: 4
Nombre de Tile traversees: 3518  Distance est: 482
Nombre de Tile ajoutees dans la pile: 4
Nombre de Tile traversees: 3519  Distance est: 482
Nombre de Tile ajoutees dans la pile: 4
Nombre de Tile traversees: 3520  Distance est: 482
Nombre de Tile ajoutees dans la pile: 4
Nombre de Tile traversees: 3521  Distance est: 482
Nombre de Tile ajoutees dans la pile: 4
Nombre de Tile traversees: 3522  Distance est: 483
Nombre de Tile ajoutees dans la pile: 4
Nombre de Tile traversees: 3523  Distance est: 483
Nombre de Tile ajoutees dans la pile: 3
Nombre de Tile traversees: 3524  Distance est: 483
Nombre de Tile ajoutees dans la pile: 3
Nombre de Tile traversees: 3525  Distance est: 483
Nombre de Tile ajoutees dans la pile: 2
Nombre de Tile traversees: 3526  Distance est: 484
Nombre de Tile ajoutees dans la pile: 3
Nombre de Tile traversees: 3527  Distance est: 484
Nombre de Tile ajoutees dans la pile: 3
Nombre de Tile traversees: 3528  Distance est: 484
Nombre de Tile ajoutees dans la pile: 3
Nombre de Tile traversees: 3529  Distance est: 485
Nombre de Tile ajoutees dans la pile: 3
Nombre de Tile traversees: 3530  Distance est: 485
Nombre de Tile ajoutees dans la pile: 4
Nombre de Tile traversees: 3531  Distance est: 485
Nombre de Tile ajoutees dans la pile: 4
Nombre de Tile traversees: 3532  Distance est: 486
Nombre de Tile ajoutees dans la pile: 5
Nombre de Tile traversees: 3533  Distance est: 486
Nombre de Tile ajoutees dans la pile: 5
Nombre de Tile traversees: 3534  Distance est: 486
Nombre de Tile ajoutees dans la pile: 5
Nombre de Tile traversees: 3535  Distance est: 486
Nombre de Tile ajoutees dans la pile: 5
Nombre de Tile traversees: 3536  Distance est: 486
Nombre de Tile ajoutees dans la pile: 5
Nombre de Tile traversees: 3537  Distance est: 487
Nombre de Tile ajoutees dans la pile: 5
Nombre de Tile traversees: 3538  Distance est: 487
Nombre de Tile ajoutees dans la pile: 5
Nombre de Tile traversees: 3539  Distance est: 487
Nombre de Tile ajoutees dans la pile: 5
Nombre de Tile traversees: 3540  Distance est: 487
Nombre de Tile ajoutees dans la pile: 5
Nombre de Tile traversees: 3541  Distance est: 487
Nombre de Tile ajoutees dans la pile: 5
Nombre de Tile traversees: 3542  Distance est: 488
Nombre de Tile ajoutees dans la pile: 5
Nombre de Tile traversees: 3543  Distance est: 488
Nombre de Tile ajoutees dans la pile: 5
Nombre de Tile traversees: 3544  Distance est: 488
Nombre de Tile ajoutees dans la pile: 5
Nombre de Tile traversees: 3545  Distance est: 488
Nombre de Tile ajoutees dans la pile: 5
Nombre de Tile traversees: 3546  Distance est: 488
Nombre de Tile ajoutees dans la pile: 5
Nombre de Tile traversees: 3547  Distance est: 489
Nombre de Tile ajoutees dans la pile: 5
Nombre de Tile traversees: 3548  Distance est: 489
Nombre de Tile ajoutees dans la pile: 5
Nombre de Tile traversees: 3549  Distance est: 489
Nombre de Tile ajoutees dans la pile: 5
Nombre de Tile traversees: 3550  Distance est: 489
Nombre de Tile ajoutees dans la pile: 5
Nombre de Tile traversees: 3551  Distance est: 489
Nombre de Tile ajoutees dans la pile: 5
Nombre de Tile traversees: 3552  Distance est: 490
Nombre de Tile ajoutees dans la pile: 5
Nombre de Tile traversees: 3553  Distance est: 490
Nombre de Tile ajoutees dans la pile: 5
Nombre de Tile traversees: 3554  Distance est: 490
Nombre de Tile ajoutees dans la pile: 5
Nombre de Tile traversees: 3555  Distance est: 490
Nombre de Tile ajoutees dans la pile: 5
Nombre de Tile traversees: 3556  Distance est: 490
Nombre de Tile ajoutees dans la pile: 5
Nombre de Tile traversees: 3557  Distance est: 491
Nombre de Tile ajoutees dans la pile: 5
Nombre de Tile traversees: 3558  Distance est: 491
Nombre de Tile ajoutees dans la pile: 5
Nombre de Tile traversees: 3559  Distance est: 491
Nombre de Tile ajoutees dans la pile: 5
Nombre de Tile traversees: 3560  Distance est: 491
Nombre de Tile ajoutees dans la pile: 5
Nombre de Tile traversees: 3561  Distance est: 491
Nombre de Tile ajoutees dans la pile: 5
Nombre de Tile traversees: 3562  Distance est: 492
Nombre de Tile ajoutees dans la pile: 5
Nombre de Tile traversees: 3563  Distance est: 492
Nombre de Tile ajoutees dans la pile: 5
Nombre de Tile traversees: 3564  Distance est: 492
Nombre de Tile ajoutees dans la pile: 5
Nombre de Tile traversees: 3565  Distance est: 492
Nombre de Tile ajoutees dans la pile: 5
Nombre de Tile traversees: 3566  Distance est: 492
Nombre de Tile ajoutees dans la pile: 6
Nombre de Tile traversees: 3567  Distance est: 493
Nombre de Tile ajoutees dans la pile: 6
Nombre de Tile traversees: 3568  Distance est: 493
Nombre de Tile ajoutees dans la pile: 6
Nombre de Tile traversees: 3569  Distance est: 493
Nombre de Tile ajoutees dans la pile: 6
Nombre de Tile traversees: 3570  Distance est: 493
Nombre de Tile ajoutees dans la pile: 6
Nombre de Tile traversees: 3571  Distance est: 493
Nombre de Tile ajoutees dans la pile: 7
Nombre de Tile traversees: 3572  Distance est: 493
Nombre de Tile ajoutees dans la pile: 6
Nombre de Tile traversees: 3573  Distance est: 494
Nombre de Tile ajoutees dans la pile: 6
Nombre de Tile traversees: 3574  Distance est: 494
Nombre de Tile ajoutees dans la pile: 7
Nombre de Tile traversees: 3575  Distance est: 494
Nombre de Tile ajoutees dans la pile: 7
Nombre de Tile traversees: 3576  Distance est: 494
Nombre de Tile ajoutees dans la pile: 7
Nombre de Tile traversees: 3577  Distance est: 494
Nombre de Tile ajoutees dans la pile: 8
Nombre de Tile traversees: 3578  Distance est: 494
Nombre de Tile ajoutees dans la pile: 7
Nombre de Tile traversees: 3579  Distance est: 495
Nombre de Tile ajoutees dans la pile: 7
Nombre de Tile traversees: 3580  Distance est: 495
Nombre de Tile ajoutees dans la pile: 8
Nombre de Tile traversees: 3581  Distance est: 495
Nombre de Tile ajoutees dans la pile: 7
Nombre de Tile traversees: 3582  Distance est: 495
Nombre de Tile ajoutees dans la pile: 7
Nombre de Tile traversees: 3583  Distance est: 495
Nombre de Tile ajoutees dans la pile: 7
Nombre de Tile traversees: 3584  Distance est: 495
Nombre de Tile ajoutees dans la pile: 7
Nombre de Tile traversees: 3585  Distance est: 495
Nombre de Tile ajoutees dans la pile: 6
Nombre de Tile traversees: 3586  Distance est: 496
Nombre de Tile ajoutees dans la pile: 6
Nombre de Tile traversees: 3587  Distance est: 496
Nombre de Tile ajoutees dans la pile: 7
Nombre de Tile traversees: 3588  Distance est: 496
Nombre de Tile ajoutees dans la pile: 6
Nombre de Tile traversees: 3589  Distance est: 496
Nombre de Tile ajoutees dans la pile: 6
Nombre de Tile traversees: 3590  Distance est: 496
Nombre de Tile ajoutees dans la pile: 6
Nombre de Tile traversees: 3591  Distance est: 496
Nombre de Tile ajoutees dans la pile: 6
Nombre de Tile traversees: 3592  Distance est: 497
Nombre de Tile ajoutees dans la pile: 6
Nombre de Tile traversees: 3593  Distance est: 497
Nombre de Tile ajoutees dans la pile: 6
Nombre de Tile traversees: 3594  Distance est: 497
Nombre de Tile ajoutees dans la pile: 6
Nombre de Tile traversees: 3595  Distance est: 497
Nombre de Tile ajoutees dans la pile: 5
Nombre de Tile traversees: 3596  Distance est: 497
Nombre de Tile ajoutees dans la pile: 5
Nombre de Tile traversees: 3597  Distance est: 497
Nombre de Tile ajoutees dans la pile: 5
Nombre de Tile traversees: 3598  Distance est: 498
Nombre de Tile ajoutees dans la pile: 5
Nombre de Tile traversees: 3599  Distance est: 498
Nombre de Tile ajoutees dans la pile: 5
Nombre de Tile traversees: 3600  Distance est: 498
Nombre de Tile ajoutees dans la pile: 5
Nombre de Tile traversees: 3601  Distance est: 498
Nombre de Tile ajoutees dans la pile: 5
Nombre de Tile traversees: 3602  Distance est: 498
Nombre de Tile ajoutees dans la pile: 5
Nombre de Tile traversees: 3603  Distance est: 499
Nombre de Tile ajoutees dans la pile: 5
Nombre de Tile traversees: 3604  Distance est: 499
Nombre de Tile ajoutees dans la pile: 5
Nombre de Tile traversees: 3605  Distance est: 499
Nombre de Tile ajoutees dans la pile: 5
Nombre de Tile traversees: 3606  Distance est: 499
Nombre de Tile ajoutees dans la pile: 5
Nombre de Tile traversees: 3607  Distance est: 499
Nombre de Tile ajoutees dans la pile: 6
Nombre de Tile traversees: 3608  Distance est: 500
Nombre de Tile ajoutees dans la pile: 6
Nombre de Tile traversees: 3609  Distance est: 500
Nombre de Tile ajoutees dans la pile: 6
Nombre de Tile traversees: 3610  Distance est: 500
Nombre de Tile ajoutees dans la pile: 6
Nombre de Tile traversees: 3611  Distance est: 500
Nombre de Tile ajoutees dans la pile: 6
Nombre de Tile traversees: 3612  Distance est: 500
Nombre de Tile ajoutees dans la pile: 6
Nombre de Tile traversees: 3613  Distance est: 500
Nombre de Tile ajoutees dans la pile: 6
Nombre de Tile traversees: 3614  Distance est: 501
Nombre de Tile ajoutees dans la pile: 6
Nombre de Tile traversees: 3615  Distance est: 501
Nombre de Tile ajoutees dans la pile: 6
Nombre de Tile traversees: 3616  Distance est: 501
Nombre de Tile ajoutees dans la pile: 6
Nombre de Tile traversees: 3617  Distance est: 501
Nombre de Tile ajoutees dans la pile: 5
Nombre de Tile traversees: 3618  Distance est: 501
Nombre de Tile ajoutees dans la pile: 4
Nombre de Tile traversees: 3619  Distance est: 501
Nombre de Tile ajoutees dans la pile: 4
Nombre de Tile traversees: 3620  Distance est: 502
Nombre de Tile ajoutees dans la pile: 4
Nombre de Tile traversees: 3621  Distance est: 502
Nombre de Tile ajoutees dans la pile: 4
Nombre de Tile traversees: 3622  Distance est: 502
Nombre de Tile ajoutees dans la pile: 5
Nombre de Tile traversees: 3623  Distance est: 502
Nombre de Tile ajoutees dans la pile: 5
Nombre de Tile traversees: 3624  Distance est: 503
Nombre de Tile ajoutees dans la pile: 5
Nombre de Tile traversees: 3625  Distance est: 503
Nombre de Tile ajoutees dans la pile: 5
Nombre de Tile traversees: 3626  Distance est: 503
Nombre de Tile ajoutees dans la pile: 6
Nombre de Tile traversees: 3627  Distance est: 503
Nombre de Tile ajoutees dans la pile: 5
Nombre de Tile traversees: 3628  Distance est: 503
Nombre de Tile ajoutees dans la pile: 5
Nombre de Tile traversees: 3629  Distance est: 504
Nombre de Tile ajoutees dans la pile: 6
Nombre de Tile traversees: 3630  Distance est: 504
Nombre de Tile ajoutees dans la pile: 6
Nombre de Tile traversees: 3631  Distance est: 504
Nombre de Tile ajoutees dans la pile: 7
Nombre de Tile traversees: 3632  Distance est: 504
Nombre de Tile ajoutees dans la pile: 6
Nombre de Tile traversees: 3633  Distance est: 504
Nombre de Tile ajoutees dans la pile: 6
Nombre de Tile traversees: 3634  Distance est: 504
Nombre de Tile ajoutees dans la pile: 6
Nombre de Tile traversees: 3635  Distance est: 505
Nombre de Tile ajoutees dans la pile: 6
Nombre de Tile traversees: 3636  Distance est: 505
Nombre de Tile ajoutees dans la pile: 6
Nombre de Tile traversees: 3637  Distance est: 505
Nombre de Tile ajoutees dans la pile: 6
Nombre de Tile traversees: 3638  Distance est: 505
Nombre de Tile ajoutees dans la pile: 5
Nombre de Tile traversees: 3639  Distance est: 505
Nombre de Tile ajoutees dans la pile: 5
Nombre de Tile traversees: 3640  Distance est: 505
Nombre de Tile ajoutees dans la pile: 5
Nombre de Tile traversees: 3641  Distance est: 506
Nombre de Tile ajoutees dans la pile: 4
Nombre de Tile traversees: 3642  Distance est: 506
Nombre de Tile ajoutees dans la pile: 4
Nombre de Tile traversees: 3643  Distance est: 506
Nombre de Tile ajoutees dans la pile: 4
Nombre de Tile traversees: 3644  Distance est: 506
Nombre de Tile ajoutees dans la pile: 4
Nombre de Tile traversees: 3645  Distance est: 507
Nombre de Tile ajoutees dans la pile: 4
Nombre de Tile traversees: 3646  Distance est: 507
Nombre de Tile ajoutees dans la pile: 4
Nombre de Tile traversees: 3647  Distance est: 507
Nombre de Tile ajoutees dans la pile: 4
Nombre de Tile traversees: 3648  Distance est: 507
Nombre de Tile ajoutees dans la pile: 4
Nombre de Tile traversees: 3649  Distance est: 508
Nombre de Tile ajoutees dans la pile: 4
Nombre de Tile traversees: 3650  Distance est: 508
Nombre de Tile ajoutees dans la pile: 4
Nombre de Tile traversees: 3651  Distance est: 508
Nombre de Tile ajoutees dans la pile: 4
Nombre de Tile traversees: 3652  Distance est: 508
Nombre de Tile ajoutees dans la pile: 4
Nombre de Tile traversees: 3653  Distance est: 509
Nombre de Tile ajoutees dans la pile: 4
Nombre de Tile traversees: 3654  Distance est: 509
Nombre de Tile ajoutees dans la pile: 4
Nombre de Tile traversees: 3655  Distance est: 509
Nombre de Tile ajoutees dans la pile: 4
Nombre de Tile traversees: 3656  Distance est: 509
Nombre de Tile ajoutees dans la pile: 5
Nombre de Tile traversees: 3657  Distance est: 510
Nombre de Tile ajoutees dans la pile: 5
Nombre de Tile traversees: 3658  Distance est: 510
Nombre de Tile ajoutees dans la pile: 5
Nombre de Tile traversees: 3659  Distance est: 510
Nombre de Tile ajoutees dans la pile: 5
Nombre de Tile traversees: 3660  Distance est: 510
Nombre de Tile ajoutees dans la pile: 5
Nombre de Tile traversees: 3661  Distance est: 510
Nombre de Tile ajoutees dans la pile: 5
Nombre de Tile traversees: 3662  Distance est: 511
Nombre de Tile ajoutees dans la pile: 5
Nombre de Tile traversees: 3663  Distance est: 511
Nombre de Tile ajoutees dans la pile: 5
Nombre de Tile traversees: 3664  Distance est: 511
Nombre de Tile ajoutees dans la pile: 6
Nombre de Tile traversees: 3665  Distance est: 511
Nombre de Tile ajoutees dans la pile: 6
Nombre de Tile traversees: 3666  Distance est: 511
Nombre de Tile ajoutees dans la pile: 5
Nombre de Tile traversees: 3667  Distance est: 512
Nombre de Tile ajoutees dans la pile: 6
Nombre de Tile traversees: 3668  Distance est: 512
Nombre de Tile ajoutees dans la pile: 6
Nombre de Tile traversees: 3669  Distance est: 512
Nombre de Tile ajoutees dans la pile: 7
Nombre de Tile traversees: 3670  Distance est: 512
Nombre de Tile ajoutees dans la pile: 7
Nombre de Tile traversees: 3671  Distance est: 512
Nombre de Tile ajoutees dans la pile: 7
Nombre de Tile traversees: 3672  Distance est: 512
Nombre de Tile ajoutees dans la pile: 7
Nombre de Tile traversees: 3673  Distance est: 513
Nombre de Tile ajoutees dans la pile: 7
Nombre de Tile traversees: 3674  Distance est: 513
Nombre de Tile ajoutees dans la pile: 7
Nombre de Tile traversees: 3675  Distance est: 513
Nombre de Tile ajoutees dans la pile: 8
Nombre de Tile traversees: 3676  Distance est: 513
Nombre de Tile ajoutees dans la pile: 7
Nombre de Tile traversees: 3677  Distance est: 513
Nombre de Tile ajoutees dans la pile: 7
Nombre de Tile traversees: 3678  Distance est: 513
Nombre de Tile ajoutees dans la pile: 7
Nombre de Tile traversees: 3679  Distance est: 513
Nombre de Tile ajoutees dans la pile: 8
Nombre de Tile traversees: 3680  Distance est: 514
Nombre de Tile ajoutees dans la pile: 8
Nombre de Tile traversees: 3681  Distance est: 514
Nombre de Tile ajoutees dans la pile: 8
Nombre de Tile traversees: 3682  Distance est: 514
Nombre de Tile ajoutees dans la pile: 8
Nombre de Tile traversees: 3683  Distance est: 514
Nombre de Tile ajoutees dans la pile: 8
Nombre de Tile traversees: 3684  Distance est: 514
Nombre de Tile ajoutees dans la pile: 8
Nombre de Tile traversees: 3685  Distance est: 514
Nombre de Tile ajoutees dans la pile: 8
Nombre de Tile traversees: 3686  Distance est: 514
Nombre de Tile ajoutees dans la pile: 8
Nombre de Tile traversees: 3687  Distance est: 514
Nombre de Tile ajoutees dans la pile: 8
Nombre de Tile traversees: 3688  Distance est: 515
Nombre de Tile ajoutees dans la pile: 8
Nombre de Tile traversees: 3689  Distance est: 515
Nombre de Tile ajoutees dans la pile: 8
Nombre de Tile traversees: 3690  Distance est: 515
Nombre de Tile ajoutees dans la pile: 8
Nombre de Tile traversees: 3691  Distance est: 515
Nombre de Tile ajoutees dans la pile: 8
Nombre de Tile traversees: 3692  Distance est: 515
Nombre de Tile ajoutees dans la pile: 7
Nombre de Tile traversees: 3693  Distance est: 515
Nombre de Tile ajoutees dans la pile: 7
Nombre de Tile traversees: 3694  Distance est: 515
Nombre de Tile ajoutees dans la pile: 7
Nombre de Tile traversees: 3695  Distance est: 515
Nombre de Tile ajoutees dans la pile: 7
Nombre de Tile traversees: 3696  Distance est: 516
Nombre de Tile ajoutees dans la pile: 7
Nombre de Tile traversees: 3697  Distance est: 516
Nombre de Tile ajoutees dans la pile: 7
Nombre de Tile traversees: 3698  Distance est: 516
Nombre de Tile ajoutees dans la pile: 7
Nombre de Tile traversees: 3699  Distance est: 516
Nombre de Tile ajoutees dans la pile: 7
Nombre de Tile traversees: 3700  Distance est: 516
Nombre de Tile ajoutees dans la pile: 7
Nombre de Tile traversees: 3701  Distance est: 516
Nombre de Tile ajoutees dans la pile: 7
Nombre de Tile traversees: 3702  Distance est: 516
Nombre de Tile ajoutees dans la pile: 7
Nombre de Tile traversees: 3703  Distance est: 517
Nombre de Tile ajoutees dans la pile: 7
Nombre de Tile traversees: 3704  Distance est: 517
Nombre de Tile ajoutees dans la pile: 7
Nombre de Tile traversees: 3705  Distance est: 517
Nombre de Tile ajoutees dans la pile: 7
Nombre de Tile traversees: 3706  Distance est: 517
Nombre de Tile ajoutees dans la pile: 7
Nombre de Tile traversees: 3707  Distance est: 517
Nombre de Tile ajoutees dans la pile: 8
Nombre de Tile traversees: 3708  Distance est: 517
Nombre de Tile ajoutees dans la pile: 8
Nombre de Tile traversees: 3709  Distance est: 517
Nombre de Tile ajoutees dans la pile: 8
Nombre de Tile traversees: 3710  Distance est: 518
Nombre de Tile ajoutees dans la pile: 8
Nombre de Tile traversees: 3711  Distance est: 518
Nombre de Tile ajoutees dans la pile: 8
Nombre de Tile traversees: 3712  Distance est: 518
Nombre de Tile ajoutees dans la pile: 9
Nombre de Tile traversees: 3713  Distance est: 518
Nombre de Tile ajoutees dans la pile: 9
Nombre de Tile traversees: 3714  Distance est: 518
Nombre de Tile ajoutees dans la pile: 9
Nombre de Tile traversees: 3715  Distance est: 518
Nombre de Tile ajoutees dans la pile: 9
Nombre de Tile traversees: 3716  Distance est: 518
Nombre de Tile ajoutees dans la pile: 9
Nombre de Tile traversees: 3717  Distance est: 518
Nombre de Tile ajoutees dans la pile: 9
Nombre de Tile traversees: 3718  Distance est: 519
Nombre de Tile ajoutees dans la pile: 9
Nombre de Tile traversees: 3719  Distance est: 519
Nombre de Tile ajoutees dans la pile: 9
Nombre de Tile traversees: 3720  Distance est: 519
Nombre de Tile ajoutees dans la pile: 10
Nombre de Tile traversees: 3721  Distance est: 519
Nombre de Tile ajoutees dans la pile: 9
Nombre de Tile traversees: 3722  Distance est: 519
Nombre de Tile ajoutees dans la pile: 9
Nombre de Tile traversees: 3723  Distance est: 519
Nombre de Tile ajoutees dans la pile: 9
Nombre de Tile traversees: 3724  Distance est: 519
Nombre de Tile ajoutees dans la pile: 10
Nombre de Tile traversees: 3725  Distance est: 519
Nombre de Tile ajoutees dans la pile: 10
Nombre de Tile traversees: 3726  Distance est: 519
Nombre de Tile ajoutees dans la pile: 10
Nombre de Tile traversees: 3727  Distance est: 520
Nombre de Tile ajoutees dans la pile: 11
Nombre de Tile traversees: 3728  Distance est: 520
Nombre de Tile ajoutees dans la pile: 11
Nombre de Tile traversees: 3729  Distance est: 520
Nombre de Tile ajoutees dans la pile: 12
Nombre de Tile traversees: 3730  Distance est: 520
Nombre de Tile ajoutees dans la pile: 11
Nombre de Tile traversees: 3731  Distance est: 520
Nombre de Tile ajoutees dans la pile: 11
Nombre de Tile traversees: 3732  Distance est: 520
Nombre de Tile ajoutees dans la pile: 11
Nombre de Tile traversees: 3733  Distance est: 520
Nombre de Tile ajoutees dans la pile: 11
Nombre de Tile traversees: 3734  Distance est: 520
Nombre de Tile ajoutees dans la pile: 11
Nombre de Tile traversees: 3735  Distance est: 520
Nombre de Tile ajoutees dans la pile: 11
Nombre de Tile traversees: 3736  Distance est: 520
Nombre de Tile ajoutees dans la pile: 11
Nombre de Tile traversees: 3737  Distance est: 520
Nombre de Tile ajoutees dans la pile: 11
Nombre de Tile traversees: 3738  Distance est: 521
Nombre de Tile ajoutees dans la pile: 11
Nombre de Tile traversees: 3739  Distance est: 521
Nombre de Tile ajoutees dans la pile: 11
Nombre de Tile traversees: 3740  Distance est: 521
Nombre de Tile ajoutees dans la pile: 11
Nombre de Tile traversees: 3741  Distance est: 521
Nombre de Tile ajoutees dans la pile: 10
Nombre de Tile traversees: 3742  Distance est: 521
Nombre de Tile ajoutees dans la pile: 9
Nombre de Tile traversees: 3743  Distance est: 521
Nombre de Tile ajoutees dans la pile: 9
Nombre de Tile traversees: 3744  Distance est: 521
Nombre de Tile ajoutees dans la pile: 9
Nombre de Tile traversees: 3745  Distance est: 521
Nombre de Tile ajoutees dans la pile: 10
Nombre de Tile traversees: 3746  Distance est: 521
Nombre de Tile ajoutees dans la pile: 10
Nombre de Tile traversees: 3747  Distance est: 521
Nombre de Tile ajoutees dans la pile: 10
Nombre de Tile traversees: 3748  Distance est: 521
Nombre de Tile ajoutees dans la pile: 10
Nombre de Tile traversees: 3749  Distance est: 522
Nombre de Tile ajoutees dans la pile: 10
Nombre de Tile traversees: 3750  Distance est: 522
Nombre de Tile ajoutees dans la pile: 10
Nombre de Tile traversees: 3751  Distance est: 522
Nombre de Tile ajoutees dans la pile: 10
Nombre de Tile traversees: 3752  Distance est: 522
Nombre de Tile ajoutees dans la pile: 10
Nombre de Tile traversees: 3753  Distance est: 522
Nombre de Tile ajoutees dans la pile: 10
Nombre de Tile traversees: 3754  Distance est: 522
Nombre de Tile ajoutees dans la pile: 10
Nombre de Tile traversees: 3755  Distance est: 522
Nombre de Tile ajoutees dans la pile: 10
Nombre de Tile traversees: 3756  Distance est: 522
Nombre de Tile ajoutees dans la pile: 10
Nombre de Tile traversees: 3757  Distance est: 522
Nombre de Tile ajoutees dans la pile: 10
Nombre de Tile traversees: 3758  Distance est: 522
Nombre de Tile ajoutees dans la pile: 10
Nombre de Tile traversees: 3759  Distance est: 523
Nombre de Tile ajoutees dans la pile: 10
Nombre de Tile traversees: 3760  Distance est: 523
Nombre de Tile ajoutees dans la pile: 10
Nombre de Tile traversees: 3761  Distance est: 523
Nombre de Tile ajoutees dans la pile: 10
Nombre de Tile traversees: 3762  Distance est: 523
Nombre de Tile ajoutees dans la pile: 10
Nombre de Tile traversees: 3763  Distance est: 523
Nombre de Tile ajoutees dans la pile: 10
Nombre de Tile traversees: 3764  Distance est: 523
Nombre de Tile ajoutees dans la pile: 10
Nombre de Tile traversees: 3765  Distance est: 523
Nombre de Tile ajoutees dans la pile: 9
Nombre de Tile traversees: 3766  Distance est: 523
Nombre de Tile ajoutees dans la pile: 9
Nombre de Tile traversees: 3767  Distance est: 523
Nombre de Tile ajoutees dans la pile: 9
Nombre de Tile traversees: 3768  Distance est: 523
Nombre de Tile ajoutees dans la pile: 9
Nombre de Tile traversees: 3769  Distance est: 524
Nombre de Tile ajoutees dans la pile: 8
Nombre de Tile traversees: 3770  Distance est: 524
Nombre de Tile ajoutees dans la pile: 8
Nombre de Tile traversees: 3771  Distance est: 524
Nombre de Tile ajoutees dans la pile: 8
Nombre de Tile traversees: 3772  Distance est: 524
Nombre de Tile ajoutees dans la pile: 8
Nombre de Tile traversees: 3773  Distance est: 524
Nombre de Tile ajoutees dans la pile: 8
Nombre de Tile traversees: 3774  Distance est: 524
Nombre de Tile ajoutees dans la pile: 8
Nombre de Tile traversees: 3775  Distance est: 524
Nombre de Tile ajoutees dans la pile: 8
Nombre de Tile traversees: 3776  Distance est: 524
Nombre de Tile ajoutees dans la pile: 8
Nombre de Tile traversees: 3777  Distance est: 525
Nombre de Tile ajoutees dans la pile: 8
Nombre de Tile traversees: 3778  Distance est: 525
Nombre de Tile ajoutees dans la pile: 8
Nombre de Tile traversees: 3779  Distance est: 525
Nombre de Tile ajoutees dans la pile: 8
Nombre de Tile traversees: 3780  Distance est: 525
Nombre de Tile ajoutees dans la pile: 8
Nombre de Tile traversees: 3781  Distance est: 525
Nombre de Tile ajoutees dans la pile: 8
Nombre de Tile traversees: 3782  Distance est: 525
Nombre de Tile ajoutees dans la pile: 8
Nombre de Tile traversees: 3783  Distance est: 525
Nombre de Tile ajoutees dans la pile: 8
Nombre de Tile traversees: 3784  Distance est: 525
Nombre de Tile ajoutees dans la pile: 8
Nombre de Tile traversees: 3785  Distance est: 526
Nombre de Tile ajoutees dans la pile: 8
Nombre de Tile traversees: 3786  Distance est: 526
Nombre de Tile ajoutees dans la pile: 8
Nombre de Tile traversees: 3787  Distance est: 526
Nombre de Tile ajoutees dans la pile: 8
Nombre de Tile traversees: 3788  Distance est: 526
Nombre de Tile ajoutees dans la pile: 8
Nombre de Tile traversees: 3789  Distance est: 526
Nombre de Tile ajoutees dans la pile: 8
Nombre de Tile traversees: 3790  Distance est: 526
Nombre de Tile ajoutees dans la pile: 9
Nombre de Tile traversees: 3791  Distance est: 526
Nombre de Tile ajoutees dans la pile: 9
Nombre de Tile traversees: 3792  Distance est: 526
Nombre de Tile ajoutees dans la pile: 9
Nombre de Tile traversees: 3793  Distance est: 527
Nombre de Tile ajoutees dans la pile: 9
Nombre de Tile traversees: 3794  Distance est: 527
Nombre de Tile ajoutees dans la pile: 9
Nombre de Tile traversees: 3795  Distance est: 527
Nombre de Tile ajoutees dans la pile: 9
Nombre de Tile traversees: 3796  Distance est: 527
Nombre de Tile ajoutees dans la pile: 9
Nombre de Tile traversees: 3797  Distance est: 527
Nombre de Tile ajoutees dans la pile: 8
Nombre de Tile traversees: 3798  Distance est: 527
Nombre de Tile ajoutees dans la pile: 9
Nombre de Tile traversees: 3799  Distance est: 527
Nombre de Tile ajoutees dans la pile: 9
Nombre de Tile traversees: 3800  Distance est: 527
Nombre de Tile ajoutees dans la pile: 9
Nombre de Tile traversees: 3801  Distance est: 527
Nombre de Tile ajoutees dans la pile: 9
Nombre de Tile traversees: 3802  Distance est: 528
Nombre de Tile ajoutees dans la pile: 8
Nombre de Tile traversees: 3803  Distance est: 528
Nombre de Tile ajoutees dans la pile: 8
Nombre de Tile traversees: 3804  Distance est: 528
Nombre de Tile ajoutees dans la pile: 8
Nombre de Tile traversees: 3805  Distance est: 528
Nombre de Tile ajoutees dans la pile: 8
Nombre de Tile traversees: 3806  Distance est: 528
Nombre de Tile ajoutees dans la pile: 9
Nombre de Tile traversees: 3807  Distance est: 528
Nombre de Tile ajoutees dans la pile: 8
Nombre de Tile traversees: 3808  Distance est: 528
Nombre de Tile ajoutees dans la pile: 8
Nombre de Tile traversees: 3809  Distance est: 528
Nombre de Tile ajoutees dans la pile: 8
Nombre de Tile traversees: 3810  Distance est: 529
Nombre de Tile ajoutees dans la pile: 9
Nombre de Tile traversees: 3811  Distance est: 529
Nombre de Tile ajoutees dans la pile: 9
Nombre de Tile traversees: 3812  Distance est: 529
Nombre de Tile ajoutees dans la pile: 8
Nombre de Tile traversees: 3813  Distance est: 529
Nombre de Tile ajoutees dans la pile: 8
Nombre de Tile traversees: 3814  Distance est: 529
Nombre de Tile ajoutees dans la pile: 8
Nombre de Tile traversees: 3815  Distance est: 529
Nombre de Tile ajoutees dans la pile: 7
Nombre de Tile traversees: 3816  Distance est: 529
Nombre de Tile ajoutees dans la pile: 7
Nombre de Tile traversees: 3817  Distance est: 529
Nombre de Tile ajoutees dans la pile: 7
Nombre de Tile traversees: 3818  Distance est: 529
Nombre de Tile ajoutees dans la pile: 8
Nombre de Tile traversees: 3819  Distance est: 530
Nombre de Tile ajoutees dans la pile: 7
Nombre de Tile traversees: 3820  Distance est: 530
Nombre de Tile ajoutees dans la pile: 7
Nombre de Tile traversees: 3821  Distance est: 530
Nombre de Tile ajoutees dans la pile: 7
Nombre de Tile traversees: 3822  Distance est: 530
Nombre de Tile ajoutees dans la pile: 7
Nombre de Tile traversees: 3823  Distance est: 530
Nombre de Tile ajoutees dans la pile: 7
Nombre de Tile traversees: 3824  Distance est: 530
Nombre de Tile ajoutees dans la pile: 7
Nombre de Tile traversees: 3825  Distance est: 530
Nombre de Tile ajoutees dans la pile: 8
Nombre de Tile traversees: 3826  Distance est: 531
Nombre de Tile ajoutees dans la pile: 7
Nombre de Tile traversees: 3827  Distance est: 531
Nombre de Tile ajoutees dans la pile: 6
Nombre de Tile traversees: 3828  Distance est: 531
Nombre de Tile ajoutees dans la pile: 7
Nombre de Tile traversees: 3829  Distance est: 531
Nombre de Tile ajoutees dans la pile: 6
Nombre de Tile traversees: 3830  Distance est: 531
Nombre de Tile ajoutees dans la pile: 6
Nombre de Tile traversees: 3831  Distance est: 531
Nombre de Tile ajoutees dans la pile: 6
Nombre de Tile traversees: 3832  Distance est: 531
Nombre de Tile ajoutees dans la pile: 6
Nombre de Tile traversees: 3833  Distance est: 532
Nombre de Tile ajoutees dans la pile: 6
Nombre de Tile traversees: 3834  Distance est: 532
Nombre de Tile ajoutees dans la pile: 6
Nombre de Tile traversees: 3835  Distance est: 532
Nombre de Tile ajoutees dans la pile: 6
Nombre de Tile traversees: 3836  Distance est: 532
Nombre de Tile ajoutees dans la pile: 6
Nombre de Tile traversees: 3837  Distance est: 532
Nombre de Tile ajoutees dans la pile: 6
Nombre de Tile traversees: 3838  Distance est: 532
Nombre de Tile ajoutees dans la pile: 6
Nombre de Tile traversees: 3839  Distance est: 533
Nombre de Tile ajoutees dans la pile: 6
Nombre de Tile traversees: 3840  Distance est: 533
Nombre de Tile ajoutees dans la pile: 6
Nombre de Tile traversees: 3841  Distance est: 533
Nombre de Tile ajoutees dans la pile: 6
Nombre de Tile traversees: 3842  Distance est: 533
Nombre de Tile ajoutees dans la pile: 6
Nombre de Tile traversees: 3843  Distance est: 533
Nombre de Tile ajoutees dans la pile: 6
Nombre de Tile traversees: 3844  Distance est: 533
Nombre de Tile ajoutees dans la pile: 5
Nombre de Tile traversees: 3845  Distance est: 534
Nombre de Tile ajoutees dans la pile: 5
Nombre de Tile traversees: 3846  Distance est: 534
Nombre de Tile ajoutees dans la pile: 5
Nombre de Tile traversees: 3847  Distance est: 534
Nombre de Tile ajoutees dans la pile: 5
Nombre de Tile traversees: 3848  Distance est: 534
Nombre de Tile ajoutees dans la pile: 5
Nombre de Tile traversees: 3849  Distance est: 534
Nombre de Tile ajoutees dans la pile: 5
Nombre de Tile traversees: 3850  Distance est: 535
Nombre de Tile ajoutees dans la pile: 5
Nombre de Tile traversees: 3851  Distance est: 535
Nombre de Tile ajoutees dans la pile: 6
Nombre de Tile traversees: 3852  Distance est: 535
Nombre de Tile ajoutees dans la pile: 6
Nombre de Tile traversees: 3853  Distance est: 535
Nombre de Tile ajoutees dans la pile: 6
Nombre de Tile traversees: 3854  Distance est: 535
Nombre de Tile ajoutees dans la pile: 7
Nombre de Tile traversees: 3855  Distance est: 536
Nombre de Tile ajoutees dans la pile: 7
Nombre de Tile traversees: 3856  Distance est: 536
Nombre de Tile ajoutees dans la pile: 7
Nombre de Tile traversees: 3857  Distance est: 536
Nombre de Tile ajoutees dans la pile: 7
Nombre de Tile traversees: 3858  Distance est: 536
Nombre de Tile ajoutees dans la pile: 7
Nombre de Tile traversees: 3859  Distance est: 536
Nombre de Tile ajoutees dans la pile: 7
Nombre de Tile traversees: 3860  Distance est: 536
Nombre de Tile ajoutees dans la pile: 7
Nombre de Tile traversees: 3861  Distance est: 536
Nombre de Tile ajoutees dans la pile: 7
Nombre de Tile traversees: 3862  Distance est: 537
Nombre de Tile ajoutees dans la pile: 7
Nombre de Tile traversees: 3863  Distance est: 537
Nombre de Tile ajoutees dans la pile: 7
Nombre de Tile traversees: 3864  Distance est: 537
Nombre de Tile ajoutees dans la pile: 7
Nombre de Tile traversees: 3865  Distance est: 537
Nombre de Tile ajoutees dans la pile: 7
Nombre de Tile traversees: 3866  Distance est: 537
Nombre de Tile ajoutees dans la pile: 7
Nombre de Tile traversees: 3867  Distance est: 537
Nombre de Tile ajoutees dans la pile: 6
Nombre de Tile traversees: 3868  Distance est: 537
Nombre de Tile ajoutees dans la pile: 6
Nombre de Tile traversees: 3869  Distance est: 538
Nombre de Tile ajoutees dans la pile: 6
Nombre de Tile traversees: 3870  Distance est: 538
Nombre de Tile ajoutees dans la pile: 6
Nombre de Tile traversees: 3871  Distance est: 538
Nombre de Tile ajoutees dans la pile: 6
Nombre de Tile traversees: 3872  Distance est: 538
Nombre de Tile ajoutees dans la pile: 6
Nombre de Tile traversees: 3873  Distance est: 538
Nombre de Tile ajoutees dans la pile: 6
Nombre de Tile traversees: 3874  Distance est: 538
Nombre de Tile ajoutees dans la pile: 6
Nombre de Tile traversees: 3875  Distance est: 539
Nombre de Tile ajoutees dans la pile: 7
Nombre de Tile traversees: 3876  Distance est: 539
Nombre de Tile ajoutees dans la pile: 7
Nombre de Tile traversees: 3877  Distance est: 539
Nombre de Tile ajoutees dans la pile: 7
Nombre de Tile traversees: 3878  Distance est: 539
Nombre de Tile ajoutees dans la pile: 7
Nombre de Tile traversees: 3879  Distance est: 539
Nombre de Tile ajoutees dans la pile: 7
Nombre de Tile traversees: 3880  Distance est: 539
Nombre de Tile ajoutees dans la pile: 7
Nombre de Tile traversees: 3881  Distance est: 539
Nombre de Tile ajoutees dans la pile: 8
Nombre de Tile traversees: 3882  Distance est: 540
Nombre de Tile ajoutees dans la pile: 7
Nombre de Tile traversees: 3883  Distance est: 540
Nombre de Tile ajoutees dans la pile: 7
Nombre de Tile traversees: 3884  Distance est: 540
Nombre de Tile ajoutees dans la pile: 7
Nombre de Tile traversees: 3885  Distance est: 540
Nombre de Tile ajoutees dans la pile: 7
Nombre de Tile traversees: 3886  Distance est: 540
Nombre de Tile ajoutees dans la pile: 7
Nombre de Tile traversees: 3887  Distance est: 540
Nombre de Tile ajoutees dans la pile: 7
Nombre de Tile traversees: 3888  Distance est: 540
Nombre de Tile ajoutees dans la pile: 8
Nombre de Tile traversees: 3889  Distance est: 541
Nombre de Tile ajoutees dans la pile: 7
Nombre de Tile traversees: 3890  Distance est: 541
Nombre de Tile ajoutees dans la pile: 8
Nombre de Tile traversees: 3891  Distance est: 541
Nombre de Tile ajoutees dans la pile: 8
Nombre de Tile traversees: 3892  Distance est: 541
Nombre de Tile ajoutees dans la pile: 8
Nombre de Tile traversees: 3893  Distance est: 541
Nombre de Tile ajoutees dans la pile: 9
Nombre de Tile traversees: 3894  Distance est: 541
Nombre de Tile ajoutees dans la pile: 9
Nombre de Tile traversees: 3895  Distance est: 541
Nombre de Tile ajoutees dans la pile: 9
Nombre de Tile traversees: 3896  Distance est: 542
Nombre de Tile ajoutees dans la pile: 8
Nombre de Tile traversees: 3897  Distance est: 542
Nombre de Tile ajoutees dans la pile: 8
Nombre de Tile traversees: 3898  Distance est: 542
Nombre de Tile ajoutees dans la pile: 8
Nombre de Tile traversees: 3899  Distance est: 542
Nombre de Tile ajoutees dans la pile: 8
Nombre de Tile traversees: 3900  Distance est: 542
Nombre de Tile ajoutees dans la pile: 8
Nombre de Tile traversees: 3901  Distance est: 542
Nombre de Tile ajoutees dans la pile: 8
Nombre de Tile traversees: 3902  Distance est: 542
Nombre de Tile ajoutees dans la pile: 8
Nombre de Tile traversees: 3903  Distance est: 542
Nombre de Tile ajoutees dans la pile: 9
Nombre de Tile traversees: 3904  Distance est: 543
Nombre de Tile ajoutees dans la pile: 9
Nombre de Tile traversees: 3905  Distance est: 543
Nombre de Tile ajoutees dans la pile: 10
Nombre de Tile traversees: 3906  Distance est: 543
Nombre de Tile ajoutees dans la pile: 10
Nombre de Tile traversees: 3907  Distance est: 543
Nombre de Tile ajoutees dans la pile: 10
Nombre de Tile traversees: 3908  Distance est: 543
Nombre de Tile ajoutees dans la pile: 10
Nombre de Tile traversees: 3909  Distance est: 543
Nombre de Tile ajoutees dans la pile: 10
Nombre de Tile traversees: 3910  Distance est: 543
Nombre de Tile ajoutees dans la pile: 11
Nombre de Tile traversees: 3911  Distance est: 543
Nombre de Tile ajoutees dans la pile: 12
Nombre de Tile traversees: 3912  Distance est: 543
Nombre de Tile ajoutees dans la pile: 11
Nombre de Tile traversees: 3913  Distance est: 544
Nombre de Tile ajoutees dans la pile: 11
Nombre de Tile traversees: 3914  Distance est: 544
Nombre de Tile ajoutees dans la pile: 12
Nombre de Tile traversees: 3915  Distance est: 544
Nombre de Tile ajoutees dans la pile: 12
Nombre de Tile traversees: 3916  Distance est: 544
Nombre de Tile ajoutees dans la pile: 12
Nombre de Tile traversees: 3917  Distance est: 544
Nombre de Tile ajoutees dans la pile: 12
Nombre de Tile traversees: 3918  Distance est: 544
Nombre de Tile ajoutees dans la pile: 12
Nombre de Tile traversees: 3919  Distance est: 544
Nombre de Tile ajoutees dans la pile: 12
Nombre de Tile traversees: 3920  Distance est: 544
Nombre de Tile ajoutees dans la pile: 12
Nombre de Tile traversees: 3921  Distance est: 544
Nombre de Tile ajoutees dans la pile: 12
Nombre de Tile traversees: 3922  Distance est: 544
Nombre de Tile ajoutees dans la pile: 13
Nombre de Tile traversees: 3923  Distance est: 544
Nombre de Tile ajoutees dans la pile: 12
Nombre de Tile traversees: 3924  Distance est: 545
Nombre de Tile ajoutees dans la pile: 12
Nombre de Tile traversees: 3925  Distance est: 545
Nombre de Tile ajoutees dans la pile: 12
Nombre de Tile traversees: 3926  Distance est: 545
Nombre de Tile ajoutees dans la pile: 11
Nombre de Tile traversees: 3927  Distance est: 545
Nombre de Tile ajoutees dans la pile: 11
Nombre de Tile traversees: 3928  Distance est: 545
Nombre de Tile ajoutees dans la pile: 11
Nombre de Tile traversees: 3929  Distance est: 545
Nombre de Tile ajoutees dans la pile: 11
Nombre de Tile traversees: 3930  Distance est: 545
Nombre de Tile ajoutees dans la pile: 11
Nombre de Tile traversees: 3931  Distance est: 545
Nombre de Tile ajoutees dans la pile: 11
Nombre de Tile traversees: 3932  Distance est: 545
Nombre de Tile ajoutees dans la pile: 10
Nombre de Tile traversees: 3933  Distance est: 545
Nombre de Tile ajoutees dans la pile: 10
Nombre de Tile traversees: 3934  Distance est: 545
Nombre de Tile ajoutees dans la pile: 10
Nombre de Tile traversees: 3935  Distance est: 545
Nombre de Tile ajoutees dans la pile: 9
Nombre de Tile traversees: 3936  Distance est: 546
Nombre de Tile ajoutees dans la pile: 9
Nombre de Tile traversees: 3937  Distance est: 546
Nombre de Tile ajoutees dans la pile: 9
Nombre de Tile traversees: 3938  Distance est: 546
Nombre de Tile ajoutees dans la pile: 9
Nombre de Tile traversees: 3939  Distance est: 546
Nombre de Tile ajoutees dans la pile: 9
Nombre de Tile traversees: 3940  Distance est: 546
Nombre de Tile ajoutees dans la pile: 9
Nombre de Tile traversees: 3941  Distance est: 546
Nombre de Tile ajoutees dans la pile: 10
Nombre de Tile traversees: 3942  Distance est: 546
Nombre de Tile ajoutees dans la pile: 10
Nombre de Tile traversees: 3943  Distance est: 546
Nombre de Tile ajoutees dans la pile: 10
Nombre de Tile traversees: 3944  Distance est: 546
Nombre de Tile ajoutees dans la pile: 10
Nombre de Tile traversees: 3945  Distance est: 547
Nombre de Tile ajoutees dans la pile: 10
Nombre de Tile traversees: 3946  Distance est: 547
Nombre de Tile ajoutees dans la pile: 9
Nombre de Tile traversees: 3947  Distance est: 547
Nombre de Tile ajoutees dans la pile: 9
Nombre de Tile traversees: 3948  Distance est: 547
Nombre de Tile ajoutees dans la pile: 9
Nombre de Tile traversees: 3949  Distance est: 547
Nombre de Tile ajoutees dans la pile: 9
Nombre de Tile traversees: 3950  Distance est: 547
Nombre de Tile ajoutees dans la pile: 10
Nombre de Tile traversees: 3951  Distance est: 547
Nombre de Tile ajoutees dans la pile: 9
Nombre de Tile traversees: 3952  Distance est: 547
Nombre de Tile ajoutees dans la pile: 9
Nombre de Tile traversees: 3953  Distance est: 547
Nombre de Tile ajoutees dans la pile: 9
Nombre de Tile traversees: 3954  Distance est: 547
Nombre de Tile ajoutees dans la pile: 9
Nombre de Tile traversees: 3955  Distance est: 548
Nombre de Tile ajoutees dans la pile: 9
Nombre de Tile traversees: 3956  Distance est: 548
Nombre de Tile ajoutees dans la pile: 9
Nombre de Tile traversees: 3957  Distance est: 548
Nombre de Tile ajoutees dans la pile: 10
Nombre de Tile traversees: 3958  Distance est: 548
Nombre de Tile ajoutees dans la pile: 10
Nombre de Tile traversees: 3959  Distance est: 548
Nombre de Tile ajoutees dans la pile: 11
Nombre de Tile traversees: 3960  Distance est: 548
Nombre de Tile ajoutees dans la pile: 10
Nombre de Tile traversees: 3961  Distance est: 548
Nombre de Tile ajoutees dans la pile: 10
Nombre de Tile traversees: 3962  Distance est: 548
Nombre de Tile ajoutees dans la pile: 10
Nombre de Tile traversees: 3963  Distance est: 548
Nombre de Tile ajoutees dans la pile: 10
Nombre de Tile traversees: 3964  Distance est: 549
Nombre de Tile ajoutees dans la pile: 10
Nombre de Tile traversees: 3965  Distance est: 549
Nombre de Tile ajoutees dans la pile: 10
Nombre de Tile traversees: 3966  Distance est: 549
Nombre de Tile ajoutees dans la pile: 11
Nombre de Tile traversees: 3967  Distance est: 549
Nombre de Tile ajoutees dans la pile: 10
Nombre de Tile traversees: 3968  Distance est: 549
Nombre de Tile ajoutees dans la pile: 11
Nombre de Tile traversees: 3969  Distance est: 549
Nombre de Tile ajoutees dans la pile: 11
Nombre de Tile traversees: 3970  Distance est: 549
Nombre de Tile ajoutees dans la pile: 10
Nombre de Tile traversees: 3971  Distance est: 549
Nombre de Tile ajoutees dans la pile: 10
Nombre de Tile traversees: 3972  Distance est: 549
Nombre de Tile ajoutees dans la pile: 10
Nombre de Tile traversees: 3973  Distance est: 549
Nombre de Tile ajoutees dans la pile: 9
Nombre de Tile traversees: 3974  Distance est: 550
Nombre de Tile ajoutees dans la pile: 9
Nombre de Tile traversees: 3975  Distance est: 550
Nombre de Tile ajoutees dans la pile: 9
Nombre de Tile traversees: 3976  Distance est: 550
Nombre de Tile ajoutees dans la pile: 10
Nombre de Tile traversees: 3977  Distance est: 550
Nombre de Tile ajoutees dans la pile: 9
Nombre de Tile traversees: 3978  Distance est: 550
Nombre de Tile ajoutees dans la pile: 9
Nombre de Tile traversees: 3979  Distance est: 550
Nombre de Tile ajoutees dans la pile: 9
Nombre de Tile traversees: 3980  Distance est: 550
Nombre de Tile ajoutees dans la pile: 9
Nombre de Tile traversees: 3981  Distance est: 550
Nombre de Tile ajoutees dans la pile: 9
Nombre de Tile traversees: 3982  Distance est: 550
Nombre de Tile ajoutees dans la pile: 9
Nombre de Tile traversees: 3983  Distance est: 551
Nombre de Tile ajoutees dans la pile: 9
Nombre de Tile traversees: 3984  Distance est: 551
Nombre de Tile ajoutees dans la pile: 9
Nombre de Tile traversees: 3985  Distance est: 551
Nombre de Tile ajoutees dans la pile: 9
Nombre de Tile traversees: 3986  Distance est: 551
Nombre de Tile ajoutees dans la pile: 8
Nombre de Tile traversees: 3987  Distance est: 551
Nombre de Tile ajoutees dans la pile: 8
Nombre de Tile traversees: 3988  Distance est: 551
Nombre de Tile ajoutees dans la pile: 9
Nombre de Tile traversees: 3989  Distance est: 551
Nombre de Tile ajoutees dans la pile: 9
Nombre de Tile traversees: 3990  Distance est: 551
Nombre de Tile ajoutees dans la pile: 9
Nombre de Tile traversees: 3991  Distance est: 551
Nombre de Tile ajoutees dans la pile: 9
Nombre de Tile traversees: 3992  Distance est: 552
Nombre de Tile ajoutees dans la pile: 9
Nombre de Tile traversees: 3993  Distance est: 552
Nombre de Tile ajoutees dans la pile: 9
Nombre de Tile traversees: 3994  Distance est: 552
Nombre de Tile ajoutees dans la pile: 9
Nombre de Tile traversees: 3995  Distance est: 552
Nombre de Tile ajoutees dans la pile: 9
Nombre de Tile traversees: 3996  Distance est: 552
Nombre de Tile ajoutees dans la pile: 10
Nombre de Tile traversees: 3997  Distance est: 552
Nombre de Tile ajoutees dans la pile: 10
Nombre de Tile traversees: 3998  Distance est: 552
Nombre de Tile ajoutees dans la pile: 10
Nombre de Tile traversees: 3999  Distance est: 552
Nombre de Tile ajoutees dans la pile: 10
Nombre de Tile traversees: 4000  Distance est: 552
Nombre de Tile ajoutees dans la pile: 10
Nombre de Tile traversees: 4001  Distance est: 553
Nombre de Tile ajoutees dans la pile: 10
Nombre de Tile traversees: 4002  Distance est: 553
Nombre de Tile ajoutees dans la pile: 11
Nombre de Tile traversees: 4003  Distance est: 553
Nombre de Tile ajoutees dans la pile: 11
Nombre de Tile traversees: 4004  Distance est: 553
Nombre de Tile ajoutees dans la pile: 11
Nombre de Tile traversees: 4005  Distance est: 553
Nombre de Tile ajoutees dans la pile: 11
Nombre de Tile traversees: 4006  Distance est: 553
Nombre de Tile ajoutees dans la pile: 10
Nombre de Tile traversees: 4007  Distance est: 553
Nombre de Tile ajoutees dans la pile: 9
Nombre de Tile traversees: 4008  Distance est: 553
Nombre de Tile ajoutees dans la pile: 9
Nombre de Tile traversees: 4009  Distance est: 553
Nombre de Tile ajoutees dans la pile: 9
Nombre de Tile traversees: 4010  Distance est: 553
Nombre de Tile ajoutees dans la pile: 9
Nombre de Tile traversees: 4011  Distance est: 554
Nombre de Tile ajoutees dans la pile: 9
Nombre de Tile traversees: 4012  Distance est: 554
Nombre de Tile ajoutees dans la pile: 9
Nombre de Tile traversees: 4013  Distance est: 554
Nombre de Tile ajoutees dans la pile: 9
Nombre de Tile traversees: 4014  Distance est: 554
Nombre de Tile ajoutees dans la pile: 9
Nombre de Tile traversees: 4015  Distance est: 554
Nombre de Tile ajoutees dans la pile: 9
Nombre de Tile traversees: 4016  Distance est: 554
Nombre de Tile ajoutees dans la pile: 9
Nombre de Tile traversees: 4017  Distance est: 554
Nombre de Tile ajoutees dans la pile: 9
Nombre de Tile traversees: 4018  Distance est: 554
Nombre de Tile ajoutees dans la pile: 9
Nombre de Tile traversees: 4019  Distance est: 554
Nombre de Tile ajoutees dans la pile: 9
Nombre de Tile traversees: 4020  Distance est: 555
Nombre de Tile ajoutees dans la pile: 9
Nombre de Tile traversees: 4021  Distance est: 555
Nombre de Tile ajoutees dans la pile: 9
Nombre de Tile traversees: 4022  Distance est: 555
Nombre de Tile ajoutees dans la pile: 8
Nombre de Tile traversees: 4023  Distance est: 555
Nombre de Tile ajoutees dans la pile: 8
Nombre de Tile traversees: 4024  Distance est: 555
Nombre de Tile ajoutees dans la pile: 7
Nombre de Tile traversees: 4025  Distance est: 555
Nombre de Tile ajoutees dans la pile: 7
Nombre de Tile traversees: 4026  Distance est: 555
Nombre de Tile ajoutees dans la pile: 7
Nombre de Tile traversees: 4027  Distance est: 555
Nombre de Tile ajoutees dans la pile: 7
Nombre de Tile traversees: 4028  Distance est: 555
Nombre de Tile ajoutees dans la pile: 7
Nombre de Tile traversees: 4029  Distance est: 556
Nombre de Tile ajoutees dans la pile: 7
Nombre de Tile traversees: 4030  Distance est: 556
Nombre de Tile ajoutees dans la pile: 7
Nombre de Tile traversees: 4031  Distance est: 556
Nombre de Tile ajoutees dans la pile: 7
Nombre de Tile traversees: 4032  Distance est: 556
Nombre de Tile ajoutees dans la pile: 7
Nombre de Tile traversees: 4033  Distance est: 556
Nombre de Tile ajoutees dans la pile: 7
Nombre de Tile traversees: 4034  Distance est: 556
Nombre de Tile ajoutees dans la pile: 7
Nombre de Tile traversees: 4035  Distance est: 556
Nombre de Tile ajoutees dans la pile: 7
Nombre de Tile traversees: 4036  Distance est: 557
Nombre de Tile ajoutees dans la pile: 7
Nombre de Tile traversees: 4037  Distance est: 557
Nombre de Tile ajoutees dans la pile: 7
Nombre de Tile traversees: 4038  Distance est: 557
Nombre de Tile ajoutees dans la pile: 7
Nombre de Tile traversees: 4039  Distance est: 557
Nombre de Tile ajoutees dans la pile: 7
Nombre de Tile traversees: 4040  Distance est: 557
Nombre de Tile ajoutees dans la pile: 7
Nombre de Tile traversees: 4041  Distance est: 557
Nombre de Tile ajoutees dans la pile: 7
Nombre de Tile traversees: 4042  Distance est: 557
Nombre de Tile ajoutees dans la pile: 6
Nombre de Tile traversees: 4043  Distance est: 558
Nombre de Tile ajoutees dans la pile: 6
Nombre de Tile traversees: 4044  Distance est: 558
Nombre de Tile ajoutees dans la pile: 6
Nombre de Tile traversees: 4045  Distance est: 558
Nombre de Tile ajoutees dans la pile: 6
Nombre de Tile traversees: 4046  Distance est: 558
Nombre de Tile ajoutees dans la pile: 6
Nombre de Tile traversees: 4047  Distance est: 558
Nombre de Tile ajoutees dans la pile: 6
Nombre de Tile traversees: 4048  Distance est: 558
Nombre de Tile ajoutees dans la pile: 6
Nombre de Tile traversees: 4049  Distance est: 559
Nombre de Tile ajoutees dans la pile: 6
Nombre de Tile traversees: 4050  Distance est: 559
Nombre de Tile ajoutees dans la pile: 6
Nombre de Tile traversees: 4051  Distance est: 559
Nombre de Tile ajoutees dans la pile: 5
Nombre de Tile traversees: 4052  Distance est: 559
Nombre de Tile ajoutees dans la pile: 5
Nombre de Tile traversees: 4053  Distance est: 559
Nombre de Tile ajoutees dans la pile: 4
Nombre de Tile traversees: 4054  Distance est: 559
Nombre de Tile ajoutees dans la pile: 4
Nombre de Tile traversees: 4055  Distance est: 560
Nombre de Tile ajoutees dans la pile: 4
Nombre de Tile traversees: 4056  Distance est: 560
Nombre de Tile ajoutees dans la pile: 4
Nombre de Tile traversees: 4057  Distance est: 560
Nombre de Tile ajoutees dans la pile: 4
Nombre de Tile traversees: 4058  Distance est: 560
Nombre de Tile ajoutees dans la pile: 4
Nombre de Tile traversees: 4059  Distance est: 561
Nombre de Tile ajoutees dans la pile: 4
Nombre de Tile traversees: 4060  Distance est: 561
Nombre de Tile ajoutees dans la pile: 4
Nombre de Tile traversees: 4061  Distance est: 561
Nombre de Tile ajoutees dans la pile: 4
Nombre de Tile traversees: 4062  Distance est: 561
Nombre de Tile ajoutees dans la pile: 4
Nombre de Tile traversees: 4063  Distance est: 562
Nombre de Tile ajoutees dans la pile: 3
Nombre de Tile traversees: 4064  Distance est: 562
Nombre de Tile ajoutees dans la pile: 3
Nombre de Tile traversees: 4065  Distance est: 562
Nombre de Tile ajoutees dans la pile: 3
Nombre de Tile traversees: 4066  Distance est: 563
Nombre de Tile ajoutees dans la pile: 3
Nombre de Tile traversees: 4067  Distance est: 563
Nombre de Tile ajoutees dans la pile: 4
Nombre de Tile traversees: 4068  Distance est: 563
Nombre de Tile ajoutees dans la pile: 4
Nombre de Tile traversees: 4069  Distance est: 564
Nombre de Tile ajoutees dans la pile: 4
Nombre de Tile traversees: 4070  Distance est: 564
Nombre de Tile ajoutees dans la pile: 4
Nombre de Tile traversees: 4071  Distance est: 564
Nombre de Tile ajoutees dans la pile: 4
Nombre de Tile traversees: 4072  Distance est: 564
Nombre de Tile ajoutees dans la pile: 4
Nombre de Tile traversees: 4073  Distance est: 565
Nombre de Tile ajoutees dans la pile: 4
Nombre de Tile traversees: 4074  Distance est: 565
Nombre de Tile ajoutees dans la pile: 4
Nombre de Tile traversees: 4075  Distance est: 565
Nombre de Tile ajoutees dans la pile: 3
Nombre de Tile traversees: 4076  Distance est: 565
Nombre de Tile ajoutees dans la pile: 3
Nombre de Tile traversees: 4077  Distance est: 566
Nombre de Tile ajoutees dans la pile: 3
Nombre de Tile traversees: 4078  Distance est: 566
Nombre de Tile ajoutees dans la pile: 3
Nombre de Tile traversees: 4079  Distance est: 566
Nombre de Tile ajoutees dans la pile: 3
Nombre de Tile traversees: 4080  Distance est: 567
Nombre de Tile ajoutees dans la pile: 3
Nombre de Tile traversees: 4081  Distance est: 567
Nombre de Tile ajoutees dans la pile: 3
Nombre de Tile traversees: 4082  Distance est: 567
Nombre de Tile ajoutees dans la pile: 3
Nombre de Tile traversees: 4083  Distance est: 568
Nombre de Tile ajoutees dans la pile: 4
Nombre de Tile traversees: 4084  Distance est: 568
Nombre de Tile ajoutees dans la pile: 5
Nombre de Tile traversees: 4085  Distance est: 568
Nombre de Tile ajoutees dans la pile: 5
Nombre de Tile traversees: 4086  Distance est: 568
Nombre de Tile ajoutees dans la pile: 5
Nombre de Tile traversees: 4087  Distance est: 569
Nombre de Tile ajoutees dans la pile: 5
Nombre de Tile traversees: 4088  Distance est: 569
Nombre de Tile ajoutees dans la pile: 6
Nombre de Tile traversees: 4089  Distance est: 569
Nombre de Tile ajoutees dans la pile: 5
Nombre de Tile traversees: 4090  Distance est: 569
Nombre de Tile ajoutees dans la pile: 5
Nombre de Tile traversees: 4091  Distance est: 569
Nombre de Tile ajoutees dans la pile: 5
Nombre de Tile traversees: 4092  Distance est: 570
Nombre de Tile ajoutees dans la pile: 6
Nombre de Tile traversees: 4093  Distance est: 570
Nombre de Tile ajoutees dans la pile: 7
Nombre de Tile traversees: 4094  Distance est: 570
Nombre de Tile ajoutees dans la pile: 6
Nombre de Tile traversees: 4095  Distance est: 570
Nombre de Tile ajoutees dans la pile: 7
Nombre de Tile traversees: 4096  Distance est: 570
Nombre de Tile ajoutees dans la pile: 7
Nombre de Tile traversees: 4097  Distance est: 570
Nombre de Tile ajoutees dans la pile: 7
Nombre de Tile traversees: 4098  Distance est: 571
Nombre de Tile ajoutees dans la pile: 7
Nombre de Tile traversees: 4099  Distance est: 571
Nombre de Tile ajoutees dans la pile: 7
Nombre de Tile traversees: 4100  Distance est: 571
Nombre de Tile ajoutees dans la pile: 6
Nombre de Tile traversees: 4101  Distance est: 571
Nombre de Tile ajoutees dans la pile: 7
Nombre de Tile traversees: 4102  Distance est: 571
Nombre de Tile ajoutees dans la pile: 6
Nombre de Tile traversees: 4103  Distance est: 571
Nombre de Tile ajoutees dans la pile: 6
Nombre de Tile traversees: 4104  Distance est: 571
Nombre de Tile ajoutees dans la pile: 6
Nombre de Tile traversees: 4105  Distance est: 572
Nombre de Tile ajoutees dans la pile: 6
Nombre de Tile traversees: 4106  Distance est: 572
Nombre de Tile ajoutees dans la pile: 6
Nombre de Tile traversees: 4107  Distance est: 572
Nombre de Tile ajoutees dans la pile: 7
Nombre de Tile traversees: 4108  Distance est: 572
Nombre de Tile ajoutees dans la pile: 6
Nombre de Tile traversees: 4109  Distance est: 572
Nombre de Tile ajoutees dans la pile: 6
Nombre de Tile traversees: 4110  Distance est: 572
Nombre de Tile ajoutees dans la pile: 6
Nombre de Tile traversees: 4111  Distance est: 573
Nombre de Tile ajoutees dans la pile: 7
Nombre de Tile traversees: 4112  Distance est: 573
Nombre de Tile ajoutees dans la pile: 8
Nombre de Tile traversees: 4113  Distance est: 573
Nombre de Tile ajoutees dans la pile: 8
Nombre de Tile traversees: 4114  Distance est: 573
Nombre de Tile ajoutees dans la pile: 8
Nombre de Tile traversees: 4115  Distance est: 573
Nombre de Tile ajoutees dans la pile: 8
Nombre de Tile traversees: 4116  Distance est: 573
Nombre de Tile ajoutees dans la pile: 8
Nombre de Tile traversees: 4117  Distance est: 573
Nombre de Tile ajoutees dans la pile: 9
Nombre de Tile traversees: 4118  Distance est: 574
Nombre de Tile ajoutees dans la pile: 8
Nombre de Tile traversees: 4119  Distance est: 574
Nombre de Tile ajoutees dans la pile: 8
Nombre de Tile traversees: 4120  Distance est: 574
Nombre de Tile ajoutees dans la pile: 8
Nombre de Tile traversees: 4121  Distance est: 574
Nombre de Tile ajoutees dans la pile: 8
Nombre de Tile traversees: 4122  Distance est: 574
Nombre de Tile ajoutees dans la pile: 8
Nombre de Tile traversees: 4123  Distance est: 574
Nombre de Tile ajoutees dans la pile: 9
Nombre de Tile traversees: 4124  Distance est: 574
Nombre de Tile ajoutees dans la pile: 10
Nombre de Tile traversees: 4125  Distance est: 574
Nombre de Tile ajoutees dans la pile: 11
Nombre de Tile traversees: 4126  Distance est: 575
Nombre de Tile ajoutees dans la pile: 10
Nombre de Tile traversees: 4127  Distance est: 575
Nombre de Tile ajoutees dans la pile: 10
Nombre de Tile traversees: 4128  Distance est: 575
Nombre de Tile ajoutees dans la pile: 11
Nombre de Tile traversees: 4129  Distance est: 575
Nombre de Tile ajoutees dans la pile: 11
Nombre de Tile traversees: 4130  Distance est: 575
Nombre de Tile ajoutees dans la pile: 10
Nombre de Tile traversees: 4131  Distance est: 575
Nombre de Tile ajoutees dans la pile: 11
Nombre de Tile traversees: 4132  Distance est: 575
Nombre de Tile ajoutees dans la pile: 10
Nombre de Tile traversees: 4133  Distance est: 575
Nombre de Tile ajoutees dans la pile: 11
Nombre de Tile traversees: 4134  Distance est: 575
Nombre de Tile ajoutees dans la pile: 10
Nombre de Tile traversees: 4135  Distance est: 575
Nombre de Tile ajoutees dans la pile: 10
Nombre de Tile traversees: 4136  Distance est: 576
Nombre de Tile ajoutees dans la pile: 9
Nombre de Tile traversees: 4137  Distance est: 576
Nombre de Tile ajoutees dans la pile: 9
Nombre de Tile traversees: 4138  Distance est: 576
Nombre de Tile ajoutees dans la pile: 9
Nombre de Tile traversees: 4139  Distance est: 576
Nombre de Tile ajoutees dans la pile: 9
Nombre de Tile traversees: 4140  Distance est: 576
Nombre de Tile ajoutees dans la pile: 9
Nombre de Tile traversees: 4141  Distance est: 576
Nombre de Tile ajoutees dans la pile: 10
Nombre de Tile traversees: 4142  Distance est: 576
Nombre de Tile ajoutees dans la pile: 9
Nombre de Tile traversees: 4143  Distance est: 576
Nombre de Tile ajoutees dans la pile: 10
Nombre de Tile traversees: 4144  Distance est: 576
Nombre de Tile ajoutees dans la pile: 9
Nombre de Tile traversees: 4145  Distance est: 577
Nombre de Tile ajoutees dans la pile: 9
Nombre de Tile traversees: 4146  Distance est: 577
Nombre de Tile ajoutees dans la pile: 9
Nombre de Tile traversees: 4147  Distance est: 577
Nombre de Tile ajoutees dans la pile: 9
Nombre de Tile traversees: 4148  Distance est: 577
Nombre de Tile ajoutees dans la pile: 8
Nombre de Tile traversees: 4149  Distance est: 577
Nombre de Tile ajoutees dans la pile: 8
Nombre de Tile traversees: 4150  Distance est: 577
Nombre de Tile ajoutees dans la pile: 9
Nombre de Tile traversees: 4151  Distance est: 577
Nombre de Tile ajoutees dans la pile: 8
Nombre de Tile traversees: 4152  Distance est: 577
Nombre de Tile ajoutees dans la pile: 8
Nombre de Tile traversees: 4153  Distance est: 577
Nombre de Tile ajoutees dans la pile: 7
Nombre de Tile traversees: 4154  Distance est: 578
Nombre de Tile ajoutees dans la pile: 6
Nombre de Tile traversees: 4155  Distance est: 578
Nombre de Tile ajoutees dans la pile: 6
Nombre de Tile traversees: 4156  Distance est: 578
Nombre de Tile ajoutees dans la pile: 6
Nombre de Tile traversees: 4157  Distance est: 578
Nombre de Tile ajoutees dans la pile: 6
Nombre de Tile traversees: 4158  Distance est: 578
Nombre de Tile ajoutees dans la pile: 6
Nombre de Tile traversees: 4159  Distance est: 578
Nombre de Tile ajoutees dans la pile: 6
Nombre de Tile traversees: 4160  Distance est: 579
Nombre de Tile ajoutees dans la pile: 6
Nombre de Tile traversees: 4161  Distance est: 579
Nombre de Tile ajoutees dans la pile: 6
Nombre de Tile traversees: 4162  Distance est: 579
Nombre de Tile ajoutees dans la pile: 5
Nombre de Tile traversees: 4163  Distance est: 579
Nombre de Tile ajoutees dans la pile: 5
Nombre de Tile traversees: 4164  Distance est: 579
Nombre de Tile ajoutees dans la pile: 5
Nombre de Tile traversees: 4165  Distance est: 579
Nombre de Tile ajoutees dans la pile: 5
Nombre de Tile traversees: 4166  Distance est: 580
Nombre de Tile ajoutees dans la pile: 5
Nombre de Tile traversees: 4167  Distance est: 580
Nombre de Tile ajoutees dans la pile: 5
Nombre de Tile traversees: 4168  Distance est: 580
Nombre de Tile ajoutees dans la pile: 5
Nombre de Tile traversees: 4169  Distance est: 580
Nombre de Tile ajoutees dans la pile: 5
Nombre de Tile traversees: 4170  Distance est: 580
Nombre de Tile ajoutees dans la pile: 5
Nombre de Tile traversees: 4171  Distance est: 581
Nombre de Tile ajoutees dans la pile: 5
Nombre de Tile traversees: 4172  Distance est: 581
Nombre de Tile ajoutees dans la pile: 5
Nombre de Tile traversees: 4173  Distance est: 581
Nombre de Tile ajoutees dans la pile: 5
Nombre de Tile traversees: 4174  Distance est: 581
Nombre de Tile ajoutees dans la pile: 5
Nombre de Tile traversees: 4175  Distance est: 581
Nombre de Tile ajoutees dans la pile: 5
Nombre de Tile traversees: 4176  Distance est: 582
Nombre de Tile ajoutees dans la pile: 5
Nombre de Tile traversees: 4177  Distance est: 582
Nombre de Tile ajoutees dans la pile: 5
Nombre de Tile traversees: 4178  Distance est: 582
Nombre de Tile ajoutees dans la pile: 5
Nombre de Tile traversees: 4179  Distance est: 582
Nombre de Tile ajoutees dans la pile: 5
Nombre de Tile traversees: 4180  Distance est: 582
Nombre de Tile ajoutees dans la pile: 5
Nombre de Tile traversees: 4181  Distance est: 583
Nombre de Tile ajoutees dans la pile: 5
Nombre de Tile traversees: 4182  Distance est: 583
Nombre de Tile ajoutees dans la pile: 5
Nombre de Tile traversees: 4183  Distance est: 583
Nombre de Tile ajoutees dans la pile: 5
Nombre de Tile traversees: 4184  Distance est: 583
Nombre de Tile ajoutees dans la pile: 5
Nombre de Tile traversees: 4185  Distance est: 583
Nombre de Tile ajoutees dans la pile: 5
Nombre de Tile traversees: 4186  Distance est: 584
Nombre de Tile ajoutees dans la pile: 5
Nombre de Tile traversees: 4187  Distance est: 584
Nombre de Tile ajoutees dans la pile: 5
Nombre de Tile traversees: 4188  Distance est: 584
Nombre de Tile ajoutees dans la pile: 5
Nombre de Tile traversees: 4189  Distance est: 584
Nombre de Tile ajoutees dans la pile: 5
Nombre de Tile traversees: 4190  Distance est: 584
Nombre de Tile ajoutees dans la pile: 5
Nombre de Tile traversees: 4191  Distance est: 585
Nombre de Tile ajoutees dans la pile: 5
Nombre de Tile traversees: 4192  Distance est: 585
Nombre de Tile ajoutees dans la pile: 5
Nombre de Tile traversees: 4193  Distance est: 585
Nombre de Tile ajoutees dans la pile: 5
Nombre de Tile traversees: 4194  Distance est: 585
Nombre de Tile ajoutees dans la pile: 5
Nombre de Tile traversees: 4195  Distance est: 585
Nombre de Tile ajoutees dans la pile: 5
Nombre de Tile traversees: 4196  Distance est: 586
Nombre de Tile ajoutees dans la pile: 5
Nombre de Tile traversees: 4197  Distance est: 586
Nombre de Tile ajoutees dans la pile: 5
Nombre de Tile traversees: 4198  Distance est: 586
Nombre de Tile ajoutees dans la pile: 5
Nombre de Tile traversees: 4199  Distance est: 586
Nombre de Tile ajoutees dans la pile: 5
Nombre de Tile traversees: 4200  Distance est: 586
Nombre de Tile ajoutees dans la pile: 5
Nombre de Tile traversees: 4201  Distance est: 587
Nombre de Tile ajoutees dans la pile: 5
Nombre de Tile traversees: 4202  Distance est: 587
Nombre de Tile ajoutees dans la pile: 5
Nombre de Tile traversees: 4203  Distance est: 587
Nombre de Tile ajoutees dans la pile: 5
Nombre de Tile traversees: 4204  Distance est: 587
Nombre de Tile ajoutees dans la pile: 4
Nombre de Tile traversees: 4205  Distance est: 587
Nombre de Tile ajoutees dans la pile: 4
Nombre de Tile traversees: 4206  Distance est: 588
Nombre de Tile ajoutees dans la pile: 4
Nombre de Tile traversees: 4207  Distance est: 588
Nombre de Tile ajoutees dans la pile: 4
Nombre de Tile traversees: 4208  Distance est: 588
Nombre de Tile ajoutees dans la pile: 4
Nombre de Tile traversees: 4209  Distance est: 588
Nombre de Tile ajoutees dans la pile: 4
Nombre de Tile traversees: 4210  Distance est: 589
Nombre de Tile ajoutees dans la pile: 4
Nombre de Tile traversees: 4211  Distance est: 589
Nombre de Tile ajoutees dans la pile: 5
Nombre de Tile traversees: 4212  Distance est: 589
Nombre de Tile ajoutees dans la pile: 5
Nombre de Tile traversees: 4213  Distance est: 589
Nombre de Tile ajoutees dans la pile: 5
Nombre de Tile traversees: 4214  Distance est: 590
Nombre de Tile ajoutees dans la pile: 5
Nombre de Tile traversees: 4215  Distance est: 590
Nombre de Tile ajoutees dans la pile: 5
Nombre de Tile traversees: 4216  Distance est: 590
Nombre de Tile ajoutees dans la pile: 5
Nombre de Tile traversees: 4217  Distance est: 590
Nombre de Tile ajoutees dans la pile: 5
Nombre de Tile traversees: 4218  Distance est: 590
Nombre de Tile ajoutees dans la pile: 5
Nombre de Tile traversees: 4219  Distance est: 591
Nombre de Tile ajoutees dans la pile: 6
Nombre de Tile traversees: 4220  Distance est: 591
Nombre de Tile ajoutees dans la pile: 6
Nombre de Tile traversees: 4221  Distance est: 591
Nombre de Tile ajoutees dans la pile: 6
Nombre de Tile traversees: 4222  Distance est: 591
Nombre de Tile ajoutees dans la pile: 6
Nombre de Tile traversees: 4223  Distance est: 591
Nombre de Tile ajoutees dans la pile: 6
Nombre de Tile traversees: 4224  Distance est: 591
Nombre de Tile ajoutees dans la pile: 7
Nombre de Tile traversees: 4225  Distance est: 592
Nombre de Tile ajoutees dans la pile: 7
Nombre de Tile traversees: 4226  Distance est: 592
Nombre de Tile ajoutees dans la pile: 7
Nombre de Tile traversees: 4227  Distance est: 592
Nombre de Tile ajoutees dans la pile: 7
Nombre de Tile traversees: 4228  Distance est: 592
Nombre de Tile ajoutees dans la pile: 7
Nombre de Tile traversees: 4229  Distance est: 592
Nombre de Tile ajoutees dans la pile: 7
Nombre de Tile traversees: 4230  Distance est: 592
Nombre de Tile ajoutees dans la pile: 8
Nombre de Tile traversees: 4231  Distance est: 592
Nombre de Tile ajoutees dans la pile: 7
Nombre de Tile traversees: 4232  Distance est: 593
Nombre de Tile ajoutees dans la pile: 7
Nombre de Tile traversees: 4233  Distance est: 593
Nombre de Tile ajoutees dans la pile: 7
Nombre de Tile traversees: 4234  Distance est: 593
Nombre de Tile ajoutees dans la pile: 7
Nombre de Tile traversees: 4235  Distance est: 593
Nombre de Tile ajoutees dans la pile: 7
Nombre de Tile traversees: 4236  Distance est: 593
Nombre de Tile ajoutees dans la pile: 7
Nombre de Tile traversees: 4237  Distance est: 593
Nombre de Tile ajoutees dans la pile: 7
Nombre de Tile traversees: 4238  Distance est: 593
Nombre de Tile ajoutees dans la pile: 6
Nombre de Tile traversees: 4239  Distance est: 594
Nombre de Tile ajoutees dans la pile: 6
Nombre de Tile traversees: 4240  Distance est: 594
Nombre de Tile ajoutees dans la pile: 6
Nombre de Tile traversees: 4241  Distance est: 594
Nombre de Tile ajoutees dans la pile: 6
Nombre de Tile traversees: 4242  Distance est: 594
Nombre de Tile ajoutees dans la pile: 6
Nombre de Tile traversees: 4243  Distance est: 594
Nombre de Tile ajoutees dans la pile: 6
Nombre de Tile traversees: 4244  Distance est: 594
Nombre de Tile ajoutees dans la pile: 6
Nombre de Tile traversees: 4245  Distance est: 595
Nombre de Tile ajoutees dans la pile: 6
Nombre de Tile traversees: 4246  Distance est: 595
Nombre de Tile ajoutees dans la pile: 6
Nombre de Tile traversees: 4247  Distance est: 595
Nombre de Tile ajoutees dans la pile: 6
Nombre de Tile traversees: 4248  Distance est: 595
Nombre de Tile ajoutees dans la pile: 6
Nombre de Tile traversees: 4249  Distance est: 595
Nombre de Tile ajoutees dans la pile: 6
Nombre de Tile traversees: 4250  Distance est: 595
Nombre de Tile ajoutees dans la pile: 6
Nombre de Tile traversees: 4251  Distance est: 596
Nombre de Tile ajoutees dans la pile: 6
Nombre de Tile traversees: 4252  Distance est: 596
Nombre de Tile ajoutees dans la pile: 7
Nombre de Tile traversees: 4253  Distance est: 596
Nombre de Tile ajoutees dans la pile: 7
Nombre de Tile traversees: 4254  Distance est: 596
Nombre de Tile ajoutees dans la pile: 7
Nombre de Tile traversees: 4255  Distance est: 596
Nombre de Tile ajoutees dans la pile: 7
Nombre de Tile traversees: 4256  Distance est: 596
Nombre de Tile ajoutees dans la pile: 8
Nombre de Tile traversees: 4257  Distance est: 597
Nombre de Tile ajoutees dans la pile: 8
Nombre de Tile traversees: 4258  Distance est: 597
Nombre de Tile ajoutees dans la pile: 9
Nombre de Tile traversees: 4259  Distance est: 597
Nombre de Tile ajoutees dans la pile: 8
Nombre de Tile traversees: 4260  Distance est: 597
Nombre de Tile ajoutees dans la pile: 8
Nombre de Tile traversees: 4261  Distance est: 597
Nombre de Tile ajoutees dans la pile: 8
Nombre de Tile traversees: 4262  Distance est: 597
Nombre de Tile ajoutees dans la pile: 8
Nombre de Tile traversees: 4263  Distance est: 597
Nombre de Tile ajoutees dans la pile: 9
Nombre de Tile traversees: 4264  Distance est: 597
Nombre de Tile ajoutees dans la pile: 8
Nombre de Tile traversees: 4265  Distance est: 598
Nombre de Tile ajoutees dans la pile: 7
Nombre de Tile traversees: 4266  Distance est: 598
Nombre de Tile ajoutees dans la pile: 9
Nombre de Tile traversees: 4267  Distance est: 598
Nombre de Tile ajoutees dans la pile: 8
Nombre de Tile traversees: 4268  Distance est: 598
Nombre de Tile ajoutees dans la pile: 8
Nombre de Tile traversees: 4269  Distance est: 598
Nombre de Tile ajoutees dans la pile: 8
Nombre de Tile traversees: 4270  Distance est: 598
Nombre de Tile ajoutees dans la pile: 8
Nombre de Tile traversees: 4271  Distance est: 598
Nombre de Tile ajoutees dans la pile: 9
Nombre de Tile traversees: 4272  Distance est: 599
Nombre de Tile ajoutees dans la pile: 8
Nombre de Tile traversees: 4273  Distance est: 599
Nombre de Tile ajoutees dans la pile: 9
Nombre de Tile traversees: 4274  Distance est: 599
Nombre de Tile ajoutees dans la pile: 8
Nombre de Tile traversees: 4275  Distance est: 599
Nombre de Tile ajoutees dans la pile: 7
Nombre de Tile traversees: 4276  Distance est: 599
Nombre de Tile ajoutees dans la pile: 7
Nombre de Tile traversees: 4277  Distance est: 599
Nombre de Tile ajoutees dans la pile: 7
Nombre de Tile traversees: 4278  Distance est: 599
Nombre de Tile ajoutees dans la pile: 7
Nombre de Tile traversees: 4279  Distance est: 599
Nombre de Tile ajoutees dans la pile: 7
Nombre de Tile traversees: 4280  Distance est: 600
Nombre de Tile ajoutees dans la pile: 6
Nombre de Tile traversees: 4281  Distance est: 600
Nombre de Tile ajoutees dans la pile: 7
Nombre de Tile traversees: 4282  Distance est: 600
Nombre de Tile ajoutees dans la pile: 6
Nombre de Tile traversees: 4283  Distance est: 600
Nombre de Tile ajoutees dans la pile: 6
Nombre de Tile traversees: 4284  Distance est: 600
Nombre de Tile ajoutees dans la pile: 6
Nombre de Tile traversees: 4285  Distance est: 600
Nombre de Tile ajoutees dans la pile: 6
Nombre de Tile traversees: 4286  Distance est: 601
Nombre de Tile ajoutees dans la pile: 6
Nombre de Tile traversees: 4287  Distance est: 601
Nombre de Tile ajoutees dans la pile: 6
Nombre de Tile traversees: 4288  Distance est: 601
Nombre de Tile ajoutees dans la pile: 5
Nombre de Tile traversees: 4289  Distance est: 601
Nombre de Tile ajoutees dans la pile: 4
Nombre de Tile traversees: 4290  Distance est: 601
Nombre de Tile ajoutees dans la pile: 4
Nombre de Tile traversees: 4291  Distance est: 601
Nombre de Tile ajoutees dans la pile: 4
Nombre de Tile traversees: 4292  Distance est: 602
Nombre de Tile ajoutees dans la pile: 4
Nombre de Tile traversees: 4293  Distance est: 602
Nombre de Tile ajoutees dans la pile: 4
Nombre de Tile traversees: 4294  Distance est: 602
Nombre de Tile ajoutees dans la pile: 4
Nombre de Tile traversees: 4295  Distance est: 602
Nombre de Tile ajoutees dans la pile: 4
Nombre de Tile traversees: 4296  Distance est: 603
Nombre de Tile ajoutees dans la pile: 4
Nombre de Tile traversees: 4297  Distance est: 603
Nombre de Tile ajoutees dans la pile: 4
Nombre de Tile traversees: 4298  Distance est: 603
Nombre de Tile ajoutees dans la pile: 5
Nombre de Tile traversees: 4299  Distance est: 603
Nombre de Tile ajoutees dans la pile: 5
Nombre de Tile traversees: 4300  Distance est: 604
Nombre de Tile ajoutees dans la pile: 5
Nombre de Tile traversees: 4301  Distance est: 604
Nombre de Tile ajoutees dans la pile: 5
Nombre de Tile traversees: 4302  Distance est: 604
Nombre de Tile ajoutees dans la pile: 5
Nombre de Tile traversees: 4303  Distance est: 604
Nombre de Tile ajoutees dans la pile: 5
Nombre de Tile traversees: 4304  Distance est: 604
Nombre de Tile ajoutees dans la pile: 5
Nombre de Tile traversees: 4305  Distance est: 605
Nombre de Tile ajoutees dans la pile: 5
Nombre de Tile traversees: 4306  Distance est: 605
Nombre de Tile ajoutees dans la pile: 5
Nombre de Tile traversees: 4307  Distance est: 605
Nombre de Tile ajoutees dans la pile: 5
Nombre de Tile traversees: 4308  Distance est: 605
Nombre de Tile ajoutees dans la pile: 6
Nombre de Tile traversees: 4309  Distance est: 605
Nombre de Tile ajoutees dans la pile: 6
Nombre de Tile traversees: 4310  Distance est: 606
Nombre de Tile ajoutees dans la pile: 6
Nombre de Tile traversees: 4311  Distance est: 606
Nombre de Tile ajoutees dans la pile: 6
Nombre de Tile traversees: 4312  Distance est: 606
Nombre de Tile ajoutees dans la pile: 6
Nombre de Tile traversees: 4313  Distance est: 606
Nombre de Tile ajoutees dans la pile: 6
Nombre de Tile traversees: 4314  Distance est: 606
Nombre de Tile ajoutees dans la pile: 6
Nombre de Tile traversees: 4315  Distance est: 606
Nombre de Tile ajoutees dans la pile: 6
Nombre de Tile traversees: 4316  Distance est: 607
Nombre de Tile ajoutees dans la pile: 6
Nombre de Tile traversees: 4317  Distance est: 607
Nombre de Tile ajoutees dans la pile: 6
Nombre de Tile traversees: 4318  Distance est: 607
Nombre de Tile ajoutees dans la pile: 6
Nombre de Tile traversees: 4319  Distance est: 607
Nombre de Tile ajoutees dans la pile: 5
Nombre de Tile traversees: 4320  Distance est: 607
Nombre de Tile ajoutees dans la pile: 6
Nombre de Tile traversees: 4321  Distance est: 607
Nombre de Tile ajoutees dans la pile: 6
Nombre de Tile traversees: 4322  Distance est: 608
Nombre de Tile ajoutees dans la pile: 6
Nombre de Tile traversees: 4323  Distance est: 608
Nombre de Tile ajoutees dans la pile: 6
Nombre de Tile traversees: 4324  Distance est: 608
Nombre de Tile ajoutees dans la pile: 6
Nombre de Tile traversees: 4325  Distance est: 608
Nombre de Tile ajoutees dans la pile: 6
Nombre de Tile traversees: 4326  Distance est: 608
Nombre de Tile ajoutees dans la pile: 6
Nombre de Tile traversees: 4327  Distance est: 608
Nombre de Tile ajoutees dans la pile: 6
Nombre de Tile traversees: 4328  Distance est: 609
Nombre de Tile ajoutees dans la pile: 6
Nombre de Tile traversees: 4329  Distance est: 609
Nombre de Tile ajoutees dans la pile: 6
Nombre de Tile traversees: 4330  Distance est: 609
Nombre de Tile ajoutees dans la pile: 7
Nombre de Tile traversees: 4331  Distance est: 609
Nombre de Tile ajoutees dans la pile: 7
Nombre de Tile traversees: 4332  Distance est: 609
Nombre de Tile ajoutees dans la pile: 7
Nombre de Tile traversees: 4333  Distance est: 609
Nombre de Tile ajoutees dans la pile: 7
Nombre de Tile traversees: 4334  Distance est: 610
Nombre de Tile ajoutees dans la pile: 8
Nombre de Tile traversees: 4335  Distance est: 610
Nombre de Tile ajoutees dans la pile: 8
Nombre de Tile traversees: 4336  Distance est: 610
Nombre de Tile ajoutees dans la pile: 8
Nombre de Tile traversees: 4337  Distance est: 610
Nombre de Tile ajoutees dans la pile: 8
Nombre de Tile traversees: 4338  Distance est: 610
Nombre de Tile ajoutees dans la pile: 9
Nombre de Tile traversees: 4339  Distance est: 610
Nombre de Tile ajoutees dans la pile: 9
Nombre de Tile traversees: 4340  Distance est: 610
Nombre de Tile ajoutees dans la pile: 9
Nombre de Tile traversees: 4341  Distance est: 610
Nombre de Tile ajoutees dans la pile: 10
Nombre de Tile traversees: 4342  Distance est: 611
Nombre de Tile ajoutees dans la pile: 10
Nombre de Tile traversees: 4343  Distance est: 611
Nombre de Tile ajoutees dans la pile: 10
Nombre de Tile traversees: 4344  Distance est: 611
Nombre de Tile ajoutees dans la pile: 10
Nombre de Tile traversees: 4345  Distance est: 611
Nombre de Tile ajoutees dans la pile: 10
Nombre de Tile traversees: 4346  Distance est: 611
Nombre de Tile ajoutees dans la pile: 11
Nombre de Tile traversees: 4347  Distance est: 611
Nombre de Tile ajoutees dans la pile: 10
Nombre de Tile traversees: 4348  Distance est: 611
Nombre de Tile ajoutees dans la pile: 9
Nombre de Tile traversees: 4349  Distance est: 611
Nombre de Tile ajoutees dans la pile: 10
Nombre de Tile traversees: 4350  Distance est: 611
Nombre de Tile ajoutees dans la pile: 11
Nombre de Tile traversees: 4351  Distance est: 611
Nombre de Tile ajoutees dans la pile: 10
Nombre de Tile traversees: 4352  Distance est: 612
Nombre de Tile ajoutees dans la pile: 10
Nombre de Tile traversees: 4353  Distance est: 612
Nombre de Tile ajoutees dans la pile: 10
Nombre de Tile traversees: 4354  Distance est: 612
Nombre de Tile ajoutees dans la pile: 10
Nombre de Tile traversees: 4355  Distance est: 612
Nombre de Tile ajoutees dans la pile: 10
Nombre de Tile traversees: 4356  Distance est: 612
Nombre de Tile ajoutees dans la pile: 11
Nombre de Tile traversees: 4357  Distance est: 612
Nombre de Tile ajoutees dans la pile: 10
Nombre de Tile traversees: 4358  Distance est: 612
Nombre de Tile ajoutees dans la pile: 10
Nombre de Tile traversees: 4359  Distance est: 612
Nombre de Tile ajoutees dans la pile: 10
Nombre de Tile traversees: 4360  Distance est: 612
Nombre de Tile ajoutees dans la pile: 10
Nombre de Tile traversees: 4361  Distance est: 612
Nombre de Tile ajoutees dans la pile: 10
Nombre de Tile traversees: 4362  Distance est: 613
Nombre de Tile ajoutees dans la pile: 10
Nombre de Tile traversees: 4363  Distance est: 613
Nombre de Tile ajoutees dans la pile: 9
Nombre de Tile traversees: 4364  Distance est: 613
Nombre de Tile ajoutees dans la pile: 9
Nombre de Tile traversees: 4365  Distance est: 613
Nombre de Tile ajoutees dans la pile: 9
Nombre de Tile traversees: 4366  Distance est: 613
Nombre de Tile ajoutees dans la pile: 9
Nombre de Tile traversees: 4367  Distance est: 613
Nombre de Tile ajoutees dans la pile: 8
Nombre de Tile traversees: 4368  Distance est: 613
Nombre de Tile ajoutees dans la pile: 8
Nombre de Tile traversees: 4369  Distance est: 613
Nombre de Tile ajoutees dans la pile: 8
Nombre de Tile traversees: 4370  Distance est: 613
Nombre de Tile ajoutees dans la pile: 8
Nombre de Tile traversees: 4371  Distance est: 613
Nombre de Tile ajoutees dans la pile: 8
Nombre de Tile traversees: 4372  Distance est: 614
Nombre de Tile ajoutees dans la pile: 8
Nombre de Tile traversees: 4373  Distance est: 614
Nombre de Tile ajoutees dans la pile: 8
Nombre de Tile traversees: 4374  Distance est: 614
Nombre de Tile ajoutees dans la pile: 8
Nombre de Tile traversees: 4375  Distance est: 614
Nombre de Tile ajoutees dans la pile: 8
Nombre de Tile traversees: 4376  Distance est: 614
Nombre de Tile ajoutees dans la pile: 8
Nombre de Tile traversees: 4377  Distance est: 614
Nombre de Tile ajoutees dans la pile: 8
Nombre de Tile traversees: 4378  Distance est: 614
Nombre de Tile ajoutees dans la pile: 8
Nombre de Tile traversees: 4379  Distance est: 614
Nombre de Tile ajoutees dans la pile: 8
Nombre de Tile traversees: 4380  Distance est: 615
Nombre de Tile ajoutees dans la pile: 8
Nombre de Tile traversees: 4381  Distance est: 615
Nombre de Tile ajoutees dans la pile: 8
Nombre de Tile traversees: 4382  Distance est: 615
Nombre de Tile ajoutees dans la pile: 8
Nombre de Tile traversees: 4383  Distance est: 615
Nombre de Tile ajoutees dans la pile: 8
Nombre de Tile traversees: 4384  Distance est: 615
Nombre de Tile ajoutees dans la pile: 8
Nombre de Tile traversees: 4385  Distance est: 615
Nombre de Tile ajoutees dans la pile: 8
Nombre de Tile traversees: 4386  Distance est: 615
Nombre de Tile ajoutees dans la pile: 8
Nombre de Tile traversees: 4387  Distance est: 615
Nombre de Tile ajoutees dans la pile: 8
Nombre de Tile traversees: 4388  Distance est: 616
Nombre de Tile ajoutees dans la pile: 8
Nombre de Tile traversees: 4389  Distance est: 616
Nombre de Tile ajoutees dans la pile: 8
Nombre de Tile traversees: 4390  Distance est: 616
Nombre de Tile ajoutees dans la pile: 8
Nombre de Tile traversees: 4391  Distance est: 616
Nombre de Tile ajoutees dans la pile: 8
Nombre de Tile traversees: 4392  Distance est: 616
Nombre de Tile ajoutees dans la pile: 8
Nombre de Tile traversees: 4393  Distance est: 616
Nombre de Tile ajoutees dans la pile: 8
Nombre de Tile traversees: 4394  Distance est: 616
Nombre de Tile ajoutees dans la pile: 8
Nombre de Tile traversees: 4395  Distance est: 616
Nombre de Tile ajoutees dans la pile: 8
Nombre de Tile traversees: 4396  Distance est: 617
Nombre de Tile ajoutees dans la pile: 8
Nombre de Tile traversees: 4397  Distance est: 617
Nombre de Tile ajoutees dans la pile: 8
Nombre de Tile traversees: 4398  Distance est: 617
Nombre de Tile ajoutees dans la pile: 8
Nombre de Tile traversees: 4399  Distance est: 617
Nombre de Tile ajoutees dans la pile: 8
Nombre de Tile traversees: 4400  Distance est: 617
Nombre de Tile ajoutees dans la pile: 8
Nombre de Tile traversees: 4401  Distance est: 617
Nombre de Tile ajoutees dans la pile: 8
Nombre de Tile traversees: 4402  Distance est: 617
Nombre de Tile ajoutees dans la pile: 9
Nombre de Tile traversees: 4403  Distance est: 617
Nombre de Tile ajoutees dans la pile: 9
Nombre de Tile traversees: 4404  Distance est: 618
Nombre de Tile ajoutees dans la pile: 9
Nombre de Tile traversees: 4405  Distance est: 618
Nombre de Tile ajoutees dans la pile: 9
Nombre de Tile traversees: 4406  Distance est: 618
Nombre de Tile ajoutees dans la pile: 10
Nombre de Tile traversees: 4407  Distance est: 618
Nombre de Tile ajoutees dans la pile: 10
Nombre de Tile traversees: 4408  Distance est: 618
Nombre de Tile ajoutees dans la pile: 10
Nombre de Tile traversees: 4409  Distance est: 618
Nombre de Tile ajoutees dans la pile: 10
Nombre de Tile traversees: 4410  Distance est: 618
Nombre de Tile ajoutees dans la pile: 11
Nombre de Tile traversees: 4411  Distance est: 618
Nombre de Tile ajoutees dans la pile: 11
Nombre de Tile traversees: 4412  Distance est: 618
Nombre de Tile ajoutees dans la pile: 11
Nombre de Tile traversees: 4413  Distance est: 619
Nombre de Tile ajoutees dans la pile: 11
Nombre de Tile traversees: 4414  Distance est: 619
Nombre de Tile ajoutees dans la pile: 12
Nombre de Tile traversees: 4415  Distance est: 619
Nombre de Tile ajoutees dans la pile: 13
Nombre de Tile traversees: 4416  Distance est: 619
Nombre de Tile ajoutees dans la pile: 13
Nombre de Tile traversees: 4417  Distance est: 619
Nombre de Tile ajoutees dans la pile: 13
Nombre de Tile traversees: 4418  Distance est: 619
Nombre de Tile ajoutees dans la pile: 12
Nombre de Tile traversees: 4419  Distance est: 619
Nombre de Tile ajoutees dans la pile: 12
Nombre de Tile traversees: 4420  Distance est: 619
Nombre de Tile ajoutees dans la pile: 12
Nombre de Tile traversees: 4421  Distance est: 619
Nombre de Tile ajoutees dans la pile: 11
Nombre de Tile traversees: 4422  Distance est: 619
Nombre de Tile ajoutees dans la pile: 10
Nombre de Tile traversees: 4423  Distance est: 619
Nombre de Tile ajoutees dans la pile: 10
Nombre de Tile traversees: 4424  Distance est: 620
Nombre de Tile ajoutees dans la pile: 10
Nombre de Tile traversees: 4425  Distance est: 620
Nombre de Tile ajoutees dans la pile: 10
Nombre de Tile traversees: 4426  Distance est: 620
Nombre de Tile ajoutees dans la pile: 10
Nombre de Tile traversees: 4427  Distance est: 620
Nombre de Tile ajoutees dans la pile: 11
Nombre de Tile traversees: 4428  Distance est: 620
Nombre de Tile ajoutees dans la pile: 10
Nombre de Tile traversees: 4429  Distance est: 620
Nombre de Tile ajoutees dans la pile: 10
Nombre de Tile traversees: 4430  Distance est: 620
Nombre de Tile ajoutees dans la pile: 10
Nombre de Tile traversees: 4431  Distance est: 620
Nombre de Tile ajoutees dans la pile: 10
Nombre de Tile traversees: 4432  Distance est: 620
Nombre de Tile ajoutees dans la pile: 10
Nombre de Tile traversees: 4433  Distance est: 620
Nombre de Tile ajoutees dans la pile: 10
Nombre de Tile traversees: 4434  Distance est: 621
Nombre de Tile ajoutees dans la pile: 10
Nombre de Tile traversees: 4435  Distance est: 621
Nombre de Tile ajoutees dans la pile: 10
Nombre de Tile traversees: 4436  Distance est: 621
Nombre de Tile ajoutees dans la pile: 10
Nombre de Tile traversees: 4437  Distance est: 621
Nombre de Tile ajoutees dans la pile: 10
Nombre de Tile traversees: 4438  Distance est: 621
Nombre de Tile ajoutees dans la pile: 10
Nombre de Tile traversees: 4439  Distance est: 621
Nombre de Tile ajoutees dans la pile: 9
Nombre de Tile traversees: 4440  Distance est: 621
Nombre de Tile ajoutees dans la pile: 9
Nombre de Tile traversees: 4441  Distance est: 621
Nombre de Tile ajoutees dans la pile: 9
Nombre de Tile traversees: 4442  Distance est: 621
Nombre de Tile ajoutees dans la pile: 9
Nombre de Tile traversees: 4443  Distance est: 621
Nombre de Tile ajoutees dans la pile: 9
Nombre de Tile traversees: 4444  Distance est: 622
Nombre de Tile ajoutees dans la pile: 9
Nombre de Tile traversees: 4445  Distance est: 622
Nombre de Tile ajoutees dans la pile: 9
Nombre de Tile traversees: 4446  Distance est: 622
Nombre de Tile ajoutees dans la pile: 9
Nombre de Tile traversees: 4447  Distance est: 622
Nombre de Tile ajoutees dans la pile: 9
Nombre de Tile traversees: 4448  Distance est: 622
Nombre de Tile ajoutees dans la pile: 9
Nombre de Tile traversees: 4449  Distance est: 622
Nombre de Tile ajoutees dans la pile: 9
Nombre de Tile traversees: 4450  Distance est: 622
Nombre de Tile ajoutees dans la pile: 9
Nombre de Tile traversees: 4451  Distance est: 622
Nombre de Tile ajoutees dans la pile: 9
Nombre de Tile traversees: 4452  Distance est: 622
Nombre de Tile ajoutees dans la pile: 9
Nombre de Tile traversees: 4453  Distance est: 623
Nombre de Tile ajoutees dans la pile: 9
Nombre de Tile traversees: 4454  Distance est: 623
Nombre de Tile ajoutees dans la pile: 9
Nombre de Tile traversees: 4455  Distance est: 623
Nombre de Tile ajoutees dans la pile: 9
Nombre de Tile traversees: 4456  Distance est: 623
Nombre de Tile ajoutees dans la pile: 9
Nombre de Tile traversees: 4457  Distance est: 623
Nombre de Tile ajoutees dans la pile: 9
Nombre de Tile traversees: 4458  Distance est: 623
Nombre de Tile ajoutees dans la pile: 9
Nombre de Tile traversees: 4459  Distance est: 623
Nombre de Tile ajoutees dans la pile: 9
Nombre de Tile traversees: 4460  Distance est: 623
Nombre de Tile ajoutees dans la pile: 9
Nombre de Tile traversees: 4461  Distance est: 623
Nombre de Tile ajoutees dans la pile: 10
Nombre de Tile traversees: 4462  Distance est: 624
Nombre de Tile ajoutees dans la pile: 10
Nombre de Tile traversees: 4463  Distance est: 624
Nombre de Tile ajoutees dans la pile: 10
Nombre de Tile traversees: 4464  Distance est: 624
Nombre de Tile ajoutees dans la pile: 10
Nombre de Tile traversees: 4465  Distance est: 624
Nombre de Tile ajoutees dans la pile: 10
Nombre de Tile traversees: 4466  Distance est: 624
Nombre de Tile ajoutees dans la pile: 10
Nombre de Tile traversees: 4467  Distance est: 624
Nombre de Tile ajoutees dans la pile: 10
Nombre de Tile traversees: 4468  Distance est: 624
Nombre de Tile ajoutees dans la pile: 10
Nombre de Tile traversees: 4469  Distance est: 624
Nombre de Tile ajoutees dans la pile: 10
Nombre de Tile traversees: 4470  Distance est: 624
Nombre de Tile ajoutees dans la pile: 10
Nombre de Tile traversees: 4471  Distance est: 624
Nombre de Tile ajoutees dans la pile: 10
Nombre de Tile traversees: 4472  Distance est: 625
Nombre de Tile ajoutees dans la pile: 10
Nombre de Tile traversees: 4473  Distance est: 625
Nombre de Tile ajoutees dans la pile: 10
Nombre de Tile traversees: 4474  Distance est: 625
Nombre de Tile ajoutees dans la pile: 10
Nombre de Tile traversees: 4475  Distance est: 625
Nombre de Tile ajoutees dans la pile: 10
Nombre de Tile traversees: 4476  Distance est: 625
Nombre de Tile ajoutees dans la pile: 9
Nombre de Tile traversees: 4477  Distance est: 625
Nombre de Tile ajoutees dans la pile: 9
Nombre de Tile traversees: 4478  Distance est: 625
Nombre de Tile ajoutees dans la pile: 9
Nombre de Tile traversees: 4479  Distance est: 625
Nombre de Tile ajoutees dans la pile: 8
Nombre de Tile traversees: 4480  Distance est: 625
Nombre de Tile ajoutees dans la pile: 8
Nombre de Tile traversees: 4481  Distance est: 625
Nombre de Tile ajoutees dans la pile: 8
Nombre de Tile traversees: 4482  Distance est: 626
Nombre de Tile ajoutees dans la pile: 8
Nombre de Tile traversees: 4483  Distance est: 626
Nombre de Tile ajoutees dans la pile: 9
Nombre de Tile traversees: 4484  Distance est: 626
Nombre de Tile ajoutees dans la pile: 9
Nombre de Tile traversees: 4485  Distance est: 626
Nombre de Tile ajoutees dans la pile: 9
Nombre de Tile traversees: 4486  Distance est: 626
Nombre de Tile ajoutees dans la pile: 9
Nombre de Tile traversees: 4487  Distance est: 626
Nombre de Tile ajoutees dans la pile: 9
Nombre de Tile traversees: 4488  Distance est: 626
Nombre de Tile ajoutees dans la pile: 9
Nombre de Tile traversees: 4489  Distance est: 626
Nombre de Tile ajoutees dans la pile: 9
Nombre de Tile traversees: 4490  Distance est: 627
Nombre de Tile ajoutees dans la pile: 9
Nombre de Tile traversees: 4491  Distance est: 627
Nombre de Tile ajoutees dans la pile: 10
Nombre de Tile traversees: 4492  Distance est: 627
Nombre de Tile ajoutees dans la pile: 9
Nombre de Tile traversees: 4493  Distance est: 627
Nombre de Tile ajoutees dans la pile: 9
Nombre de Tile traversees: 4494  Distance est: 627
Nombre de Tile ajoutees dans la pile: 8
Nombre de Tile traversees: 4495  Distance est: 627
Nombre de Tile ajoutees dans la pile: 8
Nombre de Tile traversees: 4496  Distance est: 627
Nombre de Tile ajoutees dans la pile: 8
Nombre de Tile traversees: 4497  Distance est: 627
Nombre de Tile ajoutees dans la pile: 7
Nombre de Tile traversees: 4498  Distance est: 627
Nombre de Tile ajoutees dans la pile: 7
Nombre de Tile traversees: 4499  Distance est: 628
Nombre de Tile ajoutees dans la pile: 8
Nombre de Tile traversees: 4500  Distance est: 628
Nombre de Tile ajoutees dans la pile: 9
Nombre de Tile traversees: 4501  Distance est: 628
Nombre de Tile ajoutees dans la pile: 8
Nombre de Tile traversees: 4502  Distance est: 628
Nombre de Tile ajoutees dans la pile: 8
Nombre de Tile traversees: 4503  Distance est: 628
Nombre de Tile ajoutees dans la pile: 9
Nombre de Tile traversees: 4504  Distance est: 628
Nombre de Tile ajoutees dans la pile: 9
Nombre de Tile traversees: 4505  Distance est: 628
Nombre de Tile ajoutees dans la pile: 9
Nombre de Tile traversees: 4506  Distance est: 628
Nombre de Tile ajoutees dans la pile: 9
Nombre de Tile traversees: 4507  Distance est: 629
Nombre de Tile ajoutees dans la pile: 9
Nombre de Tile traversees: 4508  Distance est: 629
Nombre de Tile ajoutees dans la pile: 8
Nombre de Tile traversees: 4509  Distance est: 629
Nombre de Tile ajoutees dans la pile: 7
Nombre de Tile traversees: 4510  Distance est: 629
Nombre de Tile ajoutees dans la pile: 7
Nombre de Tile traversees: 4511  Distance est: 629
Nombre de Tile ajoutees dans la pile: 8
Nombre de Tile traversees: 4512  Distance est: 629
Nombre de Tile ajoutees dans la pile: 7
Nombre de Tile traversees: 4513  Distance est: 629
Nombre de Tile ajoutees dans la pile: 7
Nombre de Tile traversees: 4514  Distance est: 629
Nombre de Tile ajoutees dans la pile: 6
Nombre de Tile traversees: 4515  Distance est: 629
Nombre de Tile ajoutees dans la pile: 6
Nombre de Tile traversees: 4516  Distance est: 630
Nombre de Tile ajoutees dans la pile: 6
Nombre de Tile traversees: 4517  Distance est: 630
Nombre de Tile ajoutees dans la pile: 6
Nombre de Tile traversees: 4518  Distance est: 630
Nombre de Tile ajoutees dans la pile: 7
Nombre de Tile traversees: 4519  Distance est: 630
Nombre de Tile ajoutees dans la pile: 6
Nombre de Tile traversees: 4520  Distance est: 630
Nombre de Tile ajoutees dans la pile: 6
Nombre de Tile traversees: 4521  Distance est: 630
Nombre de Tile ajoutees dans la pile: 6
Nombre de Tile traversees: 4522  Distance est: 631
Nombre de Tile ajoutees dans la pile: 6
Nombre de Tile traversees: 4523  Distance est: 631
Nombre de Tile ajoutees dans la pile: 6
Nombre de Tile traversees: 4524  Distance est: 631
Nombre de Tile ajoutees dans la pile: 6
Nombre de Tile traversees: 4525  Distance est: 631
Nombre de Tile ajoutees dans la pile: 6
Nombre de Tile traversees: 4526  Distance est: 631
Nombre de Tile ajoutees dans la pile: 6
Nombre de Tile traversees: 4527  Distance est: 631
Nombre de Tile ajoutees dans la pile: 6
Nombre de Tile traversees: 4528  Distance est: 632
Nombre de Tile ajoutees dans la pile: 6
Nombre de Tile traversees: 4529  Distance est: 632
Nombre de Tile ajoutees dans la pile: 6
Nombre de Tile traversees: 4530  Distance est: 632
Nombre de Tile ajoutees dans la pile: 6
Nombre de Tile traversees: 4531  Distance est: 632
Nombre de Tile ajoutees dans la pile: 6
Nombre de Tile traversees: 4532  Distance est: 632
Nombre de Tile ajoutees dans la pile: 6
Nombre de Tile traversees: 4533  Distance est: 632
Nombre de Tile ajoutees dans la pile: 6
Nombre de Tile traversees: 4534  Distance est: 633
Nombre de Tile ajoutees dans la pile: 6
Nombre de Tile traversees: 4535  Distance est: 633
Nombre de Tile ajoutees dans la pile: 6
Nombre de Tile traversees: 4536  Distance est: 633
Nombre de Tile ajoutees dans la pile: 6
Nombre de Tile traversees: 4537  Distance est: 633
Nombre de Tile ajoutees dans la pile: 6
Nombre de Tile traversees: 4538  Distance est: 633
Nombre de Tile ajoutees dans la pile: 6
Nombre de Tile traversees: 4539  Distance est: 633
Nombre de Tile ajoutees dans la pile: 7
Nombre de Tile traversees: 4540  Distance est: 634
Nombre de Tile ajoutees dans la pile: 7
Nombre de Tile traversees: 4541  Distance est: 634
Nombre de Tile ajoutees dans la pile: 7
Nombre de Tile traversees: 4542  Distance est: 634
Nombre de Tile ajoutees dans la pile: 7
Nombre de Tile traversees: 4543  Distance est: 634
Nombre de Tile ajoutees dans la pile: 7
Nombre de Tile traversees: 4544  Distance est: 634
Nombre de Tile ajoutees dans la pile: 7
Nombre de Tile traversees: 4545  Distance est: 634
Nombre de Tile ajoutees dans la pile: 7
Nombre de Tile traversees: 4546  Distance est: 634
Nombre de Tile ajoutees dans la pile: 7
Nombre de Tile traversees: 4547  Distance est: 635
Nombre de Tile ajoutees dans la pile: 7
Nombre de Tile traversees: 4548  Distance est: 635
Nombre de Tile ajoutees dans la pile: 7
Nombre de Tile traversees: 4549  Distance est: 635
Nombre de Tile ajoutees dans la pile: 8
Nombre de Tile traversees: 4550  Distance est: 635
Nombre de Tile ajoutees dans la pile: 8
Nombre de Tile traversees: 4551  Distance est: 635
Nombre de Tile ajoutees dans la pile: 8
Nombre de Tile traversees: 4552  Distance est: 635
Nombre de Tile ajoutees dans la pile: 7
Nombre de Tile traversees: 4553  Distance est: 635
Nombre de Tile ajoutees dans la pile: 7
Nombre de Tile traversees: 4554  Distance est: 636
Nombre de Tile ajoutees dans la pile: 7
Nombre de Tile traversees: 4555  Distance est: 636
Nombre de Tile ajoutees dans la pile: 7
Nombre de Tile traversees: 4556  Distance est: 636
Nombre de Tile ajoutees dans la pile: 7
Nombre de Tile traversees: 4557  Distance est: 636
Nombre de Tile ajoutees dans la pile: 7
Nombre de Tile traversees: 4558  Distance est: 636
Nombre de Tile ajoutees dans la pile: 7
Nombre de Tile traversees: 4559  Distance est: 636
Nombre de Tile ajoutees dans la pile: 7
Nombre de Tile traversees: 4560  Distance est: 636
Nombre de Tile ajoutees dans la pile: 7
Nombre de Tile traversees: 4561  Distance est: 637
Nombre de Tile ajoutees dans la pile: 7
Nombre de Tile traversees: 4562  Distance est: 637
Nombre de Tile ajoutees dans la pile: 7
Nombre de Tile traversees: 4563  Distance est: 637
Nombre de Tile ajoutees dans la pile: 8
Nombre de Tile traversees: 4564  Distance est: 637
Nombre de Tile ajoutees dans la pile: 8
Nombre de Tile traversees: 4565  Distance est: 637
Nombre de Tile ajoutees dans la pile: 8
Nombre de Tile traversees: 4566  Distance est: 637
Nombre de Tile ajoutees dans la pile: 9
Nombre de Tile traversees: 4567  Distance est: 637
Nombre de Tile ajoutees dans la pile: 9
Nombre de Tile traversees: 4568  Distance est: 638
Nombre de Tile ajoutees dans la pile: 9
Nombre de Tile traversees: 4569  Distance est: 638
Nombre de Tile ajoutees dans la pile: 9
Nombre de Tile traversees: 4570  Distance est: 638
Nombre de Tile ajoutees dans la pile: 9
Nombre de Tile traversees: 4571  Distance est: 638
Nombre de Tile ajoutees dans la pile: 9
Nombre de Tile traversees: 4572  Distance est: 638
Nombre de Tile ajoutees dans la pile: 9
Nombre de Tile traversees: 4573  Distance est: 638
Nombre de Tile ajoutees dans la pile: 9
Nombre de Tile traversees: 4574  Distance est: 638
Nombre de Tile ajoutees dans la pile: 9
Nombre de Tile traversees: 4575  Distance est: 638
Nombre de Tile ajoutees dans la pile: 9
Nombre de Tile traversees: 4576  Distance est: 638
Nombre de Tile ajoutees dans la pile: 9
Nombre de Tile traversees: 4577  Distance est: 639
Nombre de Tile ajoutees dans la pile: 9
Nombre de Tile traversees: 4578  Distance est: 639
Nombre de Tile ajoutees dans la pile: 9
Nombre de Tile traversees: 4579  Distance est: 639
Nombre de Tile ajoutees dans la pile: 9
Nombre de Tile traversees: 4580  Distance est: 639
Nombre de Tile ajoutees dans la pile: 9
Nombre de Tile traversees: 4581  Distance est: 639
Nombre de Tile ajoutees dans la pile: 9
Nombre de Tile traversees: 4582  Distance est: 639
Nombre de Tile ajoutees dans la pile: 9
Nombre de Tile traversees: 4583  Distance est: 639
Nombre de Tile ajoutees dans la pile: 9
Nombre de Tile traversees: 4584  Distance est: 639
Nombre de Tile ajoutees dans la pile: 9
Nombre de Tile traversees: 4585  Distance est: 639
Nombre de Tile ajoutees dans la pile: 9
Nombre de Tile traversees: 4586  Distance est: 640
Nombre de Tile ajoutees dans la pile: 9
Nombre de Tile traversees: 4587  Distance est: 640
Nombre de Tile ajoutees dans la pile: 9
Nombre de Tile traversees: 4588  Distance est: 640
Nombre de Tile ajoutees dans la pile: 9
Nombre de Tile traversees: 4589  Distance est: 640
Nombre de Tile ajoutees dans la pile: 9
Nombre de Tile traversees: 4590  Distance est: 640
Nombre de Tile ajoutees dans la pile: 9
Nombre de Tile traversees: 4591  Distance est: 640
Nombre de Tile ajoutees dans la pile: 9
Nombre de Tile traversees: 4592  Distance est: 640
Nombre de Tile ajoutees dans la pile: 9
Nombre de Tile traversees: 4593  Distance est: 640
Nombre de Tile ajoutees dans la pile: 9
Nombre de Tile traversees: 4594  Distance est: 640
Nombre de Tile ajoutees dans la pile: 9
Nombre de Tile traversees: 4595  Distance est: 641
Nombre de Tile ajoutees dans la pile: 9
Nombre de Tile traversees: 4596  Distance est: 641
Nombre de Tile ajoutees dans la pile: 9
Nombre de Tile traversees: 4597  Distance est: 641
Nombre de Tile ajoutees dans la pile: 9
Nombre de Tile traversees: 4598  Distance est: 641
Nombre de Tile ajoutees dans la pile: 9
Nombre de Tile traversees: 4599  Distance est: 641
Nombre de Tile ajoutees dans la pile: 9
Nombre de Tile traversees: 4600  Distance est: 641
Nombre de Tile ajoutees dans la pile: 9
Nombre de Tile traversees: 4601  Distance est: 641
Nombre de Tile ajoutees dans la pile: 9
Nombre de Tile traversees: 4602  Distance est: 641
Nombre de Tile ajoutees dans la pile: 8
Nombre de Tile traversees: 4603  Distance est: 641
Nombre de Tile ajoutees dans la pile: 7
Nombre de Tile traversees: 4604  Distance est: 642
Nombre de Tile ajoutees dans la pile: 7
Nombre de Tile traversees: 4605  Distance est: 642
Nombre de Tile ajoutees dans la pile: 7
Nombre de Tile traversees: 4606  Distance est: 642
Nombre de Tile ajoutees dans la pile: 7
Nombre de Tile traversees: 4607  Distance est: 642
Nombre de Tile ajoutees dans la pile: 8
Nombre de Tile traversees: 4608  Distance est: 642
Nombre de Tile ajoutees dans la pile: 8
Nombre de Tile traversees: 4609  Distance est: 642
Nombre de Tile ajoutees dans la pile: 8
Nombre de Tile traversees: 4610  Distance est: 642
Nombre de Tile ajoutees dans la pile: 8
Nombre de Tile traversees: 4611  Distance est: 643
Nombre de Tile ajoutees dans la pile: 8
Nombre de Tile traversees: 4612  Distance est: 643
Nombre de Tile ajoutees dans la pile: 8
Nombre de Tile traversees: 4613  Distance est: 643
Nombre de Tile ajoutees dans la pile: 7
Nombre de Tile traversees: 4614  Distance est: 643
Nombre de Tile ajoutees dans la pile: 8
Nombre de Tile traversees: 4615  Distance est: 643
Nombre de Tile ajoutees dans la pile: 8
Nombre de Tile traversees: 4616  Distance est: 643
Nombre de Tile ajoutees dans la pile: 8
Nombre de Tile traversees: 4617  Distance est: 643
Nombre de Tile ajoutees dans la pile: 8
Nombre de Tile traversees: 4618  Distance est: 643
Nombre de Tile ajoutees dans la pile: 8
Nombre de Tile traversees: 4619  Distance est: 644
Nombre de Tile ajoutees dans la pile: 8
Nombre de Tile traversees: 4620  Distance est: 644
Nombre de Tile ajoutees dans la pile: 8
Nombre de Tile traversees: 4621  Distance est: 644
Nombre de Tile ajoutees dans la pile: 9
Nombre de Tile traversees: 4622  Distance est: 644
Nombre de Tile ajoutees dans la pile: 8
Nombre de Tile traversees: 4623  Distance est: 644
Nombre de Tile ajoutees dans la pile: 8
Nombre de Tile traversees: 4624  Distance est: 644
Nombre de Tile ajoutees dans la pile: 8
Nombre de Tile traversees: 4625  Distance est: 644
Nombre de Tile ajoutees dans la pile: 8
Nombre de Tile traversees: 4626  Distance est: 644
Nombre de Tile ajoutees dans la pile: 8
Nombre de Tile traversees: 4627  Distance est: 645
Nombre de Tile ajoutees dans la pile: 9
Nombre de Tile traversees: 4628  Distance est: 645
Nombre de Tile ajoutees dans la pile: 9
Nombre de Tile traversees: 4629  Distance est: 645
Nombre de Tile ajoutees dans la pile: 8
Nombre de Tile traversees: 4630  Distance est: 645
Nombre de Tile ajoutees dans la pile: 7
Nombre de Tile traversees: 4631  Distance est: 645
Nombre de Tile ajoutees dans la pile: 7
Nombre de Tile traversees: 4632  Distance est: 645
Nombre de Tile ajoutees dans la pile: 7
Nombre de Tile traversees: 4633  Distance est: 645
Nombre de Tile ajoutees dans la pile: 7
Nombre de Tile traversees: 4634  Distance est: 645
Nombre de Tile ajoutees dans la pile: 8
Nombre de Tile traversees: 4635  Distance est: 645
Nombre de Tile ajoutees dans la pile: 9
Nombre de Tile traversees: 4636  Distance est: 646
Nombre de Tile ajoutees dans la pile: 8
Nombre de Tile traversees: 4637  Distance est: 646
Nombre de Tile ajoutees dans la pile: 8
Nombre de Tile traversees: 4638  Distance est: 646
Nombre de Tile ajoutees dans la pile: 8
Nombre de Tile traversees: 4639  Distance est: 646
Nombre de Tile ajoutees dans la pile: 8
Nombre de Tile traversees: 4640  Distance est: 646
Nombre de Tile ajoutees dans la pile: 8
Nombre de Tile traversees: 4641  Distance est: 646
Nombre de Tile ajoutees dans la pile: 8
Nombre de Tile traversees: 1  Distance est: 0
Nombre de Tile ajoutees dans la pile: 1
Nombre de Tile traversees: 2  Distance est: 1
Nombre de Tile ajoutees dans la pile: 1
Nombre de Tile traversees: 3  Distance est: 2
Nombre de Tile ajoutees dans la pile: 1
Nombre de Tile traversees: 4  Distance est: 3
Nombre de Tile ajoutees dans la pile: 1
Nombre de Tile traversees: 5  Distance est: 4
Nombre de Tile ajoutees dans la pile: 2
Nombre de Tile traversees: 6  Distance est: 4
Nombre de Tile ajoutees dans la pile: 2
Nombre de Tile traversees: 7  Distance est: 5
Nombre de Tile ajoutees dans la pile: 2
Nombre de Tile traversees: 8  Distance est: 5
Nombre de Tile ajoutees dans la pile: 2
Nombre de Tile traversees: 9  Distance est: 6
Nombre de Tile ajoutees dans la pile: 2
Nombre de Tile traversees: 10  Distance est: 6
Nombre de Tile ajoutees dans la pile: 2
Nombre de Tile traversees: 11  Distance est: 7
Nombre de Tile ajoutees dans la pile: 2
Nombre de Tile traversees: 12  Distance est: 7
Nombre de Tile ajoutees dans la pile: 2
Nombre de Tile traversees: 13  Distance est: 8
Nombre de Tile ajoutees dans la pile: 2
Nombre de Tile traversees: 14  Distance est: 8
Nombre de Tile ajoutees dans la pile: 2
Nombre de Tile traversees: 15  Distance est: 9
Nombre de Tile ajoutees dans la pile: 3
Nombre de Tile traversees: 16  Distance est: 9
Nombre de Tile ajoutees dans la pile: 3
Nombre de Tile traversees: 17  Distance est: 9
Nombre de Tile ajoutees dans la pile: 4
Nombre de Tile traversees: 18  Distance est: 10
Nombre de Tile ajoutees dans la pile: 4
Nombre de Tile traversees: 19  Distance est: 10
Nombre de Tile ajoutees dans la pile: 4
Nombre de Tile traversees: 20  Distance est: 10
Nombre de Tile ajoutees dans la pile: 5
Nombre de Tile traversees: 21  Distance est: 10
Nombre de Tile ajoutees dans la pile: 4
Nombre de Tile traversees: 22  Distance est: 11
Nombre de Tile ajoutees dans la pile: 4
Nombre de Tile traversees: 23  Distance est: 11
Nombre de Tile ajoutees dans la pile: 4
Nombre de Tile traversees: 24  Distance est: 11
Nombre de Tile ajoutees dans la pile: 4
Nombre de Tile traversees: 25  Distance est: 11
Nombre de Tile ajoutees dans la pile: 3
Nombre de Tile traversees: 26  Distance est: 12
Nombre de Tile ajoutees dans la pile: 3
Nombre de Tile traversees: 27  Distance est: 12
Nombre de Tile ajoutees dans la pile: 3
Nombre de Tile traversees: 28  Distance est: 12
Nombre de Tile ajoutees dans la pile: 3
Nombre de Tile traversees: 29  Distance est: 13
Nombre de Tile ajoutees dans la pile: 4
Nombre de Tile traversees: 30  Distance est: 13
Nombre de Tile ajoutees dans la pile: 4
Nombre de Tile traversees: 31  Distance est: 13
Nombre de Tile ajoutees dans la pile: 4
Nombre de Tile traversees: 32  Distance est: 13
Nombre de Tile ajoutees dans la pile: 5
Nombre de Tile traversees: 33  Distance est: 14
Nombre de Tile ajoutees dans la pile: 4
Nombre de Tile traversees: 34  Distance est: 14
Nombre de Tile ajoutees dans la pile: 4
Nombre de Tile traversees: 35  Distance est: 14
Nombre de Tile ajoutees dans la pile: 4
Nombre de Tile traversees: 36  Distance est: 14
Nombre de Tile ajoutees dans la pile: 6
Nombre de Tile traversees: 37  Distance est: 15
Nombre de Tile ajoutees dans la pile: 5
Nombre de Tile traversees: 38  Distance est: 15
Nombre de Tile ajoutees dans la pile: 5
Nombre de Tile traversees: 39  Distance est: 15
Nombre de Tile ajoutees dans la pile: 6
Nombre de Tile traversees: 40  Distance est: 15
Nombre de Tile ajoutees dans la pile: 7
Nombre de Tile traversees: 41  Distance est: 15
Nombre de Tile ajoutees dans la pile: 7
Nombre de Tile traversees: 42  Distance est: 16
Nombre de Tile ajoutees dans la pile: 6
Nombre de Tile traversees: 43  Distance est: 16
Nombre de Tile ajoutees dans la pile: 6
Nombre de Tile traversees: 44  Distance est: 16
Nombre de Tile ajoutees dans la pile: 6
Nombre de Tile traversees: 45  Distance est: 16
Nombre de Tile ajoutees dans la pile: 6
Nombre de Tile traversees: 46  Distance est: 16
Nombre de Tile ajoutees dans la pile: 8
Nombre de Tile traversees: 47  Distance est: 16
Nombre de Tile ajoutees dans la pile: 7
Nombre de Tile traversees: 48  Distance est: 17
Nombre de Tile ajoutees dans la pile: 7
Nombre de Tile traversees: 49  Distance est: 17
Nombre de Tile ajoutees dans la pile: 7
Nombre de Tile traversees: 50  Distance est: 17
Nombre de Tile ajoutees dans la pile: 7
Nombre de Tile traversees: 51  Distance est: 17
Nombre de Tile ajoutees dans la pile: 7
Nombre de Tile traversees: 52  Distance est: 17
Nombre de Tile ajoutees dans la pile: 8
Nombre de Tile traversees: 53  Distance est: 17
Nombre de Tile ajoutees dans la pile: 8
Nombre de Tile traversees: 54  Distance est: 17
Nombre de Tile ajoutees dans la pile: 7
Nombre de Tile traversees: 55  Distance est: 18
Nombre de Tile ajoutees dans la pile: 6
Nombre de Tile traversees: 56  Distance est: 18
Nombre de Tile ajoutees dans la pile: 6
Nombre de Tile traversees: 57  Distance est: 18
Nombre de Tile ajoutees dans la pile: 6
Nombre de Tile traversees: 58  Distance est: 18
Nombre de Tile ajoutees dans la pile: 6
Nombre de Tile traversees: 59  Distance est: 18
Nombre de Tile ajoutees dans la pile: 7
Nombre de Tile traversees: 60  Distance est: 18
Nombre de Tile ajoutees dans la pile: 6
Nombre de Tile traversees: 61  Distance est: 19
Nombre de Tile ajoutees dans la pile: 6
Nombre de Tile traversees: 62  Distance est: 19
Nombre de Tile ajoutees dans la pile: 6
Nombre de Tile traversees: 63  Distance est: 19
Nombre de Tile ajoutees dans la pile: 7
Nombre de Tile traversees: 64  Distance est: 19
Nombre de Tile ajoutees dans la pile: 6
Nombre de Tile traversees: 65  Distance est: 19
Nombre de Tile ajoutees dans la pile: 6
Nombre de Tile traversees: 66  Distance est: 19
Nombre de Tile ajoutees dans la pile: 6
Nombre de Tile traversees: 67  Distance est: 20
Nombre de Tile ajoutees dans la pile: 6
Nombre de Tile traversees: 68  Distance est: 20
Nombre de Tile ajoutees dans la pile: 6
Nombre de Tile traversees: 69  Distance est: 20
Nombre de Tile ajoutees dans la pile: 6
Nombre de Tile traversees: 70  Distance est: 20
Nombre de Tile ajoutees dans la pile: 6
Nombre de Tile traversees: 71  Distance est: 20
Nombre de Tile ajoutees dans la pile: 6
Nombre de Tile traversees: 72  Distance est: 20
Nombre de Tile ajoutees dans la pile: 6
Nombre de Tile traversees: 73  Distance est: 21
Nombre de Tile ajoutees dans la pile: 6
Nombre de Tile traversees: 74  Distance est: 21
Nombre de Tile ajoutees dans la pile: 6
Nombre de Tile traversees: 75  Distance est: 21
Nombre de Tile ajoutees dans la pile: 6
Nombre de Tile traversees: 76  Distance est: 21
Nombre de Tile ajoutees dans la pile: 7
Nombre de Tile traversees: 77  Distance est: 21
Nombre de Tile ajoutees dans la pile: 7
Nombre de Tile traversees: 78  Distance est: 21
Nombre de Tile ajoutees dans la pile: 8
Nombre de Tile traversees: 79  Distance est: 22
Nombre de Tile ajoutees dans la pile: 7
Nombre de Tile traversees: 80  Distance est: 22
Nombre de Tile ajoutees dans la pile: 7
Nombre de Tile traversees: 81  Distance est: 22
Nombre de Tile ajoutees dans la pile: 7
Nombre de Tile traversees: 82  Distance est: 22
Nombre de Tile ajoutees dans la pile: 7
Nombre de Tile traversees: 83  Distance est: 22
Nombre de Tile ajoutees dans la pile: 7
Nombre de Tile traversees: 84  Distance est: 22
Nombre de Tile ajoutees dans la pile: 7
Nombre de Tile traversees: 85  Distance est: 22
Nombre de Tile ajoutees dans la pile: 7
Nombre de Tile traversees: 86  Distance est: 23
Nombre de Tile ajoutees dans la pile: 7
Nombre de Tile traversees: 87  Distance est: 23
Nombre de Tile ajoutees dans la pile: 7
Nombre de Tile traversees: 88  Distance est: 23
Nombre de Tile ajoutees dans la pile: 7
Nombre de Tile traversees: 89  Distance est: 23
Nombre de Tile ajoutees dans la pile: 6
Nombre de Tile traversees: 90  Distance est: 23
Nombre de Tile ajoutees dans la pile: 5
Nombre de Tile traversees: 91  Distance est: 23
Nombre de Tile ajoutees dans la pile: 5
Nombre de Tile traversees: 92  Distance est: 23
Nombre de Tile ajoutees dans la pile: 5
Nombre de Tile traversees: 93  Distance est: 24
Nombre de Tile ajoutees dans la pile: 5
Nombre de Tile traversees: 94  Distance est: 24
Nombre de Tile ajoutees dans la pile: 5
Nombre de Tile traversees: 95  Distance est: 24
Nombre de Tile ajoutees dans la pile: 6
Nombre de Tile traversees: 96  Distance est: 24
Nombre de Tile ajoutees dans la pile: 6
Nombre de Tile traversees: 97  Distance est: 24
Nombre de Tile ajoutees dans la pile: 6
Nombre de Tile traversees: 98  Distance est: 25
Nombre de Tile ajoutees dans la pile: 6
Nombre de Tile traversees: 99  Distance est: 25
Nombre de Tile ajoutees dans la pile: 6
Nombre de Tile traversees: 100  Distance est: 25
Nombre de Tile ajoutees dans la pile: 7
Nombre de Tile traversees: 101  Distance est: 25
Nombre de Tile ajoutees dans la pile: 6
Nombre de Tile traversees: 102  Distance est: 25
Nombre de Tile ajoutees dans la pile: 5
Nombre de Tile traversees: 103  Distance est: 25
Nombre de Tile ajoutees dans la pile: 6
Nombre de Tile traversees: 104  Distance est: 26
Nombre de Tile ajoutees dans la pile: 5
Nombre de Tile traversees: 105  Distance est: 26
Nombre de Tile ajoutees dans la pile: 5
Nombre de Tile traversees: 106  Distance est: 26
Nombre de Tile ajoutees dans la pile: 6
Nombre de Tile traversees: 107  Distance est: 26
Nombre de Tile ajoutees dans la pile: 5
Nombre de Tile traversees: 108  Distance est: 26
Nombre de Tile ajoutees dans la pile: 5
Nombre de Tile traversees: 109  Distance est: 27
Nombre de Tile ajoutees dans la pile: 5
Nombre de Tile traversees: 110  Distance est: 27
Nombre de Tile ajoutees dans la pile: 5
Nombre de Tile traversees: 111  Distance est: 27
Nombre de Tile ajoutees dans la pile: 5
Nombre de Tile traversees: 112  Distance est: 27
Nombre de Tile ajoutees dans la pile: 4
Nombre de Tile traversees: 113  Distance est: 27
Nombre de Tile ajoutees dans la pile: 3
Nombre de Tile traversees: 114  Distance est: 28
Nombre de Tile ajoutees dans la pile: 3
Nombre de Tile traversees: 115  Distance est: 28
Nombre de Tile ajoutees dans la pile: 3
Nombre de Tile traversees: 116  Distance est: 28
Nombre de Tile ajoutees dans la pile: 3
Nombre de Tile traversees: 117  Distance est: 29
Nombre de Tile ajoutees dans la pile: 3
Nombre de Tile traversees: 118  Distance est: 29
Nombre de Tile ajoutees dans la pile: 3
Nombre de Tile traversees: 119  Distance est: 29
Nombre de Tile ajoutees dans la pile: 3
Nombre de Tile traversees: 120  Distance est: 30
Nombre de Tile ajoutees dans la pile: 3
Nombre de Tile traversees: 121  Distance est: 30
Nombre de Tile ajoutees dans la pile: 3
Nombre de Tile traversees: 122  Distance est: 30
Nombre de Tile ajoutees dans la pile: 3
Nombre de Tile traversees: 123  Distance est: 31
Nombre de Tile ajoutees dans la pile: 3
Nombre de Tile traversees: 124  Distance est: 31
Nombre de Tile ajoutees dans la pile: 3
Nombre de Tile traversees: 125  Distance est: 31
Nombre de Tile ajoutees dans la pile: 3
Nombre de Tile traversees: 126  Distance est: 32
Nombre de Tile ajoutees dans la pile: 3
Nombre de Tile traversees: 127  Distance est: 32
Nombre de Tile ajoutees dans la pile: 3
Nombre de Tile traversees: 128  Distance est: 32
Nombre de Tile ajoutees dans la pile: 3
Nombre de Tile traversees: 129  Distance est: 33
Nombre de Tile ajoutees dans la pile: 3
Nombre de Tile traversees: 130  Distance est: 33
Nombre de Tile ajoutees dans la pile: 3
Nombre de Tile traversees: 131  Distance est: 33
Nombre de Tile ajoutees dans la pile: 3
Nombre de Tile traversees: 132  Distance est: 34
Nombre de Tile ajoutees dans la pile: 3
Nombre de Tile traversees: 133  Distance est: 34
Nombre de Tile ajoutees dans la pile: 3
Nombre de Tile traversees: 134  Distance est: 34
Nombre de Tile ajoutees dans la pile: 3
Nombre de Tile traversees: 135  Distance est: 35
Nombre de Tile ajoutees dans la pile: 3
Nombre de Tile traversees: 136  Distance est: 35
Nombre de Tile ajoutees dans la pile: 3
Nombre de Tile traversees: 137  Distance est: 35
Nombre de Tile ajoutees dans la pile: 3
Nombre de Tile traversees: 138  Distance est: 36
Nombre de Tile ajoutees dans la pile: 3
Nombre de Tile traversees: 139  Distance est: 36
Nombre de Tile ajoutees dans la pile: 3
Nombre de Tile traversees: 140  Distance est: 36
Nombre de Tile ajoutees dans la pile: 3
Nombre de Tile traversees: 141  Distance est: 37
Nombre de Tile ajoutees dans la pile: 3
Nombre de Tile traversees: 142  Distance est: 37
Nombre de Tile ajoutees dans la pile: 3
Nombre de Tile traversees: 143  Distance est: 37
Nombre de Tile ajoutees dans la pile: 3
Nombre de Tile traversees: 144  Distance est: 38
Nombre de Tile ajoutees dans la pile: 3
Nombre de Tile traversees: 145  Distance est: 38
Nombre de Tile ajoutees dans la pile: 3
Nombre de Tile traversees: 146  Distance est: 38
Nombre de Tile ajoutees dans la pile: 3
Nombre de Tile traversees: 147  Distance est: 39
Nombre de Tile ajoutees dans la pile: 3
Nombre de Tile traversees: 148  Distance est: 39
Nombre de Tile ajoutees dans la pile: 4
Nombre de Tile traversees: 149  Distance est: 39
Nombre de Tile ajoutees dans la pile: 4
Nombre de Tile traversees: 150  Distance est: 40
Nombre de Tile ajoutees dans la pile: 4
Nombre de Tile traversees: 151  Distance est: 40
Nombre de Tile ajoutees dans la pile: 4
Nombre de Tile traversees: 152  Distance est: 40
Nombre de Tile ajoutees dans la pile: 4
Nombre de Tile traversees: 153  Distance est: 40
Nombre de Tile ajoutees dans la pile: 4
Nombre de Tile traversees: 154  Distance est: 41
Nombre de Tile ajoutees dans la pile: 4
Nombre de Tile traversees: 155  Distance est: 41
Nombre de Tile ajoutees dans la pile: 5
Nombre de Tile traversees: 156  Distance est: 41
Nombre de Tile ajoutees dans la pile: 4
Nombre de Tile traversees: 157  Distance est: 41
Nombre de Tile ajoutees dans la pile: 4
Nombre de Tile traversees: 158  Distance est: 42
Nombre de Tile ajoutees dans la pile: 4
Nombre de Tile traversees: 159  Distance est: 42
Nombre de Tile ajoutees dans la pile: 4
Nombre de Tile traversees: 160  Distance est: 42
Nombre de Tile ajoutees dans la pile: 4
Nombre de Tile traversees: 161  Distance est: 42
Nombre de Tile ajoutees dans la pile: 4
Nombre de Tile traversees: 162  Distance est: 43
Nombre de Tile ajoutees dans la pile: 4
Nombre de Tile traversees: 163  Distance est: 43
Nombre de Tile ajoutees dans la pile: 4
Nombre de Tile traversees: 164  Distance est: 43
Nombre de Tile ajoutees dans la pile: 4
Nombre de Tile traversees: 165  Distance est: 43
Nombre de Tile ajoutees dans la pile: 4
Nombre de Tile traversees: 166  Distance est: 44
Nombre de Tile ajoutees dans la pile: 4
Nombre de Tile traversees: 167  Distance est: 44
Nombre de Tile ajoutees dans la pile: 4
Nombre de Tile traversees: 168  Distance est: 44
Nombre de Tile ajoutees dans la pile: 4
Nombre de Tile traversees: 169  Distance est: 44
Nombre de Tile ajoutees dans la pile: 4
Nombre de Tile traversees: 170  Distance est: 45
Nombre de Tile ajoutees dans la pile: 4
Nombre de Tile traversees: 171  Distance est: 45
Nombre de Tile ajoutees dans la pile: 4
Nombre de Tile traversees: 172  Distance est: 45
Nombre de Tile ajoutees dans la pile: 4
Nombre de Tile traversees: 173  Distance est: 45
Nombre de Tile ajoutees dans la pile: 4
Nombre de Tile traversees: 174  Distance est: 46
Nombre de Tile ajoutees dans la pile: 5
Nombre de Tile traversees: 175  Distance est: 46
Nombre de Tile ajoutees dans la pile: 5
Nombre de Tile traversees: 176  Distance est: 46
Nombre de Tile ajoutees dans la pile: 5
Nombre de Tile traversees: 177  Distance est: 46
Nombre de Tile ajoutees dans la pile: 5
Nombre de Tile traversees: 178  Distance est: 46
Nombre de Tile ajoutees dans la pile: 5
Nombre de Tile traversees: 179  Distance est: 47
Nombre de Tile ajoutees dans la pile: 5
Nombre de Tile traversees: 180  Distance est: 47
Nombre de Tile ajoutees dans la pile: 5
Nombre de Tile traversees: 181  Distance est: 47
Nombre de Tile ajoutees dans la pile: 5
Nombre de Tile traversees: 182  Distance est: 47
Nombre de Tile ajoutees dans la pile: 5
Nombre de Tile traversees: 183  Distance est: 47
Nombre de Tile ajoutees dans la pile: 5
Nombre de Tile traversees: 184  Distance est: 48
Nombre de Tile ajoutees dans la pile: 5
Nombre de Tile traversees: 185  Distance est: 48
Nombre de Tile ajoutees dans la pile: 5
Nombre de Tile traversees: 186  Distance est: 48
Nombre de Tile ajoutees dans la pile: 6
Nombre de Tile traversees: 187  Distance est: 48
Nombre de Tile ajoutees dans la pile: 6
Nombre de Tile traversees: 188  Distance est: 48
Nombre de Tile ajoutees dans la pile: 6
Nombre de Tile traversees: 189  Distance est: 49
Nombre de Tile ajoutees dans la pile: 6
Nombre de Tile traversees: 190  Distance est: 49
Nombre de Tile ajoutees dans la pile: 6
Nombre de Tile traversees: 191  Distance est: 49
Nombre de Tile ajoutees dans la pile: 7
Nombre de Tile traversees: 192  Distance est: 49
Nombre de Tile ajoutees dans la pile: 6
Nombre de Tile traversees: 193  Distance est: 49
Nombre de Tile ajoutees dans la pile: 7
Nombre de Tile traversees: 194  Distance est: 49
Nombre de Tile ajoutees dans la pile: 8
Nombre de Tile traversees: 195  Distance est: 50
Nombre de Tile ajoutees dans la pile: 8
Nombre de Tile traversees: 196  Distance est: 50
Nombre de Tile ajoutees dans la pile: 8
Nombre de Tile traversees: 197  Distance est: 50
Nombre de Tile ajoutees dans la pile: 9
Nombre de Tile traversees: 198  Distance est: 50
Nombre de Tile ajoutees dans la pile: 8
Nombre de Tile traversees: 199  Distance est: 50
Nombre de Tile ajoutees dans la pile: 8
Nombre de Tile traversees: 200  Distance est: 50
Nombre de Tile ajoutees dans la pile: 8
Nombre de Tile traversees: 201  Distance est: 50
Nombre de Tile ajoutees dans la pile: 8
Nombre de Tile traversees: 202  Distance est: 50
Nombre de Tile ajoutees dans la pile: 8
Nombre de Tile traversees: 203  Distance est: 51
Nombre de Tile ajoutees dans la pile: 8
Nombre de Tile traversees: 204  Distance est: 51
Nombre de Tile ajoutees dans la pile: 8
Nombre de Tile traversees: 205  Distance est: 51
Nombre de Tile ajoutees dans la pile: 8
Nombre de Tile traversees: 206  Distance est: 51
Nombre de Tile ajoutees dans la pile: 7
Nombre de Tile traversees: 207  Distance est: 51
Nombre de Tile ajoutees dans la pile: 8
Nombre de Tile traversees: 208  Distance est: 51
Nombre de Tile ajoutees dans la pile: 7
Nombre de Tile traversees: 209  Distance est: 51
Nombre de Tile ajoutees dans la pile: 6
Nombre de Tile traversees: 210  Distance est: 51
Nombre de Tile ajoutees dans la pile: 6
Nombre de Tile traversees: 211  Distance est: 52
Nombre de Tile ajoutees dans la pile: 6
Nombre de Tile traversees: 212  Distance est: 52
Nombre de Tile ajoutees dans la pile: 7
Nombre de Tile traversees: 213  Distance est: 52
Nombre de Tile ajoutees dans la pile: 7
Nombre de Tile traversees: 214  Distance est: 52
Nombre de Tile ajoutees dans la pile: 7
Nombre de Tile traversees: 215  Distance est: 52
Nombre de Tile ajoutees dans la pile: 7
Nombre de Tile traversees: 216  Distance est: 52
Nombre de Tile ajoutees dans la pile: 7
Nombre de Tile traversees: 217  Distance est: 53
Nombre de Tile ajoutees dans la pile: 7
Nombre de Tile traversees: 218  Distance est: 53
Nombre de Tile ajoutees dans la pile: 8
Nombre de Tile traversees: 219  Distance est: 53
Nombre de Tile ajoutees dans la pile: 7
Nombre de Tile traversees: 220  Distance est: 53
Nombre de Tile ajoutees dans la pile: 8
Nombre de Tile traversees: 221  Distance est: 53
Nombre de Tile ajoutees dans la pile: 8
Nombre de Tile traversees: 222  Distance est: 53
Nombre de Tile ajoutees dans la pile: 8
Nombre de Tile traversees: 223  Distance est: 53
Nombre de Tile ajoutees dans la pile: 8
Nombre de Tile traversees: 224  Distance est: 54
Nombre de Tile ajoutees dans la pile: 8
Nombre de Tile traversees: 225  Distance est: 54
Nombre de Tile ajoutees dans la pile: 9
Nombre de Tile traversees: 226  Distance est: 54
Nombre de Tile ajoutees dans la pile: 8
Nombre de Tile traversees: 227  Distance est: 54
Nombre de Tile ajoutees dans la pile: 8
Nombre de Tile traversees: 228  Distance est: 54
Nombre de Tile ajoutees dans la pile: 8
Nombre de Tile traversees: 229  Distance est: 54
Nombre de Tile ajoutees dans la pile: 8
Nombre de Tile traversees: 230  Distance est: 54
Nombre de Tile ajoutees dans la pile: 8
Nombre de Tile traversees: 231  Distance est: 54
Nombre de Tile ajoutees dans la pile: 8
Nombre de Tile traversees: 232  Distance est: 55
Nombre de Tile ajoutees dans la pile: 8
Nombre de Tile traversees: 233  Distance est: 55
Nombre de Tile ajoutees dans la pile: 7
Nombre de Tile traversees: 234  Distance est: 55
Nombre de Tile ajoutees dans la pile: 6
Nombre de Tile traversees: 235  Distance est: 55
Nombre de Tile ajoutees dans la pile: 7
Nombre de Tile traversees: 236  Distance est: 55
Nombre de Tile ajoutees dans la pile: 6
Nombre de Tile traversees: 237  Distance est: 55
Nombre de Tile ajoutees dans la pile: 6
Nombre de Tile traversees: 238  Distance est: 55
Nombre de Tile ajoutees dans la pile: 6
Nombre de Tile traversees: 239  Distance est: 55
Nombre de Tile ajoutees dans la pile: 7
Nombre de Tile traversees: 240  Distance est: 56
Nombre de Tile ajoutees dans la pile: 7
Nombre de Tile traversees: 241  Distance est: 56
Nombre de Tile ajoutees dans la pile: 7
Nombre de Tile traversees: 242  Distance est: 56
Nombre de Tile ajoutees dans la pile: 7
Nombre de Tile traversees: 243  Distance est: 56
Nombre de Tile ajoutees dans la pile: 7
Nombre de Tile traversees: 244  Distance est: 56
Nombre de Tile ajoutees dans la pile: 7
Nombre de Tile traversees: 245  Distance est: 56
Nombre de Tile ajoutees dans la pile: 7
Nombre de Tile traversees: 246  Distance est: 56
Nombre de Tile ajoutees dans la pile: 7
Nombre de Tile traversees: 247  Distance est: 57
Nombre de Tile ajoutees dans la pile: 7
Nombre de Tile traversees: 248  Distance est: 57
Nombre de Tile ajoutees dans la pile: 7
Nombre de Tile traversees: 249  Distance est: 57
Nombre de Tile ajoutees dans la pile: 7
Nombre de Tile traversees: 250  Distance est: 57
Nombre de Tile ajoutees dans la pile: 8
Nombre de Tile traversees: 251  Distance est: 57
Nombre de Tile ajoutees dans la pile: 8
Nombre de Tile traversees: 252  Distance est: 57
Nombre de Tile ajoutees dans la pile: 8
Nombre de Tile traversees: 253  Distance est: 57
Nombre de Tile ajoutees dans la pile: 7
Nombre de Tile traversees: 254  Distance est: 58
Nombre de Tile ajoutees dans la pile: 7
Nombre de Tile traversees: 255  Distance est: 58
Nombre de Tile ajoutees dans la pile: 7
Nombre de Tile traversees: 256  Distance est: 58
Nombre de Tile ajoutees dans la pile: 7
Nombre de Tile traversees: 257  Distance est: 58
Nombre de Tile ajoutees dans la pile: 7
Nombre de Tile traversees: 258  Distance est: 58
Nombre de Tile ajoutees dans la pile: 7
Nombre de Tile traversees: 259  Distance est: 58
Nombre de Tile ajoutees dans la pile: 7
Nombre de Tile traversees: 260  Distance est: 58
Nombre de Tile ajoutees dans la pile: 7
Nombre de Tile traversees: 261  Distance est: 59
Nombre de Tile ajoutees dans la pile: 7
Nombre de Tile traversees: 262  Distance est: 59
Nombre de Tile ajoutees dans la pile: 7
Nombre de Tile traversees: 263  Distance est: 59
Nombre de Tile ajoutees dans la pile: 7
Nombre de Tile traversees: 264  Distance est: 59
Nombre de Tile ajoutees dans la pile: 7
Nombre de Tile traversees: 265  Distance est: 59
Nombre de Tile ajoutees dans la pile: 7
Nombre de Tile traversees: 266  Distance est: 59
Nombre de Tile ajoutees dans la pile: 7
Nombre de Tile traversees: 267  Distance est: 59
Nombre de Tile ajoutees dans la pile: 7
Nombre de Tile traversees: 268  Distance est: 60
Nombre de Tile ajoutees dans la pile: 7
Nombre de Tile traversees: 269  Distance est: 60
Nombre de Tile ajoutees dans la pile: 7
Nombre de Tile traversees: 270  Distance est: 60
Nombre de Tile ajoutees dans la pile: 8
Nombre de Tile traversees: 271  Distance est: 60
Nombre de Tile ajoutees dans la pile: 8
Nombre de Tile traversees: 272  Distance est: 60
Nombre de Tile ajoutees dans la pile: 8
Nombre de Tile traversees: 273  Distance est: 60
Nombre de Tile ajoutees dans la pile: 8
Nombre de Tile traversees: 274  Distance est: 60
Nombre de Tile ajoutees dans la pile: 8
Nombre de Tile traversees: 275  Distance est: 61
Nombre de Tile ajoutees dans la pile: 8
Nombre de Tile traversees: 276  Distance est: 61
Nombre de Tile ajoutees dans la pile: 8
Nombre de Tile traversees: 277  Distance est: 61
Nombre de Tile ajoutees dans la pile: 9
Nombre de Tile traversees: 278  Distance est: 61
Nombre de Tile ajoutees dans la pile: 8
Nombre de Tile traversees: 279  Distance est: 61
Nombre de Tile ajoutees dans la pile: 8
Nombre de Tile traversees: 280  Distance est: 61
Nombre de Tile ajoutees dans la pile: 8
Nombre de Tile traversees: 281  Distance est: 61
Nombre de Tile ajoutees dans la pile: 7
Nombre de Tile traversees: 282  Distance est: 61
Nombre de Tile ajoutees dans la pile: 7
Nombre de Tile traversees: 283  Distance est: 62
Nombre de Tile ajoutees dans la pile: 6
Nombre de Tile traversees: 284  Distance est: 62
Nombre de Tile ajoutees dans la pile: 6
Nombre de Tile traversees: 285  Distance est: 62
Nombre de Tile ajoutees dans la pile: 7
Nombre de Tile traversees: 286  Distance est: 62
Nombre de Tile ajoutees dans la pile: 6
Nombre de Tile traversees: 287  Distance est: 62
Nombre de Tile ajoutees dans la pile: 7
Nombre de Tile traversees: 288  Distance est: 62
Nombre de Tile ajoutees dans la pile: 8
Nombre de Tile traversees: 289  Distance est: 63
Nombre de Tile ajoutees dans la pile: 8
Nombre de Tile traversees: 290  Distance est: 63
Nombre de Tile ajoutees dans la pile: 8
Nombre de Tile traversees: 291  Distance est: 63
Nombre de Tile ajoutees dans la pile: 8
Nombre de Tile traversees: 292  Distance est: 63
Nombre de Tile ajoutees dans la pile: 7
Nombre de Tile traversees: 293  Distance est: 63
Nombre de Tile ajoutees dans la pile: 8
Nombre de Tile traversees: 294  Distance est: 63
Nombre de Tile ajoutees dans la pile: 8
Nombre de Tile traversees: 295  Distance est: 63
Nombre de Tile ajoutees dans la pile: 9
Nombre de Tile traversees: 296  Distance est: 63
Nombre de Tile ajoutees dans la pile: 8
Nombre de Tile traversees: 297  Distance est: 64
Nombre de Tile ajoutees dans la pile: 8
Nombre de Tile traversees: 298  Distance est: 64
Nombre de Tile ajoutees dans la pile: 8
Nombre de Tile traversees: 299  Distance est: 64
Nombre de Tile ajoutees dans la pile: 8
Nombre de Tile traversees: 300  Distance est: 64
Nombre de Tile ajoutees dans la pile: 9
Nombre de Tile traversees: 301  Distance est: 64
Nombre de Tile ajoutees dans la pile: 8
Nombre de Tile traversees: 302  Distance est: 64
Nombre de Tile ajoutees dans la pile: 8
Nombre de Tile traversees: 303  Distance est: 64
Nombre de Tile ajoutees dans la pile: 9
Nombre de Tile traversees: 304  Distance est: 64
Nombre de Tile ajoutees dans la pile: 8
Nombre de Tile traversees: 305  Distance est: 65
Nombre de Tile ajoutees dans la pile: 9
Nombre de Tile traversees: 306  Distance est: 65
Nombre de Tile ajoutees dans la pile: 9
Nombre de Tile traversees: 307  Distance est: 65
Nombre de Tile ajoutees dans la pile: 10
Nombre de Tile traversees: 308  Distance est: 65
Nombre de Tile ajoutees dans la pile: 10
Nombre de Tile traversees: 309  Distance est: 65
Nombre de Tile ajoutees dans la pile: 9
Nombre de Tile traversees: 310  Distance est: 65
Nombre de Tile ajoutees dans la pile: 9
Nombre de Tile traversees: 311  Distance est: 65
Nombre de Tile ajoutees dans la pile: 9
Nombre de Tile traversees: 312  Distance est: 65
Nombre de Tile ajoutees dans la pile: 8
Nombre de Tile traversees: 313  Distance est: 65
Nombre de Tile ajoutees dans la pile: 9
Nombre de Tile traversees: 314  Distance est: 66
Nombre de Tile ajoutees dans la pile: 8
Nombre de Tile traversees: 315  Distance est: 66
Nombre de Tile ajoutees dans la pile: 8
Nombre de Tile traversees: 316  Distance est: 66
Nombre de Tile ajoutees dans la pile: 8
Nombre de Tile traversees: 317  Distance est: 66
Nombre de Tile ajoutees dans la pile: 8
Nombre de Tile traversees: 318  Distance est: 66
Nombre de Tile ajoutees dans la pile: 8
Nombre de Tile traversees: 319  Distance est: 66
Nombre de Tile ajoutees dans la pile: 8
Nombre de Tile traversees: 320  Distance est: 66
Nombre de Tile ajoutees dans la pile: 8
Nombre de Tile traversees: 321  Distance est: 66
Nombre de Tile ajoutees dans la pile: 9
Nombre de Tile traversees: 322  Distance est: 67
Nombre de Tile ajoutees dans la pile: 8
Nombre de Tile traversees: 323  Distance est: 67
Nombre de Tile ajoutees dans la pile: 8
Nombre de Tile traversees: 324  Distance est: 67
Nombre de Tile ajoutees dans la pile: 8
Nombre de Tile traversees: 325  Distance est: 67
Nombre de Tile ajoutees dans la pile: 9
Nombre de Tile traversees: 326  Distance est: 67
Nombre de Tile ajoutees dans la pile: 8
Nombre de Tile traversees: 327  Distance est: 67
Nombre de Tile ajoutees dans la pile: 8
Nombre de Tile traversees: 328  Distance est: 67
Nombre de Tile ajoutees dans la pile: 8
Nombre de Tile traversees: 329  Distance est: 67
Nombre de Tile ajoutees dans la pile: 7
Nombre de Tile traversees: 330  Distance est: 68
Nombre de Tile ajoutees dans la pile: 6
Nombre de Tile traversees: 331  Distance est: 68
Nombre de Tile ajoutees dans la pile: 6
Nombre de Tile traversees: 332  Distance est: 68
Nombre de Tile ajoutees dans la pile: 6
Nombre de Tile traversees: 333  Distance est: 68
Nombre de Tile ajoutees dans la pile: 6
Nombre de Tile traversees: 334  Distance est: 68
Nombre de Tile ajoutees dans la pile: 6
Nombre de Tile traversees: 335  Distance est: 68
Nombre de Tile ajoutees dans la pile: 6
Nombre de Tile traversees: 336  Distance est: 69
Nombre de Tile ajoutees dans la pile: 6
Nombre de Tile traversees: 337  Distance est: 69
Nombre de Tile ajoutees dans la pile: 7
Nombre de Tile traversees: 338  Distance est: 69
Nombre de Tile ajoutees dans la pile: 7
Nombre de Tile traversees: 339  Distance est: 69
Nombre de Tile ajoutees dans la pile: 7
Nombre de Tile traversees: 340  Distance est: 69
Nombre de Tile ajoutees dans la pile: 7
Nombre de Tile traversees: 341  Distance est: 69
Nombre de Tile ajoutees dans la pile: 7
Nombre de Tile traversees: 342  Distance est: 70
Nombre de Tile ajoutees dans la pile: 6
Nombre de Tile traversees: 343  Distance est: 70
Nombre de Tile ajoutees dans la pile: 6
Nombre de Tile traversees: 344  Distance est: 70
Nombre de Tile ajoutees dans la pile: 6
Nombre de Tile traversees: 345  Distance est: 70
Nombre de Tile ajoutees dans la pile: 6
Nombre de Tile traversees: 346  Distance est: 70
Nombre de Tile ajoutees dans la pile: 6
Nombre de Tile traversees: 347  Distance est: 70
Nombre de Tile ajoutees dans la pile: 6
Nombre de Tile traversees: 348  Distance est: 71
Nombre de Tile ajoutees dans la pile: 6
Nombre de Tile traversees: 349  Distance est: 71
Nombre de Tile ajoutees dans la pile: 6
Nombre de Tile traversees: 350  Distance est: 71
Nombre de Tile ajoutees dans la pile: 6
Nombre de Tile traversees: 351  Distance est: 71
Nombre de Tile ajoutees dans la pile: 5
Nombre de Tile traversees: 352  Distance est: 71
Nombre de Tile ajoutees dans la pile: 4
Nombre de Tile traversees: 353  Distance est: 71
Nombre de Tile ajoutees dans la pile: 4
Nombre de Tile traversees: 354  Distance est: 72
Nombre de Tile ajoutees dans la pile: 4
Nombre de Tile traversees: 355  Distance est: 72
Nombre de Tile ajoutees dans la pile: 4
Nombre de Tile traversees: 356  Distance est: 72
Nombre de Tile ajoutees dans la pile: 5
Nombre de Tile traversees: 357  Distance est: 72
Nombre de Tile ajoutees dans la pile: 5
Nombre de Tile traversees: 358  Distance est: 73
Nombre de Tile ajoutees dans la pile: 6
Nombre de Tile traversees: 359  Distance est: 73
Nombre de Tile ajoutees dans la pile: 6
Nombre de Tile traversees: 360  Distance est: 73
Nombre de Tile ajoutees dans la pile: 7
Nombre de Tile traversees: 361  Distance est: 73
Nombre de Tile ajoutees dans la pile: 6
Nombre de Tile traversees: 362  Distance est: 73
Nombre de Tile ajoutees dans la pile: 6
Nombre de Tile traversees: 363  Distance est: 73
Nombre de Tile ajoutees dans la pile: 7
Nombre de Tile traversees: 364  Distance est: 74
Nombre de Tile ajoutees dans la pile: 6
Nombre de Tile traversees: 365  Distance est: 74
Nombre de Tile ajoutees dans la pile: 6
Nombre de Tile traversees: 366  Distance est: 74
Nombre de Tile ajoutees dans la pile: 7
Nombre de Tile traversees: 367  Distance est: 74
Nombre de Tile ajoutees dans la pile: 6
Nombre de Tile traversees: 368  Distance est: 74
Nombre de Tile ajoutees dans la pile: 6
Nombre de Tile traversees: 369  Distance est: 74
Nombre de Tile ajoutees dans la pile: 7
Nombre de Tile traversees: 370  Distance est: 75
Nombre de Tile ajoutees dans la pile: 6
Nombre de Tile traversees: 371  Distance est: 75
Nombre de Tile ajoutees dans la pile: 6
Nombre de Tile traversees: 372  Distance est: 75
Nombre de Tile ajoutees dans la pile: 5
Nombre de Tile traversees: 373  Distance est: 75
Nombre de Tile ajoutees dans la pile: 4
Nombre de Tile traversees: 374  Distance est: 75
Nombre de Tile ajoutees dans la pile: 4
Nombre de Tile traversees: 375  Distance est: 75
Nombre de Tile ajoutees dans la pile: 4
Nombre de Tile traversees: 376  Distance est: 76
Nombre de Tile ajoutees dans la pile: 3
Nombre de Tile traversees: 377  Distance est: 76
Nombre de Tile ajoutees dans la pile: 3
Nombre de Tile traversees: 378  Distance est: 76
Nombre de Tile ajoutees dans la pile: 3
Nombre de Tile traversees: 379  Distance est: 77
Nombre de Tile ajoutees dans la pile: 3
Nombre de Tile traversees: 380  Distance est: 77
Nombre de Tile ajoutees dans la pile: 3
Nombre de Tile traversees: 381  Distance est: 77
Nombre de Tile ajoutees dans la pile: 3
Nombre de Tile traversees: 382  Distance est: 78
Nombre de Tile ajoutees dans la pile: 3
Nombre de Tile traversees: 383  Distance est: 78
Nombre de Tile ajoutees dans la pile: 3
Nombre de Tile traversees: 384  Distance est: 78
Nombre de Tile ajoutees dans la pile: 3
Nombre de Tile traversees: 385  Distance est: 79
Nombre de Tile ajoutees dans la pile: 3
Nombre de Tile traversees: 386  Distance est: 79
Nombre de Tile ajoutees dans la pile: 3
Nombre de Tile traversees: 387  Distance est: 79
Nombre de Tile ajoutees dans la pile: 3
Nombre de Tile traversees: 388  Distance est: 80
Nombre de Tile ajoutees dans la pile: 3
Nombre de Tile traversees: 389  Distance est: 80
Nombre de Tile ajoutees dans la pile: 4
Nombre de Tile traversees: 390  Distance est: 80
Nombre de Tile ajoutees dans la pile: 4
Nombre de Tile traversees: 391  Distance est: 81
Nombre de Tile ajoutees dans la pile: 4
Nombre de Tile traversees: 392  Distance est: 81
Nombre de Tile ajoutees dans la pile: 5
Nombre de Tile traversees: 393  Distance est: 81
Nombre de Tile ajoutees dans la pile: 4
Nombre de Tile traversees: 394  Distance est: 81
Nombre de Tile ajoutees dans la pile: 4
Nombre de Tile traversees: 395  Distance est: 82
Nombre de Tile ajoutees dans la pile: 4
Nombre de Tile traversees: 396  Distance est: 82
Nombre de Tile ajoutees dans la pile: 5
Nombre de Tile traversees: 397  Distance est: 82
Nombre de Tile ajoutees dans la pile: 4
Nombre de Tile traversees: 398  Distance est: 82
Nombre de Tile ajoutees dans la pile: 4
Nombre de Tile traversees: 399  Distance est: 83
Nombre de Tile ajoutees dans la pile: 4
Nombre de Tile traversees: 400  Distance est: 83
Nombre de Tile ajoutees dans la pile: 4
Nombre de Tile traversees: 401  Distance est: 83
Nombre de Tile ajoutees dans la pile: 3
Nombre de Tile traversees: 402  Distance est: 83
Nombre de Tile ajoutees dans la pile: 4
Nombre de Tile traversees: 403  Distance est: 84
Nombre de Tile ajoutees dans la pile: 4
Nombre de Tile traversees: 404  Distance est: 84
Nombre de Tile ajoutees dans la pile: 4
Nombre de Tile traversees: 405  Distance est: 84
Nombre de Tile ajoutees dans la pile: 4
Nombre de Tile traversees: 406  Distance est: 84
Nombre de Tile ajoutees dans la pile: 4
Nombre de Tile traversees: 407  Distance est: 85
Nombre de Tile ajoutees dans la pile: 4
Nombre de Tile traversees: 408  Distance est: 85
Nombre de Tile ajoutees dans la pile: 4
Nombre de Tile traversees: 409  Distance est: 85
Nombre de Tile ajoutees dans la pile: 4
Nombre de Tile traversees: 410  Distance est: 85
Nombre de Tile ajoutees dans la pile: 4
Nombre de Tile traversees: 411  Distance est: 86
Nombre de Tile ajoutees dans la pile: 4
Nombre de Tile traversees: 412  Distance est: 86
Nombre de Tile ajoutees dans la pile: 4
Nombre de Tile traversees: 413  Distance est: 86
Nombre de Tile ajoutees dans la pile: 4
Nombre de Tile traversees: 414  Distance est: 86
Nombre de Tile ajoutees dans la pile: 4
Nombre de Tile traversees: 415  Distance est: 87
Nombre de Tile ajoutees dans la pile: 4
Nombre de Tile traversees: 416  Distance est: 87
Nombre de Tile ajoutees dans la pile: 4
Nombre de Tile traversees: 417  Distance est: 87
Nombre de Tile ajoutees dans la pile: 4
Nombre de Tile traversees: 418  Distance est: 87
Nombre de Tile ajoutees dans la pile: 4
Nombre de Tile traversees: 419  Distance est: 88
Nombre de Tile ajoutees dans la pile: 4
Nombre de Tile traversees: 420  Distance est: 88
Nombre de Tile ajoutees dans la pile: 4
Nombre de Tile traversees: 421  Distance est: 88
Nombre de Tile ajoutees dans la pile: 4
Nombre de Tile traversees: 422  Distance est: 88
Nombre de Tile ajoutees dans la pile: 4
Nombre de Tile traversees: 423  Distance est: 89
Nombre de Tile ajoutees dans la pile: 4
Nombre de Tile traversees: 424  Distance est: 89
Nombre de Tile ajoutees dans la pile: 4
Nombre de Tile traversees: 425  Distance est: 89
Nombre de Tile ajoutees dans la pile: 5
Nombre de Tile traversees: 426  Distance est: 89
Nombre de Tile ajoutees dans la pile: 4
Nombre de Tile traversees: 427  Distance est: 90
Nombre de Tile ajoutees dans la pile: 4
Nombre de Tile traversees: 428  Distance est: 90
Nombre de Tile ajoutees dans la pile: 4
Nombre de Tile traversees: 429  Distance est: 90
Nombre de Tile ajoutees dans la pile: 4
Nombre de Tile traversees: 430  Distance est: 90
Nombre de Tile ajoutees dans la pile: 5
Nombre de Tile traversees: 431  Distance est: 91
Nombre de Tile ajoutees dans la pile: 5
Nombre de Tile traversees: 432  Distance est: 91
Nombre de Tile ajoutees dans la pile: 6
Nombre de Tile traversees: 433  Distance est: 91
Nombre de Tile ajoutees dans la pile: 5
Nombre de Tile traversees: 434  Distance est: 91
Nombre de Tile ajoutees dans la pile: 6
Nombre de Tile traversees: 435  Distance est: 91
Nombre de Tile ajoutees dans la pile: 5
Nombre de Tile traversees: 436  Distance est: 92
Nombre de Tile ajoutees dans la pile: 5
Nombre de Tile traversees: 437  Distance est: 92
Nombre de Tile ajoutees dans la pile: 5
Nombre de Tile traversees: 438  Distance est: 92
Nombre de Tile ajoutees dans la pile: 5
Nombre de Tile traversees: 439  Distance est: 92
Nombre de Tile ajoutees dans la pile: 6
Nombre de Tile traversees: 440  Distance est: 92
Nombre de Tile ajoutees dans la pile: 5
Nombre de Tile traversees: 441  Distance est: 93
Nombre de Tile ajoutees dans la pile: 5
Nombre de Tile traversees: 442  Distance est: 93
Nombre de Tile ajoutees dans la pile: 5
Nombre de Tile traversees: 443  Distance est: 93
Nombre de Tile ajoutees dans la pile: 5
Nombre de Tile traversees: 444  Distance est: 93
Nombre de Tile ajoutees dans la pile: 5
Nombre de Tile traversees: 445  Distance est: 93
Nombre de Tile ajoutees dans la pile: 4
Nombre de Tile traversees: 446  Distance est: 94
Nombre de Tile ajoutees dans la pile: 5
Nombre de Tile traversees: 447  Distance est: 94
Nombre de Tile ajoutees dans la pile: 5
Nombre de Tile traversees: 448  Distance est: 94
Nombre de Tile ajoutees dans la pile: 5
Nombre de Tile traversees: 449  Distance est: 94
Nombre de Tile ajoutees dans la pile: 5
Nombre de Tile traversees: 450  Distance est: 94
Nombre de Tile ajoutees dans la pile: 5
Nombre de Tile traversees: 451  Distance est: 95
Nombre de Tile ajoutees dans la pile: 5
Nombre de Tile traversees: 452  Distance est: 95
Nombre de Tile ajoutees dans la pile: 5
Nombre de Tile traversees: 453  Distance est: 95
Nombre de Tile ajoutees dans la pile: 5
Nombre de Tile traversees: 454  Distance est: 95
Nombre de Tile ajoutees dans la pile: 5
Nombre de Tile traversees: 455  Distance est: 95
Nombre de Tile ajoutees dans la pile: 5
Nombre de Tile traversees: 456  Distance est: 96
Nombre de Tile ajoutees dans la pile: 5
Nombre de Tile traversees: 457  Distance est: 96
Nombre de Tile ajoutees dans la pile: 5
Nombre de Tile traversees: 458  Distance est: 96
Nombre de Tile ajoutees dans la pile: 5
Nombre de Tile traversees: 459  Distance est: 96
Nombre de Tile ajoutees dans la pile: 5
Nombre de Tile traversees: 460  Distance est: 96
Nombre de Tile ajoutees dans la pile: 5
Nombre de Tile traversees: 461  Distance est: 97
Nombre de Tile ajoutees dans la pile: 5
Nombre de Tile traversees: 462  Distance est: 97
Nombre de Tile ajoutees dans la pile: 5
Nombre de Tile traversees: 463  Distance est: 97
Nombre de Tile ajoutees dans la pile: 5
Nombre de Tile traversees: 464  Distance est: 97
Nombre de Tile ajoutees dans la pile: 5
Nombre de Tile traversees: 465  Distance est: 97
Nombre de Tile ajoutees dans la pile: 5
Nombre de Tile traversees: 466  Distance est: 98
Nombre de Tile ajoutees dans la pile: 5
Nombre de Tile traversees: 467  Distance est: 98
Nombre de Tile ajoutees dans la pile: 5
Nombre de Tile traversees: 468  Distance est: 98
Nombre de Tile ajoutees dans la pile: 5
Nombre de Tile traversees: 469  Distance est: 98
Nombre de Tile ajoutees dans la pile: 5
Nombre de Tile traversees: 470  Distance est: 98
Nombre de Tile ajoutees dans la pile: 5
Nombre de Tile traversees: 471  Distance est: 99
Nombre de Tile ajoutees dans la pile: 5
Nombre de Tile traversees: 472  Distance est: 99
Nombre de Tile ajoutees dans la pile: 5
Nombre de Tile traversees: 473  Distance est: 99
Nombre de Tile ajoutees dans la pile: 5
Nombre de Tile traversees: 474  Distance est: 99
Nombre de Tile ajoutees dans la pile: 5
Nombre de Tile traversees: 475  Distance est: 99
Nombre de Tile ajoutees dans la pile: 5
Nombre de Tile traversees: 476  Distance est: 100
Nombre de Tile ajoutees dans la pile: 5
Nombre de Tile traversees: 477  Distance est: 100
Nombre de Tile ajoutees dans la pile: 5
Nombre de Tile traversees: 478  Distance est: 100
Nombre de Tile ajoutees dans la pile: 5
Nombre de Tile traversees: 479  Distance est: 100
Nombre de Tile ajoutees dans la pile: 5
Nombre de Tile traversees: 480  Distance est: 100
Nombre de Tile ajoutees dans la pile: 5
Nombre de Tile traversees: 481  Distance est: 101
Nombre de Tile ajoutees dans la pile: 6
Nombre de Tile traversees: 482  Distance est: 101
Nombre de Tile ajoutees dans la pile: 6
Nombre de Tile traversees: 483  Distance est: 101
Nombre de Tile ajoutees dans la pile: 6
Nombre de Tile traversees: 484  Distance est: 101
Nombre de Tile ajoutees dans la pile: 7
Nombre de Tile traversees: 485  Distance est: 101
Nombre de Tile ajoutees dans la pile: 7
Nombre de Tile traversees: 486  Distance est: 101
Nombre de Tile ajoutees dans la pile: 8
Nombre de Tile traversees: 487  Distance est: 102
Nombre de Tile ajoutees dans la pile: 7
Nombre de Tile traversees: 488  Distance est: 102
Nombre de Tile ajoutees dans la pile: 8
Nombre de Tile traversees: 489  Distance est: 102
Nombre de Tile ajoutees dans la pile: 9
Nombre de Tile traversees: 490  Distance est: 102
Nombre de Tile ajoutees dans la pile: 9
Nombre de Tile traversees: 491  Distance est: 102
Nombre de Tile ajoutees dans la pile: 9
Nombre de Tile traversees: 492  Distance est: 102
Nombre de Tile ajoutees dans la pile: 9
Nombre de Tile traversees: 493  Distance est: 102
Nombre de Tile ajoutees dans la pile: 10
Nombre de Tile traversees: 494  Distance est: 103
Nombre de Tile ajoutees dans la pile: 9
Nombre de Tile traversees: 495  Distance est: 103
Nombre de Tile ajoutees dans la pile: 10
Nombre de Tile traversees: 496  Distance est: 103
Nombre de Tile ajoutees dans la pile: 9
Nombre de Tile traversees: 497  Distance est: 103
Nombre de Tile ajoutees dans la pile: 10
Nombre de Tile traversees: 498  Distance est: 103
Nombre de Tile ajoutees dans la pile: 9
Nombre de Tile traversees: 499  Distance est: 103
Nombre de Tile ajoutees dans la pile: 9
Nombre de Tile traversees: 500  Distance est: 103
Nombre de Tile ajoutees dans la pile: 9
Nombre de Tile traversees: 501  Distance est: 103
Nombre de Tile ajoutees dans la pile: 9
Nombre de Tile traversees: 502  Distance est: 103
Nombre de Tile ajoutees dans la pile: 10
Nombre de Tile traversees: 503  Distance est: 104
Nombre de Tile ajoutees dans la pile: 10
Nombre de Tile traversees: 504  Distance est: 104
Nombre de Tile ajoutees dans la pile: 11
Nombre de Tile traversees: 505  Distance est: 104
Nombre de Tile ajoutees dans la pile: 10
Nombre de Tile traversees: 506  Distance est: 104
Nombre de Tile ajoutees dans la pile: 11
Nombre de Tile traversees: 507  Distance est: 104
Nombre de Tile ajoutees dans la pile: 10
Nombre de Tile traversees: 508  Distance est: 104
Nombre de Tile ajoutees dans la pile: 10
Nombre de Tile traversees: 509  Distance est: 104
Nombre de Tile ajoutees dans la pile: 10
Nombre de Tile traversees: 510  Distance est: 104
Nombre de Tile ajoutees dans la pile: 10
Nombre de Tile traversees: 511  Distance est: 104
Nombre de Tile ajoutees dans la pile: 11
Nombre de Tile traversees: 512  Distance est: 104
Nombre de Tile ajoutees dans la pile: 11
Nombre de Tile traversees: 513  Distance est: 105
Nombre de Tile ajoutees dans la pile: 11
Nombre de Tile traversees: 514  Distance est: 105
Nombre de Tile ajoutees dans la pile: 10
Nombre de Tile traversees: 515  Distance est: 105
Nombre de Tile ajoutees dans la pile: 9
Nombre de Tile traversees: 516  Distance est: 105
Nombre de Tile ajoutees dans la pile: 8
Nombre de Tile traversees: 517  Distance est: 105
Nombre de Tile ajoutees dans la pile: 8
Nombre de Tile traversees: 518  Distance est: 105
Nombre de Tile ajoutees dans la pile: 8
Nombre de Tile traversees: 519  Distance est: 105
Nombre de Tile ajoutees dans la pile: 8
Nombre de Tile traversees: 520  Distance est: 105
Nombre de Tile ajoutees dans la pile: 8
Nombre de Tile traversees: 521  Distance est: 105
Nombre de Tile ajoutees dans la pile: 9
Nombre de Tile traversees: 522  Distance est: 105
Nombre de Tile ajoutees dans la pile: 8
Nombre de Tile traversees: 523  Distance est: 105
Nombre de Tile ajoutees dans la pile: 8
Nombre de Tile traversees: 524  Distance est: 106
Nombre de Tile ajoutees dans la pile: 9
Nombre de Tile traversees: 525  Distance est: 106
Nombre de Tile ajoutees dans la pile: 9
Nombre de Tile traversees: 526  Distance est: 106
Nombre de Tile ajoutees dans la pile: 9
Nombre de Tile traversees: 527  Distance est: 106
Nombre de Tile ajoutees dans la pile: 9
Nombre de Tile traversees: 528  Distance est: 106
Nombre de Tile ajoutees dans la pile: 9
Nombre de Tile traversees: 529  Distance est: 106
Nombre de Tile ajoutees dans la pile: 9
Nombre de Tile traversees: 530  Distance est: 106
Nombre de Tile ajoutees dans la pile: 9
Nombre de Tile traversees: 531  Distance est: 106
Nombre de Tile ajoutees dans la pile: 9
Nombre de Tile traversees: 532  Distance est: 106
Nombre de Tile ajoutees dans la pile: 9
Nombre de Tile traversees: 533  Distance est: 107
Nombre de Tile ajoutees dans la pile: 9
Nombre de Tile traversees: 534  Distance est: 107
Nombre de Tile ajoutees dans la pile: 9
Nombre de Tile traversees: 535  Distance est: 107
Nombre de Tile ajoutees dans la pile: 9
Nombre de Tile traversees: 536  Distance est: 107
Nombre de Tile ajoutees dans la pile: 9
Nombre de Tile traversees: 537  Distance est: 107
Nombre de Tile ajoutees dans la pile: 9
Nombre de Tile traversees: 538  Distance est: 107
Nombre de Tile ajoutees dans la pile: 9
Nombre de Tile traversees: 539  Distance est: 107
Nombre de Tile ajoutees dans la pile: 9
Nombre de Tile traversees: 540  Distance est: 107
Nombre de Tile ajoutees dans la pile: 9
Nombre de Tile traversees: 541  Distance est: 107
Nombre de Tile ajoutees dans la pile: 9
Nombre de Tile traversees: 542  Distance est: 108
Nombre de Tile ajoutees dans la pile: 9
Nombre de Tile traversees: 543  Distance est: 108
Nombre de Tile ajoutees dans la pile: 9
Nombre de Tile traversees: 544  Distance est: 108
Nombre de Tile ajoutees dans la pile: 9
Nombre de Tile traversees: 545  Distance est: 108
Nombre de Tile ajoutees dans la pile: 9
Nombre de Tile traversees: 546  Distance est: 108
Nombre de Tile ajoutees dans la pile: 9
Nombre de Tile traversees: 547  Distance est: 108
Nombre de Tile ajoutees dans la pile: 9
Nombre de Tile traversees: 548  Distance est: 108
Nombre de Tile ajoutees dans la pile: 9
Nombre de Tile traversees: 549  Distance est: 108
Nombre de Tile ajoutees dans la pile: 9
Nombre de Tile traversees: 550  Distance est: 108
Nombre de Tile ajoutees dans la pile: 9
Nombre de Tile traversees: 551  Distance est: 109
Nombre de Tile ajoutees dans la pile: 9
Nombre de Tile traversees: 552  Distance est: 109
Nombre de Tile ajoutees dans la pile: 9
Nombre de Tile traversees: 553  Distance est: 109
Nombre de Tile ajoutees dans la pile: 9
Nombre de Tile traversees: 554  Distance est: 109
Nombre de Tile ajoutees dans la pile: 9
Nombre de Tile traversees: 555  Distance est: 109
Nombre de Tile ajoutees dans la pile: 8
Nombre de Tile traversees: 556  Distance est: 109
Nombre de Tile ajoutees dans la pile: 8
Nombre de Tile traversees: 557  Distance est: 109
Nombre de Tile ajoutees dans la pile: 7
Nombre de Tile traversees: 558  Distance est: 109
Nombre de Tile ajoutees dans la pile: 7
Nombre de Tile traversees: 559  Distance est: 109
Nombre de Tile ajoutees dans la pile: 7
Nombre de Tile traversees: 560  Distance est: 110
Nombre de Tile ajoutees dans la pile: 7
Nombre de Tile traversees: 561  Distance est: 110
Nombre de Tile ajoutees dans la pile: 7
Nombre de Tile traversees: 562  Distance est: 110
Nombre de Tile ajoutees dans la pile: 7
Nombre de Tile traversees: 563  Distance est: 110
Nombre de Tile ajoutees dans la pile: 7
Nombre de Tile traversees: 564  Distance est: 110
Nombre de Tile ajoutees dans la pile: 8
Nombre de Tile traversees: 565  Distance est: 110
Nombre de Tile ajoutees dans la pile: 8
Nombre de Tile traversees: 566  Distance est: 110
Nombre de Tile ajoutees dans la pile: 8
Nombre de Tile traversees: 567  Distance est: 111
Nombre de Tile ajoutees dans la pile: 8
Nombre de Tile traversees: 568  Distance est: 111
Nombre de Tile ajoutees dans la pile: 8
Nombre de Tile traversees: 569  Distance est: 111
Nombre de Tile ajoutees dans la pile: 8
Nombre de Tile traversees: 570  Distance est: 111
Nombre de Tile ajoutees dans la pile: 8
Nombre de Tile traversees: 571  Distance est: 111
Nombre de Tile ajoutees dans la pile: 9
Nombre de Tile traversees: 572  Distance est: 111
Nombre de Tile ajoutees dans la pile: 8
Nombre de Tile traversees: 573  Distance est: 111
Nombre de Tile ajoutees dans la pile: 8
Nombre de Tile traversees: 574  Distance est: 111
Nombre de Tile ajoutees dans la pile: 8
Nombre de Tile traversees: 575  Distance est: 112
Nombre de Tile ajoutees dans la pile: 8
Nombre de Tile traversees: 576  Distance est: 112
Nombre de Tile ajoutees dans la pile: 8
Nombre de Tile traversees: 577  Distance est: 112
Nombre de Tile ajoutees dans la pile: 8
Nombre de Tile traversees: 578  Distance est: 112
Nombre de Tile ajoutees dans la pile: 8
Nombre de Tile traversees: 579  Distance est: 112
Nombre de Tile ajoutees dans la pile: 9
Nombre de Tile traversees: 580  Distance est: 112
Nombre de Tile ajoutees dans la pile: 8
Nombre de Tile traversees: 581  Distance est: 112
Nombre de Tile ajoutees dans la pile: 9
Nombre de Tile traversees: 582  Distance est: 112
Nombre de Tile ajoutees dans la pile: 9
Nombre de Tile traversees: 583  Distance est: 113
Nombre de Tile ajoutees dans la pile: 9
Nombre de Tile traversees: 584  Distance est: 113
Nombre de Tile ajoutees dans la pile: 10
Nombre de Tile traversees: 585  Distance est: 113
Nombre de Tile ajoutees dans la pile: 10
Nombre de Tile traversees: 586  Distance est: 113
Nombre de Tile ajoutees dans la pile: 10
Nombre de Tile traversees: 587  Distance est: 113
Nombre de Tile ajoutees dans la pile: 9
Nombre de Tile traversees: 588  Distance est: 113
Nombre de Tile ajoutees dans la pile: 9
Nombre de Tile traversees: 589  Distance est: 113
Nombre de Tile ajoutees dans la pile: 10
Nombre de Tile traversees: 590  Distance est: 113
Nombre de Tile ajoutees dans la pile: 9
Nombre de Tile traversees: 591  Distance est: 113
Nombre de Tile ajoutees dans la pile: 9
Nombre de Tile traversees: 592  Distance est: 114
Nombre de Tile ajoutees dans la pile: 8
Nombre de Tile traversees: 593  Distance est: 114
Nombre de Tile ajoutees dans la pile: 8
Nombre de Tile traversees: 594  Distance est: 114
Nombre de Tile ajoutees dans la pile: 8
Nombre de Tile traversees: 595  Distance est: 114
Nombre de Tile ajoutees dans la pile: 8
Nombre de Tile traversees: 596  Distance est: 114
Nombre de Tile ajoutees dans la pile: 8
Nombre de Tile traversees: 597  Distance est: 114
Nombre de Tile ajoutees dans la pile: 8
Nombre de Tile traversees: 598  Distance est: 114
Nombre de Tile ajoutees dans la pile: 9
Nombre de Tile traversees: 599  Distance est: 114
Nombre de Tile ajoutees dans la pile: 8
Nombre de Tile traversees: 600  Distance est: 115
Nombre de Tile ajoutees dans la pile: 9
Nombre de Tile traversees: 601  Distance est: 115
Nombre de Tile ajoutees dans la pile: 9
Nombre de Tile traversees: 602  Distance est: 115
Nombre de Tile ajoutees dans la pile: 9
Nombre de Tile traversees: 603  Distance est: 115
Nombre de Tile ajoutees dans la pile: 8
Nombre de Tile traversees: 604  Distance est: 115
Nombre de Tile ajoutees dans la pile: 9
Nombre de Tile traversees: 605  Distance est: 115
Nombre de Tile ajoutees dans la pile: 9
Nombre de Tile traversees: 606  Distance est: 115
Nombre de Tile ajoutees dans la pile: 9
Nombre de Tile traversees: 607  Distance est: 115
Nombre de Tile ajoutees dans la pile: 8
Nombre de Tile traversees: 608  Distance est: 115
Nombre de Tile ajoutees dans la pile: 9
Nombre de Tile traversees: 609  Distance est: 116
Nombre de Tile ajoutees dans la pile: 8
Nombre de Tile traversees: 610  Distance est: 116
Nombre de Tile ajoutees dans la pile: 8
Nombre de Tile traversees: 611  Distance est: 116
Nombre de Tile ajoutees dans la pile: 8
Nombre de Tile traversees: 612  Distance est: 116
Nombre de Tile ajoutees dans la pile: 8
Nombre de Tile traversees: 613  Distance est: 116
Nombre de Tile ajoutees dans la pile: 8
Nombre de Tile traversees: 614  Distance est: 116
Nombre de Tile ajoutees dans la pile: 9
Nombre de Tile traversees: 615  Distance est: 116
Nombre de Tile ajoutees dans la pile: 9
Nombre de Tile traversees: 616  Distance est: 116
Nombre de Tile ajoutees dans la pile: 10
Nombre de Tile traversees: 617  Distance est: 117
Nombre de Tile ajoutees dans la pile: 9
Nombre de Tile traversees: 618  Distance est: 117
Nombre de Tile ajoutees dans la pile: 9
Nombre de Tile traversees: 619  Distance est: 117
Nombre de Tile ajoutees dans la pile: 9
Nombre de Tile traversees: 620  Distance est: 117
Nombre de Tile ajoutees dans la pile: 9
Nombre de Tile traversees: 621  Distance est: 117
Nombre de Tile ajoutees dans la pile: 9
Nombre de Tile traversees: 622  Distance est: 117
Nombre de Tile ajoutees dans la pile: 10
Nombre de Tile traversees: 623  Distance est: 117
Nombre de Tile ajoutees dans la pile: 10
Nombre de Tile traversees: 624  Distance est: 117
Nombre de Tile ajoutees dans la pile: 10
Nombre de Tile traversees: 625  Distance est: 117
Nombre de Tile ajoutees dans la pile: 10
Nombre de Tile traversees: 626  Distance est: 118
Nombre de Tile ajoutees dans la pile: 9
Nombre de Tile traversees: 627  Distance est: 118
Nombre de Tile ajoutees dans la pile: 9
Nombre de Tile traversees: 628  Distance est: 118
Nombre de Tile ajoutees dans la pile: 9
Nombre de Tile traversees: 629  Distance est: 118
Nombre de Tile ajoutees dans la pile: 9
Nombre de Tile traversees: 630  Distance est: 118
Nombre de Tile ajoutees dans la pile: 9
Nombre de Tile traversees: 631  Distance est: 118
Nombre de Tile ajoutees dans la pile: 10
Nombre de Tile traversees: 632  Distance est: 118
Nombre de Tile ajoutees dans la pile: 9
Nombre de Tile traversees: 633  Distance est: 118
Nombre de Tile ajoutees dans la pile: 9
Nombre de Tile traversees: 634  Distance est: 118
Nombre de Tile ajoutees dans la pile: 9
Nombre de Tile traversees: 635  Distance est: 119
Nombre de Tile ajoutees dans la pile: 9
Nombre de Tile traversees: 636  Distance est: 119
Nombre de Tile ajoutees dans la pile: 10
Nombre de Tile traversees: 637  Distance est: 119
Nombre de Tile ajoutees dans la pile: 11
Nombre de Tile traversees: 638  Distance est: 119
Nombre de Tile ajoutees dans la pile: 11
Nombre de Tile traversees: 639  Distance est: 119
Nombre de Tile ajoutees dans la pile: 11
Nombre de Tile traversees: 640  Distance est: 119
Nombre de Tile ajoutees dans la pile: 10
Nombre de Tile traversees: 641  Distance est: 119
Nombre de Tile ajoutees dans la pile: 9
Nombre de Tile traversees: 642  Distance est: 119
Nombre de Tile ajoutees dans la pile: 10
Nombre de Tile traversees: 643  Distance est: 119
Nombre de Tile ajoutees dans la pile: 10
Nombre de Tile traversees: 644  Distance est: 120
Nombre de Tile ajoutees dans la pile: 9
Nombre de Tile traversees: 645  Distance est: 120
Nombre de Tile ajoutees dans la pile: 10
Nombre de Tile traversees: 646  Distance est: 120
Nombre de Tile ajoutees dans la pile: 10
Nombre de Tile traversees: 647  Distance est: 120
Nombre de Tile ajoutees dans la pile: 10
Nombre de Tile traversees: 648  Distance est: 120
Nombre de Tile ajoutees dans la pile: 10
Nombre de Tile traversees: 649  Distance est: 120
Nombre de Tile ajoutees dans la pile: 10
Nombre de Tile traversees: 650  Distance est: 120
Nombre de Tile ajoutees dans la pile: 11
Nombre de Tile traversees: 651  Distance est: 120
Nombre de Tile ajoutees dans la pile: 11
Nombre de Tile traversees: 652  Distance est: 120
Nombre de Tile ajoutees dans la pile: 11
Nombre de Tile traversees: 653  Distance est: 121
Nombre de Tile ajoutees dans la pile: 11
Nombre de Tile traversees: 654  Distance est: 121
Nombre de Tile ajoutees dans la pile: 11
Nombre de Tile traversees: 655  Distance est: 121
Nombre de Tile ajoutees dans la pile: 10
Nombre de Tile traversees: 656  Distance est: 121
Nombre de Tile ajoutees dans la pile: 10
Nombre de Tile traversees: 657  Distance est: 121
Nombre de Tile ajoutees dans la pile: 10
Nombre de Tile traversees: 658  Distance est: 121
Nombre de Tile ajoutees dans la pile: 11
Nombre de Tile traversees: 659  Distance est: 121
Nombre de Tile ajoutees dans la pile: 11
Nombre de Tile traversees: 660  Distance est: 121
Nombre de Tile ajoutees dans la pile: 12
Nombre de Tile traversees: 661  Distance est: 121
Nombre de Tile ajoutees dans la pile: 12
Nombre de Tile traversees: 662  Distance est: 121
Nombre de Tile ajoutees dans la pile: 12
Nombre de Tile traversees: 663  Distance est: 121
Nombre de Tile ajoutees dans la pile: 12
Nombre de Tile traversees: 664  Distance est: 122
Nombre de Tile ajoutees dans la pile: 12
Nombre de Tile traversees: 665  Distance est: 122
Nombre de Tile ajoutees dans la pile: 12
Nombre de Tile traversees: 666  Distance est: 122
Nombre de Tile ajoutees dans la pile: 12
Nombre de Tile traversees: 667  Distance est: 122
Nombre de Tile ajoutees dans la pile: 12
Nombre de Tile traversees: 668  Distance est: 122
Nombre de Tile ajoutees dans la pile: 12
Nombre de Tile traversees: 669  Distance est: 122
Nombre de Tile ajoutees dans la pile: 12
Nombre de Tile traversees: 670  Distance est: 122
Nombre de Tile ajoutees dans la pile: 12
Nombre de Tile traversees: 671  Distance est: 122
Nombre de Tile ajoutees dans la pile: 13
Nombre de Tile traversees: 672  Distance est: 122
Nombre de Tile ajoutees dans la pile: 12
Nombre de Tile traversees: 673  Distance est: 122
Nombre de Tile ajoutees dans la pile: 12
Nombre de Tile traversees: 674  Distance est: 122
Nombre de Tile ajoutees dans la pile: 12
Nombre de Tile traversees: 675  Distance est: 122
Nombre de Tile ajoutees dans la pile: 12
Nombre de Tile traversees: 676  Distance est: 123
Nombre de Tile ajoutees dans la pile: 12
Nombre de Tile traversees: 677  Distance est: 123
Nombre de Tile ajoutees dans la pile: 13
Nombre de Tile traversees: 678  Distance est: 123
Nombre de Tile ajoutees dans la pile: 13
Nombre de Tile traversees: 679  Distance est: 123
Nombre de Tile ajoutees dans la pile: 13
Nombre de Tile traversees: 680  Distance est: 123
Nombre de Tile ajoutees dans la pile: 13
Nombre de Tile traversees: 681  Distance est: 123
Nombre de Tile ajoutees dans la pile: 13
Nombre de Tile traversees: 682  Distance est: 123
Nombre de Tile ajoutees dans la pile: 12
Nombre de Tile traversees: 683  Distance est: 123
Nombre de Tile ajoutees dans la pile: 11
Nombre de Tile traversees: 684  Distance est: 123
Nombre de Tile ajoutees dans la pile: 10
Nombre de Tile traversees: 685  Distance est: 123
Nombre de Tile ajoutees dans la pile: 10
Nombre de Tile traversees: 686  Distance est: 123
Nombre de Tile ajoutees dans la pile: 10
Nombre de Tile traversees: 687  Distance est: 123
Nombre de Tile ajoutees dans la pile: 10
Nombre de Tile traversees: 688  Distance est: 124
Nombre de Tile ajoutees dans la pile: 10
Nombre de Tile traversees: 689  Distance est: 124
Nombre de Tile ajoutees dans la pile: 11
Nombre de Tile traversees: 690  Distance est: 124
Nombre de Tile ajoutees dans la pile: 11
Nombre de Tile traversees: 691  Distance est: 124
Nombre de Tile ajoutees dans la pile: 11
Nombre de Tile traversees: 692  Distance est: 124
Nombre de Tile ajoutees dans la pile: 11
Nombre de Tile traversees: 693  Distance est: 124
Nombre de Tile ajoutees dans la pile: 11
Nombre de Tile traversees: 694  Distance est: 124
Nombre de Tile ajoutees dans la pile: 11
Nombre de Tile traversees: 695  Distance est: 124
Nombre de Tile ajoutees dans la pile: 11
Nombre de Tile traversees: 696  Distance est: 124
Nombre de Tile ajoutees dans la pile: 11
Nombre de Tile traversees: 697  Distance est: 124
Nombre de Tile ajoutees dans la pile: 11
Nombre de Tile traversees: 698  Distance est: 125
Nombre de Tile ajoutees dans la pile: 12
Nombre de Tile traversees: 699  Distance est: 125
Nombre de Tile ajoutees dans la pile: 12
Nombre de Tile traversees: 700  Distance est: 125
Nombre de Tile ajoutees dans la pile: 11
Nombre de Tile traversees: 701  Distance est: 125
Nombre de Tile ajoutees dans la pile: 11
Nombre de Tile traversees: 702  Distance est: 125
Nombre de Tile ajoutees dans la pile: 11
Nombre de Tile traversees: 703  Distance est: 125
Nombre de Tile ajoutees dans la pile: 11
Nombre de Tile traversees: 704  Distance est: 125
Nombre de Tile ajoutees dans la pile: 11
Nombre de Tile traversees: 705  Distance est: 125
Nombre de Tile ajoutees dans la pile: 12
Nombre de Tile traversees: 706  Distance est: 125
Nombre de Tile ajoutees dans la pile: 12
Nombre de Tile traversees: 707  Distance est: 125
Nombre de Tile ajoutees dans la pile: 12
Nombre de Tile traversees: 708  Distance est: 125
Nombre de Tile ajoutees dans la pile: 12
Nombre de Tile traversees: 709  Distance est: 125
Nombre de Tile ajoutees dans la pile: 13
Nombre de Tile traversees: 710  Distance est: 126
Nombre de Tile ajoutees dans la pile: 12
Nombre de Tile traversees: 711  Distance est: 126
Nombre de Tile ajoutees dans la pile: 12
Nombre de Tile traversees: 712  Distance est: 126
Nombre de Tile ajoutees dans la pile: 12
Nombre de Tile traversees: 713  Distance est: 126
Nombre de Tile ajoutees dans la pile: 12
Nombre de Tile traversees: 714  Distance est: 126
Nombre de Tile ajoutees dans la pile: 12
Nombre de Tile traversees: 715  Distance est: 126
Nombre de Tile ajoutees dans la pile: 12
Nombre de Tile traversees: 716  Distance est: 126
Nombre de Tile ajoutees dans la pile: 12
Nombre de Tile traversees: 717  Distance est: 126
Nombre de Tile ajoutees dans la pile: 13
Nombre de Tile traversees: 718  Distance est: 126
Nombre de Tile ajoutees dans la pile: 13
Nombre de Tile traversees: 719  Distance est: 126
Nombre de Tile ajoutees dans la pile: 13
Nombre de Tile traversees: 720  Distance est: 126
Nombre de Tile ajoutees dans la pile: 13
Nombre de Tile traversees: 721  Distance est: 126
Nombre de Tile ajoutees dans la pile: 14
Nombre de Tile traversees: 722  Distance est: 127
Nombre de Tile ajoutees dans la pile: 13
Nombre de Tile traversees: 723  Distance est: 127
Nombre de Tile ajoutees dans la pile: 13
Nombre de Tile traversees: 724  Distance est: 127
Nombre de Tile ajoutees dans la pile: 13
Nombre de Tile traversees: 725  Distance est: 127
Nombre de Tile ajoutees dans la pile: 13
Nombre de Tile traversees: 726  Distance est: 127
Nombre de Tile ajoutees dans la pile: 14
Nombre de Tile traversees: 727  Distance est: 127
Nombre de Tile ajoutees dans la pile: 14
Nombre de Tile traversees: 728  Distance est: 127
Nombre de Tile ajoutees dans la pile: 14
Nombre de Tile traversees: 729  Distance est: 127
Nombre de Tile ajoutees dans la pile: 15
Nombre de Tile traversees: 730  Distance est: 127
Nombre de Tile ajoutees dans la pile: 14
Nombre de Tile traversees: 731  Distance est: 127
Nombre de Tile ajoutees dans la pile: 14
Nombre de Tile traversees: 732  Distance est: 127
Nombre de Tile ajoutees dans la pile: 14
Nombre de Tile traversees: 733  Distance est: 127
Nombre de Tile ajoutees dans la pile: 13
Nombre de Tile traversees: 734  Distance est: 127
Nombre de Tile ajoutees dans la pile: 12
Nombre de Tile traversees: 735  Distance est: 128
Nombre de Tile ajoutees dans la pile: 11
Nombre de Tile traversees: 736  Distance est: 128
Nombre de Tile ajoutees dans la pile: 11
Nombre de Tile traversees: 737  Distance est: 128
Nombre de Tile ajoutees dans la pile: 11
Nombre de Tile traversees: 738  Distance est: 128
Nombre de Tile ajoutees dans la pile: 11
Nombre de Tile traversees: 739  Distance est: 128
Nombre de Tile ajoutees dans la pile: 11
Nombre de Tile traversees: 740  Distance est: 128
Nombre de Tile ajoutees dans la pile: 11
Nombre de Tile traversees: 741  Distance est: 128
Nombre de Tile ajoutees dans la pile: 11
Nombre de Tile traversees: 742  Distance est: 128
Nombre de Tile ajoutees dans la pile: 11
Nombre de Tile traversees: 743  Distance est: 128
Nombre de Tile ajoutees dans la pile: 12
Nombre de Tile traversees: 744  Distance est: 128
Nombre de Tile ajoutees dans la pile: 11
Nombre de Tile traversees: 745  Distance est: 128
Nombre de Tile ajoutees dans la pile: 11
Nombre de Tile traversees: 746  Distance est: 129
Nombre de Tile ajoutees dans la pile: 11
Nombre de Tile traversees: 747  Distance est: 129
Nombre de Tile ajoutees dans la pile: 11
Nombre de Tile traversees: 748  Distance est: 129
Nombre de Tile ajoutees dans la pile: 11
Nombre de Tile traversees: 749  Distance est: 129
Nombre de Tile ajoutees dans la pile: 12
Nombre de Tile traversees: 750  Distance est: 129
Nombre de Tile ajoutees dans la pile: 12
Nombre de Tile traversees: 751  Distance est: 129
Nombre de Tile ajoutees dans la pile: 12
Nombre de Tile traversees: 752  Distance est: 129
Nombre de Tile ajoutees dans la pile: 12
Nombre de Tile traversees: 753  Distance est: 129
Nombre de Tile ajoutees dans la pile: 12
Nombre de Tile traversees: 754  Distance est: 129
Nombre de Tile ajoutees dans la pile: 12
Nombre de Tile traversees: 755  Distance est: 129
Nombre de Tile ajoutees dans la pile: 12
Nombre de Tile traversees: 756  Distance est: 129
Nombre de Tile ajoutees dans la pile: 12
Nombre de Tile traversees: 757  Distance est: 130
Nombre de Tile ajoutees dans la pile: 12
Nombre de Tile traversees: 758  Distance est: 130
Nombre de Tile ajoutees dans la pile: 12
Nombre de Tile traversees: 759  Distance est: 130
Nombre de Tile ajoutees dans la pile: 12
Nombre de Tile traversees: 760  Distance est: 130
Nombre de Tile ajoutees dans la pile: 12
Nombre de Tile traversees: 761  Distance est: 130
Nombre de Tile ajoutees dans la pile: 12
Nombre de Tile traversees: 762  Distance est: 130
Nombre de Tile ajoutees dans la pile: 12
Nombre de Tile traversees: 763  Distance est: 130
Nombre de Tile ajoutees dans la pile: 12
Nombre de Tile traversees: 764  Distance est: 130
Nombre de Tile ajoutees dans la pile: 12
Nombre de Tile traversees: 765  Distance est: 130
Nombre de Tile ajoutees dans la pile: 12
Nombre de Tile traversees: 766  Distance est: 130
Nombre de Tile ajoutees dans la pile: 12
Nombre de Tile traversees: 767  Distance est: 130
Nombre de Tile ajoutees dans la pile: 12
Nombre de Tile traversees: 768  Distance est: 130
Nombre de Tile ajoutees dans la pile: 13
Nombre de Tile traversees: 769  Distance est: 131
Nombre de Tile ajoutees dans la pile: 13
Nombre de Tile traversees: 770  Distance est: 131
Nombre de Tile ajoutees dans la pile: 13
Nombre de Tile traversees: 771  Distance est: 131
Nombre de Tile ajoutees dans la pile: 14
Nombre de Tile traversees: 772  Distance est: 131
Nombre de Tile ajoutees dans la pile: 15
Nombre de Tile traversees: 773  Distance est: 131
Nombre de Tile ajoutees dans la pile: 15
Nombre de Tile traversees: 774  Distance est: 131
Nombre de Tile ajoutees dans la pile: 14
Nombre de Tile traversees: 775  Distance est: 131
Nombre de Tile ajoutees dans la pile: 14
Nombre de Tile traversees: 776  Distance est: 131
Nombre de Tile ajoutees dans la pile: 14
Nombre de Tile traversees: 777  Distance est: 131
Nombre de Tile ajoutees dans la pile: 14
Nombre de Tile traversees: 778  Distance est: 131
Nombre de Tile ajoutees dans la pile: 13
Nombre de Tile traversees: 779  Distance est: 131
Nombre de Tile ajoutees dans la pile: 13
Nombre de Tile traversees: 780  Distance est: 131
Nombre de Tile ajoutees dans la pile: 14
Nombre de Tile traversees: 781  Distance est: 131
Nombre de Tile ajoutees dans la pile: 13
Nombre de Tile traversees: 782  Distance est: 132
Nombre de Tile ajoutees dans la pile: 13
Nombre de Tile traversees: 783  Distance est: 132
Nombre de Tile ajoutees dans la pile: 13
Nombre de Tile traversees: 784  Distance est: 132
Nombre de Tile ajoutees dans la pile: 13
Nombre de Tile traversees: 785  Distance est: 132
Nombre de Tile ajoutees dans la pile: 13
Nombre de Tile traversees: 786  Distance est: 132
Nombre de Tile ajoutees dans la pile: 13
Nombre de Tile traversees: 787  Distance est: 132
Nombre de Tile ajoutees dans la pile: 13
Nombre de Tile traversees: 788  Distance est: 132
Nombre de Tile ajoutees dans la pile: 13
Nombre de Tile traversees: 789  Distance est: 132
Nombre de Tile ajoutees dans la pile: 13
Nombre de Tile traversees: 790  Distance est: 132
Nombre de Tile ajoutees dans la pile: 13
Nombre de Tile traversees: 791  Distance est: 132
Nombre de Tile ajoutees dans la pile: 14
Nombre de Tile traversees: 792  Distance est: 132
Nombre de Tile ajoutees dans la pile: 14
Nombre de Tile traversees: 793  Distance est: 132
Nombre de Tile ajoutees dans la pile: 15
Nombre de Tile traversees: 794  Distance est: 132
Nombre de Tile ajoutees dans la pile: 14
Nombre de Tile traversees: 795  Distance est: 133
Nombre de Tile ajoutees dans la pile: 14
Nombre de Tile traversees: 796  Distance est: 133
Nombre de Tile ajoutees dans la pile: 14
Nombre de Tile traversees: 797  Distance est: 133
Nombre de Tile ajoutees dans la pile: 13
Nombre de Tile traversees: 798  Distance est: 133
Nombre de Tile ajoutees dans la pile: 13
Nombre de Tile traversees: 799  Distance est: 133
Nombre de Tile ajoutees dans la pile: 13
Nombre de Tile traversees: 800  Distance est: 133
Nombre de Tile ajoutees dans la pile: 13
Nombre de Tile traversees: 801  Distance est: 133
Nombre de Tile ajoutees dans la pile: 13
Nombre de Tile traversees: 802  Distance est: 133
Nombre de Tile ajoutees dans la pile: 13
Nombre de Tile traversees: 803  Distance est: 133
Nombre de Tile ajoutees dans la pile: 13
Nombre de Tile traversees: 804  Distance est: 133
Nombre de Tile ajoutees dans la pile: 14
Nombre de Tile traversees: 805  Distance est: 133
Nombre de Tile ajoutees dans la pile: 13
Nombre de Tile traversees: 806  Distance est: 133
Nombre de Tile ajoutees dans la pile: 13
Nombre de Tile traversees: 807  Distance est: 133
Nombre de Tile ajoutees dans la pile: 12
Nombre de Tile traversees: 808  Distance est: 133
Nombre de Tile ajoutees dans la pile: 11
Nombre de Tile traversees: 809  Distance est: 134
Nombre de Tile ajoutees dans la pile: 11
Nombre de Tile traversees: 810  Distance est: 134
Nombre de Tile ajoutees dans la pile: 11
Nombre de Tile traversees: 811  Distance est: 134
Nombre de Tile ajoutees dans la pile: 11
Nombre de Tile traversees: 812  Distance est: 134
Nombre de Tile ajoutees dans la pile: 11
Nombre de Tile traversees: 813  Distance est: 134
Nombre de Tile ajoutees dans la pile: 11
Nombre de Tile traversees: 814  Distance est: 134
Nombre de Tile ajoutees dans la pile: 11
Nombre de Tile traversees: 815  Distance est: 134
Nombre de Tile ajoutees dans la pile: 11
Nombre de Tile traversees: 816  Distance est: 134
Nombre de Tile ajoutees dans la pile: 11
Nombre de Tile traversees: 817  Distance est: 134
Nombre de Tile ajoutees dans la pile: 12
Nombre de Tile traversees: 818  Distance est: 134
Nombre de Tile ajoutees dans la pile: 11
Nombre de Tile traversees: 819  Distance est: 134
Nombre de Tile ajoutees dans la pile: 11
Nombre de Tile traversees: 820  Distance est: 135
Nombre de Tile ajoutees dans la pile: 11
Nombre de Tile traversees: 821  Distance est: 135
Nombre de Tile ajoutees dans la pile: 11
Nombre de Tile traversees: 822  Distance est: 135
Nombre de Tile ajoutees dans la pile: 11
Nombre de Tile traversees: 823  Distance est: 135
Nombre de Tile ajoutees dans la pile: 10
Nombre de Tile traversees: 824  Distance est: 135
Nombre de Tile ajoutees dans la pile: 9
Nombre de Tile traversees: 825  Distance est: 135
Nombre de Tile ajoutees dans la pile: 9
Nombre de Tile traversees: 826  Distance est: 135
Nombre de Tile ajoutees dans la pile: 8
Nombre de Tile traversees: 827  Distance est: 135
Nombre de Tile ajoutees dans la pile: 8
Nombre de Tile traversees: 828  Distance est: 135
Nombre de Tile ajoutees dans la pile: 7
Nombre de Tile traversees: 829  Distance est: 135
Nombre de Tile ajoutees dans la pile: 7
Nombre de Tile traversees: 830  Distance est: 135
Nombre de Tile ajoutees dans la pile: 7
Nombre de Tile traversees: 831  Distance est: 136
Nombre de Tile ajoutees dans la pile: 7
Nombre de Tile traversees: 832  Distance est: 136
Nombre de Tile ajoutees dans la pile: 7
Nombre de Tile traversees: 833  Distance est: 136
Nombre de Tile ajoutees dans la pile: 7
Nombre de Tile traversees: 834  Distance est: 136
Nombre de Tile ajoutees dans la pile: 7
Nombre de Tile traversees: 835  Distance est: 136
Nombre de Tile ajoutees dans la pile: 7
Nombre de Tile traversees: 836  Distance est: 136
Nombre de Tile ajoutees dans la pile: 7
Nombre de Tile traversees: 837  Distance est: 136
Nombre de Tile ajoutees dans la pile: 7
Nombre de Tile traversees: 838  Distance est: 137
Nombre de Tile ajoutees dans la pile: 7
Nombre de Tile traversees: 839  Distance est: 137
Nombre de Tile ajoutees dans la pile: 7
Nombre de Tile traversees: 840  Distance est: 137
Nombre de Tile ajoutees dans la pile: 8
Nombre de Tile traversees: 841  Distance est: 137
Nombre de Tile ajoutees dans la pile: 8
Nombre de Tile traversees: 842  Distance est: 137
Nombre de Tile ajoutees dans la pile: 8
Nombre de Tile traversees: 843  Distance est: 137
Nombre de Tile ajoutees dans la pile: 8
Nombre de Tile traversees: 844  Distance est: 137
Nombre de Tile ajoutees dans la pile: 9
Nombre de Tile traversees: 845  Distance est: 138
Nombre de Tile ajoutees dans la pile: 9
Nombre de Tile traversees: 846  Distance est: 138
Nombre de Tile ajoutees dans la pile: 9
Nombre de Tile traversees: 847  Distance est: 138
Nombre de Tile ajoutees dans la pile: 9
Nombre de Tile traversees: 848  Distance est: 138
Nombre de Tile ajoutees dans la pile: 10
Nombre de Tile traversees: 849  Distance est: 138
Nombre de Tile ajoutees dans la pile: 10
Nombre de Tile traversees: 850  Distance est: 138
Nombre de Tile ajoutees dans la pile: 11
Nombre de Tile traversees: 851  Distance est: 138
Nombre de Tile ajoutees dans la pile: 11
Nombre de Tile traversees: 852  Distance est: 138
Nombre de Tile ajoutees dans la pile: 11
Nombre de Tile traversees: 853  Distance est: 138
Nombre de Tile ajoutees dans la pile: 11
Nombre de Tile traversees: 854  Distance est: 139
Nombre de Tile ajoutees dans la pile: 11
Nombre de Tile traversees: 855  Distance est: 139
Nombre de Tile ajoutees dans la pile: 10
Nombre de Tile traversees: 856  Distance est: 139
Nombre de Tile ajoutees dans la pile: 10
Nombre de Tile traversees: 857  Distance est: 139
Nombre de Tile ajoutees dans la pile: 11
Nombre de Tile traversees: 858  Distance est: 139
Nombre de Tile ajoutees dans la pile: 10
Nombre de Tile traversees: 859  Distance est: 139
Nombre de Tile ajoutees dans la pile: 10
Nombre de Tile traversees: 860  Distance est: 139
Nombre de Tile ajoutees dans la pile: 11
Nombre de Tile traversees: 861  Distance est: 139
Nombre de Tile ajoutees dans la pile: 10
Nombre de Tile traversees: 862  Distance est: 139
Nombre de Tile ajoutees dans la pile: 10
Nombre de Tile traversees: 863  Distance est: 139
Nombre de Tile ajoutees dans la pile: 10
Nombre de Tile traversees: 864  Distance est: 139
Nombre de Tile ajoutees dans la pile: 10
Nombre de Tile traversees: 865  Distance est: 140
Nombre de Tile ajoutees dans la pile: 10
Nombre de Tile traversees: 866  Distance est: 140
Nombre de Tile ajoutees dans la pile: 10
Nombre de Tile traversees: 867  Distance est: 140
Nombre de Tile ajoutees dans la pile: 11
Nombre de Tile traversees: 868  Distance est: 140
Nombre de Tile ajoutees dans la pile: 10
Nombre de Tile traversees: 869  Distance est: 140
Nombre de Tile ajoutees dans la pile: 10
Nombre de Tile traversees: 870  Distance est: 140
Nombre de Tile ajoutees dans la pile: 11
Nombre de Tile traversees: 871  Distance est: 140
Nombre de Tile ajoutees dans la pile: 10
Nombre de Tile traversees: 872  Distance est: 140
Nombre de Tile ajoutees dans la pile: 10
Nombre de Tile traversees: 873  Distance est: 140
Nombre de Tile ajoutees dans la pile: 10
Nombre de Tile traversees: 874  Distance est: 140
Nombre de Tile ajoutees dans la pile: 10
Nombre de Tile traversees: 875  Distance est: 141
Nombre de Tile ajoutees dans la pile: 10
Nombre de Tile traversees: 876  Distance est: 141
Nombre de Tile ajoutees dans la pile: 10
Nombre de Tile traversees: 877  Distance est: 141
Nombre de Tile ajoutees dans la pile: 10
Nombre de Tile traversees: 878  Distance est: 141
Nombre de Tile ajoutees dans la pile: 9
Nombre de Tile traversees: 879  Distance est: 141
Nombre de Tile ajoutees dans la pile: 10
Nombre de Tile traversees: 880  Distance est: 141
Nombre de Tile ajoutees dans la pile: 10
Nombre de Tile traversees: 881  Distance est: 141
Nombre de Tile ajoutees dans la pile: 9
Nombre de Tile traversees: 882  Distance est: 141
Nombre de Tile ajoutees dans la pile: 9
Nombre de Tile traversees: 883  Distance est: 141
Nombre de Tile ajoutees dans la pile: 9
Nombre de Tile traversees: 884  Distance est: 141
Nombre de Tile ajoutees dans la pile: 9
Nombre de Tile traversees: 885  Distance est: 142
Nombre de Tile ajoutees dans la pile: 9
Nombre de Tile traversees: 886  Distance est: 142
Nombre de Tile ajoutees dans la pile: 9
Nombre de Tile traversees: 887  Distance est: 142
Nombre de Tile ajoutees dans la pile: 9
Nombre de Tile traversees: 888  Distance est: 142
Nombre de Tile ajoutees dans la pile: 9
Nombre de Tile traversees: 889  Distance est: 142
Nombre de Tile ajoutees dans la pile: 9
Nombre de Tile traversees: 890  Distance est: 142
Nombre de Tile ajoutees dans la pile: 9
Nombre de Tile traversees: 891  Distance est: 142
Nombre de Tile ajoutees dans la pile: 9
Nombre de Tile traversees: 892  Distance est: 142
Nombre de Tile ajoutees dans la pile: 9
Nombre de Tile traversees: 893  Distance est: 142
Nombre de Tile ajoutees dans la pile: 10
Nombre de Tile traversees: 894  Distance est: 143
Nombre de Tile ajoutees dans la pile: 11
Nombre de Tile traversees: 895  Distance est: 143
Nombre de Tile ajoutees dans la pile: 11
Nombre de Tile traversees: 896  Distance est: 143
Nombre de Tile ajoutees dans la pile: 11
Nombre de Tile traversees: 897  Distance est: 143
Nombre de Tile ajoutees dans la pile: 11
Nombre de Tile traversees: 898  Distance est: 143
Nombre de Tile ajoutees dans la pile: 11
Nombre de Tile traversees: 899  Distance est: 143
Nombre de Tile ajoutees dans la pile: 11
Nombre de Tile traversees: 900  Distance est: 143
Nombre de Tile ajoutees dans la pile: 11
Nombre de Tile traversees: 901  Distance est: 143
Nombre de Tile ajoutees dans la pile: 11
Nombre de Tile traversees: 902  Distance est: 143
Nombre de Tile ajoutees dans la pile: 12
Nombre de Tile traversees: 903  Distance est: 143
Nombre de Tile ajoutees dans la pile: 12
Nombre de Tile traversees: 904  Distance est: 143
Nombre de Tile ajoutees dans la pile: 13
Nombre de Tile traversees: 905  Distance est: 144
Nombre de Tile ajoutees dans la pile: 13
Nombre de Tile traversees: 906  Distance est: 144
Nombre de Tile ajoutees dans la pile: 13
Nombre de Tile traversees: 907  Distance est: 144
Nombre de Tile ajoutees dans la pile: 13
Nombre de Tile traversees: 908  Distance est: 144
Nombre de Tile ajoutees dans la pile: 13
Nombre de Tile traversees: 909  Distance est: 144
Nombre de Tile ajoutees dans la pile: 13
Nombre de Tile traversees: 910  Distance est: 144
Nombre de Tile ajoutees dans la pile: 13
Nombre de Tile traversees: 911  Distance est: 144
Nombre de Tile ajoutees dans la pile: 13
Nombre de Tile traversees: 912  Distance est: 144
Nombre de Tile ajoutees dans la pile: 13
Nombre de Tile traversees: 913  Distance est: 144
Nombre de Tile ajoutees dans la pile: 14
Nombre de Tile traversees: 914  Distance est: 144
Nombre de Tile ajoutees dans la pile: 13
Nombre de Tile traversees: 915  Distance est: 144
Nombre de Tile ajoutees dans la pile: 13
Nombre de Tile traversees: 916  Distance est: 144
Nombre de Tile ajoutees dans la pile: 14
Nombre de Tile traversees: 917  Distance est: 144
Nombre de Tile ajoutees dans la pile: 13
Nombre de Tile traversees: 918  Distance est: 145
Nombre de Tile ajoutees dans la pile: 13
Nombre de Tile traversees: 919  Distance est: 145
Nombre de Tile ajoutees dans la pile: 13
Nombre de Tile traversees: 920  Distance est: 145
Nombre de Tile ajoutees dans la pile: 12
Nombre de Tile traversees: 921  Distance est: 145
Nombre de Tile ajoutees dans la pile: 12
Nombre de Tile traversees: 922  Distance est: 145
Nombre de Tile ajoutees dans la pile: 13
Nombre de Tile traversees: 923  Distance est: 145
Nombre de Tile ajoutees dans la pile: 14
Nombre de Tile traversees: 924  Distance est: 145
Nombre de Tile ajoutees dans la pile: 14
Nombre de Tile traversees: 925  Distance est: 145
Nombre de Tile ajoutees dans la pile: 14
Nombre de Tile traversees: 926  Distance est: 145
Nombre de Tile ajoutees dans la pile: 14
Nombre de Tile traversees: 927  Distance est: 145
Nombre de Tile ajoutees dans la pile: 13
Nombre de Tile traversees: 928  Distance est: 145
Nombre de Tile ajoutees dans la pile: 13
Nombre de Tile traversees: 929  Distance est: 145
Nombre de Tile ajoutees dans la pile: 13
Nombre de Tile traversees: 930  Distance est: 145
Nombre de Tile ajoutees dans la pile: 12
Nombre de Tile traversees: 931  Distance est: 146
Nombre de Tile ajoutees dans la pile: 12
Nombre de Tile traversees: 932  Distance est: 146
Nombre de Tile ajoutees dans la pile: 12
Nombre de Tile traversees: 933  Distance est: 146
Nombre de Tile ajoutees dans la pile: 12
Nombre de Tile traversees: 934  Distance est: 146
Nombre de Tile ajoutees dans la pile: 13
Nombre de Tile traversees: 935  Distance est: 146
Nombre de Tile ajoutees dans la pile: 13
Nombre de Tile traversees: 936  Distance est: 146
Nombre de Tile ajoutees dans la pile: 13
Nombre de Tile traversees: 937  Distance est: 146
Nombre de Tile ajoutees dans la pile: 13
Nombre de Tile traversees: 938  Distance est: 146
Nombre de Tile ajoutees dans la pile: 13
Nombre de Tile traversees: 939  Distance est: 146
Nombre de Tile ajoutees dans la pile: 13
Nombre de Tile traversees: 940  Distance est: 146
Nombre de Tile ajoutees dans la pile: 13
Nombre de Tile traversees: 941  Distance est: 146
Nombre de Tile ajoutees dans la pile: 13
Nombre de Tile traversees: 942  Distance est: 146
Nombre de Tile ajoutees dans la pile: 13
Nombre de Tile traversees: 943  Distance est: 147
Nombre de Tile ajoutees dans la pile: 13
Nombre de Tile traversees: 944  Distance est: 147
Nombre de Tile ajoutees dans la pile: 13
Nombre de Tile traversees: 945  Distance est: 147
Nombre de Tile ajoutees dans la pile: 13
Nombre de Tile traversees: 946  Distance est: 147
Nombre de Tile ajoutees dans la pile: 13
Nombre de Tile traversees: 947  Distance est: 147
Nombre de Tile ajoutees dans la pile: 12
Nombre de Tile traversees: 948  Distance est: 147
Nombre de Tile ajoutees dans la pile: 12
Nombre de Tile traversees: 949  Distance est: 147
Nombre de Tile ajoutees dans la pile: 12
Nombre de Tile traversees: 950  Distance est: 147
Nombre de Tile ajoutees dans la pile: 12
Nombre de Tile traversees: 951  Distance est: 147
Nombre de Tile ajoutees dans la pile: 11
Nombre de Tile traversees: 952  Distance est: 147
Nombre de Tile ajoutees dans la pile: 11
Nombre de Tile traversees: 953  Distance est: 147
Nombre de Tile ajoutees dans la pile: 11
Nombre de Tile traversees: 954  Distance est: 147
Nombre de Tile ajoutees dans la pile: 10
Nombre de Tile traversees: 955  Distance est: 147
Nombre de Tile ajoutees dans la pile: 10
Nombre de Tile traversees: 956  Distance est: 148
Nombre de Tile ajoutees dans la pile: 11
Nombre de Tile traversees: 957  Distance est: 148
Nombre de Tile ajoutees dans la pile: 11
Nombre de Tile traversees: 958  Distance est: 148
Nombre de Tile ajoutees dans la pile: 11
Nombre de Tile traversees: 959  Distance est: 148
Nombre de Tile ajoutees dans la pile: 11
Nombre de Tile traversees: 960  Distance est: 148
Nombre de Tile ajoutees dans la pile: 11
Nombre de Tile traversees: 961  Distance est: 148
Nombre de Tile ajoutees dans la pile: 11
Nombre de Tile traversees: 962  Distance est: 148
Nombre de Tile ajoutees dans la pile: 11
Nombre de Tile traversees: 963  Distance est: 148
Nombre de Tile ajoutees dans la pile: 11
Nombre de Tile traversees: 964  Distance est: 148
Nombre de Tile ajoutees dans la pile: 11
Nombre de Tile traversees: 965  Distance est: 148
Nombre de Tile ajoutees dans la pile: 11
Nombre de Tile traversees: 966  Distance est: 148
Nombre de Tile ajoutees dans la pile: 11
Nombre de Tile traversees: 967  Distance est: 149
Nombre de Tile ajoutees dans la pile: 11
Nombre de Tile traversees: 968  Distance est: 149
Nombre de Tile ajoutees dans la pile: 11
Nombre de Tile traversees: 969  Distance est: 149
Nombre de Tile ajoutees dans la pile: 11
Nombre de Tile traversees: 970  Distance est: 149
Nombre de Tile ajoutees dans la pile: 11
Nombre de Tile traversees: 971  Distance est: 149
Nombre de Tile ajoutees dans la pile: 10
Nombre de Tile traversees: 972  Distance est: 149
Nombre de Tile ajoutees dans la pile: 10
Nombre de Tile traversees: 973  Distance est: 149
Nombre de Tile ajoutees dans la pile: 10
Nombre de Tile traversees: 974  Distance est: 149
Nombre de Tile ajoutees dans la pile: 10
Nombre de Tile traversees: 975  Distance est: 149
Nombre de Tile ajoutees dans la pile: 10
Nombre de Tile traversees: 976  Distance est: 149
Nombre de Tile ajoutees dans la pile: 10
Nombre de Tile traversees: 977  Distance est: 149
Nombre de Tile ajoutees dans la pile: 10
Nombre de Tile traversees: 978  Distance est: 150
Nombre de Tile ajoutees dans la pile: 10
Nombre de Tile traversees: 979  Distance est: 150
Nombre de Tile ajoutees dans la pile: 10
Nombre de Tile traversees: 980  Distance est: 150
Nombre de Tile ajoutees dans la pile: 10
Nombre de Tile traversees: 981  Distance est: 150
Nombre de Tile ajoutees dans la pile: 10
Nombre de Tile traversees: 982  Distance est: 150
Nombre de Tile ajoutees dans la pile: 10
Nombre de Tile traversees: 983  Distance est: 150
Nombre de Tile ajoutees dans la pile: 10
Nombre de Tile traversees: 984  Distance est: 150
Nombre de Tile ajoutees dans la pile: 10
Nombre de Tile traversees: 985  Distance est: 150
Nombre de Tile ajoutees dans la pile: 10
Nombre de Tile traversees: 986  Distance est: 150
Nombre de Tile ajoutees dans la pile: 10
Nombre de Tile traversees: 987  Distance est: 150
Nombre de Tile ajoutees dans la pile: 10
Nombre de Tile traversees: 988  Distance est: 151
Nombre de Tile ajoutees dans la pile: 10
Nombre de Tile traversees: 989  Distance est: 151
Nombre de Tile ajoutees dans la pile: 10
Nombre de Tile traversees: 990  Distance est: 151
Nombre de Tile ajoutees dans la pile: 10
Nombre de Tile traversees: 991  Distance est: 151
Nombre de Tile ajoutees dans la pile: 10
Nombre de Tile traversees: 992  Distance est: 151
Nombre de Tile ajoutees dans la pile: 10
Nombre de Tile traversees: 993  Distance est: 151
Nombre de Tile ajoutees dans la pile: 10
Nombre de Tile traversees: 994  Distance est: 151
Nombre de Tile ajoutees dans la pile: 10
Nombre de Tile traversees: 995  Distance est: 151
Nombre de Tile ajoutees dans la pile: 10
Nombre de Tile traversees: 996  Distance est: 151
Nombre de Tile ajoutees dans la pile: 10
Nombre de Tile traversees: 997  Distance est: 151
Nombre de Tile ajoutees dans la pile: 11
Nombre de Tile traversees: 998  Distance est: 152
Nombre de Tile ajoutees dans la pile: 10
Nombre de Tile traversees: 999  Distance est: 152
Nombre de Tile ajoutees dans la pile: 10
Nombre de Tile traversees: 1000  Distance est: 152
Nombre de Tile ajoutees dans la pile: 10
Nombre de Tile traversees: 1001  Distance est: 152
Nombre de Tile ajoutees dans la pile: 10
Nombre de Tile traversees: 1002  Distance est: 152
Nombre de Tile ajoutees dans la pile: 10
Nombre de Tile traversees: 1003  Distance est: 152
Nombre de Tile ajoutees dans la pile: 10
Nombre de Tile traversees: 1004  Distance est: 152
Nombre de Tile ajoutees dans la pile: 10
Nombre de Tile traversees: 1005  Distance est: 152
Nombre de Tile ajoutees dans la pile: 10
Nombre de Tile traversees: 1006  Distance est: 152
Nombre de Tile ajoutees dans la pile: 10
Nombre de Tile traversees: 1007  Distance est: 152
Nombre de Tile ajoutees dans la pile: 10
Nombre de Tile traversees: 1008  Distance est: 153
Nombre de Tile ajoutees dans la pile: 10
Nombre de Tile traversees: 1009  Distance est: 153
Nombre de Tile ajoutees dans la pile: 10
Nombre de Tile traversees: 1010  Distance est: 153
Nombre de Tile ajoutees dans la pile: 10
Nombre de Tile traversees: 1011  Distance est: 153
Nombre de Tile ajoutees dans la pile: 10
Nombre de Tile traversees: 1012  Distance est: 153
Nombre de Tile ajoutees dans la pile: 10
Nombre de Tile traversees: 1013  Distance est: 153
Nombre de Tile ajoutees dans la pile: 10
Nombre de Tile traversees: 1014  Distance est: 153
Nombre de Tile ajoutees dans la pile: 10
Nombre de Tile traversees: 1015  Distance est: 153
Nombre de Tile ajoutees dans la pile: 10
Nombre de Tile traversees: 1016  Distance est: 153
Nombre de Tile ajoutees dans la pile: 10
Nombre de Tile traversees: 1017  Distance est: 153
Nombre de Tile ajoutees dans la pile: 10
Nombre de Tile traversees: 1018  Distance est: 154
Nombre de Tile ajoutees dans la pile: 10
Nombre de Tile traversees: 1019  Distance est: 154
Nombre de Tile ajoutees dans la pile: 10
Nombre de Tile traversees: 1020  Distance est: 154
Nombre de Tile ajoutees dans la pile: 10
Nombre de Tile traversees: 1021  Distance est: 154
Nombre de Tile ajoutees dans la pile: 10
Nombre de Tile traversees: 1022  Distance est: 154
Nombre de Tile ajoutees dans la pile: 10
Nombre de Tile traversees: 1023  Distance est: 154
Nombre de Tile ajoutees dans la pile: 10
Nombre de Tile traversees: 1024  Distance est: 154
Nombre de Tile ajoutees dans la pile: 10
Nombre de Tile traversees: 1025  Distance est: 154
Nombre de Tile ajoutees dans la pile: 10
Nombre de Tile traversees: 1026  Distance est: 154
Nombre de Tile ajoutees dans la pile: 10
Nombre de Tile traversees: 1027  Distance est: 154
Nombre de Tile ajoutees dans la pile: 10
Nombre de Tile traversees: 1028  Distance est: 155
Nombre de Tile ajoutees dans la pile: 10
Nombre de Tile traversees: 1029  Distance est: 155
Nombre de Tile ajoutees dans la pile: 10
Nombre de Tile traversees: 1030  Distance est: 155
Nombre de Tile ajoutees dans la pile: 10
Nombre de Tile traversees: 1031  Distance est: 155
Nombre de Tile ajoutees dans la pile: 10
Nombre de Tile traversees: 1032  Distance est: 155
Nombre de Tile ajoutees dans la pile: 10
Nombre de Tile traversees: 1033  Distance est: 155
Nombre de Tile ajoutees dans la pile: 10
Nombre de Tile traversees: 1034  Distance est: 155
Nombre de Tile ajoutees dans la pile: 10
Nombre de Tile traversees: 1035  Distance est: 155
Nombre de Tile ajoutees dans la pile: 10
Nombre de Tile traversees: 1036  Distance est: 155
Nombre de Tile ajoutees dans la pile: 10
Nombre de Tile traversees: 1037  Distance est: 155
Nombre de Tile ajoutees dans la pile: 10
Nombre de Tile traversees: 1038  Distance est: 156
Nombre de Tile ajoutees dans la pile: 10
Nombre de Tile traversees: 1039  Distance est: 156
Nombre de Tile ajoutees dans la pile: 10
Nombre de Tile traversees: 1040  Distance est: 156
Nombre de Tile ajoutees dans la pile: 10
Nombre de Tile traversees: 1041  Distance est: 156
Nombre de Tile ajoutees dans la pile: 10
Nombre de Tile traversees: 1042  Distance est: 156
Nombre de Tile ajoutees dans la pile: 10
Nombre de Tile traversees: 1043  Distance est: 156
Nombre de Tile ajoutees dans la pile: 10
Nombre de Tile traversees: 1044  Distance est: 156
Nombre de Tile ajoutees dans la pile: 10
Nombre de Tile traversees: 1045  Distance est: 156
Nombre de Tile ajoutees dans la pile: 10
Nombre de Tile traversees: 1046  Distance est: 156
Nombre de Tile ajoutees dans la pile: 10
Nombre de Tile traversees: 1047  Distance est: 156
Nombre de Tile ajoutees dans la pile: 10
Nombre de Tile traversees: 1048  Distance est: 157
Nombre de Tile ajoutees dans la pile: 10
Nombre de Tile traversees: 1049  Distance est: 157
Nombre de Tile ajoutees dans la pile: 10
Nombre de Tile traversees: 1050  Distance est: 157
Nombre de Tile ajoutees dans la pile: 10
Nombre de Tile traversees: 1051  Distance est: 157
Nombre de Tile ajoutees dans la pile: 11
Nombre de Tile traversees: 1052  Distance est: 157
Nombre de Tile ajoutees dans la pile: 11
Nombre de Tile traversees: 1053  Distance est: 157
Nombre de Tile ajoutees dans la pile: 11
Nombre de Tile traversees: 1054  Distance est: 157
Nombre de Tile ajoutees dans la pile: 12
Nombre de Tile traversees: 1055  Distance est: 157
Nombre de Tile ajoutees dans la pile: 12
Nombre de Tile traversees: 1056  Distance est: 157
Nombre de Tile ajoutees dans la pile: 12
Nombre de Tile traversees: 1057  Distance est: 157
Nombre de Tile ajoutees dans la pile: 13
Nombre de Tile traversees: 1058  Distance est: 158
Nombre de Tile ajoutees dans la pile: 14
Nombre de Tile traversees: 1059  Distance est: 158
Nombre de Tile ajoutees dans la pile: 14
Nombre de Tile traversees: 1060  Distance est: 158
Nombre de Tile ajoutees dans la pile: 14
Nombre de Tile traversees: 1061  Distance est: 158
Nombre de Tile ajoutees dans la pile: 14
Nombre de Tile traversees: 1062  Distance est: 158
Nombre de Tile ajoutees dans la pile: 14
Nombre de Tile traversees: 1063  Distance est: 158
Nombre de Tile ajoutees dans la pile: 14
Nombre de Tile traversees: 1064  Distance est: 158
Nombre de Tile ajoutees dans la pile: 14
Nombre de Tile traversees: 1065  Distance est: 158
Nombre de Tile ajoutees dans la pile: 15
Nombre de Tile traversees: 1066  Distance est: 158
Nombre de Tile ajoutees dans la pile: 15
Nombre de Tile traversees: 1067  Distance est: 158
Nombre de Tile ajoutees dans la pile: 15
Nombre de Tile traversees: 1068  Distance est: 158
Nombre de Tile ajoutees dans la pile: 15
Nombre de Tile traversees: 1069  Distance est: 158
Nombre de Tile ajoutees dans la pile: 15
Nombre de Tile traversees: 1070  Distance est: 158
Nombre de Tile ajoutees dans la pile: 15
Nombre de Tile traversees: 1071  Distance est: 158
Nombre de Tile ajoutees dans la pile: 15
Nombre de Tile traversees: 1072  Distance est: 159
Nombre de Tile ajoutees dans la pile: 15
Nombre de Tile traversees: 1073  Distance est: 159
Nombre de Tile ajoutees dans la pile: 15
Nombre de Tile traversees: 1074  Distance est: 159
Nombre de Tile ajoutees dans la pile: 15
Nombre de Tile traversees: 1075  Distance est: 159
Nombre de Tile ajoutees dans la pile: 15
Nombre de Tile traversees: 1076  Distance est: 159
Nombre de Tile ajoutees dans la pile: 15
Nombre de Tile traversees: 1077  Distance est: 159
Nombre de Tile ajoutees dans la pile: 15
Nombre de Tile traversees: 1078  Distance est: 159
Nombre de Tile ajoutees dans la pile: 15
Nombre de Tile traversees: 1079  Distance est: 159
Nombre de Tile ajoutees dans la pile: 15
Nombre de Tile traversees: 1080  Distance est: 159
Nombre de Tile ajoutees dans la pile: 14
Nombre de Tile traversees: 1081  Distance est: 159
Nombre de Tile ajoutees dans la pile: 14
Nombre de Tile traversees: 1082  Distance est: 159
Nombre de Tile ajoutees dans la pile: 14
Nombre de Tile traversees: 1083  Distance est: 159
Nombre de Tile ajoutees dans la pile: 14
Nombre de Tile traversees: 1084  Distance est: 159
Nombre de Tile ajoutees dans la pile: 14
Nombre de Tile traversees: 1085  Distance est: 159
Nombre de Tile ajoutees dans la pile: 14
Nombre de Tile traversees: 1086  Distance est: 159
Nombre de Tile ajoutees dans la pile: 13
Nombre de Tile traversees: 1087  Distance est: 160
Nombre de Tile ajoutees dans la pile: 13
Nombre de Tile traversees: 1088  Distance est: 160
Nombre de Tile ajoutees dans la pile: 13
Nombre de Tile traversees: 1089  Distance est: 160
Nombre de Tile ajoutees dans la pile: 13
Nombre de Tile traversees: 1090  Distance est: 160
Nombre de Tile ajoutees dans la pile: 13
Nombre de Tile traversees: 1091  Distance est: 160
Nombre de Tile ajoutees dans la pile: 13
Nombre de Tile traversees: 1092  Distance est: 160
Nombre de Tile ajoutees dans la pile: 13
Nombre de Tile traversees: 1093  Distance est: 160
Nombre de Tile ajoutees dans la pile: 14
Nombre de Tile traversees: 1094  Distance est: 160
Nombre de Tile ajoutees dans la pile: 14
Nombre de Tile traversees: 1095  Distance est: 160
Nombre de Tile ajoutees dans la pile: 14
Nombre de Tile traversees: 1096  Distance est: 160
Nombre de Tile ajoutees dans la pile: 14
Nombre de Tile traversees: 1097  Distance est: 160
Nombre de Tile ajoutees dans la pile: 14
Nombre de Tile traversees: 1098  Distance est: 160
Nombre de Tile ajoutees dans la pile: 14
Nombre de Tile traversees: 1099  Distance est: 160
Nombre de Tile ajoutees dans la pile: 14
Nombre de Tile traversees: 1100  Distance est: 161
Nombre de Tile ajoutees dans la pile: 14
Nombre de Tile traversees: 1101  Distance est: 161
Nombre de Tile ajoutees dans la pile: 14
Nombre de Tile traversees: 1102  Distance est: 161
Nombre de Tile ajoutees dans la pile: 14
Nombre de Tile traversees: 1103  Distance est: 161
Nombre de Tile ajoutees dans la pile: 13
Nombre de Tile traversees: 1104  Distance est: 161
Nombre de Tile ajoutees dans la pile: 13
Nombre de Tile traversees: 1105  Distance est: 161
Nombre de Tile ajoutees dans la pile: 13
Nombre de Tile traversees: 1106  Distance est: 161
Nombre de Tile ajoutees dans la pile: 14
Nombre de Tile traversees: 1107  Distance est: 161
Nombre de Tile ajoutees dans la pile: 14
Nombre de Tile traversees: 1108  Distance est: 161
Nombre de Tile ajoutees dans la pile: 14
Nombre de Tile traversees: 1109  Distance est: 161
Nombre de Tile ajoutees dans la pile: 14
Nombre de Tile traversees: 1110  Distance est: 161
Nombre de Tile ajoutees dans la pile: 13
Nombre de Tile traversees: 1111  Distance est: 161
Nombre de Tile ajoutees dans la pile: 13
Nombre de Tile traversees: 1112  Distance est: 161
Nombre de Tile ajoutees dans la pile: 13
Nombre de Tile traversees: 1113  Distance est: 161
Nombre de Tile ajoutees dans la pile: 13
Nombre de Tile traversees: 1114  Distance est: 162
Nombre de Tile ajoutees dans la pile: 13
Nombre de Tile traversees: 1115  Distance est: 162
Nombre de Tile ajoutees dans la pile: 13
Nombre de Tile traversees: 1116  Distance est: 162
Nombre de Tile ajoutees dans la pile: 13
Nombre de Tile traversees: 1117  Distance est: 162
Nombre de Tile ajoutees dans la pile: 13
Nombre de Tile traversees: 1118  Distance est: 162
Nombre de Tile ajoutees dans la pile: 13
Nombre de Tile traversees: 1119  Distance est: 162
Nombre de Tile ajoutees dans la pile: 14
Nombre de Tile traversees: 1120  Distance est: 162
Nombre de Tile ajoutees dans la pile: 13
Nombre de Tile traversees: 1121  Distance est: 162
Nombre de Tile ajoutees dans la pile: 13
Nombre de Tile traversees: 1122  Distance est: 162
Nombre de Tile ajoutees dans la pile: 13
Nombre de Tile traversees: 1123  Distance est: 162
Nombre de Tile ajoutees dans la pile: 13
Nombre de Tile traversees: 1124  Distance est: 162
Nombre de Tile ajoutees dans la pile: 14
Nombre de Tile traversees: 1125  Distance est: 162
Nombre de Tile ajoutees dans la pile: 14
Nombre de Tile traversees: 1126  Distance est: 162
Nombre de Tile ajoutees dans la pile: 14
Nombre de Tile traversees: 1127  Distance est: 163
Nombre de Tile ajoutees dans la pile: 14
Nombre de Tile traversees: 1128  Distance est: 163
Nombre de Tile ajoutees dans la pile: 14
Nombre de Tile traversees: 1129  Distance est: 163
Nombre de Tile ajoutees dans la pile: 14
Nombre de Tile traversees: 1130  Distance est: 163
Nombre de Tile ajoutees dans la pile: 15
Nombre de Tile traversees: 1131  Distance est: 163
Nombre de Tile ajoutees dans la pile: 14
Nombre de Tile traversees: 1132  Distance est: 163
Nombre de Tile ajoutees dans la pile: 14
Nombre de Tile traversees: 1133  Distance est: 163
Nombre de Tile ajoutees dans la pile: 13
Nombre de Tile traversees: 1134  Distance est: 163
Nombre de Tile ajoutees dans la pile: 13
Nombre de Tile traversees: 1135  Distance est: 163
Nombre de Tile ajoutees dans la pile: 13
Nombre de Tile traversees: 1136  Distance est: 163
Nombre de Tile ajoutees dans la pile: 13
Nombre de Tile traversees: 1137  Distance est: 163
Nombre de Tile ajoutees dans la pile: 14
Nombre de Tile traversees: 1138  Distance est: 163
Nombre de Tile ajoutees dans la pile: 13
Nombre de Tile traversees: 1139  Distance est: 163
Nombre de Tile ajoutees dans la pile: 13
Nombre de Tile traversees: 1140  Distance est: 163
Nombre de Tile ajoutees dans la pile: 13
Nombre de Tile traversees: 1141  Distance est: 164
Nombre de Tile ajoutees dans la pile: 13
Nombre de Tile traversees: 1142  Distance est: 164
Nombre de Tile ajoutees dans la pile: 13
Nombre de Tile traversees: 1143  Distance est: 164
Nombre de Tile ajoutees dans la pile: 13
Nombre de Tile traversees: 1144  Distance est: 164
Nombre de Tile ajoutees dans la pile: 13
Nombre de Tile traversees: 1145  Distance est: 164
Nombre de Tile ajoutees dans la pile: 13
Nombre de Tile traversees: 1146  Distance est: 164
Nombre de Tile ajoutees dans la pile: 13
Nombre de Tile traversees: 1147  Distance est: 164
Nombre de Tile ajoutees dans la pile: 13
Nombre de Tile traversees: 1148  Distance est: 164
Nombre de Tile ajoutees dans la pile: 13
Nombre de Tile traversees: 1149  Distance est: 164
Nombre de Tile ajoutees dans la pile: 13
Nombre de Tile traversees: 1150  Distance est: 164
Nombre de Tile ajoutees dans la pile: 14
Nombre de Tile traversees: 1151  Distance est: 164
Nombre de Tile ajoutees dans la pile: 13
Nombre de Tile traversees: 1152  Distance est: 164
Nombre de Tile ajoutees dans la pile: 13
Nombre de Tile traversees: 1153  Distance est: 164
Nombre de Tile ajoutees dans la pile: 13
Nombre de Tile traversees: 1154  Distance est: 165
Nombre de Tile ajoutees dans la pile: 13
Nombre de Tile traversees: 1155  Distance est: 165
Nombre de Tile ajoutees dans la pile: 14
Nombre de Tile traversees: 1156  Distance est: 165
Nombre de Tile ajoutees dans la pile: 14
Nombre de Tile traversees: 1157  Distance est: 165
Nombre de Tile ajoutees dans la pile: 14
Nombre de Tile traversees: 1158  Distance est: 165
Nombre de Tile ajoutees dans la pile: 14
Nombre de Tile traversees: 1159  Distance est: 165
Nombre de Tile ajoutees dans la pile: 14
Nombre de Tile traversees: 1160  Distance est: 165
Nombre de Tile ajoutees dans la pile: 14
Nombre de Tile traversees: 1161  Distance est: 165
Nombre de Tile ajoutees dans la pile: 14
Nombre de Tile traversees: 1162  Distance est: 165
Nombre de Tile ajoutees dans la pile: 14
Nombre de Tile traversees: 1163  Distance est: 165
Nombre de Tile ajoutees dans la pile: 14
Nombre de Tile traversees: 1164  Distance est: 165
Nombre de Tile ajoutees dans la pile: 13
Nombre de Tile traversees: 1165  Distance est: 165
Nombre de Tile ajoutees dans la pile: 14
Nombre de Tile traversees: 1166  Distance est: 165
Nombre de Tile ajoutees dans la pile: 14
Nombre de Tile traversees: 1167  Distance est: 166
Nombre de Tile ajoutees dans la pile: 14
Nombre de Tile traversees: 1168  Distance est: 166
Nombre de Tile ajoutees dans la pile: 14
Nombre de Tile traversees: 1169  Distance est: 166
Nombre de Tile ajoutees dans la pile: 14
Nombre de Tile traversees: 1170  Distance est: 166
Nombre de Tile ajoutees dans la pile: 14
Nombre de Tile traversees: 1171  Distance est: 166
Nombre de Tile ajoutees dans la pile: 14
Nombre de Tile traversees: 1172  Distance est: 166
Nombre de Tile ajoutees dans la pile: 14
Nombre de Tile traversees: 1173  Distance est: 166
Nombre de Tile ajoutees dans la pile: 14
Nombre de Tile traversees: 1174  Distance est: 166
Nombre de Tile ajoutees dans la pile: 14
Nombre de Tile traversees: 1175  Distance est: 166
Nombre de Tile ajoutees dans la pile: 14
Nombre de Tile traversees: 1176  Distance est: 166
Nombre de Tile ajoutees dans la pile: 14
Nombre de Tile traversees: 1177  Distance est: 166
Nombre de Tile ajoutees dans la pile: 14
Nombre de Tile traversees: 1178  Distance est: 166
Nombre de Tile ajoutees dans la pile: 14
Nombre de Tile traversees: 1179  Distance est: 166
Nombre de Tile ajoutees dans la pile: 14
Nombre de Tile traversees: 1180  Distance est: 166
Nombre de Tile ajoutees dans la pile: 14
Nombre de Tile traversees: 1181  Distance est: 167
Nombre de Tile ajoutees dans la pile: 14
Nombre de Tile traversees: 1182  Distance est: 167
Nombre de Tile ajoutees dans la pile: 15
Nombre de Tile traversees: 1183  Distance est: 167
Nombre de Tile ajoutees dans la pile: 15
Nombre de Tile traversees: 1184  Distance est: 167
Nombre de Tile ajoutees dans la pile: 15
Nombre de Tile traversees: 1185  Distance est: 167
Nombre de Tile ajoutees dans la pile: 14
Nombre de Tile traversees: 1186  Distance est: 167
Nombre de Tile ajoutees dans la pile: 15
Nombre de Tile traversees: 1187  Distance est: 167
Nombre de Tile ajoutees dans la pile: 15
Nombre de Tile traversees: 1188  Distance est: 167
Nombre de Tile ajoutees dans la pile: 15
Nombre de Tile traversees: 1189  Distance est: 167
Nombre de Tile ajoutees dans la pile: 15
Nombre de Tile traversees: 1190  Distance est: 167
Nombre de Tile ajoutees dans la pile: 15
Nombre de Tile traversees: 1191  Distance est: 167
Nombre de Tile ajoutees dans la pile: 15
Nombre de Tile traversees: 1192  Distance est: 167
Nombre de Tile ajoutees dans la pile: 14
Nombre de Tile traversees: 1193  Distance est: 167
Nombre de Tile ajoutees dans la pile: 14
Nombre de Tile traversees: 1194  Distance est: 167
Nombre de Tile ajoutees dans la pile: 14
Nombre de Tile traversees: 1195  Distance est: 168
Nombre de Tile ajoutees dans la pile: 14
Nombre de Tile traversees: 1196  Distance est: 168
Nombre de Tile ajoutees dans la pile: 14
Nombre de Tile traversees: 1197  Distance est: 168
Nombre de Tile ajoutees dans la pile: 14
Nombre de Tile traversees: 1198  Distance est: 168
Nombre de Tile ajoutees dans la pile: 14
Nombre de Tile traversees: 1199  Distance est: 168
Nombre de Tile ajoutees dans la pile: 14
Nombre de Tile traversees: 1200  Distance est: 168
Nombre de Tile ajoutees dans la pile: 14
Nombre de Tile traversees: 1201  Distance est: 168
Nombre de Tile ajoutees dans la pile: 14
Nombre de Tile traversees: 1202  Distance est: 168
Nombre de Tile ajoutees dans la pile: 14
Nombre de Tile traversees: 1203  Distance est: 168
Nombre de Tile ajoutees dans la pile: 15
Nombre de Tile traversees: 1204  Distance est: 168
Nombre de Tile ajoutees dans la pile: 15
Nombre de Tile traversees: 1205  Distance est: 168
Nombre de Tile ajoutees dans la pile: 15
Nombre de Tile traversees: 1206  Distance est: 168
Nombre de Tile ajoutees dans la pile: 15
Nombre de Tile traversees: 1207  Distance est: 168
Nombre de Tile ajoutees dans la pile: 15
Nombre de Tile traversees: 1208  Distance est: 168
Nombre de Tile ajoutees dans la pile: 15
Nombre de Tile traversees: 1209  Distance est: 169
Nombre de Tile ajoutees dans la pile: 15
Nombre de Tile traversees: 1210  Distance est: 169
Nombre de Tile ajoutees dans la pile: 14
Nombre de Tile traversees: 1211  Distance est: 169
Nombre de Tile ajoutees dans la pile: 14
Nombre de Tile traversees: 1212  Distance est: 169
Nombre de Tile ajoutees dans la pile: 14
Nombre de Tile traversees: 1213  Distance est: 169
Nombre de Tile ajoutees dans la pile: 14
Nombre de Tile traversees: 1214  Distance est: 169
Nombre de Tile ajoutees dans la pile: 14
Nombre de Tile traversees: 1215  Distance est: 169
Nombre de Tile ajoutees dans la pile: 13
Nombre de Tile traversees: 1216  Distance est: 169
Nombre de Tile ajoutees dans la pile: 13
Nombre de Tile traversees: 1217  Distance est: 169
Nombre de Tile ajoutees dans la pile: 14
Nombre de Tile traversees: 1218  Distance est: 169
Nombre de Tile ajoutees dans la pile: 13
Nombre de Tile traversees: 1219  Distance est: 169
Nombre de Tile ajoutees dans la pile: 13
Nombre de Tile traversees: 1220  Distance est: 169
Nombre de Tile ajoutees dans la pile: 13
Nombre de Tile traversees: 1221  Distance est: 169
Nombre de Tile ajoutees dans la pile: 13
Nombre de Tile traversees: 1222  Distance est: 169
Nombre de Tile ajoutees dans la pile: 13
Nombre de Tile traversees: 1223  Distance est: 169
Nombre de Tile ajoutees dans la pile: 13
Nombre de Tile traversees: 1224  Distance est: 170
Nombre de Tile ajoutees dans la pile: 13
Nombre de Tile traversees: 1225  Distance est: 170
Nombre de Tile ajoutees dans la pile: 13
Nombre de Tile traversees: 1226  Distance est: 170
Nombre de Tile ajoutees dans la pile: 13
Nombre de Tile traversees: 1227  Distance est: 170
Nombre de Tile ajoutees dans la pile: 13
Nombre de Tile traversees: 1228  Distance est: 170
Nombre de Tile ajoutees dans la pile: 14
Nombre de Tile traversees: 1229  Distance est: 170
Nombre de Tile ajoutees dans la pile: 14
Nombre de Tile traversees: 1230  Distance est: 170
Nombre de Tile ajoutees dans la pile: 16
Nombre de Tile traversees: 1231  Distance est: 170
Nombre de Tile ajoutees dans la pile: 15
Nombre de Tile traversees: 1232  Distance est: 170
Nombre de Tile ajoutees dans la pile: 15
Nombre de Tile traversees: 1233  Distance est: 170
Nombre de Tile ajoutees dans la pile: 15
Nombre de Tile traversees: 1234  Distance est: 170
Nombre de Tile ajoutees dans la pile: 15
Nombre de Tile traversees: 1235  Distance est: 170
Nombre de Tile ajoutees dans la pile: 15
Nombre de Tile traversees: 1236  Distance est: 170
Nombre de Tile ajoutees dans la pile: 15
Nombre de Tile traversees: 1237  Distance est: 171
Nombre de Tile ajoutees dans la pile: 15
Nombre de Tile traversees: 1238  Distance est: 171
Nombre de Tile ajoutees dans la pile: 15
Nombre de Tile traversees: 1239  Distance est: 171
Nombre de Tile ajoutees dans la pile: 14
Nombre de Tile traversees: 1240  Distance est: 171
Nombre de Tile ajoutees dans la pile: 14
Nombre de Tile traversees: 1241  Distance est: 171
Nombre de Tile ajoutees dans la pile: 15
Nombre de Tile traversees: 1242  Distance est: 171
Nombre de Tile ajoutees dans la pile: 14
Nombre de Tile traversees: 1243  Distance est: 171
Nombre de Tile ajoutees dans la pile: 13
Nombre de Tile traversees: 1244  Distance est: 171
Nombre de Tile ajoutees dans la pile: 14
Nombre de Tile traversees: 1245  Distance est: 171
Nombre de Tile ajoutees dans la pile: 13
Nombre de Tile traversees: 1246  Distance est: 171
Nombre de Tile ajoutees dans la pile: 12
Nombre de Tile traversees: 1247  Distance est: 171
Nombre de Tile ajoutees dans la pile: 12
Nombre de Tile traversees: 1248  Distance est: 171
Nombre de Tile ajoutees dans la pile: 12
Nombre de Tile traversees: 1249  Distance est: 171
Nombre de Tile ajoutees dans la pile: 12
Nombre de Tile traversees: 1250  Distance est: 171
Nombre de Tile ajoutees dans la pile: 12
Nombre de Tile traversees: 1251  Distance est: 171
Nombre de Tile ajoutees dans la pile: 12
Nombre de Tile traversees: 1252  Distance est: 172
Nombre de Tile ajoutees dans la pile: 12
Nombre de Tile traversees: 1253  Distance est: 172
Nombre de Tile ajoutees dans la pile: 12
Nombre de Tile traversees: 1254  Distance est: 172
Nombre de Tile ajoutees dans la pile: 12
Nombre de Tile traversees: 1255  Distance est: 172
Nombre de Tile ajoutees dans la pile: 13
Nombre de Tile traversees: 1256  Distance est: 172
Nombre de Tile ajoutees dans la pile: 12
Nombre de Tile traversees: 1257  Distance est: 172
Nombre de Tile ajoutees dans la pile: 13
Nombre de Tile traversees: 1258  Distance est: 172
Nombre de Tile ajoutees dans la pile: 12
Nombre de Tile traversees: 1259  Distance est: 172
Nombre de Tile ajoutees dans la pile: 12
Nombre de Tile traversees: 1260  Distance est: 172
Nombre de Tile ajoutees dans la pile: 12
Nombre de Tile traversees: 1261  Distance est: 172
Nombre de Tile ajoutees dans la pile: 12
Nombre de Tile traversees: 1262  Distance est: 172
Nombre de Tile ajoutees dans la pile: 12
Nombre de Tile traversees: 1263  Distance est: 172
Nombre de Tile ajoutees dans la pile: 12
Nombre de Tile traversees: 1264  Distance est: 173
Nombre de Tile ajoutees dans la pile: 12
Nombre de Tile traversees: 1265  Distance est: 173
Nombre de Tile ajoutees dans la pile: 12
Nombre de Tile traversees: 1266  Distance est: 173
Nombre de Tile ajoutees dans la pile: 12
Nombre de Tile traversees: 1267  Distance est: 173
Nombre de Tile ajoutees dans la pile: 12
Nombre de Tile traversees: 1268  Distance est: 173
Nombre de Tile ajoutees dans la pile: 11
Nombre de Tile traversees: 1269  Distance est: 173
Nombre de Tile ajoutees dans la pile: 11
Nombre de Tile traversees: 1270  Distance est: 173
Nombre de Tile ajoutees dans la pile: 11
Nombre de Tile traversees: 1271  Distance est: 173
Nombre de Tile ajoutees dans la pile: 12
Nombre de Tile traversees: 1272  Distance est: 173
Nombre de Tile ajoutees dans la pile: 12
Nombre de Tile traversees: 1273  Distance est: 173
Nombre de Tile ajoutees dans la pile: 12
Nombre de Tile traversees: 1274  Distance est: 173
Nombre de Tile ajoutees dans la pile: 12
Nombre de Tile traversees: 1275  Distance est: 173
Nombre de Tile ajoutees dans la pile: 13
Nombre de Tile traversees: 1276  Distance est: 174
Nombre de Tile ajoutees dans la pile: 13
Nombre de Tile traversees: 1277  Distance est: 174
Nombre de Tile ajoutees dans la pile: 13
Nombre de Tile traversees: 1278  Distance est: 174
Nombre de Tile ajoutees dans la pile: 13
Nombre de Tile traversees: 1279  Distance est: 174
Nombre de Tile ajoutees dans la pile: 13
Nombre de Tile traversees: 1280  Distance est: 174
Nombre de Tile ajoutees dans la pile: 13
Nombre de Tile traversees: 1281  Distance est: 174
Nombre de Tile ajoutees dans la pile: 13
Nombre de Tile traversees: 1282  Distance est: 174
Nombre de Tile ajoutees dans la pile: 13
Nombre de Tile traversees: 1283  Distance est: 174
Nombre de Tile ajoutees dans la pile: 13
Nombre de Tile traversees: 1284  Distance est: 174
Nombre de Tile ajoutees dans la pile: 13
Nombre de Tile traversees: 1285  Distance est: 174
Nombre de Tile ajoutees dans la pile: 13
Nombre de Tile traversees: 1286  Distance est: 174
Nombre de Tile ajoutees dans la pile: 13
Nombre de Tile traversees: 1287  Distance est: 174
Nombre de Tile ajoutees dans la pile: 13
Nombre de Tile traversees: 1288  Distance est: 174
Nombre de Tile ajoutees dans la pile: 13
Nombre de Tile traversees: 1289  Distance est: 175
Nombre de Tile ajoutees dans la pile: 13
Nombre de Tile traversees: 1290  Distance est: 175
Nombre de Tile ajoutees dans la pile: 13
Nombre de Tile traversees: 1291  Distance est: 175
Nombre de Tile ajoutees dans la pile: 12
Nombre de Tile traversees: 1292  Distance est: 175
Nombre de Tile ajoutees dans la pile: 12
Nombre de Tile traversees: 1293  Distance est: 175
Nombre de Tile ajoutees dans la pile: 12
Nombre de Tile traversees: 1294  Distance est: 175
Nombre de Tile ajoutees dans la pile: 12
Nombre de Tile traversees: 1295  Distance est: 175
Nombre de Tile ajoutees dans la pile: 12
Nombre de Tile traversees: 1296  Distance est: 175
Nombre de Tile ajoutees dans la pile: 12
Nombre de Tile traversees: 1297  Distance est: 175
Nombre de Tile ajoutees dans la pile: 12
Nombre de Tile traversees: 1298  Distance est: 175
Nombre de Tile ajoutees dans la pile: 12
Nombre de Tile traversees: 1299  Distance est: 175
Nombre de Tile ajoutees dans la pile: 12
Nombre de Tile traversees: 1300  Distance est: 175
Nombre de Tile ajoutees dans la pile: 12
Nombre de Tile traversees: 1301  Distance est: 175
Nombre de Tile ajoutees dans la pile: 12
Nombre de Tile traversees: 1302  Distance est: 176
Nombre de Tile ajoutees dans la pile: 12
Nombre de Tile traversees: 1303  Distance est: 176
Nombre de Tile ajoutees dans la pile: 12
Nombre de Tile traversees: 1304  Distance est: 176
Nombre de Tile ajoutees dans la pile: 12
Nombre de Tile traversees: 1305  Distance est: 176
Nombre de Tile ajoutees dans la pile: 12
Nombre de Tile traversees: 1306  Distance est: 176
Nombre de Tile ajoutees dans la pile: 12
Nombre de Tile traversees: 1307  Distance est: 176
Nombre de Tile ajoutees dans la pile: 12
Nombre de Tile traversees: 1308  Distance est: 176
Nombre de Tile ajoutees dans la pile: 12
Nombre de Tile traversees: 1309  Distance est: 176
Nombre de Tile ajoutees dans la pile: 12
Nombre de Tile traversees: 1310  Distance est: 176
Nombre de Tile ajoutees dans la pile: 13
Nombre de Tile traversees: 1311  Distance est: 176
Nombre de Tile ajoutees dans la pile: 13
Nombre de Tile traversees: 1312  Distance est: 176
Nombre de Tile ajoutees dans la pile: 13
Nombre de Tile traversees: 1313  Distance est: 176
Nombre de Tile ajoutees dans la pile: 13
Nombre de Tile traversees: 1314  Distance est: 177
Nombre de Tile ajoutees dans la pile: 13
Nombre de Tile traversees: 1315  Distance est: 177
Nombre de Tile ajoutees dans la pile: 13
Nombre de Tile traversees: 1316  Distance est: 177
Nombre de Tile ajoutees dans la pile: 14
Nombre de Tile traversees: 1317  Distance est: 177
Nombre de Tile ajoutees dans la pile: 15
Nombre de Tile traversees: 1318  Distance est: 177
Nombre de Tile ajoutees dans la pile: 15
Nombre de Tile traversees: 1319  Distance est: 177
Nombre de Tile ajoutees dans la pile: 15
Nombre de Tile traversees: 1320  Distance est: 177
Nombre de Tile ajoutees dans la pile: 15
Nombre de Tile traversees: 1321  Distance est: 177
Nombre de Tile ajoutees dans la pile: 15
Nombre de Tile traversees: 1322  Distance est: 177
Nombre de Tile ajoutees dans la pile: 16
Nombre de Tile traversees: 1323  Distance est: 177
Nombre de Tile ajoutees dans la pile: 16
Nombre de Tile traversees: 1324  Distance est: 177
Nombre de Tile ajoutees dans la pile: 16
Nombre de Tile traversees: 1325  Distance est: 177
Nombre de Tile ajoutees dans la pile: 15
Nombre de Tile traversees: 1326  Distance est: 177
Nombre de Tile ajoutees dans la pile: 15
Nombre de Tile traversees: 1327  Distance est: 178
Nombre de Tile ajoutees dans la pile: 14
Nombre de Tile traversees: 1328  Distance est: 178
Nombre de Tile ajoutees dans la pile: 14
Nombre de Tile traversees: 1329  Distance est: 178
Nombre de Tile ajoutees dans la pile: 14
Nombre de Tile traversees: 1330  Distance est: 178
Nombre de Tile ajoutees dans la pile: 14
Nombre de Tile traversees: 1331  Distance est: 178
Nombre de Tile ajoutees dans la pile: 14
Nombre de Tile traversees: 1332  Distance est: 178
Nombre de Tile ajoutees dans la pile: 14
Nombre de Tile traversees: 1333  Distance est: 178
Nombre de Tile ajoutees dans la pile: 15
Nombre de Tile traversees: 1334  Distance est: 178
Nombre de Tile ajoutees dans la pile: 15
Nombre de Tile traversees: 1335  Distance est: 178
Nombre de Tile ajoutees dans la pile: 15
Nombre de Tile traversees: 1336  Distance est: 178
Nombre de Tile ajoutees dans la pile: 15
Nombre de Tile traversees: 1337  Distance est: 178
Nombre de Tile ajoutees dans la pile: 16
Nombre de Tile traversees: 1338  Distance est: 178
Nombre de Tile ajoutees dans la pile: 15
Nombre de Tile traversees: 1339  Distance est: 178
Nombre de Tile ajoutees dans la pile: 15
Nombre de Tile traversees: 1340  Distance est: 178
Nombre de Tile ajoutees dans la pile: 16
Nombre de Tile traversees: 1341  Distance est: 179
Nombre de Tile ajoutees dans la pile: 16
Nombre de Tile traversees: 1342  Distance est: 179
Nombre de Tile ajoutees dans la pile: 15
Nombre de Tile traversees: 1343  Distance est: 179
Nombre de Tile ajoutees dans la pile: 15
Nombre de Tile traversees: 1344  Distance est: 179
Nombre de Tile ajoutees dans la pile: 15
Nombre de Tile traversees: 1345  Distance est: 179
Nombre de Tile ajoutees dans la pile: 16
Nombre de Tile traversees: 1346  Distance est: 179
Nombre de Tile ajoutees dans la pile: 16
Nombre de Tile traversees: 1347  Distance est: 179
Nombre de Tile ajoutees dans la pile: 17
Nombre de Tile traversees: 1348  Distance est: 179
Nombre de Tile ajoutees dans la pile: 17
Nombre de Tile traversees: 1349  Distance est: 179
Nombre de Tile ajoutees dans la pile: 17
Nombre de Tile traversees: 1350  Distance est: 179
Nombre de Tile ajoutees dans la pile: 18
Nombre de Tile traversees: 1351  Distance est: 179
Nombre de Tile ajoutees dans la pile: 18
Nombre de Tile traversees: 1352  Distance est: 179
Nombre de Tile ajoutees dans la pile: 18
Nombre de Tile traversees: 1353  Distance est: 179
Nombre de Tile ajoutees dans la pile: 17
Nombre de Tile traversees: 1354  Distance est: 179
Nombre de Tile ajoutees dans la pile: 17
Nombre de Tile traversees: 1355  Distance est: 179
Nombre de Tile ajoutees dans la pile: 18
Nombre de Tile traversees: 1356  Distance est: 179
Nombre de Tile ajoutees dans la pile: 17
Nombre de Tile traversees: 1357  Distance est: 180
Nombre de Tile ajoutees dans la pile: 17
Nombre de Tile traversees: 1358  Distance est: 180
Nombre de Tile ajoutees dans la pile: 17
Nombre de Tile traversees: 1359  Distance est: 180
Nombre de Tile ajoutees dans la pile: 17
Nombre de Tile traversees: 1360  Distance est: 180
Nombre de Tile ajoutees dans la pile: 17
Nombre de Tile traversees: 1361  Distance est: 180
Nombre de Tile ajoutees dans la pile: 17
Nombre de Tile traversees: 1362  Distance est: 180
Nombre de Tile ajoutees dans la pile: 17
Nombre de Tile traversees: 1363  Distance est: 180
Nombre de Tile ajoutees dans la pile: 18
Nombre de Tile traversees: 1364  Distance est: 180
Nombre de Tile ajoutees dans la pile: 17
Nombre de Tile traversees: 1365  Distance est: 180
Nombre de Tile ajoutees dans la pile: 17
Nombre de Tile traversees: 1366  Distance est: 180
Nombre de Tile ajoutees dans la pile: 17
Nombre de Tile traversees: 1367  Distance est: 180
Nombre de Tile ajoutees dans la pile: 17
Nombre de Tile traversees: 1368  Distance est: 180
Nombre de Tile ajoutees dans la pile: 17
Nombre de Tile traversees: 1369  Distance est: 180
Nombre de Tile ajoutees dans la pile: 17
Nombre de Tile traversees: 1370  Distance est: 180
Nombre de Tile ajoutees dans la pile: 17
Nombre de Tile traversees: 1371  Distance est: 180
Nombre de Tile ajoutees dans la pile: 17
Nombre de Tile traversees: 1372  Distance est: 180
Nombre de Tile ajoutees dans la pile: 18
Nombre de Tile traversees: 1373  Distance est: 180
Nombre de Tile ajoutees dans la pile: 17
Nombre de Tile traversees: 1374  Distance est: 181
Nombre de Tile ajoutees dans la pile: 17
Nombre de Tile traversees: 1375  Distance est: 181
Nombre de Tile ajoutees dans la pile: 17
Nombre de Tile traversees: 1376  Distance est: 181
Nombre de Tile ajoutees dans la pile: 17
Nombre de Tile traversees: 1377  Distance est: 181
Nombre de Tile ajoutees dans la pile: 17
Nombre de Tile traversees: 1378  Distance est: 181
Nombre de Tile ajoutees dans la pile: 17
Nombre de Tile traversees: 1379  Distance est: 181
Nombre de Tile ajoutees dans la pile: 16
Nombre de Tile traversees: 1380  Distance est: 181
Nombre de Tile ajoutees dans la pile: 16
Nombre de Tile traversees: 1381  Distance est: 181
Nombre de Tile ajoutees dans la pile: 15
Nombre de Tile traversees: 1382  Distance est: 181
Nombre de Tile ajoutees dans la pile: 15
Nombre de Tile traversees: 1383  Distance est: 181
Nombre de Tile ajoutees dans la pile: 15
Nombre de Tile traversees: 1384  Distance est: 181
Nombre de Tile ajoutees dans la pile: 15
Nombre de Tile traversees: 1385  Distance est: 181
Nombre de Tile ajoutees dans la pile: 15
Nombre de Tile traversees: 1386  Distance est: 181
Nombre de Tile ajoutees dans la pile: 15
Nombre de Tile traversees: 1387  Distance est: 181
Nombre de Tile ajoutees dans la pile: 15
Nombre de Tile traversees: 1388  Distance est: 181
Nombre de Tile ajoutees dans la pile: 14
Nombre de Tile traversees: 1389  Distance est: 181
Nombre de Tile ajoutees dans la pile: 13
Nombre de Tile traversees: 1390  Distance est: 181
Nombre de Tile ajoutees dans la pile: 12
Nombre de Tile traversees: 1391  Distance est: 182
Nombre de Tile ajoutees dans la pile: 12
Nombre de Tile traversees: 1392  Distance est: 182
Nombre de Tile ajoutees dans la pile: 12
Nombre de Tile traversees: 1393  Distance est: 182
Nombre de Tile ajoutees dans la pile: 12
Nombre de Tile traversees: 1394  Distance est: 182
Nombre de Tile ajoutees dans la pile: 13
Nombre de Tile traversees: 1395  Distance est: 182
Nombre de Tile ajoutees dans la pile: 13
Nombre de Tile traversees: 1396  Distance est: 182
Nombre de Tile ajoutees dans la pile: 13
Nombre de Tile traversees: 1397  Distance est: 182
Nombre de Tile ajoutees dans la pile: 13
Nombre de Tile traversees: 1398  Distance est: 182
Nombre de Tile ajoutees dans la pile: 13
Nombre de Tile traversees: 1399  Distance est: 182
Nombre de Tile ajoutees dans la pile: 13
Nombre de Tile traversees: 1400  Distance est: 182
Nombre de Tile ajoutees dans la pile: 14
Nombre de Tile traversees: 1401  Distance est: 182
Nombre de Tile ajoutees dans la pile: 14
Nombre de Tile traversees: 1402  Distance est: 182
Nombre de Tile ajoutees dans la pile: 14
Nombre de Tile traversees: 1403  Distance est: 183
Nombre de Tile ajoutees dans la pile: 14
Nombre de Tile traversees: 1404  Distance est: 183
Nombre de Tile ajoutees dans la pile: 13
Nombre de Tile traversees: 1405  Distance est: 183
Nombre de Tile ajoutees dans la pile: 13
Nombre de Tile traversees: 1406  Distance est: 183
Nombre de Tile ajoutees dans la pile: 14
Nombre de Tile traversees: 1407  Distance est: 183
Nombre de Tile ajoutees dans la pile: 13
Nombre de Tile traversees: 1408  Distance est: 183
Nombre de Tile ajoutees dans la pile: 13
Nombre de Tile traversees: 1409  Distance est: 183
Nombre de Tile ajoutees dans la pile: 13
Nombre de Tile traversees: 1410  Distance est: 183
Nombre de Tile ajoutees dans la pile: 13
Nombre de Tile traversees: 1411  Distance est: 183
Nombre de Tile ajoutees dans la pile: 13
Nombre de Tile traversees: 1412  Distance est: 183
Nombre de Tile ajoutees dans la pile: 13
Nombre de Tile traversees: 1413  Distance est: 183
Nombre de Tile ajoutees dans la pile: 14
Nombre de Tile traversees: 1414  Distance est: 183
Nombre de Tile ajoutees dans la pile: 13
Nombre de Tile traversees: 1415  Distance est: 183
Nombre de Tile ajoutees dans la pile: 13
Nombre de Tile traversees: 1416  Distance est: 183
Nombre de Tile ajoutees dans la pile: 13
Nombre de Tile traversees: 1417  Distance est: 184
Nombre de Tile ajoutees dans la pile: 13
Nombre de Tile traversees: 1418  Distance est: 184
Nombre de Tile ajoutees dans la pile: 13
Nombre de Tile traversees: 1419  Distance est: 184
Nombre de Tile ajoutees dans la pile: 14
Nombre de Tile traversees: 1420  Distance est: 184
Nombre de Tile ajoutees dans la pile: 13
Nombre de Tile traversees: 1421  Distance est: 184
Nombre de Tile ajoutees dans la pile: 13
Nombre de Tile traversees: 1422  Distance est: 184
Nombre de Tile ajoutees dans la pile: 13
Nombre de Tile traversees: 1423  Distance est: 184
Nombre de Tile ajoutees dans la pile: 14
Nombre de Tile traversees: 1424  Distance est: 184
Nombre de Tile ajoutees dans la pile: 14
Nombre de Tile traversees: 1425  Distance est: 184
Nombre de Tile ajoutees dans la pile: 14
Nombre de Tile traversees: 1426  Distance est: 184
Nombre de Tile ajoutees dans la pile: 15
Nombre de Tile traversees: 1427  Distance est: 184
Nombre de Tile ajoutees dans la pile: 14
Nombre de Tile traversees: 1428  Distance est: 184
Nombre de Tile ajoutees dans la pile: 14
Nombre de Tile traversees: 1429  Distance est: 184
Nombre de Tile ajoutees dans la pile: 14
Nombre de Tile traversees: 1430  Distance est: 185
Nombre de Tile ajoutees dans la pile: 14
Nombre de Tile traversees: 1431  Distance est: 185
Nombre de Tile ajoutees dans la pile: 14
Nombre de Tile traversees: 1432  Distance est: 185
Nombre de Tile ajoutees dans la pile: 14
Nombre de Tile traversees: 1433  Distance est: 185
Nombre de Tile ajoutees dans la pile: 14
Nombre de Tile traversees: 1434  Distance est: 185
Nombre de Tile ajoutees dans la pile: 13
Nombre de Tile traversees: 1435  Distance est: 185
Nombre de Tile ajoutees dans la pile: 13
Nombre de Tile traversees: 1436  Distance est: 185
Nombre de Tile ajoutees dans la pile: 14
Nombre de Tile traversees: 1437  Distance est: 185
Nombre de Tile ajoutees dans la pile: 13
Nombre de Tile traversees: 1438  Distance est: 185
Nombre de Tile ajoutees dans la pile: 13
Nombre de Tile traversees: 1439  Distance est: 185
Nombre de Tile ajoutees dans la pile: 13
Nombre de Tile traversees: 1440  Distance est: 185
Nombre de Tile ajoutees dans la pile: 13
Nombre de Tile traversees: 1441  Distance est: 185
Nombre de Tile ajoutees dans la pile: 13
Nombre de Tile traversees: 1442  Distance est: 185
Nombre de Tile ajoutees dans la pile: 14
Nombre de Tile traversees: 1443  Distance est: 185
Nombre de Tile ajoutees dans la pile: 14
Nombre de Tile traversees: 1444  Distance est: 186
Nombre de Tile ajoutees dans la pile: 14
Nombre de Tile traversees: 1445  Distance est: 186
Nombre de Tile ajoutees dans la pile: 14
Nombre de Tile traversees: 1446  Distance est: 186
Nombre de Tile ajoutees dans la pile: 14
Nombre de Tile traversees: 1447  Distance est: 186
Nombre de Tile ajoutees dans la pile: 14
Nombre de Tile traversees: 1448  Distance est: 186
Nombre de Tile ajoutees dans la pile: 14
Nombre de Tile traversees: 1449  Distance est: 186
Nombre de Tile ajoutees dans la pile: 15
Nombre de Tile traversees: 1450  Distance est: 186
Nombre de Tile ajoutees dans la pile: 14
Nombre de Tile traversees: 1451  Distance est: 186
Nombre de Tile ajoutees dans la pile: 15
Nombre de Tile traversees: 1452  Distance est: 186
Nombre de Tile ajoutees dans la pile: 15
Nombre de Tile traversees: 1453  Distance est: 186
Nombre de Tile ajoutees dans la pile: 15
Nombre de Tile traversees: 1454  Distance est: 186
Nombre de Tile ajoutees dans la pile: 15
Nombre de Tile traversees: 1455  Distance est: 186
Nombre de Tile ajoutees dans la pile: 15
Nombre de Tile traversees: 1456  Distance est: 186
Nombre de Tile ajoutees dans la pile: 15
Nombre de Tile traversees: 1457  Distance est: 186
Nombre de Tile ajoutees dans la pile: 15
Nombre de Tile traversees: 1458  Distance est: 187
Nombre de Tile ajoutees dans la pile: 15
Nombre de Tile traversees: 1459  Distance est: 187
Nombre de Tile ajoutees dans la pile: 15
Nombre de Tile traversees: 1460  Distance est: 187
Nombre de Tile ajoutees dans la pile: 15
Nombre de Tile traversees: 1461  Distance est: 187
Nombre de Tile ajoutees dans la pile: 14
Nombre de Tile traversees: 1462  Distance est: 187
Nombre de Tile ajoutees dans la pile: 15
Nombre de Tile traversees: 1463  Distance est: 187
Nombre de Tile ajoutees dans la pile: 16
Nombre de Tile traversees: 1464  Distance est: 187
Nombre de Tile ajoutees dans la pile: 15
Nombre de Tile traversees: 1465  Distance est: 187
Nombre de Tile ajoutees dans la pile: 16
Nombre de Tile traversees: 1466  Distance est: 187
Nombre de Tile ajoutees dans la pile: 15
Nombre de Tile traversees: 1467  Distance est: 187
Nombre de Tile ajoutees dans la pile: 15
Nombre de Tile traversees: 1468  Distance est: 187
Nombre de Tile ajoutees dans la pile: 15
Nombre de Tile traversees: 1469  Distance est: 187
Nombre de Tile ajoutees dans la pile: 15
Nombre de Tile traversees: 1470  Distance est: 187
Nombre de Tile ajoutees dans la pile: 15
Nombre de Tile traversees: 1471  Distance est: 187
Nombre de Tile ajoutees dans la pile: 16
Nombre de Tile traversees: 1472  Distance est: 187
Nombre de Tile ajoutees dans la pile: 16
Nombre de Tile traversees: 1473  Distance est: 188
Nombre de Tile ajoutees dans la pile: 16
Nombre de Tile traversees: 1474  Distance est: 188
Nombre de Tile ajoutees dans la pile: 16
Nombre de Tile traversees: 1475  Distance est: 188
Nombre de Tile ajoutees dans la pile: 16
Nombre de Tile traversees: 1476  Distance est: 188
Nombre de Tile ajoutees dans la pile: 16
Nombre de Tile traversees: 1477  Distance est: 188
Nombre de Tile ajoutees dans la pile: 16
Nombre de Tile traversees: 1478  Distance est: 188
Nombre de Tile ajoutees dans la pile: 16
Nombre de Tile traversees: 1479  Distance est: 188
Nombre de Tile ajoutees dans la pile: 16
Nombre de Tile traversees: 1480  Distance est: 188
Nombre de Tile ajoutees dans la pile: 17
Nombre de Tile traversees: 1481  Distance est: 188
Nombre de Tile ajoutees dans la pile: 16
Nombre de Tile traversees: 1482  Distance est: 188
Nombre de Tile ajoutees dans la pile: 16
Nombre de Tile traversees: 1483  Distance est: 188
Nombre de Tile ajoutees dans la pile: 16
Nombre de Tile traversees: 1484  Distance est: 188
Nombre de Tile ajoutees dans la pile: 16
Nombre de Tile traversees: 1485  Distance est: 188
Nombre de Tile ajoutees dans la pile: 16
Nombre de Tile traversees: 1486  Distance est: 188
Nombre de Tile ajoutees dans la pile: 16
Nombre de Tile traversees: 1487  Distance est: 188
Nombre de Tile ajoutees dans la pile: 16
Nombre de Tile traversees: 1488  Distance est: 188
Nombre de Tile ajoutees dans la pile: 16
Nombre de Tile traversees: 1489  Distance est: 189
Nombre de Tile ajoutees dans la pile: 16
Nombre de Tile traversees: 1490  Distance est: 189
Nombre de Tile ajoutees dans la pile: 17
Nombre de Tile traversees: 1491  Distance est: 189
Nombre de Tile ajoutees dans la pile: 17
Nombre de Tile traversees: 1492  Distance est: 189
Nombre de Tile ajoutees dans la pile: 16
Nombre de Tile traversees: 1493  Distance est: 189
Nombre de Tile ajoutees dans la pile: 16
Nombre de Tile traversees: 1494  Distance est: 189
Nombre de Tile ajoutees dans la pile: 16
Nombre de Tile traversees: 1495  Distance est: 189
Nombre de Tile ajoutees dans la pile: 16
Nombre de Tile traversees: 1496  Distance est: 189
Nombre de Tile ajoutees dans la pile: 16
Nombre de Tile traversees: 1497  Distance est: 189
Nombre de Tile ajoutees dans la pile: 15
Nombre de Tile traversees: 1498  Distance est: 189
Nombre de Tile ajoutees dans la pile: 15
Nombre de Tile traversees: 1499  Distance est: 189
Nombre de Tile ajoutees dans la pile: 14
Nombre de Tile traversees: 1500  Distance est: 189
Nombre de Tile ajoutees dans la pile: 14
Nombre de Tile traversees: 1501  Distance est: 189
Nombre de Tile ajoutees dans la pile: 14
Nombre de Tile traversees: 1502  Distance est: 189
Nombre de Tile ajoutees dans la pile: 14
Nombre de Tile traversees: 1503  Distance est: 189
Nombre de Tile ajoutees dans la pile: 14
Nombre de Tile traversees: 1504  Distance est: 189
Nombre de Tile ajoutees dans la pile: 13
Nombre de Tile traversees: 1505  Distance est: 190
Nombre de Tile ajoutees dans la pile: 14
Nombre de Tile traversees: 1506  Distance est: 190
Nombre de Tile ajoutees dans la pile: 14
Nombre de Tile traversees: 1507  Distance est: 190
Nombre de Tile ajoutees dans la pile: 14
Nombre de Tile traversees: 1508  Distance est: 190
Nombre de Tile ajoutees dans la pile: 14
Nombre de Tile traversees: 1509  Distance est: 190
Nombre de Tile ajoutees dans la pile: 14
Nombre de Tile traversees: 1510  Distance est: 190
Nombre de Tile ajoutees dans la pile: 14
Nombre de Tile traversees: 1511  Distance est: 190
Nombre de Tile ajoutees dans la pile: 14
Nombre de Tile traversees: 1512  Distance est: 190
Nombre de Tile ajoutees dans la pile: 14
Nombre de Tile traversees: 1513  Distance est: 190
Nombre de Tile ajoutees dans la pile: 14
Nombre de Tile traversees: 1514  Distance est: 190
Nombre de Tile ajoutees dans la pile: 14
Nombre de Tile traversees: 1515  Distance est: 190
Nombre de Tile ajoutees dans la pile: 15
Nombre de Tile traversees: 1516  Distance est: 190
Nombre de Tile ajoutees dans la pile: 15
Nombre de Tile traversees: 1517  Distance est: 190
Nombre de Tile ajoutees dans la pile: 15
Nombre de Tile traversees: 1518  Distance est: 190
Nombre de Tile ajoutees dans la pile: 15
Nombre de Tile traversees: 1519  Distance est: 191
Nombre de Tile ajoutees dans la pile: 15
Nombre de Tile traversees: 1520  Distance est: 191
Nombre de Tile ajoutees dans la pile: 15
Nombre de Tile traversees: 1521  Distance est: 191
Nombre de Tile ajoutees dans la pile: 14
Nombre de Tile traversees: 1522  Distance est: 191
Nombre de Tile ajoutees dans la pile: 14
Nombre de Tile traversees: 1523  Distance est: 191
Nombre de Tile ajoutees dans la pile: 14
Nombre de Tile traversees: 1524  Distance est: 191
Nombre de Tile ajoutees dans la pile: 14
Nombre de Tile traversees: 1525  Distance est: 191
Nombre de Tile ajoutees dans la pile: 15
Nombre de Tile traversees: 1526  Distance est: 191
Nombre de Tile ajoutees dans la pile: 15
Nombre de Tile traversees: 1527  Distance est: 191
Nombre de Tile ajoutees dans la pile: 15
Nombre de Tile traversees: 1528  Distance est: 191
Nombre de Tile ajoutees dans la pile: 15
Nombre de Tile traversees: 1529  Distance est: 191
Nombre de Tile ajoutees dans la pile: 16
Nombre de Tile traversees: 1530  Distance est: 191
Nombre de Tile ajoutees dans la pile: 15
Nombre de Tile traversees: 1531  Distance est: 191
Nombre de Tile ajoutees dans la pile: 14
Nombre de Tile traversees: 1532  Distance est: 191
Nombre de Tile ajoutees dans la pile: 13
Nombre de Tile traversees: 1533  Distance est: 191
Nombre de Tile ajoutees dans la pile: 12
Nombre de Tile traversees: 1534  Distance est: 192
Nombre de Tile ajoutees dans la pile: 12
Nombre de Tile traversees: 1535  Distance est: 192
Nombre de Tile ajoutees dans la pile: 13
Nombre de Tile traversees: 1536  Distance est: 192
Nombre de Tile ajoutees dans la pile: 13
Nombre de Tile traversees: 1537  Distance est: 192
Nombre de Tile ajoutees dans la pile: 13
Nombre de Tile traversees: 1538  Distance est: 192
Nombre de Tile ajoutees dans la pile: 13
Nombre de Tile traversees: 1539  Distance est: 192
Nombre de Tile ajoutees dans la pile: 13
Nombre de Tile traversees: 1540  Distance est: 192
Nombre de Tile ajoutees dans la pile: 13
Nombre de Tile traversees: 1541  Distance est: 192
Nombre de Tile ajoutees dans la pile: 13
Nombre de Tile traversees: 1542  Distance est: 192
Nombre de Tile ajoutees dans la pile: 13
Nombre de Tile traversees: 1543  Distance est: 192
Nombre de Tile ajoutees dans la pile: 13
Nombre de Tile traversees: 1544  Distance est: 192
Nombre de Tile ajoutees dans la pile: 14
Nombre de Tile traversees: 1545  Distance est: 192
Nombre de Tile ajoutees dans la pile: 13
Nombre de Tile traversees: 1546  Distance est: 193
Nombre de Tile ajoutees dans la pile: 13
Nombre de Tile traversees: 1547  Distance est: 193
Nombre de Tile ajoutees dans la pile: 14
Nombre de Tile traversees: 1548  Distance est: 193
Nombre de Tile ajoutees dans la pile: 13
Nombre de Tile traversees: 1549  Distance est: 193
Nombre de Tile ajoutees dans la pile: 13
Nombre de Tile traversees: 1550  Distance est: 193
Nombre de Tile ajoutees dans la pile: 13
Nombre de Tile traversees: 1551  Distance est: 193
Nombre de Tile ajoutees dans la pile: 13
Nombre de Tile traversees: 1552  Distance est: 193
Nombre de Tile ajoutees dans la pile: 13
Nombre de Tile traversees: 1553  Distance est: 193
Nombre de Tile ajoutees dans la pile: 13
Nombre de Tile traversees: 1554  Distance est: 193
Nombre de Tile ajoutees dans la pile: 13
Nombre de Tile traversees: 1555  Distance est: 193
Nombre de Tile ajoutees dans la pile: 13
Nombre de Tile traversees: 1556  Distance est: 193
Nombre de Tile ajoutees dans la pile: 13
Nombre de Tile traversees: 1557  Distance est: 193
Nombre de Tile ajoutees dans la pile: 13
Nombre de Tile traversees: 1558  Distance est: 193
Nombre de Tile ajoutees dans la pile: 12
Nombre de Tile traversees: 1559  Distance est: 194
Nombre de Tile ajoutees dans la pile: 12
Nombre de Tile traversees: 1560  Distance est: 194
Nombre de Tile ajoutees dans la pile: 14
Nombre de Tile traversees: 1561  Distance est: 194
Nombre de Tile ajoutees dans la pile: 13
Nombre de Tile traversees: 1562  Distance est: 194
Nombre de Tile ajoutees dans la pile: 13
Nombre de Tile traversees: 1563  Distance est: 194
Nombre de Tile ajoutees dans la pile: 13
Nombre de Tile traversees: 1564  Distance est: 194
Nombre de Tile ajoutees dans la pile: 13
Nombre de Tile traversees: 1565  Distance est: 194
Nombre de Tile ajoutees dans la pile: 13
Nombre de Tile traversees: 1566  Distance est: 194
Nombre de Tile ajoutees dans la pile: 13
Nombre de Tile traversees: 1567  Distance est: 194
Nombre de Tile ajoutees dans la pile: 13
Nombre de Tile traversees: 1568  Distance est: 194
Nombre de Tile ajoutees dans la pile: 13
Nombre de Tile traversees: 1569  Distance est: 194
Nombre de Tile ajoutees dans la pile: 13
Nombre de Tile traversees: 1570  Distance est: 194
Nombre de Tile ajoutees dans la pile: 13
Nombre de Tile traversees: 1571  Distance est: 195
Nombre de Tile ajoutees dans la pile: 13
Nombre de Tile traversees: 1572  Distance est: 195
Nombre de Tile ajoutees dans la pile: 14
Nombre de Tile traversees: 1573  Distance est: 195
Nombre de Tile ajoutees dans la pile: 13
Nombre de Tile traversees: 1574  Distance est: 195
Nombre de Tile ajoutees dans la pile: 12
Nombre de Tile traversees: 1575  Distance est: 195
Nombre de Tile ajoutees dans la pile: 12
Nombre de Tile traversees: 1576  Distance est: 195
Nombre de Tile ajoutees dans la pile: 12
Nombre de Tile traversees: 1577  Distance est: 195
Nombre de Tile ajoutees dans la pile: 12
Nombre de Tile traversees: 1578  Distance est: 195
Nombre de Tile ajoutees dans la pile: 12
Nombre de Tile traversees: 1579  Distance est: 195
Nombre de Tile ajoutees dans la pile: 11
Nombre de Tile traversees: 1580  Distance est: 195
Nombre de Tile ajoutees dans la pile: 11
Nombre de Tile traversees: 1581  Distance est: 195
Nombre de Tile ajoutees dans la pile: 11
Nombre de Tile traversees: 1582  Distance est: 195
Nombre de Tile ajoutees dans la pile: 11
Nombre de Tile traversees: 1583  Distance est: 195
Nombre de Tile ajoutees dans la pile: 11
Nombre de Tile traversees: 1584  Distance est: 196
Nombre de Tile ajoutees dans la pile: 12
Nombre de Tile traversees: 1585  Distance est: 196
Nombre de Tile ajoutees dans la pile: 13
Nombre de Tile traversees: 1586  Distance est: 196
Nombre de Tile ajoutees dans la pile: 12
Nombre de Tile traversees: 1587  Distance est: 196
Nombre de Tile ajoutees dans la pile: 12
Nombre de Tile traversees: 1588  Distance est: 196
Nombre de Tile ajoutees dans la pile: 12
Nombre de Tile traversees: 1589  Distance est: 196
Nombre de Tile ajoutees dans la pile: 12
Nombre de Tile traversees: 1590  Distance est: 196
Nombre de Tile ajoutees dans la pile: 12
Nombre de Tile traversees: 1591  Distance est: 196
Nombre de Tile ajoutees dans la pile: 12
Nombre de Tile traversees: 1592  Distance est: 196
Nombre de Tile ajoutees dans la pile: 12
Nombre de Tile traversees: 1593  Distance est: 196
Nombre de Tile ajoutees dans la pile: 12
Nombre de Tile traversees: 1594  Distance est: 196
Nombre de Tile ajoutees dans la pile: 12
Nombre de Tile traversees: 1595  Distance est: 196
Nombre de Tile ajoutees dans la pile: 12
Nombre de Tile traversees: 1596  Distance est: 197
Nombre de Tile ajoutees dans la pile: 12
Nombre de Tile traversees: 1597  Distance est: 197
Nombre de Tile ajoutees dans la pile: 12
Nombre de Tile traversees: 1598  Distance est: 197
Nombre de Tile ajoutees dans la pile: 11
Nombre de Tile traversees: 1599  Distance est: 197
Nombre de Tile ajoutees dans la pile: 11
Nombre de Tile traversees: 1600  Distance est: 197
Nombre de Tile ajoutees dans la pile: 11
Nombre de Tile traversees: 1601  Distance est: 197
Nombre de Tile ajoutees dans la pile: 12
Nombre de Tile traversees: 1602  Distance est: 197
Nombre de Tile ajoutees dans la pile: 13
Nombre de Tile traversees: 1603  Distance est: 197
Nombre de Tile ajoutees dans la pile: 13
Nombre de Tile traversees: 1604  Distance est: 197
Nombre de Tile ajoutees dans la pile: 13
Nombre de Tile traversees: 1605  Distance est: 197
Nombre de Tile ajoutees dans la pile: 13
Nombre de Tile traversees: 1606  Distance est: 197
Nombre de Tile ajoutees dans la pile: 13
Nombre de Tile traversees: 1607  Distance est: 197
Nombre de Tile ajoutees dans la pile: 13
Nombre de Tile traversees: 1608  Distance est: 198
Nombre de Tile ajoutees dans la pile: 13
Nombre de Tile traversees: 1609  Distance est: 198
Nombre de Tile ajoutees dans la pile: 13
Nombre de Tile traversees: 1610  Distance est: 198
Nombre de Tile ajoutees dans la pile: 13
Nombre de Tile traversees: 1611  Distance est: 198
Nombre de Tile ajoutees dans la pile: 13
Nombre de Tile traversees: 1612  Distance est: 198
Nombre de Tile ajoutees dans la pile: 13
Nombre de Tile traversees: 1613  Distance est: 198
Nombre de Tile ajoutees dans la pile: 13
Nombre de Tile traversees: 1614  Distance est: 198
Nombre de Tile ajoutees dans la pile: 13
Nombre de Tile traversees: 1615  Distance est: 198
Nombre de Tile ajoutees dans la pile: 13
Nombre de Tile traversees: 1616  Distance est: 198
Nombre de Tile ajoutees dans la pile: 13
Nombre de Tile traversees: 1617  Distance est: 198
Nombre de Tile ajoutees dans la pile: 13
Nombre de Tile traversees: 1618  Distance est: 198
Nombre de Tile ajoutees dans la pile: 13
Nombre de Tile traversees: 1619  Distance est: 198
Nombre de Tile ajoutees dans la pile: 13
Nombre de Tile traversees: 1620  Distance est: 198
Nombre de Tile ajoutees dans la pile: 13
Nombre de Tile traversees: 1621  Distance est: 199
Nombre de Tile ajoutees dans la pile: 13
Nombre de Tile traversees: 1622  Distance est: 199
Nombre de Tile ajoutees dans la pile: 13
Nombre de Tile traversees: 1623  Distance est: 199
Nombre de Tile ajoutees dans la pile: 13
Nombre de Tile traversees: 1624  Distance est: 199
Nombre de Tile ajoutees dans la pile: 13
Nombre de Tile traversees: 1625  Distance est: 199
Nombre de Tile ajoutees dans la pile: 13
Nombre de Tile traversees: 1626  Distance est: 199
Nombre de Tile ajoutees dans la pile: 14
Nombre de Tile traversees: 1627  Distance est: 199
Nombre de Tile ajoutees dans la pile: 14
Nombre de Tile traversees: 1628  Distance est: 199
Nombre de Tile ajoutees dans la pile: 13
Nombre de Tile traversees: 1629  Distance est: 199
Nombre de Tile ajoutees dans la pile: 13
Nombre de Tile traversees: 1630  Distance est: 199
Nombre de Tile ajoutees dans la pile: 13
Nombre de Tile traversees: 1631  Distance est: 199
Nombre de Tile ajoutees dans la pile: 13
Nombre de Tile traversees: 1632  Distance est: 199
Nombre de Tile ajoutees dans la pile: 13
Nombre de Tile traversees: 1633  Distance est: 199
Nombre de Tile ajoutees dans la pile: 13
Nombre de Tile traversees: 1634  Distance est: 200
Nombre de Tile ajoutees dans la pile: 13
Nombre de Tile traversees: 1635  Distance est: 200
Nombre de Tile ajoutees dans la pile: 13
Nombre de Tile traversees: 1636  Distance est: 200
Nombre de Tile ajoutees dans la pile: 13
Nombre de Tile traversees: 1637  Distance est: 200
Nombre de Tile ajoutees dans la pile: 14
Nombre de Tile traversees: 1638  Distance est: 200
Nombre de Tile ajoutees dans la pile: 14
Nombre de Tile traversees: 1639  Distance est: 200
Nombre de Tile ajoutees dans la pile: 14
Nombre de Tile traversees: 1640  Distance est: 200
Nombre de Tile ajoutees dans la pile: 14
Nombre de Tile traversees: 1641  Distance est: 200
Nombre de Tile ajoutees dans la pile: 14
Nombre de Tile traversees: 1642  Distance est: 200
Nombre de Tile ajoutees dans la pile: 14
Nombre de Tile traversees: 1643  Distance est: 200
Nombre de Tile ajoutees dans la pile: 14
Nombre de Tile traversees: 1644  Distance est: 200
Nombre de Tile ajoutees dans la pile: 14
Nombre de Tile traversees: 1645  Distance est: 200
Nombre de Tile ajoutees dans la pile: 14
Nombre de Tile traversees: 1646  Distance est: 200
Nombre de Tile ajoutees dans la pile: 14
Nombre de Tile traversees: 1647  Distance est: 201
Nombre de Tile ajoutees dans la pile: 14
Nombre de Tile traversees: 1648  Distance est: 201
Nombre de Tile ajoutees dans la pile: 14
Nombre de Tile traversees: 1649  Distance est: 201
Nombre de Tile ajoutees dans la pile: 14
Nombre de Tile traversees: 1650  Distance est: 201
Nombre de Tile ajoutees dans la pile: 15
Nombre de Tile traversees: 1651  Distance est: 201
Nombre de Tile ajoutees dans la pile: 14
Nombre de Tile traversees: 1652  Distance est: 201
Nombre de Tile ajoutees dans la pile: 14
Nombre de Tile traversees: 1653  Distance est: 201
Nombre de Tile ajoutees dans la pile: 14
Nombre de Tile traversees: 1654  Distance est: 201
Nombre de Tile ajoutees dans la pile: 14
Nombre de Tile traversees: 1655  Distance est: 201
Nombre de Tile ajoutees dans la pile: 14
Nombre de Tile traversees: 1656  Distance est: 201
Nombre de Tile ajoutees dans la pile: 14
Nombre de Tile traversees: 1657  Distance est: 201
Nombre de Tile ajoutees dans la pile: 14
Nombre de Tile traversees: 1658  Distance est: 201
Nombre de Tile ajoutees dans la pile: 14
Nombre de Tile traversees: 1659  Distance est: 201
Nombre de Tile ajoutees dans la pile: 14
Nombre de Tile traversees: 1660  Distance est: 201
Nombre de Tile ajoutees dans la pile: 14
Nombre de Tile traversees: 1661  Distance est: 202
Nombre de Tile ajoutees dans la pile: 14
Nombre de Tile traversees: 1662  Distance est: 202
Nombre de Tile ajoutees dans la pile: 14
Nombre de Tile traversees: 1663  Distance est: 202
Nombre de Tile ajoutees dans la pile: 14
Nombre de Tile traversees: 1664  Distance est: 202
Nombre de Tile ajoutees dans la pile: 15
Nombre de Tile traversees: 1665  Distance est: 202
Nombre de Tile ajoutees dans la pile: 14
Nombre de Tile traversees: 1666  Distance est: 202
Nombre de Tile ajoutees dans la pile: 14
Nombre de Tile traversees: 1667  Distance est: 202
Nombre de Tile ajoutees dans la pile: 14
Nombre de Tile traversees: 1668  Distance est: 202
Nombre de Tile ajoutees dans la pile: 14
Nombre de Tile traversees: 1669  Distance est: 202
Nombre de Tile ajoutees dans la pile: 14
Nombre de Tile traversees: 1670  Distance est: 202
Nombre de Tile ajoutees dans la pile: 14
Nombre de Tile traversees: 1671  Distance est: 202
Nombre de Tile ajoutees dans la pile: 14
Nombre de Tile traversees: 1672  Distance est: 202
Nombre de Tile ajoutees dans la pile: 14
Nombre de Tile traversees: 1673  Distance est: 202
Nombre de Tile ajoutees dans la pile: 14
Nombre de Tile traversees: 1674  Distance est: 202
Nombre de Tile ajoutees dans la pile: 14
Nombre de Tile traversees: 1675  Distance est: 203
Nombre de Tile ajoutees dans la pile: 14
Nombre de Tile traversees: 1676  Distance est: 203
Nombre de Tile ajoutees dans la pile: 14
Nombre de Tile traversees: 1677  Distance est: 203
Nombre de Tile ajoutees dans la pile: 14
Nombre de Tile traversees: 1678  Distance est: 203
Nombre de Tile ajoutees dans la pile: 14
Nombre de Tile traversees: 1679  Distance est: 203
Nombre de Tile ajoutees dans la pile: 13
Nombre de Tile traversees: 1680  Distance est: 203
Nombre de Tile ajoutees dans la pile: 13
Nombre de Tile traversees: 1681  Distance est: 203
Nombre de Tile ajoutees dans la pile: 13
Nombre de Tile traversees: 1682  Distance est: 203
Nombre de Tile ajoutees dans la pile: 13
Nombre de Tile traversees: 1683  Distance est: 203
Nombre de Tile ajoutees dans la pile: 13
Nombre de Tile traversees: 1684  Distance est: 203
Nombre de Tile ajoutees dans la pile: 14
Nombre de Tile traversees: 1685  Distance est: 203
Nombre de Tile ajoutees dans la pile: 14
Nombre de Tile traversees: 1686  Distance est: 203
Nombre de Tile ajoutees dans la pile: 14
Nombre de Tile traversees: 1687  Distance est: 203
Nombre de Tile ajoutees dans la pile: 13
Nombre de Tile traversees: 1688  Distance est: 203
Nombre de Tile ajoutees dans la pile: 13
Nombre de Tile traversees: 1689  Distance est: 204
Nombre de Tile ajoutees dans la pile: 13
Nombre de Tile traversees: 1690  Distance est: 204
Nombre de Tile ajoutees dans la pile: 13
Nombre de Tile traversees: 1691  Distance est: 204
Nombre de Tile ajoutees dans la pile: 13
Nombre de Tile traversees: 1692  Distance est: 204
Nombre de Tile ajoutees dans la pile: 13
Nombre de Tile traversees: 1693  Distance est: 204
Nombre de Tile ajoutees dans la pile: 13
Nombre de Tile traversees: 1694  Distance est: 204
Nombre de Tile ajoutees dans la pile: 13
Nombre de Tile traversees: 1695  Distance est: 204
Nombre de Tile ajoutees dans la pile: 13
Nombre de Tile traversees: 1696  Distance est: 204
Nombre de Tile ajoutees dans la pile: 13
Nombre de Tile traversees: 1697  Distance est: 204
Nombre de Tile ajoutees dans la pile: 14
Nombre de Tile traversees: 1698  Distance est: 204
Nombre de Tile ajoutees dans la pile: 14
Nombre de Tile traversees: 1699  Distance est: 204
Nombre de Tile ajoutees dans la pile: 14
Nombre de Tile traversees: 1700  Distance est: 204
Nombre de Tile ajoutees dans la pile: 14
Nombre de Tile traversees: 1701  Distance est: 204
Nombre de Tile ajoutees dans la pile: 14
Nombre de Tile traversees: 1702  Distance est: 205
Nombre de Tile ajoutees dans la pile: 14
Nombre de Tile traversees: 1703  Distance est: 205
Nombre de Tile ajoutees dans la pile: 14
Nombre de Tile traversees: 1704  Distance est: 205
Nombre de Tile ajoutees dans la pile: 14
Nombre de Tile traversees: 1705  Distance est: 205
Nombre de Tile ajoutees dans la pile: 14
Nombre de Tile traversees: 1706  Distance est: 205
Nombre de Tile ajoutees dans la pile: 13
Nombre de Tile traversees: 1707  Distance est: 205
Nombre de Tile ajoutees dans la pile: 12
Nombre de Tile traversees: 1708  Distance est: 205
Nombre de Tile ajoutees dans la pile: 12
Nombre de Tile traversees: 1709  Distance est: 205
Nombre de Tile ajoutees dans la pile: 12
Nombre de Tile traversees: 1710  Distance est: 205
Nombre de Tile ajoutees dans la pile: 12
Nombre de Tile traversees: 1711  Distance est: 205
Nombre de Tile ajoutees dans la pile: 11
Nombre de Tile traversees: 1712  Distance est: 205
Nombre de Tile ajoutees dans la pile: 11
Nombre de Tile traversees: 1713  Distance est: 205
Nombre de Tile ajoutees dans la pile: 11
Nombre de Tile traversees: 1714  Distance est: 205
Nombre de Tile ajoutees dans la pile: 12
Nombre de Tile traversees: 1715  Distance est: 205
Nombre de Tile ajoutees dans la pile: 12
Nombre de Tile traversees: 1716  Distance est: 206
Nombre de Tile ajoutees dans la pile: 12
Nombre de Tile traversees: 1717  Distance est: 206
Nombre de Tile ajoutees dans la pile: 12
Nombre de Tile traversees: 1718  Distance est: 206
Nombre de Tile ajoutees dans la pile: 13
Nombre de Tile traversees: 1719  Distance est: 206
Nombre de Tile ajoutees dans la pile: 13
Nombre de Tile traversees: 1720  Distance est: 206
Nombre de Tile ajoutees dans la pile: 13
Nombre de Tile traversees: 1721  Distance est: 206
Nombre de Tile ajoutees dans la pile: 13
Nombre de Tile traversees: 1722  Distance est: 206
Nombre de Tile ajoutees dans la pile: 13
Nombre de Tile traversees: 1723  Distance est: 206
Nombre de Tile ajoutees dans la pile: 13
Nombre de Tile traversees: 1724  Distance est: 206
Nombre de Tile ajoutees dans la pile: 13
Nombre de Tile traversees: 1725  Distance est: 206
Nombre de Tile ajoutees dans la pile: 13
Nombre de Tile traversees: 1726  Distance est: 206
Nombre de Tile ajoutees dans la pile: 13
Nombre de Tile traversees: 1727  Distance est: 206
Nombre de Tile ajoutees dans la pile: 13
Nombre de Tile traversees: 1728  Distance est: 207
Nombre de Tile ajoutees dans la pile: 13
Nombre de Tile traversees: 1729  Distance est: 207
Nombre de Tile ajoutees dans la pile: 13
Nombre de Tile traversees: 1730  Distance est: 207
Nombre de Tile ajoutees dans la pile: 14
Nombre de Tile traversees: 1731  Distance est: 207
Nombre de Tile ajoutees dans la pile: 13
Nombre de Tile traversees: 1732  Distance est: 207
Nombre de Tile ajoutees dans la pile: 12
Nombre de Tile traversees: 1733  Distance est: 207
Nombre de Tile ajoutees dans la pile: 13
Nombre de Tile traversees: 1734  Distance est: 207
Nombre de Tile ajoutees dans la pile: 13
Nombre de Tile traversees: 1735  Distance est: 207
Nombre de Tile ajoutees dans la pile: 13
Nombre de Tile traversees: 1736  Distance est: 207
Nombre de Tile ajoutees dans la pile: 13
Nombre de Tile traversees: 1737  Distance est: 207
Nombre de Tile ajoutees dans la pile: 14
Nombre de Tile traversees: 1738  Distance est: 207
Nombre de Tile ajoutees dans la pile: 15
Nombre de Tile traversees: 1739  Distance est: 207
Nombre de Tile ajoutees dans la pile: 14
Nombre de Tile traversees: 1740  Distance est: 207
Nombre de Tile ajoutees dans la pile: 14
Nombre de Tile traversees: 1741  Distance est: 208
Nombre de Tile ajoutees dans la pile: 15
Nombre de Tile traversees: 1742  Distance est: 208
Nombre de Tile ajoutees dans la pile: 15
Nombre de Tile traversees: 1743  Distance est: 208
Nombre de Tile ajoutees dans la pile: 16
Nombre de Tile traversees: 1744  Distance est: 208
Nombre de Tile ajoutees dans la pile: 15
Nombre de Tile traversees: 1745  Distance est: 208
Nombre de Tile ajoutees dans la pile: 15
Nombre de Tile traversees: 1746  Distance est: 208
Nombre de Tile ajoutees dans la pile: 15
Nombre de Tile traversees: 1747  Distance est: 208
Nombre de Tile ajoutees dans la pile: 15
Nombre de Tile traversees: 1748  Distance est: 208
Nombre de Tile ajoutees dans la pile: 15
Nombre de Tile traversees: 1749  Distance est: 208
Nombre de Tile ajoutees dans la pile: 15
Nombre de Tile traversees: 1750  Distance est: 208
Nombre de Tile ajoutees dans la pile: 15
Nombre de Tile traversees: 1751  Distance est: 208
Nombre de Tile ajoutees dans la pile: 15
Nombre de Tile traversees: 1752  Distance est: 208
Nombre de Tile ajoutees dans la pile: 15
Nombre de Tile traversees: 1753  Distance est: 208
Nombre de Tile ajoutees dans la pile: 15
Nombre de Tile traversees: 1754  Distance est: 208
Nombre de Tile ajoutees dans la pile: 15
Nombre de Tile traversees: 1755  Distance est: 208
Nombre de Tile ajoutees dans la pile: 15
Nombre de Tile traversees: 1756  Distance est: 209
Nombre de Tile ajoutees dans la pile: 15
Nombre de Tile traversees: 1757  Distance est: 209
Nombre de Tile ajoutees dans la pile: 15
Nombre de Tile traversees: 1758  Distance est: 209
Nombre de Tile ajoutees dans la pile: 15
Nombre de Tile traversees: 1759  Distance est: 209
Nombre de Tile ajoutees dans la pile: 15
Nombre de Tile traversees: 1760  Distance est: 209
Nombre de Tile ajoutees dans la pile: 15
Nombre de Tile traversees: 1761  Distance est: 209
Nombre de Tile ajoutees dans la pile: 15
Nombre de Tile traversees: 1762  Distance est: 209
Nombre de Tile ajoutees dans la pile: 15
Nombre de Tile traversees: 1763  Distance est: 209
Nombre de Tile ajoutees dans la pile: 15
Nombre de Tile traversees: 1764  Distance est: 209
Nombre de Tile ajoutees dans la pile: 14
Nombre de Tile traversees: 1765  Distance est: 209
Nombre de Tile ajoutees dans la pile: 14
Nombre de Tile traversees: 1766  Distance est: 209
Nombre de Tile ajoutees dans la pile: 14
Nombre de Tile traversees: 1767  Distance est: 209
Nombre de Tile ajoutees dans la pile: 15
Nombre de Tile traversees: 1768  Distance est: 209
Nombre de Tile ajoutees dans la pile: 15
Nombre de Tile traversees: 1769  Distance est: 209
Nombre de Tile ajoutees dans la pile: 15
Nombre de Tile traversees: 1770  Distance est: 209
Nombre de Tile ajoutees dans la pile: 15
Nombre de Tile traversees: 1771  Distance est: 210
Nombre de Tile ajoutees dans la pile: 15
Nombre de Tile traversees: 1772  Distance est: 210
Nombre de Tile ajoutees dans la pile: 15
Nombre de Tile traversees: 1773  Distance est: 210
Nombre de Tile ajoutees dans la pile: 15
Nombre de Tile traversees: 1774  Distance est: 210
Nombre de Tile ajoutees dans la pile: 16
Nombre de Tile traversees: 1775  Distance est: 210
Nombre de Tile ajoutees dans la pile: 16
Nombre de Tile traversees: 1776  Distance est: 210
Nombre de Tile ajoutees dans la pile: 16
Nombre de Tile traversees: 1777  Distance est: 210
Nombre de Tile ajoutees dans la pile: 16
Nombre de Tile traversees: 1778  Distance est: 210
Nombre de Tile ajoutees dans la pile: 16
Nombre de Tile traversees: 1779  Distance est: 210
Nombre de Tile ajoutees dans la pile: 16
Nombre de Tile traversees: 1780  Distance est: 210
Nombre de Tile ajoutees dans la pile: 16
Nombre de Tile traversees: 1781  Distance est: 210
Nombre de Tile ajoutees dans la pile: 16
Nombre de Tile traversees: 1782  Distance est: 210
Nombre de Tile ajoutees dans la pile: 16
Nombre de Tile traversees: 1783  Distance est: 210
Nombre de Tile ajoutees dans la pile: 16
Nombre de Tile traversees: 1784  Distance est: 210
Nombre de Tile ajoutees dans la pile: 16
Nombre de Tile traversees: 1785  Distance est: 210
Nombre de Tile ajoutees dans la pile: 16
Nombre de Tile traversees: 1786  Distance est: 211
Nombre de Tile ajoutees dans la pile: 16
Nombre de Tile traversees: 1787  Distance est: 211
Nombre de Tile ajoutees dans la pile: 16
Nombre de Tile traversees: 1788  Distance est: 211
Nombre de Tile ajoutees dans la pile: 15
Nombre de Tile traversees: 1789  Distance est: 211
Nombre de Tile ajoutees dans la pile: 16
Nombre de Tile traversees: 1790  Distance est: 211
Nombre de Tile ajoutees dans la pile: 16
Nombre de Tile traversees: 1791  Distance est: 211
Nombre de Tile ajoutees dans la pile: 16
Nombre de Tile traversees: 1792  Distance est: 211
Nombre de Tile ajoutees dans la pile: 16
Nombre de Tile traversees: 1793  Distance est: 211
Nombre de Tile ajoutees dans la pile: 16
Nombre de Tile traversees: 1794  Distance est: 211
Nombre de Tile ajoutees dans la pile: 15
Nombre de Tile traversees: 1795  Distance est: 211
Nombre de Tile ajoutees dans la pile: 16
Nombre de Tile traversees: 1796  Distance est: 211
Nombre de Tile ajoutees dans la pile: 16
Nombre de Tile traversees: 1797  Distance est: 211
Nombre de Tile ajoutees dans la pile: 16
Nombre de Tile traversees: 1798  Distance est: 211
Nombre de Tile ajoutees dans la pile: 16
Nombre de Tile traversees: 1799  Distance est: 211
Nombre de Tile ajoutees dans la pile: 16
Nombre de Tile traversees: 1800  Distance est: 211
Nombre de Tile ajoutees dans la pile: 16
Nombre de Tile traversees: 1801  Distance est: 211
Nombre de Tile ajoutees dans la pile: 16
Nombre de Tile traversees: 1802  Distance est: 212
Nombre de Tile ajoutees dans la pile: 16
Nombre de Tile traversees: 1803  Distance est: 212
Nombre de Tile ajoutees dans la pile: 16
Nombre de Tile traversees: 1804  Distance est: 212
Nombre de Tile ajoutees dans la pile: 17
Nombre de Tile traversees: 1805  Distance est: 212
Nombre de Tile ajoutees dans la pile: 16
Nombre de Tile traversees: 1806  Distance est: 212
Nombre de Tile ajoutees dans la pile: 16
Nombre de Tile traversees: 1807  Distance est: 212
Nombre de Tile ajoutees dans la pile: 16
Nombre de Tile traversees: 1808  Distance est: 212
Nombre de Tile ajoutees dans la pile: 16
Nombre de Tile traversees: 1809  Distance est: 212
Nombre de Tile ajoutees dans la pile: 16
Nombre de Tile traversees: 1810  Distance est: 212
Nombre de Tile ajoutees dans la pile: 16
Nombre de Tile traversees: 1811  Distance est: 212
Nombre de Tile ajoutees dans la pile: 16
Nombre de Tile traversees: 1812  Distance est: 212
Nombre de Tile ajoutees dans la pile: 16
Nombre de Tile traversees: 1813  Distance est: 212
Nombre de Tile ajoutees dans la pile: 16
Nombre de Tile traversees: 1814  Distance est: 212
Nombre de Tile ajoutees dans la pile: 16
Nombre de Tile traversees: 1815  Distance est: 212
Nombre de Tile ajoutees dans la pile: 16
Nombre de Tile traversees: 1816  Distance est: 212
Nombre de Tile ajoutees dans la pile: 16
Nombre de Tile traversees: 1817  Distance est: 212
Nombre de Tile ajoutees dans la pile: 16
Nombre de Tile traversees: 1818  Distance est: 213
Nombre de Tile ajoutees dans la pile: 16
Nombre de Tile traversees: 1819  Distance est: 213
Nombre de Tile ajoutees dans la pile: 16
Nombre de Tile traversees: 1820  Distance est: 213
Nombre de Tile ajoutees dans la pile: 16
Nombre de Tile traversees: 1821  Distance est: 213
Nombre de Tile ajoutees dans la pile: 15
Nombre de Tile traversees: 1822  Distance est: 213
Nombre de Tile ajoutees dans la pile: 15
Nombre de Tile traversees: 1823  Distance est: 213
Nombre de Tile ajoutees dans la pile: 14
Nombre de Tile traversees: 1824  Distance est: 213
Nombre de Tile ajoutees dans la pile: 14
Nombre de Tile traversees: 1825  Distance est: 213
Nombre de Tile ajoutees dans la pile: 14
Nombre de Tile traversees: 1826  Distance est: 213
Nombre de Tile ajoutees dans la pile: 14
Nombre de Tile traversees: 1827  Distance est: 213
Nombre de Tile ajoutees dans la pile: 14
Nombre de Tile traversees: 1828  Distance est: 213
Nombre de Tile ajoutees dans la pile: 13
Nombre de Tile traversees: 1829  Distance est: 213
Nombre de Tile ajoutees dans la pile: 12
Nombre de Tile traversees: 1830  Distance est: 213
Nombre de Tile ajoutees dans la pile: 12
Nombre de Tile traversees: 1831  Distance est: 213
Nombre de Tile ajoutees dans la pile: 12
Nombre de Tile traversees: 1832  Distance est: 213
Nombre de Tile ajoutees dans la pile: 12
Nombre de Tile traversees: 1833  Distance est: 213
Nombre de Tile ajoutees dans la pile: 12
Nombre de Tile traversees: 1834  Distance est: 214
Nombre de Tile ajoutees dans la pile: 12
Nombre de Tile traversees: 1835  Distance est: 214
Nombre de Tile ajoutees dans la pile: 12
Nombre de Tile traversees: 1836  Distance est: 214
Nombre de Tile ajoutees dans la pile: 12
Nombre de Tile traversees: 1837  Distance est: 214
Nombre de Tile ajoutees dans la pile: 12
Nombre de Tile traversees: 1838  Distance est: 214
Nombre de Tile ajoutees dans la pile: 12
Nombre de Tile traversees: 1839  Distance est: 214
Nombre de Tile ajoutees dans la pile: 12
Nombre de Tile traversees: 1840  Distance est: 214
Nombre de Tile ajoutees dans la pile: 12
Nombre de Tile traversees: 1841  Distance est: 214
Nombre de Tile ajoutees dans la pile: 12
Nombre de Tile traversees: 1842  Distance est: 214
Nombre de Tile ajoutees dans la pile: 12
Nombre de Tile traversees: 1843  Distance est: 214
Nombre de Tile ajoutees dans la pile: 12
Nombre de Tile traversees: 1844  Distance est: 214
Nombre de Tile ajoutees dans la pile: 12
Nombre de Tile traversees: 1845  Distance est: 214
Nombre de Tile ajoutees dans la pile: 12
Nombre de Tile traversees: 1846  Distance est: 215
Nombre de Tile ajoutees dans la pile: 12
Nombre de Tile traversees: 1847  Distance est: 215
Nombre de Tile ajoutees dans la pile: 12
Nombre de Tile traversees: 1848  Distance est: 215
Nombre de Tile ajoutees dans la pile: 13
Nombre de Tile traversees: 1849  Distance est: 215
Nombre de Tile ajoutees dans la pile: 13
Nombre de Tile traversees: 1850  Distance est: 215
Nombre de Tile ajoutees dans la pile: 13
Nombre de Tile traversees: 1851  Distance est: 215
Nombre de Tile ajoutees dans la pile: 13
Nombre de Tile traversees: 1852  Distance est: 215
Nombre de Tile ajoutees dans la pile: 13
Nombre de Tile traversees: 1853  Distance est: 215
Nombre de Tile ajoutees dans la pile: 13
Nombre de Tile traversees: 1854  Distance est: 215
Nombre de Tile ajoutees dans la pile: 13
Nombre de Tile traversees: 1855  Distance est: 215
Nombre de Tile ajoutees dans la pile: 13
Nombre de Tile traversees: 1856  Distance est: 215
Nombre de Tile ajoutees dans la pile: 13
Nombre de Tile traversees: 1857  Distance est: 215
Nombre de Tile ajoutees dans la pile: 14
Nombre de Tile traversees: 1858  Distance est: 216
Nombre de Tile ajoutees dans la pile: 14
Nombre de Tile traversees: 1859  Distance est: 216
Nombre de Tile ajoutees dans la pile: 14
Nombre de Tile traversees: 1860  Distance est: 216
Nombre de Tile ajoutees dans la pile: 14
Nombre de Tile traversees: 1861  Distance est: 216
Nombre de Tile ajoutees dans la pile: 14
Nombre de Tile traversees: 1862  Distance est: 216
Nombre de Tile ajoutees dans la pile: 14
Nombre de Tile traversees: 1863  Distance est: 216
Nombre de Tile ajoutees dans la pile: 14
Nombre de Tile traversees: 1864  Distance est: 216
Nombre de Tile ajoutees dans la pile: 14
Nombre de Tile traversees: 1865  Distance est: 216
Nombre de Tile ajoutees dans la pile: 14
Nombre de Tile traversees: 1866  Distance est: 216
Nombre de Tile ajoutees dans la pile: 14
Nombre de Tile traversees: 1867  Distance est: 216
Nombre de Tile ajoutees dans la pile: 14
Nombre de Tile traversees: 1868  Distance est: 216
Nombre de Tile ajoutees dans la pile: 14
Nombre de Tile traversees: 1869  Distance est: 216
Nombre de Tile ajoutees dans la pile: 14
Nombre de Tile traversees: 1870  Distance est: 216
Nombre de Tile ajoutees dans la pile: 14
Nombre de Tile traversees: 1871  Distance est: 216
Nombre de Tile ajoutees dans la pile: 14
Nombre de Tile traversees: 1872  Distance est: 217
Nombre de Tile ajoutees dans la pile: 14
Nombre de Tile traversees: 1873  Distance est: 217
Nombre de Tile ajoutees dans la pile: 15
Nombre de Tile traversees: 1874  Distance est: 217
Nombre de Tile ajoutees dans la pile: 15
Nombre de Tile traversees: 1875  Distance est: 217
Nombre de Tile ajoutees dans la pile: 15
Nombre de Tile traversees: 1876  Distance est: 217
Nombre de Tile ajoutees dans la pile: 15
Nombre de Tile traversees: 1877  Distance est: 217
Nombre de Tile ajoutees dans la pile: 15
Nombre de Tile traversees: 1878  Distance est: 217
Nombre de Tile ajoutees dans la pile: 16
Nombre de Tile traversees: 1879  Distance est: 217
Nombre de Tile ajoutees dans la pile: 16
Nombre de Tile traversees: 1880  Distance est: 217
Nombre de Tile ajoutees dans la pile: 16
Nombre de Tile traversees: 1881  Distance est: 217
Nombre de Tile ajoutees dans la pile: 16
Nombre de Tile traversees: 1882  Distance est: 217
Nombre de Tile ajoutees dans la pile: 16
Nombre de Tile traversees: 1883  Distance est: 217
Nombre de Tile ajoutees dans la pile: 16
Nombre de Tile traversees: 1884  Distance est: 217
Nombre de Tile ajoutees dans la pile: 16
Nombre de Tile traversees: 1885  Distance est: 217
Nombre de Tile ajoutees dans la pile: 16
Nombre de Tile traversees: 1886  Distance est: 218
Nombre de Tile ajoutees dans la pile: 16
Nombre de Tile traversees: 1887  Distance est: 218
Nombre de Tile ajoutees dans la pile: 16
Nombre de Tile traversees: 1888  Distance est: 218
Nombre de Tile ajoutees dans la pile: 16
Nombre de Tile traversees: 1889  Distance est: 218
Nombre de Tile ajoutees dans la pile: 16
Nombre de Tile traversees: 1890  Distance est: 218
Nombre de Tile ajoutees dans la pile: 16
Nombre de Tile traversees: 1891  Distance est: 218
Nombre de Tile ajoutees dans la pile: 16
Nombre de Tile traversees: 1892  Distance est: 218
Nombre de Tile ajoutees dans la pile: 16
Nombre de Tile traversees: 1893  Distance est: 218
Nombre de Tile ajoutees dans la pile: 16
Nombre de Tile traversees: 1894  Distance est: 218
Nombre de Tile ajoutees dans la pile: 16
Nombre de Tile traversees: 1895  Distance est: 218
Nombre de Tile ajoutees dans la pile: 16
Nombre de Tile traversees: 1896  Distance est: 218
Nombre de Tile ajoutees dans la pile: 16
Nombre de Tile traversees: 1897  Distance est: 218
Nombre de Tile ajoutees dans la pile: 16
Nombre de Tile traversees: 1898  Distance est: 218
Nombre de Tile ajoutees dans la pile: 16
Nombre de Tile traversees: 1899  Distance est: 218
Nombre de Tile ajoutees dans la pile: 16
Nombre de Tile traversees: 1900  Distance est: 218
Nombre de Tile ajoutees dans la pile: 16
Nombre de Tile traversees: 1901  Distance est: 218
Nombre de Tile ajoutees dans la pile: 17
Nombre de Tile traversees: 1902  Distance est: 219
Nombre de Tile ajoutees dans la pile: 17
Nombre de Tile traversees: 1903  Distance est: 219
Nombre de Tile ajoutees dans la pile: 17
Nombre de Tile traversees: 1904  Distance est: 219
Nombre de Tile ajoutees dans la pile: 17
Nombre de Tile traversees: 1905  Distance est: 219
Nombre de Tile ajoutees dans la pile: 17
Nombre de Tile traversees: 1906  Distance est: 219
Nombre de Tile ajoutees dans la pile: 16
Nombre de Tile traversees: 1907  Distance est: 219
Nombre de Tile ajoutees dans la pile: 16
Nombre de Tile traversees: 1908  Distance est: 219
Nombre de Tile ajoutees dans la pile: 15
Nombre de Tile traversees: 1909  Distance est: 219
Nombre de Tile ajoutees dans la pile: 15
Nombre de Tile traversees: 1910  Distance est: 219
Nombre de Tile ajoutees dans la pile: 15
Nombre de Tile traversees: 1911  Distance est: 219
Nombre de Tile ajoutees dans la pile: 15
Nombre de Tile traversees: 1912  Distance est: 219
Nombre de Tile ajoutees dans la pile: 16
Nombre de Tile traversees: 1913  Distance est: 219
Nombre de Tile ajoutees dans la pile: 16
Nombre de Tile traversees: 1914  Distance est: 219
Nombre de Tile ajoutees dans la pile: 15
Nombre de Tile traversees: 1915  Distance est: 219
Nombre de Tile ajoutees dans la pile: 14
Nombre de Tile traversees: 1916  Distance est: 219
Nombre de Tile ajoutees dans la pile: 14
Nombre de Tile traversees: 1917  Distance est: 219
Nombre de Tile ajoutees dans la pile: 15
Nombre de Tile traversees: 1918  Distance est: 219
Nombre de Tile ajoutees dans la pile: 14
Nombre de Tile traversees: 1919  Distance est: 220
Nombre de Tile ajoutees dans la pile: 14
Nombre de Tile traversees: 1920  Distance est: 220
Nombre de Tile ajoutees dans la pile: 14
Nombre de Tile traversees: 1921  Distance est: 220
Nombre de Tile ajoutees dans la pile: 14
Nombre de Tile traversees: 1922  Distance est: 220
Nombre de Tile ajoutees dans la pile: 14
Nombre de Tile traversees: 1923  Distance est: 220
Nombre de Tile ajoutees dans la pile: 14
Nombre de Tile traversees: 1924  Distance est: 220
Nombre de Tile ajoutees dans la pile: 14
Nombre de Tile traversees: 1925  Distance est: 220
Nombre de Tile ajoutees dans la pile: 14
Nombre de Tile traversees: 1926  Distance est: 220
Nombre de Tile ajoutees dans la pile: 14
Nombre de Tile traversees: 1927  Distance est: 220
Nombre de Tile ajoutees dans la pile: 14
Nombre de Tile traversees: 1928  Distance est: 220
Nombre de Tile ajoutees dans la pile: 14
Nombre de Tile traversees: 1929  Distance est: 220
Nombre de Tile ajoutees dans la pile: 14
Nombre de Tile traversees: 1930  Distance est: 220
Nombre de Tile ajoutees dans la pile: 15
Nombre de Tile traversees: 1931  Distance est: 220
Nombre de Tile ajoutees dans la pile: 16
Nombre de Tile traversees: 1932  Distance est: 220
Nombre de Tile ajoutees dans la pile: 15
Nombre de Tile traversees: 1933  Distance est: 221
Nombre de Tile ajoutees dans la pile: 15
Nombre de Tile traversees: 1934  Distance est: 221
Nombre de Tile ajoutees dans la pile: 15
Nombre de Tile traversees: 1935  Distance est: 221
Nombre de Tile ajoutees dans la pile: 15
Nombre de Tile traversees: 1936  Distance est: 221
Nombre de Tile ajoutees dans la pile: 15
Nombre de Tile traversees: 1937  Distance est: 221
Nombre de Tile ajoutees dans la pile: 16
Nombre de Tile traversees: 1938  Distance est: 221
Nombre de Tile ajoutees dans la pile: 16
Nombre de Tile traversees: 1939  Distance est: 221
Nombre de Tile ajoutees dans la pile: 16
Nombre de Tile traversees: 1940  Distance est: 221
Nombre de Tile ajoutees dans la pile: 16
Nombre de Tile traversees: 1941  Distance est: 221
Nombre de Tile ajoutees dans la pile: 15
Nombre de Tile traversees: 1942  Distance est: 221
Nombre de Tile ajoutees dans la pile: 14
Nombre de Tile traversees: 1943  Distance est: 221
Nombre de Tile ajoutees dans la pile: 14
Nombre de Tile traversees: 1944  Distance est: 221
Nombre de Tile ajoutees dans la pile: 15
Nombre de Tile traversees: 1945  Distance est: 221
Nombre de Tile ajoutees dans la pile: 14
Nombre de Tile traversees: 1946  Distance est: 221
Nombre de Tile ajoutees dans la pile: 14
Nombre de Tile traversees: 1947  Distance est: 221
Nombre de Tile ajoutees dans la pile: 13
Nombre de Tile traversees: 1948  Distance est: 222
Nombre de Tile ajoutees dans la pile: 13
Nombre de Tile traversees: 1949  Distance est: 222
Nombre de Tile ajoutees dans la pile: 13
Nombre de Tile traversees: 1950  Distance est: 222
Nombre de Tile ajoutees dans la pile: 13
Nombre de Tile traversees: 1951  Distance est: 222
Nombre de Tile ajoutees dans la pile: 13
Nombre de Tile traversees: 1952  Distance est: 222
Nombre de Tile ajoutees dans la pile: 13
Nombre de Tile traversees: 1953  Distance est: 222
Nombre de Tile ajoutees dans la pile: 13
Nombre de Tile traversees: 1954  Distance est: 222
Nombre de Tile ajoutees dans la pile: 13
Nombre de Tile traversees: 1955  Distance est: 222
Nombre de Tile ajoutees dans la pile: 14
Nombre de Tile traversees: 1956  Distance est: 222
Nombre de Tile ajoutees dans la pile: 14
Nombre de Tile traversees: 1957  Distance est: 222
Nombre de Tile ajoutees dans la pile: 15
Nombre de Tile traversees: 1958  Distance est: 222
Nombre de Tile ajoutees dans la pile: 16
Nombre de Tile traversees: 1959  Distance est: 222
Nombre de Tile ajoutees dans la pile: 15
Nombre de Tile traversees: 1960  Distance est: 222
Nombre de Tile ajoutees dans la pile: 15
Nombre de Tile traversees: 1961  Distance est: 223
Nombre de Tile ajoutees dans la pile: 15
Nombre de Tile traversees: 1962  Distance est: 223
Nombre de Tile ajoutees dans la pile: 15
Nombre de Tile traversees: 1963  Distance est: 223
Nombre de Tile ajoutees dans la pile: 15
Nombre de Tile traversees: 1964  Distance est: 223
Nombre de Tile ajoutees dans la pile: 15
Nombre de Tile traversees: 1965  Distance est: 223
Nombre de Tile ajoutees dans la pile: 14
Nombre de Tile traversees: 1966  Distance est: 223
Nombre de Tile ajoutees dans la pile: 14
Nombre de Tile traversees: 1967  Distance est: 223
Nombre de Tile ajoutees dans la pile: 14
Nombre de Tile traversees: 1968  Distance est: 223
Nombre de Tile ajoutees dans la pile: 15
Nombre de Tile traversees: 1969  Distance est: 223
Nombre de Tile ajoutees dans la pile: 14
Nombre de Tile traversees: 1970  Distance est: 223
Nombre de Tile ajoutees dans la pile: 14
Nombre de Tile traversees: 1971  Distance est: 223
Nombre de Tile ajoutees dans la pile: 15
Nombre de Tile traversees: 1972  Distance est: 223
Nombre de Tile ajoutees dans la pile: 14
Nombre de Tile traversees: 1973  Distance est: 223
Nombre de Tile ajoutees dans la pile: 14
Nombre de Tile traversees: 1974  Distance est: 223
Nombre de Tile ajoutees dans la pile: 14
Nombre de Tile traversees: 1975  Distance est: 223
Nombre de Tile ajoutees dans la pile: 14
Nombre de Tile traversees: 1976  Distance est: 224
Nombre de Tile ajoutees dans la pile: 15
Nombre de Tile traversees: 1977  Distance est: 224
Nombre de Tile ajoutees dans la pile: 15
Nombre de Tile traversees: 1978  Distance est: 224
Nombre de Tile ajoutees dans la pile: 15
Nombre de Tile traversees: 1979  Distance est: 224
Nombre de Tile ajoutees dans la pile: 15
Nombre de Tile traversees: 1980  Distance est: 224
Nombre de Tile ajoutees dans la pile: 15
Nombre de Tile traversees: 1981  Distance est: 224
Nombre de Tile ajoutees dans la pile: 15
Nombre de Tile traversees: 1982  Distance est: 224
Nombre de Tile ajoutees dans la pile: 16
Nombre de Tile traversees: 1983  Distance est: 224
Nombre de Tile ajoutees dans la pile: 15
Nombre de Tile traversees: 1984  Distance est: 224
Nombre de Tile ajoutees dans la pile: 15
Nombre de Tile traversees: 1985  Distance est: 224
Nombre de Tile ajoutees dans la pile: 16
Nombre de Tile traversees: 1986  Distance est: 224
Nombre de Tile ajoutees dans la pile: 15
Nombre de Tile traversees: 1987  Distance est: 224
Nombre de Tile ajoutees dans la pile: 15
Nombre de Tile traversees: 1988  Distance est: 224
Nombre de Tile ajoutees dans la pile: 15
Nombre de Tile traversees: 1989  Distance est: 224
Nombre de Tile ajoutees dans la pile: 15
Nombre de Tile traversees: 1990  Distance est: 224
Nombre de Tile ajoutees dans la pile: 15
Nombre de Tile traversees: 1991  Distance est: 225
Nombre de Tile ajoutees dans la pile: 15
Nombre de Tile traversees: 1992  Distance est: 225
Nombre de Tile ajoutees dans la pile: 15
Nombre de Tile traversees: 1993  Distance est: 225
Nombre de Tile ajoutees dans la pile: 15
Nombre de Tile traversees: 1994  Distance est: 225
Nombre de Tile ajoutees dans la pile: 15
Nombre de Tile traversees: 1995  Distance est: 225
Nombre de Tile ajoutees dans la pile: 15
Nombre de Tile traversees: 1996  Distance est: 225
Nombre de Tile ajoutees dans la pile: 14
Nombre de Tile traversees: 1997  Distance est: 225
Nombre de Tile ajoutees dans la pile: 14
Nombre de Tile traversees: 1998  Distance est: 225
Nombre de Tile ajoutees dans la pile: 13
Nombre de Tile traversees: 1999  Distance est: 225
Nombre de Tile ajoutees dans la pile: 13
Nombre de Tile traversees: 2000  Distance est: 225
Nombre de Tile ajoutees dans la pile: 13
Nombre de Tile traversees: 2001  Distance est: 225
Nombre de Tile ajoutees dans la pile: 12
Nombre de Tile traversees: 2002  Distance est: 225
Nombre de Tile ajoutees dans la pile: 12
Nombre de Tile traversees: 2003  Distance est: 225
Nombre de Tile ajoutees dans la pile: 12
Nombre de Tile traversees: 2004  Distance est: 225
Nombre de Tile ajoutees dans la pile: 11
Nombre de Tile traversees: 2005  Distance est: 225
Nombre de Tile ajoutees dans la pile: 11
Nombre de Tile traversees: 2006  Distance est: 226
Nombre de Tile ajoutees dans la pile: 11
Nombre de Tile traversees: 2007  Distance est: 226
Nombre de Tile ajoutees dans la pile: 11
Nombre de Tile traversees: 2008  Distance est: 226
Nombre de Tile ajoutees dans la pile: 11
Nombre de Tile traversees: 2009  Distance est: 226
Nombre de Tile ajoutees dans la pile: 11
Nombre de Tile traversees: 2010  Distance est: 226
Nombre de Tile ajoutees dans la pile: 12
Nombre de Tile traversees: 2011  Distance est: 226
Nombre de Tile ajoutees dans la pile: 12
Nombre de Tile traversees: 2012  Distance est: 226
Nombre de Tile ajoutees dans la pile: 12
Nombre de Tile traversees: 2013  Distance est: 226
Nombre de Tile ajoutees dans la pile: 12
Nombre de Tile traversees: 2014  Distance est: 226
Nombre de Tile ajoutees dans la pile: 12
Nombre de Tile traversees: 2015  Distance est: 226
Nombre de Tile ajoutees dans la pile: 12
Nombre de Tile traversees: 2016  Distance est: 226
Nombre de Tile ajoutees dans la pile: 12
Nombre de Tile traversees: 2017  Distance est: 227
Nombre de Tile ajoutees dans la pile: 12
Nombre de Tile traversees: 2018  Distance est: 227
Nombre de Tile ajoutees dans la pile: 13
Nombre de Tile traversees: 2019  Distance est: 227
Nombre de Tile ajoutees dans la pile: 13
Nombre de Tile traversees: 2020  Distance est: 227
Nombre de Tile ajoutees dans la pile: 14
Nombre de Tile traversees: 2021  Distance est: 227
Nombre de Tile ajoutees dans la pile: 15
Nombre de Tile traversees: 2022  Distance est: 227
Nombre de Tile ajoutees dans la pile: 14
Nombre de Tile traversees: 2023  Distance est: 227
Nombre de Tile ajoutees dans la pile: 14
Nombre de Tile traversees: 2024  Distance est: 227
Nombre de Tile ajoutees dans la pile: 14
Nombre de Tile traversees: 2025  Distance est: 227
Nombre de Tile ajoutees dans la pile: 14
Nombre de Tile traversees: 2026  Distance est: 227
Nombre de Tile ajoutees dans la pile: 14
Nombre de Tile traversees: 2027  Distance est: 227
Nombre de Tile ajoutees dans la pile: 14
Nombre de Tile traversees: 2028  Distance est: 227
Nombre de Tile ajoutees dans la pile: 14
Nombre de Tile traversees: 2029  Distance est: 228
Nombre de Tile ajoutees dans la pile: 13
Nombre de Tile traversees: 2030  Distance est: 228
Nombre de Tile ajoutees dans la pile: 13
Nombre de Tile traversees: 2031  Distance est: 228
Nombre de Tile ajoutees dans la pile: 13
Nombre de Tile traversees: 2032  Distance est: 228
Nombre de Tile ajoutees dans la pile: 13
Nombre de Tile traversees: 2033  Distance est: 228
Nombre de Tile ajoutees dans la pile: 14
Nombre de Tile traversees: 2034  Distance est: 228
Nombre de Tile ajoutees dans la pile: 14
Nombre de Tile traversees: 2035  Distance est: 228
Nombre de Tile ajoutees dans la pile: 15
Nombre de Tile traversees: 2036  Distance est: 228
Nombre de Tile ajoutees dans la pile: 14
Nombre de Tile traversees: 2037  Distance est: 228
Nombre de Tile ajoutees dans la pile: 14
Nombre de Tile traversees: 2038  Distance est: 228
Nombre de Tile ajoutees dans la pile: 15
Nombre de Tile traversees: 2039  Distance est: 228
Nombre de Tile ajoutees dans la pile: 15
Nombre de Tile traversees: 2040  Distance est: 228
Nombre de Tile ajoutees dans la pile: 15
Nombre de Tile traversees: 2041  Distance est: 228
Nombre de Tile ajoutees dans la pile: 15
Nombre de Tile traversees: 2042  Distance est: 229
Nombre de Tile ajoutees dans la pile: 15
Nombre de Tile traversees: 2043  Distance est: 229
Nombre de Tile ajoutees dans la pile: 14
Nombre de Tile traversees: 2044  Distance est: 229
Nombre de Tile ajoutees dans la pile: 14
Nombre de Tile traversees: 2045  Distance est: 229
Nombre de Tile ajoutees dans la pile: 15
Nombre de Tile traversees: 2046  Distance est: 229
Nombre de Tile ajoutees dans la pile: 15
Nombre de Tile traversees: 2047  Distance est: 229
Nombre de Tile ajoutees dans la pile: 14
Nombre de Tile traversees: 2048  Distance est: 229
Nombre de Tile ajoutees dans la pile: 14
Nombre de Tile traversees: 2049  Distance est: 229
Nombre de Tile ajoutees dans la pile: 13
Nombre de Tile traversees: 2050  Distance est: 229
Nombre de Tile ajoutees dans la pile: 13
Nombre de Tile traversees: 2051  Distance est: 229
Nombre de Tile ajoutees dans la pile: 14
Nombre de Tile traversees: 2052  Distance est: 229
Nombre de Tile ajoutees dans la pile: 15
Nombre de Tile traversees: 2053  Distance est: 229
Nombre de Tile ajoutees dans la pile: 14
Nombre de Tile traversees: 2054  Distance est: 229
Nombre de Tile ajoutees dans la pile: 14
Nombre de Tile traversees: 2055  Distance est: 229
Nombre de Tile ajoutees dans la pile: 14
Nombre de Tile traversees: 2056  Distance est: 229
Nombre de Tile ajoutees dans la pile: 14
Nombre de Tile traversees: 2057  Distance est: 230
Nombre de Tile ajoutees dans la pile: 15
Nombre de Tile traversees: 2058  Distance est: 230
Nombre de Tile ajoutees dans la pile: 16
Nombre de Tile traversees: 2059  Distance est: 230
Nombre de Tile ajoutees dans la pile: 16
Nombre de Tile traversees: 2060  Distance est: 230
Nombre de Tile ajoutees dans la pile: 16
Nombre de Tile traversees: 2061  Distance est: 230
Nombre de Tile ajoutees dans la pile: 16
Nombre de Tile traversees: 2062  Distance est: 230
Nombre de Tile ajoutees dans la pile: 16
Nombre de Tile traversees: 2063  Distance est: 230
Nombre de Tile ajoutees dans la pile: 16
Nombre de Tile traversees: 2064  Distance est: 230
Nombre de Tile ajoutees dans la pile: 16
Nombre de Tile traversees: 2065  Distance est: 230
Nombre de Tile ajoutees dans la pile: 16
Nombre de Tile traversees: 2066  Distance est: 230
Nombre de Tile ajoutees dans la pile: 17
Nombre de Tile traversees: 2067  Distance est: 230
Nombre de Tile ajoutees dans la pile: 16
Nombre de Tile traversees: 2068  Distance est: 230
Nombre de Tile ajoutees dans la pile: 16
Nombre de Tile traversees: 2069  Distance est: 230
Nombre de Tile ajoutees dans la pile: 16
Nombre de Tile traversees: 2070  Distance est: 230
Nombre de Tile ajoutees dans la pile: 16
Nombre de Tile traversees: 2071  Distance est: 230
Nombre de Tile ajoutees dans la pile: 16
Nombre de Tile traversees: 2072  Distance est: 231
Nombre de Tile ajoutees dans la pile: 16
Nombre de Tile traversees: 2073  Distance est: 231
Nombre de Tile ajoutees dans la pile: 17
Nombre de Tile traversees: 2074  Distance est: 231
Nombre de Tile ajoutees dans la pile: 17
Nombre de Tile traversees: 2075  Distance est: 231
Nombre de Tile ajoutees dans la pile: 18
Nombre de Tile traversees: 2076  Distance est: 231
Nombre de Tile ajoutees dans la pile: 18
Nombre de Tile traversees: 2077  Distance est: 231
Nombre de Tile ajoutees dans la pile: 17
Nombre de Tile traversees: 2078  Distance est: 231
Nombre de Tile ajoutees dans la pile: 17
Nombre de Tile traversees: 2079  Distance est: 231
Nombre de Tile ajoutees dans la pile: 17
Nombre de Tile traversees: 2080  Distance est: 231
Nombre de Tile ajoutees dans la pile: 17
Nombre de Tile traversees: 2081  Distance est: 231
Nombre de Tile ajoutees dans la pile: 18
Nombre de Tile traversees: 2082  Distance est: 231
Nombre de Tile ajoutees dans la pile: 18
Nombre de Tile traversees: 2083  Distance est: 231
Nombre de Tile ajoutees dans la pile: 17
Nombre de Tile traversees: 2084  Distance est: 231
Nombre de Tile ajoutees dans la pile: 17
Nombre de Tile traversees: 2085  Distance est: 231
Nombre de Tile ajoutees dans la pile: 17
Nombre de Tile traversees: 2086  Distance est: 231
Nombre de Tile ajoutees dans la pile: 17
Nombre de Tile traversees: 2087  Distance est: 231
Nombre de Tile ajoutees dans la pile: 17
Nombre de Tile traversees: 2088  Distance est: 232
Nombre de Tile ajoutees dans la pile: 17
Nombre de Tile traversees: 2089  Distance est: 232
Nombre de Tile ajoutees dans la pile: 18
Nombre de Tile traversees: 2090  Distance est: 232
Nombre de Tile ajoutees dans la pile: 17
Nombre de Tile traversees: 2091  Distance est: 232
Nombre de Tile ajoutees dans la pile: 17
Nombre de Tile traversees: 2092  Distance est: 232
Nombre de Tile ajoutees dans la pile: 17
Nombre de Tile traversees: 2093  Distance est: 232
Nombre de Tile ajoutees dans la pile: 17
Nombre de Tile traversees: 2094  Distance est: 232
Nombre de Tile ajoutees dans la pile: 17
Nombre de Tile traversees: 2095  Distance est: 232
Nombre de Tile ajoutees dans la pile: 17
Nombre de Tile traversees: 2096  Distance est: 232
Nombre de Tile ajoutees dans la pile: 17
Nombre de Tile traversees: 2097  Distance est: 232
Nombre de Tile ajoutees dans la pile: 17
Nombre de Tile traversees: 2098  Distance est: 232
Nombre de Tile ajoutees dans la pile: 18
Nombre de Tile traversees: 2099  Distance est: 232
Nombre de Tile ajoutees dans la pile: 18
Nombre de Tile traversees: 2100  Distance est: 232
Nombre de Tile ajoutees dans la pile: 18
Nombre de Tile traversees: 2101  Distance est: 232
Nombre de Tile ajoutees dans la pile: 18
Nombre de Tile traversees: 2102  Distance est: 232
Nombre de Tile ajoutees dans la pile: 18
Nombre de Tile traversees: 2103  Distance est: 232
Nombre de Tile ajoutees dans la pile: 19
Nombre de Tile traversees: 2104  Distance est: 232
Nombre de Tile ajoutees dans la pile: 19
Nombre de Tile traversees: 2105  Distance est: 233
Nombre de Tile ajoutees dans la pile: 19
Nombre de Tile traversees: 2106  Distance est: 233
Nombre de Tile ajoutees dans la pile: 19
Nombre de Tile traversees: 2107  Distance est: 233
Nombre de Tile ajoutees dans la pile: 18
Nombre de Tile traversees: 2108  Distance est: 233
Nombre de Tile ajoutees dans la pile: 18
Nombre de Tile traversees: 2109  Distance est: 233
Nombre de Tile ajoutees dans la pile: 19
Nombre de Tile traversees: 2110  Distance est: 233
Nombre de Tile ajoutees dans la pile: 19
Nombre de Tile traversees: 2111  Distance est: 233
Nombre de Tile ajoutees dans la pile: 18
Nombre de Tile traversees: 2112  Distance est: 233
Nombre de Tile ajoutees dans la pile: 18
Nombre de Tile traversees: 2113  Distance est: 233
Nombre de Tile ajoutees dans la pile: 18
Nombre de Tile traversees: 2114  Distance est: 233
Nombre de Tile ajoutees dans la pile: 18
Nombre de Tile traversees: 2115  Distance est: 233
Nombre de Tile ajoutees dans la pile: 18
Nombre de Tile traversees: 2116  Distance est: 233
Nombre de Tile ajoutees dans la pile: 17
Nombre de Tile traversees: 2117  Distance est: 233
Nombre de Tile ajoutees dans la pile: 17
Nombre de Tile traversees: 2118  Distance est: 233
Nombre de Tile ajoutees dans la pile: 17
Nombre de Tile traversees: 2119  Distance est: 233
Nombre de Tile ajoutees dans la pile: 17
Nombre de Tile traversees: 2120  Distance est: 233
Nombre de Tile ajoutees dans la pile: 17
Nombre de Tile traversees: 2121  Distance est: 233
Nombre de Tile ajoutees dans la pile: 18
Nombre de Tile traversees: 2122  Distance est: 233
Nombre de Tile ajoutees dans la pile: 17
Nombre de Tile traversees: 2123  Distance est: 233
Nombre de Tile ajoutees dans la pile: 17
Nombre de Tile traversees: 2124  Distance est: 234
Nombre de Tile ajoutees dans la pile: 17
Nombre de Tile traversees: 2125  Distance est: 234
Nombre de Tile ajoutees dans la pile: 17
Nombre de Tile traversees: 2126  Distance est: 234
Nombre de Tile ajoutees dans la pile: 17
Nombre de Tile traversees: 2127  Distance est: 234
Nombre de Tile ajoutees dans la pile: 17
Nombre de Tile traversees: 2128  Distance est: 234
Nombre de Tile ajoutees dans la pile: 17
Nombre de Tile traversees: 2129  Distance est: 234
Nombre de Tile ajoutees dans la pile: 17
Nombre de Tile traversees: 2130  Distance est: 234
Nombre de Tile ajoutees dans la pile: 17
Nombre de Tile traversees: 2131  Distance est: 234
Nombre de Tile ajoutees dans la pile: 17
Nombre de Tile traversees: 2132  Distance est: 234
Nombre de Tile ajoutees dans la pile: 17
Nombre de Tile traversees: 2133  Distance est: 234
Nombre de Tile ajoutees dans la pile: 17
Nombre de Tile traversees: 2134  Distance est: 234
Nombre de Tile ajoutees dans la pile: 17
Nombre de Tile traversees: 2135  Distance est: 234
Nombre de Tile ajoutees dans la pile: 17
Nombre de Tile traversees: 2136  Distance est: 234
Nombre de Tile ajoutees dans la pile: 17
Nombre de Tile traversees: 2137  Distance est: 234
Nombre de Tile ajoutees dans la pile: 17
Nombre de Tile traversees: 2138  Distance est: 234
Nombre de Tile ajoutees dans la pile: 18
Nombre de Tile traversees: 2139  Distance est: 234
Nombre de Tile ajoutees dans la pile: 17
Nombre de Tile traversees: 2140  Distance est: 234
Nombre de Tile ajoutees dans la pile: 17
Nombre de Tile traversees: 2141  Distance est: 235
Nombre de Tile ajoutees dans la pile: 17
Nombre de Tile traversees: 2142  Distance est: 235
Nombre de Tile ajoutees dans la pile: 16
Nombre de Tile traversees: 2143  Distance est: 235
Nombre de Tile ajoutees dans la pile: 15
Nombre de Tile traversees: 2144  Distance est: 235
Nombre de Tile ajoutees dans la pile: 16
Nombre de Tile traversees: 2145  Distance est: 235
Nombre de Tile ajoutees dans la pile: 16
Nombre de Tile traversees: 2146  Distance est: 235
Nombre de Tile ajoutees dans la pile: 16
Nombre de Tile traversees: 2147  Distance est: 235
Nombre de Tile ajoutees dans la pile: 15
Nombre de Tile traversees: 2148  Distance est: 235
Nombre de Tile ajoutees dans la pile: 15
Nombre de Tile traversees: 2149  Distance est: 235
Nombre de Tile ajoutees dans la pile: 15
Nombre de Tile traversees: 2150  Distance est: 235
Nombre de Tile ajoutees dans la pile: 15
Nombre de Tile traversees: 2151  Distance est: 235
Nombre de Tile ajoutees dans la pile: 15
Nombre de Tile traversees: 2152  Distance est: 235
Nombre de Tile ajoutees dans la pile: 15
Nombre de Tile traversees: 2153  Distance est: 235
Nombre de Tile ajoutees dans la pile: 15
Nombre de Tile traversees: 2154  Distance est: 235
Nombre de Tile ajoutees dans la pile: 14
Nombre de Tile traversees: 2155  Distance est: 235
Nombre de Tile ajoutees dans la pile: 14
Nombre de Tile traversees: 2156  Distance est: 235
Nombre de Tile ajoutees dans la pile: 13
Nombre de Tile traversees: 2157  Distance est: 235
Nombre de Tile ajoutees dans la pile: 12
Nombre de Tile traversees: 2158  Distance est: 236
Nombre de Tile ajoutees dans la pile: 12
Nombre de Tile traversees: 2159  Distance est: 236
Nombre de Tile ajoutees dans la pile: 12
Nombre de Tile traversees: 2160  Distance est: 236
Nombre de Tile ajoutees dans la pile: 12
Nombre de Tile traversees: 2161  Distance est: 236
Nombre de Tile ajoutees dans la pile: 12
Nombre de Tile traversees: 2162  Distance est: 236
Nombre de Tile ajoutees dans la pile: 12
Nombre de Tile traversees: 2163  Distance est: 236
Nombre de Tile ajoutees dans la pile: 12
Nombre de Tile traversees: 2164  Distance est: 236
Nombre de Tile ajoutees dans la pile: 13
Nombre de Tile traversees: 2165  Distance est: 236
Nombre de Tile ajoutees dans la pile: 13
Nombre de Tile traversees: 2166  Distance est: 236
Nombre de Tile ajoutees dans la pile: 13
Nombre de Tile traversees: 2167  Distance est: 236
Nombre de Tile ajoutees dans la pile: 13
Nombre de Tile traversees: 2168  Distance est: 236
Nombre de Tile ajoutees dans la pile: 13
Nombre de Tile traversees: 2169  Distance est: 236
Nombre de Tile ajoutees dans la pile: 13
Nombre de Tile traversees: 2170  Distance est: 237
Nombre de Tile ajoutees dans la pile: 13
Nombre de Tile traversees: 2171  Distance est: 237
Nombre de Tile ajoutees dans la pile: 13
Nombre de Tile traversees: 2172  Distance est: 237
Nombre de Tile ajoutees dans la pile: 14
Nombre de Tile traversees: 2173  Distance est: 237
Nombre de Tile ajoutees dans la pile: 13
Nombre de Tile traversees: 2174  Distance est: 237
Nombre de Tile ajoutees dans la pile: 13
Nombre de Tile traversees: 2175  Distance est: 237
Nombre de Tile ajoutees dans la pile: 13
Nombre de Tile traversees: 2176  Distance est: 237
Nombre de Tile ajoutees dans la pile: 14
Nombre de Tile traversees: 2177  Distance est: 237
Nombre de Tile ajoutees dans la pile: 13
Nombre de Tile traversees: 2178  Distance est: 237
Nombre de Tile ajoutees dans la pile: 13
Nombre de Tile traversees: 2179  Distance est: 237
Nombre de Tile ajoutees dans la pile: 13
Nombre de Tile traversees: 2180  Distance est: 237
Nombre de Tile ajoutees dans la pile: 13
Nombre de Tile traversees: 2181  Distance est: 237
Nombre de Tile ajoutees dans la pile: 13
Nombre de Tile traversees: 2182  Distance est: 237
Nombre de Tile ajoutees dans la pile: 13
Nombre de Tile traversees: 2183  Distance est: 238
Nombre de Tile ajoutees dans la pile: 12
Nombre de Tile traversees: 2184  Distance est: 238
Nombre de Tile ajoutees dans la pile: 12
Nombre de Tile traversees: 2185  Distance est: 238
Nombre de Tile ajoutees dans la pile: 12
Nombre de Tile traversees: 2186  Distance est: 238
Nombre de Tile ajoutees dans la pile: 13
Nombre de Tile traversees: 2187  Distance est: 238
Nombre de Tile ajoutees dans la pile: 13
Nombre de Tile traversees: 2188  Distance est: 238
Nombre de Tile ajoutees dans la pile: 13
Nombre de Tile traversees: 2189  Distance est: 238
Nombre de Tile ajoutees dans la pile: 14
Nombre de Tile traversees: 2190  Distance est: 238
Nombre de Tile ajoutees dans la pile: 13
Nombre de Tile traversees: 2191  Distance est: 238
Nombre de Tile ajoutees dans la pile: 13
Nombre de Tile traversees: 2192  Distance est: 238
Nombre de Tile ajoutees dans la pile: 13
Nombre de Tile traversees: 2193  Distance est: 238
Nombre de Tile ajoutees dans la pile: 13
Nombre de Tile traversees: 2194  Distance est: 238
Nombre de Tile ajoutees dans la pile: 14
Nombre de Tile traversees: 2195  Distance est: 239
Nombre de Tile ajoutees dans la pile: 14
Nombre de Tile traversees: 2196  Distance est: 239
Nombre de Tile ajoutees dans la pile: 14
Nombre de Tile traversees: 2197  Distance est: 239
Nombre de Tile ajoutees dans la pile: 14
Nombre de Tile traversees: 2198  Distance est: 239
Nombre de Tile ajoutees dans la pile: 15
Nombre de Tile traversees: 2199  Distance est: 239
Nombre de Tile ajoutees dans la pile: 15
Nombre de Tile traversees: 2200  Distance est: 239
Nombre de Tile ajoutees dans la pile: 14
Nombre de Tile traversees: 2201  Distance est: 239
Nombre de Tile ajoutees dans la pile: 14
Nombre de Tile traversees: 2202  Distance est: 239
Nombre de Tile ajoutees dans la pile: 14
Nombre de Tile traversees: 2203  Distance est: 239
Nombre de Tile ajoutees dans la pile: 13
Nombre de Tile traversees: 2204  Distance est: 239
Nombre de Tile ajoutees dans la pile: 13
Nombre de Tile traversees: 2205  Distance est: 239
Nombre de Tile ajoutees dans la pile: 13
Nombre de Tile traversees: 2206  Distance est: 239
Nombre de Tile ajoutees dans la pile: 13
Nombre de Tile traversees: 2207  Distance est: 239
Nombre de Tile ajoutees dans la pile: 14
Nombre de Tile traversees: 2208  Distance est: 239
Nombre de Tile ajoutees dans la pile: 14
Nombre de Tile traversees: 2209  Distance est: 240
Nombre de Tile ajoutees dans la pile: 14
Nombre de Tile traversees: 2210  Distance est: 240
Nombre de Tile ajoutees dans la pile: 14
Nombre de Tile traversees: 2211  Distance est: 240
Nombre de Tile ajoutees dans la pile: 14
Nombre de Tile traversees: 2212  Distance est: 240
Nombre de Tile ajoutees dans la pile: 15
Nombre de Tile traversees: 2213  Distance est: 240
Nombre de Tile ajoutees dans la pile: 14
Nombre de Tile traversees: 2214  Distance est: 240
Nombre de Tile ajoutees dans la pile: 14
Nombre de Tile traversees: 2215  Distance est: 240
Nombre de Tile ajoutees dans la pile: 14
Nombre de Tile traversees: 2216  Distance est: 240
Nombre de Tile ajoutees dans la pile: 14
Nombre de Tile traversees: 2217  Distance est: 240
Nombre de Tile ajoutees dans la pile: 14
Nombre de Tile traversees: 2218  Distance est: 240
Nombre de Tile ajoutees dans la pile: 14
Nombre de Tile traversees: 2219  Distance est: 240
Nombre de Tile ajoutees dans la pile: 14
Nombre de Tile traversees: 2220  Distance est: 240
Nombre de Tile ajoutees dans la pile: 15
Nombre de Tile traversees: 2221  Distance est: 240
Nombre de Tile ajoutees dans la pile: 14
Nombre de Tile traversees: 2222  Distance est: 240
Nombre de Tile ajoutees dans la pile: 15
Nombre de Tile traversees: 2223  Distance est: 241
Nombre de Tile ajoutees dans la pile: 15
Nombre de Tile traversees: 2224  Distance est: 241
Nombre de Tile ajoutees dans la pile: 14
Nombre de Tile traversees: 2225  Distance est: 241
Nombre de Tile ajoutees dans la pile: 13
Nombre de Tile traversees: 2226  Distance est: 241
Nombre de Tile ajoutees dans la pile: 12
Nombre de Tile traversees: 2227  Distance est: 241
Nombre de Tile ajoutees dans la pile: 11
Nombre de Tile traversees: 2228  Distance est: 241
Nombre de Tile ajoutees dans la pile: 10
Nombre de Tile traversees: 2229  Distance est: 241
Nombre de Tile ajoutees dans la pile: 10
Nombre de Tile traversees: 2230  Distance est: 241
Nombre de Tile ajoutees dans la pile: 9
Nombre de Tile traversees: 2231  Distance est: 241
Nombre de Tile ajoutees dans la pile: 9
Nombre de Tile traversees: 2232  Distance est: 241
Nombre de Tile ajoutees dans la pile: 10
Nombre de Tile traversees: 2233  Distance est: 241
Nombre de Tile ajoutees dans la pile: 10
Nombre de Tile traversees: 2234  Distance est: 241
Nombre de Tile ajoutees dans la pile: 10
Nombre de Tile traversees: 2235  Distance est: 241
Nombre de Tile ajoutees dans la pile: 9
Nombre de Tile traversees: 2236  Distance est: 241
Nombre de Tile ajoutees dans la pile: 10
Nombre de Tile traversees: 2237  Distance est: 241
Nombre de Tile ajoutees dans la pile: 10
Nombre de Tile traversees: 2238  Distance est: 242
Nombre de Tile ajoutees dans la pile: 10
Nombre de Tile traversees: 2239  Distance est: 242
Nombre de Tile ajoutees dans la pile: 10
Nombre de Tile traversees: 2240  Distance est: 242
Nombre de Tile ajoutees dans la pile: 10
Nombre de Tile traversees: 2241  Distance est: 242
Nombre de Tile ajoutees dans la pile: 10
Nombre de Tile traversees: 2242  Distance est: 242
Nombre de Tile ajoutees dans la pile: 10
Nombre de Tile traversees: 2243  Distance est: 242
Nombre de Tile ajoutees dans la pile: 10
Nombre de Tile traversees: 2244  Distance est: 242
Nombre de Tile ajoutees dans la pile: 10
Nombre de Tile traversees: 2245  Distance est: 242
Nombre de Tile ajoutees dans la pile: 11
Nombre de Tile traversees: 2246  Distance est: 242
Nombre de Tile ajoutees dans la pile: 10
Nombre de Tile traversees: 2247  Distance est: 242
Nombre de Tile ajoutees dans la pile: 10
Nombre de Tile traversees: 2248  Distance est: 243
Nombre de Tile ajoutees dans la pile: 10
Nombre de Tile traversees: 2249  Distance est: 243
Nombre de Tile ajoutees dans la pile: 10
Nombre de Tile traversees: 2250  Distance est: 243
Nombre de Tile ajoutees dans la pile: 10
Nombre de Tile traversees: 2251  Distance est: 243
Nombre de Tile ajoutees dans la pile: 10
Nombre de Tile traversees: 2252  Distance est: 243
Nombre de Tile ajoutees dans la pile: 11
Nombre de Tile traversees: 2253  Distance est: 243
Nombre de Tile ajoutees dans la pile: 11
Nombre de Tile traversees: 2254  Distance est: 243
Nombre de Tile ajoutees dans la pile: 11
Nombre de Tile traversees: 2255  Distance est: 243
Nombre de Tile ajoutees dans la pile: 11
Nombre de Tile traversees: 2256  Distance est: 243
Nombre de Tile ajoutees dans la pile: 10
Nombre de Tile traversees: 2257  Distance est: 243
Nombre de Tile ajoutees dans la pile: 10
Nombre de Tile traversees: 2258  Distance est: 244
Nombre de Tile ajoutees dans la pile: 11
Nombre de Tile traversees: 2259  Distance est: 244
Nombre de Tile ajoutees dans la pile: 11
Nombre de Tile traversees: 2260  Distance est: 244
Nombre de Tile ajoutees dans la pile: 11
Nombre de Tile traversees: 2261  Distance est: 244
Nombre de Tile ajoutees dans la pile: 11
Nombre de Tile traversees: 2262  Distance est: 244
Nombre de Tile ajoutees dans la pile: 11
Nombre de Tile traversees: 2263  Distance est: 244
Nombre de Tile ajoutees dans la pile: 11
Nombre de Tile traversees: 2264  Distance est: 244
Nombre de Tile ajoutees dans la pile: 11
Nombre de Tile traversees: 2265  Distance est: 244
Nombre de Tile ajoutees dans la pile: 11
Nombre de Tile traversees: 2266  Distance est: 244
Nombre de Tile ajoutees dans la pile: 11
Nombre de Tile traversees: 2267  Distance est: 244
Nombre de Tile ajoutees dans la pile: 11
Nombre de Tile traversees: 2268  Distance est: 244
Nombre de Tile ajoutees dans la pile: 11
Nombre de Tile traversees: 2269  Distance est: 245
Nombre de Tile ajoutees dans la pile: 11
Nombre de Tile traversees: 2270  Distance est: 245
Nombre de Tile ajoutees dans la pile: 11
Nombre de Tile traversees: 2271  Distance est: 245
Nombre de Tile ajoutees dans la pile: 11
Nombre de Tile traversees: 2272  Distance est: 245
Nombre de Tile ajoutees dans la pile: 11
Nombre de Tile traversees: 2273  Distance est: 245
Nombre de Tile ajoutees dans la pile: 10
Nombre de Tile traversees: 2274  Distance est: 245
Nombre de Tile ajoutees dans la pile: 11
Nombre de Tile traversees: 2275  Distance est: 245
Nombre de Tile ajoutees dans la pile: 11
Nombre de Tile traversees: 2276  Distance est: 245
Nombre de Tile ajoutees dans la pile: 11
Nombre de Tile traversees: 2277  Distance est: 245
Nombre de Tile ajoutees dans la pile: 11
Nombre de Tile traversees: 2278  Distance est: 245
Nombre de Tile ajoutees dans la pile: 11
Nombre de Tile traversees: 2279  Distance est: 245
Nombre de Tile ajoutees dans la pile: 11
Nombre de Tile traversees: 2280  Distance est: 246
Nombre de Tile ajoutees dans la pile: 11
Nombre de Tile traversees: 2281  Distance est: 246
Nombre de Tile ajoutees dans la pile: 11
Nombre de Tile traversees: 2282  Distance est: 246
Nombre de Tile ajoutees dans la pile: 11
Nombre de Tile traversees: 2283  Distance est: 246
Nombre de Tile ajoutees dans la pile: 11
Nombre de Tile traversees: 2284  Distance est: 246
Nombre de Tile ajoutees dans la pile: 11
Nombre de Tile traversees: 2285  Distance est: 246
Nombre de Tile ajoutees dans la pile: 11
Nombre de Tile traversees: 2286  Distance est: 246
Nombre de Tile ajoutees dans la pile: 11
Nombre de Tile traversees: 2287  Distance est: 246
Nombre de Tile ajoutees dans la pile: 11
Nombre de Tile traversees: 2288  Distance est: 246
Nombre de Tile ajoutees dans la pile: 11
Nombre de Tile traversees: 2289  Distance est: 246
Nombre de Tile ajoutees dans la pile: 11
Nombre de Tile traversees: 2290  Distance est: 246
Nombre de Tile ajoutees dans la pile: 11
Nombre de Tile traversees: 2291  Distance est: 247
Nombre de Tile ajoutees dans la pile: 11
Nombre de Tile traversees: 2292  Distance est: 247
Nombre de Tile ajoutees dans la pile: 11
Nombre de Tile traversees: 2293  Distance est: 247
Nombre de Tile ajoutees dans la pile: 11
Nombre de Tile traversees: 2294  Distance est: 247
Nombre de Tile ajoutees dans la pile: 11
Nombre de Tile traversees: 2295  Distance est: 247
Nombre de Tile ajoutees dans la pile: 11
Nombre de Tile traversees: 2296  Distance est: 247
Nombre de Tile ajoutees dans la pile: 10
Nombre de Tile traversees: 2297  Distance est: 247
Nombre de Tile ajoutees dans la pile: 10
Nombre de Tile traversees: 2298  Distance est: 247
Nombre de Tile ajoutees dans la pile: 9
Nombre de Tile traversees: 2299  Distance est: 247
Nombre de Tile ajoutees dans la pile: 9
Nombre de Tile traversees: 2300  Distance est: 247
Nombre de Tile ajoutees dans la pile: 9
Nombre de Tile traversees: 2301  Distance est: 247
Nombre de Tile ajoutees dans la pile: 9
Nombre de Tile traversees: 2302  Distance est: 248
Nombre de Tile ajoutees dans la pile: 9
Nombre de Tile traversees: 2303  Distance est: 248
Nombre de Tile ajoutees dans la pile: 9
Nombre de Tile traversees: 2304  Distance est: 248
Nombre de Tile ajoutees dans la pile: 9
Nombre de Tile traversees: 2305  Distance est: 248
Nombre de Tile ajoutees dans la pile: 9
Nombre de Tile traversees: 2306  Distance est: 248
Nombre de Tile ajoutees dans la pile: 9
Nombre de Tile traversees: 2307  Distance est: 248
Nombre de Tile ajoutees dans la pile: 9
Nombre de Tile traversees: 2308  Distance est: 248
Nombre de Tile ajoutees dans la pile: 9
Nombre de Tile traversees: 2309  Distance est: 248
Nombre de Tile ajoutees dans la pile: 9
Nombre de Tile traversees: 2310  Distance est: 248
Nombre de Tile ajoutees dans la pile: 9
Nombre de Tile traversees: 2311  Distance est: 249
Nombre de Tile ajoutees dans la pile: 9
Nombre de Tile traversees: 2312  Distance est: 249
Nombre de Tile ajoutees dans la pile: 9
Nombre de Tile traversees: 2313  Distance est: 249
Nombre de Tile ajoutees dans la pile: 9
Nombre de Tile traversees: 2314  Distance est: 249
Nombre de Tile ajoutees dans la pile: 9
Nombre de Tile traversees: 2315  Distance est: 249
Nombre de Tile ajoutees dans la pile: 8
Nombre de Tile traversees: 2316  Distance est: 249
Nombre de Tile ajoutees dans la pile: 8
Nombre de Tile traversees: 2317  Distance est: 249
Nombre de Tile ajoutees dans la pile: 8
Nombre de Tile traversees: 2318  Distance est: 249
Nombre de Tile ajoutees dans la pile: 8
Nombre de Tile traversees: 2319  Distance est: 249
Nombre de Tile ajoutees dans la pile: 8
Nombre de Tile traversees: 2320  Distance est: 250
Nombre de Tile ajoutees dans la pile: 8
Nombre de Tile traversees: 2321  Distance est: 250
Nombre de Tile ajoutees dans la pile: 8
Nombre de Tile traversees: 2322  Distance est: 250
Nombre de Tile ajoutees dans la pile: 8
Nombre de Tile traversees: 2323  Distance est: 250
Nombre de Tile ajoutees dans la pile: 8
Nombre de Tile traversees: 2324  Distance est: 250
Nombre de Tile ajoutees dans la pile: 8
Nombre de Tile traversees: 2325  Distance est: 250
Nombre de Tile ajoutees dans la pile: 8
Nombre de Tile traversees: 2326  Distance est: 250
Nombre de Tile ajoutees dans la pile: 8
Nombre de Tile traversees: 2327  Distance est: 250
Nombre de Tile ajoutees dans la pile: 8
Nombre de Tile traversees: 2328  Distance est: 251
Nombre de Tile ajoutees dans la pile: 8
Nombre de Tile traversees: 2329  Distance est: 251
Nombre de Tile ajoutees dans la pile: 9
Nombre de Tile traversees: 2330  Distance est: 251
Nombre de Tile ajoutees dans la pile: 9
Nombre de Tile traversees: 2331  Distance est: 251
Nombre de Tile ajoutees dans la pile: 9
Nombre de Tile traversees: 2332  Distance est: 251
Nombre de Tile ajoutees dans la pile: 8
Nombre de Tile traversees: 2333  Distance est: 251
Nombre de Tile ajoutees dans la pile: 8
Nombre de Tile traversees: 2334  Distance est: 251
Nombre de Tile ajoutees dans la pile: 8
Nombre de Tile traversees: 2335  Distance est: 251
Nombre de Tile ajoutees dans la pile: 8
Nombre de Tile traversees: 2336  Distance est: 252
Nombre de Tile ajoutees dans la pile: 8
Nombre de Tile traversees: 2337  Distance est: 252
Nombre de Tile ajoutees dans la pile: 8
Nombre de Tile traversees: 2338  Distance est: 252
Nombre de Tile ajoutees dans la pile: 8
Nombre de Tile traversees: 2339  Distance est: 252
Nombre de Tile ajoutees dans la pile: 8
Nombre de Tile traversees: 2340  Distance est: 252
Nombre de Tile ajoutees dans la pile: 8
Nombre de Tile traversees: 2341  Distance est: 252
Nombre de Tile ajoutees dans la pile: 8
Nombre de Tile traversees: 2342  Distance est: 252
Nombre de Tile ajoutees dans la pile: 8
Nombre de Tile traversees: 2343  Distance est: 252
Nombre de Tile ajoutees dans la pile: 8
Nombre de Tile traversees: 2344  Distance est: 253
Nombre de Tile ajoutees dans la pile: 8
Nombre de Tile traversees: 2345  Distance est: 253
Nombre de Tile ajoutees dans la pile: 7
Nombre de Tile traversees: 2346  Distance est: 253
Nombre de Tile ajoutees dans la pile: 7
Nombre de Tile traversees: 2347  Distance est: 253
Nombre de Tile ajoutees dans la pile: 7
Nombre de Tile traversees: 2348  Distance est: 253
Nombre de Tile ajoutees dans la pile: 7
Nombre de Tile traversees: 2349  Distance est: 253
Nombre de Tile ajoutees dans la pile: 6
Nombre de Tile traversees: 2350  Distance est: 253
Nombre de Tile ajoutees dans la pile: 6
Nombre de Tile traversees: 2351  Distance est: 253
Nombre de Tile ajoutees dans la pile: 6
Nombre de Tile traversees: 2352  Distance est: 254
Nombre de Tile ajoutees dans la pile: 6
Nombre de Tile traversees: 2353  Distance est: 254
Nombre de Tile ajoutees dans la pile: 6
Nombre de Tile traversees: 2354  Distance est: 254
Nombre de Tile ajoutees dans la pile: 6
Nombre de Tile traversees: 2355  Distance est: 254
Nombre de Tile ajoutees dans la pile: 6
Nombre de Tile traversees: 2356  Distance est: 254
Nombre de Tile ajoutees dans la pile: 6
Nombre de Tile traversees: 2357  Distance est: 254
Nombre de Tile ajoutees dans la pile: 6
Nombre de Tile traversees: 2358  Distance est: 255
Nombre de Tile ajoutees dans la pile: 6
Nombre de Tile traversees: 2359  Distance est: 255
Nombre de Tile ajoutees dans la pile: 6
Nombre de Tile traversees: 2360  Distance est: 255
Nombre de Tile ajoutees dans la pile: 6
Nombre de Tile traversees: 2361  Distance est: 255
Nombre de Tile ajoutees dans la pile: 5
Nombre de Tile traversees: 2362  Distance est: 255
Nombre de Tile ajoutees dans la pile: 5
Nombre de Tile traversees: 2363  Distance est: 255
Nombre de Tile ajoutees dans la pile: 5
Nombre de Tile traversees: 2364  Distance est: 256
Nombre de Tile ajoutees dans la pile: 5
Nombre de Tile traversees: 2365  Distance est: 256
Nombre de Tile ajoutees dans la pile: 5
Nombre de Tile traversees: 2366  Distance est: 256
Nombre de Tile ajoutees dans la pile: 5
Nombre de Tile traversees: 2367  Distance est: 256
Nombre de Tile ajoutees dans la pile: 5
Nombre de Tile traversees: 2368  Distance est: 256
Nombre de Tile ajoutees dans la pile: 5
Nombre de Tile traversees: 2369  Distance est: 257
Nombre de Tile ajoutees dans la pile: 5
Nombre de Tile traversees: 2370  Distance est: 257
Nombre de Tile ajoutees dans la pile: 5
Nombre de Tile traversees: 2371  Distance est: 257
Nombre de Tile ajoutees dans la pile: 5
Nombre de Tile traversees: 2372  Distance est: 257
Nombre de Tile ajoutees dans la pile: 5
Nombre de Tile traversees: 2373  Distance est: 257
Nombre de Tile ajoutees dans la pile: 6
Nombre de Tile traversees: 2374  Distance est: 258
Nombre de Tile ajoutees dans la pile: 6
Nombre de Tile traversees: 2375  Distance est: 258
Nombre de Tile ajoutees dans la pile: 6
Nombre de Tile traversees: 2376  Distance est: 258
Nombre de Tile ajoutees dans la pile: 6
Nombre de Tile traversees: 2377  Distance est: 258
Nombre de Tile ajoutees dans la pile: 6
Nombre de Tile traversees: 2378  Distance est: 258
Nombre de Tile ajoutees dans la pile: 6
Nombre de Tile traversees: 2379  Distance est: 258
Nombre de Tile ajoutees dans la pile: 6
Nombre de Tile traversees: 2380  Distance est: 259
Nombre de Tile ajoutees dans la pile: 6
Nombre de Tile traversees: 2381  Distance est: 259
Nombre de Tile ajoutees dans la pile: 6
Nombre de Tile traversees: 2382  Distance est: 259
Nombre de Tile ajoutees dans la pile: 6
Nombre de Tile traversees: 2383  Distance est: 259
Nombre de Tile ajoutees dans la pile: 6
Nombre de Tile traversees: 2384  Distance est: 259
Nombre de Tile ajoutees dans la pile: 6
Nombre de Tile traversees: 2385  Distance est: 259
Nombre de Tile ajoutees dans la pile: 7
Nombre de Tile traversees: 2386  Distance est: 260
Nombre de Tile ajoutees dans la pile: 7
Nombre de Tile traversees: 2387  Distance est: 260
Nombre de Tile ajoutees dans la pile: 7
Nombre de Tile traversees: 2388  Distance est: 260
Nombre de Tile ajoutees dans la pile: 7
Nombre de Tile traversees: 2389  Distance est: 260
Nombre de Tile ajoutees dans la pile: 7
Nombre de Tile traversees: 2390  Distance est: 260
Nombre de Tile ajoutees dans la pile: 7
Nombre de Tile traversees: 2391  Distance est: 260
Nombre de Tile ajoutees dans la pile: 8
Nombre de Tile traversees: 2392  Distance est: 260
Nombre de Tile ajoutees dans la pile: 8
Nombre de Tile traversees: 2393  Distance est: 261
Nombre de Tile ajoutees dans la pile: 8
Nombre de Tile traversees: 2394  Distance est: 261
Nombre de Tile ajoutees dans la pile: 8
Nombre de Tile traversees: 2395  Distance est: 261
Nombre de Tile ajoutees dans la pile: 8
Nombre de Tile traversees: 2396  Distance est: 261
Nombre de Tile ajoutees dans la pile: 8
Nombre de Tile traversees: 2397  Distance est: 261
Nombre de Tile ajoutees dans la pile: 8
Nombre de Tile traversees: 2398  Distance est: 261
Nombre de Tile ajoutees dans la pile: 8
Nombre de Tile traversees: 2399  Distance est: 261
Nombre de Tile ajoutees dans la pile: 7
Nombre de Tile traversees: 2400  Distance est: 261
Nombre de Tile ajoutees dans la pile: 7
Nombre de Tile traversees: 2401  Distance est: 262
Nombre de Tile ajoutees dans la pile: 7
Nombre de Tile traversees: 2402  Distance est: 262
Nombre de Tile ajoutees dans la pile: 7
Nombre de Tile traversees: 2403  Distance est: 262
Nombre de Tile ajoutees dans la pile: 8
Nombre de Tile traversees: 2404  Distance est: 262
Nombre de Tile ajoutees dans la pile: 8
Nombre de Tile traversees: 2405  Distance est: 262
Nombre de Tile ajoutees dans la pile: 8
Nombre de Tile traversees: 2406  Distance est: 262
Nombre de Tile ajoutees dans la pile: 8
Nombre de Tile traversees: 2407  Distance est: 262
Nombre de Tile ajoutees dans la pile: 8
Nombre de Tile traversees: 2408  Distance est: 263
Nombre de Tile ajoutees dans la pile: 8
Nombre de Tile traversees: 2409  Distance est: 263
Nombre de Tile ajoutees dans la pile: 8
Nombre de Tile traversees: 2410  Distance est: 263
Nombre de Tile ajoutees dans la pile: 9
Nombre de Tile traversees: 2411  Distance est: 263
Nombre de Tile ajoutees dans la pile: 8
Nombre de Tile traversees: 2412  Distance est: 263
Nombre de Tile ajoutees dans la pile: 8
Nombre de Tile traversees: 2413  Distance est: 263
Nombre de Tile ajoutees dans la pile: 8
Nombre de Tile traversees: 2414  Distance est: 263
Nombre de Tile ajoutees dans la pile: 8
Nombre de Tile traversees: 2415  Distance est: 263
Nombre de Tile ajoutees dans la pile: 8
Nombre de Tile traversees: 2416  Distance est: 264
Nombre de Tile ajoutees dans la pile: 8
Nombre de Tile traversees: 2417  Distance est: 264
Nombre de Tile ajoutees dans la pile: 8
Nombre de Tile traversees: 2418  Distance est: 264
Nombre de Tile ajoutees dans la pile: 9
Nombre de Tile traversees: 2419  Distance est: 264
Nombre de Tile ajoutees dans la pile: 8
Nombre de Tile traversees: 2420  Distance est: 264
Nombre de Tile ajoutees dans la pile: 8
Nombre de Tile traversees: 2421  Distance est: 264
Nombre de Tile ajoutees dans la pile: 8
Nombre de Tile traversees: 2422  Distance est: 264
Nombre de Tile ajoutees dans la pile: 8
Nombre de Tile traversees: 2423  Distance est: 264
Nombre de Tile ajoutees dans la pile: 8
Nombre de Tile traversees: 2424  Distance est: 265
Nombre de Tile ajoutees dans la pile: 8
Nombre de Tile traversees: 2425  Distance est: 265
Nombre de Tile ajoutees dans la pile: 8
Nombre de Tile traversees: 2426  Distance est: 265
Nombre de Tile ajoutees dans la pile: 7
Nombre de Tile traversees: 2427  Distance est: 265
Nombre de Tile ajoutees dans la pile: 6
Nombre de Tile traversees: 2428  Distance est: 265
Nombre de Tile ajoutees dans la pile: 6
Nombre de Tile traversees: 2429  Distance est: 265
Nombre de Tile ajoutees dans la pile: 7
Nombre de Tile traversees: 2430  Distance est: 265
Nombre de Tile ajoutees dans la pile: 7
Nombre de Tile traversees: 2431  Distance est: 265
Nombre de Tile ajoutees dans la pile: 7
Nombre de Tile traversees: 2432  Distance est: 266
Nombre de Tile ajoutees dans la pile: 7
Nombre de Tile traversees: 2433  Distance est: 266
Nombre de Tile ajoutees dans la pile: 7
Nombre de Tile traversees: 2434  Distance est: 266
Nombre de Tile ajoutees dans la pile: 7
Nombre de Tile traversees: 2435  Distance est: 266
Nombre de Tile ajoutees dans la pile: 7
Nombre de Tile traversees: 2436  Distance est: 266
Nombre de Tile ajoutees dans la pile: 7
Nombre de Tile traversees: 2437  Distance est: 266
Nombre de Tile ajoutees dans la pile: 7
Nombre de Tile traversees: 2438  Distance est: 266
Nombre de Tile ajoutees dans la pile: 7
Nombre de Tile traversees: 2439  Distance est: 267
Nombre de Tile ajoutees dans la pile: 7
Nombre de Tile traversees: 2440  Distance est: 267
Nombre de Tile ajoutees dans la pile: 7
Nombre de Tile traversees: 2441  Distance est: 267
Nombre de Tile ajoutees dans la pile: 7
Nombre de Tile traversees: 2442  Distance est: 267
Nombre de Tile ajoutees dans la pile: 7
Nombre de Tile traversees: 2443  Distance est: 267
Nombre de Tile ajoutees dans la pile: 7
Nombre de Tile traversees: 2444  Distance est: 267
Nombre de Tile ajoutees dans la pile: 7
Nombre de Tile traversees: 2445  Distance est: 267
Nombre de Tile ajoutees dans la pile: 7
Nombre de Tile traversees: 2446  Distance est: 268
Nombre de Tile ajoutees dans la pile: 7
Nombre de Tile traversees: 2447  Distance est: 268
Nombre de Tile ajoutees dans la pile: 7
Nombre de Tile traversees: 2448  Distance est: 268
Nombre de Tile ajoutees dans la pile: 7
Nombre de Tile traversees: 2449  Distance est: 268
Nombre de Tile ajoutees dans la pile: 7
Nombre de Tile traversees: 2450  Distance est: 268
Nombre de Tile ajoutees dans la pile: 7
Nombre de Tile traversees: 2451  Distance est: 268
Nombre de Tile ajoutees dans la pile: 7
Nombre de Tile traversees: 2452  Distance est: 268
Nombre de Tile ajoutees dans la pile: 7
Nombre de Tile traversees: 2453  Distance est: 269
Nombre de Tile ajoutees dans la pile: 7
Nombre de Tile traversees: 2454  Distance est: 269
Nombre de Tile ajoutees dans la pile: 8
Nombre de Tile traversees: 2455  Distance est: 269
Nombre de Tile ajoutees dans la pile: 8
Nombre de Tile traversees: 2456  Distance est: 269
Nombre de Tile ajoutees dans la pile: 8
Nombre de Tile traversees: 2457  Distance est: 269
Nombre de Tile ajoutees dans la pile: 8
Nombre de Tile traversees: 2458  Distance est: 269
Nombre de Tile ajoutees dans la pile: 8
Nombre de Tile traversees: 2459  Distance est: 269
Nombre de Tile ajoutees dans la pile: 9
Nombre de Tile traversees: 2460  Distance est: 270
Nombre de Tile ajoutees dans la pile: 9
Nombre de Tile traversees: 2461  Distance est: 270
Nombre de Tile ajoutees dans la pile: 9
Nombre de Tile traversees: 2462  Distance est: 270
Nombre de Tile ajoutees dans la pile: 9
Nombre de Tile traversees: 2463  Distance est: 270
Nombre de Tile ajoutees dans la pile: 9
Nombre de Tile traversees: 2464  Distance est: 270
Nombre de Tile ajoutees dans la pile: 9
Nombre de Tile traversees: 2465  Distance est: 270
Nombre de Tile ajoutees dans la pile: 9
Nombre de Tile traversees: 2466  Distance est: 270
Nombre de Tile ajoutees dans la pile: 10
Nombre de Tile traversees: 2467  Distance est: 270
Nombre de Tile ajoutees dans la pile: 11
Nombre de Tile traversees: 2468  Distance est: 270
Nombre de Tile ajoutees dans la pile: 11
Nombre de Tile traversees: 2469  Distance est: 271
Nombre de Tile ajoutees dans la pile: 11
Nombre de Tile traversees: 2470  Distance est: 271
Nombre de Tile ajoutees dans la pile: 11
Nombre de Tile traversees: 2471  Distance est: 271
Nombre de Tile ajoutees dans la pile: 11
Nombre de Tile traversees: 2472  Distance est: 271
Nombre de Tile ajoutees dans la pile: 11
Nombre de Tile traversees: 2473  Distance est: 271
Nombre de Tile ajoutees dans la pile: 11
Nombre de Tile traversees: 2474  Distance est: 271
Nombre de Tile ajoutees dans la pile: 11
Nombre de Tile traversees: 2475  Distance est: 271
Nombre de Tile ajoutees dans la pile: 12
Nombre de Tile traversees: 2476  Distance est: 271
Nombre de Tile ajoutees dans la pile: 11
Nombre de Tile traversees: 2477  Distance est: 271
Nombre de Tile ajoutees dans la pile: 11
Nombre de Tile traversees: 2478  Distance est: 271
Nombre de Tile ajoutees dans la pile: 10
Nombre de Tile traversees: 2479  Distance est: 271
Nombre de Tile ajoutees dans la pile: 10
Nombre de Tile traversees: 2480  Distance est: 272
Nombre de Tile ajoutees dans la pile: 10
Nombre de Tile traversees: 2481  Distance est: 272
Nombre de Tile ajoutees dans la pile: 10
Nombre de Tile traversees: 2482  Distance est: 272
Nombre de Tile ajoutees dans la pile: 10
Nombre de Tile traversees: 2483  Distance est: 272
Nombre de Tile ajoutees dans la pile: 10
Nombre de Tile traversees: 2484  Distance est: 272
Nombre de Tile ajoutees dans la pile: 11
Nombre de Tile traversees: 2485  Distance est: 272
Nombre de Tile ajoutees dans la pile: 11
Nombre de Tile traversees: 2486  Distance est: 272
Nombre de Tile ajoutees dans la pile: 12
Nombre de Tile traversees: 2487  Distance est: 272
Nombre de Tile ajoutees dans la pile: 11
Nombre de Tile traversees: 2488  Distance est: 272
Nombre de Tile ajoutees dans la pile: 11
Nombre de Tile traversees: 2489  Distance est: 272
Nombre de Tile ajoutees dans la pile: 11
Nombre de Tile traversees: 2490  Distance est: 273
Nombre de Tile ajoutees dans la pile: 11
Nombre de Tile traversees: 2491  Distance est: 273
Nombre de Tile ajoutees dans la pile: 11
Nombre de Tile traversees: 2492  Distance est: 273
Nombre de Tile ajoutees dans la pile: 10
Nombre de Tile traversees: 2493  Distance est: 273
Nombre de Tile ajoutees dans la pile: 11
Nombre de Tile traversees: 2494  Distance est: 273
Nombre de Tile ajoutees dans la pile: 12
Nombre de Tile traversees: 2495  Distance est: 273
Nombre de Tile ajoutees dans la pile: 12
Nombre de Tile traversees: 2496  Distance est: 273
Nombre de Tile ajoutees dans la pile: 12
Nombre de Tile traversees: 2497  Distance est: 273
Nombre de Tile ajoutees dans la pile: 11
Nombre de Tile traversees: 2498  Distance est: 273
Nombre de Tile ajoutees dans la pile: 11
Nombre de Tile traversees: 2499  Distance est: 273
Nombre de Tile ajoutees dans la pile: 11
Nombre de Tile traversees: 2500  Distance est: 273
Nombre de Tile ajoutees dans la pile: 10
Nombre de Tile traversees: 2501  Distance est: 274
Nombre de Tile ajoutees dans la pile: 10
Nombre de Tile traversees: 2502  Distance est: 274
Nombre de Tile ajoutees dans la pile: 10
Nombre de Tile traversees: 2503  Distance est: 274
Nombre de Tile ajoutees dans la pile: 10
Nombre de Tile traversees: 2504  Distance est: 274
Nombre de Tile ajoutees dans la pile: 10
Nombre de Tile traversees: 2505  Distance est: 274
Nombre de Tile ajoutees dans la pile: 11
Nombre de Tile traversees: 2506  Distance est: 274
Nombre de Tile ajoutees dans la pile: 10
Nombre de Tile traversees: 2507  Distance est: 274
Nombre de Tile ajoutees dans la pile: 10
Nombre de Tile traversees: 2508  Distance est: 274
Nombre de Tile ajoutees dans la pile: 10
Nombre de Tile traversees: 2509  Distance est: 274
Nombre de Tile ajoutees dans la pile: 10
Nombre de Tile traversees: 2510  Distance est: 274
Nombre de Tile ajoutees dans la pile: 10
Nombre de Tile traversees: 2511  Distance est: 275
Nombre de Tile ajoutees dans la pile: 11
Nombre de Tile traversees: 2512  Distance est: 275
Nombre de Tile ajoutees dans la pile: 11
Nombre de Tile traversees: 2513  Distance est: 275
Nombre de Tile ajoutees dans la pile: 10
Nombre de Tile traversees: 2514  Distance est: 275
Nombre de Tile ajoutees dans la pile: 10
Nombre de Tile traversees: 2515  Distance est: 275
Nombre de Tile ajoutees dans la pile: 10
Nombre de Tile traversees: 2516  Distance est: 275
Nombre de Tile ajoutees dans la pile: 9
Nombre de Tile traversees: 2517  Distance est: 275
Nombre de Tile ajoutees dans la pile: 10
Nombre de Tile traversees: 2518  Distance est: 275
Nombre de Tile ajoutees dans la pile: 10
Nombre de Tile traversees: 2519  Distance est: 275
Nombre de Tile ajoutees dans la pile: 10
Nombre de Tile traversees: 2520  Distance est: 275
Nombre de Tile ajoutees dans la pile: 10
Nombre de Tile traversees: 2521  Distance est: 275
Nombre de Tile ajoutees dans la pile: 11
Nombre de Tile traversees: 2522  Distance est: 276
Nombre de Tile ajoutees dans la pile: 10
Nombre de Tile traversees: 2523  Distance est: 276
Nombre de Tile ajoutees dans la pile: 10
Nombre de Tile traversees: 2524  Distance est: 276
Nombre de Tile ajoutees dans la pile: 10
Nombre de Tile traversees: 2525  Distance est: 276
Nombre de Tile ajoutees dans la pile: 10
Nombre de Tile traversees: 2526  Distance est: 276
Nombre de Tile ajoutees dans la pile: 10
Nombre de Tile traversees: 2527  Distance est: 276
Nombre de Tile ajoutees dans la pile: 10
Nombre de Tile traversees: 2528  Distance est: 276
Nombre de Tile ajoutees dans la pile: 10
Nombre de Tile traversees: 2529  Distance est: 276
Nombre de Tile ajoutees dans la pile: 10
Nombre de Tile traversees: 2530  Distance est: 276
Nombre de Tile ajoutees dans la pile: 10
Nombre de Tile traversees: 2531  Distance est: 276
Nombre de Tile ajoutees dans la pile: 11
Nombre de Tile traversees: 2532  Distance est: 277
Nombre de Tile ajoutees dans la pile: 10
Nombre de Tile traversees: 2533  Distance est: 277
Nombre de Tile ajoutees dans la pile: 10
Nombre de Tile traversees: 2534  Distance est: 277
Nombre de Tile ajoutees dans la pile: 11
Nombre de Tile traversees: 2535  Distance est: 277
Nombre de Tile ajoutees dans la pile: 11
Nombre de Tile traversees: 2536  Distance est: 277
Nombre de Tile ajoutees dans la pile: 11
Nombre de Tile traversees: 2537  Distance est: 277
Nombre de Tile ajoutees dans la pile: 11
Nombre de Tile traversees: 2538  Distance est: 277
Nombre de Tile ajoutees dans la pile: 12
Nombre de Tile traversees: 2539  Distance est: 277
Nombre de Tile ajoutees dans la pile: 12
Nombre de Tile traversees: 2540  Distance est: 277
Nombre de Tile ajoutees dans la pile: 12
Nombre de Tile traversees: 2541  Distance est: 277
Nombre de Tile ajoutees dans la pile: 12
Nombre de Tile traversees: 2542  Distance est: 278
Nombre de Tile ajoutees dans la pile: 11
Nombre de Tile traversees: 2543  Distance est: 278
Nombre de Tile ajoutees dans la pile: 11
Nombre de Tile traversees: 2544  Distance est: 278
Nombre de Tile ajoutees dans la pile: 11
Nombre de Tile traversees: 2545  Distance est: 278
Nombre de Tile ajoutees dans la pile: 11
Nombre de Tile traversees: 2546  Distance est: 278
Nombre de Tile ajoutees dans la pile: 11
Nombre de Tile traversees: 2547  Distance est: 278
Nombre de Tile ajoutees dans la pile: 11
Nombre de Tile traversees: 2548  Distance est: 278
Nombre de Tile ajoutees dans la pile: 11
Nombre de Tile traversees: 2549  Distance est: 278
Nombre de Tile ajoutees dans la pile: 11
Nombre de Tile traversees: 2550  Distance est: 278
Nombre de Tile ajoutees dans la pile: 11
Nombre de Tile traversees: 2551  Distance est: 278
Nombre de Tile ajoutees dans la pile: 12
Nombre de Tile traversees: 2552  Distance est: 278
Nombre de Tile ajoutees dans la pile: 12
Nombre de Tile traversees: 2553  Distance est: 279
Nombre de Tile ajoutees dans la pile: 12
Nombre de Tile traversees: 2554  Distance est: 279
Nombre de Tile ajoutees dans la pile: 12
Nombre de Tile traversees: 2555  Distance est: 279
Nombre de Tile ajoutees dans la pile: 11
Nombre de Tile traversees: 2556  Distance est: 279
Nombre de Tile ajoutees dans la pile: 12
Nombre de Tile traversees: 2557  Distance est: 279
Nombre de Tile ajoutees dans la pile: 12
Nombre de Tile traversees: 2558  Distance est: 279
Nombre de Tile ajoutees dans la pile: 12
Nombre de Tile traversees: 2559  Distance est: 279
Nombre de Tile ajoutees dans la pile: 12
Nombre de Tile traversees: 2560  Distance est: 279
Nombre de Tile ajoutees dans la pile: 12
Nombre de Tile traversees: 2561  Distance est: 279
Nombre de Tile ajoutees dans la pile: 12
Nombre de Tile traversees: 2562  Distance est: 279
Nombre de Tile ajoutees dans la pile: 13
Nombre de Tile traversees: 2563  Distance est: 279
Nombre de Tile ajoutees dans la pile: 13
Nombre de Tile traversees: 2564  Distance est: 279
Nombre de Tile ajoutees dans la pile: 13
Nombre de Tile traversees: 2565  Distance est: 280
Nombre de Tile ajoutees dans la pile: 14
Nombre de Tile traversees: 2566  Distance est: 280
Nombre de Tile ajoutees dans la pile: 14
Nombre de Tile traversees: 2567  Distance est: 280
Nombre de Tile ajoutees dans la pile: 14
Nombre de Tile traversees: 2568  Distance est: 280
Nombre de Tile ajoutees dans la pile: 14
Nombre de Tile traversees: 2569  Distance est: 280
Nombre de Tile ajoutees dans la pile: 14
Nombre de Tile traversees: 2570  Distance est: 280
Nombre de Tile ajoutees dans la pile: 14
Nombre de Tile traversees: 2571  Distance est: 280
Nombre de Tile ajoutees dans la pile: 14
Nombre de Tile traversees: 2572  Distance est: 280
Nombre de Tile ajoutees dans la pile: 14
Nombre de Tile traversees: 2573  Distance est: 280
Nombre de Tile ajoutees dans la pile: 14
Nombre de Tile traversees: 2574  Distance est: 280
Nombre de Tile ajoutees dans la pile: 15
Nombre de Tile traversees: 2575  Distance est: 280
Nombre de Tile ajoutees dans la pile: 14
Nombre de Tile traversees: 2576  Distance est: 280
Nombre de Tile ajoutees dans la pile: 14
Nombre de Tile traversees: 2577  Distance est: 280
Nombre de Tile ajoutees dans la pile: 14
Nombre de Tile traversees: 2578  Distance est: 280
Nombre de Tile ajoutees dans la pile: 14
Nombre de Tile traversees: 2579  Distance est: 281
Nombre de Tile ajoutees dans la pile: 14
Nombre de Tile traversees: 2580  Distance est: 281
Nombre de Tile ajoutees dans la pile: 14
Nombre de Tile traversees: 2581  Distance est: 281
Nombre de Tile ajoutees dans la pile: 13
Nombre de Tile traversees: 2582  Distance est: 281
Nombre de Tile ajoutees dans la pile: 14
Nombre de Tile traversees: 2583  Distance est: 281
Nombre de Tile ajoutees dans la pile: 13
Nombre de Tile traversees: 2584  Distance est: 281
Nombre de Tile ajoutees dans la pile: 12
Nombre de Tile traversees: 2585  Distance est: 281
Nombre de Tile ajoutees dans la pile: 12
Nombre de Tile traversees: 2586  Distance est: 281
Nombre de Tile ajoutees dans la pile: 13
Nombre de Tile traversees: 2587  Distance est: 281
Nombre de Tile ajoutees dans la pile: 13
Nombre de Tile traversees: 2588  Distance est: 281
Nombre de Tile ajoutees dans la pile: 12
Nombre de Tile traversees: 2589  Distance est: 281
Nombre de Tile ajoutees dans la pile: 11
Nombre de Tile traversees: 2590  Distance est: 281
Nombre de Tile ajoutees dans la pile: 11
Nombre de Tile traversees: 2591  Distance est: 281
Nombre de Tile ajoutees dans la pile: 12
Nombre de Tile traversees: 2592  Distance est: 281
Nombre de Tile ajoutees dans la pile: 12
Nombre de Tile traversees: 2593  Distance est: 282
Nombre de Tile ajoutees dans la pile: 12
Nombre de Tile traversees: 2594  Distance est: 282
Nombre de Tile ajoutees dans la pile: 12
Nombre de Tile traversees: 2595  Distance est: 282
Nombre de Tile ajoutees dans la pile: 12
Nombre de Tile traversees: 2596  Distance est: 282
Nombre de Tile ajoutees dans la pile: 12
Nombre de Tile traversees: 2597  Distance est: 282
Nombre de Tile ajoutees dans la pile: 12
Nombre de Tile traversees: 2598  Distance est: 282
Nombre de Tile ajoutees dans la pile: 12
Nombre de Tile traversees: 2599  Distance est: 282
Nombre de Tile ajoutees dans la pile: 12
Nombre de Tile traversees: 2600  Distance est: 282
Nombre de Tile ajoutees dans la pile: 12
Nombre de Tile traversees: 2601  Distance est: 282
Nombre de Tile ajoutees dans la pile: 12
Nombre de Tile traversees: 2602  Distance est: 282
Nombre de Tile ajoutees dans la pile: 13
Nombre de Tile traversees: 2603  Distance est: 282
Nombre de Tile ajoutees dans la pile: 13
Nombre de Tile traversees: 2604  Distance est: 282
Nombre de Tile ajoutees dans la pile: 13
Nombre de Tile traversees: 2605  Distance est: 283
Nombre de Tile ajoutees dans la pile: 13
Nombre de Tile traversees: 2606  Distance est: 283
Nombre de Tile ajoutees dans la pile: 13
Nombre de Tile traversees: 2607  Distance est: 283
Nombre de Tile ajoutees dans la pile: 14
Nombre de Tile traversees: 2608  Distance est: 283
Nombre de Tile ajoutees dans la pile: 14
Nombre de Tile traversees: 2609  Distance est: 283
Nombre de Tile ajoutees dans la pile: 15
Nombre de Tile traversees: 2610  Distance est: 283
Nombre de Tile ajoutees dans la pile: 15
Nombre de Tile traversees: 2611  Distance est: 283
Nombre de Tile ajoutees dans la pile: 16
Nombre de Tile traversees: 2612  Distance est: 283
Nombre de Tile ajoutees dans la pile: 16
Nombre de Tile traversees: 2613  Distance est: 283
Nombre de Tile ajoutees dans la pile: 16
Nombre de Tile traversees: 2614  Distance est: 283
Nombre de Tile ajoutees dans la pile: 16
Nombre de Tile traversees: 2615  Distance est: 283
Nombre de Tile ajoutees dans la pile: 15
Nombre de Tile traversees: 2616  Distance est: 283
Nombre de Tile ajoutees dans la pile: 15
Nombre de Tile traversees: 2617  Distance est: 283
Nombre de Tile ajoutees dans la pile: 15
Nombre de Tile traversees: 2618  Distance est: 284
Nombre de Tile ajoutees dans la pile: 15
Nombre de Tile traversees: 2619  Distance est: 284
Nombre de Tile ajoutees dans la pile: 15
Nombre de Tile traversees: 2620  Distance est: 284
Nombre de Tile ajoutees dans la pile: 15
Nombre de Tile traversees: 2621  Distance est: 284
Nombre de Tile ajoutees dans la pile: 15
Nombre de Tile traversees: 2622  Distance est: 284
Nombre de Tile ajoutees dans la pile: 15
Nombre de Tile traversees: 2623  Distance est: 284
Nombre de Tile ajoutees dans la pile: 15
Nombre de Tile traversees: 2624  Distance est: 284
Nombre de Tile ajoutees dans la pile: 15
Nombre de Tile traversees: 2625  Distance est: 284
Nombre de Tile ajoutees dans la pile: 15
Nombre de Tile traversees: 2626  Distance est: 284
Nombre de Tile ajoutees dans la pile: 15
Nombre de Tile traversees: 2627  Distance est: 284
Nombre de Tile ajoutees dans la pile: 15
Nombre de Tile traversees: 2628  Distance est: 284
Nombre de Tile ajoutees dans la pile: 15
Nombre de Tile traversees: 2629  Distance est: 284
Nombre de Tile ajoutees dans la pile: 15
Nombre de Tile traversees: 2630  Distance est: 284
Nombre de Tile ajoutees dans la pile: 15
Nombre de Tile traversees: 2631  Distance est: 284
Nombre de Tile ajoutees dans la pile: 15
Nombre de Tile traversees: 2632  Distance est: 284
Nombre de Tile ajoutees dans la pile: 15
Nombre de Tile traversees: 2633  Distance est: 285
Nombre de Tile ajoutees dans la pile: 15
Nombre de Tile traversees: 2634  Distance est: 285
Nombre de Tile ajoutees dans la pile: 16
Nombre de Tile traversees: 2635  Distance est: 285
Nombre de Tile ajoutees dans la pile: 16
Nombre de Tile traversees: 2636  Distance est: 285
Nombre de Tile ajoutees dans la pile: 16
Nombre de Tile traversees: 2637  Distance est: 285
Nombre de Tile ajoutees dans la pile: 16
Nombre de Tile traversees: 2638  Distance est: 285
Nombre de Tile ajoutees dans la pile: 16
Nombre de Tile traversees: 2639  Distance est: 285
Nombre de Tile ajoutees dans la pile: 15
Nombre de Tile traversees: 2640  Distance est: 285
Nombre de Tile ajoutees dans la pile: 14
Nombre de Tile traversees: 2641  Distance est: 285
Nombre de Tile ajoutees dans la pile: 13
Nombre de Tile traversees: 2642  Distance est: 285
Nombre de Tile ajoutees dans la pile: 13
Nombre de Tile traversees: 2643  Distance est: 285
Nombre de Tile ajoutees dans la pile: 14
Nombre de Tile traversees: 2644  Distance est: 285
Nombre de Tile ajoutees dans la pile: 14
Nombre de Tile traversees: 2645  Distance est: 285
Nombre de Tile ajoutees dans la pile: 14
Nombre de Tile traversees: 2646  Distance est: 285
Nombre de Tile ajoutees dans la pile: 14
Nombre de Tile traversees: 2647  Distance est: 285
Nombre de Tile ajoutees dans la pile: 14
Nombre de Tile traversees: 2648  Distance est: 286
Nombre de Tile ajoutees dans la pile: 14
Nombre de Tile traversees: 2649  Distance est: 286
Nombre de Tile ajoutees dans la pile: 14
Nombre de Tile traversees: 2650  Distance est: 286
Nombre de Tile ajoutees dans la pile: 14
Nombre de Tile traversees: 2651  Distance est: 286
Nombre de Tile ajoutees dans la pile: 14
Nombre de Tile traversees: 2652  Distance est: 286
Nombre de Tile ajoutees dans la pile: 14
Nombre de Tile traversees: 2653  Distance est: 286
Nombre de Tile ajoutees dans la pile: 14
Nombre de Tile traversees: 2654  Distance est: 286
Nombre de Tile ajoutees dans la pile: 15
Nombre de Tile traversees: 2655  Distance est: 286
Nombre de Tile ajoutees dans la pile: 15
Nombre de Tile traversees: 2656  Distance est: 286
Nombre de Tile ajoutees dans la pile: 15
Nombre de Tile traversees: 2657  Distance est: 286
Nombre de Tile ajoutees dans la pile: 15
Nombre de Tile traversees: 2658  Distance est: 286
Nombre de Tile ajoutees dans la pile: 15
Nombre de Tile traversees: 2659  Distance est: 286
Nombre de Tile ajoutees dans la pile: 15
Nombre de Tile traversees: 2660  Distance est: 286
Nombre de Tile ajoutees dans la pile: 15
Nombre de Tile traversees: 2661  Distance est: 286
Nombre de Tile ajoutees dans la pile: 15
Nombre de Tile traversees: 2662  Distance est: 287
Nombre de Tile ajoutees dans la pile: 15
Nombre de Tile traversees: 2663  Distance est: 287
Nombre de Tile ajoutees dans la pile: 15
Nombre de Tile traversees: 2664  Distance est: 287
Nombre de Tile ajoutees dans la pile: 15
Nombre de Tile traversees: 2665  Distance est: 287
Nombre de Tile ajoutees dans la pile: 15
Nombre de Tile traversees: 2666  Distance est: 287
Nombre de Tile ajoutees dans la pile: 16
Nombre de Tile traversees: 2667  Distance est: 287
Nombre de Tile ajoutees dans la pile: 16
Nombre de Tile traversees: 2668  Distance est: 287
Nombre de Tile ajoutees dans la pile: 17
Nombre de Tile traversees: 2669  Distance est: 287
Nombre de Tile ajoutees dans la pile: 17
Nombre de Tile traversees: 2670  Distance est: 287
Nombre de Tile ajoutees dans la pile: 17
Nombre de Tile traversees: 2671  Distance est: 287
Nombre de Tile ajoutees dans la pile: 17
Nombre de Tile traversees: 2672  Distance est: 287
Nombre de Tile ajoutees dans la pile: 17
Nombre de Tile traversees: 2673  Distance est: 287
Nombre de Tile ajoutees dans la pile: 17
Nombre de Tile traversees: 2674  Distance est: 287
Nombre de Tile ajoutees dans la pile: 17
Nombre de Tile traversees: 2675  Distance est: 287
Nombre de Tile ajoutees dans la pile: 17
Nombre de Tile traversees: 2676  Distance est: 287
Nombre de Tile ajoutees dans la pile: 17
Nombre de Tile traversees: 2677  Distance est: 288
Nombre de Tile ajoutees dans la pile: 17
Nombre de Tile traversees: 2678  Distance est: 288
Nombre de Tile ajoutees dans la pile: 17
Nombre de Tile traversees: 2679  Distance est: 288
Nombre de Tile ajoutees dans la pile: 17
Nombre de Tile traversees: 2680  Distance est: 288
Nombre de Tile ajoutees dans la pile: 17
Nombre de Tile traversees: 2681  Distance est: 288
Nombre de Tile ajoutees dans la pile: 17
Nombre de Tile traversees: 2682  Distance est: 288
Nombre de Tile ajoutees dans la pile: 17
Nombre de Tile traversees: 2683  Distance est: 288
Nombre de Tile ajoutees dans la pile: 17
Nombre de Tile traversees: 2684  Distance est: 288
Nombre de Tile ajoutees dans la pile: 18
Nombre de Tile traversees: 2685  Distance est: 288
Nombre de Tile ajoutees dans la pile: 17
Nombre de Tile traversees: 2686  Distance est: 288
Nombre de Tile ajoutees dans la pile: 17
Nombre de Tile traversees: 2687  Distance est: 288
Nombre de Tile ajoutees dans la pile: 17
Nombre de Tile traversees: 2688  Distance est: 288
Nombre de Tile ajoutees dans la pile: 17
Nombre de Tile traversees: 2689  Distance est: 288
Nombre de Tile ajoutees dans la pile: 17
Nombre de Tile traversees: 2690  Distance est: 288
Nombre de Tile ajoutees dans la pile: 17
Nombre de Tile traversees: 2691  Distance est: 288
Nombre de Tile ajoutees dans la pile: 17
Nombre de Tile traversees: 2692  Distance est: 288
Nombre de Tile ajoutees dans la pile: 17
Nombre de Tile traversees: 2693  Distance est: 288
Nombre de Tile ajoutees dans la pile: 17
Nombre de Tile traversees: 2694  Distance est: 289
Nombre de Tile ajoutees dans la pile: 17
Nombre de Tile traversees: 2695  Distance est: 289
Nombre de Tile ajoutees dans la pile: 17
Nombre de Tile traversees: 2696  Distance est: 289
Nombre de Tile ajoutees dans la pile: 17
Nombre de Tile traversees: 2697  Distance est: 289
Nombre de Tile ajoutees dans la pile: 17
Nombre de Tile traversees: 2698  Distance est: 289
Nombre de Tile ajoutees dans la pile: 17
Nombre de Tile traversees: 2699  Distance est: 289
Nombre de Tile ajoutees dans la pile: 17
Nombre de Tile traversees: 2700  Distance est: 289
Nombre de Tile ajoutees dans la pile: 17
Nombre de Tile traversees: 2701  Distance est: 289
Nombre de Tile ajoutees dans la pile: 16
Nombre de Tile traversees: 2702  Distance est: 289
Nombre de Tile ajoutees dans la pile: 15
Nombre de Tile traversees: 2703  Distance est: 289
Nombre de Tile ajoutees dans la pile: 15
Nombre de Tile traversees: 2704  Distance est: 289
Nombre de Tile ajoutees dans la pile: 16
Nombre de Tile traversees: 2705  Distance est: 289
Nombre de Tile ajoutees dans la pile: 16
Nombre de Tile traversees: 2706  Distance est: 289
Nombre de Tile ajoutees dans la pile: 17
Nombre de Tile traversees: 2707  Distance est: 289
Nombre de Tile ajoutees dans la pile: 17
Nombre de Tile traversees: 2708  Distance est: 289
Nombre de Tile ajoutees dans la pile: 17
Nombre de Tile traversees: 2709  Distance est: 289
Nombre de Tile ajoutees dans la pile: 18
Nombre de Tile traversees: 2710  Distance est: 289
Nombre de Tile ajoutees dans la pile: 17
Nombre de Tile traversees: 2711  Distance est: 290
Nombre de Tile ajoutees dans la pile: 17
Nombre de Tile traversees: 2712  Distance est: 290
Nombre de Tile ajoutees dans la pile: 17
Nombre de Tile traversees: 2713  Distance est: 290
Nombre de Tile ajoutees dans la pile: 17
Nombre de Tile traversees: 2714  Distance est: 290
Nombre de Tile ajoutees dans la pile: 17
Nombre de Tile traversees: 2715  Distance est: 290
Nombre de Tile ajoutees dans la pile: 18
Nombre de Tile traversees: 2716  Distance est: 290
Nombre de Tile ajoutees dans la pile: 18
Nombre de Tile traversees: 2717  Distance est: 290
Nombre de Tile ajoutees dans la pile: 18
Nombre de Tile traversees: 2718  Distance est: 290
Nombre de Tile ajoutees dans la pile: 18
Nombre de Tile traversees: 2719  Distance est: 290
Nombre de Tile ajoutees dans la pile: 18
Nombre de Tile traversees: 2720  Distance est: 290
Nombre de Tile ajoutees dans la pile: 18
Nombre de Tile traversees: 2721  Distance est: 290
Nombre de Tile ajoutees dans la pile: 18
Nombre de Tile traversees: 2722  Distance est: 290
Nombre de Tile ajoutees dans la pile: 18
Nombre de Tile traversees: 2723  Distance est: 290
Nombre de Tile ajoutees dans la pile: 19
Nombre de Tile traversees: 2724  Distance est: 290
Nombre de Tile ajoutees dans la pile: 19
Nombre de Tile traversees: 2725  Distance est: 290
Nombre de Tile ajoutees dans la pile: 19
Nombre de Tile traversees: 2726  Distance est: 290
Nombre de Tile ajoutees dans la pile: 19
Nombre de Tile traversees: 2727  Distance est: 290
Nombre de Tile ajoutees dans la pile: 19
Nombre de Tile traversees: 2728  Distance est: 291
Nombre de Tile ajoutees dans la pile: 19
Nombre de Tile traversees: 2729  Distance est: 291
Nombre de Tile ajoutees dans la pile: 19
Nombre de Tile traversees: 2730  Distance est: 291
Nombre de Tile ajoutees dans la pile: 19
Nombre de Tile traversees: 2731  Distance est: 291
Nombre de Tile ajoutees dans la pile: 19
Nombre de Tile traversees: 2732  Distance est: 291
Nombre de Tile ajoutees dans la pile: 20
Nombre de Tile traversees: 2733  Distance est: 291
Nombre de Tile ajoutees dans la pile: 19
Nombre de Tile traversees: 2734  Distance est: 291
Nombre de Tile ajoutees dans la pile: 19
Nombre de Tile traversees: 2735  Distance est: 291
Nombre de Tile ajoutees dans la pile: 20
Nombre de Tile traversees: 2736  Distance est: 291
Nombre de Tile ajoutees dans la pile: 20
Nombre de Tile traversees: 2737  Distance est: 291
Nombre de Tile ajoutees dans la pile: 20
Nombre de Tile traversees: 2738  Distance est: 291
Nombre de Tile ajoutees dans la pile: 20
Nombre de Tile traversees: 2739  Distance est: 291
Nombre de Tile ajoutees dans la pile: 20
Nombre de Tile traversees: 2740  Distance est: 291
Nombre de Tile ajoutees dans la pile: 20
Nombre de Tile traversees: 2741  Distance est: 291
Nombre de Tile ajoutees dans la pile: 21
Nombre de Tile traversees: 2742  Distance est: 291
Nombre de Tile ajoutees dans la pile: 21
Nombre de Tile traversees: 2743  Distance est: 291
Nombre de Tile ajoutees dans la pile: 21
Nombre de Tile traversees: 2744  Distance est: 291
Nombre de Tile ajoutees dans la pile: 21
Nombre de Tile traversees: 2745  Distance est: 291
Nombre de Tile ajoutees dans la pile: 21
Nombre de Tile traversees: 2746  Distance est: 291
Nombre de Tile ajoutees dans la pile: 21
Nombre de Tile traversees: 2747  Distance est: 292
Nombre de Tile ajoutees dans la pile: 20
Nombre de Tile traversees: 2748  Distance est: 292
Nombre de Tile ajoutees dans la pile: 20
Nombre de Tile traversees: 2749  Distance est: 292
Nombre de Tile ajoutees dans la pile: 20
Nombre de Tile traversees: 2750  Distance est: 292
Nombre de Tile ajoutees dans la pile: 20
Nombre de Tile traversees: 2751  Distance est: 292
Nombre de Tile ajoutees dans la pile: 21
Nombre de Tile traversees: 2752  Distance est: 292
Nombre de Tile ajoutees dans la pile: 20
Nombre de Tile traversees: 2753  Distance est: 292
Nombre de Tile ajoutees dans la pile: 20
Nombre de Tile traversees: 2754  Distance est: 292
Nombre de Tile ajoutees dans la pile: 20
Nombre de Tile traversees: 2755  Distance est: 292
Nombre de Tile ajoutees dans la pile: 20
Nombre de Tile traversees: 2756  Distance est: 292
Nombre de Tile ajoutees dans la pile: 20
Nombre de Tile traversees: 2757  Distance est: 292
Nombre de Tile ajoutees dans la pile: 20
Nombre de Tile traversees: 2758  Distance est: 292
Nombre de Tile ajoutees dans la pile: 20
Nombre de Tile traversees: 2759  Distance est: 292
Nombre de Tile ajoutees dans la pile: 20
Nombre de Tile traversees: 2760  Distance est: 292
Nombre de Tile ajoutees dans la pile: 20
Nombre de Tile traversees: 2761  Distance est: 292
Nombre de Tile ajoutees dans la pile: 21
Nombre de Tile traversees: 2762  Distance est: 292
Nombre de Tile ajoutees dans la pile: 20
Nombre de Tile traversees: 2763  Distance est: 292
Nombre de Tile ajoutees dans la pile: 20
Nombre de Tile traversees: 2764  Distance est: 292
Nombre de Tile ajoutees dans la pile: 20
Nombre de Tile traversees: 2765  Distance est: 292
Nombre de Tile ajoutees dans la pile: 20
Nombre de Tile traversees: 2766  Distance est: 292
Nombre de Tile ajoutees dans la pile: 20
Nombre de Tile traversees: 2767  Distance est: 293
Nombre de Tile ajoutees dans la pile: 20
Nombre de Tile traversees: 2768  Distance est: 293
Nombre de Tile ajoutees dans la pile: 20
Nombre de Tile traversees: 2769  Distance est: 293
Nombre de Tile ajoutees dans la pile: 20
Nombre de Tile traversees: 2770  Distance est: 293
Nombre de Tile ajoutees dans la pile: 20
Nombre de Tile traversees: 2771  Distance est: 293
Nombre de Tile ajoutees dans la pile: 20
Nombre de Tile traversees: 2772  Distance est: 293
Nombre de Tile ajoutees dans la pile: 19
Nombre de Tile traversees: 2773  Distance est: 293
Nombre de Tile ajoutees dans la pile: 19
Nombre de Tile traversees: 2774  Distance est: 293
Nombre de Tile ajoutees dans la pile: 19
Nombre de Tile traversees: 2775  Distance est: 293
Nombre de Tile ajoutees dans la pile: 19
Nombre de Tile traversees: 2776  Distance est: 293
Nombre de Tile ajoutees dans la pile: 19
Nombre de Tile traversees: 2777  Distance est: 293
Nombre de Tile ajoutees dans la pile: 19
Nombre de Tile traversees: 2778  Distance est: 293
Nombre de Tile ajoutees dans la pile: 19
Nombre de Tile traversees: 2779  Distance est: 293
Nombre de Tile ajoutees dans la pile: 19
Nombre de Tile traversees: 2780  Distance est: 293
Nombre de Tile ajoutees dans la pile: 19
Nombre de Tile traversees: 2781  Distance est: 293
Nombre de Tile ajoutees dans la pile: 19
Nombre de Tile traversees: 2782  Distance est: 293
Nombre de Tile ajoutees dans la pile: 18
Nombre de Tile traversees: 2783  Distance est: 293
Nombre de Tile ajoutees dans la pile: 17
Nombre de Tile traversees: 2784  Distance est: 293
Nombre de Tile ajoutees dans la pile: 17
Nombre de Tile traversees: 2785  Distance est: 293
Nombre de Tile ajoutees dans la pile: 17
Nombre de Tile traversees: 2786  Distance est: 293
Nombre de Tile ajoutees dans la pile: 17
Nombre de Tile traversees: 2787  Distance est: 294
Nombre de Tile ajoutees dans la pile: 17
Nombre de Tile traversees: 2788  Distance est: 294
Nombre de Tile ajoutees dans la pile: 17
Nombre de Tile traversees: 2789  Distance est: 294
Nombre de Tile ajoutees dans la pile: 17
Nombre de Tile traversees: 2790  Distance est: 294
Nombre de Tile ajoutees dans la pile: 17
Nombre de Tile traversees: 2791  Distance est: 294
Nombre de Tile ajoutees dans la pile: 17
Nombre de Tile traversees: 2792  Distance est: 294
Nombre de Tile ajoutees dans la pile: 17
Nombre de Tile traversees: 2793  Distance est: 294
Nombre de Tile ajoutees dans la pile: 17
Nombre de Tile traversees: 2794  Distance est: 294
Nombre de Tile ajoutees dans la pile: 17
Nombre de Tile traversees: 2795  Distance est: 294
Nombre de Tile ajoutees dans la pile: 17
Nombre de Tile traversees: 2796  Distance est: 294
Nombre de Tile ajoutees dans la pile: 17
Nombre de Tile traversees: 2797  Distance est: 294
Nombre de Tile ajoutees dans la pile: 17
Nombre de Tile traversees: 2798  Distance est: 294
Nombre de Tile ajoutees dans la pile: 17
Nombre de Tile traversees: 2799  Distance est: 294
Nombre de Tile ajoutees dans la pile: 17
Nombre de Tile traversees: 2800  Distance est: 294
Nombre de Tile ajoutees dans la pile: 17
Nombre de Tile traversees: 2801  Distance est: 294
Nombre de Tile ajoutees dans la pile: 17
Nombre de Tile traversees: 2802  Distance est: 294
Nombre de Tile ajoutees dans la pile: 17
Nombre de Tile traversees: 2803  Distance est: 294
Nombre de Tile ajoutees dans la pile: 17
Nombre de Tile traversees: 2804  Distance est: 295
Nombre de Tile ajoutees dans la pile: 17
Nombre de Tile traversees: 2805  Distance est: 295
Nombre de Tile ajoutees dans la pile: 18
Nombre de Tile traversees: 2806  Distance est: 295
Nombre de Tile ajoutees dans la pile: 19
Nombre de Tile traversees: 2807  Distance est: 295
Nombre de Tile ajoutees dans la pile: 19
Nombre de Tile traversees: 2808  Distance est: 295
Nombre de Tile ajoutees dans la pile: 19
Nombre de Tile traversees: 2809  Distance est: 295
Nombre de Tile ajoutees dans la pile: 20
Nombre de Tile traversees: 2810  Distance est: 295
Nombre de Tile ajoutees dans la pile: 20
Nombre de Tile traversees: 2811  Distance est: 295
Nombre de Tile ajoutees dans la pile: 20
Nombre de Tile traversees: 2812  Distance est: 295
Nombre de Tile ajoutees dans la pile: 19
Nombre de Tile traversees: 2813  Distance est: 295
Nombre de Tile ajoutees dans la pile: 19
Nombre de Tile traversees: 2814  Distance est: 295
Nombre de Tile ajoutees dans la pile: 19
Nombre de Tile traversees: 2815  Distance est: 295
Nombre de Tile ajoutees dans la pile: 19
Nombre de Tile traversees: 2816  Distance est: 295
Nombre de Tile ajoutees dans la pile: 20
Nombre de Tile traversees: 2817  Distance est: 295
Nombre de Tile ajoutees dans la pile: 20
Nombre de Tile traversees: 2818  Distance est: 295
Nombre de Tile ajoutees dans la pile: 20
Nombre de Tile traversees: 2819  Distance est: 295
Nombre de Tile ajoutees dans la pile: 20
Nombre de Tile traversees: 2820  Distance est: 295
Nombre de Tile ajoutees dans la pile: 20
Nombre de Tile traversees: 2821  Distance est: 296
Nombre de Tile ajoutees dans la pile: 20
Nombre de Tile traversees: 2822  Distance est: 296
Nombre de Tile ajoutees dans la pile: 20
Nombre de Tile traversees: 2823  Distance est: 296
Nombre de Tile ajoutees dans la pile: 20
Nombre de Tile traversees: 2824  Distance est: 296
Nombre de Tile ajoutees dans la pile: 20
Nombre de Tile traversees: 2825  Distance est: 296
Nombre de Tile ajoutees dans la pile: 20
Nombre de Tile traversees: 2826  Distance est: 296
Nombre de Tile ajoutees dans la pile: 20
Nombre de Tile traversees: 2827  Distance est: 296
Nombre de Tile ajoutees dans la pile: 20
Nombre de Tile traversees: 2828  Distance est: 296
Nombre de Tile ajoutees dans la pile: 21
Nombre de Tile traversees: 2829  Distance est: 296
Nombre de Tile ajoutees dans la pile: 21
Nombre de Tile traversees: 2830  Distance est: 296
Nombre de Tile ajoutees dans la pile: 21
Nombre de Tile traversees: 2831  Distance est: 296
Nombre de Tile ajoutees dans la pile: 21
Nombre de Tile traversees: 2832  Distance est: 296
Nombre de Tile ajoutees dans la pile: 21
Nombre de Tile traversees: 2833  Distance est: 296
Nombre de Tile ajoutees dans la pile: 21
Nombre de Tile traversees: 2834  Distance est: 296
Nombre de Tile ajoutees dans la pile: 21
Nombre de Tile traversees: 2835  Distance est: 296
Nombre de Tile ajoutees dans la pile: 21
Nombre de Tile traversees: 2836  Distance est: 296
Nombre de Tile ajoutees dans la pile: 21
Nombre de Tile traversees: 2837  Distance est: 296
Nombre de Tile ajoutees dans la pile: 21
Nombre de Tile traversees: 2838  Distance est: 296
Nombre de Tile ajoutees dans la pile: 21
Nombre de Tile traversees: 2839  Distance est: 296
Nombre de Tile ajoutees dans la pile: 21
Nombre de Tile traversees: 2840  Distance est: 296
Nombre de Tile ajoutees dans la pile: 21
Nombre de Tile traversees: 2841  Distance est: 297
Nombre de Tile ajoutees dans la pile: 21
Nombre de Tile traversees: 2842  Distance est: 297
Nombre de Tile ajoutees dans la pile: 21
Nombre de Tile traversees: 2843  Distance est: 297
Nombre de Tile ajoutees dans la pile: 20
Nombre de Tile traversees: 2844  Distance est: 297
Nombre de Tile ajoutees dans la pile: 21
Nombre de Tile traversees: 2845  Distance est: 297
Nombre de Tile ajoutees dans la pile: 20
Nombre de Tile traversees: 2846  Distance est: 297
Nombre de Tile ajoutees dans la pile: 19
Nombre de Tile traversees: 2847  Distance est: 297
Nombre de Tile ajoutees dans la pile: 19
Nombre de Tile traversees: 2848  Distance est: 297
Nombre de Tile ajoutees dans la pile: 19
Nombre de Tile traversees: 2849  Distance est: 297
Nombre de Tile ajoutees dans la pile: 18
Nombre de Tile traversees: 2850  Distance est: 297
Nombre de Tile ajoutees dans la pile: 18
Nombre de Tile traversees: 2851  Distance est: 297
Nombre de Tile ajoutees dans la pile: 18
Nombre de Tile traversees: 2852  Distance est: 297
Nombre de Tile ajoutees dans la pile: 17
Nombre de Tile traversees: 2853  Distance est: 297
Nombre de Tile ajoutees dans la pile: 16
Nombre de Tile traversees: 2854  Distance est: 297
Nombre de Tile ajoutees dans la pile: 16
Nombre de Tile traversees: 2855  Distance est: 297
Nombre de Tile ajoutees dans la pile: 16
Nombre de Tile traversees: 2856  Distance est: 297
Nombre de Tile ajoutees dans la pile: 15
Nombre de Tile traversees: 2857  Distance est: 297
Nombre de Tile ajoutees dans la pile: 15
Nombre de Tile traversees: 2858  Distance est: 297
Nombre de Tile ajoutees dans la pile: 15
Nombre de Tile traversees: 2859  Distance est: 297
Nombre de Tile ajoutees dans la pile: 15
Nombre de Tile traversees: 2860  Distance est: 297
Nombre de Tile ajoutees dans la pile: 15
Nombre de Tile traversees: 2861  Distance est: 297
Nombre de Tile ajoutees dans la pile: 14
Nombre de Tile traversees: 2862  Distance est: 298
Nombre de Tile ajoutees dans la pile: 14
Nombre de Tile traversees: 2863  Distance est: 298
Nombre de Tile ajoutees dans la pile: 14
Nombre de Tile traversees: 2864  Distance est: 298
Nombre de Tile ajoutees dans la pile: 14
Nombre de Tile traversees: 2865  Distance est: 298
Nombre de Tile ajoutees dans la pile: 14
Nombre de Tile traversees: 2866  Distance est: 298
Nombre de Tile ajoutees dans la pile: 14
Nombre de Tile traversees: 2867  Distance est: 298
Nombre de Tile ajoutees dans la pile: 14
Nombre de Tile traversees: 2868  Distance est: 298
Nombre de Tile ajoutees dans la pile: 14
Nombre de Tile traversees: 2869  Distance est: 298
Nombre de Tile ajoutees dans la pile: 14
Nombre de Tile traversees: 2870  Distance est: 298
Nombre de Tile ajoutees dans la pile: 14
Nombre de Tile traversees: 2871  Distance est: 298
Nombre de Tile ajoutees dans la pile: 14
Nombre de Tile traversees: 2872  Distance est: 298
Nombre de Tile ajoutees dans la pile: 14
Nombre de Tile traversees: 2873  Distance est: 298
Nombre de Tile ajoutees dans la pile: 14
Nombre de Tile traversees: 2874  Distance est: 298
Nombre de Tile ajoutees dans la pile: 14
Nombre de Tile traversees: 2875  Distance est: 298
Nombre de Tile ajoutees dans la pile: 14
Nombre de Tile traversees: 2876  Distance est: 299
Nombre de Tile ajoutees dans la pile: 14
Nombre de Tile traversees: 2877  Distance est: 299
Nombre de Tile ajoutees dans la pile: 13
Nombre de Tile traversees: 2878  Distance est: 299
Nombre de Tile ajoutees dans la pile: 13
Nombre de Tile traversees: 2879  Distance est: 299
Nombre de Tile ajoutees dans la pile: 13
Nombre de Tile traversees: 2880  Distance est: 299
Nombre de Tile ajoutees dans la pile: 13
Nombre de Tile traversees: 2881  Distance est: 299
Nombre de Tile ajoutees dans la pile: 13
Nombre de Tile traversees: 2882  Distance est: 299
Nombre de Tile ajoutees dans la pile: 13
Nombre de Tile traversees: 2883  Distance est: 299
Nombre de Tile ajoutees dans la pile: 13
Nombre de Tile traversees: 2884  Distance est: 299
Nombre de Tile ajoutees dans la pile: 13
Nombre de Tile traversees: 2885  Distance est: 299
Nombre de Tile ajoutees dans la pile: 13
Nombre de Tile traversees: 2886  Distance est: 299
Nombre de Tile ajoutees dans la pile: 12
Nombre de Tile traversees: 2887  Distance est: 299
Nombre de Tile ajoutees dans la pile: 12
Nombre de Tile traversees: 2888  Distance est: 299
Nombre de Tile ajoutees dans la pile: 12
Nombre de Tile traversees: 2889  Distance est: 299
Nombre de Tile ajoutees dans la pile: 12
Nombre de Tile traversees: 2890  Distance est: 300
Nombre de Tile ajoutees dans la pile: 12
Nombre de Tile traversees: 2891  Distance est: 300
Nombre de Tile ajoutees dans la pile: 12
Nombre de Tile traversees: 2892  Distance est: 300
Nombre de Tile ajoutees dans la pile: 12
Nombre de Tile traversees: 2893  Distance est: 300
Nombre de Tile ajoutees dans la pile: 12
Nombre de Tile traversees: 2894  Distance est: 300
Nombre de Tile ajoutees dans la pile: 12
Nombre de Tile traversees: 2895  Distance est: 300
Nombre de Tile ajoutees dans la pile: 12
Nombre de Tile traversees: 2896  Distance est: 300
Nombre de Tile ajoutees dans la pile: 12
Nombre de Tile traversees: 2897  Distance est: 300
Nombre de Tile ajoutees dans la pile: 12
Nombre de Tile traversees: 2898  Distance est: 300
Nombre de Tile ajoutees dans la pile: 12
Nombre de Tile traversees: 2899  Distance est: 300
Nombre de Tile ajoutees dans la pile: 12
Nombre de Tile traversees: 2900  Distance est: 300
Nombre de Tile ajoutees dans la pile: 12
Nombre de Tile traversees: 2901  Distance est: 300
Nombre de Tile ajoutees dans la pile: 12
Nombre de Tile traversees: 2902  Distance est: 301
Nombre de Tile ajoutees dans la pile: 12
Nombre de Tile traversees: 2903  Distance est: 301
Nombre de Tile ajoutees dans la pile: 12
Nombre de Tile traversees: 2904  Distance est: 301
Nombre de Tile ajoutees dans la pile: 12
Nombre de Tile traversees: 2905  Distance est: 301
Nombre de Tile ajoutees dans la pile: 12
Nombre de Tile traversees: 2906  Distance est: 301
Nombre de Tile ajoutees dans la pile: 12
Nombre de Tile traversees: 2907  Distance est: 301
Nombre de Tile ajoutees dans la pile: 12
Nombre de Tile traversees: 2908  Distance est: 301
Nombre de Tile ajoutees dans la pile: 12
Nombre de Tile traversees: 2909  Distance est: 301
Nombre de Tile ajoutees dans la pile: 11
Nombre de Tile traversees: 2910  Distance est: 301
Nombre de Tile ajoutees dans la pile: 11
Nombre de Tile traversees: 2911  Distance est: 301
Nombre de Tile ajoutees dans la pile: 11
Nombre de Tile traversees: 2912  Distance est: 301
Nombre de Tile ajoutees dans la pile: 10
Nombre de Tile traversees: 2913  Distance est: 301
Nombre de Tile ajoutees dans la pile: 10
Nombre de Tile traversees: 2914  Distance est: 302
Nombre de Tile ajoutees dans la pile: 10
Nombre de Tile traversees: 2915  Distance est: 302
Nombre de Tile ajoutees dans la pile: 10
Nombre de Tile traversees: 2916  Distance est: 302
Nombre de Tile ajoutees dans la pile: 10
Nombre de Tile traversees: 2917  Distance est: 302
Nombre de Tile ajoutees dans la pile: 10
Nombre de Tile traversees: 2918  Distance est: 302
Nombre de Tile ajoutees dans la pile: 10
Nombre de Tile traversees: 2919  Distance est: 302
Nombre de Tile ajoutees dans la pile: 10
Nombre de Tile traversees: 2920  Distance est: 302
Nombre de Tile ajoutees dans la pile: 10
Nombre de Tile traversees: 2921  Distance est: 302
Nombre de Tile ajoutees dans la pile: 10
Nombre de Tile traversees: 2922  Distance est: 302
Nombre de Tile ajoutees dans la pile: 10
Nombre de Tile traversees: 2923  Distance est: 302
Nombre de Tile ajoutees dans la pile: 10
Nombre de Tile traversees: 2924  Distance est: 303
Nombre de Tile ajoutees dans la pile: 10
Nombre de Tile traversees: 2925  Distance est: 303
Nombre de Tile ajoutees dans la pile: 10
Nombre de Tile traversees: 2926  Distance est: 303
Nombre de Tile ajoutees dans la pile: 10
Nombre de Tile traversees: 2927  Distance est: 303
Nombre de Tile ajoutees dans la pile: 10
Nombre de Tile traversees: 2928  Distance est: 303
Nombre de Tile ajoutees dans la pile: 11
Nombre de Tile traversees: 2929  Distance est: 303
Nombre de Tile ajoutees dans la pile: 10
Nombre de Tile traversees: 2930  Distance est: 303
Nombre de Tile ajoutees dans la pile: 10
Nombre de Tile traversees: 2931  Distance est: 303
Nombre de Tile ajoutees dans la pile: 10
Nombre de Tile traversees: 2932  Distance est: 303
Nombre de Tile ajoutees dans la pile: 10
Nombre de Tile traversees: 2933  Distance est: 303
Nombre de Tile ajoutees dans la pile: 9
Nombre de Tile traversees: 2934  Distance est: 304
Nombre de Tile ajoutees dans la pile: 9
Nombre de Tile traversees: 2935  Distance est: 304
Nombre de Tile ajoutees dans la pile: 9
Nombre de Tile traversees: 2936  Distance est: 304
Nombre de Tile ajoutees dans la pile: 9
Nombre de Tile traversees: 2937  Distance est: 304
Nombre de Tile ajoutees dans la pile: 9
Nombre de Tile traversees: 2938  Distance est: 304
Nombre de Tile ajoutees dans la pile: 9
Nombre de Tile traversees: 2939  Distance est: 304
Nombre de Tile ajoutees dans la pile: 9
Nombre de Tile traversees: 2940  Distance est: 304
Nombre de Tile ajoutees dans la pile: 9
Nombre de Tile traversees: 2941  Distance est: 304
Nombre de Tile ajoutees dans la pile: 9
Nombre de Tile traversees: 2942  Distance est: 304
Nombre de Tile ajoutees dans la pile: 9
Nombre de Tile traversees: 2943  Distance est: 305
Nombre de Tile ajoutees dans la pile: 9
Nombre de Tile traversees: 2944  Distance est: 305
Nombre de Tile ajoutees dans la pile: 9
Nombre de Tile traversees: 2945  Distance est: 305
Nombre de Tile ajoutees dans la pile: 9
Nombre de Tile traversees: 2946  Distance est: 305
Nombre de Tile ajoutees dans la pile: 9
Nombre de Tile traversees: 2947  Distance est: 305
Nombre de Tile ajoutees dans la pile: 8
Nombre de Tile traversees: 2948  Distance est: 305
Nombre de Tile ajoutees dans la pile: 8
Nombre de Tile traversees: 2949  Distance est: 305
Nombre de Tile ajoutees dans la pile: 7
Nombre de Tile traversees: 2950  Distance est: 305
Nombre de Tile ajoutees dans la pile: 8
Nombre de Tile traversees: 2951  Distance est: 305
Nombre de Tile ajoutees dans la pile: 8
Nombre de Tile traversees: 2952  Distance est: 306
Nombre de Tile ajoutees dans la pile: 9
Nombre de Tile traversees: 2953  Distance est: 306
Nombre de Tile ajoutees dans la pile: 9
Nombre de Tile traversees: 2954  Distance est: 306
Nombre de Tile ajoutees dans la pile: 9
Nombre de Tile traversees: 2955  Distance est: 306
Nombre de Tile ajoutees dans la pile: 9
Nombre de Tile traversees: 2956  Distance est: 306
Nombre de Tile ajoutees dans la pile: 9
Nombre de Tile traversees: 2957  Distance est: 306
Nombre de Tile ajoutees dans la pile: 9
Nombre de Tile traversees: 2958  Distance est: 306
Nombre de Tile ajoutees dans la pile: 9
Nombre de Tile traversees: 2959  Distance est: 306
Nombre de Tile ajoutees dans la pile: 9
Nombre de Tile traversees: 2960  Distance est: 306
Nombre de Tile ajoutees dans la pile: 9
Nombre de Tile traversees: 2961  Distance est: 307
Nombre de Tile ajoutees dans la pile: 9
Nombre de Tile traversees: 2962  Distance est: 307
Nombre de Tile ajoutees dans la pile: 9
Nombre de Tile traversees: 2963  Distance est: 307
Nombre de Tile ajoutees dans la pile: 9
Nombre de Tile traversees: 2964  Distance est: 307
Nombre de Tile ajoutees dans la pile: 9
Nombre de Tile traversees: 2965  Distance est: 307
Nombre de Tile ajoutees dans la pile: 9
Nombre de Tile traversees: 2966  Distance est: 307
Nombre de Tile ajoutees dans la pile: 9
Nombre de Tile traversees: 2967  Distance est: 307
Nombre de Tile ajoutees dans la pile: 9
Nombre de Tile traversees: 2968  Distance est: 307
Nombre de Tile ajoutees dans la pile: 9
Nombre de Tile traversees: 2969  Distance est: 307
Nombre de Tile ajoutees dans la pile: 9
Nombre de Tile traversees: 2970  Distance est: 308
Nombre de Tile ajoutees dans la pile: 10
Nombre de Tile traversees: 2971  Distance est: 308
Nombre de Tile ajoutees dans la pile: 10
Nombre de Tile traversees: 2972  Distance est: 308
Nombre de Tile ajoutees dans la pile: 10
Nombre de Tile traversees: 2973  Distance est: 308
Nombre de Tile ajoutees dans la pile: 10
Nombre de Tile traversees: 2974  Distance est: 308
Nombre de Tile ajoutees dans la pile: 10
Nombre de Tile traversees: 2975  Distance est: 308
Nombre de Tile ajoutees dans la pile: 10
Nombre de Tile traversees: 2976  Distance est: 308
Nombre de Tile ajoutees dans la pile: 10
Nombre de Tile traversees: 2977  Distance est: 308
Nombre de Tile ajoutees dans la pile: 10
Nombre de Tile traversees: 2978  Distance est: 308
Nombre de Tile ajoutees dans la pile: 10
Nombre de Tile traversees: 2979  Distance est: 308
Nombre de Tile ajoutees dans la pile: 10
Nombre de Tile traversees: 2980  Distance est: 309
Nombre de Tile ajoutees dans la pile: 10
Nombre de Tile traversees: 2981  Distance est: 309
Nombre de Tile ajoutees dans la pile: 10
Nombre de Tile traversees: 2982  Distance est: 309
Nombre de Tile ajoutees dans la pile: 10
Nombre de Tile traversees: 2983  Distance est: 309
Nombre de Tile ajoutees dans la pile: 11
Nombre de Tile traversees: 2984  Distance est: 309
Nombre de Tile ajoutees dans la pile: 12
Nombre de Tile traversees: 2985  Distance est: 309
Nombre de Tile ajoutees dans la pile: 12
Nombre de Tile traversees: 2986  Distance est: 309
Nombre de Tile ajoutees dans la pile: 12
Nombre de Tile traversees: 2987  Distance est: 309
Nombre de Tile ajoutees dans la pile: 12
Nombre de Tile traversees: 2988  Distance est: 309
Nombre de Tile ajoutees dans la pile: 12
Nombre de Tile traversees: 2989  Distance est: 309
Nombre de Tile ajoutees dans la pile: 11
Nombre de Tile traversees: 2990  Distance est: 310
Nombre de Tile ajoutees dans la pile: 11
Nombre de Tile traversees: 2991  Distance est: 310
Nombre de Tile ajoutees dans la pile: 11
Nombre de Tile traversees: 2992  Distance est: 310
Nombre de Tile ajoutees dans la pile: 11
Nombre de Tile traversees: 2993  Distance est: 310
Nombre de Tile ajoutees dans la pile: 11
Nombre de Tile traversees: 2994  Distance est: 310
Nombre de Tile ajoutees dans la pile: 12
Nombre de Tile traversees: 2995  Distance est: 310
Nombre de Tile ajoutees dans la pile: 12
Nombre de Tile traversees: 2996  Distance est: 310
Nombre de Tile ajoutees dans la pile: 12
Nombre de Tile traversees: 2997  Distance est: 310
Nombre de Tile ajoutees dans la pile: 13
Nombre de Tile traversees: 2998  Distance est: 310
Nombre de Tile ajoutees dans la pile: 13
Nombre de Tile traversees: 2999  Distance est: 310
Nombre de Tile ajoutees dans la pile: 14
Nombre de Tile traversees: 3000  Distance est: 310
Nombre de Tile ajoutees dans la pile: 15
Nombre de Tile traversees: 3001  Distance est: 311
Nombre de Tile ajoutees dans la pile: 15
Nombre de Tile traversees: 3002  Distance est: 311
Nombre de Tile ajoutees dans la pile: 15
Nombre de Tile traversees: 3003  Distance est: 311
Nombre de Tile ajoutees dans la pile: 15
Nombre de Tile traversees: 3004  Distance est: 311
Nombre de Tile ajoutees dans la pile: 16
Nombre de Tile traversees: 3005  Distance est: 311
Nombre de Tile ajoutees dans la pile: 17
Nombre de Tile traversees: 3006  Distance est: 311
Nombre de Tile ajoutees dans la pile: 16
Nombre de Tile traversees: 3007  Distance est: 311
Nombre de Tile ajoutees dans la pile: 16
Nombre de Tile traversees: 3008  Distance est: 311
Nombre de Tile ajoutees dans la pile: 16
Nombre de Tile traversees: 3009  Distance est: 311
Nombre de Tile ajoutees dans la pile: 17
Nombre de Tile traversees: 3010  Distance est: 311
Nombre de Tile ajoutees dans la pile: 16
Nombre de Tile traversees: 3011  Distance est: 311
Nombre de Tile ajoutees dans la pile: 17
Nombre de Tile traversees: 3012  Distance est: 311
Nombre de Tile ajoutees dans la pile: 18
Nombre de Tile traversees: 3013  Distance est: 311
Nombre de Tile ajoutees dans la pile: 18
Nombre de Tile traversees: 3014  Distance est: 311
Nombre de Tile ajoutees dans la pile: 19
Nombre de Tile traversees: 3015  Distance est: 311
Nombre de Tile ajoutees dans la pile: 18
Nombre de Tile traversees: 3016  Distance est: 312
Nombre de Tile ajoutees dans la pile: 19
Nombre de Tile traversees: 3017  Distance est: 312
Nombre de Tile ajoutees dans la pile: 19
Nombre de Tile traversees: 3018  Distance est: 312
Nombre de Tile ajoutees dans la pile: 19
Nombre de Tile traversees: 3019  Distance est: 312
Nombre de Tile ajoutees dans la pile: 19
Nombre de Tile traversees: 3020  Distance est: 312
Nombre de Tile ajoutees dans la pile: 19
Nombre de Tile traversees: 3021  Distance est: 312
Nombre de Tile ajoutees dans la pile: 21
Nombre de Tile traversees: 3022  Distance est: 312
Nombre de Tile ajoutees dans la pile: 20
Nombre de Tile traversees: 3023  Distance est: 312
Nombre de Tile ajoutees dans la pile: 20
Nombre de Tile traversees: 3024  Distance est: 312
Nombre de Tile ajoutees dans la pile: 20
Nombre de Tile traversees: 3025  Distance est: 312
Nombre de Tile ajoutees dans la pile: 21
Nombre de Tile traversees: 3026  Distance est: 312
Nombre de Tile ajoutees dans la pile: 20
Nombre de Tile traversees: 3027  Distance est: 312
Nombre de Tile ajoutees dans la pile: 20
Nombre de Tile traversees: 3028  Distance est: 312
Nombre de Tile ajoutees dans la pile: 20
Nombre de Tile traversees: 3029  Distance est: 312
Nombre de Tile ajoutees dans la pile: 21
Nombre de Tile traversees: 3030  Distance est: 312
Nombre de Tile ajoutees dans la pile: 20
Nombre de Tile traversees: 3031  Distance est: 312
Nombre de Tile ajoutees dans la pile: 20
Nombre de Tile traversees: 3032  Distance est: 312
Nombre de Tile ajoutees dans la pile: 21
Nombre de Tile traversees: 3033  Distance est: 312
Nombre de Tile ajoutees dans la pile: 20
Nombre de Tile traversees: 3034  Distance est: 312
Nombre de Tile ajoutees dans la pile: 20
Nombre de Tile traversees: 3035  Distance est: 313
Nombre de Tile ajoutees dans la pile: 20
Nombre de Tile traversees: 3036  Distance est: 313
Nombre de Tile ajoutees dans la pile: 20
Nombre de Tile traversees: 3037  Distance est: 313
Nombre de Tile ajoutees dans la pile: 20
Nombre de Tile traversees: 3038  Distance est: 313
Nombre de Tile ajoutees dans la pile: 20
Nombre de Tile traversees: 3039  Distance est: 313
Nombre de Tile ajoutees dans la pile: 20
Nombre de Tile traversees: 3040  Distance est: 313
Nombre de Tile ajoutees dans la pile: 21
Nombre de Tile traversees: 3041  Distance est: 313
Nombre de Tile ajoutees dans la pile: 21
Nombre de Tile traversees: 3042  Distance est: 313
Nombre de Tile ajoutees dans la pile: 20
Nombre de Tile traversees: 3043  Distance est: 313
Nombre de Tile ajoutees dans la pile: 20
Nombre de Tile traversees: 3044  Distance est: 313
Nombre de Tile ajoutees dans la pile: 20
Nombre de Tile traversees: 3045  Distance est: 313
Nombre de Tile ajoutees dans la pile: 19
Nombre de Tile traversees: 3046  Distance est: 313
Nombre de Tile ajoutees dans la pile: 18
Nombre de Tile traversees: 3047  Distance est: 313
Nombre de Tile ajoutees dans la pile: 18
Nombre de Tile traversees: 3048  Distance est: 313
Nombre de Tile ajoutees dans la pile: 18
Nombre de Tile traversees: 3049  Distance est: 313
Nombre de Tile ajoutees dans la pile: 17
Nombre de Tile traversees: 3050  Distance est: 313
Nombre de Tile ajoutees dans la pile: 16
Nombre de Tile traversees: 3051  Distance est: 313
Nombre de Tile ajoutees dans la pile: 16
Nombre de Tile traversees: 3052  Distance est: 313
Nombre de Tile ajoutees dans la pile: 15
Nombre de Tile traversees: 3053  Distance est: 313
Nombre de Tile ajoutees dans la pile: 14
Nombre de Tile traversees: 3054  Distance est: 313
Nombre de Tile ajoutees dans la pile: 13
Nombre de Tile traversees: 3055  Distance est: 314
Nombre de Tile ajoutees dans la pile: 13
Nombre de Tile traversees: 3056  Distance est: 314
Nombre de Tile ajoutees dans la pile: 13
Nombre de Tile traversees: 3057  Distance est: 314
Nombre de Tile ajoutees dans la pile: 13
Nombre de Tile traversees: 3058  Distance est: 314
Nombre de Tile ajoutees dans la pile: 13
Nombre de Tile traversees: 3059  Distance est: 314
Nombre de Tile ajoutees dans la pile: 13
Nombre de Tile traversees: 3060  Distance est: 314
Nombre de Tile ajoutees dans la pile: 14
Nombre de Tile traversees: 3061  Distance est: 314
Nombre de Tile ajoutees dans la pile: 13
Nombre de Tile traversees: 3062  Distance est: 314
Nombre de Tile ajoutees dans la pile: 13
Nombre de Tile traversees: 3063  Distance est: 314
Nombre de Tile ajoutees dans la pile: 13
Nombre de Tile traversees: 3064  Distance est: 314
Nombre de Tile ajoutees dans la pile: 13
Nombre de Tile traversees: 3065  Distance est: 314
Nombre de Tile ajoutees dans la pile: 13
Nombre de Tile traversees: 3066  Distance est: 314
Nombre de Tile ajoutees dans la pile: 13
Nombre de Tile traversees: 3067  Distance est: 314
Nombre de Tile ajoutees dans la pile: 13
Nombre de Tile traversees: 3068  Distance est: 315
Nombre de Tile ajoutees dans la pile: 13
Nombre de Tile traversees: 3069  Distance est: 315
Nombre de Tile ajoutees dans la pile: 13
Nombre de Tile traversees: 3070  Distance est: 315
Nombre de Tile ajoutees dans la pile: 13
Nombre de Tile traversees: 3071  Distance est: 315
Nombre de Tile ajoutees dans la pile: 13
Nombre de Tile traversees: 3072  Distance est: 315
Nombre de Tile ajoutees dans la pile: 13
Nombre de Tile traversees: 3073  Distance est: 315
Nombre de Tile ajoutees dans la pile: 13
Nombre de Tile traversees: 3074  Distance est: 315
Nombre de Tile ajoutees dans la pile: 12
Nombre de Tile traversees: 3075  Distance est: 315
Nombre de Tile ajoutees dans la pile: 12
Nombre de Tile traversees: 3076  Distance est: 315
Nombre de Tile ajoutees dans la pile: 12
Nombre de Tile traversees: 3077  Distance est: 315
Nombre de Tile ajoutees dans la pile: 12
Nombre de Tile traversees: 3078  Distance est: 315
Nombre de Tile ajoutees dans la pile: 12
Nombre de Tile traversees: 3079  Distance est: 315
Nombre de Tile ajoutees dans la pile: 12
Nombre de Tile traversees: 3080  Distance est: 315
Nombre de Tile ajoutees dans la pile: 12
Nombre de Tile traversees: 3081  Distance est: 316
Nombre de Tile ajoutees dans la pile: 12
Nombre de Tile traversees: 3082  Distance est: 316
Nombre de Tile ajoutees dans la pile: 12
Nombre de Tile traversees: 3083  Distance est: 316
Nombre de Tile ajoutees dans la pile: 13
Nombre de Tile traversees: 3084  Distance est: 316
Nombre de Tile ajoutees dans la pile: 13
Nombre de Tile traversees: 3085  Distance est: 316
Nombre de Tile ajoutees dans la pile: 13
Nombre de Tile traversees: 3086  Distance est: 316
Nombre de Tile ajoutees dans la pile: 13
Nombre de Tile traversees: 3087  Distance est: 316
Nombre de Tile ajoutees dans la pile: 13
Nombre de Tile traversees: 3088  Distance est: 316
Nombre de Tile ajoutees dans la pile: 13
Nombre de Tile traversees: 3089  Distance est: 316
Nombre de Tile ajoutees dans la pile: 13
Nombre de Tile traversees: 3090  Distance est: 316
Nombre de Tile ajoutees dans la pile: 13
Nombre de Tile traversees: 3091  Distance est: 316
Nombre de Tile ajoutees dans la pile: 13
Nombre de Tile traversees: 3092  Distance est: 316
Nombre de Tile ajoutees dans la pile: 13
Nombre de Tile traversees: 3093  Distance est: 317
Nombre de Tile ajoutees dans la pile: 13
Nombre de Tile traversees: 3094  Distance est: 317
Nombre de Tile ajoutees dans la pile: 13
Nombre de Tile traversees: 3095  Distance est: 317
Nombre de Tile ajoutees dans la pile: 14
Nombre de Tile traversees: 3096  Distance est: 317
Nombre de Tile ajoutees dans la pile: 13
Nombre de Tile traversees: 3097  Distance est: 317
Nombre de Tile ajoutees dans la pile: 12
Nombre de Tile traversees: 3098  Distance est: 317
Nombre de Tile ajoutees dans la pile: 12
Nombre de Tile traversees: 3099  Distance est: 317
Nombre de Tile ajoutees dans la pile: 11
Nombre de Tile traversees: 3100  Distance est: 317
Nombre de Tile ajoutees dans la pile: 11
Nombre de Tile traversees: 3101  Distance est: 317
Nombre de Tile ajoutees dans la pile: 11
Nombre de Tile traversees: 3102  Distance est: 317
Nombre de Tile ajoutees dans la pile: 11
Nombre de Tile traversees: 3103  Distance est: 317
Nombre de Tile ajoutees dans la pile: 11
Nombre de Tile traversees: 3104  Distance est: 317
Nombre de Tile ajoutees dans la pile: 11
Nombre de Tile traversees: 3105  Distance est: 317
Nombre de Tile ajoutees dans la pile: 11
Nombre de Tile traversees: 3106  Distance est: 318
Nombre de Tile ajoutees dans la pile: 12
Nombre de Tile traversees: 3107  Distance est: 318
Nombre de Tile ajoutees dans la pile: 13
Nombre de Tile traversees: 3108  Distance est: 318
Nombre de Tile ajoutees dans la pile: 14
Nombre de Tile traversees: 3109  Distance est: 318
Nombre de Tile ajoutees dans la pile: 13
Nombre de Tile traversees: 3110  Distance est: 318
Nombre de Tile ajoutees dans la pile: 13
Nombre de Tile traversees: 3111  Distance est: 318
Nombre de Tile ajoutees dans la pile: 13
Nombre de Tile traversees: 3112  Distance est: 318
Nombre de Tile ajoutees dans la pile: 13
Nombre de Tile traversees: 3113  Distance est: 318
Nombre de Tile ajoutees dans la pile: 13
Nombre de Tile traversees: 3114  Distance est: 318
Nombre de Tile ajoutees dans la pile: 13
Nombre de Tile traversees: 3115  Distance est: 318
Nombre de Tile ajoutees dans la pile: 13
Nombre de Tile traversees: 3116  Distance est: 318
Nombre de Tile ajoutees dans la pile: 13
Nombre de Tile traversees: 3117  Distance est: 318
Nombre de Tile ajoutees dans la pile: 13
Nombre de Tile traversees: 3118  Distance est: 319
Nombre de Tile ajoutees dans la pile: 13
Nombre de Tile traversees: 3119  Distance est: 319
Nombre de Tile ajoutees dans la pile: 14
Nombre de Tile traversees: 3120  Distance est: 319
Nombre de Tile ajoutees dans la pile: 13
Nombre de Tile traversees: 3121  Distance est: 319
Nombre de Tile ajoutees dans la pile: 13
Nombre de Tile traversees: 3122  Distance est: 319
Nombre de Tile ajoutees dans la pile: 12
Nombre de Tile traversees: 3123  Distance est: 319
Nombre de Tile ajoutees dans la pile: 12
Nombre de Tile traversees: 3124  Distance est: 319
Nombre de Tile ajoutees dans la pile: 12
Nombre de Tile traversees: 3125  Distance est: 319
Nombre de Tile ajoutees dans la pile: 12
Nombre de Tile traversees: 3126  Distance est: 319
Nombre de Tile ajoutees dans la pile: 12
Nombre de Tile traversees: 3127  Distance est: 319
Nombre de Tile ajoutees dans la pile: 12
Nombre de Tile traversees: 3128  Distance est: 319
Nombre de Tile ajoutees dans la pile: 12
Nombre de Tile traversees: 3129  Distance est: 319
Nombre de Tile ajoutees dans la pile: 12
Nombre de Tile traversees: 3130  Distance est: 319
Nombre de Tile ajoutees dans la pile: 12
Nombre de Tile traversees: 3131  Distance est: 320
Nombre de Tile ajoutees dans la pile: 12
Nombre de Tile traversees: 3132  Distance est: 320
Nombre de Tile ajoutees dans la pile: 13
Nombre de Tile traversees: 3133  Distance est: 320
Nombre de Tile ajoutees dans la pile: 12
Nombre de Tile traversees: 3134  Distance est: 320
Nombre de Tile ajoutees dans la pile: 12
Nombre de Tile traversees: 3135  Distance est: 320
Nombre de Tile ajoutees dans la pile: 13
Nombre de Tile traversees: 3136  Distance est: 320
Nombre de Tile ajoutees dans la pile: 13
Nombre de Tile traversees: 3137  Distance est: 320
Nombre de Tile ajoutees dans la pile: 13
Nombre de Tile traversees: 3138  Distance est: 320
Nombre de Tile ajoutees dans la pile: 13
Nombre de Tile traversees: 3139  Distance est: 320
Nombre de Tile ajoutees dans la pile: 13
Nombre de Tile traversees: 3140  Distance est: 320
Nombre de Tile ajoutees dans la pile: 13
Nombre de Tile traversees: 3141  Distance est: 320
Nombre de Tile ajoutees dans la pile: 13
Nombre de Tile traversees: 3142  Distance est: 320
Nombre de Tile ajoutees dans la pile: 13
Nombre de Tile traversees: 3143  Distance est: 321
Nombre de Tile ajoutees dans la pile: 13
Nombre de Tile traversees: 3144  Distance est: 321
Nombre de Tile ajoutees dans la pile: 13
Nombre de Tile traversees: 3145  Distance est: 321
Nombre de Tile ajoutees dans la pile: 12
Nombre de Tile traversees: 3146  Distance est: 321
Nombre de Tile ajoutees dans la pile: 11
Nombre de Tile traversees: 3147  Distance est: 321
Nombre de Tile ajoutees dans la pile: 12
Nombre de Tile traversees: 3148  Distance est: 321
Nombre de Tile ajoutees dans la pile: 12
Nombre de Tile traversees: 3149  Distance est: 321
Nombre de Tile ajoutees dans la pile: 12
Nombre de Tile traversees: 3150  Distance est: 321
Nombre de Tile ajoutees dans la pile: 12
Nombre de Tile traversees: 3151  Distance est: 321
Nombre de Tile ajoutees dans la pile: 12
Nombre de Tile traversees: 3152  Distance est: 321
Nombre de Tile ajoutees dans la pile: 13
Nombre de Tile traversees: 3153  Distance est: 321
Nombre de Tile ajoutees dans la pile: 13
Nombre de Tile traversees: 3154  Distance est: 321
Nombre de Tile ajoutees dans la pile: 13
Nombre de Tile traversees: 3155  Distance est: 321
Nombre de Tile ajoutees dans la pile: 13
Nombre de Tile traversees: 3156  Distance est: 322
Nombre de Tile ajoutees dans la pile: 13
Nombre de Tile traversees: 3157  Distance est: 322
Nombre de Tile ajoutees dans la pile: 13
Nombre de Tile traversees: 3158  Distance est: 322
Nombre de Tile ajoutees dans la pile: 14
Nombre de Tile traversees: 3159  Distance est: 322
Nombre de Tile ajoutees dans la pile: 13
Nombre de Tile traversees: 3160  Distance est: 322
Nombre de Tile ajoutees dans la pile: 13
Nombre de Tile traversees: 3161  Distance est: 322
Nombre de Tile ajoutees dans la pile: 13
Nombre de Tile traversees: 3162  Distance est: 322
Nombre de Tile ajoutees dans la pile: 13
Nombre de Tile traversees: 3163  Distance est: 322
Nombre de Tile ajoutees dans la pile: 13
Nombre de Tile traversees: 3164  Distance est: 322
Nombre de Tile ajoutees dans la pile: 13
Nombre de Tile traversees: 3165  Distance est: 322
Nombre de Tile ajoutees dans la pile: 13
Nombre de Tile traversees: 3166  Distance est: 322
Nombre de Tile ajoutees dans la pile: 13
Nombre de Tile traversees: 3167  Distance est: 322
Nombre de Tile ajoutees dans la pile: 13
Nombre de Tile traversees: 3168  Distance est: 322
Nombre de Tile ajoutees dans la pile: 13
Nombre de Tile traversees: 3169  Distance est: 323
Nombre de Tile ajoutees dans la pile: 13
Nombre de Tile traversees: 3170  Distance est: 323
Nombre de Tile ajoutees dans la pile: 13
Nombre de Tile traversees: 3171  Distance est: 323
Nombre de Tile ajoutees dans la pile: 13
Nombre de Tile traversees: 3172  Distance est: 323
Nombre de Tile ajoutees dans la pile: 13
Nombre de Tile traversees: 3173  Distance est: 323
Nombre de Tile ajoutees dans la pile: 13
Nombre de Tile traversees: 3174  Distance est: 323
Nombre de Tile ajoutees dans la pile: 13
Nombre de Tile traversees: 3175  Distance est: 323
Nombre de Tile ajoutees dans la pile: 13
Nombre de Tile traversees: 3176  Distance est: 323
Nombre de Tile ajoutees dans la pile: 13
Nombre de Tile traversees: 3177  Distance est: 323
Nombre de Tile ajoutees dans la pile: 12
Nombre de Tile traversees: 3178  Distance est: 323
Nombre de Tile ajoutees dans la pile: 13
Nombre de Tile traversees: 3179  Distance est: 323
Nombre de Tile ajoutees dans la pile: 13
Nombre de Tile traversees: 3180  Distance est: 323
Nombre de Tile ajoutees dans la pile: 13
Nombre de Tile traversees: 3181  Distance est: 323
Nombre de Tile ajoutees dans la pile: 13
Nombre de Tile traversees: 3182  Distance est: 324
Nombre de Tile ajoutees dans la pile: 13
Nombre de Tile traversees: 3183  Distance est: 324
Nombre de Tile ajoutees dans la pile: 13
Nombre de Tile traversees: 3184  Distance est: 324
Nombre de Tile ajoutees dans la pile: 13
Nombre de Tile traversees: 3185  Distance est: 324
Nombre de Tile ajoutees dans la pile: 13
Nombre de Tile traversees: 3186  Distance est: 324
Nombre de Tile ajoutees dans la pile: 13
Nombre de Tile traversees: 3187  Distance est: 324
Nombre de Tile ajoutees dans la pile: 13
Nombre de Tile traversees: 3188  Distance est: 324
Nombre de Tile ajoutees dans la pile: 13
Nombre de Tile traversees: 3189  Distance est: 324
Nombre de Tile ajoutees dans la pile: 13
Nombre de Tile traversees: 3190  Distance est: 324
Nombre de Tile ajoutees dans la pile: 13
Nombre de Tile traversees: 3191  Distance est: 324
Nombre de Tile ajoutees dans la pile: 13
Nombre de Tile traversees: 3192  Distance est: 324
Nombre de Tile ajoutees dans la pile: 13
Nombre de Tile traversees: 3193  Distance est: 324
Nombre de Tile ajoutees dans la pile: 13
Nombre de Tile traversees: 3194  Distance est: 324
Nombre de Tile ajoutees dans la pile: 13
Nombre de Tile traversees: 3195  Distance est: 325
Nombre de Tile ajoutees dans la pile: 13
Nombre de Tile traversees: 3196  Distance est: 325
Nombre de Tile ajoutees dans la pile: 13
Nombre de Tile traversees: 3197  Distance est: 325
Nombre de Tile ajoutees dans la pile: 13
Nombre de Tile traversees: 3198  Distance est: 325
Nombre de Tile ajoutees dans la pile: 13
Nombre de Tile traversees: 3199  Distance est: 325
Nombre de Tile ajoutees dans la pile: 13
Nombre de Tile traversees: 3200  Distance est: 325
Nombre de Tile ajoutees dans la pile: 13
Nombre de Tile traversees: 3201  Distance est: 325
Nombre de Tile ajoutees dans la pile: 13
Nombre de Tile traversees: 3202  Distance est: 325
Nombre de Tile ajoutees dans la pile: 13
Nombre de Tile traversees: 3203  Distance est: 325
Nombre de Tile ajoutees dans la pile: 13
Nombre de Tile traversees: 3204  Distance est: 325
Nombre de Tile ajoutees dans la pile: 13
Nombre de Tile traversees: 3205  Distance est: 325
Nombre de Tile ajoutees dans la pile: 13
Nombre de Tile traversees: 3206  Distance est: 325
Nombre de Tile ajoutees dans la pile: 12
Nombre de Tile traversees: 3207  Distance est: 325
Nombre de Tile ajoutees dans la pile: 12
Nombre de Tile traversees: 3208  Distance est: 326
Nombre de Tile ajoutees dans la pile: 12
Nombre de Tile traversees: 3209  Distance est: 326
Nombre de Tile ajoutees dans la pile: 12
Nombre de Tile traversees: 3210  Distance est: 326
Nombre de Tile ajoutees dans la pile: 12
Nombre de Tile traversees: 3211  Distance est: 326
Nombre de Tile ajoutees dans la pile: 12
Nombre de Tile traversees: 3212  Distance est: 326
Nombre de Tile ajoutees dans la pile: 12
Nombre de Tile traversees: 3213  Distance est: 326
Nombre de Tile ajoutees dans la pile: 12
Nombre de Tile traversees: 3214  Distance est: 326
Nombre de Tile ajoutees dans la pile: 12
Nombre de Tile traversees: 3215  Distance est: 326
Nombre de Tile ajoutees dans la pile: 12
Nombre de Tile traversees: 3216  Distance est: 326
Nombre de Tile ajoutees dans la pile: 12
Nombre de Tile traversees: 3217  Distance est: 326
Nombre de Tile ajoutees dans la pile: 12
Nombre de Tile traversees: 3218  Distance est: 326
Nombre de Tile ajoutees dans la pile: 12
Nombre de Tile traversees: 3219  Distance est: 326
Nombre de Tile ajoutees dans la pile: 12
Nombre de Tile traversees: 3220  Distance est: 327
Nombre de Tile ajoutees dans la pile: 12
Nombre de Tile traversees: 3221  Distance est: 327
Nombre de Tile ajoutees dans la pile: 12
Nombre de Tile traversees: 3222  Distance est: 327
Nombre de Tile ajoutees dans la pile: 13
Nombre de Tile traversees: 3223  Distance est: 327
Nombre de Tile ajoutees dans la pile: 13
Nombre de Tile traversees: 3224  Distance est: 327
Nombre de Tile ajoutees dans la pile: 13
Nombre de Tile traversees: 3225  Distance est: 327
Nombre de Tile ajoutees dans la pile: 13
Nombre de Tile traversees: 3226  Distance est: 327
Nombre de Tile ajoutees dans la pile: 13
Nombre de Tile traversees: 3227  Distance est: 327
Nombre de Tile ajoutees dans la pile: 13
Nombre de Tile traversees: 3228  Distance est: 327
Nombre de Tile ajoutees dans la pile: 13
Nombre de Tile traversees: 3229  Distance est: 327
Nombre de Tile ajoutees dans la pile: 13
Nombre de Tile traversees: 3230  Distance est: 327
Nombre de Tile ajoutees dans la pile: 14
Nombre de Tile traversees: 3231  Distance est: 327
Nombre de Tile ajoutees dans la pile: 13
Nombre de Tile traversees: 3232  Distance est: 328
Nombre de Tile ajoutees dans la pile: 13
Nombre de Tile traversees: 3233  Distance est: 328
Nombre de Tile ajoutees dans la pile: 13
Nombre de Tile traversees: 3234  Distance est: 328
Nombre de Tile ajoutees dans la pile: 14
Nombre de Tile traversees: 3235  Distance est: 328
Nombre de Tile ajoutees dans la pile: 14
Nombre de Tile traversees: 3236  Distance est: 328
Nombre de Tile ajoutees dans la pile: 15
Nombre de Tile traversees: 3237  Distance est: 328
Nombre de Tile ajoutees dans la pile: 15
Nombre de Tile traversees: 3238  Distance est: 328
Nombre de Tile ajoutees dans la pile: 15
Nombre de Tile traversees: 3239  Distance est: 328
Nombre de Tile ajoutees dans la pile: 15
Nombre de Tile traversees: 3240  Distance est: 328
Nombre de Tile ajoutees dans la pile: 15
Nombre de Tile traversees: 3241  Distance est: 328
Nombre de Tile ajoutees dans la pile: 15
Nombre de Tile traversees: 3242  Distance est: 328
Nombre de Tile ajoutees dans la pile: 15
Nombre de Tile traversees: 3243  Distance est: 328
Nombre de Tile ajoutees dans la pile: 15
Nombre de Tile traversees: 3244  Distance est: 328
Nombre de Tile ajoutees dans la pile: 15
Nombre de Tile traversees: 3245  Distance est: 329
Nombre de Tile ajoutees dans la pile: 16
Nombre de Tile traversees: 3246  Distance est: 329
Nombre de Tile ajoutees dans la pile: 16
Nombre de Tile traversees: 3247  Distance est: 329
Nombre de Tile ajoutees dans la pile: 16
Nombre de Tile traversees: 3248  Distance est: 329
Nombre de Tile ajoutees dans la pile: 15
Nombre de Tile traversees: 3249  Distance est: 329
Nombre de Tile ajoutees dans la pile: 15
Nombre de Tile traversees: 3250  Distance est: 329
Nombre de Tile ajoutees dans la pile: 16
Nombre de Tile traversees: 3251  Distance est: 329
Nombre de Tile ajoutees dans la pile: 15
Nombre de Tile traversees: 3252  Distance est: 329
Nombre de Tile ajoutees dans la pile: 15
Nombre de Tile traversees: 3253  Distance est: 329
Nombre de Tile ajoutees dans la pile: 15
Nombre de Tile traversees: 3254  Distance est: 329
Nombre de Tile ajoutees dans la pile: 15
Nombre de Tile traversees: 3255  Distance est: 329
Nombre de Tile ajoutees dans la pile: 15
Nombre de Tile traversees: 3256  Distance est: 329
Nombre de Tile ajoutees dans la pile: 15
Nombre de Tile traversees: 3257  Distance est: 329
Nombre de Tile ajoutees dans la pile: 15
Nombre de Tile traversees: 3258  Distance est: 329
Nombre de Tile ajoutees dans la pile: 15
Nombre de Tile traversees: 3259  Distance est: 329
Nombre de Tile ajoutees dans la pile: 15
Nombre de Tile traversees: 3260  Distance est: 329
Nombre de Tile ajoutees dans la pile: 16
Nombre de Tile traversees: 3261  Distance est: 330
Nombre de Tile ajoutees dans la pile: 15
Nombre de Tile traversees: 3262  Distance est: 330
Nombre de Tile ajoutees dans la pile: 15
Nombre de Tile traversees: 3263  Distance est: 330
Nombre de Tile ajoutees dans la pile: 15
Nombre de Tile traversees: 3264  Distance est: 330
Nombre de Tile ajoutees dans la pile: 15
Nombre de Tile traversees: 3265  Distance est: 330
Nombre de Tile ajoutees dans la pile: 16
Nombre de Tile traversees: 3266  Distance est: 330
Nombre de Tile ajoutees dans la pile: 15
Nombre de Tile traversees: 3267  Distance est: 330
Nombre de Tile ajoutees dans la pile: 15
Nombre de Tile traversees: 3268  Distance est: 330
Nombre de Tile ajoutees dans la pile: 15
Nombre de Tile traversees: 3269  Distance est: 330
Nombre de Tile ajoutees dans la pile: 15
Nombre de Tile traversees: 3270  Distance est: 330
Nombre de Tile ajoutees dans la pile: 15
Nombre de Tile traversees: 3271  Distance est: 330
Nombre de Tile ajoutees dans la pile: 15
Nombre de Tile traversees: 3272  Distance est: 330
Nombre de Tile ajoutees dans la pile: 15
Nombre de Tile traversees: 3273  Distance est: 330
Nombre de Tile ajoutees dans la pile: 15
Nombre de Tile traversees: 3274  Distance est: 330
Nombre de Tile ajoutees dans la pile: 15
Nombre de Tile traversees: 3275  Distance est: 330
Nombre de Tile ajoutees dans la pile: 16
Nombre de Tile traversees: 3276  Distance est: 331
Nombre de Tile ajoutees dans la pile: 15
Nombre de Tile traversees: 3277  Distance est: 331
Nombre de Tile ajoutees dans la pile: 15
Nombre de Tile traversees: 3278  Distance est: 331
Nombre de Tile ajoutees dans la pile: 15
Nombre de Tile traversees: 3279  Distance est: 331
Nombre de Tile ajoutees dans la pile: 15
Nombre de Tile traversees: 3280  Distance est: 331
Nombre de Tile ajoutees dans la pile: 15
Nombre de Tile traversees: 3281  Distance est: 331
Nombre de Tile ajoutees dans la pile: 14
Nombre de Tile traversees: 3282  Distance est: 331
Nombre de Tile ajoutees dans la pile: 14
Nombre de Tile traversees: 3283  Distance est: 331
Nombre de Tile ajoutees dans la pile: 14
Nombre de Tile traversees: 3284  Distance est: 331
Nombre de Tile ajoutees dans la pile: 14
Nombre de Tile traversees: 3285  Distance est: 331
Nombre de Tile ajoutees dans la pile: 14
Nombre de Tile traversees: 3286  Distance est: 331
Nombre de Tile ajoutees dans la pile: 14
Nombre de Tile traversees: 3287  Distance est: 331
Nombre de Tile ajoutees dans la pile: 15
Nombre de Tile traversees: 3288  Distance est: 331
Nombre de Tile ajoutees dans la pile: 14
Nombre de Tile traversees: 3289  Distance est: 331
Nombre de Tile ajoutees dans la pile: 14
Nombre de Tile traversees: 3290  Distance est: 331
Nombre de Tile ajoutees dans la pile: 13
Nombre de Tile traversees: 3291  Distance est: 332
Nombre de Tile ajoutees dans la pile: 13
Nombre de Tile traversees: 3292  Distance est: 332
Nombre de Tile ajoutees dans la pile: 13
Nombre de Tile traversees: 3293  Distance est: 332
Nombre de Tile ajoutees dans la pile: 13
Nombre de Tile traversees: 3294  Distance est: 332
Nombre de Tile ajoutees dans la pile: 13
Nombre de Tile traversees: 3295  Distance est: 332
Nombre de Tile ajoutees dans la pile: 13
Nombre de Tile traversees: 3296  Distance est: 332
Nombre de Tile ajoutees dans la pile: 13
Nombre de Tile traversees: 3297  Distance est: 332
Nombre de Tile ajoutees dans la pile: 13
Nombre de Tile traversees: 3298  Distance est: 332
Nombre de Tile ajoutees dans la pile: 13
Nombre de Tile traversees: 3299  Distance est: 332
Nombre de Tile ajoutees dans la pile: 13
Nombre de Tile traversees: 3300  Distance est: 332
Nombre de Tile ajoutees dans la pile: 13
Nombre de Tile traversees: 3301  Distance est: 332
Nombre de Tile ajoutees dans la pile: 13
Nombre de Tile traversees: 3302  Distance est: 332
Nombre de Tile ajoutees dans la pile: 13
Nombre de Tile traversees: 3303  Distance est: 332
Nombre de Tile ajoutees dans la pile: 13
Nombre de Tile traversees: 3304  Distance est: 333
Nombre de Tile ajoutees dans la pile: 13
Nombre de Tile traversees: 3305  Distance est: 333
Nombre de Tile ajoutees dans la pile: 13
Nombre de Tile traversees: 3306  Distance est: 333
Nombre de Tile ajoutees dans la pile: 13
Nombre de Tile traversees: 3307  Distance est: 333
Nombre de Tile ajoutees dans la pile: 13
Nombre de Tile traversees: 3308  Distance est: 333
Nombre de Tile ajoutees dans la pile: 13
Nombre de Tile traversees: 3309  Distance est: 333
Nombre de Tile ajoutees dans la pile: 13
Nombre de Tile traversees: 3310  Distance est: 333
Nombre de Tile ajoutees dans la pile: 13
Nombre de Tile traversees: 3311  Distance est: 333
Nombre de Tile ajoutees dans la pile: 13
Nombre de Tile traversees: 3312  Distance est: 333
Nombre de Tile ajoutees dans la pile: 13
Nombre de Tile traversees: 3313  Distance est: 333
Nombre de Tile ajoutees dans la pile: 13
Nombre de Tile traversees: 3314  Distance est: 333
Nombre de Tile ajoutees dans la pile: 13
Nombre de Tile traversees: 3315  Distance est: 333
Nombre de Tile ajoutees dans la pile: 13
Nombre de Tile traversees: 3316  Distance est: 333
Nombre de Tile ajoutees dans la pile: 13
Nombre de Tile traversees: 3317  Distance est: 334
Nombre de Tile ajoutees dans la pile: 13
Nombre de Tile traversees: 3318  Distance est: 334
Nombre de Tile ajoutees dans la pile: 13
Nombre de Tile traversees: 3319  Distance est: 334
Nombre de Tile ajoutees dans la pile: 13
Nombre de Tile traversees: 3320  Distance est: 334
Nombre de Tile ajoutees dans la pile: 13
Nombre de Tile traversees: 3321  Distance est: 334
Nombre de Tile ajoutees dans la pile: 13
Nombre de Tile traversees: 3322  Distance est: 334
Nombre de Tile ajoutees dans la pile: 13
Nombre de Tile traversees: 3323  Distance est: 334
Nombre de Tile ajoutees dans la pile: 13
Nombre de Tile traversees: 3324  Distance est: 334
Nombre de Tile ajoutees dans la pile: 13
Nombre de Tile traversees: 3325  Distance est: 334
Nombre de Tile ajoutees dans la pile: 13
Nombre de Tile traversees: 3326  Distance est: 334
Nombre de Tile ajoutees dans la pile: 13
Nombre de Tile traversees: 3327  Distance est: 334
Nombre de Tile ajoutees dans la pile: 13
Nombre de Tile traversees: 3328  Distance est: 334
Nombre de Tile ajoutees dans la pile: 14
Nombre de Tile traversees: 3329  Distance est: 334
Nombre de Tile ajoutees dans la pile: 14
Nombre de Tile traversees: 3330  Distance est: 335
Nombre de Tile ajoutees dans la pile: 14
Nombre de Tile traversees: 3331  Distance est: 335
Nombre de Tile ajoutees dans la pile: 14
Nombre de Tile traversees: 3332  Distance est: 335
Nombre de Tile ajoutees dans la pile: 14
Nombre de Tile traversees: 3333  Distance est: 335
Nombre de Tile ajoutees dans la pile: 13
Nombre de Tile traversees: 3334  Distance est: 335
Nombre de Tile ajoutees dans la pile: 13
Nombre de Tile traversees: 3335  Distance est: 335
Nombre de Tile ajoutees dans la pile: 13
Nombre de Tile traversees: 3336  Distance est: 335
Nombre de Tile ajoutees dans la pile: 13
Nombre de Tile traversees: 3337  Distance est: 335
Nombre de Tile ajoutees dans la pile: 13
Nombre de Tile traversees: 3338  Distance est: 335
Nombre de Tile ajoutees dans la pile: 14
Nombre de Tile traversees: 3339  Distance est: 335
Nombre de Tile ajoutees dans la pile: 15
Nombre de Tile traversees: 3340  Distance est: 335
Nombre de Tile ajoutees dans la pile: 15
Nombre de Tile traversees: 3341  Distance est: 335
Nombre de Tile ajoutees dans la pile: 16
Nombre de Tile traversees: 3342  Distance est: 335
Nombre de Tile ajoutees dans la pile: 15
Nombre de Tile traversees: 3343  Distance est: 335
Nombre de Tile ajoutees dans la pile: 15
Nombre de Tile traversees: 3344  Distance est: 336
Nombre de Tile ajoutees dans la pile: 15
Nombre de Tile traversees: 3345  Distance est: 336
Nombre de Tile ajoutees dans la pile: 16
Nombre de Tile traversees: 3346  Distance est: 336
Nombre de Tile ajoutees dans la pile: 16
Nombre de Tile traversees: 3347  Distance est: 336
Nombre de Tile ajoutees dans la pile: 16
Nombre de Tile traversees: 3348  Distance est: 336
Nombre de Tile ajoutees dans la pile: 16
Nombre de Tile traversees: 3349  Distance est: 336
Nombre de Tile ajoutees dans la pile: 16
Nombre de Tile traversees: 3350  Distance est: 336
Nombre de Tile ajoutees dans la pile: 16
Nombre de Tile traversees: 3351  Distance est: 336
Nombre de Tile ajoutees dans la pile: 16
Nombre de Tile traversees: 3352  Distance est: 336
Nombre de Tile ajoutees dans la pile: 16
Nombre de Tile traversees: 3353  Distance est: 336
Nombre de Tile ajoutees dans la pile: 16
Nombre de Tile traversees: 3354  Distance est: 336
Nombre de Tile ajoutees dans la pile: 16
Nombre de Tile traversees: 3355  Distance est: 336
Nombre de Tile ajoutees dans la pile: 16
Nombre de Tile traversees: 3356  Distance est: 336
Nombre de Tile ajoutees dans la pile: 18
Nombre de Tile traversees: 3357  Distance est: 336
Nombre de Tile ajoutees dans la pile: 17
Nombre de Tile traversees: 3358  Distance est: 336
Nombre de Tile ajoutees dans la pile: 17
Nombre de Tile traversees: 3359  Distance est: 337
Nombre de Tile ajoutees dans la pile: 17
Nombre de Tile traversees: 3360  Distance est: 337
Nombre de Tile ajoutees dans la pile: 18
Nombre de Tile traversees: 3361  Distance est: 337
Nombre de Tile ajoutees dans la pile: 18
Nombre de Tile traversees: 3362  Distance est: 337
Nombre de Tile ajoutees dans la pile: 18
Nombre de Tile traversees: 3363  Distance est: 337
Nombre de Tile ajoutees dans la pile: 18
Nombre de Tile traversees: 3364  Distance est: 337
Nombre de Tile ajoutees dans la pile: 18
Nombre de Tile traversees: 3365  Distance est: 337
Nombre de Tile ajoutees dans la pile: 18
Nombre de Tile traversees: 3366  Distance est: 337
Nombre de Tile ajoutees dans la pile: 19
Nombre de Tile traversees: 3367  Distance est: 337
Nombre de Tile ajoutees dans la pile: 19
Nombre de Tile traversees: 3368  Distance est: 337
Nombre de Tile ajoutees dans la pile: 19
Nombre de Tile traversees: 3369  Distance est: 337
Nombre de Tile ajoutees dans la pile: 18
Nombre de Tile traversees: 3370  Distance est: 337
Nombre de Tile ajoutees dans la pile: 18
Nombre de Tile traversees: 3371  Distance est: 337
Nombre de Tile ajoutees dans la pile: 19
Nombre de Tile traversees: 3372  Distance est: 337
Nombre de Tile ajoutees dans la pile: 20
Nombre de Tile traversees: 3373  Distance est: 337
Nombre de Tile ajoutees dans la pile: 19
Nombre de Tile traversees: 3374  Distance est: 337
Nombre de Tile ajoutees dans la pile: 18
Nombre de Tile traversees: 3375  Distance est: 337
Nombre de Tile ajoutees dans la pile: 18
Nombre de Tile traversees: 3376  Distance est: 338
Nombre de Tile ajoutees dans la pile: 18
Nombre de Tile traversees: 3377  Distance est: 338
Nombre de Tile ajoutees dans la pile: 19
Nombre de Tile traversees: 3378  Distance est: 338
Nombre de Tile ajoutees dans la pile: 18
Nombre de Tile traversees: 3379  Distance est: 338
Nombre de Tile ajoutees dans la pile: 18
Nombre de Tile traversees: 3380  Distance est: 338
Nombre de Tile ajoutees dans la pile: 18
Nombre de Tile traversees: 3381  Distance est: 338
Nombre de Tile ajoutees dans la pile: 18
Nombre de Tile traversees: 3382  Distance est: 338
Nombre de Tile ajoutees dans la pile: 18
Nombre de Tile traversees: 3383  Distance est: 338
Nombre de Tile ajoutees dans la pile: 18
Nombre de Tile traversees: 3384  Distance est: 338
Nombre de Tile ajoutees dans la pile: 18
Nombre de Tile traversees: 3385  Distance est: 338
Nombre de Tile ajoutees dans la pile: 18
Nombre de Tile traversees: 3386  Distance est: 338
Nombre de Tile ajoutees dans la pile: 18
Nombre de Tile traversees: 3387  Distance est: 338
Nombre de Tile ajoutees dans la pile: 18
Nombre de Tile traversees: 3388  Distance est: 338
Nombre de Tile ajoutees dans la pile: 18
Nombre de Tile traversees: 3389  Distance est: 338
Nombre de Tile ajoutees dans la pile: 18
Nombre de Tile traversees: 3390  Distance est: 338
Nombre de Tile ajoutees dans la pile: 18
Nombre de Tile traversees: 3391  Distance est: 338
Nombre de Tile ajoutees dans la pile: 19
Nombre de Tile traversees: 3392  Distance est: 338
Nombre de Tile ajoutees dans la pile: 18
Nombre de Tile traversees: 3393  Distance est: 338
Nombre de Tile ajoutees dans la pile: 18
Nombre de Tile traversees: 3394  Distance est: 339
Nombre de Tile ajoutees dans la pile: 19
Nombre de Tile traversees: 3395  Distance est: 339
Nombre de Tile ajoutees dans la pile: 19
Nombre de Tile traversees: 3396  Distance est: 339
Nombre de Tile ajoutees dans la pile: 18
Nombre de Tile traversees: 3397  Distance est: 339
Nombre de Tile ajoutees dans la pile: 18
Nombre de Tile traversees: 3398  Distance est: 339
Nombre de Tile ajoutees dans la pile: 18
Nombre de Tile traversees: 3399  Distance est: 339
Nombre de Tile ajoutees dans la pile: 18
Nombre de Tile traversees: 3400  Distance est: 339
Nombre de Tile ajoutees dans la pile: 18
Nombre de Tile traversees: 3401  Distance est: 339
Nombre de Tile ajoutees dans la pile: 19
Nombre de Tile traversees: 3402  Distance est: 339
Nombre de Tile ajoutees dans la pile: 18
Nombre de Tile traversees: 3403  Distance est: 339
Nombre de Tile ajoutees dans la pile: 18
Nombre de Tile traversees: 3404  Distance est: 339
Nombre de Tile ajoutees dans la pile: 19
Nombre de Tile traversees: 3405  Distance est: 339
Nombre de Tile ajoutees dans la pile: 19
Nombre de Tile traversees: 3406  Distance est: 339
Nombre de Tile ajoutees dans la pile: 19
Nombre de Tile traversees: 3407  Distance est: 339
Nombre de Tile ajoutees dans la pile: 18
Nombre de Tile traversees: 3408  Distance est: 339
Nombre de Tile ajoutees dans la pile: 18
Nombre de Tile traversees: 3409  Distance est: 339
Nombre de Tile ajoutees dans la pile: 18
Nombre de Tile traversees: 3410  Distance est: 339
Nombre de Tile ajoutees dans la pile: 17
Nombre de Tile traversees: 3411  Distance est: 339
Nombre de Tile ajoutees dans la pile: 17
Nombre de Tile traversees: 3412  Distance est: 339
Nombre de Tile ajoutees dans la pile: 18
Nombre de Tile traversees: 3413  Distance est: 340
Nombre de Tile ajoutees dans la pile: 17
Nombre de Tile traversees: 3414  Distance est: 340
Nombre de Tile ajoutees dans la pile: 17
Nombre de Tile traversees: 3415  Distance est: 340
Nombre de Tile ajoutees dans la pile: 18
Nombre de Tile traversees: 3416  Distance est: 340
Nombre de Tile ajoutees dans la pile: 18
Nombre de Tile traversees: 3417  Distance est: 340
Nombre de Tile ajoutees dans la pile: 18
Nombre de Tile traversees: 3418  Distance est: 340
Nombre de Tile ajoutees dans la pile: 18
Nombre de Tile traversees: 3419  Distance est: 340
Nombre de Tile ajoutees dans la pile: 18
Nombre de Tile traversees: 3420  Distance est: 340
Nombre de Tile ajoutees dans la pile: 18
Nombre de Tile traversees: 3421  Distance est: 340
Nombre de Tile ajoutees dans la pile: 18
Nombre de Tile traversees: 3422  Distance est: 340
Nombre de Tile ajoutees dans la pile: 18
Nombre de Tile traversees: 3423  Distance est: 340
Nombre de Tile ajoutees dans la pile: 18
Nombre de Tile traversees: 3424  Distance est: 340
Nombre de Tile ajoutees dans la pile: 18
Nombre de Tile traversees: 3425  Distance est: 340
Nombre de Tile ajoutees dans la pile: 18
Nombre de Tile traversees: 3426  Distance est: 340
Nombre de Tile ajoutees dans la pile: 18
Nombre de Tile traversees: 3427  Distance est: 340
Nombre de Tile ajoutees dans la pile: 18
Nombre de Tile traversees: 3428  Distance est: 340
Nombre de Tile ajoutees dans la pile: 18
Nombre de Tile traversees: 3429  Distance est: 340
Nombre de Tile ajoutees dans la pile: 19
Nombre de Tile traversees: 3430  Distance est: 341
Nombre de Tile ajoutees dans la pile: 18
Nombre de Tile traversees: 3431  Distance est: 341
Nombre de Tile ajoutees dans la pile: 19
Nombre de Tile traversees: 3432  Distance est: 341
Nombre de Tile ajoutees dans la pile: 20
Nombre de Tile traversees: 3433  Distance est: 341
Nombre de Tile ajoutees dans la pile: 19
Nombre de Tile traversees: 3434  Distance est: 341
Nombre de Tile ajoutees dans la pile: 19
Nombre de Tile traversees: 3435  Distance est: 341
Nombre de Tile ajoutees dans la pile: 20
Nombre de Tile traversees: 3436  Distance est: 341
Nombre de Tile ajoutees dans la pile: 19
Nombre de Tile traversees: 3437  Distance est: 341
Nombre de Tile ajoutees dans la pile: 19
Nombre de Tile traversees: 3438  Distance est: 341
Nombre de Tile ajoutees dans la pile: 19
Nombre de Tile traversees: 3439  Distance est: 341
Nombre de Tile ajoutees dans la pile: 19
Nombre de Tile traversees: 3440  Distance est: 341
Nombre de Tile ajoutees dans la pile: 19
Nombre de Tile traversees: 3441  Distance est: 341
Nombre de Tile ajoutees dans la pile: 20
Nombre de Tile traversees: 3442  Distance est: 341
Nombre de Tile ajoutees dans la pile: 20
Nombre de Tile traversees: 3443  Distance est: 341
Nombre de Tile ajoutees dans la pile: 20
Nombre de Tile traversees: 3444  Distance est: 341
Nombre de Tile ajoutees dans la pile: 19
Nombre de Tile traversees: 3445  Distance est: 341
Nombre de Tile ajoutees dans la pile: 19
Nombre de Tile traversees: 3446  Distance est: 341
Nombre de Tile ajoutees dans la pile: 19
Nombre de Tile traversees: 3447  Distance est: 341
Nombre de Tile ajoutees dans la pile: 18
Nombre de Tile traversees: 3448  Distance est: 342
Nombre de Tile ajoutees dans la pile: 18
Nombre de Tile traversees: 3449  Distance est: 342
Nombre de Tile ajoutees dans la pile: 18
Nombre de Tile traversees: 3450  Distance est: 342
Nombre de Tile ajoutees dans la pile: 18
Nombre de Tile traversees: 3451  Distance est: 342
Nombre de Tile ajoutees dans la pile: 19
Nombre de Tile traversees: 3452  Distance est: 342
Nombre de Tile ajoutees dans la pile: 18
Nombre de Tile traversees: 3453  Distance est: 342
Nombre de Tile ajoutees dans la pile: 19
Nombre de Tile traversees: 3454  Distance est: 342
Nombre de Tile ajoutees dans la pile: 20
Nombre de Tile traversees: 3455  Distance est: 342
Nombre de Tile ajoutees dans la pile: 20
Nombre de Tile traversees: 3456  Distance est: 342
Nombre de Tile ajoutees dans la pile: 20
Nombre de Tile traversees: 3457  Distance est: 342
Nombre de Tile ajoutees dans la pile: 20
Nombre de Tile traversees: 3458  Distance est: 342
Nombre de Tile ajoutees dans la pile: 20
Nombre de Tile traversees: 3459  Distance est: 342
Nombre de Tile ajoutees dans la pile: 21
Nombre de Tile traversees: 3460  Distance est: 342
Nombre de Tile ajoutees dans la pile: 21
Nombre de Tile traversees: 3461  Distance est: 342
Nombre de Tile ajoutees dans la pile: 21
Nombre de Tile traversees: 3462  Distance est: 342
Nombre de Tile ajoutees dans la pile: 21
Nombre de Tile traversees: 3463  Distance est: 342
Nombre de Tile ajoutees dans la pile: 21
Nombre de Tile traversees: 3464  Distance est: 342
Nombre de Tile ajoutees dans la pile: 21
Nombre de Tile traversees: 3465  Distance est: 342
Nombre de Tile ajoutees dans la pile: 21
Nombre de Tile traversees: 3466  Distance est: 343
Nombre de Tile ajoutees dans la pile: 22
Nombre de Tile traversees: 3467  Distance est: 343
Nombre de Tile ajoutees dans la pile: 23
Nombre de Tile traversees: 3468  Distance est: 343
Nombre de Tile ajoutees dans la pile: 22
Nombre de Tile traversees: 3469  Distance est: 343
Nombre de Tile ajoutees dans la pile: 22
Nombre de Tile traversees: 3470  Distance est: 343
Nombre de Tile ajoutees dans la pile: 21
Nombre de Tile traversees: 3471  Distance est: 343
Nombre de Tile ajoutees dans la pile: 22
Nombre de Tile traversees: 3472  Distance est: 343
Nombre de Tile ajoutees dans la pile: 21
Nombre de Tile traversees: 3473  Distance est: 343
Nombre de Tile ajoutees dans la pile: 21
Nombre de Tile traversees: 3474  Distance est: 343
Nombre de Tile ajoutees dans la pile: 20
Nombre de Tile traversees: 3475  Distance est: 343
Nombre de Tile ajoutees dans la pile: 20
Nombre de Tile traversees: 3476  Distance est: 343
Nombre de Tile ajoutees dans la pile: 20
Nombre de Tile traversees: 3477  Distance est: 343
Nombre de Tile ajoutees dans la pile: 20
Nombre de Tile traversees: 3478  Distance est: 343
Nombre de Tile ajoutees dans la pile: 20
Nombre de Tile traversees: 3479  Distance est: 343
Nombre de Tile ajoutees dans la pile: 21
Nombre de Tile traversees: 3480  Distance est: 343
Nombre de Tile ajoutees dans la pile: 21
Nombre de Tile traversees: 3481  Distance est: 343
Nombre de Tile ajoutees dans la pile: 20
Nombre de Tile traversees: 3482  Distance est: 343
Nombre de Tile ajoutees dans la pile: 20
Nombre de Tile traversees: 3483  Distance est: 343
Nombre de Tile ajoutees dans la pile: 20
Nombre de Tile traversees: 3484  Distance est: 343
Nombre de Tile ajoutees dans la pile: 20
Nombre de Tile traversees: 3485  Distance est: 343
Nombre de Tile ajoutees dans la pile: 20
Nombre de Tile traversees: 3486  Distance est: 343
Nombre de Tile ajoutees dans la pile: 20
Nombre de Tile traversees: 3487  Distance est: 343
Nombre de Tile ajoutees dans la pile: 21
Nombre de Tile traversees: 3488  Distance est: 344
Nombre de Tile ajoutees dans la pile: 20
Nombre de Tile traversees: 3489  Distance est: 344
Nombre de Tile ajoutees dans la pile: 20
Nombre de Tile traversees: 3490  Distance est: 344
Nombre de Tile ajoutees dans la pile: 21
Nombre de Tile traversees: 3491  Distance est: 344
Nombre de Tile ajoutees dans la pile: 21
Nombre de Tile traversees: 3492  Distance est: 344
Nombre de Tile ajoutees dans la pile: 22
Nombre de Tile traversees: 3493  Distance est: 344
Nombre de Tile ajoutees dans la pile: 21
Nombre de Tile traversees: 3494  Distance est: 344
Nombre de Tile ajoutees dans la pile: 21
Nombre de Tile traversees: 3495  Distance est: 344
Nombre de Tile ajoutees dans la pile: 21
Nombre de Tile traversees: 3496  Distance est: 344
Nombre de Tile ajoutees dans la pile: 21
Nombre de Tile traversees: 3497  Distance est: 344
Nombre de Tile ajoutees dans la pile: 21
Nombre de Tile traversees: 3498  Distance est: 344
Nombre de Tile ajoutees dans la pile: 21
Nombre de Tile traversees: 3499  Distance est: 344
Nombre de Tile ajoutees dans la pile: 22
Nombre de Tile traversees: 3500  Distance est: 344
Nombre de Tile ajoutees dans la pile: 21
Nombre de Tile traversees: 3501  Distance est: 344
Nombre de Tile ajoutees dans la pile: 21
Nombre de Tile traversees: 3502  Distance est: 344
Nombre de Tile ajoutees dans la pile: 21
Nombre de Tile traversees: 3503  Distance est: 344
Nombre de Tile ajoutees dans la pile: 21
Nombre de Tile traversees: 3504  Distance est: 344
Nombre de Tile ajoutees dans la pile: 21
Nombre de Tile traversees: 3505  Distance est: 344
Nombre de Tile ajoutees dans la pile: 21
Nombre de Tile traversees: 3506  Distance est: 344
Nombre de Tile ajoutees dans la pile: 21
Nombre de Tile traversees: 3507  Distance est: 344
Nombre de Tile ajoutees dans la pile: 22
Nombre de Tile traversees: 3508  Distance est: 345
Nombre de Tile ajoutees dans la pile: 21
Nombre de Tile traversees: 3509  Distance est: 345
Nombre de Tile ajoutees dans la pile: 21
Nombre de Tile traversees: 3510  Distance est: 345
Nombre de Tile ajoutees dans la pile: 22
Nombre de Tile traversees: 3511  Distance est: 345
Nombre de Tile ajoutees dans la pile: 21
Nombre de Tile traversees: 3512  Distance est: 345
Nombre de Tile ajoutees dans la pile: 21
Nombre de Tile traversees: 3513  Distance est: 345
Nombre de Tile ajoutees dans la pile: 20
Nombre de Tile traversees: 3514  Distance est: 345
Nombre de Tile ajoutees dans la pile: 19
Nombre de Tile traversees: 3515  Distance est: 345
Nombre de Tile ajoutees dans la pile: 19
Nombre de Tile traversees: 3516  Distance est: 345
Nombre de Tile ajoutees dans la pile: 19
Nombre de Tile traversees: 3517  Distance est: 345
Nombre de Tile ajoutees dans la pile: 19
Nombre de Tile traversees: 3518  Distance est: 345
Nombre de Tile ajoutees dans la pile: 19
Nombre de Tile traversees: 3519  Distance est: 345
Nombre de Tile ajoutees dans la pile: 19
Nombre de Tile traversees: 3520  Distance est: 345
Nombre de Tile ajoutees dans la pile: 19
Nombre de Tile traversees: 3521  Distance est: 345
Nombre de Tile ajoutees dans la pile: 18
Nombre de Tile traversees: 3522  Distance est: 345
Nombre de Tile ajoutees dans la pile: 18
Nombre de Tile traversees: 3523  Distance est: 345
Nombre de Tile ajoutees dans la pile: 17
Nombre de Tile traversees: 3524  Distance est: 345
Nombre de Tile ajoutees dans la pile: 18
Nombre de Tile traversees: 3525  Distance est: 345
Nombre de Tile ajoutees dans la pile: 17
Nombre de Tile traversees: 3526  Distance est: 345
Nombre de Tile ajoutees dans la pile: 17
Nombre de Tile traversees: 3527  Distance est: 345
Nombre de Tile ajoutees dans la pile: 17
Nombre de Tile traversees: 3528  Distance est: 345
Nombre de Tile ajoutees dans la pile: 17
Nombre de Tile traversees: 3529  Distance est: 346
Nombre de Tile ajoutees dans la pile: 16
Nombre de Tile traversees: 3530  Distance est: 346
Nombre de Tile ajoutees dans la pile: 16
Nombre de Tile traversees: 3531  Distance est: 346
Nombre de Tile ajoutees dans la pile: 17
Nombre de Tile traversees: 3532  Distance est: 346
Nombre de Tile ajoutees dans la pile: 16
Nombre de Tile traversees: 3533  Distance est: 346
Nombre de Tile ajoutees dans la pile: 16
Nombre de Tile traversees: 3534  Distance est: 346
Nombre de Tile ajoutees dans la pile: 16
Nombre de Tile traversees: 3535  Distance est: 346
Nombre de Tile ajoutees dans la pile: 16
Nombre de Tile traversees: 3536  Distance est: 346
Nombre de Tile ajoutees dans la pile: 16
Nombre de Tile traversees: 3537  Distance est: 346
Nombre de Tile ajoutees dans la pile: 16
Nombre de Tile traversees: 3538  Distance est: 346
Nombre de Tile ajoutees dans la pile: 16
Nombre de Tile traversees: 3539  Distance est: 346
Nombre de Tile ajoutees dans la pile: 16
Nombre de Tile traversees: 3540  Distance est: 346
Nombre de Tile ajoutees dans la pile: 16
Nombre de Tile traversees: 3541  Distance est: 346
Nombre de Tile ajoutees dans la pile: 16
Nombre de Tile traversees: 3542  Distance est: 346
Nombre de Tile ajoutees dans la pile: 16
Nombre de Tile traversees: 3543  Distance est: 346
Nombre de Tile ajoutees dans la pile: 16
Nombre de Tile traversees: 3544  Distance est: 346
Nombre de Tile ajoutees dans la pile: 16
Nombre de Tile traversees: 3545  Distance est: 347
Nombre de Tile ajoutees dans la pile: 16
Nombre de Tile traversees: 3546  Distance est: 347
Nombre de Tile ajoutees dans la pile: 16
Nombre de Tile traversees: 3547  Distance est: 347
Nombre de Tile ajoutees dans la pile: 16
Nombre de Tile traversees: 3548  Distance est: 347
Nombre de Tile ajoutees dans la pile: 15
Nombre de Tile traversees: 3549  Distance est: 347
Nombre de Tile ajoutees dans la pile: 15
Nombre de Tile traversees: 3550  Distance est: 347
Nombre de Tile ajoutees dans la pile: 15
Nombre de Tile traversees: 3551  Distance est: 347
Nombre de Tile ajoutees dans la pile: 15
Nombre de Tile traversees: 3552  Distance est: 347
Nombre de Tile ajoutees dans la pile: 15
Nombre de Tile traversees: 3553  Distance est: 347
Nombre de Tile ajoutees dans la pile: 16
Nombre de Tile traversees: 3554  Distance est: 347
Nombre de Tile ajoutees dans la pile: 16
Nombre de Tile traversees: 3555  Distance est: 347
Nombre de Tile ajoutees dans la pile: 16
Nombre de Tile traversees: 3556  Distance est: 347
Nombre de Tile ajoutees dans la pile: 16
Nombre de Tile traversees: 3557  Distance est: 347
Nombre de Tile ajoutees dans la pile: 16
Nombre de Tile traversees: 3558  Distance est: 347
Nombre de Tile ajoutees dans la pile: 15
Nombre de Tile traversees: 3559  Distance est: 347
Nombre de Tile ajoutees dans la pile: 15
Nombre de Tile traversees: 3560  Distance est: 347
Nombre de Tile ajoutees dans la pile: 15
Nombre de Tile traversees: 3561  Distance est: 348
Nombre de Tile ajoutees dans la pile: 15
Nombre de Tile traversees: 3562  Distance est: 348
Nombre de Tile ajoutees dans la pile: 15
Nombre de Tile traversees: 3563  Distance est: 348
Nombre de Tile ajoutees dans la pile: 15
Nombre de Tile traversees: 3564  Distance est: 348
Nombre de Tile ajoutees dans la pile: 16
Nombre de Tile traversees: 3565  Distance est: 348
Nombre de Tile ajoutees dans la pile: 16
Nombre de Tile traversees: 3566  Distance est: 348
Nombre de Tile ajoutees dans la pile: 16
Nombre de Tile traversees: 3567  Distance est: 348
Nombre de Tile ajoutees dans la pile: 16
Nombre de Tile traversees: 3568  Distance est: 348
Nombre de Tile ajoutees dans la pile: 16
Nombre de Tile traversees: 3569  Distance est: 348
Nombre de Tile ajoutees dans la pile: 16
Nombre de Tile traversees: 3570  Distance est: 348
Nombre de Tile ajoutees dans la pile: 16
Nombre de Tile traversees: 3571  Distance est: 348
Nombre de Tile ajoutees dans la pile: 16
Nombre de Tile traversees: 3572  Distance est: 348
Nombre de Tile ajoutees dans la pile: 16
Nombre de Tile traversees: 3573  Distance est: 348
Nombre de Tile ajoutees dans la pile: 16
Nombre de Tile traversees: 3574  Distance est: 348
Nombre de Tile ajoutees dans la pile: 16
Nombre de Tile traversees: 3575  Distance est: 348
Nombre de Tile ajoutees dans la pile: 16
Nombre de Tile traversees: 3576  Distance est: 349
Nombre de Tile ajoutees dans la pile: 16
Nombre de Tile traversees: 3577  Distance est: 349
Nombre de Tile ajoutees dans la pile: 16
Nombre de Tile traversees: 3578  Distance est: 349
Nombre de Tile ajoutees dans la pile: 16
Nombre de Tile traversees: 3579  Distance est: 349
Nombre de Tile ajoutees dans la pile: 17
Nombre de Tile traversees: 3580  Distance est: 349
Nombre de Tile ajoutees dans la pile: 16
Nombre de Tile traversees: 3581  Distance est: 349
Nombre de Tile ajoutees dans la pile: 16
Nombre de Tile traversees: 3582  Distance est: 349
Nombre de Tile ajoutees dans la pile: 16
Nombre de Tile traversees: 3583  Distance est: 349
Nombre de Tile ajoutees dans la pile: 16
Nombre de Tile traversees: 3584  Distance est: 349
Nombre de Tile ajoutees dans la pile: 16
Nombre de Tile traversees: 3585  Distance est: 349
Nombre de Tile ajoutees dans la pile: 17
Nombre de Tile traversees: 3586  Distance est: 349
Nombre de Tile ajoutees dans la pile: 17
Nombre de Tile traversees: 3587  Distance est: 349
Nombre de Tile ajoutees dans la pile: 17
Nombre de Tile traversees: 3588  Distance est: 349
Nombre de Tile ajoutees dans la pile: 18
Nombre de Tile traversees: 3589  Distance est: 349
Nombre de Tile ajoutees dans la pile: 18
Nombre de Tile traversees: 3590  Distance est: 349
Nombre de Tile ajoutees dans la pile: 18
Nombre de Tile traversees: 3591  Distance est: 349
Nombre de Tile ajoutees dans la pile: 18
Nombre de Tile traversees: 3592  Distance est: 350
Nombre de Tile ajoutees dans la pile: 18
Nombre de Tile traversees: 3593  Distance est: 350
Nombre de Tile ajoutees dans la pile: 18
Nombre de Tile traversees: 3594  Distance est: 350
Nombre de Tile ajoutees dans la pile: 18
Nombre de Tile traversees: 3595  Distance est: 350
Nombre de Tile ajoutees dans la pile: 19
Nombre de Tile traversees: 3596  Distance est: 350
Nombre de Tile ajoutees dans la pile: 18
Nombre de Tile traversees: 3597  Distance est: 350
Nombre de Tile ajoutees dans la pile: 18
Nombre de Tile traversees: 3598  Distance est: 350
Nombre de Tile ajoutees dans la pile: 18
Nombre de Tile traversees: 3599  Distance est: 350
Nombre de Tile ajoutees dans la pile: 18
Nombre de Tile traversees: 3600  Distance est: 350
Nombre de Tile ajoutees dans la pile: 18
Nombre de Tile traversees: 3601  Distance est: 350
Nombre de Tile ajoutees dans la pile: 18
Nombre de Tile traversees: 3602  Distance est: 350
Nombre de Tile ajoutees dans la pile: 18
Nombre de Tile traversees: 3603  Distance est: 350
Nombre de Tile ajoutees dans la pile: 18
Nombre de Tile traversees: 3604  Distance est: 350
Nombre de Tile ajoutees dans la pile: 18
Nombre de Tile traversees: 3605  Distance est: 350
Nombre de Tile ajoutees dans la pile: 18
Nombre de Tile traversees: 3606  Distance est: 350
Nombre de Tile ajoutees dans la pile: 18
Nombre de Tile traversees: 3607  Distance est: 350
Nombre de Tile ajoutees dans la pile: 18
Nombre de Tile traversees: 3608  Distance est: 350
Nombre de Tile ajoutees dans la pile: 18
Nombre de Tile traversees: 3609  Distance est: 350
Nombre de Tile ajoutees dans la pile: 19
Nombre de Tile traversees: 3610  Distance est: 351
Nombre de Tile ajoutees dans la pile: 19
Nombre de Tile traversees: 3611  Distance est: 351
Nombre de Tile ajoutees dans la pile: 19
Nombre de Tile traversees: 3612  Distance est: 351
Nombre de Tile ajoutees dans la pile: 19
Nombre de Tile traversees: 3613  Distance est: 351
Nombre de Tile ajoutees dans la pile: 19
Nombre de Tile traversees: 3614  Distance est: 351
Nombre de Tile ajoutees dans la pile: 18
Nombre de Tile traversees: 3615  Distance est: 351
Nombre de Tile ajoutees dans la pile: 18
Nombre de Tile traversees: 3616  Distance est: 351
Nombre de Tile ajoutees dans la pile: 18
Nombre de Tile traversees: 3617  Distance est: 351
Nombre de Tile ajoutees dans la pile: 18
Nombre de Tile traversees: 3618  Distance est: 351
Nombre de Tile ajoutees dans la pile: 18
Nombre de Tile traversees: 3619  Distance est: 351
Nombre de Tile ajoutees dans la pile: 18
Nombre de Tile traversees: 3620  Distance est: 351
Nombre de Tile ajoutees dans la pile: 18
Nombre de Tile traversees: 3621  Distance est: 351
Nombre de Tile ajoutees dans la pile: 18
Nombre de Tile traversees: 3622  Distance est: 351
Nombre de Tile ajoutees dans la pile: 18
Nombre de Tile traversees: 3623  Distance est: 351
Nombre de Tile ajoutees dans la pile: 18
Nombre de Tile traversees: 3624  Distance est: 351
Nombre de Tile ajoutees dans la pile: 17
Nombre de Tile traversees: 3625  Distance est: 351
Nombre de Tile ajoutees dans la pile: 17
Nombre de Tile traversees: 3626  Distance est: 351
Nombre de Tile ajoutees dans la pile: 17
Nombre de Tile traversees: 3627  Distance est: 351
Nombre de Tile ajoutees dans la pile: 18
Nombre de Tile traversees: 3628  Distance est: 351
Nombre de Tile ajoutees dans la pile: 17
Nombre de Tile traversees: 3629  Distance est: 352
Nombre de Tile ajoutees dans la pile: 17
Nombre de Tile traversees: 3630  Distance est: 352
Nombre de Tile ajoutees dans la pile: 17
Nombre de Tile traversees: 3631  Distance est: 352
Nombre de Tile ajoutees dans la pile: 17
Nombre de Tile traversees: 3632  Distance est: 352
Nombre de Tile ajoutees dans la pile: 17
Nombre de Tile traversees: 3633  Distance est: 352
Nombre de Tile ajoutees dans la pile: 17
Nombre de Tile traversees: 3634  Distance est: 352
Nombre de Tile ajoutees dans la pile: 17
Nombre de Tile traversees: 3635  Distance est: 352
Nombre de Tile ajoutees dans la pile: 17
Nombre de Tile traversees: 3636  Distance est: 352
Nombre de Tile ajoutees dans la pile: 18
Nombre de Tile traversees: 3637  Distance est: 352
Nombre de Tile ajoutees dans la pile: 18
Nombre de Tile traversees: 3638  Distance est: 352
Nombre de Tile ajoutees dans la pile: 18
Nombre de Tile traversees: 3639  Distance est: 352
Nombre de Tile ajoutees dans la pile: 18
Nombre de Tile traversees: 3640  Distance est: 352
Nombre de Tile ajoutees dans la pile: 18
Nombre de Tile traversees: 3641  Distance est: 352
Nombre de Tile ajoutees dans la pile: 18
Nombre de Tile traversees: 3642  Distance est: 352
Nombre de Tile ajoutees dans la pile: 18
Nombre de Tile traversees: 3643  Distance est: 352
Nombre de Tile ajoutees dans la pile: 18
Nombre de Tile traversees: 3644  Distance est: 352
Nombre de Tile ajoutees dans la pile: 19
Nombre de Tile traversees: 3645  Distance est: 352
Nombre de Tile ajoutees dans la pile: 18
Nombre de Tile traversees: 3646  Distance est: 353
Nombre de Tile ajoutees dans la pile: 18
Nombre de Tile traversees: 3647  Distance est: 353
Nombre de Tile ajoutees dans la pile: 18
Nombre de Tile traversees: 3648  Distance est: 353
Nombre de Tile ajoutees dans la pile: 18
Nombre de Tile traversees: 3649  Distance est: 353
Nombre de Tile ajoutees dans la pile: 18
Nombre de Tile traversees: 3650  Distance est: 353
Nombre de Tile ajoutees dans la pile: 18
Nombre de Tile traversees: 3651  Distance est: 353
Nombre de Tile ajoutees dans la pile: 18
Nombre de Tile traversees: 3652  Distance est: 353
Nombre de Tile ajoutees dans la pile: 18
Nombre de Tile traversees: 3653  Distance est: 353
Nombre de Tile ajoutees dans la pile: 19
Nombre de Tile traversees: 3654  Distance est: 353
Nombre de Tile ajoutees dans la pile: 19
Nombre de Tile traversees: 3655  Distance est: 353
Nombre de Tile ajoutees dans la pile: 18
Nombre de Tile traversees: 3656  Distance est: 353
Nombre de Tile ajoutees dans la pile: 18
Nombre de Tile traversees: 3657  Distance est: 353
Nombre de Tile ajoutees dans la pile: 19
Nombre de Tile traversees: 3658  Distance est: 353
Nombre de Tile ajoutees dans la pile: 20
Nombre de Tile traversees: 3659  Distance est: 353
Nombre de Tile ajoutees dans la pile: 21
Nombre de Tile traversees: 3660  Distance est: 353
Nombre de Tile ajoutees dans la pile: 21
Nombre de Tile traversees: 3661  Distance est: 353
Nombre de Tile ajoutees dans la pile: 21
Nombre de Tile traversees: 3662  Distance est: 353
Nombre de Tile ajoutees dans la pile: 21
Nombre de Tile traversees: 3663  Distance est: 353
Nombre de Tile ajoutees dans la pile: 20
Nombre de Tile traversees: 3664  Distance est: 354
Nombre de Tile ajoutees dans la pile: 20
Nombre de Tile traversees: 3665  Distance est: 354
Nombre de Tile ajoutees dans la pile: 20
Nombre de Tile traversees: 3666  Distance est: 354
Nombre de Tile ajoutees dans la pile: 20
Nombre de Tile traversees: 3667  Distance est: 354
Nombre de Tile ajoutees dans la pile: 20
Nombre de Tile traversees: 3668  Distance est: 354
Nombre de Tile ajoutees dans la pile: 21
Nombre de Tile traversees: 3669  Distance est: 354
Nombre de Tile ajoutees dans la pile: 21
Nombre de Tile traversees: 3670  Distance est: 354
Nombre de Tile ajoutees dans la pile: 21
Nombre de Tile traversees: 3671  Distance est: 354
Nombre de Tile ajoutees dans la pile: 22
Nombre de Tile traversees: 3672  Distance est: 354
Nombre de Tile ajoutees dans la pile: 21
Nombre de Tile traversees: 3673  Distance est: 354
Nombre de Tile ajoutees dans la pile: 21
Nombre de Tile traversees: 3674  Distance est: 354
Nombre de Tile ajoutees dans la pile: 21
Nombre de Tile traversees: 3675  Distance est: 354
Nombre de Tile ajoutees dans la pile: 21
Nombre de Tile traversees: 3676  Distance est: 354
Nombre de Tile ajoutees dans la pile: 21
Nombre de Tile traversees: 3677  Distance est: 354
Nombre de Tile ajoutees dans la pile: 21
Nombre de Tile traversees: 3678  Distance est: 354
Nombre de Tile ajoutees dans la pile: 21
Nombre de Tile traversees: 3679  Distance est: 354
Nombre de Tile ajoutees dans la pile: 21
Nombre de Tile traversees: 3680  Distance est: 354
Nombre de Tile ajoutees dans la pile: 21
Nombre de Tile traversees: 3681  Distance est: 354
Nombre de Tile ajoutees dans la pile: 21
Nombre de Tile traversees: 3682  Distance est: 354
Nombre de Tile ajoutees dans la pile: 21
Nombre de Tile traversees: 3683  Distance est: 354
Nombre de Tile ajoutees dans la pile: 21
Nombre de Tile traversees: 3684  Distance est: 355
Nombre de Tile ajoutees dans la pile: 22
Nombre de Tile traversees: 3685  Distance est: 355
Nombre de Tile ajoutees dans la pile: 21
Nombre de Tile traversees: 3686  Distance est: 355
Nombre de Tile ajoutees dans la pile: 21
Nombre de Tile traversees: 3687  Distance est: 355
Nombre de Tile ajoutees dans la pile: 21
Nombre de Tile traversees: 3688  Distance est: 355
Nombre de Tile ajoutees dans la pile: 22
Nombre de Tile traversees: 3689  Distance est: 355
Nombre de Tile ajoutees dans la pile: 21
Nombre de Tile traversees: 3690  Distance est: 355
Nombre de Tile ajoutees dans la pile: 21
Nombre de Tile traversees: 3691  Distance est: 355
Nombre de Tile ajoutees dans la pile: 21
Nombre de Tile traversees: 3692  Distance est: 355
Nombre de Tile ajoutees dans la pile: 21
Nombre de Tile traversees: 3693  Distance est: 355
Nombre de Tile ajoutees dans la pile: 20
Nombre de Tile traversees: 3694  Distance est: 355
Nombre de Tile ajoutees dans la pile: 19
Nombre de Tile traversees: 3695  Distance est: 355
Nombre de Tile ajoutees dans la pile: 19
Nombre de Tile traversees: 3696  Distance est: 355
Nombre de Tile ajoutees dans la pile: 19
Nombre de Tile traversees: 3697  Distance est: 355
Nombre de Tile ajoutees dans la pile: 19
Nombre de Tile traversees: 3698  Distance est: 355
Nombre de Tile ajoutees dans la pile: 18
Nombre de Tile traversees: 3699  Distance est: 355
Nombre de Tile ajoutees dans la pile: 18
Nombre de Tile traversees: 3700  Distance est: 355
Nombre de Tile ajoutees dans la pile: 18
Nombre de Tile traversees: 3701  Distance est: 355
Nombre de Tile ajoutees dans la pile: 18
Nombre de Tile traversees: 3702  Distance est: 355
Nombre de Tile ajoutees dans la pile: 18
Nombre de Tile traversees: 3703  Distance est: 355
Nombre de Tile ajoutees dans la pile: 18
Nombre de Tile traversees: 3704  Distance est: 355
Nombre de Tile ajoutees dans la pile: 18
Nombre de Tile traversees: 3705  Distance est: 355
Nombre de Tile ajoutees dans la pile: 19
Nombre de Tile traversees: 3706  Distance est: 356
Nombre de Tile ajoutees dans la pile: 19
Nombre de Tile traversees: 3707  Distance est: 356
Nombre de Tile ajoutees dans la pile: 19
Nombre de Tile traversees: 3708  Distance est: 356
Nombre de Tile ajoutees dans la pile: 19
Nombre de Tile traversees: 3709  Distance est: 356
Nombre de Tile ajoutees dans la pile: 20
Nombre de Tile traversees: 3710  Distance est: 356
Nombre de Tile ajoutees dans la pile: 19
Nombre de Tile traversees: 3711  Distance est: 356
Nombre de Tile ajoutees dans la pile: 19
Nombre de Tile traversees: 3712  Distance est: 356
Nombre de Tile ajoutees dans la pile: 20
Nombre de Tile traversees: 3713  Distance est: 356
Nombre de Tile ajoutees dans la pile: 20
Nombre de Tile traversees: 3714  Distance est: 356
Nombre de Tile ajoutees dans la pile: 20
Nombre de Tile traversees: 3715  Distance est: 356
Nombre de Tile ajoutees dans la pile: 21
Nombre de Tile traversees: 3716  Distance est: 356
Nombre de Tile ajoutees dans la pile: 21
Nombre de Tile traversees: 3717  Distance est: 356
Nombre de Tile ajoutees dans la pile: 21
Nombre de Tile traversees: 3718  Distance est: 356
Nombre de Tile ajoutees dans la pile: 21
Nombre de Tile traversees: 3719  Distance est: 356
Nombre de Tile ajoutees dans la pile: 21
Nombre de Tile traversees: 3720  Distance est: 356
Nombre de Tile ajoutees dans la pile: 21
Nombre de Tile traversees: 3721  Distance est: 356
Nombre de Tile ajoutees dans la pile: 21
Nombre de Tile traversees: 3722  Distance est: 356
Nombre de Tile ajoutees dans la pile: 21
Nombre de Tile traversees: 3723  Distance est: 356
Nombre de Tile ajoutees dans la pile: 22
Nombre de Tile traversees: 3724  Distance est: 356
Nombre de Tile ajoutees dans la pile: 21
Nombre de Tile traversees: 3725  Distance est: 357
Nombre de Tile ajoutees dans la pile: 21
Nombre de Tile traversees: 3726  Distance est: 357
Nombre de Tile ajoutees dans la pile: 21
Nombre de Tile traversees: 3727  Distance est: 357
Nombre de Tile ajoutees dans la pile: 21
Nombre de Tile traversees: 3728  Distance est: 357
Nombre de Tile ajoutees dans la pile: 21
Nombre de Tile traversees: 3729  Distance est: 357
Nombre de Tile ajoutees dans la pile: 21
Nombre de Tile traversees: 3730  Distance est: 357
Nombre de Tile ajoutees dans la pile: 22
Nombre de Tile traversees: 3731  Distance est: 357
Nombre de Tile ajoutees dans la pile: 23
Nombre de Tile traversees: 3732  Distance est: 357
Nombre de Tile ajoutees dans la pile: 23
Nombre de Tile traversees: 3733  Distance est: 357
Nombre de Tile ajoutees dans la pile: 22
Nombre de Tile traversees: 3734  Distance est: 357
Nombre de Tile ajoutees dans la pile: 22
Nombre de Tile traversees: 3735  Distance est: 357
Nombre de Tile ajoutees dans la pile: 23
Nombre de Tile traversees: 3736  Distance est: 357
Nombre de Tile ajoutees dans la pile: 22
Nombre de Tile traversees: 3737  Distance est: 357
Nombre de Tile ajoutees dans la pile: 22
Nombre de Tile traversees: 3738  Distance est: 357
Nombre de Tile ajoutees dans la pile: 21
Nombre de Tile traversees: 3739  Distance est: 357
Nombre de Tile ajoutees dans la pile: 22
Nombre de Tile traversees: 3740  Distance est: 357
Nombre de Tile ajoutees dans la pile: 22
Nombre de Tile traversees: 3741  Distance est: 357
Nombre de Tile ajoutees dans la pile: 21
Nombre de Tile traversees: 3742  Distance est: 357
Nombre de Tile ajoutees dans la pile: 21
Nombre de Tile traversees: 3743  Distance est: 357
Nombre de Tile ajoutees dans la pile: 21
Nombre de Tile traversees: 3744  Distance est: 357
Nombre de Tile ajoutees dans la pile: 20
Nombre de Tile traversees: 3745  Distance est: 357
Nombre de Tile ajoutees dans la pile: 19
Nombre de Tile traversees: 3746  Distance est: 358
Nombre de Tile ajoutees dans la pile: 19
Nombre de Tile traversees: 3747  Distance est: 358
Nombre de Tile ajoutees dans la pile: 19
Nombre de Tile traversees: 3748  Distance est: 358
Nombre de Tile ajoutees dans la pile: 19
Nombre de Tile traversees: 3749  Distance est: 358
Nombre de Tile ajoutees dans la pile: 19
Nombre de Tile traversees: 3750  Distance est: 358
Nombre de Tile ajoutees dans la pile: 19
Nombre de Tile traversees: 3751  Distance est: 358
Nombre de Tile ajoutees dans la pile: 19
Nombre de Tile traversees: 3752  Distance est: 358
Nombre de Tile ajoutees dans la pile: 19
Nombre de Tile traversees: 3753  Distance est: 358
Nombre de Tile ajoutees dans la pile: 20
Nombre de Tile traversees: 3754  Distance est: 358
Nombre de Tile ajoutees dans la pile: 19
Nombre de Tile traversees: 3755  Distance est: 358
Nombre de Tile ajoutees dans la pile: 19
Nombre de Tile traversees: 3756  Distance est: 358
Nombre de Tile ajoutees dans la pile: 19
Nombre de Tile traversees: 3757  Distance est: 358
Nombre de Tile ajoutees dans la pile: 20
Nombre de Tile traversees: 3758  Distance est: 358
Nombre de Tile ajoutees dans la pile: 19
Nombre de Tile traversees: 3759  Distance est: 358
Nombre de Tile ajoutees dans la pile: 19
Nombre de Tile traversees: 3760  Distance est: 358
Nombre de Tile ajoutees dans la pile: 19
Nombre de Tile traversees: 3761  Distance est: 358
Nombre de Tile ajoutees dans la pile: 19
Nombre de Tile traversees: 3762  Distance est: 358
Nombre de Tile ajoutees dans la pile: 19
Nombre de Tile traversees: 3763  Distance est: 358
Nombre de Tile ajoutees dans la pile: 19
Nombre de Tile traversees: 3764  Distance est: 358
Nombre de Tile ajoutees dans la pile: 19
Nombre de Tile traversees: 3765  Distance est: 359
Nombre de Tile ajoutees dans la pile: 20
Nombre de Tile traversees: 3766  Distance est: 359
Nombre de Tile ajoutees dans la pile: 20
Nombre de Tile traversees: 3767  Distance est: 359
Nombre de Tile ajoutees dans la pile: 20
Nombre de Tile traversees: 3768  Distance est: 359
Nombre de Tile ajoutees dans la pile: 20
Nombre de Tile traversees: 3769  Distance est: 359
Nombre de Tile ajoutees dans la pile: 20
Nombre de Tile traversees: 3770  Distance est: 359
Nombre de Tile ajoutees dans la pile: 20
Nombre de Tile traversees: 3771  Distance est: 359
Nombre de Tile ajoutees dans la pile: 21
Nombre de Tile traversees: 3772  Distance est: 359
Nombre de Tile ajoutees dans la pile: 21
Nombre de Tile traversees: 3773  Distance est: 359
Nombre de Tile ajoutees dans la pile: 20
Nombre de Tile traversees: 3774  Distance est: 359
Nombre de Tile ajoutees dans la pile: 20
Nombre de Tile traversees: 3775  Distance est: 359
Nombre de Tile ajoutees dans la pile: 20
Nombre de Tile traversees: 3776  Distance est: 359
Nombre de Tile ajoutees dans la pile: 20
Nombre de Tile traversees: 3777  Distance est: 359
Nombre de Tile ajoutees dans la pile: 19
Nombre de Tile traversees: 3778  Distance est: 359
Nombre de Tile ajoutees dans la pile: 20
Nombre de Tile traversees: 3779  Distance est: 359
Nombre de Tile ajoutees dans la pile: 20
Nombre de Tile traversees: 3780  Distance est: 359
Nombre de Tile ajoutees dans la pile: 19
Nombre de Tile traversees: 3781  Distance est: 359
Nombre de Tile ajoutees dans la pile: 19
Nombre de Tile traversees: 3782  Distance est: 359
Nombre de Tile ajoutees dans la pile: 19
Nombre de Tile traversees: 3783  Distance est: 359
Nombre de Tile ajoutees dans la pile: 18
Nombre de Tile traversees: 3784  Distance est: 359
Nombre de Tile ajoutees dans la pile: 19
Nombre de Tile traversees: 3785  Distance est: 360
Nombre de Tile ajoutees dans la pile: 18
Nombre de Tile traversees: 3786  Distance est: 360
Nombre de Tile ajoutees dans la pile: 18
Nombre de Tile traversees: 3787  Distance est: 360
Nombre de Tile ajoutees dans la pile: 18
Nombre de Tile traversees: 3788  Distance est: 360
Nombre de Tile ajoutees dans la pile: 18
Nombre de Tile traversees: 3789  Distance est: 360
Nombre de Tile ajoutees dans la pile: 19
Nombre de Tile traversees: 3790  Distance est: 360
Nombre de Tile ajoutees dans la pile: 19
Nombre de Tile traversees: 3791  Distance est: 360
Nombre de Tile ajoutees dans la pile: 19
Nombre de Tile traversees: 3792  Distance est: 360
Nombre de Tile ajoutees dans la pile: 19
Nombre de Tile traversees: 3793  Distance est: 360
Nombre de Tile ajoutees dans la pile: 19
Nombre de Tile traversees: 3794  Distance est: 360
Nombre de Tile ajoutees dans la pile: 19
Nombre de Tile traversees: 3795  Distance est: 360
Nombre de Tile ajoutees dans la pile: 19
Nombre de Tile traversees: 3796  Distance est: 360
Nombre de Tile ajoutees dans la pile: 19
Nombre de Tile traversees: 3797  Distance est: 360
Nombre de Tile ajoutees dans la pile: 19
Nombre de Tile traversees: 3798  Distance est: 360
Nombre de Tile ajoutees dans la pile: 19
Nombre de Tile traversees: 3799  Distance est: 360
Nombre de Tile ajoutees dans la pile: 19
Nombre de Tile traversees: 3800  Distance est: 360
Nombre de Tile ajoutees dans la pile: 19
Nombre de Tile traversees: 3801  Distance est: 360
Nombre de Tile ajoutees dans la pile: 19
Nombre de Tile traversees: 3802  Distance est: 360
Nombre de Tile ajoutees dans la pile: 20
Nombre de Tile traversees: 3803  Distance est: 361
Nombre de Tile ajoutees dans la pile: 19
Nombre de Tile traversees: 3804  Distance est: 361
Nombre de Tile ajoutees dans la pile: 19
Nombre de Tile traversees: 3805  Distance est: 361
Nombre de Tile ajoutees dans la pile: 19
Nombre de Tile traversees: 3806  Distance est: 361
Nombre de Tile ajoutees dans la pile: 19
Nombre de Tile traversees: 3807  Distance est: 361
Nombre de Tile ajoutees dans la pile: 20
Nombre de Tile traversees: 3808  Distance est: 361
Nombre de Tile ajoutees dans la pile: 19
Nombre de Tile traversees: 3809  Distance est: 361
Nombre de Tile ajoutees dans la pile: 18
Nombre de Tile traversees: 3810  Distance est: 361
Nombre de Tile ajoutees dans la pile: 17
Nombre de Tile traversees: 3811  Distance est: 361
Nombre de Tile ajoutees dans la pile: 17
Nombre de Tile traversees: 3812  Distance est: 361
Nombre de Tile ajoutees dans la pile: 17
Nombre de Tile traversees: 3813  Distance est: 361
Nombre de Tile ajoutees dans la pile: 17
Nombre de Tile traversees: 3814  Distance est: 361
Nombre de Tile ajoutees dans la pile: 18
Nombre de Tile traversees: 3815  Distance est: 361
Nombre de Tile ajoutees dans la pile: 18
Nombre de Tile traversees: 3816  Distance est: 361
Nombre de Tile ajoutees dans la pile: 18
Nombre de Tile traversees: 3817  Distance est: 361
Nombre de Tile ajoutees dans la pile: 17
Nombre de Tile traversees: 3818  Distance est: 361
Nombre de Tile ajoutees dans la pile: 17
Nombre de Tile traversees: 3819  Distance est: 361
Nombre de Tile ajoutees dans la pile: 17
Nombre de Tile traversees: 3820  Distance est: 361
Nombre de Tile ajoutees dans la pile: 17
Nombre de Tile traversees: 3821  Distance est: 361
Nombre de Tile ajoutees dans la pile: 16
Nombre de Tile traversees: 3822  Distance est: 362
Nombre de Tile ajoutees dans la pile: 16
Nombre de Tile traversees: 3823  Distance est: 362
Nombre de Tile ajoutees dans la pile: 17
Nombre de Tile traversees: 3824  Distance est: 362
Nombre de Tile ajoutees dans la pile: 17
Nombre de Tile traversees: 3825  Distance est: 362
Nombre de Tile ajoutees dans la pile: 17
Nombre de Tile traversees: 3826  Distance est: 362
Nombre de Tile ajoutees dans la pile: 18
Nombre de Tile traversees: 3827  Distance est: 362
Nombre de Tile ajoutees dans la pile: 17
Nombre de Tile traversees: 3828  Distance est: 362
Nombre de Tile ajoutees dans la pile: 17
Nombre de Tile traversees: 3829  Distance est: 362
Nombre de Tile ajoutees dans la pile: 17
Nombre de Tile traversees: 3830  Distance est: 362
Nombre de Tile ajoutees dans la pile: 17
Nombre de Tile traversees: 3831  Distance est: 362
Nombre de Tile ajoutees dans la pile: 17
Nombre de Tile traversees: 3832  Distance est: 362
Nombre de Tile ajoutees dans la pile: 17
Nombre de Tile traversees: 3833  Distance est: 362
Nombre de Tile ajoutees dans la pile: 17
Nombre de Tile traversees: 3834  Distance est: 362
Nombre de Tile ajoutees dans la pile: 17
Nombre de Tile traversees: 3835  Distance est: 362
Nombre de Tile ajoutees dans la pile: 17
Nombre de Tile traversees: 3836  Distance est: 362
Nombre de Tile ajoutees dans la pile: 17
Nombre de Tile traversees: 3837  Distance est: 362
Nombre de Tile ajoutees dans la pile: 17
Nombre de Tile traversees: 3838  Distance est: 363
Nombre de Tile ajoutees dans la pile: 17
Nombre de Tile traversees: 3839  Distance est: 363
Nombre de Tile ajoutees dans la pile: 18
Nombre de Tile traversees: 3840  Distance est: 363
Nombre de Tile ajoutees dans la pile: 17
Nombre de Tile traversees: 3841  Distance est: 363
Nombre de Tile ajoutees dans la pile: 17
Nombre de Tile traversees: 3842  Distance est: 363
Nombre de Tile ajoutees dans la pile: 17
Nombre de Tile traversees: 3843  Distance est: 363
Nombre de Tile ajoutees dans la pile: 16
Nombre de Tile traversees: 3844  Distance est: 363
Nombre de Tile ajoutees dans la pile: 15
Nombre de Tile traversees: 3845  Distance est: 363
Nombre de Tile ajoutees dans la pile: 14
Nombre de Tile traversees: 3846  Distance est: 363
Nombre de Tile ajoutees dans la pile: 14
Nombre de Tile traversees: 3847  Distance est: 363
Nombre de Tile ajoutees dans la pile: 14
Nombre de Tile traversees: 3848  Distance est: 363
Nombre de Tile ajoutees dans la pile: 14
Nombre de Tile traversees: 3849  Distance est: 363
Nombre de Tile ajoutees dans la pile: 15
Nombre de Tile traversees: 3850  Distance est: 363
Nombre de Tile ajoutees dans la pile: 15
Nombre de Tile traversees: 3851  Distance est: 363
Nombre de Tile ajoutees dans la pile: 15
Nombre de Tile traversees: 3852  Distance est: 363
Nombre de Tile ajoutees dans la pile: 15
Nombre de Tile traversees: 3853  Distance est: 363
Nombre de Tile ajoutees dans la pile: 15
Nombre de Tile traversees: 3854  Distance est: 363
Nombre de Tile ajoutees dans la pile: 15
Nombre de Tile traversees: 3855  Distance est: 364
Nombre de Tile ajoutees dans la pile: 15
Nombre de Tile traversees: 3856  Distance est: 364
Nombre de Tile ajoutees dans la pile: 17
Nombre de Tile traversees: 3857  Distance est: 364
Nombre de Tile ajoutees dans la pile: 16
Nombre de Tile traversees: 3858  Distance est: 364
Nombre de Tile ajoutees dans la pile: 16
Nombre de Tile traversees: 3859  Distance est: 364
Nombre de Tile ajoutees dans la pile: 16
Nombre de Tile traversees: 3860  Distance est: 364
Nombre de Tile ajoutees dans la pile: 16
Nombre de Tile traversees: 3861  Distance est: 364
Nombre de Tile ajoutees dans la pile: 16
Nombre de Tile traversees: 3862  Distance est: 364
Nombre de Tile ajoutees dans la pile: 16
Nombre de Tile traversees: 3863  Distance est: 364
Nombre de Tile ajoutees dans la pile: 16
Nombre de Tile traversees: 3864  Distance est: 364
Nombre de Tile ajoutees dans la pile: 16
Nombre de Tile traversees: 3865  Distance est: 364
Nombre de Tile ajoutees dans la pile: 16
Nombre de Tile traversees: 3866  Distance est: 364
Nombre de Tile ajoutees dans la pile: 16
Nombre de Tile traversees: 3867  Distance est: 364
Nombre de Tile ajoutees dans la pile: 16
Nombre de Tile traversees: 3868  Distance est: 364
Nombre de Tile ajoutees dans la pile: 16
Nombre de Tile traversees: 3869  Distance est: 364
Nombre de Tile ajoutees dans la pile: 16
Nombre de Tile traversees: 3870  Distance est: 365
Nombre de Tile ajoutees dans la pile: 16
Nombre de Tile traversees: 3871  Distance est: 365
Nombre de Tile ajoutees dans la pile: 17
Nombre de Tile traversees: 3872  Distance est: 365
Nombre de Tile ajoutees dans la pile: 16
Nombre de Tile traversees: 3873  Distance est: 365
Nombre de Tile ajoutees dans la pile: 15
Nombre de Tile traversees: 3874  Distance est: 365
Nombre de Tile ajoutees dans la pile: 16
Nombre de Tile traversees: 3875  Distance est: 365
Nombre de Tile ajoutees dans la pile: 16
Nombre de Tile traversees: 3876  Distance est: 365
Nombre de Tile ajoutees dans la pile: 17
Nombre de Tile traversees: 3877  Distance est: 365
Nombre de Tile ajoutees dans la pile: 17
Nombre de Tile traversees: 3878  Distance est: 365
Nombre de Tile ajoutees dans la pile: 17
Nombre de Tile traversees: 3879  Distance est: 365
Nombre de Tile ajoutees dans la pile: 17
Nombre de Tile traversees: 3880  Distance est: 365
Nombre de Tile ajoutees dans la pile: 17
Nombre de Tile traversees: 3881  Distance est: 365
Nombre de Tile ajoutees dans la pile: 17
Nombre de Tile traversees: 3882  Distance est: 365
Nombre de Tile ajoutees dans la pile: 17
Nombre de Tile traversees: 3883  Distance est: 365
Nombre de Tile ajoutees dans la pile: 17
Nombre de Tile traversees: 3884  Distance est: 365
Nombre de Tile ajoutees dans la pile: 17
Nombre de Tile traversees: 3885  Distance est: 365
Nombre de Tile ajoutees dans la pile: 17
Nombre de Tile traversees: 3886  Distance est: 366
Nombre de Tile ajoutees dans la pile: 16
Nombre de Tile traversees: 3887  Distance est: 366
Nombre de Tile ajoutees dans la pile: 18
Nombre de Tile traversees: 3888  Distance est: 366
Nombre de Tile ajoutees dans la pile: 17
Nombre de Tile traversees: 3889  Distance est: 366
Nombre de Tile ajoutees dans la pile: 17
Nombre de Tile traversees: 3890  Distance est: 366
Nombre de Tile ajoutees dans la pile: 17
Nombre de Tile traversees: 3891  Distance est: 366
Nombre de Tile ajoutees dans la pile: 18
Nombre de Tile traversees: 3892  Distance est: 366
Nombre de Tile ajoutees dans la pile: 18
Nombre de Tile traversees: 3893  Distance est: 366
Nombre de Tile ajoutees dans la pile: 18
Nombre de Tile traversees: 3894  Distance est: 366
Nombre de Tile ajoutees dans la pile: 18
Nombre de Tile traversees: 3895  Distance est: 366
Nombre de Tile ajoutees dans la pile: 18
Nombre de Tile traversees: 3896  Distance est: 366
Nombre de Tile ajoutees dans la pile: 18
Nombre de Tile traversees: 3897  Distance est: 366
Nombre de Tile ajoutees dans la pile: 18
Nombre de Tile traversees: 3898  Distance est: 366
Nombre de Tile ajoutees dans la pile: 19
Nombre de Tile traversees: 3899  Distance est: 366
Nombre de Tile ajoutees dans la pile: 19
Nombre de Tile traversees: 3900  Distance est: 366
Nombre de Tile ajoutees dans la pile: 19
Nombre de Tile traversees: 3901  Distance est: 366
Nombre de Tile ajoutees dans la pile: 19
Nombre de Tile traversees: 3902  Distance est: 367
Nombre de Tile ajoutees dans la pile: 19
Nombre de Tile traversees: 3903  Distance est: 367
Nombre de Tile ajoutees dans la pile: 20
Nombre de Tile traversees: 3904  Distance est: 367
Nombre de Tile ajoutees dans la pile: 20
Nombre de Tile traversees: 3905  Distance est: 367
Nombre de Tile ajoutees dans la pile: 19
Nombre de Tile traversees: 3906  Distance est: 367
Nombre de Tile ajoutees dans la pile: 20
Nombre de Tile traversees: 3907  Distance est: 367
Nombre de Tile ajoutees dans la pile: 20
Nombre de Tile traversees: 3908  Distance est: 367
Nombre de Tile ajoutees dans la pile: 21
Nombre de Tile traversees: 3909  Distance est: 367
Nombre de Tile ajoutees dans la pile: 20
Nombre de Tile traversees: 3910  Distance est: 367
Nombre de Tile ajoutees dans la pile: 20
Nombre de Tile traversees: 3911  Distance est: 367
Nombre de Tile ajoutees dans la pile: 20
Nombre de Tile traversees: 3912  Distance est: 367
Nombre de Tile ajoutees dans la pile: 21
Nombre de Tile traversees: 3913  Distance est: 367
Nombre de Tile ajoutees dans la pile: 21
Nombre de Tile traversees: 3914  Distance est: 367
Nombre de Tile ajoutees dans la pile: 20
Nombre de Tile traversees: 3915  Distance est: 367
Nombre de Tile ajoutees dans la pile: 20
Nombre de Tile traversees: 3916  Distance est: 367
Nombre de Tile ajoutees dans la pile: 21
Nombre de Tile traversees: 3917  Distance est: 367
Nombre de Tile ajoutees dans la pile: 20
Nombre de Tile traversees: 3918  Distance est: 367
Nombre de Tile ajoutees dans la pile: 20
Nombre de Tile traversees: 3919  Distance est: 367
Nombre de Tile ajoutees dans la pile: 20
Nombre de Tile traversees: 3920  Distance est: 367
Nombre de Tile ajoutees dans la pile: 20
Nombre de Tile traversees: 3921  Distance est: 368
Nombre de Tile ajoutees dans la pile: 20
Nombre de Tile traversees: 3922  Distance est: 368
Nombre de Tile ajoutees dans la pile: 21
Nombre de Tile traversees: 3923  Distance est: 368
Nombre de Tile ajoutees dans la pile: 20
Nombre de Tile traversees: 3924  Distance est: 368
Nombre de Tile ajoutees dans la pile: 20
Nombre de Tile traversees: 3925  Distance est: 368
Nombre de Tile ajoutees dans la pile: 20
Nombre de Tile traversees: 3926  Distance est: 368
Nombre de Tile ajoutees dans la pile: 20
Nombre de Tile traversees: 3927  Distance est: 368
Nombre de Tile ajoutees dans la pile: 20
Nombre de Tile traversees: 3928  Distance est: 368
Nombre de Tile ajoutees dans la pile: 21
Nombre de Tile traversees: 3929  Distance est: 368
Nombre de Tile ajoutees dans la pile: 20
Nombre de Tile traversees: 3930  Distance est: 368
Nombre de Tile ajoutees dans la pile: 21
Nombre de Tile traversees: 3931  Distance est: 368
Nombre de Tile ajoutees dans la pile: 21
Nombre de Tile traversees: 3932  Distance est: 368
Nombre de Tile ajoutees dans la pile: 21
Nombre de Tile traversees: 3933  Distance est: 368
Nombre de Tile ajoutees dans la pile: 21
Nombre de Tile traversees: 3934  Distance est: 368
Nombre de Tile ajoutees dans la pile: 21
Nombre de Tile traversees: 3935  Distance est: 368
Nombre de Tile ajoutees dans la pile: 21
Nombre de Tile traversees: 3936  Distance est: 368
Nombre de Tile ajoutees dans la pile: 22
Nombre de Tile traversees: 3937  Distance est: 368
Nombre de Tile ajoutees dans la pile: 21
Nombre de Tile traversees: 3938  Distance est: 368
Nombre de Tile ajoutees dans la pile: 21
Nombre de Tile traversees: 3939  Distance est: 368
Nombre de Tile ajoutees dans la pile: 21
Nombre de Tile traversees: 3940  Distance est: 368
Nombre de Tile ajoutees dans la pile: 21
Nombre de Tile traversees: 3941  Distance est: 369
Nombre de Tile ajoutees dans la pile: 21
Nombre de Tile traversees: 3942  Distance est: 369
Nombre de Tile ajoutees dans la pile: 21
Nombre de Tile traversees: 3943  Distance est: 369
Nombre de Tile ajoutees dans la pile: 20
Nombre de Tile traversees: 3944  Distance est: 369
Nombre de Tile ajoutees dans la pile: 20
Nombre de Tile traversees: 3945  Distance est: 369
Nombre de Tile ajoutees dans la pile: 21
Nombre de Tile traversees: 3946  Distance est: 369
Nombre de Tile ajoutees dans la pile: 21
Nombre de Tile traversees: 3947  Distance est: 369
Nombre de Tile ajoutees dans la pile: 20
Nombre de Tile traversees: 3948  Distance est: 369
Nombre de Tile ajoutees dans la pile: 20
Nombre de Tile traversees: 3949  Distance est: 369
Nombre de Tile ajoutees dans la pile: 19
Nombre de Tile traversees: 3950  Distance est: 369
Nombre de Tile ajoutees dans la pile: 20
Nombre de Tile traversees: 3951  Distance est: 369
Nombre de Tile ajoutees dans la pile: 19
Nombre de Tile traversees: 3952  Distance est: 369
Nombre de Tile ajoutees dans la pile: 18
Nombre de Tile traversees: 3953  Distance est: 369
Nombre de Tile ajoutees dans la pile: 18
Nombre de Tile traversees: 3954  Distance est: 369
Nombre de Tile ajoutees dans la pile: 18
Nombre de Tile traversees: 3955  Distance est: 369
Nombre de Tile ajoutees dans la pile: 18
Nombre de Tile traversees: 3956  Distance est: 369
Nombre de Tile ajoutees dans la pile: 18
Nombre de Tile traversees: 3957  Distance est: 369
Nombre de Tile ajoutees dans la pile: 18
Nombre de Tile traversees: 3958  Distance est: 369
Nombre de Tile ajoutees dans la pile: 17
Nombre de Tile traversees: 3959  Distance est: 369
Nombre de Tile ajoutees dans la pile: 17
Nombre de Tile traversees: 3960  Distance est: 369
Nombre de Tile ajoutees dans la pile: 17
Nombre de Tile traversees: 3961  Distance est: 369
Nombre de Tile ajoutees dans la pile: 17
Nombre de Tile traversees: 3962  Distance est: 370
Nombre de Tile ajoutees dans la pile: 17
Nombre de Tile traversees: 3963  Distance est: 370
Nombre de Tile ajoutees dans la pile: 17
Nombre de Tile traversees: 3964  Distance est: 370
Nombre de Tile ajoutees dans la pile: 17
Nombre de Tile traversees: 3965  Distance est: 370
Nombre de Tile ajoutees dans la pile: 17
Nombre de Tile traversees: 3966  Distance est: 370
Nombre de Tile ajoutees dans la pile: 17
Nombre de Tile traversees: 3967  Distance est: 370
Nombre de Tile ajoutees dans la pile: 17
Nombre de Tile traversees: 3968  Distance est: 370
Nombre de Tile ajoutees dans la pile: 17
Nombre de Tile traversees: 3969  Distance est: 370
Nombre de Tile ajoutees dans la pile: 18
Nombre de Tile traversees: 3970  Distance est: 370
Nombre de Tile ajoutees dans la pile: 17
Nombre de Tile traversees: 3971  Distance est: 370
Nombre de Tile ajoutees dans la pile: 17
Nombre de Tile traversees: 3972  Distance est: 370
Nombre de Tile ajoutees dans la pile: 17
Nombre de Tile traversees: 3973  Distance est: 370
Nombre de Tile ajoutees dans la pile: 17
Nombre de Tile traversees: 3974  Distance est: 370
Nombre de Tile ajoutees dans la pile: 17
Nombre de Tile traversees: 3975  Distance est: 370
Nombre de Tile ajoutees dans la pile: 17
Nombre de Tile traversees: 3976  Distance est: 370
Nombre de Tile ajoutees dans la pile: 17
Nombre de Tile traversees: 3977  Distance est: 370
Nombre de Tile ajoutees dans la pile: 18
Nombre de Tile traversees: 3978  Distance est: 370
Nombre de Tile ajoutees dans la pile: 18
Nombre de Tile traversees: 3979  Distance est: 371
Nombre de Tile ajoutees dans la pile: 18
Nombre de Tile traversees: 3980  Distance est: 371
Nombre de Tile ajoutees dans la pile: 18
Nombre de Tile traversees: 3981  Distance est: 371
Nombre de Tile ajoutees dans la pile: 18
Nombre de Tile traversees: 3982  Distance est: 371
Nombre de Tile ajoutees dans la pile: 18
Nombre de Tile traversees: 3983  Distance est: 371
Nombre de Tile ajoutees dans la pile: 18
Nombre de Tile traversees: 3984  Distance est: 371
Nombre de Tile ajoutees dans la pile: 17
Nombre de Tile traversees: 3985  Distance est: 371
Nombre de Tile ajoutees dans la pile: 17
Nombre de Tile traversees: 3986  Distance est: 371
Nombre de Tile ajoutees dans la pile: 17
Nombre de Tile traversees: 3987  Distance est: 371
Nombre de Tile ajoutees dans la pile: 16
Nombre de Tile traversees: 3988  Distance est: 371
Nombre de Tile ajoutees dans la pile: 16
Nombre de Tile traversees: 3989  Distance est: 371
Nombre de Tile ajoutees dans la pile: 16
Nombre de Tile traversees: 3990  Distance est: 371
Nombre de Tile ajoutees dans la pile: 16
Nombre de Tile traversees: 3991  Distance est: 371
Nombre de Tile ajoutees dans la pile: 16
Nombre de Tile traversees: 3992  Distance est: 371
Nombre de Tile ajoutees dans la pile: 17
Nombre de Tile traversees: 3993  Distance est: 371
Nombre de Tile ajoutees dans la pile: 17
Nombre de Tile traversees: 3994  Distance est: 371
Nombre de Tile ajoutees dans la pile: 18
Nombre de Tile traversees: 3995  Distance est: 371
Nombre de Tile ajoutees dans la pile: 18
Nombre de Tile traversees: 3996  Distance est: 371
Nombre de Tile ajoutees dans la pile: 18
Nombre de Tile traversees: 3997  Distance est: 372
Nombre de Tile ajoutees dans la pile: 18
Nombre de Tile traversees: 3998  Distance est: 372
Nombre de Tile ajoutees dans la pile: 18
Nombre de Tile traversees: 3999  Distance est: 372
Nombre de Tile ajoutees dans la pile: 18
Nombre de Tile traversees: 4000  Distance est: 372
Nombre de Tile ajoutees dans la pile: 18
Nombre de Tile traversees: 4001  Distance est: 372
Nombre de Tile ajoutees dans la pile: 19
Nombre de Tile traversees: 4002  Distance est: 372
Nombre de Tile ajoutees dans la pile: 19
Nombre de Tile traversees: 4003  Distance est: 372
Nombre de Tile ajoutees dans la pile: 19
Nombre de Tile traversees: 4004  Distance est: 372
Nombre de Tile ajoutees dans la pile: 19
Nombre de Tile traversees: 4005  Distance est: 372
Nombre de Tile ajoutees dans la pile: 19
Nombre de Tile traversees: 4006  Distance est: 372
Nombre de Tile ajoutees dans la pile: 19
Nombre de Tile traversees: 4007  Distance est: 372
Nombre de Tile ajoutees dans la pile: 20
Nombre de Tile traversees: 4008  Distance est: 372
Nombre de Tile ajoutees dans la pile: 20
Nombre de Tile traversees: 4009  Distance est: 372
Nombre de Tile ajoutees dans la pile: 20
Nombre de Tile traversees: 4010  Distance est: 372
Nombre de Tile ajoutees dans la pile: 20
Nombre de Tile traversees: 4011  Distance est: 372
Nombre de Tile ajoutees dans la pile: 21
Nombre de Tile traversees: 4012  Distance est: 372
Nombre de Tile ajoutees dans la pile: 20
Nombre de Tile traversees: 4013  Distance est: 372
Nombre de Tile ajoutees dans la pile: 20
Nombre de Tile traversees: 4014  Distance est: 372
Nombre de Tile ajoutees dans la pile: 20
Nombre de Tile traversees: 4015  Distance est: 373
Nombre de Tile ajoutees dans la pile: 20
Nombre de Tile traversees: 4016  Distance est: 373
Nombre de Tile ajoutees dans la pile: 20
Nombre de Tile traversees: 4017  Distance est: 373
Nombre de Tile ajoutees dans la pile: 20
Nombre de Tile traversees: 4018  Distance est: 373
Nombre de Tile ajoutees dans la pile: 19
Nombre de Tile traversees: 4019  Distance est: 373
Nombre de Tile ajoutees dans la pile: 20
Nombre de Tile traversees: 4020  Distance est: 373
Nombre de Tile ajoutees dans la pile: 19
Nombre de Tile traversees: 4021  Distance est: 373
Nombre de Tile ajoutees dans la pile: 18
Nombre de Tile traversees: 4022  Distance est: 373
Nombre de Tile ajoutees dans la pile: 18
Nombre de Tile traversees: 4023  Distance est: 373
Nombre de Tile ajoutees dans la pile: 18
Nombre de Tile traversees: 4024  Distance est: 373
Nombre de Tile ajoutees dans la pile: 17
Nombre de Tile traversees: 4025  Distance est: 373
Nombre de Tile ajoutees dans la pile: 17
Nombre de Tile traversees: 4026  Distance est: 373
Nombre de Tile ajoutees dans la pile: 18
Nombre de Tile traversees: 4027  Distance est: 373
Nombre de Tile ajoutees dans la pile: 17
Nombre de Tile traversees: 4028  Distance est: 373
Nombre de Tile ajoutees dans la pile: 16
Nombre de Tile traversees: 4029  Distance est: 373
Nombre de Tile ajoutees dans la pile: 16
Nombre de Tile traversees: 4030  Distance est: 373
Nombre de Tile ajoutees dans la pile: 16
Nombre de Tile traversees: 4031  Distance est: 373
Nombre de Tile ajoutees dans la pile: 16
Nombre de Tile traversees: 4032  Distance est: 373
Nombre de Tile ajoutees dans la pile: 15
Nombre de Tile traversees: 4033  Distance est: 373
Nombre de Tile ajoutees dans la pile: 15
Nombre de Tile traversees: 4034  Distance est: 373
Nombre de Tile ajoutees dans la pile: 15
Nombre de Tile traversees: 4035  Distance est: 374
Nombre de Tile ajoutees dans la pile: 15
Nombre de Tile traversees: 4036  Distance est: 374
Nombre de Tile ajoutees dans la pile: 15
Nombre de Tile traversees: 4037  Distance est: 374
Nombre de Tile ajoutees dans la pile: 15
Nombre de Tile traversees: 4038  Distance est: 374
Nombre de Tile ajoutees dans la pile: 16
Nombre de Tile traversees: 4039  Distance est: 374
Nombre de Tile ajoutees dans la pile: 15
Nombre de Tile traversees: 4040  Distance est: 374
Nombre de Tile ajoutees dans la pile: 16
Nombre de Tile traversees: 4041  Distance est: 374
Nombre de Tile ajoutees dans la pile: 16
Nombre de Tile traversees: 4042  Distance est: 374
Nombre de Tile ajoutees dans la pile: 16
Nombre de Tile traversees: 4043  Distance est: 374
Nombre de Tile ajoutees dans la pile: 17
Nombre de Tile traversees: 4044  Distance est: 374
Nombre de Tile ajoutees dans la pile: 16
Nombre de Tile traversees: 4045  Distance est: 374
Nombre de Tile ajoutees dans la pile: 16
Nombre de Tile traversees: 4046  Distance est: 374
Nombre de Tile ajoutees dans la pile: 17
Nombre de Tile traversees: 4047  Distance est: 374
Nombre de Tile ajoutees dans la pile: 17
Nombre de Tile traversees: 4048  Distance est: 374
Nombre de Tile ajoutees dans la pile: 17
Nombre de Tile traversees: 4049  Distance est: 374
Nombre de Tile ajoutees dans la pile: 17
Nombre de Tile traversees: 4050  Distance est: 375
Nombre de Tile ajoutees dans la pile: 17
Nombre de Tile traversees: 4051  Distance est: 375
Nombre de Tile ajoutees dans la pile: 17
Nombre de Tile traversees: 4052  Distance est: 375
Nombre de Tile ajoutees dans la pile: 17
Nombre de Tile traversees: 4053  Distance est: 375
Nombre de Tile ajoutees dans la pile: 17
Nombre de Tile traversees: 4054  Distance est: 375
Nombre de Tile ajoutees dans la pile: 16
Nombre de Tile traversees: 4055  Distance est: 375
Nombre de Tile ajoutees dans la pile: 17
Nombre de Tile traversees: 4056  Distance est: 375
Nombre de Tile ajoutees dans la pile: 16
Nombre de Tile traversees: 4057  Distance est: 375
Nombre de Tile ajoutees dans la pile: 16
Nombre de Tile traversees: 4058  Distance est: 375
Nombre de Tile ajoutees dans la pile: 16
Nombre de Tile traversees: 4059  Distance est: 375
Nombre de Tile ajoutees dans la pile: 16
Nombre de Tile traversees: 4060  Distance est: 375
Nombre de Tile ajoutees dans la pile: 16
Nombre de Tile traversees: 4061  Distance est: 375
Nombre de Tile ajoutees dans la pile: 16
Nombre de Tile traversees: 4062  Distance est: 375
Nombre de Tile ajoutees dans la pile: 17
Nombre de Tile traversees: 4063  Distance est: 375
Nombre de Tile ajoutees dans la pile: 17
Nombre de Tile traversees: 4064  Distance est: 375
Nombre de Tile ajoutees dans la pile: 17
Nombre de Tile traversees: 4065  Distance est: 375
Nombre de Tile ajoutees dans la pile: 17
Nombre de Tile traversees: 4066  Distance est: 375
Nombre de Tile ajoutees dans la pile: 17
Nombre de Tile traversees: 4067  Distance est: 376
Nombre de Tile ajoutees dans la pile: 18
Nombre de Tile traversees: 4068  Distance est: 376
Nombre de Tile ajoutees dans la pile: 18
Nombre de Tile traversees: 4069  Distance est: 376
Nombre de Tile ajoutees dans la pile: 18
Nombre de Tile traversees: 4070  Distance est: 376
Nombre de Tile ajoutees dans la pile: 18
Nombre de Tile traversees: 4071  Distance est: 376
Nombre de Tile ajoutees dans la pile: 19
Nombre de Tile traversees: 4072  Distance est: 376
Nombre de Tile ajoutees dans la pile: 18
Nombre de Tile traversees: 4073  Distance est: 376
Nombre de Tile ajoutees dans la pile: 18
Nombre de Tile traversees: 4074  Distance est: 376
Nombre de Tile ajoutees dans la pile: 18
Nombre de Tile traversees: 4075  Distance est: 376
Nombre de Tile ajoutees dans la pile: 18
Nombre de Tile traversees: 4076  Distance est: 376
Nombre de Tile ajoutees dans la pile: 18
Nombre de Tile traversees: 4077  Distance est: 376
Nombre de Tile ajoutees dans la pile: 18
Nombre de Tile traversees: 4078  Distance est: 376
Nombre de Tile ajoutees dans la pile: 19
Nombre de Tile traversees: 4079  Distance est: 376
Nombre de Tile ajoutees dans la pile: 18
Nombre de Tile traversees: 4080  Distance est: 376
Nombre de Tile ajoutees dans la pile: 18
Nombre de Tile traversees: 4081  Distance est: 376
Nombre de Tile ajoutees dans la pile: 18
Nombre de Tile traversees: 4082  Distance est: 376
Nombre de Tile ajoutees dans la pile: 18
Nombre de Tile traversees: 4083  Distance est: 376
Nombre de Tile ajoutees dans la pile: 18
Nombre de Tile traversees: 4084  Distance est: 376
Nombre de Tile ajoutees dans la pile: 18
Nombre de Tile traversees: 4085  Distance est: 377
Nombre de Tile ajoutees dans la pile: 18
Nombre de Tile traversees: 4086  Distance est: 377
Nombre de Tile ajoutees dans la pile: 18
Nombre de Tile traversees: 4087  Distance est: 377
Nombre de Tile ajoutees dans la pile: 18
Nombre de Tile traversees: 4088  Distance est: 377
Nombre de Tile ajoutees dans la pile: 19
Nombre de Tile traversees: 4089  Distance est: 377
Nombre de Tile ajoutees dans la pile: 19
Nombre de Tile traversees: 4090  Distance est: 377
Nombre de Tile ajoutees dans la pile: 18
Nombre de Tile traversees: 4091  Distance est: 377
Nombre de Tile ajoutees dans la pile: 18
Nombre de Tile traversees: 4092  Distance est: 377
Nombre de Tile ajoutees dans la pile: 18
Nombre de Tile traversees: 4093  Distance est: 377
Nombre de Tile ajoutees dans la pile: 19
Nombre de Tile traversees: 4094  Distance est: 377
Nombre de Tile ajoutees dans la pile: 19
Nombre de Tile traversees: 4095  Distance est: 377
Nombre de Tile ajoutees dans la pile: 20
Nombre de Tile traversees: 4096  Distance est: 377
Nombre de Tile ajoutees dans la pile: 20
Nombre de Tile traversees: 4097  Distance est: 377
Nombre de Tile ajoutees dans la pile: 19
Nombre de Tile traversees: 4098  Distance est: 377
Nombre de Tile ajoutees dans la pile: 19
Nombre de Tile traversees: 4099  Distance est: 377
Nombre de Tile ajoutees dans la pile: 19
Nombre de Tile traversees: 4100  Distance est: 377
Nombre de Tile ajoutees dans la pile: 19
Nombre de Tile traversees: 4101  Distance est: 377
Nombre de Tile ajoutees dans la pile: 19
Nombre de Tile traversees: 4102  Distance est: 377
Nombre de Tile ajoutees dans la pile: 19
Nombre de Tile traversees: 4103  Distance est: 378
Nombre de Tile ajoutees dans la pile: 18
Nombre de Tile traversees: 4104  Distance est: 378
Nombre de Tile ajoutees dans la pile: 18
Nombre de Tile traversees: 4105  Distance est: 378
Nombre de Tile ajoutees dans la pile: 18
Nombre de Tile traversees: 4106  Distance est: 378
Nombre de Tile ajoutees dans la pile: 18
Nombre de Tile traversees: 4107  Distance est: 378
Nombre de Tile ajoutees dans la pile: 18
Nombre de Tile traversees: 4108  Distance est: 378
Nombre de Tile ajoutees dans la pile: 18
Nombre de Tile traversees: 4109  Distance est: 378
Nombre de Tile ajoutees dans la pile: 18
Nombre de Tile traversees: 4110  Distance est: 378
Nombre de Tile ajoutees dans la pile: 18
Nombre de Tile traversees: 4111  Distance est: 378
Nombre de Tile ajoutees dans la pile: 18
Nombre de Tile traversees: 4112  Distance est: 378
Nombre de Tile ajoutees dans la pile: 19
Nombre de Tile traversees: 4113  Distance est: 378
Nombre de Tile ajoutees dans la pile: 19
Nombre de Tile traversees: 4114  Distance est: 378
Nombre de Tile ajoutees dans la pile: 19
Nombre de Tile traversees: 4115  Distance est: 378
Nombre de Tile ajoutees dans la pile: 19
Nombre de Tile traversees: 4116  Distance est: 378
Nombre de Tile ajoutees dans la pile: 19
Nombre de Tile traversees: 4117  Distance est: 378
Nombre de Tile ajoutees dans la pile: 19
Nombre de Tile traversees: 4118  Distance est: 378
Nombre de Tile ajoutees dans la pile: 19
Nombre de Tile traversees: 4119  Distance est: 378
Nombre de Tile ajoutees dans la pile: 19
Nombre de Tile traversees: 4120  Distance est: 378
Nombre de Tile ajoutees dans la pile: 19
Nombre de Tile traversees: 4121  Distance est: 379
Nombre de Tile ajoutees dans la pile: 19
Nombre de Tile traversees: 4122  Distance est: 379
Nombre de Tile ajoutees dans la pile: 19
Nombre de Tile traversees: 4123  Distance est: 379
Nombre de Tile ajoutees dans la pile: 19
Nombre de Tile traversees: 4124  Distance est: 379
Nombre de Tile ajoutees dans la pile: 19
Nombre de Tile traversees: 4125  Distance est: 379
Nombre de Tile ajoutees dans la pile: 19
Nombre de Tile traversees: 4126  Distance est: 379
Nombre de Tile ajoutees dans la pile: 19
Nombre de Tile traversees: 4127  Distance est: 379
Nombre de Tile ajoutees dans la pile: 19
Nombre de Tile traversees: 4128  Distance est: 379
Nombre de Tile ajoutees dans la pile: 19
Nombre de Tile traversees: 4129  Distance est: 379
Nombre de Tile ajoutees dans la pile: 19
Nombre de Tile traversees: 4130  Distance est: 379
Nombre de Tile ajoutees dans la pile: 20
Nombre de Tile traversees: 4131  Distance est: 379
Nombre de Tile ajoutees dans la pile: 20
Nombre de Tile traversees: 4132  Distance est: 379
Nombre de Tile ajoutees dans la pile: 20
Nombre de Tile traversees: 4133  Distance est: 379
Nombre de Tile ajoutees dans la pile: 21
Nombre de Tile traversees: 4134  Distance est: 379
Nombre de Tile ajoutees dans la pile: 21
Nombre de Tile traversees: 4135  Distance est: 379
Nombre de Tile ajoutees dans la pile: 22
Nombre de Tile traversees: 4136  Distance est: 379
Nombre de Tile ajoutees dans la pile: 22
Nombre de Tile traversees: 4137  Distance est: 379
Nombre de Tile ajoutees dans la pile: 22
Nombre de Tile traversees: 4138  Distance est: 379
Nombre de Tile ajoutees dans la pile: 22
Nombre de Tile traversees: 4139  Distance est: 379
Nombre de Tile ajoutees dans la pile: 22
Nombre de Tile traversees: 4140  Distance est: 380
Nombre de Tile ajoutees dans la pile: 22
Nombre de Tile traversees: 4141  Distance est: 380
Nombre de Tile ajoutees dans la pile: 22
Nombre de Tile traversees: 4142  Distance est: 380
Nombre de Tile ajoutees dans la pile: 22
Nombre de Tile traversees: 4143  Distance est: 380
Nombre de Tile ajoutees dans la pile: 22
Nombre de Tile traversees: 4144  Distance est: 380
Nombre de Tile ajoutees dans la pile: 22
Nombre de Tile traversees: 4145  Distance est: 380
Nombre de Tile ajoutees dans la pile: 22
Nombre de Tile traversees: 4146  Distance est: 380
Nombre de Tile ajoutees dans la pile: 22
Nombre de Tile traversees: 4147  Distance est: 380
Nombre de Tile ajoutees dans la pile: 22
Nombre de Tile traversees: 4148  Distance est: 380
Nombre de Tile ajoutees dans la pile: 22
Nombre de Tile traversees: 4149  Distance est: 380
Nombre de Tile ajoutees dans la pile: 23
Nombre de Tile traversees: 4150  Distance est: 380
Nombre de Tile ajoutees dans la pile: 22
Nombre de Tile traversees: 4151  Distance est: 380
Nombre de Tile ajoutees dans la pile: 22
Nombre de Tile traversees: 4152  Distance est: 380
Nombre de Tile ajoutees dans la pile: 22
Nombre de Tile traversees: 4153  Distance est: 380
Nombre de Tile ajoutees dans la pile: 22
Nombre de Tile traversees: 4154  Distance est: 380
Nombre de Tile ajoutees dans la pile: 22
Nombre de Tile traversees: 4155  Distance est: 380
Nombre de Tile ajoutees dans la pile: 22
Nombre de Tile traversees: 4156  Distance est: 380
Nombre de Tile ajoutees dans la pile: 22
Nombre de Tile traversees: 4157  Distance est: 380
Nombre de Tile ajoutees dans la pile: 22
Nombre de Tile traversees: 4158  Distance est: 380
Nombre de Tile ajoutees dans la pile: 22
Nombre de Tile traversees: 4159  Distance est: 380
Nombre de Tile ajoutees dans la pile: 22
Nombre de Tile traversees: 4160  Distance est: 380
Nombre de Tile ajoutees dans la pile: 22
Nombre de Tile traversees: 4161  Distance est: 380
Nombre de Tile ajoutees dans la pile: 22
Nombre de Tile traversees: 4162  Distance est: 381
Nombre de Tile ajoutees dans la pile: 22
Nombre de Tile traversees: 4163  Distance est: 381
Nombre de Tile ajoutees dans la pile: 22
Nombre de Tile traversees: 4164  Distance est: 381
Nombre de Tile ajoutees dans la pile: 23
Nombre de Tile traversees: 4165  Distance est: 381
Nombre de Tile ajoutees dans la pile: 22
Nombre de Tile traversees: 4166  Distance est: 381
Nombre de Tile ajoutees dans la pile: 22
Nombre de Tile traversees: 4167  Distance est: 381
Nombre de Tile ajoutees dans la pile: 22
Nombre de Tile traversees: 4168  Distance est: 381
Nombre de Tile ajoutees dans la pile: 22
Nombre de Tile traversees: 4169  Distance est: 381
Nombre de Tile ajoutees dans la pile: 22
Nombre de Tile traversees: 4170  Distance est: 381
Nombre de Tile ajoutees dans la pile: 22
Nombre de Tile traversees: 4171  Distance est: 381
Nombre de Tile ajoutees dans la pile: 22
Nombre de Tile traversees: 4172  Distance est: 381
Nombre de Tile ajoutees dans la pile: 21
Nombre de Tile traversees: 4173  Distance est: 381
Nombre de Tile ajoutees dans la pile: 21
Nombre de Tile traversees: 4174  Distance est: 381
Nombre de Tile ajoutees dans la pile: 21
Nombre de Tile traversees: 4175  Distance est: 381
Nombre de Tile ajoutees dans la pile: 20
Nombre de Tile traversees: 4176  Distance est: 381
Nombre de Tile ajoutees dans la pile: 20
Nombre de Tile traversees: 4177  Distance est: 381
Nombre de Tile ajoutees dans la pile: 20
Nombre de Tile traversees: 4178  Distance est: 381
Nombre de Tile ajoutees dans la pile: 20
Nombre de Tile traversees: 4179  Distance est: 381
Nombre de Tile ajoutees dans la pile: 20
Nombre de Tile traversees: 4180  Distance est: 381
Nombre de Tile ajoutees dans la pile: 21
Nombre de Tile traversees: 4181  Distance est: 381
Nombre de Tile ajoutees dans la pile: 21
Nombre de Tile traversees: 4182  Distance est: 381
Nombre de Tile ajoutees dans la pile: 22
Nombre de Tile traversees: 4183  Distance est: 381
Nombre de Tile ajoutees dans la pile: 22
Nombre de Tile traversees: 4184  Distance est: 382
Nombre de Tile ajoutees dans la pile: 22
Nombre de Tile traversees: 4185  Distance est: 382
Nombre de Tile ajoutees dans la pile: 22
Nombre de Tile traversees: 4186  Distance est: 382
Nombre de Tile ajoutees dans la pile: 22
Nombre de Tile traversees: 4187  Distance est: 382
Nombre de Tile ajoutees dans la pile: 22
Nombre de Tile traversees: 4188  Distance est: 382
Nombre de Tile ajoutees dans la pile: 22
Nombre de Tile traversees: 4189  Distance est: 382
Nombre de Tile ajoutees dans la pile: 22
Nombre de Tile traversees: 4190  Distance est: 382
Nombre de Tile ajoutees dans la pile: 22
Nombre de Tile traversees: 4191  Distance est: 382
Nombre de Tile ajoutees dans la pile: 22
Nombre de Tile traversees: 4192  Distance est: 382
Nombre de Tile ajoutees dans la pile: 22
Nombre de Tile traversees: 4193  Distance est: 382
Nombre de Tile ajoutees dans la pile: 22
Nombre de Tile traversees: 4194  Distance est: 382
Nombre de Tile ajoutees dans la pile: 22
Nombre de Tile traversees: 4195  Distance est: 382
Nombre de Tile ajoutees dans la pile: 22
Nombre de Tile traversees: 4196  Distance est: 382
Nombre de Tile ajoutees dans la pile: 22
Nombre de Tile traversees: 4197  Distance est: 382
Nombre de Tile ajoutees dans la pile: 22
Nombre de Tile traversees: 4198  Distance est: 382
Nombre de Tile ajoutees dans la pile: 22
Nombre de Tile traversees: 4199  Distance est: 382
Nombre de Tile ajoutees dans la pile: 22
Nombre de Tile traversees: 4200  Distance est: 382
Nombre de Tile ajoutees dans la pile: 22
Nombre de Tile traversees: 4201  Distance est: 382
Nombre de Tile ajoutees dans la pile: 22
Nombre de Tile traversees: 4202  Distance est: 382
Nombre de Tile ajoutees dans la pile: 22
Nombre de Tile traversees: 4203  Distance est: 382
Nombre de Tile ajoutees dans la pile: 22
Nombre de Tile traversees: 4204  Distance est: 382
Nombre de Tile ajoutees dans la pile: 22
Nombre de Tile traversees: 4205  Distance est: 382
Nombre de Tile ajoutees dans la pile: 22
Nombre de Tile traversees: 4206  Distance est: 383
Nombre de Tile ajoutees dans la pile: 22
Nombre de Tile traversees: 4207  Distance est: 383
Nombre de Tile ajoutees dans la pile: 22
Nombre de Tile traversees: 4208  Distance est: 383
Nombre de Tile ajoutees dans la pile: 22
Nombre de Tile traversees: 4209  Distance est: 383
Nombre de Tile ajoutees dans la pile: 22
Nombre de Tile traversees: 4210  Distance est: 383
Nombre de Tile ajoutees dans la pile: 22
Nombre de Tile traversees: 4211  Distance est: 383
Nombre de Tile ajoutees dans la pile: 22
Nombre de Tile traversees: 4212  Distance est: 383
Nombre de Tile ajoutees dans la pile: 22
Nombre de Tile traversees: 4213  Distance est: 383
Nombre de Tile ajoutees dans la pile: 22
Nombre de Tile traversees: 4214  Distance est: 383
Nombre de Tile ajoutees dans la pile: 22
Nombre de Tile traversees: 4215  Distance est: 383
Nombre de Tile ajoutees dans la pile: 22
Nombre de Tile traversees: 4216  Distance est: 383
Nombre de Tile ajoutees dans la pile: 22
Nombre de Tile traversees: 4217  Distance est: 383
Nombre de Tile ajoutees dans la pile: 22
Nombre de Tile traversees: 4218  Distance est: 383
Nombre de Tile ajoutees dans la pile: 22
Nombre de Tile traversees: 4219  Distance est: 383
Nombre de Tile ajoutees dans la pile: 22
Nombre de Tile traversees: 4220  Distance est: 383
Nombre de Tile ajoutees dans la pile: 22
Nombre de Tile traversees: 4221  Distance est: 383
Nombre de Tile ajoutees dans la pile: 22
Nombre de Tile traversees: 4222  Distance est: 383
Nombre de Tile ajoutees dans la pile: 22
Nombre de Tile traversees: 4223  Distance est: 383
Nombre de Tile ajoutees dans la pile: 22
Nombre de Tile traversees: 4224  Distance est: 383
Nombre de Tile ajoutees dans la pile: 22
Nombre de Tile traversees: 4225  Distance est: 383
Nombre de Tile ajoutees dans la pile: 22
Nombre de Tile traversees: 4226  Distance est: 383
Nombre de Tile ajoutees dans la pile: 22
Nombre de Tile traversees: 4227  Distance est: 383
Nombre de Tile ajoutees dans la pile: 22
Nombre de Tile traversees: 4228  Distance est: 384
Nombre de Tile ajoutees dans la pile: 22
Nombre de Tile traversees: 4229  Distance est: 384
Nombre de Tile ajoutees dans la pile: 22
Nombre de Tile traversees: 4230  Distance est: 384
Nombre de Tile ajoutees dans la pile: 22
Nombre de Tile traversees: 4231  Distance est: 384
Nombre de Tile ajoutees dans la pile: 22
Nombre de Tile traversees: 4232  Distance est: 384
Nombre de Tile ajoutees dans la pile: 22
Nombre de Tile traversees: 4233  Distance est: 384
Nombre de Tile ajoutees dans la pile: 22
Nombre de Tile traversees: 4234  Distance est: 384
Nombre de Tile ajoutees dans la pile: 22
Nombre de Tile traversees: 4235  Distance est: 384
Nombre de Tile ajoutees dans la pile: 22
Nombre de Tile traversees: 4236  Distance est: 384
Nombre de Tile ajoutees dans la pile: 22
Nombre de Tile traversees: 4237  Distance est: 384
Nombre de Tile ajoutees dans la pile: 22
Nombre de Tile traversees: 4238  Distance est: 384
Nombre de Tile ajoutees dans la pile: 22
Nombre de Tile traversees: 4239  Distance est: 384
Nombre de Tile ajoutees dans la pile: 22
Nombre de Tile traversees: 4240  Distance est: 384
Nombre de Tile ajoutees dans la pile: 22
Nombre de Tile traversees: 4241  Distance est: 384
Nombre de Tile ajoutees dans la pile: 22
Nombre de Tile traversees: 4242  Distance est: 384
Nombre de Tile ajoutees dans la pile: 22
Nombre de Tile traversees: 4243  Distance est: 384
Nombre de Tile ajoutees dans la pile: 22
Nombre de Tile traversees: 4244  Distance est: 384
Nombre de Tile ajoutees dans la pile: 22
Nombre de Tile traversees: 4245  Distance est: 384
Nombre de Tile ajoutees dans la pile: 22
Nombre de Tile traversees: 4246  Distance est: 384
Nombre de Tile ajoutees dans la pile: 22
Nombre de Tile traversees: 4247  Distance est: 384
Nombre de Tile ajoutees dans la pile: 22
Nombre de Tile traversees: 4248  Distance est: 384
Nombre de Tile ajoutees dans la pile: 22
Nombre de Tile traversees: 4249  Distance est: 384
Nombre de Tile ajoutees dans la pile: 23
Nombre de Tile traversees: 4250  Distance est: 385
Nombre de Tile ajoutees dans la pile: 23
Nombre de Tile traversees: 4251  Distance est: 385
Nombre de Tile ajoutees dans la pile: 23
Nombre de Tile traversees: 4252  Distance est: 385
Nombre de Tile ajoutees dans la pile: 23
Nombre de Tile traversees: 4253  Distance est: 385
Nombre de Tile ajoutees dans la pile: 22
Nombre de Tile traversees: 4254  Distance est: 385
Nombre de Tile ajoutees dans la pile: 22
Nombre de Tile traversees: 4255  Distance est: 385
Nombre de Tile ajoutees dans la pile: 21
Nombre de Tile traversees: 4256  Distance est: 385
Nombre de Tile ajoutees dans la pile: 21
Nombre de Tile traversees: 4257  Distance est: 385
Nombre de Tile ajoutees dans la pile: 21
Nombre de Tile traversees: 4258  Distance est: 385
Nombre de Tile ajoutees dans la pile: 21
Nombre de Tile traversees: 4259  Distance est: 385
Nombre de Tile ajoutees dans la pile: 21
Nombre de Tile traversees: 4260  Distance est: 385
Nombre de Tile ajoutees dans la pile: 21
Nombre de Tile traversees: 4261  Distance est: 385
Nombre de Tile ajoutees dans la pile: 21
Nombre de Tile traversees: 4262  Distance est: 385
Nombre de Tile ajoutees dans la pile: 21
Nombre de Tile traversees: 4263  Distance est: 385
Nombre de Tile ajoutees dans la pile: 21
Nombre de Tile traversees: 4264  Distance est: 385
Nombre de Tile ajoutees dans la pile: 21
Nombre de Tile traversees: 4265  Distance est: 385
Nombre de Tile ajoutees dans la pile: 21
Nombre de Tile traversees: 4266  Distance est: 385
Nombre de Tile ajoutees dans la pile: 20
Nombre de Tile traversees: 4267  Distance est: 385
Nombre de Tile ajoutees dans la pile: 20
Nombre de Tile traversees: 4268  Distance est: 385
Nombre de Tile ajoutees dans la pile: 20
Nombre de Tile traversees: 4269  Distance est: 385
Nombre de Tile ajoutees dans la pile: 20
Nombre de Tile traversees: 4270  Distance est: 385
Nombre de Tile ajoutees dans la pile: 19
Nombre de Tile traversees: 4271  Distance est: 385
Nombre de Tile ajoutees dans la pile: 20
Nombre de Tile traversees: 4272  Distance est: 385
Nombre de Tile ajoutees dans la pile: 19
Nombre de Tile traversees: 4273  Distance est: 386
Nombre de Tile ajoutees dans la pile: 19
Nombre de Tile traversees: 4274  Distance est: 386
Nombre de Tile ajoutees dans la pile: 19
Nombre de Tile traversees: 4275  Distance est: 386
Nombre de Tile ajoutees dans la pile: 20
Nombre de Tile traversees: 4276  Distance est: 386
Nombre de Tile ajoutees dans la pile: 20
Nombre de Tile traversees: 4277  Distance est: 386
Nombre de Tile ajoutees dans la pile: 20
Nombre de Tile traversees: 4278  Distance est: 386
Nombre de Tile ajoutees dans la pile: 20
Nombre de Tile traversees: 4279  Distance est: 386
Nombre de Tile ajoutees dans la pile: 20
Nombre de Tile traversees: 4280  Distance est: 386
Nombre de Tile ajoutees dans la pile: 21
Nombre de Tile traversees: 4281  Distance est: 386
Nombre de Tile ajoutees dans la pile: 21
Nombre de Tile traversees: 4282  Distance est: 386
Nombre de Tile ajoutees dans la pile: 21
Nombre de Tile traversees: 4283  Distance est: 386
Nombre de Tile ajoutees dans la pile: 21
Nombre de Tile traversees: 4284  Distance est: 386
Nombre de Tile ajoutees dans la pile: 21
Nombre de Tile traversees: 4285  Distance est: 386
Nombre de Tile ajoutees dans la pile: 21
Nombre de Tile traversees: 4286  Distance est: 386
Nombre de Tile ajoutees dans la pile: 21
Nombre de Tile traversees: 4287  Distance est: 386
Nombre de Tile ajoutees dans la pile: 21
Nombre de Tile traversees: 4288  Distance est: 386
Nombre de Tile ajoutees dans la pile: 21
Nombre de Tile traversees: 4289  Distance est: 386
Nombre de Tile ajoutees dans la pile: 21
Nombre de Tile traversees: 4290  Distance est: 386
Nombre de Tile ajoutees dans la pile: 22
Nombre de Tile traversees: 4291  Distance est: 386
Nombre de Tile ajoutees dans la pile: 21
Nombre de Tile traversees: 4292  Distance est: 387
Nombre de Tile ajoutees dans la pile: 21
Nombre de Tile traversees: 4293  Distance est: 387
Nombre de Tile ajoutees dans la pile: 21
Nombre de Tile traversees: 4294  Distance est: 387
Nombre de Tile ajoutees dans la pile: 22
Nombre de Tile traversees: 4295  Distance est: 387
Nombre de Tile ajoutees dans la pile: 21
Nombre de Tile traversees: 4296  Distance est: 387
Nombre de Tile ajoutees dans la pile: 21
Nombre de Tile traversees: 4297  Distance est: 387
Nombre de Tile ajoutees dans la pile: 22
Nombre de Tile traversees: 4298  Distance est: 387
Nombre de Tile ajoutees dans la pile: 22
Nombre de Tile traversees: 4299  Distance est: 387
Nombre de Tile ajoutees dans la pile: 22
Nombre de Tile traversees: 4300  Distance est: 387
Nombre de Tile ajoutees dans la pile: 23
Nombre de Tile traversees: 4301  Distance est: 387
Nombre de Tile ajoutees dans la pile: 22
Nombre de Tile traversees: 4302  Distance est: 387
Nombre de Tile ajoutees dans la pile: 22
Nombre de Tile traversees: 4303  Distance est: 387
Nombre de Tile ajoutees dans la pile: 22
Nombre de Tile traversees: 4304  Distance est: 387
Nombre de Tile ajoutees dans la pile: 22
Nombre de Tile traversees: 4305  Distance est: 387
Nombre de Tile ajoutees dans la pile: 22
Nombre de Tile traversees: 4306  Distance est: 387
Nombre de Tile ajoutees dans la pile: 22
Nombre de Tile traversees: 4307  Distance est: 387
Nombre de Tile ajoutees dans la pile: 22
Nombre de Tile traversees: 4308  Distance est: 387
Nombre de Tile ajoutees dans la pile: 23
Nombre de Tile traversees: 4309  Distance est: 387
Nombre de Tile ajoutees dans la pile: 23
Nombre de Tile traversees: 4310  Distance est: 387
Nombre de Tile ajoutees dans la pile: 23
Nombre de Tile traversees: 4311  Distance est: 387
Nombre de Tile ajoutees dans la pile: 23
Nombre de Tile traversees: 4312  Distance est: 387
Nombre de Tile ajoutees dans la pile: 22
Nombre de Tile traversees: 4313  Distance est: 388
Nombre de Tile ajoutees dans la pile: 23
Nombre de Tile traversees: 4314  Distance est: 388
Nombre de Tile ajoutees dans la pile: 23
Nombre de Tile traversees: 4315  Distance est: 388
Nombre de Tile ajoutees dans la pile: 24
Nombre de Tile traversees: 4316  Distance est: 388
Nombre de Tile ajoutees dans la pile: 23
Nombre de Tile traversees: 4317  Distance est: 388
Nombre de Tile ajoutees dans la pile: 23
Nombre de Tile traversees: 4318  Distance est: 388
Nombre de Tile ajoutees dans la pile: 23
Nombre de Tile traversees: 4319  Distance est: 388
Nombre de Tile ajoutees dans la pile: 23
Nombre de Tile traversees: 4320  Distance est: 388
Nombre de Tile ajoutees dans la pile: 23
Nombre de Tile traversees: 4321  Distance est: 388
Nombre de Tile ajoutees dans la pile: 23
Nombre de Tile traversees: 4322  Distance est: 388
Nombre de Tile ajoutees dans la pile: 24
Nombre de Tile traversees: 4323  Distance est: 388
Nombre de Tile ajoutees dans la pile: 23
Nombre de Tile traversees: 4324  Distance est: 388
Nombre de Tile ajoutees dans la pile: 24
Nombre de Tile traversees: 4325  Distance est: 388
Nombre de Tile ajoutees dans la pile: 24
Nombre de Tile traversees: 4326  Distance est: 388
Nombre de Tile ajoutees dans la pile: 24
Nombre de Tile traversees: 4327  Distance est: 388
Nombre de Tile ajoutees dans la pile: 24
Nombre de Tile traversees: 4328  Distance est: 388
Nombre de Tile ajoutees dans la pile: 24
Nombre de Tile traversees: 4329  Distance est: 388
Nombre de Tile ajoutees dans la pile: 24
Nombre de Tile traversees: 4330  Distance est: 388
Nombre de Tile ajoutees dans la pile: 24
Nombre de Tile traversees: 4331  Distance est: 388
Nombre de Tile ajoutees dans la pile: 25
Nombre de Tile traversees: 4332  Distance est: 388
Nombre de Tile ajoutees dans la pile: 25
Nombre de Tile traversees: 4333  Distance est: 388
Nombre de Tile ajoutees dans la pile: 25
Nombre de Tile traversees: 4334  Distance est: 388
Nombre de Tile ajoutees dans la pile: 25
Nombre de Tile traversees: 4335  Distance est: 388
Nombre de Tile ajoutees dans la pile: 25
Nombre de Tile traversees: 4336  Distance est: 389
Nombre de Tile ajoutees dans la pile: 25
Nombre de Tile traversees: 4337  Distance est: 389
Nombre de Tile ajoutees dans la pile: 25
Nombre de Tile traversees: 4338  Distance est: 389
Nombre de Tile ajoutees dans la pile: 24
Nombre de Tile traversees: 4339  Distance est: 389
Nombre de Tile ajoutees dans la pile: 23
Nombre de Tile traversees: 4340  Distance est: 389
Nombre de Tile ajoutees dans la pile: 22
Nombre de Tile traversees: 4341  Distance est: 389
Nombre de Tile ajoutees dans la pile: 22
Nombre de Tile traversees: 4342  Distance est: 389
Nombre de Tile ajoutees dans la pile: 23
Nombre de Tile traversees: 4343  Distance est: 389
Nombre de Tile ajoutees dans la pile: 23
Nombre de Tile traversees: 4344  Distance est: 389
Nombre de Tile ajoutees dans la pile: 23
Nombre de Tile traversees: 4345  Distance est: 389
Nombre de Tile ajoutees dans la pile: 22
Nombre de Tile traversees: 4346  Distance est: 389
Nombre de Tile ajoutees dans la pile: 21
Nombre de Tile traversees: 4347  Distance est: 389
Nombre de Tile ajoutees dans la pile: 22
Nombre de Tile traversees: 4348  Distance est: 389
Nombre de Tile ajoutees dans la pile: 21
Nombre de Tile traversees: 4349  Distance est: 389
Nombre de Tile ajoutees dans la pile: 21
Nombre de Tile traversees: 4350  Distance est: 389
Nombre de Tile ajoutees dans la pile: 21
Nombre de Tile traversees: 4351  Distance est: 389
Nombre de Tile ajoutees dans la pile: 21
Nombre de Tile traversees: 4352  Distance est: 389
Nombre de Tile ajoutees dans la pile: 21
Nombre de Tile traversees: 4353  Distance est: 389
Nombre de Tile ajoutees dans la pile: 21
Nombre de Tile traversees: 4354  Distance est: 389
Nombre de Tile ajoutees dans la pile: 21
Nombre de Tile traversees: 4355  Distance est: 389
Nombre de Tile ajoutees dans la pile: 22
Nombre de Tile traversees: 4356  Distance est: 389
Nombre de Tile ajoutees dans la pile: 21
Nombre de Tile traversees: 4357  Distance est: 389
Nombre de Tile ajoutees dans la pile: 20
Nombre de Tile traversees: 4358  Distance est: 389
Nombre de Tile ajoutees dans la pile: 19
Nombre de Tile traversees: 4359  Distance est: 389
Nombre de Tile ajoutees dans la pile: 19
Nombre de Tile traversees: 4360  Distance est: 389
Nombre de Tile ajoutees dans la pile: 20
Nombre de Tile traversees: 4361  Distance est: 390
Nombre de Tile ajoutees dans la pile: 20
Nombre de Tile traversees: 4362  Distance est: 390
Nombre de Tile ajoutees dans la pile: 20
Nombre de Tile traversees: 4363  Distance est: 390
Nombre de Tile ajoutees dans la pile: 20
Nombre de Tile traversees: 4364  Distance est: 390
Nombre de Tile ajoutees dans la pile: 20
Nombre de Tile traversees: 4365  Distance est: 390
Nombre de Tile ajoutees dans la pile: 21
Nombre de Tile traversees: 4366  Distance est: 390
Nombre de Tile ajoutees dans la pile: 21
Nombre de Tile traversees: 4367  Distance est: 390
Nombre de Tile ajoutees dans la pile: 21
Nombre de Tile traversees: 4368  Distance est: 390
Nombre de Tile ajoutees dans la pile: 22
Nombre de Tile traversees: 4369  Distance est: 390
Nombre de Tile ajoutees dans la pile: 21
Nombre de Tile traversees: 4370  Distance est: 390
Nombre de Tile ajoutees dans la pile: 21
Nombre de Tile traversees: 4371  Distance est: 390
Nombre de Tile ajoutees dans la pile: 21
Nombre de Tile traversees: 4372  Distance est: 390
Nombre de Tile ajoutees dans la pile: 21
Nombre de Tile traversees: 4373  Distance est: 390
Nombre de Tile ajoutees dans la pile: 21
Nombre de Tile traversees: 4374  Distance est: 390
Nombre de Tile ajoutees dans la pile: 21
Nombre de Tile traversees: 4375  Distance est: 390
Nombre de Tile ajoutees dans la pile: 21
Nombre de Tile traversees: 4376  Distance est: 390
Nombre de Tile ajoutees dans la pile: 22
Nombre de Tile traversees: 4377  Distance est: 390
Nombre de Tile ajoutees dans la pile: 21
Nombre de Tile traversees: 4378  Distance est: 390
Nombre de Tile ajoutees dans la pile: 21
Nombre de Tile traversees: 4379  Distance est: 390
Nombre de Tile ajoutees dans la pile: 21
Nombre de Tile traversees: 4380  Distance est: 390
Nombre de Tile ajoutees dans la pile: 21
Nombre de Tile traversees: 4381  Distance est: 391
Nombre de Tile ajoutees dans la pile: 21
Nombre de Tile traversees: 4382  Distance est: 391
Nombre de Tile ajoutees dans la pile: 21
Nombre de Tile traversees: 4383  Distance est: 391
Nombre de Tile ajoutees dans la pile: 21
Nombre de Tile traversees: 4384  Distance est: 391
Nombre de Tile ajoutees dans la pile: 20
Nombre de Tile traversees: 4385  Distance est: 391
Nombre de Tile ajoutees dans la pile: 21
Nombre de Tile traversees: 4386  Distance est: 391
Nombre de Tile ajoutees dans la pile: 20
Nombre de Tile traversees: 4387  Distance est: 391
Nombre de Tile ajoutees dans la pile: 20
Nombre de Tile traversees: 4388  Distance est: 391
Nombre de Tile ajoutees dans la pile: 20
Nombre de Tile traversees: 4389  Distance est: 391
Nombre de Tile ajoutees dans la pile: 20
Nombre de Tile traversees: 4390  Distance est: 391
Nombre de Tile ajoutees dans la pile: 19
Nombre de Tile traversees: 4391  Distance est: 391
Nombre de Tile ajoutees dans la pile: 18
Nombre de Tile traversees: 4392  Distance est: 391
Nombre de Tile ajoutees dans la pile: 18
Nombre de Tile traversees: 4393  Distance est: 391
Nombre de Tile ajoutees dans la pile: 18
Nombre de Tile traversees: 4394  Distance est: 391
Nombre de Tile ajoutees dans la pile: 18
Nombre de Tile traversees: 4395  Distance est: 391
Nombre de Tile ajoutees dans la pile: 18
Nombre de Tile traversees: 4396  Distance est: 391
Nombre de Tile ajoutees dans la pile: 18
Nombre de Tile traversees: 4397  Distance est: 391
Nombre de Tile ajoutees dans la pile: 17
Nombre de Tile traversees: 4398  Distance est: 391
Nombre de Tile ajoutees dans la pile: 17
Nombre de Tile traversees: 4399  Distance est: 391
Nombre de Tile ajoutees dans la pile: 17
Nombre de Tile traversees: 4400  Distance est: 391
Nombre de Tile ajoutees dans la pile: 17
Nombre de Tile traversees: 4401  Distance est: 391
Nombre de Tile ajoutees dans la pile: 16
Nombre de Tile traversees: 4402  Distance est: 392
Nombre de Tile ajoutees dans la pile: 16
Nombre de Tile traversees: 4403  Distance est: 392
Nombre de Tile ajoutees dans la pile: 16
Nombre de Tile traversees: 4404  Distance est: 392
Nombre de Tile ajoutees dans la pile: 16
Nombre de Tile traversees: 4405  Distance est: 392
Nombre de Tile ajoutees dans la pile: 17
Nombre de Tile traversees: 4406  Distance est: 392
Nombre de Tile ajoutees dans la pile: 16
Nombre de Tile traversees: 4407  Distance est: 392
Nombre de Tile ajoutees dans la pile: 16
Nombre de Tile traversees: 4408  Distance est: 392
Nombre de Tile ajoutees dans la pile: 16
Nombre de Tile traversees: 4409  Distance est: 392
Nombre de Tile ajoutees dans la pile: 16
Nombre de Tile traversees: 4410  Distance est: 392
Nombre de Tile ajoutees dans la pile: 16
Nombre de Tile traversees: 4411  Distance est: 392
Nombre de Tile ajoutees dans la pile: 16
Nombre de Tile traversees: 4412  Distance est: 392
Nombre de Tile ajoutees dans la pile: 17
Nombre de Tile traversees: 4413  Distance est: 392
Nombre de Tile ajoutees dans la pile: 17
Nombre de Tile traversees: 4414  Distance est: 392
Nombre de Tile ajoutees dans la pile: 18
Nombre de Tile traversees: 4415  Distance est: 392
Nombre de Tile ajoutees dans la pile: 18
Nombre de Tile traversees: 4416  Distance est: 392
Nombre de Tile ajoutees dans la pile: 18
Nombre de Tile traversees: 4417  Distance est: 392
Nombre de Tile ajoutees dans la pile: 19
Nombre de Tile traversees: 4418  Distance est: 393
Nombre de Tile ajoutees dans la pile: 19
Nombre de Tile traversees: 4419  Distance est: 393
Nombre de Tile ajoutees dans la pile: 19
Nombre de Tile traversees: 4420  Distance est: 393
Nombre de Tile ajoutees dans la pile: 19
Nombre de Tile traversees: 4421  Distance est: 393
Nombre de Tile ajoutees dans la pile: 18
Nombre de Tile traversees: 4422  Distance est: 393
Nombre de Tile ajoutees dans la pile: 18
Nombre de Tile traversees: 4423  Distance est: 393
Nombre de Tile ajoutees dans la pile: 18
Nombre de Tile traversees: 4424  Distance est: 393
Nombre de Tile ajoutees dans la pile: 18
Nombre de Tile traversees: 4425  Distance est: 393
Nombre de Tile ajoutees dans la pile: 19
Nombre de Tile traversees: 4426  Distance est: 393
Nombre de Tile ajoutees dans la pile: 19
Nombre de Tile traversees: 4427  Distance est: 393
Nombre de Tile ajoutees dans la pile: 19
Nombre de Tile traversees: 4428  Distance est: 393
Nombre de Tile ajoutees dans la pile: 20
Nombre de Tile traversees: 4429  Distance est: 393
Nombre de Tile ajoutees dans la pile: 19
Nombre de Tile traversees: 4430  Distance est: 393
Nombre de Tile ajoutees dans la pile: 19
Nombre de Tile traversees: 4431  Distance est: 393
Nombre de Tile ajoutees dans la pile: 20
Nombre de Tile traversees: 4432  Distance est: 393
Nombre de Tile ajoutees dans la pile: 19
Nombre de Tile traversees: 4433  Distance est: 393
Nombre de Tile ajoutees dans la pile: 20
Nombre de Tile traversees: 4434  Distance est: 393
Nombre de Tile ajoutees dans la pile: 20
Nombre de Tile traversees: 4435  Distance est: 393
Nombre de Tile ajoutees dans la pile: 21
Nombre de Tile traversees: 4436  Distance est: 393
Nombre de Tile ajoutees dans la pile: 20
Nombre de Tile traversees: 4437  Distance est: 394
Nombre de Tile ajoutees dans la pile: 20
Nombre de Tile traversees: 4438  Distance est: 394
Nombre de Tile ajoutees dans la pile: 20
Nombre de Tile traversees: 4439  Distance est: 394
Nombre de Tile ajoutees dans la pile: 20
Nombre de Tile traversees: 4440  Distance est: 394
Nombre de Tile ajoutees dans la pile: 20
Nombre de Tile traversees: 4441  Distance est: 394
Nombre de Tile ajoutees dans la pile: 20
Nombre de Tile traversees: 4442  Distance est: 394
Nombre de Tile ajoutees dans la pile: 20
Nombre de Tile traversees: 4443  Distance est: 394
Nombre de Tile ajoutees dans la pile: 20
Nombre de Tile traversees: 4444  Distance est: 394
Nombre de Tile ajoutees dans la pile: 20
Nombre de Tile traversees: 4445  Distance est: 394
Nombre de Tile ajoutees dans la pile: 20
Nombre de Tile traversees: 4446  Distance est: 394
Nombre de Tile ajoutees dans la pile: 20
Nombre de Tile traversees: 4447  Distance est: 394
Nombre de Tile ajoutees dans la pile: 21
Nombre de Tile traversees: 4448  Distance est: 394
Nombre de Tile ajoutees dans la pile: 20
Nombre de Tile traversees: 4449  Distance est: 394
Nombre de Tile ajoutees dans la pile: 20
Nombre de Tile traversees: 4450  Distance est: 394
Nombre de Tile ajoutees dans la pile: 21
Nombre de Tile traversees: 4451  Distance est: 394
Nombre de Tile ajoutees dans la pile: 20
Nombre de Tile traversees: 4452  Distance est: 394
Nombre de Tile ajoutees dans la pile: 20
Nombre de Tile traversees: 4453  Distance est: 394
Nombre de Tile ajoutees dans la pile: 20
Nombre de Tile traversees: 4454  Distance est: 394
Nombre de Tile ajoutees dans la pile: 20
Nombre de Tile traversees: 4455  Distance est: 394
Nombre de Tile ajoutees dans la pile: 21
Nombre de Tile traversees: 4456  Distance est: 394
Nombre de Tile ajoutees dans la pile: 20
Nombre de Tile traversees: 4457  Distance est: 395
Nombre de Tile ajoutees dans la pile: 20
Nombre de Tile traversees: 4458  Distance est: 395
Nombre de Tile ajoutees dans la pile: 20
Nombre de Tile traversees: 4459  Distance est: 395
Nombre de Tile ajoutees dans la pile: 20
Nombre de Tile traversees: 4460  Distance est: 395
Nombre de Tile ajoutees dans la pile: 20
Nombre de Tile traversees: 4461  Distance est: 395
Nombre de Tile ajoutees dans la pile: 20
Nombre de Tile traversees: 4462  Distance est: 395
Nombre de Tile ajoutees dans la pile: 20
Nombre de Tile traversees: 4463  Distance est: 395
Nombre de Tile ajoutees dans la pile: 20
Nombre de Tile traversees: 4464  Distance est: 395
Nombre de Tile ajoutees dans la pile: 20
Nombre de Tile traversees: 4465  Distance est: 395
Nombre de Tile ajoutees dans la pile: 20
Nombre de Tile traversees: 4466  Distance est: 395
Nombre de Tile ajoutees dans la pile: 19
Nombre de Tile traversees: 4467  Distance est: 395
Nombre de Tile ajoutees dans la pile: 19
Nombre de Tile traversees: 4468  Distance est: 395
Nombre de Tile ajoutees dans la pile: 19
Nombre de Tile traversees: 4469  Distance est: 395
Nombre de Tile ajoutees dans la pile: 19
Nombre de Tile traversees: 4470  Distance est: 395
Nombre de Tile ajoutees dans la pile: 20
Nombre de Tile traversees: 4471  Distance est: 395
Nombre de Tile ajoutees dans la pile: 19
Nombre de Tile traversees: 4472  Distance est: 395
Nombre de Tile ajoutees dans la pile: 19
Nombre de Tile traversees: 4473  Distance est: 395
Nombre de Tile ajoutees dans la pile: 18
Nombre de Tile traversees: 4474  Distance est: 395
Nombre de Tile ajoutees dans la pile: 18
Nombre de Tile traversees: 4475  Distance est: 395
Nombre de Tile ajoutees dans la pile: 18
Nombre de Tile traversees: 4476  Distance est: 395
Nombre de Tile ajoutees dans la pile: 17
Nombre de Tile traversees: 4477  Distance est: 396
Nombre de Tile ajoutees dans la pile: 17
Nombre de Tile traversees: 4478  Distance est: 396
Nombre de Tile ajoutees dans la pile: 17
Nombre de Tile traversees: 4479  Distance est: 396
Nombre de Tile ajoutees dans la pile: 17
Nombre de Tile traversees: 4480  Distance est: 396
Nombre de Tile ajoutees dans la pile: 17
Nombre de Tile traversees: 4481  Distance est: 396
Nombre de Tile ajoutees dans la pile: 17
Nombre de Tile traversees: 4482  Distance est: 396
Nombre de Tile ajoutees dans la pile: 17
Nombre de Tile traversees: 4483  Distance est: 396
Nombre de Tile ajoutees dans la pile: 17
Nombre de Tile traversees: 4484  Distance est: 396
Nombre de Tile ajoutees dans la pile: 17
Nombre de Tile traversees: 4485  Distance est: 396
Nombre de Tile ajoutees dans la pile: 17
Nombre de Tile traversees: 4486  Distance est: 396
Nombre de Tile ajoutees dans la pile: 17
Nombre de Tile traversees: 4487  Distance est: 396
Nombre de Tile ajoutees dans la pile: 17
Nombre de Tile traversees: 4488  Distance est: 396
Nombre de Tile ajoutees dans la pile: 17
Nombre de Tile traversees: 4489  Distance est: 396
Nombre de Tile ajoutees dans la pile: 17
Nombre de Tile traversees: 4490  Distance est: 396
Nombre de Tile ajoutees dans la pile: 17
Nombre de Tile traversees: 4491  Distance est: 396
Nombre de Tile ajoutees dans la pile: 17
Nombre de Tile traversees: 4492  Distance est: 396
Nombre de Tile ajoutees dans la pile: 17
Nombre de Tile traversees: 4493  Distance est: 396
Nombre de Tile ajoutees dans la pile: 17
Nombre de Tile traversees: 4494  Distance est: 397
Nombre de Tile ajoutees dans la pile: 17
Nombre de Tile traversees: 4495  Distance est: 397
Nombre de Tile ajoutees dans la pile: 17
Nombre de Tile traversees: 4496  Distance est: 397
Nombre de Tile ajoutees dans la pile: 17
Nombre de Tile traversees: 4497  Distance est: 397
Nombre de Tile ajoutees dans la pile: 17
Nombre de Tile traversees: 4498  Distance est: 397
Nombre de Tile ajoutees dans la pile: 17
Nombre de Tile traversees: 4499  Distance est: 397
Nombre de Tile ajoutees dans la pile: 17
Nombre de Tile traversees: 4500  Distance est: 397
Nombre de Tile ajoutees dans la pile: 17
Nombre de Tile traversees: 4501  Distance est: 397
Nombre de Tile ajoutees dans la pile: 17
Nombre de Tile traversees: 4502  Distance est: 397
Nombre de Tile ajoutees dans la pile: 18
Nombre de Tile traversees: 4503  Distance est: 397
Nombre de Tile ajoutees dans la pile: 17
Nombre de Tile traversees: 4504  Distance est: 397
Nombre de Tile ajoutees dans la pile: 17
Nombre de Tile traversees: 4505  Distance est: 397
Nombre de Tile ajoutees dans la pile: 17
Nombre de Tile traversees: 4506  Distance est: 397
Nombre de Tile ajoutees dans la pile: 17
Nombre de Tile traversees: 4507  Distance est: 397
Nombre de Tile ajoutees dans la pile: 16
Nombre de Tile traversees: 4508  Distance est: 397
Nombre de Tile ajoutees dans la pile: 17
Nombre de Tile traversees: 4509  Distance est: 397
Nombre de Tile ajoutees dans la pile: 17
Nombre de Tile traversees: 4510  Distance est: 397
Nombre de Tile ajoutees dans la pile: 17
Nombre de Tile traversees: 4511  Distance est: 398
Nombre de Tile ajoutees dans la pile: 17
Nombre de Tile traversees: 4512  Distance est: 398
Nombre de Tile ajoutees dans la pile: 17
Nombre de Tile traversees: 4513  Distance est: 398
Nombre de Tile ajoutees dans la pile: 17
Nombre de Tile traversees: 4514  Distance est: 398
Nombre de Tile ajoutees dans la pile: 17
Nombre de Tile traversees: 4515  Distance est: 398
Nombre de Tile ajoutees dans la pile: 17
Nombre de Tile traversees: 4516  Distance est: 398
Nombre de Tile ajoutees dans la pile: 17
Nombre de Tile traversees: 4517  Distance est: 398
Nombre de Tile ajoutees dans la pile: 17
Nombre de Tile traversees: 4518  Distance est: 398
Nombre de Tile ajoutees dans la pile: 17
Nombre de Tile traversees: 4519  Distance est: 398
Nombre de Tile ajoutees dans la pile: 17
Nombre de Tile traversees: 4520  Distance est: 398
Nombre de Tile ajoutees dans la pile: 17
Nombre de Tile traversees: 4521  Distance est: 398
Nombre de Tile ajoutees dans la pile: 17
Nombre de Tile traversees: 4522  Distance est: 398
Nombre de Tile ajoutees dans la pile: 17
Nombre de Tile traversees: 4523  Distance est: 398
Nombre de Tile ajoutees dans la pile: 17
Nombre de Tile traversees: 4524  Distance est: 398
Nombre de Tile ajoutees dans la pile: 17
Nombre de Tile traversees: 4525  Distance est: 398
Nombre de Tile ajoutees dans la pile: 18
Nombre de Tile traversees: 4526  Distance est: 398
Nombre de Tile ajoutees dans la pile: 18
Nombre de Tile traversees: 4527  Distance est: 398
Nombre de Tile ajoutees dans la pile: 18
Nombre de Tile traversees: 4528  Distance est: 399
Nombre de Tile ajoutees dans la pile: 18
Nombre de Tile traversees: 4529  Distance est: 399
Nombre de Tile ajoutees dans la pile: 18
Nombre de Tile traversees: 4530  Distance est: 399
Nombre de Tile ajoutees dans la pile: 18
Nombre de Tile traversees: 4531  Distance est: 399
Nombre de Tile ajoutees dans la pile: 18
Nombre de Tile traversees: 4532  Distance est: 399
Nombre de Tile ajoutees dans la pile: 17
Nombre de Tile traversees: 4533  Distance est: 399
Nombre de Tile ajoutees dans la pile: 17
Nombre de Tile traversees: 4534  Distance est: 399
Nombre de Tile ajoutees dans la pile: 17
Nombre de Tile traversees: 4535  Distance est: 399
Nombre de Tile ajoutees dans la pile: 17
Nombre de Tile traversees: 4536  Distance est: 399
Nombre de Tile ajoutees dans la pile: 18
Nombre de Tile traversees: 4537  Distance est: 399
Nombre de Tile ajoutees dans la pile: 18
Nombre de Tile traversees: 4538  Distance est: 399
Nombre de Tile ajoutees dans la pile: 18
Nombre de Tile traversees: 4539  Distance est: 399
Nombre de Tile ajoutees dans la pile: 18
Nombre de Tile traversees: 4540  Distance est: 399
Nombre de Tile ajoutees dans la pile: 18
Nombre de Tile traversees: 4541  Distance est: 399
Nombre de Tile ajoutees dans la pile: 17
Nombre de Tile traversees: 4542  Distance est: 399
Nombre de Tile ajoutees dans la pile: 18
Nombre de Tile traversees: 4543  Distance est: 399
Nombre de Tile ajoutees dans la pile: 17
Nombre de Tile traversees: 4544  Distance est: 399
Nombre de Tile ajoutees dans la pile: 17
Nombre de Tile traversees: 4545  Distance est: 399
Nombre de Tile ajoutees dans la pile: 17
Nombre de Tile traversees: 4546  Distance est: 400
Nombre de Tile ajoutees dans la pile: 16
Nombre de Tile traversees: 4547  Distance est: 400
Nombre de Tile ajoutees dans la pile: 16
Nombre de Tile traversees: 4548  Distance est: 400
Nombre de Tile ajoutees dans la pile: 16
Nombre de Tile traversees: 4549  Distance est: 400
Nombre de Tile ajoutees dans la pile: 16
Nombre de Tile traversees: 4550  Distance est: 400
Nombre de Tile ajoutees dans la pile: 16
Nombre de Tile traversees: 4551  Distance est: 400
Nombre de Tile ajoutees dans la pile: 16
Nombre de Tile traversees: 4552  Distance est: 400
Nombre de Tile ajoutees dans la pile: 16
Nombre de Tile traversees: 4553  Distance est: 400
Nombre de Tile ajoutees dans la pile: 16
Nombre de Tile traversees: 4554  Distance est: 400
Nombre de Tile ajoutees dans la pile: 16
Nombre de Tile traversees: 4555  Distance est: 400
Nombre de Tile ajoutees dans la pile: 16
Nombre de Tile traversees: 4556  Distance est: 400
Nombre de Tile ajoutees dans la pile: 16
Nombre de Tile traversees: 4557  Distance est: 400
Nombre de Tile ajoutees dans la pile: 16
Nombre de Tile traversees: 4558  Distance est: 400
Nombre de Tile ajoutees dans la pile: 16
Nombre de Tile traversees: 4559  Distance est: 400
Nombre de Tile ajoutees dans la pile: 17
Nombre de Tile traversees: 4560  Distance est: 400
Nombre de Tile ajoutees dans la pile: 16
Nombre de Tile traversees: 4561  Distance est: 400
Nombre de Tile ajoutees dans la pile: 16
Nombre de Tile traversees: 4562  Distance est: 401
Nombre de Tile ajoutees dans la pile: 16
Nombre de Tile traversees: 4563  Distance est: 401
Nombre de Tile ajoutees dans la pile: 16
Nombre de Tile traversees: 4564  Distance est: 401
Nombre de Tile ajoutees dans la pile: 16
Nombre de Tile traversees: 4565  Distance est: 401
Nombre de Tile ajoutees dans la pile: 16
Nombre de Tile traversees: 4566  Distance est: 401
Nombre de Tile ajoutees dans la pile: 16
Nombre de Tile traversees: 4567  Distance est: 401
Nombre de Tile ajoutees dans la pile: 16
Nombre de Tile traversees: 4568  Distance est: 401
Nombre de Tile ajoutees dans la pile: 16
Nombre de Tile traversees: 4569  Distance est: 401
Nombre de Tile ajoutees dans la pile: 16
Nombre de Tile traversees: 4570  Distance est: 401
Nombre de Tile ajoutees dans la pile: 15
Nombre de Tile traversees: 4571  Distance est: 401
Nombre de Tile ajoutees dans la pile: 15
Nombre de Tile traversees: 4572  Distance est: 401
Nombre de Tile ajoutees dans la pile: 15
Nombre de Tile traversees: 4573  Distance est: 401
Nombre de Tile ajoutees dans la pile: 15
Nombre de Tile traversees: 4574  Distance est: 401
Nombre de Tile ajoutees dans la pile: 15
Nombre de Tile traversees: 4575  Distance est: 401
Nombre de Tile ajoutees dans la pile: 15
Nombre de Tile traversees: 4576  Distance est: 401
Nombre de Tile ajoutees dans la pile: 15
Nombre de Tile traversees: 4577  Distance est: 401
Nombre de Tile ajoutees dans la pile: 15
Nombre de Tile traversees: 4578  Distance est: 402
Nombre de Tile ajoutees dans la pile: 15
Nombre de Tile traversees: 4579  Distance est: 402
Nombre de Tile ajoutees dans la pile: 15
Nombre de Tile traversees: 4580  Distance est: 402
Nombre de Tile ajoutees dans la pile: 15
Nombre de Tile traversees: 4581  Distance est: 402
Nombre de Tile ajoutees dans la pile: 15
Nombre de Tile traversees: 4582  Distance est: 402
Nombre de Tile ajoutees dans la pile: 15
Nombre de Tile traversees: 4583  Distance est: 402
Nombre de Tile ajoutees dans la pile: 15
Nombre de Tile traversees: 4584  Distance est: 402
Nombre de Tile ajoutees dans la pile: 15
Nombre de Tile traversees: 4585  Distance est: 402
Nombre de Tile ajoutees dans la pile: 16
Nombre de Tile traversees: 4586  Distance est: 402
Nombre de Tile ajoutees dans la pile: 16
Nombre de Tile traversees: 4587  Distance est: 402
Nombre de Tile ajoutees dans la pile: 17
Nombre de Tile traversees: 4588  Distance est: 402
Nombre de Tile ajoutees dans la pile: 17
Nombre de Tile traversees: 4589  Distance est: 402
Nombre de Tile ajoutees dans la pile: 17
Nombre de Tile traversees: 4590  Distance est: 402
Nombre de Tile ajoutees dans la pile: 17
Nombre de Tile traversees: 4591  Distance est: 402
Nombre de Tile ajoutees dans la pile: 17
Nombre de Tile traversees: 4592  Distance est: 402
Nombre de Tile ajoutees dans la pile: 17
Nombre de Tile traversees: 4593  Distance est: 403
Nombre de Tile ajoutees dans la pile: 18
Nombre de Tile traversees: 4594  Distance est: 403
Nombre de Tile ajoutees dans la pile: 18
Nombre de Tile traversees: 4595  Distance est: 403
Nombre de Tile ajoutees dans la pile: 18
Nombre de Tile traversees: 4596  Distance est: 403
Nombre de Tile ajoutees dans la pile: 18
Nombre de Tile traversees: 4597  Distance est: 403
Nombre de Tile ajoutees dans la pile: 18
Nombre de Tile traversees: 4598  Distance est: 403
Nombre de Tile ajoutees dans la pile: 18
Nombre de Tile traversees: 4599  Distance est: 403
Nombre de Tile ajoutees dans la pile: 18
Nombre de Tile traversees: 4600  Distance est: 403
Nombre de Tile ajoutees dans la pile: 19
Nombre de Tile traversees: 4601  Distance est: 403
Nombre de Tile ajoutees dans la pile: 18
Nombre de Tile traversees: 4602  Distance est: 403
Nombre de Tile ajoutees dans la pile: 18
Nombre de Tile traversees: 4603  Distance est: 403
Nombre de Tile ajoutees dans la pile: 19
Nombre de Tile traversees: 4604  Distance est: 403
Nombre de Tile ajoutees dans la pile: 18
Nombre de Tile traversees: 4605  Distance est: 403
Nombre de Tile ajoutees dans la pile: 18
Nombre de Tile traversees: 4606  Distance est: 403
Nombre de Tile ajoutees dans la pile: 17
Nombre de Tile traversees: 4607  Distance est: 403
Nombre de Tile ajoutees dans la pile: 17
Nombre de Tile traversees: 4608  Distance est: 403
Nombre de Tile ajoutees dans la pile: 17
Nombre de Tile traversees: 4609  Distance est: 403
Nombre de Tile ajoutees dans la pile: 18
Nombre de Tile traversees: 4610  Distance est: 403
Nombre de Tile ajoutees dans la pile: 19
Nombre de Tile traversees: 4611  Distance est: 404
Nombre de Tile ajoutees dans la pile: 18
Nombre de Tile traversees: 4612  Distance est: 404
Nombre de Tile ajoutees dans la pile: 19
Nombre de Tile traversees: 4613  Distance est: 404
Nombre de Tile ajoutees dans la pile: 19
Nombre de Tile traversees: 4614  Distance est: 404
Nombre de Tile ajoutees dans la pile: 19
Nombre de Tile traversees: 4615  Distance est: 404
Nombre de Tile ajoutees dans la pile: 19
Nombre de Tile traversees: 4616  Distance est: 404
Nombre de Tile ajoutees dans la pile: 19
Nombre de Tile traversees: 4617  Distance est: 404
Nombre de Tile ajoutees dans la pile: 19
Nombre de Tile traversees: 4618  Distance est: 404
Nombre de Tile ajoutees dans la pile: 20
Nombre de Tile traversees: 4619  Distance est: 404
Nombre de Tile ajoutees dans la pile: 19
Nombre de Tile traversees: 4620  Distance est: 404
Nombre de Tile ajoutees dans la pile: 20
Nombre de Tile traversees: 4621  Distance est: 404
Nombre de Tile ajoutees dans la pile: 21
Nombre de Tile traversees: 4622  Distance est: 404
Nombre de Tile ajoutees dans la pile: 20
Nombre de Tile traversees: 4623  Distance est: 404
Nombre de Tile ajoutees dans la pile: 20
Nombre de Tile traversees: 4624  Distance est: 404
Nombre de Tile ajoutees dans la pile: 20
Nombre de Tile traversees: 4625  Distance est: 404
Nombre de Tile ajoutees dans la pile: 20
Nombre de Tile traversees: 4626  Distance est: 404
Nombre de Tile ajoutees dans la pile: 21
Nombre de Tile traversees: 4627  Distance est: 404
Nombre de Tile ajoutees dans la pile: 21
Nombre de Tile traversees: 4628  Distance est: 404
Nombre de Tile ajoutees dans la pile: 22
Nombre de Tile traversees: 4629  Distance est: 405
Nombre de Tile ajoutees dans la pile: 21
Nombre de Tile traversees: 4630  Distance est: 405
Nombre de Tile ajoutees dans la pile: 22
Nombre de Tile traversees: 4631  Distance est: 405
Nombre de Tile ajoutees dans la pile: 21
Nombre de Tile traversees: 4632  Distance est: 405
Nombre de Tile ajoutees dans la pile: 21
Nombre de Tile traversees: 4633  Distance est: 405
Nombre de Tile ajoutees dans la pile: 21
Nombre de Tile traversees: 4634  Distance est: 405
Nombre de Tile ajoutees dans la pile: 21
Nombre de Tile traversees: 4635  Distance est: 405
Nombre de Tile ajoutees dans la pile: 21
Nombre de Tile traversees: 4636  Distance est: 405
Nombre de Tile ajoutees dans la pile: 21
Nombre de Tile traversees: 4637  Distance est: 405
Nombre de Tile ajoutees dans la pile: 21
Nombre de Tile traversees: 4638  Distance est: 405
Nombre de Tile ajoutees dans la pile: 20
Nombre de Tile traversees: 4639  Distance est: 405
Nombre de Tile ajoutees dans la pile: 21
Nombre de Tile traversees: 4640  Distance est: 405
Nombre de Tile ajoutees dans la pile: 20
Nombre de Tile traversees: 4641  Distance est: 405
Nombre de Tile ajoutees dans la pile: 21
Nombre de Tile traversees: 4642  Distance est: 405
Nombre de Tile ajoutees dans la pile: 20
Nombre de Tile traversees: 4643  Distance est: 405
Nombre de Tile ajoutees dans la pile: 20
Nombre de Tile traversees: 4644  Distance est: 405
Nombre de Tile ajoutees dans la pile: 20
Nombre de Tile traversees: 4645  Distance est: 405
Nombre de Tile ajoutees dans la pile: 20
Nombre de Tile traversees: 4646  Distance est: 405
Nombre de Tile ajoutees dans la pile: 20
Nombre de Tile traversees: 4647  Distance est: 405
Nombre de Tile ajoutees dans la pile: 19
Nombre de Tile traversees: 4648  Distance est: 405
Nombre de Tile ajoutees dans la pile: 19
Nombre de Tile traversees: 4649  Distance est: 405
Nombre de Tile ajoutees dans la pile: 19
Nombre de Tile traversees: 4650  Distance est: 406
Nombre de Tile ajoutees dans la pile: 18
Nombre de Tile traversees: 4651  Distance est: 406
Nombre de Tile ajoutees dans la pile: 19
Nombre de Tile traversees: 4652  Distance est: 406
Nombre de Tile ajoutees dans la pile: 18
Nombre de Tile traversees: 4653  Distance est: 406
Nombre de Tile ajoutees dans la pile: 18
Nombre de Tile traversees: 4654  Distance est: 406
Nombre de Tile ajoutees dans la pile: 18
Nombre de Tile traversees: 4655  Distance est: 406
Nombre de Tile ajoutees dans la pile: 18
Nombre de Tile traversees: 4656  Distance est: 406
Nombre de Tile ajoutees dans la pile: 18
Nombre de Tile traversees: 4657  Distance est: 406
Nombre de Tile ajoutees dans la pile: 18
Nombre de Tile traversees: 4658  Distance est: 406
Nombre de Tile ajoutees dans la pile: 18
Nombre de Tile traversees: 4659  Distance est: 406
Nombre de Tile ajoutees dans la pile: 19
Nombre de Tile traversees: 4660  Distance est: 406
Nombre de Tile ajoutees dans la pile: 18
Nombre de Tile traversees: 4661  Distance est: 406
Nombre de Tile ajoutees dans la pile: 18
Nombre de Tile traversees: 4662  Distance est: 406
Nombre de Tile ajoutees dans la pile: 18
Nombre de Tile traversees: 4663  Distance est: 406
Nombre de Tile ajoutees dans la pile: 18
Nombre de Tile traversees: 4664  Distance est: 406
Nombre de Tile ajoutees dans la pile: 18
Nombre de Tile traversees: 4665  Distance est: 406
Nombre de Tile ajoutees dans la pile: 18
Nombre de Tile traversees: 4666  Distance est: 406
Nombre de Tile ajoutees dans la pile: 18
Nombre de Tile traversees: 4667  Distance est: 406
Nombre de Tile ajoutees dans la pile: 18
Nombre de Tile traversees: 4668  Distance est: 407
Nombre de Tile ajoutees dans la pile: 18
Nombre de Tile traversees: 4669  Distance est: 407
Nombre de Tile ajoutees dans la pile: 17
Nombre de Tile traversees: 4670  Distance est: 407
Nombre de Tile ajoutees dans la pile: 16
Nombre de Tile traversees: 4671  Distance est: 407
Nombre de Tile ajoutees dans la pile: 16
Nombre de Tile traversees: 4672  Distance est: 407
Nombre de Tile ajoutees dans la pile: 16
Nombre de Tile traversees: 4673  Distance est: 407
Nombre de Tile ajoutees dans la pile: 16
Nombre de Tile traversees: 4674  Distance est: 407
Nombre de Tile ajoutees dans la pile: 17
Nombre de Tile traversees: 4675  Distance est: 407
Nombre de Tile ajoutees dans la pile: 17
Nombre de Tile traversees: 4676  Distance est: 407
Nombre de Tile ajoutees dans la pile: 17
Nombre de Tile traversees: 4677  Distance est: 407
Nombre de Tile ajoutees dans la pile: 17
Nombre de Tile traversees: 4678  Distance est: 407
Nombre de Tile ajoutees dans la pile: 17
Nombre de Tile traversees: 4679  Distance est: 407
Nombre de Tile ajoutees dans la pile: 17
Nombre de Tile traversees: 4680  Distance est: 407
Nombre de Tile ajoutees dans la pile: 17
Nombre de Tile traversees: 4681  Distance est: 407
Nombre de Tile ajoutees dans la pile: 17
Nombre de Tile traversees: 4682  Distance est: 407
Nombre de Tile ajoutees dans la pile: 17
Nombre de Tile traversees: 4683  Distance est: 407
Nombre de Tile ajoutees dans la pile: 17
Nombre de Tile traversees: 4684  Distance est: 407
Nombre de Tile ajoutees dans la pile: 17
Nombre de Tile traversees: 4685  Distance est: 407
Nombre de Tile ajoutees dans la pile: 17
Nombre de Tile traversees: 4686  Distance est: 408
Nombre de Tile ajoutees dans la pile: 17
Nombre de Tile traversees: 4687  Distance est: 408
Nombre de Tile ajoutees dans la pile: 18
Nombre de Tile traversees: 4688  Distance est: 408
Nombre de Tile ajoutees dans la pile: 18
Nombre de Tile traversees: 4689  Distance est: 408
Nombre de Tile ajoutees dans la pile: 18
Nombre de Tile traversees: 4690  Distance est: 408
Nombre de Tile ajoutees dans la pile: 18
Nombre de Tile traversees: 4691  Distance est: 408
Nombre de Tile ajoutees dans la pile: 18
Nombre de Tile traversees: 4692  Distance est: 408
Nombre de Tile ajoutees dans la pile: 18
Nombre de Tile traversees: 4693  Distance est: 408
Nombre de Tile ajoutees dans la pile: 18
Nombre de Tile traversees: 4694  Distance est: 408
Nombre de Tile ajoutees dans la pile: 18
Nombre de Tile traversees: 4695  Distance est: 408
Nombre de Tile ajoutees dans la pile: 18
Nombre de Tile traversees: 4696  Distance est: 408
Nombre de Tile ajoutees dans la pile: 18
Nombre de Tile traversees: 4697  Distance est: 408
Nombre de Tile ajoutees dans la pile: 18
Nombre de Tile traversees: 4698  Distance est: 408
Nombre de Tile ajoutees dans la pile: 18
Nombre de Tile traversees: 4699  Distance est: 408
Nombre de Tile ajoutees dans la pile: 18
Nombre de Tile traversees: 4700  Distance est: 408
Nombre de Tile ajoutees dans la pile: 18
Nombre de Tile traversees: 4701  Distance est: 408
Nombre de Tile ajoutees dans la pile: 18
Nombre de Tile traversees: 4702  Distance est: 408
Nombre de Tile ajoutees dans la pile: 18
Nombre de Tile traversees: 4703  Distance est: 409
Nombre de Tile ajoutees dans la pile: 18
Nombre de Tile traversees: 4704  Distance est: 409
Nombre de Tile ajoutees dans la pile: 19
Nombre de Tile traversees: 4705  Distance est: 409
Nombre de Tile ajoutees dans la pile: 19
Nombre de Tile traversees: 4706  Distance est: 409
Nombre de Tile ajoutees dans la pile: 19
Nombre de Tile traversees: 4707  Distance est: 409
Nombre de Tile ajoutees dans la pile: 19
Nombre de Tile traversees: 4708  Distance est: 409
Nombre de Tile ajoutees dans la pile: 19
Nombre de Tile traversees: 4709  Distance est: 409
Nombre de Tile ajoutees dans la pile: 19
Nombre de Tile traversees: 4710  Distance est: 409
Nombre de Tile ajoutees dans la pile: 19
Nombre de Tile traversees: 4711  Distance est: 409
Nombre de Tile ajoutees dans la pile: 19
Nombre de Tile traversees: 4712  Distance est: 409
Nombre de Tile ajoutees dans la pile: 19
Nombre de Tile traversees: 4713  Distance est: 409
Nombre de Tile ajoutees dans la pile: 19
Nombre de Tile traversees: 4714  Distance est: 409
Nombre de Tile ajoutees dans la pile: 19
Nombre de Tile traversees: 4715  Distance est: 409
Nombre de Tile ajoutees dans la pile: 18
Nombre de Tile traversees: 4716  Distance est: 409
Nombre de Tile ajoutees dans la pile: 18
Nombre de Tile traversees: 4717  Distance est: 409
Nombre de Tile ajoutees dans la pile: 18
Nombre de Tile traversees: 4718  Distance est: 409
Nombre de Tile ajoutees dans la pile: 17
Nombre de Tile traversees: 4719  Distance est: 409
Nombre de Tile ajoutees dans la pile: 18
Nombre de Tile traversees: 4720  Distance est: 409
Nombre de Tile ajoutees dans la pile: 18
Nombre de Tile traversees: 4721  Distance est: 410
Nombre de Tile ajoutees dans la pile: 19
Nombre de Tile traversees: 4722  Distance est: 410
Nombre de Tile ajoutees dans la pile: 20
Nombre de Tile traversees: 4723  Distance est: 410
Nombre de Tile ajoutees dans la pile: 19
Nombre de Tile traversees: 4724  Distance est: 410
Nombre de Tile ajoutees dans la pile: 19
Nombre de Tile traversees: 4725  Distance est: 410
Nombre de Tile ajoutees dans la pile: 19
Nombre de Tile traversees: 4726  Distance est: 410
Nombre de Tile ajoutees dans la pile: 19
Nombre de Tile traversees: 4727  Distance est: 410
Nombre de Tile ajoutees dans la pile: 19
Nombre de Tile traversees: 4728  Distance est: 410
Nombre de Tile ajoutees dans la pile: 19
Nombre de Tile traversees: 4729  Distance est: 410
Nombre de Tile ajoutees dans la pile: 19
Nombre de Tile traversees: 4730  Distance est: 410
Nombre de Tile ajoutees dans la pile: 19
Nombre de Tile traversees: 4731  Distance est: 410
Nombre de Tile ajoutees dans la pile: 19
Nombre de Tile traversees: 4732  Distance est: 410
Nombre de Tile ajoutees dans la pile: 19
Nombre de Tile traversees: 4733  Distance est: 410
Nombre de Tile ajoutees dans la pile: 19
Nombre de Tile traversees: 4734  Distance est: 410
Nombre de Tile ajoutees dans la pile: 19
Nombre de Tile traversees: 4735  Distance est: 410
Nombre de Tile ajoutees dans la pile: 20
Nombre de Tile traversees: 4736  Distance est: 410
Nombre de Tile ajoutees dans la pile: 20
Nombre de Tile traversees: 4737  Distance est: 410
Nombre de Tile ajoutees dans la pile: 20
Nombre de Tile traversees: 4738  Distance est: 410
Nombre de Tile ajoutees dans la pile: 20
Nombre de Tile traversees: 4739  Distance est: 410
Nombre de Tile ajoutees dans la pile: 21
Nombre de Tile traversees: 4740  Distance est: 411
Nombre de Tile ajoutees dans la pile: 21
Nombre de Tile traversees: 4741  Distance est: 411
Nombre de Tile ajoutees dans la pile: 21
Nombre de Tile traversees: 4742  Distance est: 411
Nombre de Tile ajoutees dans la pile: 20
Nombre de Tile traversees: 4743  Distance est: 411
Nombre de Tile ajoutees dans la pile: 20
Nombre de Tile traversees: 4744  Distance est: 411
Nombre de Tile ajoutees dans la pile: 21
Nombre de Tile traversees: 4745  Distance est: 411
Nombre de Tile ajoutees dans la pile: 21
Nombre de Tile traversees: 4746  Distance est: 411
Nombre de Tile ajoutees dans la pile: 21
Nombre de Tile traversees: 4747  Distance est: 411
Nombre de Tile ajoutees dans la pile: 21
Nombre de Tile traversees: 4748  Distance est: 411
Nombre de Tile ajoutees dans la pile: 21
Nombre de Tile traversees: 4749  Distance est: 411
Nombre de Tile ajoutees dans la pile: 22
Nombre de Tile traversees: 4750  Distance est: 411
Nombre de Tile ajoutees dans la pile: 21
Nombre de Tile traversees: 4751  Distance est: 411
Nombre de Tile ajoutees dans la pile: 21
Nombre de Tile traversees: 4752  Distance est: 411
Nombre de Tile ajoutees dans la pile: 21
Nombre de Tile traversees: 4753  Distance est: 411
Nombre de Tile ajoutees dans la pile: 21
Nombre de Tile traversees: 4754  Distance est: 411
Nombre de Tile ajoutees dans la pile: 22
Nombre de Tile traversees: 4755  Distance est: 411
Nombre de Tile ajoutees dans la pile: 21
Nombre de Tile traversees: 4756  Distance est: 411
Nombre de Tile ajoutees dans la pile: 21
Nombre de Tile traversees: 4757  Distance est: 411
Nombre de Tile ajoutees dans la pile: 22
Nombre de Tile traversees: 4758  Distance est: 411
Nombre de Tile ajoutees dans la pile: 22
Nombre de Tile traversees: 4759  Distance est: 411
Nombre de Tile ajoutees dans la pile: 22
Nombre de Tile traversees: 4760  Distance est: 411
Nombre de Tile ajoutees dans la pile: 21
Nombre de Tile traversees: 4761  Distance est: 412
Nombre de Tile ajoutees dans la pile: 20
Nombre de Tile traversees: 4762  Distance est: 412
Nombre de Tile ajoutees dans la pile: 20
Nombre de Tile traversees: 4763  Distance est: 412
Nombre de Tile ajoutees dans la pile: 20
Nombre de Tile traversees: 4764  Distance est: 412
Nombre de Tile ajoutees dans la pile: 20
Nombre de Tile traversees: 4765  Distance est: 412
Nombre de Tile ajoutees dans la pile: 20
Nombre de Tile traversees: 4766  Distance est: 412
Nombre de Tile ajoutees dans la pile: 20
Nombre de Tile traversees: 4767  Distance est: 412
Nombre de Tile ajoutees dans la pile: 20
Nombre de Tile traversees: 4768  Distance est: 412
Nombre de Tile ajoutees dans la pile: 20
Nombre de Tile traversees: 4769  Distance est: 412
Nombre de Tile ajoutees dans la pile: 20
Nombre de Tile traversees: 4770  Distance est: 412
Nombre de Tile ajoutees dans la pile: 20
Nombre de Tile traversees: 4771  Distance est: 412
Nombre de Tile ajoutees dans la pile: 20
Nombre de Tile traversees: 4772  Distance est: 412
Nombre de Tile ajoutees dans la pile: 20
Nombre de Tile traversees: 4773  Distance est: 412
Nombre de Tile ajoutees dans la pile: 20
Nombre de Tile traversees: 4774  Distance est: 412
Nombre de Tile ajoutees dans la pile: 20
Nombre de Tile traversees: 4775  Distance est: 412
Nombre de Tile ajoutees dans la pile: 21
Nombre de Tile traversees: 4776  Distance est: 412
Nombre de Tile ajoutees dans la pile: 20
Nombre de Tile traversees: 4777  Distance est: 412
Nombre de Tile ajoutees dans la pile: 20
Nombre de Tile traversees: 4778  Distance est: 412
Nombre de Tile ajoutees dans la pile: 21
Nombre de Tile traversees: 4779  Distance est: 412
Nombre de Tile ajoutees dans la pile: 21
Nombre de Tile traversees: 4780  Distance est: 412
Nombre de Tile ajoutees dans la pile: 21
Nombre de Tile traversees: 4781  Distance est: 413
Nombre de Tile ajoutees dans la pile: 21
Nombre de Tile traversees: 4782  Distance est: 413
Nombre de Tile ajoutees dans la pile: 22
Nombre de Tile traversees: 4783  Distance est: 413
Nombre de Tile ajoutees dans la pile: 22
Nombre de Tile traversees: 4784  Distance est: 413
Nombre de Tile ajoutees dans la pile: 21
Nombre de Tile traversees: 4785  Distance est: 413
Nombre de Tile ajoutees dans la pile: 21
Nombre de Tile traversees: 4786  Distance est: 413
Nombre de Tile ajoutees dans la pile: 21
Nombre de Tile traversees: 4787  Distance est: 413
Nombre de Tile ajoutees dans la pile: 21
Nombre de Tile traversees: 4788  Distance est: 413
Nombre de Tile ajoutees dans la pile: 22
Nombre de Tile traversees: 4789  Distance est: 413
Nombre de Tile ajoutees dans la pile: 22
Nombre de Tile traversees: 4790  Distance est: 413
Nombre de Tile ajoutees dans la pile: 22
Nombre de Tile traversees: 4791  Distance est: 413
Nombre de Tile ajoutees dans la pile: 22
Nombre de Tile traversees: 4792  Distance est: 413
Nombre de Tile ajoutees dans la pile: 23
Nombre de Tile traversees: 4793  Distance est: 413
Nombre de Tile ajoutees dans la pile: 23
Nombre de Tile traversees: 4794  Distance est: 413
Nombre de Tile ajoutees dans la pile: 23
Nombre de Tile traversees: 4795  Distance est: 413
Nombre de Tile ajoutees dans la pile: 23
Nombre de Tile traversees: 4796  Distance est: 413
Nombre de Tile ajoutees dans la pile: 22
Nombre de Tile traversees: 4797  Distance est: 413
Nombre de Tile ajoutees dans la pile: 23
Nombre de Tile traversees: 4798  Distance est: 413
Nombre de Tile ajoutees dans la pile: 23
Nombre de Tile traversees: 4799  Distance est: 413
Nombre de Tile ajoutees dans la pile: 22
Nombre de Tile traversees: 4800  Distance est: 413
Nombre de Tile ajoutees dans la pile: 21
Nombre de Tile traversees: 4801  Distance est: 413
Nombre de Tile ajoutees dans la pile: 21
Nombre de Tile traversees: 4802  Distance est: 414
Nombre de Tile ajoutees dans la pile: 21
Nombre de Tile traversees: 4803  Distance est: 414
Nombre de Tile ajoutees dans la pile: 21
Nombre de Tile traversees: 4804  Distance est: 414
Nombre de Tile ajoutees dans la pile: 21
Nombre de Tile traversees: 4805  Distance est: 414
Nombre de Tile ajoutees dans la pile: 21
Nombre de Tile traversees: 4806  Distance est: 414
Nombre de Tile ajoutees dans la pile: 21
Nombre de Tile traversees: 4807  Distance est: 414
Nombre de Tile ajoutees dans la pile: 21
Nombre de Tile traversees: 4808  Distance est: 414
Nombre de Tile ajoutees dans la pile: 21
Nombre de Tile traversees: 4809  Distance est: 414
Nombre de Tile ajoutees dans la pile: 21
Nombre de Tile traversees: 4810  Distance est: 414
Nombre de Tile ajoutees dans la pile: 21
Nombre de Tile traversees: 4811  Distance est: 414
Nombre de Tile ajoutees dans la pile: 21
Nombre de Tile traversees: 4812  Distance est: 414
Nombre de Tile ajoutees dans la pile: 21
Nombre de Tile traversees: 4813  Distance est: 414
Nombre de Tile ajoutees dans la pile: 21
Nombre de Tile traversees: 4814  Distance est: 414
Nombre de Tile ajoutees dans la pile: 21
Nombre de Tile traversees: 4815  Distance est: 414
Nombre de Tile ajoutees dans la pile: 21
Nombre de Tile traversees: 4816  Distance est: 414
Nombre de Tile ajoutees dans la pile: 21
Nombre de Tile traversees: 4817  Distance est: 414
Nombre de Tile ajoutees dans la pile: 21
Nombre de Tile traversees: 4818  Distance est: 414
Nombre de Tile ajoutees dans la pile: 21
Nombre de Tile traversees: 4819  Distance est: 414
Nombre de Tile ajoutees dans la pile: 21
Nombre de Tile traversees: 4820  Distance est: 414
Nombre de Tile ajoutees dans la pile: 21
Nombre de Tile traversees: 4821  Distance est: 414
Nombre de Tile ajoutees dans la pile: 21
Nombre de Tile traversees: 4822  Distance est: 414
Nombre de Tile ajoutees dans la pile: 21
Nombre de Tile traversees: 4823  Distance est: 415
Nombre de Tile ajoutees dans la pile: 21
Nombre de Tile traversees: 4824  Distance est: 415
Nombre de Tile ajoutees dans la pile: 21
Nombre de Tile traversees: 4825  Distance est: 415
Nombre de Tile ajoutees dans la pile: 21
Nombre de Tile traversees: 4826  Distance est: 415
Nombre de Tile ajoutees dans la pile: 21
Nombre de Tile traversees: 4827  Distance est: 415
Nombre de Tile ajoutees dans la pile: 20
Nombre de Tile traversees: 4828  Distance est: 415
Nombre de Tile ajoutees dans la pile: 20
Nombre de Tile traversees: 4829  Distance est: 415
Nombre de Tile ajoutees dans la pile: 20
Nombre de Tile traversees: 4830  Distance est: 415
Nombre de Tile ajoutees dans la pile: 20
Nombre de Tile traversees: 4831  Distance est: 415
Nombre de Tile ajoutees dans la pile: 20
Nombre de Tile traversees: 4832  Distance est: 415
Nombre de Tile ajoutees dans la pile: 20
Nombre de Tile traversees: 4833  Distance est: 415
Nombre de Tile ajoutees dans la pile: 20
Nombre de Tile traversees: 4834  Distance est: 415
Nombre de Tile ajoutees dans la pile: 20
Nombre de Tile traversees: 4835  Distance est: 415
Nombre de Tile ajoutees dans la pile: 21
Nombre de Tile traversees: 4836  Distance est: 415
Nombre de Tile ajoutees dans la pile: 21
Nombre de Tile traversees: 4837  Distance est: 415
Nombre de Tile ajoutees dans la pile: 21
Nombre de Tile traversees: 4838  Distance est: 415
Nombre de Tile ajoutees dans la pile: 21
Nombre de Tile traversees: 4839  Distance est: 415
Nombre de Tile ajoutees dans la pile: 22
Nombre de Tile traversees: 4840  Distance est: 415
Nombre de Tile ajoutees dans la pile: 22
Nombre de Tile traversees: 4841  Distance est: 415
Nombre de Tile ajoutees dans la pile: 22
Nombre de Tile traversees: 4842  Distance est: 415
Nombre de Tile ajoutees dans la pile: 22
Nombre de Tile traversees: 4843  Distance est: 415
Nombre de Tile ajoutees dans la pile: 21
Nombre de Tile traversees: 4844  Distance est: 416
Nombre de Tile ajoutees dans la pile: 21
Nombre de Tile traversees: 4845  Distance est: 416
Nombre de Tile ajoutees dans la pile: 21
Nombre de Tile traversees: 4846  Distance est: 416
Nombre de Tile ajoutees dans la pile: 21
Nombre de Tile traversees: 4847  Distance est: 416
Nombre de Tile ajoutees dans la pile: 21
Nombre de Tile traversees: 4848  Distance est: 416
Nombre de Tile ajoutees dans la pile: 21
Nombre de Tile traversees: 4849  Distance est: 416
Nombre de Tile ajoutees dans la pile: 21
Nombre de Tile traversees: 4850  Distance est: 416
Nombre de Tile ajoutees dans la pile: 21
Nombre de Tile traversees: 4851  Distance est: 416
Nombre de Tile ajoutees dans la pile: 22
Nombre de Tile traversees: 4852  Distance est: 416
Nombre de Tile ajoutees dans la pile: 22
Nombre de Tile traversees: 4853  Distance est: 416
Nombre de Tile ajoutees dans la pile: 22
Nombre de Tile traversees: 4854  Distance est: 416
Nombre de Tile ajoutees dans la pile: 22
Nombre de Tile traversees: 4855  Distance est: 416
Nombre de Tile ajoutees dans la pile: 22
Nombre de Tile traversees: 4856  Distance est: 416
Nombre de Tile ajoutees dans la pile: 22
Nombre de Tile traversees: 4857  Distance est: 416
Nombre de Tile ajoutees dans la pile: 22
Nombre de Tile traversees: 4858  Distance est: 416
Nombre de Tile ajoutees dans la pile: 23
Nombre de Tile traversees: 4859  Distance est: 416
Nombre de Tile ajoutees dans la pile: 23
Nombre de Tile traversees: 4860  Distance est: 416
Nombre de Tile ajoutees dans la pile: 24
Nombre de Tile traversees: 4861  Distance est: 416
Nombre de Tile ajoutees dans la pile: 24
Nombre de Tile traversees: 4862  Distance est: 416
Nombre de Tile ajoutees dans la pile: 24
Nombre de Tile traversees: 4863  Distance est: 416
Nombre de Tile ajoutees dans la pile: 24
Nombre de Tile traversees: 4864  Distance est: 416
Nombre de Tile ajoutees dans la pile: 24
Nombre de Tile traversees: 4865  Distance est: 417
Nombre de Tile ajoutees dans la pile: 24
Nombre de Tile traversees: 4866  Distance est: 417
Nombre de Tile ajoutees dans la pile: 25
Nombre de Tile traversees: 4867  Distance est: 417
Nombre de Tile ajoutees dans la pile: 25
Nombre de Tile traversees: 4868  Distance est: 417
Nombre de Tile ajoutees dans la pile: 25
Nombre de Tile traversees: 4869  Distance est: 417
Nombre de Tile ajoutees dans la pile: 25
Nombre de Tile traversees: 4870  Distance est: 417
Nombre de Tile ajoutees dans la pile: 25
Nombre de Tile traversees: 4871  Distance est: 417
Nombre de Tile ajoutees dans la pile: 25
Nombre de Tile traversees: 4872  Distance est: 417
Nombre de Tile ajoutees dans la pile: 26
Nombre de Tile traversees: 4873  Distance est: 417
Nombre de Tile ajoutees dans la pile: 25
Nombre de Tile traversees: 4874  Distance est: 417
Nombre de Tile ajoutees dans la pile: 25
Nombre de Tile traversees: 4875  Distance est: 417
Nombre de Tile ajoutees dans la pile: 25
Nombre de Tile traversees: 4876  Distance est: 417
Nombre de Tile ajoutees dans la pile: 25
Nombre de Tile traversees: 4877  Distance est: 417
Nombre de Tile ajoutees dans la pile: 25
Nombre de Tile traversees: 4878  Distance est: 417
Nombre de Tile ajoutees dans la pile: 25
Nombre de Tile traversees: 4879  Distance est: 417
Nombre de Tile ajoutees dans la pile: 25
Nombre de Tile traversees: 4880  Distance est: 417
Nombre de Tile ajoutees dans la pile: 26
Nombre de Tile traversees: 4881  Distance est: 417
Nombre de Tile ajoutees dans la pile: 26
Nombre de Tile traversees: 4882  Distance est: 417
Nombre de Tile ajoutees dans la pile: 26
Nombre de Tile traversees: 4883  Distance est: 417
Nombre de Tile ajoutees dans la pile: 26
Nombre de Tile traversees: 4884  Distance est: 417
Nombre de Tile ajoutees dans la pile: 25
Nombre de Tile traversees: 4885  Distance est: 417
Nombre de Tile ajoutees dans la pile: 25
Nombre de Tile traversees: 4886  Distance est: 417
Nombre de Tile ajoutees dans la pile: 25
Nombre de Tile traversees: 4887  Distance est: 417
Nombre de Tile ajoutees dans la pile: 25
Nombre de Tile traversees: 4888  Distance est: 417
Nombre de Tile ajoutees dans la pile: 25
Nombre de Tile traversees: 4889  Distance est: 418
Nombre de Tile ajoutees dans la pile: 25
Nombre de Tile traversees: 4890  Distance est: 418
Nombre de Tile ajoutees dans la pile: 26
Nombre de Tile traversees: 4891  Distance est: 418
Nombre de Tile ajoutees dans la pile: 26
Nombre de Tile traversees: 4892  Distance est: 418
Nombre de Tile ajoutees dans la pile: 26
Nombre de Tile traversees: 4893  Distance est: 418
Nombre de Tile ajoutees dans la pile: 27
Nombre de Tile traversees: 4894  Distance est: 418
Nombre de Tile ajoutees dans la pile: 27
Nombre de Tile traversees: 4895  Distance est: 418
Nombre de Tile ajoutees dans la pile: 27
Nombre de Tile traversees: 4896  Distance est: 418
Nombre de Tile ajoutees dans la pile: 27
Nombre de Tile traversees: 4897  Distance est: 418
Nombre de Tile ajoutees dans la pile: 28
Nombre de Tile traversees: 4898  Distance est: 418
Nombre de Tile ajoutees dans la pile: 27
Nombre de Tile traversees: 4899  Distance est: 418
Nombre de Tile ajoutees dans la pile: 27
Nombre de Tile traversees: 4900  Distance est: 418
Nombre de Tile ajoutees dans la pile: 27
Nombre de Tile traversees: 4901  Distance est: 418
Nombre de Tile ajoutees dans la pile: 27
Nombre de Tile traversees: 4902  Distance est: 418
Nombre de Tile ajoutees dans la pile: 27
Nombre de Tile traversees: 4903  Distance est: 418
Nombre de Tile ajoutees dans la pile: 27
Nombre de Tile traversees: 4904  Distance est: 418
Nombre de Tile ajoutees dans la pile: 27
Nombre de Tile traversees: 4905  Distance est: 418
Nombre de Tile ajoutees dans la pile: 28
Nombre de Tile traversees: 4906  Distance est: 418
Nombre de Tile ajoutees dans la pile: 27
Nombre de Tile traversees: 4907  Distance est: 418
Nombre de Tile ajoutees dans la pile: 27
Nombre de Tile traversees: 4908  Distance est: 418
Nombre de Tile ajoutees dans la pile: 27
Nombre de Tile traversees: 4909  Distance est: 418
Nombre de Tile ajoutees dans la pile: 27
Nombre de Tile traversees: 4910  Distance est: 418
Nombre de Tile ajoutees dans la pile: 27
Nombre de Tile traversees: 4911  Distance est: 418
Nombre de Tile ajoutees dans la pile: 27
Nombre de Tile traversees: 4912  Distance est: 418
Nombre de Tile ajoutees dans la pile: 28
Nombre de Tile traversees: 4913  Distance est: 418
Nombre de Tile ajoutees dans la pile: 28
Nombre de Tile traversees: 4914  Distance est: 419
Nombre de Tile ajoutees dans la pile: 28
Nombre de Tile traversees: 4915  Distance est: 419
Nombre de Tile ajoutees dans la pile: 29
Nombre de Tile traversees: 4916  Distance est: 419
Nombre de Tile ajoutees dans la pile: 28
Nombre de Tile traversees: 4917  Distance est: 419
Nombre de Tile ajoutees dans la pile: 28
Nombre de Tile traversees: 4918  Distance est: 419
Nombre de Tile ajoutees dans la pile: 28
Nombre de Tile traversees: 4919  Distance est: 419
Nombre de Tile ajoutees dans la pile: 29
Nombre de Tile traversees: 4920  Distance est: 419
Nombre de Tile ajoutees dans la pile: 28
Nombre de Tile traversees: 4921  Distance est: 419
Nombre de Tile ajoutees dans la pile: 28
Nombre de Tile traversees: 4922  Distance est: 419
Nombre de Tile ajoutees dans la pile: 28
Nombre de Tile traversees: 4923  Distance est: 419
Nombre de Tile ajoutees dans la pile: 28
Nombre de Tile traversees: 4924  Distance est: 419
Nombre de Tile ajoutees dans la pile: 28
Nombre de Tile traversees: 4925  Distance est: 419
Nombre de Tile ajoutees dans la pile: 28
Nombre de Tile traversees: 4926  Distance est: 419
Nombre de Tile ajoutees dans la pile: 27
Nombre de Tile traversees: 4927  Distance est: 419
Nombre de Tile ajoutees dans la pile: 27
Nombre de Tile traversees: 4928  Distance est: 419
Nombre de Tile ajoutees dans la pile: 27
Nombre de Tile traversees: 4929  Distance est: 419
Nombre de Tile ajoutees dans la pile: 26
Nombre de Tile traversees: 4930  Distance est: 419
Nombre de Tile ajoutees dans la pile: 26
Nombre de Tile traversees: 4931  Distance est: 419
Nombre de Tile ajoutees dans la pile: 26
Nombre de Tile traversees: 4932  Distance est: 419
Nombre de Tile ajoutees dans la pile: 26
Nombre de Tile traversees: 4933  Distance est: 419
Nombre de Tile ajoutees dans la pile: 25
Nombre de Tile traversees: 4934  Distance est: 419
Nombre de Tile ajoutees dans la pile: 25
Nombre de Tile traversees: 4935  Distance est: 419
Nombre de Tile ajoutees dans la pile: 25
Nombre de Tile traversees: 4936  Distance est: 419
Nombre de Tile ajoutees dans la pile: 25
Nombre de Tile traversees: 4937  Distance est: 419
Nombre de Tile ajoutees dans la pile: 25
Nombre de Tile traversees: 4938  Distance est: 419
Nombre de Tile ajoutees dans la pile: 25
Nombre de Tile traversees: 4939  Distance est: 419
Nombre de Tile ajoutees dans la pile: 26
Nombre de Tile traversees: 4940  Distance est: 419
Nombre de Tile ajoutees dans la pile: 25
Nombre de Tile traversees: 4941  Distance est: 419
Nombre de Tile ajoutees dans la pile: 25
Nombre de Tile traversees: 4942  Distance est: 420
Nombre de Tile ajoutees dans la pile: 25
Nombre de Tile traversees: 4943  Distance est: 420
Nombre de Tile ajoutees dans la pile: 25
Nombre de Tile traversees: 4944  Distance est: 420
Nombre de Tile ajoutees dans la pile: 25
Nombre de Tile traversees: 4945  Distance est: 420
Nombre de Tile ajoutees dans la pile: 25
Nombre de Tile traversees: 4946  Distance est: 420
Nombre de Tile ajoutees dans la pile: 25
Nombre de Tile traversees: 4947  Distance est: 420
Nombre de Tile ajoutees dans la pile: 26
Nombre de Tile traversees: 4948  Distance est: 420
Nombre de Tile ajoutees dans la pile: 25
Nombre de Tile traversees: 4949  Distance est: 420
Nombre de Tile ajoutees dans la pile: 25
Nombre de Tile traversees: 4950  Distance est: 420
Nombre de Tile ajoutees dans la pile: 26
Nombre de Tile traversees: 4951  Distance est: 420
Nombre de Tile ajoutees dans la pile: 27
Nombre de Tile traversees: 4952  Distance est: 420
Nombre de Tile ajoutees dans la pile: 27
Nombre de Tile traversees: 4953  Distance est: 420
Nombre de Tile ajoutees dans la pile: 27
Nombre de Tile traversees: 4954  Distance est: 420
Nombre de Tile ajoutees dans la pile: 27
Nombre de Tile traversees: 4955  Distance est: 420
Nombre de Tile ajoutees dans la pile: 27
Nombre de Tile traversees: 4956  Distance est: 420
Nombre de Tile ajoutees dans la pile: 28
Nombre de Tile traversees: 4957  Distance est: 420
Nombre de Tile ajoutees dans la pile: 28
Nombre de Tile traversees: 4958  Distance est: 420
Nombre de Tile ajoutees dans la pile: 28
Nombre de Tile traversees: 4959  Distance est: 420
Nombre de Tile ajoutees dans la pile: 28
Nombre de Tile traversees: 4960  Distance est: 420
Nombre de Tile ajoutees dans la pile: 28
Nombre de Tile traversees: 4961  Distance est: 420
Nombre de Tile ajoutees dans la pile: 28
Nombre de Tile traversees: 4962  Distance est: 420
Nombre de Tile ajoutees dans la pile: 28
Nombre de Tile traversees: 4963  Distance est: 420
Nombre de Tile ajoutees dans la pile: 28
Nombre de Tile traversees: 4964  Distance est: 420
Nombre de Tile ajoutees dans la pile: 29
Nombre de Tile traversees: 4965  Distance est: 420
Nombre de Tile ajoutees dans la pile: 28
Nombre de Tile traversees: 4966  Distance est: 420
Nombre de Tile ajoutees dans la pile: 28
Nombre de Tile traversees: 4967  Distance est: 421
Nombre de Tile ajoutees dans la pile: 28
Nombre de Tile traversees: 4968  Distance est: 421
Nombre de Tile ajoutees dans la pile: 28
Nombre de Tile traversees: 4969  Distance est: 421
Nombre de Tile ajoutees dans la pile: 29
Nombre de Tile traversees: 4970  Distance est: 421
Nombre de Tile ajoutees dans la pile: 29
Nombre de Tile traversees: 4971  Distance est: 421
Nombre de Tile ajoutees dans la pile: 29
Nombre de Tile traversees: 4972  Distance est: 421
Nombre de Tile ajoutees dans la pile: 29
Nombre de Tile traversees: 4973  Distance est: 421
Nombre de Tile ajoutees dans la pile: 28
Nombre de Tile traversees: 4974  Distance est: 421
Nombre de Tile ajoutees dans la pile: 28
Nombre de Tile traversees: 4975  Distance est: 421
Nombre de Tile ajoutees dans la pile: 29
Nombre de Tile traversees: 4976  Distance est: 421
Nombre de Tile ajoutees dans la pile: 28
Nombre de Tile traversees: 4977  Distance est: 421
Nombre de Tile ajoutees dans la pile: 29
Nombre de Tile traversees: 4978  Distance est: 421
Nombre de Tile ajoutees dans la pile: 29
Nombre de Tile traversees: 4979  Distance est: 421
Nombre de Tile ajoutees dans la pile: 29
Nombre de Tile traversees: 4980  Distance est: 421
Nombre de Tile ajoutees dans la pile: 29
Nombre de Tile traversees: 4981  Distance est: 421
Nombre de Tile ajoutees dans la pile: 29
Nombre de Tile traversees: 4982  Distance est: 421
Nombre de Tile ajoutees dans la pile: 28
Nombre de Tile traversees: 4983  Distance est: 421
Nombre de Tile ajoutees dans la pile: 29
Nombre de Tile traversees: 4984  Distance est: 421
Nombre de Tile ajoutees dans la pile: 28
Nombre de Tile traversees: 4985  Distance est: 421
Nombre de Tile ajoutees dans la pile: 29
Nombre de Tile traversees: 4986  Distance est: 421
Nombre de Tile ajoutees dans la pile: 29
Nombre de Tile traversees: 4987  Distance est: 421
Nombre de Tile ajoutees dans la pile: 29
Nombre de Tile traversees: 4988  Distance est: 421
Nombre de Tile ajoutees dans la pile: 29
Nombre de Tile traversees: 4989  Distance est: 421
Nombre de Tile ajoutees dans la pile: 29
Nombre de Tile traversees: 4990  Distance est: 421
Nombre de Tile ajoutees dans la pile: 29
Nombre de Tile traversees: 4991  Distance est: 421
Nombre de Tile ajoutees dans la pile: 29
Nombre de Tile traversees: 4992  Distance est: 421
Nombre de Tile ajoutees dans la pile: 29
Nombre de Tile traversees: 4993  Distance est: 421
Nombre de Tile ajoutees dans la pile: 28
Nombre de Tile traversees: 4994  Distance est: 421
Nombre de Tile ajoutees dans la pile: 28
Nombre de Tile traversees: 4995  Distance est: 422
Nombre de Tile ajoutees dans la pile: 28
Nombre de Tile traversees: 4996  Distance est: 422
Nombre de Tile ajoutees dans la pile: 28
Nombre de Tile traversees: 4997  Distance est: 422
Nombre de Tile ajoutees dans la pile: 28
Nombre de Tile traversees: 4998  Distance est: 422
Nombre de Tile ajoutees dans la pile: 29
Nombre de Tile traversees: 4999  Distance est: 422
Nombre de Tile ajoutees dans la pile: 29
Nombre de Tile traversees: 5000  Distance est: 422
Nombre de Tile ajoutees dans la pile: 29
Nombre de Tile traversees: 5001  Distance est: 422
Nombre de Tile ajoutees dans la pile: 29
Nombre de Tile traversees: 5002  Distance est: 422
Nombre de Tile ajoutees dans la pile: 29
Nombre de Tile traversees: 5003  Distance est: 422
Nombre de Tile ajoutees dans la pile: 30
Nombre de Tile traversees: 5004  Distance est: 422
Nombre de Tile ajoutees dans la pile: 29
Nombre de Tile traversees: 5005  Distance est: 422
Nombre de Tile ajoutees dans la pile: 30
Nombre de Tile traversees: 5006  Distance est: 422
Nombre de Tile ajoutees dans la pile: 29
Nombre de Tile traversees: 5007  Distance est: 422
Nombre de Tile ajoutees dans la pile: 29
Nombre de Tile traversees: 5008  Distance est: 422
Nombre de Tile ajoutees dans la pile: 29
Nombre de Tile traversees: 5009  Distance est: 422
Nombre de Tile ajoutees dans la pile: 29
Nombre de Tile traversees: 5010  Distance est: 422
Nombre de Tile ajoutees dans la pile: 29
Nombre de Tile traversees: 5011  Distance est: 422
Nombre de Tile ajoutees dans la pile: 30
Nombre de Tile traversees: 5012  Distance est: 422
Nombre de Tile ajoutees dans la pile: 29
Nombre de Tile traversees: 5013  Distance est: 422
Nombre de Tile ajoutees dans la pile: 29
Nombre de Tile traversees: 5014  Distance est: 422
Nombre de Tile ajoutees dans la pile: 29
Nombre de Tile traversees: 5015  Distance est: 422
Nombre de Tile ajoutees dans la pile: 29
Nombre de Tile traversees: 5016  Distance est: 422
Nombre de Tile ajoutees dans la pile: 29
Nombre de Tile traversees: 5017  Distance est: 422
Nombre de Tile ajoutees dans la pile: 29
Nombre de Tile traversees: 5018  Distance est: 422
Nombre de Tile ajoutees dans la pile: 29
Nombre de Tile traversees: 5019  Distance est: 422
Nombre de Tile ajoutees dans la pile: 29
Nombre de Tile traversees: 5020  Distance est: 422
Nombre de Tile ajoutees dans la pile: 29
Nombre de Tile traversees: 5021  Distance est: 422
Nombre de Tile ajoutees dans la pile: 29
Nombre de Tile traversees: 5022  Distance est: 422
Nombre de Tile ajoutees dans la pile: 29
Nombre de Tile traversees: 5023  Distance est: 423
Nombre de Tile ajoutees dans la pile: 29
Nombre de Tile traversees: 5024  Distance est: 423
Nombre de Tile ajoutees dans la pile: 30
Nombre de Tile traversees: 5025  Distance est: 423
Nombre de Tile ajoutees dans la pile: 29
Nombre de Tile traversees: 5026  Distance est: 423
Nombre de Tile ajoutees dans la pile: 30
Nombre de Tile traversees: 5027  Distance est: 423
Nombre de Tile ajoutees dans la pile: 29
Nombre de Tile traversees: 5028  Distance est: 423
Nombre de Tile ajoutees dans la pile: 29
Nombre de Tile traversees: 5029  Distance est: 423
Nombre de Tile ajoutees dans la pile: 30
Nombre de Tile traversees: 5030  Distance est: 423
Nombre de Tile ajoutees dans la pile: 30
Nombre de Tile traversees: 5031  Distance est: 423
Nombre de Tile ajoutees dans la pile: 30
Nombre de Tile traversees: 5032  Distance est: 423
Nombre de Tile ajoutees dans la pile: 30
Nombre de Tile traversees: 5033  Distance est: 423
Nombre de Tile ajoutees dans la pile: 29
Nombre de Tile traversees: 5034  Distance est: 423
Nombre de Tile ajoutees dans la pile: 29
Nombre de Tile traversees: 5035  Distance est: 423
Nombre de Tile ajoutees dans la pile: 29
Nombre de Tile traversees: 5036  Distance est: 423
Nombre de Tile ajoutees dans la pile: 28
Nombre de Tile traversees: 5037  Distance est: 423
Nombre de Tile ajoutees dans la pile: 28
Nombre de Tile traversees: 5038  Distance est: 423
Nombre de Tile ajoutees dans la pile: 28
Nombre de Tile traversees: 5039  Distance est: 423
Nombre de Tile ajoutees dans la pile: 28
Nombre de Tile traversees: 5040  Distance est: 423
Nombre de Tile ajoutees dans la pile: 28
Nombre de Tile traversees: 5041  Distance est: 423
Nombre de Tile ajoutees dans la pile: 27
Nombre de Tile traversees: 5042  Distance est: 423
Nombre de Tile ajoutees dans la pile: 26
Nombre de Tile traversees: 5043  Distance est: 423
Nombre de Tile ajoutees dans la pile: 26
Nombre de Tile traversees: 5044  Distance est: 423
Nombre de Tile ajoutees dans la pile: 26
Nombre de Tile traversees: 5045  Distance est: 423
Nombre de Tile ajoutees dans la pile: 26
Nombre de Tile traversees: 5046  Distance est: 423
Nombre de Tile ajoutees dans la pile: 25
Nombre de Tile traversees: 5047  Distance est: 423
Nombre de Tile ajoutees dans la pile: 24
Nombre de Tile traversees: 5048  Distance est: 423
Nombre de Tile ajoutees dans la pile: 24
Nombre de Tile traversees: 5049  Distance est: 423
Nombre de Tile ajoutees dans la pile: 25
Nombre de Tile traversees: 5050  Distance est: 423
Nombre de Tile ajoutees dans la pile: 25
Nombre de Tile traversees: 5051  Distance est: 423
Nombre de Tile ajoutees dans la pile: 25
Nombre de Tile traversees: 5052  Distance est: 424
Nombre de Tile ajoutees dans la pile: 25
Nombre de Tile traversees: 5053  Distance est: 424
Nombre de Tile ajoutees dans la pile: 25
Nombre de Tile traversees: 5054  Distance est: 424
Nombre de Tile ajoutees dans la pile: 25
Nombre de Tile traversees: 5055  Distance est: 424
Nombre de Tile ajoutees dans la pile: 26
Nombre de Tile traversees: 5056  Distance est: 424
Nombre de Tile ajoutees dans la pile: 25
Nombre de Tile traversees: 5057  Distance est: 424
Nombre de Tile ajoutees dans la pile: 25
Nombre de Tile traversees: 5058  Distance est: 424
Nombre de Tile ajoutees dans la pile: 25
Nombre de Tile traversees: 5059  Distance est: 424
Nombre de Tile ajoutees dans la pile: 25
Nombre de Tile traversees: 5060  Distance est: 424
Nombre de Tile ajoutees dans la pile: 25
Nombre de Tile traversees: 5061  Distance est: 424
Nombre de Tile ajoutees dans la pile: 25
Nombre de Tile traversees: 5062  Distance est: 424
Nombre de Tile ajoutees dans la pile: 25
Nombre de Tile traversees: 5063  Distance est: 424
Nombre de Tile ajoutees dans la pile: 25
Nombre de Tile traversees: 5064  Distance est: 424
Nombre de Tile ajoutees dans la pile: 25
Nombre de Tile traversees: 5065  Distance est: 424
Nombre de Tile ajoutees dans la pile: 25
Nombre de Tile traversees: 5066  Distance est: 424
Nombre de Tile ajoutees dans la pile: 25
Nombre de Tile traversees: 5067  Distance est: 424
Nombre de Tile ajoutees dans la pile: 25
Nombre de Tile traversees: 5068  Distance est: 424
Nombre de Tile ajoutees dans la pile: 25
Nombre de Tile traversees: 5069  Distance est: 424
Nombre de Tile ajoutees dans la pile: 25
Nombre de Tile traversees: 5070  Distance est: 424
Nombre de Tile ajoutees dans la pile: 25
Nombre de Tile traversees: 5071  Distance est: 424
Nombre de Tile ajoutees dans la pile: 26
Nombre de Tile traversees: 5072  Distance est: 424
Nombre de Tile ajoutees dans la pile: 26
Nombre de Tile traversees: 5073  Distance est: 424
Nombre de Tile ajoutees dans la pile: 26
Nombre de Tile traversees: 5074  Distance est: 424
Nombre de Tile ajoutees dans la pile: 26
Nombre de Tile traversees: 5075  Distance est: 424
Nombre de Tile ajoutees dans la pile: 26
Nombre de Tile traversees: 5076  Distance est: 424
Nombre de Tile ajoutees dans la pile: 26
Nombre de Tile traversees: 5077  Distance est: 425
Nombre de Tile ajoutees dans la pile: 26
Nombre de Tile traversees: 5078  Distance est: 425
Nombre de Tile ajoutees dans la pile: 26
Nombre de Tile traversees: 5079  Distance est: 425
Nombre de Tile ajoutees dans la pile: 26
Nombre de Tile traversees: 5080  Distance est: 425
Nombre de Tile ajoutees dans la pile: 26
Nombre de Tile traversees: 5081  Distance est: 425
Nombre de Tile ajoutees dans la pile: 26
Nombre de Tile traversees: 5082  Distance est: 425
Nombre de Tile ajoutees dans la pile: 26
Nombre de Tile traversees: 5083  Distance est: 425
Nombre de Tile ajoutees dans la pile: 26
Nombre de Tile traversees: 5084  Distance est: 425
Nombre de Tile ajoutees dans la pile: 27
Nombre de Tile traversees: 5085  Distance est: 425
Nombre de Tile ajoutees dans la pile: 27
Nombre de Tile traversees: 5086  Distance est: 425
Nombre de Tile ajoutees dans la pile: 27
Nombre de Tile traversees: 5087  Distance est: 425
Nombre de Tile ajoutees dans la pile: 27
Nombre de Tile traversees: 5088  Distance est: 425
Nombre de Tile ajoutees dans la pile: 27
Nombre de Tile traversees: 5089  Distance est: 425
Nombre de Tile ajoutees dans la pile: 27
Nombre de Tile traversees: 5090  Distance est: 425
Nombre de Tile ajoutees dans la pile: 27
Nombre de Tile traversees: 5091  Distance est: 425
Nombre de Tile ajoutees dans la pile: 27
Nombre de Tile traversees: 5092  Distance est: 425
Nombre de Tile ajoutees dans la pile: 27
Nombre de Tile traversees: 5093  Distance est: 425
Nombre de Tile ajoutees dans la pile: 27
Nombre de Tile traversees: 5094  Distance est: 425
Nombre de Tile ajoutees dans la pile: 27
Nombre de Tile traversees: 5095  Distance est: 425
Nombre de Tile ajoutees dans la pile: 27
Nombre de Tile traversees: 5096  Distance est: 425
Nombre de Tile ajoutees dans la pile: 28
Nombre de Tile traversees: 5097  Distance est: 425
Nombre de Tile ajoutees dans la pile: 28
Nombre de Tile traversees: 5098  Distance est: 425
Nombre de Tile ajoutees dans la pile: 28
Nombre de Tile traversees: 5099  Distance est: 425
Nombre de Tile ajoutees dans la pile: 27
Nombre de Tile traversees: 5100  Distance est: 425
Nombre de Tile ajoutees dans la pile: 28
Nombre de Tile traversees: 5101  Distance est: 425
Nombre de Tile ajoutees dans la pile: 28
Nombre de Tile traversees: 5102  Distance est: 425
Nombre de Tile ajoutees dans la pile: 28
Nombre de Tile traversees: 5103  Distance est: 426
Nombre de Tile ajoutees dans la pile: 29
Nombre de Tile traversees: 5104  Distance est: 426
Nombre de Tile ajoutees dans la pile: 29
Nombre de Tile traversees: 5105  Distance est: 426
Nombre de Tile ajoutees dans la pile: 29
Nombre de Tile traversees: 5106  Distance est: 426
Nombre de Tile ajoutees dans la pile: 29
Nombre de Tile traversees: 5107  Distance est: 426
Nombre de Tile ajoutees dans la pile: 29
Nombre de Tile traversees: 5108  Distance est: 426
Nombre de Tile ajoutees dans la pile: 29
Nombre de Tile traversees: 5109  Distance est: 426
Nombre de Tile ajoutees dans la pile: 29
Nombre de Tile traversees: 5110  Distance est: 426
Nombre de Tile ajoutees dans la pile: 29
Nombre de Tile traversees: 5111  Distance est: 426
Nombre de Tile ajoutees dans la pile: 29
Nombre de Tile traversees: 5112  Distance est: 426
Nombre de Tile ajoutees dans la pile: 29
Nombre de Tile traversees: 5113  Distance est: 426
Nombre de Tile ajoutees dans la pile: 29
Nombre de Tile traversees: 5114  Distance est: 426
Nombre de Tile ajoutees dans la pile: 29
Nombre de Tile traversees: 5115  Distance est: 426
Nombre de Tile ajoutees dans la pile: 29
Nombre de Tile traversees: 5116  Distance est: 426
Nombre de Tile ajoutees dans la pile: 29
Nombre de Tile traversees: 5117  Distance est: 426
Nombre de Tile ajoutees dans la pile: 29
Nombre de Tile traversees: 5118  Distance est: 426
Nombre de Tile ajoutees dans la pile: 29
Nombre de Tile traversees: 5119  Distance est: 426
Nombre de Tile ajoutees dans la pile: 29
Nombre de Tile traversees: 5120  Distance est: 426
Nombre de Tile ajoutees dans la pile: 29
Nombre de Tile traversees: 5121  Distance est: 426
Nombre de Tile ajoutees dans la pile: 29
Nombre de Tile traversees: 5122  Distance est: 426
Nombre de Tile ajoutees dans la pile: 29
Nombre de Tile traversees: 5123  Distance est: 426
Nombre de Tile ajoutees dans la pile: 30
Nombre de Tile traversees: 5124  Distance est: 426
Nombre de Tile ajoutees dans la pile: 29
Nombre de Tile traversees: 5125  Distance est: 426
Nombre de Tile ajoutees dans la pile: 29
Nombre de Tile traversees: 5126  Distance est: 426
Nombre de Tile ajoutees dans la pile: 29
Nombre de Tile traversees: 5127  Distance est: 426
Nombre de Tile ajoutees dans la pile: 29
Nombre de Tile traversees: 5128  Distance est: 426
Nombre de Tile ajoutees dans la pile: 30
Nombre de Tile traversees: 5129  Distance est: 426
Nombre de Tile ajoutees dans la pile: 30
Nombre de Tile traversees: 5130  Distance est: 426
Nombre de Tile ajoutees dans la pile: 30
Nombre de Tile traversees: 5131  Distance est: 426
Nombre de Tile ajoutees dans la pile: 30
Nombre de Tile traversees: 5132  Distance est: 427
Nombre de Tile ajoutees dans la pile: 30
Nombre de Tile traversees: 5133  Distance est: 427
Nombre de Tile ajoutees dans la pile: 30
Nombre de Tile traversees: 5134  Distance est: 427
Nombre de Tile ajoutees dans la pile: 29
Nombre de Tile traversees: 5135  Distance est: 427
Nombre de Tile ajoutees dans la pile: 29
Nombre de Tile traversees: 5136  Distance est: 427
Nombre de Tile ajoutees dans la pile: 29
Nombre de Tile traversees: 5137  Distance est: 427
Nombre de Tile ajoutees dans la pile: 29
Nombre de Tile traversees: 5138  Distance est: 427
Nombre de Tile ajoutees dans la pile: 28
Nombre de Tile traversees: 5139  Distance est: 427
Nombre de Tile ajoutees dans la pile: 28
Nombre de Tile traversees: 5140  Distance est: 427
Nombre de Tile ajoutees dans la pile: 28
Nombre de Tile traversees: 5141  Distance est: 427
Nombre de Tile ajoutees dans la pile: 28
Nombre de Tile traversees: 5142  Distance est: 427
Nombre de Tile ajoutees dans la pile: 28
Nombre de Tile traversees: 5143  Distance est: 427
Nombre de Tile ajoutees dans la pile: 28
Nombre de Tile traversees: 5144  Distance est: 427
Nombre de Tile ajoutees dans la pile: 28
Nombre de Tile traversees: 5145  Distance est: 427
Nombre de Tile ajoutees dans la pile: 27
Nombre de Tile traversees: 5146  Distance est: 427
Nombre de Tile ajoutees dans la pile: 26
Nombre de Tile traversees: 5147  Distance est: 427
Nombre de Tile ajoutees dans la pile: 26
Nombre de Tile traversees: 5148  Distance est: 427
Nombre de Tile ajoutees dans la pile: 26
Nombre de Tile traversees: 5149  Distance est: 427
Nombre de Tile ajoutees dans la pile: 26
Nombre de Tile traversees: 5150  Distance est: 427
Nombre de Tile ajoutees dans la pile: 26
Nombre de Tile traversees: 5151  Distance est: 427
Nombre de Tile ajoutees dans la pile: 26
Nombre de Tile traversees: 5152  Distance est: 427
Nombre de Tile ajoutees dans la pile: 26
Nombre de Tile traversees: 5153  Distance est: 427
Nombre de Tile ajoutees dans la pile: 25
Nombre de Tile traversees: 5154  Distance est: 427
Nombre de Tile ajoutees dans la pile: 25
Nombre de Tile traversees: 5155  Distance est: 427
Nombre de Tile ajoutees dans la pile: 25
Nombre de Tile traversees: 5156  Distance est: 427
Nombre de Tile ajoutees dans la pile: 25
Nombre de Tile traversees: 5157  Distance est: 427
Nombre de Tile ajoutees dans la pile: 26
Nombre de Tile traversees: 5158  Distance est: 427
Nombre de Tile ajoutees dans la pile: 25
Nombre de Tile traversees: 5159  Distance est: 427
Nombre de Tile ajoutees dans la pile: 25
Nombre de Tile traversees: 5160  Distance est: 427
Nombre de Tile ajoutees dans la pile: 26
Nombre de Tile traversees: 5161  Distance est: 427
Nombre de Tile ajoutees dans la pile: 25
Nombre de Tile traversees: 5162  Distance est: 428
Nombre de Tile ajoutees dans la pile: 25
Nombre de Tile traversees: 5163  Distance est: 428
Nombre de Tile ajoutees dans la pile: 25
Nombre de Tile traversees: 5164  Distance est: 428
Nombre de Tile ajoutees dans la pile: 25
Nombre de Tile traversees: 5165  Distance est: 428
Nombre de Tile ajoutees dans la pile: 25
Nombre de Tile traversees: 5166  Distance est: 428
Nombre de Tile ajoutees dans la pile: 25
Nombre de Tile traversees: 5167  Distance est: 428
Nombre de Tile ajoutees dans la pile: 25
Nombre de Tile traversees: 5168  Distance est: 428
Nombre de Tile ajoutees dans la pile: 25
Nombre de Tile traversees: 5169  Distance est: 428
Nombre de Tile ajoutees dans la pile: 25
Nombre de Tile traversees: 5170  Distance est: 428
Nombre de Tile ajoutees dans la pile: 25
Nombre de Tile traversees: 5171  Distance est: 428
Nombre de Tile ajoutees dans la pile: 25
Nombre de Tile traversees: 5172  Distance est: 428
Nombre de Tile ajoutees dans la pile: 25
Nombre de Tile traversees: 5173  Distance est: 428
Nombre de Tile ajoutees dans la pile: 25
Nombre de Tile traversees: 5174  Distance est: 428
Nombre de Tile ajoutees dans la pile: 25
Nombre de Tile traversees: 5175  Distance est: 428
Nombre de Tile ajoutees dans la pile: 25
Nombre de Tile traversees: 5176  Distance est: 428
Nombre de Tile ajoutees dans la pile: 25
Nombre de Tile traversees: 5177  Distance est: 428
Nombre de Tile ajoutees dans la pile: 25
Nombre de Tile traversees: 5178  Distance est: 428
Nombre de Tile ajoutees dans la pile: 25
Nombre de Tile traversees: 5179  Distance est: 428
Nombre de Tile ajoutees dans la pile: 25
Nombre de Tile traversees: 5180  Distance est: 428
Nombre de Tile ajoutees dans la pile: 25
Nombre de Tile traversees: 5181  Distance est: 428
Nombre de Tile ajoutees dans la pile: 25
Nombre de Tile traversees: 5182  Distance est: 428
Nombre de Tile ajoutees dans la pile: 26
Nombre de Tile traversees: 5183  Distance est: 428
Nombre de Tile ajoutees dans la pile: 25
Nombre de Tile traversees: 5184  Distance est: 428
Nombre de Tile ajoutees dans la pile: 25
Nombre de Tile traversees: 5185  Distance est: 428
Nombre de Tile ajoutees dans la pile: 25
Nombre de Tile traversees: 5186  Distance est: 428
Nombre de Tile ajoutees dans la pile: 25
Nombre de Tile traversees: 5187  Distance est: 429
Nombre de Tile ajoutees dans la pile: 25
Nombre de Tile traversees: 5188  Distance est: 429
Nombre de Tile ajoutees dans la pile: 25
Nombre de Tile traversees: 5189  Distance est: 429
Nombre de Tile ajoutees dans la pile: 24
Nombre de Tile traversees: 5190  Distance est: 429
Nombre de Tile ajoutees dans la pile: 23
Nombre de Tile traversees: 5191  Distance est: 429
Nombre de Tile ajoutees dans la pile: 23
Nombre de Tile traversees: 5192  Distance est: 429
Nombre de Tile ajoutees dans la pile: 23
Nombre de Tile traversees: 5193  Distance est: 429
Nombre de Tile ajoutees dans la pile: 23
Nombre de Tile traversees: 5194  Distance est: 429
Nombre de Tile ajoutees dans la pile: 23
Nombre de Tile traversees: 5195  Distance est: 429
Nombre de Tile ajoutees dans la pile: 23
Nombre de Tile traversees: 5196  Distance est: 429
Nombre de Tile ajoutees dans la pile: 23
Nombre de Tile traversees: 5197  Distance est: 429
Nombre de Tile ajoutees dans la pile: 23
Nombre de Tile traversees: 5198  Distance est: 429
Nombre de Tile ajoutees dans la pile: 23
Nombre de Tile traversees: 5199  Distance est: 429
Nombre de Tile ajoutees dans la pile: 23
Nombre de Tile traversees: 5200  Distance est: 429
Nombre de Tile ajoutees dans la pile: 23
Nombre de Tile traversees: 5201  Distance est: 429
Nombre de Tile ajoutees dans la pile: 23
Nombre de Tile traversees: 5202  Distance est: 429
Nombre de Tile ajoutees dans la pile: 23
Nombre de Tile traversees: 5203  Distance est: 429
Nombre de Tile ajoutees dans la pile: 23
Nombre de Tile traversees: 5204  Distance est: 429
Nombre de Tile ajoutees dans la pile: 23
Nombre de Tile traversees: 5205  Distance est: 429
Nombre de Tile ajoutees dans la pile: 23
Nombre de Tile traversees: 5206  Distance est: 429
Nombre de Tile ajoutees dans la pile: 23
Nombre de Tile traversees: 5207  Distance est: 429
Nombre de Tile ajoutees dans la pile: 23
Nombre de Tile traversees: 5208  Distance est: 429
Nombre de Tile ajoutees dans la pile: 23
Nombre de Tile traversees: 5209  Distance est: 429
Nombre de Tile ajoutees dans la pile: 23
Nombre de Tile traversees: 5210  Distance est: 429
Nombre de Tile ajoutees dans la pile: 23
Nombre de Tile traversees: 5211  Distance est: 429
Nombre de Tile ajoutees dans la pile: 23
Nombre de Tile traversees: 5212  Distance est: 430
Nombre de Tile ajoutees dans la pile: 23
Nombre de Tile traversees: 5213  Distance est: 430
Nombre de Tile ajoutees dans la pile: 23
Nombre de Tile traversees: 5214  Distance est: 430
Nombre de Tile ajoutees dans la pile: 23
Nombre de Tile traversees: 5215  Distance est: 430
Nombre de Tile ajoutees dans la pile: 23
Nombre de Tile traversees: 5216  Distance est: 430
Nombre de Tile ajoutees dans la pile: 23
Nombre de Tile traversees: 5217  Distance est: 430
Nombre de Tile ajoutees dans la pile: 23
Nombre de Tile traversees: 5218  Distance est: 430
Nombre de Tile ajoutees dans la pile: 23
Nombre de Tile traversees: 5219  Distance est: 430
Nombre de Tile ajoutees dans la pile: 23
Nombre de Tile traversees: 5220  Distance est: 430
Nombre de Tile ajoutees dans la pile: 23
Nombre de Tile traversees: 5221  Distance est: 430
Nombre de Tile ajoutees dans la pile: 23
Nombre de Tile traversees: 5222  Distance est: 430
Nombre de Tile ajoutees dans la pile: 23
Nombre de Tile traversees: 5223  Distance est: 430
Nombre de Tile ajoutees dans la pile: 23
Nombre de Tile traversees: 5224  Distance est: 430
Nombre de Tile ajoutees dans la pile: 23
Nombre de Tile traversees: 5225  Distance est: 430
Nombre de Tile ajoutees dans la pile: 23
Nombre de Tile traversees: 5226  Distance est: 430
Nombre de Tile ajoutees dans la pile: 23
Nombre de Tile traversees: 5227  Distance est: 430
Nombre de Tile ajoutees dans la pile: 23
Nombre de Tile traversees: 5228  Distance est: 430
Nombre de Tile ajoutees dans la pile: 23
Nombre de Tile traversees: 5229  Distance est: 430
Nombre de Tile ajoutees dans la pile: 23
Nombre de Tile traversees: 5230  Distance est: 430
Nombre de Tile ajoutees dans la pile: 23
Nombre de Tile traversees: 5231  Distance est: 430
Nombre de Tile ajoutees dans la pile: 23
Nombre de Tile traversees: 5232  Distance est: 430
Nombre de Tile ajoutees dans la pile: 23
Nombre de Tile traversees: 5233  Distance est: 430
Nombre de Tile ajoutees dans la pile: 23
Nombre de Tile traversees: 5234  Distance est: 430
Nombre de Tile ajoutees dans la pile: 23
Nombre de Tile traversees: 5235  Distance est: 431
Nombre de Tile ajoutees dans la pile: 23
Nombre de Tile traversees: 5236  Distance est: 431
Nombre de Tile ajoutees dans la pile: 23
Nombre de Tile traversees: 5237  Distance est: 431
Nombre de Tile ajoutees dans la pile: 23
Nombre de Tile traversees: 5238  Distance est: 431
Nombre de Tile ajoutees dans la pile: 23
Nombre de Tile traversees: 5239  Distance est: 431
Nombre de Tile ajoutees dans la pile: 23
Nombre de Tile traversees: 5240  Distance est: 431
Nombre de Tile ajoutees dans la pile: 23
Nombre de Tile traversees: 5241  Distance est: 431
Nombre de Tile ajoutees dans la pile: 23
Nombre de Tile traversees: 5242  Distance est: 431
Nombre de Tile ajoutees dans la pile: 23
Nombre de Tile traversees: 5243  Distance est: 431
Nombre de Tile ajoutees dans la pile: 23
Nombre de Tile traversees: 5244  Distance est: 431
Nombre de Tile ajoutees dans la pile: 23
Nombre de Tile traversees: 5245  Distance est: 431
Nombre de Tile ajoutees dans la pile: 23
Nombre de Tile traversees: 5246  Distance est: 431
Nombre de Tile ajoutees dans la pile: 23
Nombre de Tile traversees: 5247  Distance est: 431
Nombre de Tile ajoutees dans la pile: 24
Nombre de Tile traversees: 5248  Distance est: 431
Nombre de Tile ajoutees dans la pile: 24
Nombre de Tile traversees: 5249  Distance est: 431
Nombre de Tile ajoutees dans la pile: 24
Nombre de Tile traversees: 5250  Distance est: 431
Nombre de Tile ajoutees dans la pile: 24
Nombre de Tile traversees: 5251  Distance est: 431
Nombre de Tile ajoutees dans la pile: 24
Nombre de Tile traversees: 5252  Distance est: 431
Nombre de Tile ajoutees dans la pile: 24
Nombre de Tile traversees: 5253  Distance est: 431
Nombre de Tile ajoutees dans la pile: 24
Nombre de Tile traversees: 5254  Distance est: 431
Nombre de Tile ajoutees dans la pile: 23
Nombre de Tile traversees: 5255  Distance est: 431
Nombre de Tile ajoutees dans la pile: 23
Nombre de Tile traversees: 5256  Distance est: 431
Nombre de Tile ajoutees dans la pile: 23
Nombre de Tile traversees: 5257  Distance est: 431
Nombre de Tile ajoutees dans la pile: 24
Nombre de Tile traversees: 5258  Distance est: 432
Nombre de Tile ajoutees dans la pile: 24
Nombre de Tile traversees: 5259  Distance est: 432
Nombre de Tile ajoutees dans la pile: 24
Nombre de Tile traversees: 5260  Distance est: 432
Nombre de Tile ajoutees dans la pile: 24
Nombre de Tile traversees: 5261  Distance est: 432
Nombre de Tile ajoutees dans la pile: 24
Nombre de Tile traversees: 5262  Distance est: 432
Nombre de Tile ajoutees dans la pile: 24
Nombre de Tile traversees: 5263  Distance est: 432
Nombre de Tile ajoutees dans la pile: 24
Nombre de Tile traversees: 5264  Distance est: 432
Nombre de Tile ajoutees dans la pile: 24
Nombre de Tile traversees: 5265  Distance est: 432
Nombre de Tile ajoutees dans la pile: 24
Nombre de Tile traversees: 5266  Distance est: 432
Nombre de Tile ajoutees dans la pile: 25
Nombre de Tile traversees: 5267  Distance est: 432
Nombre de Tile ajoutees dans la pile: 25
Nombre de Tile traversees: 5268  Distance est: 432
Nombre de Tile ajoutees dans la pile: 26
Nombre de Tile traversees: 5269  Distance est: 432
Nombre de Tile ajoutees dans la pile: 26
Nombre de Tile traversees: 5270  Distance est: 432
Nombre de Tile ajoutees dans la pile: 26
Nombre de Tile traversees: 5271  Distance est: 432
Nombre de Tile ajoutees dans la pile: 26
Nombre de Tile traversees: 5272  Distance est: 432
Nombre de Tile ajoutees dans la pile: 26
Nombre de Tile traversees: 5273  Distance est: 432
Nombre de Tile ajoutees dans la pile: 26
Nombre de Tile traversees: 5274  Distance est: 432
Nombre de Tile ajoutees dans la pile: 26
Nombre de Tile traversees: 5275  Distance est: 432
Nombre de Tile ajoutees dans la pile: 26
Nombre de Tile traversees: 5276  Distance est: 432
Nombre de Tile ajoutees dans la pile: 26
Nombre de Tile traversees: 5277  Distance est: 432
Nombre de Tile ajoutees dans la pile: 26
Nombre de Tile traversees: 5278  Distance est: 432
Nombre de Tile ajoutees dans la pile: 26
Nombre de Tile traversees: 5279  Distance est: 432
Nombre de Tile ajoutees dans la pile: 26
Nombre de Tile traversees: 5280  Distance est: 432
Nombre de Tile ajoutees dans la pile: 26
Nombre de Tile traversees: 5281  Distance est: 432
Nombre de Tile ajoutees dans la pile: 26
Nombre de Tile traversees: 5282  Distance est: 433
Nombre de Tile ajoutees dans la pile: 26
Nombre de Tile traversees: 5283  Distance est: 433
Nombre de Tile ajoutees dans la pile: 26
Nombre de Tile traversees: 5284  Distance est: 433
Nombre de Tile ajoutees dans la pile: 26
Nombre de Tile traversees: 5285  Distance est: 433
Nombre de Tile ajoutees dans la pile: 26
Nombre de Tile traversees: 5286  Distance est: 433
Nombre de Tile ajoutees dans la pile: 26
Nombre de Tile traversees: 5287  Distance est: 433
Nombre de Tile ajoutees dans la pile: 26
Nombre de Tile traversees: 5288  Distance est: 433
Nombre de Tile ajoutees dans la pile: 26
Nombre de Tile traversees: 5289  Distance est: 433
Nombre de Tile ajoutees dans la pile: 26
Nombre de Tile traversees: 5290  Distance est: 433
Nombre de Tile ajoutees dans la pile: 27
Nombre de Tile traversees: 5291  Distance est: 433
Nombre de Tile ajoutees dans la pile: 27
Nombre de Tile traversees: 5292  Distance est: 433
Nombre de Tile ajoutees dans la pile: 26
Nombre de Tile traversees: 5293  Distance est: 433
Nombre de Tile ajoutees dans la pile: 27
Nombre de Tile traversees: 5294  Distance est: 433
Nombre de Tile ajoutees dans la pile: 27
Nombre de Tile traversees: 5295  Distance est: 433
Nombre de Tile ajoutees dans la pile: 27
Nombre de Tile traversees: 5296  Distance est: 433
Nombre de Tile ajoutees dans la pile: 27
Nombre de Tile traversees: 5297  Distance est: 433
Nombre de Tile ajoutees dans la pile: 27
Nombre de Tile traversees: 5298  Distance est: 433
Nombre de Tile ajoutees dans la pile: 27
Nombre de Tile traversees: 5299  Distance est: 433
Nombre de Tile ajoutees dans la pile: 27
Nombre de Tile traversees: 5300  Distance est: 433
Nombre de Tile ajoutees dans la pile: 26
Nombre de Tile traversees: 5301  Distance est: 433
Nombre de Tile ajoutees dans la pile: 26
Nombre de Tile traversees: 5302  Distance est: 433
Nombre de Tile ajoutees dans la pile: 26
Nombre de Tile traversees: 5303  Distance est: 433
Nombre de Tile ajoutees dans la pile: 26
Nombre de Tile traversees: 5304  Distance est: 433
Nombre de Tile ajoutees dans la pile: 26
Nombre de Tile traversees: 5305  Distance est: 433
Nombre de Tile ajoutees dans la pile: 26
Nombre de Tile traversees: 5306  Distance est: 433
Nombre de Tile ajoutees dans la pile: 26
Nombre de Tile traversees: 5307  Distance est: 433
Nombre de Tile ajoutees dans la pile: 26
Nombre de Tile traversees: 5308  Distance est: 434
Nombre de Tile ajoutees dans la pile: 26
Nombre de Tile traversees: 5309  Distance est: 434
Nombre de Tile ajoutees dans la pile: 26
Nombre de Tile traversees: 5310  Distance est: 434
Nombre de Tile ajoutees dans la pile: 26
Nombre de Tile traversees: 5311  Distance est: 434
Nombre de Tile ajoutees dans la pile: 26
Nombre de Tile traversees: 5312  Distance est: 434
Nombre de Tile ajoutees dans la pile: 26
Nombre de Tile traversees: 5313  Distance est: 434
Nombre de Tile ajoutees dans la pile: 26
Nombre de Tile traversees: 5314  Distance est: 434
Nombre de Tile ajoutees dans la pile: 26
Nombre de Tile traversees: 5315  Distance est: 434
Nombre de Tile ajoutees dans la pile: 26
Nombre de Tile traversees: 5316  Distance est: 434
Nombre de Tile ajoutees dans la pile: 27
Nombre de Tile traversees: 5317  Distance est: 434
Nombre de Tile ajoutees dans la pile: 26
Nombre de Tile traversees: 5318  Distance est: 434
Nombre de Tile ajoutees dans la pile: 26
Nombre de Tile traversees: 5319  Distance est: 434
Nombre de Tile ajoutees dans la pile: 27
Nombre de Tile traversees: 5320  Distance est: 434
Nombre de Tile ajoutees dans la pile: 26
Nombre de Tile traversees: 5321  Distance est: 434
Nombre de Tile ajoutees dans la pile: 26
Nombre de Tile traversees: 5322  Distance est: 434
Nombre de Tile ajoutees dans la pile: 26
Nombre de Tile traversees: 5323  Distance est: 434
Nombre de Tile ajoutees dans la pile: 26
Nombre de Tile traversees: 5324  Distance est: 434
Nombre de Tile ajoutees dans la pile: 26
Nombre de Tile traversees: 5325  Distance est: 434
Nombre de Tile ajoutees dans la pile: 26
Nombre de Tile traversees: 5326  Distance est: 434
Nombre de Tile ajoutees dans la pile: 26
Nombre de Tile traversees: 5327  Distance est: 434
Nombre de Tile ajoutees dans la pile: 26
Nombre de Tile traversees: 5328  Distance est: 434
Nombre de Tile ajoutees dans la pile: 27
Nombre de Tile traversees: 5329  Distance est: 434
Nombre de Tile ajoutees dans la pile: 27
Nombre de Tile traversees: 5330  Distance est: 434
Nombre de Tile ajoutees dans la pile: 27
Nombre de Tile traversees: 5331  Distance est: 434
Nombre de Tile ajoutees dans la pile: 28
Nombre de Tile traversees: 5332  Distance est: 434
Nombre de Tile ajoutees dans la pile: 28
Nombre de Tile traversees: 5333  Distance est: 434
Nombre de Tile ajoutees dans la pile: 28
Nombre de Tile traversees: 5334  Distance est: 435
Nombre de Tile ajoutees dans la pile: 28
Nombre de Tile traversees: 5335  Distance est: 435
Nombre de Tile ajoutees dans la pile: 28
Nombre de Tile traversees: 5336  Distance est: 435
Nombre de Tile ajoutees dans la pile: 28
Nombre de Tile traversees: 5337  Distance est: 435
Nombre de Tile ajoutees dans la pile: 28
Nombre de Tile traversees: 5338  Distance est: 435
Nombre de Tile ajoutees dans la pile: 28
Nombre de Tile traversees: 5339  Distance est: 435
Nombre de Tile ajoutees dans la pile: 27
Nombre de Tile traversees: 5340  Distance est: 435
Nombre de Tile ajoutees dans la pile: 27
Nombre de Tile traversees: 5341  Distance est: 435
Nombre de Tile ajoutees dans la pile: 27
Nombre de Tile traversees: 5342  Distance est: 435
Nombre de Tile ajoutees dans la pile: 26
Nombre de Tile traversees: 5343  Distance est: 435
Nombre de Tile ajoutees dans la pile: 25
Nombre de Tile traversees: 5344  Distance est: 435
Nombre de Tile ajoutees dans la pile: 25
Nombre de Tile traversees: 5345  Distance est: 435
Nombre de Tile ajoutees dans la pile: 24
Nombre de Tile traversees: 5346  Distance est: 435
Nombre de Tile ajoutees dans la pile: 23
Nombre de Tile traversees: 5347  Distance est: 435
Nombre de Tile ajoutees dans la pile: 23
Nombre de Tile traversees: 5348  Distance est: 435
Nombre de Tile ajoutees dans la pile: 23
Nombre de Tile traversees: 5349  Distance est: 435
Nombre de Tile ajoutees dans la pile: 23
Nombre de Tile traversees: 5350  Distance est: 435
Nombre de Tile ajoutees dans la pile: 23
Nombre de Tile traversees: 5351  Distance est: 435
Nombre de Tile ajoutees dans la pile: 23
Nombre de Tile traversees: 5352  Distance est: 435
Nombre de Tile ajoutees dans la pile: 23
Nombre de Tile traversees: 5353  Distance est: 435
Nombre de Tile ajoutees dans la pile: 23
Nombre de Tile traversees: 5354  Distance est: 435
Nombre de Tile ajoutees dans la pile: 24
Nombre de Tile traversees: 5355  Distance est: 435
Nombre de Tile ajoutees dans la pile: 23
Nombre de Tile traversees: 5356  Distance est: 435
Nombre de Tile ajoutees dans la pile: 22
Nombre de Tile traversees: 5357  Distance est: 435
Nombre de Tile ajoutees dans la pile: 22
Nombre de Tile traversees: 5358  Distance est: 435
Nombre de Tile ajoutees dans la pile: 23
Nombre de Tile traversees: 5359  Distance est: 435
Nombre de Tile ajoutees dans la pile: 22
Nombre de Tile traversees: 5360  Distance est: 435
Nombre de Tile ajoutees dans la pile: 22
Nombre de Tile traversees: 5361  Distance est: 435
Nombre de Tile ajoutees dans la pile: 22
Nombre de Tile traversees: 5362  Distance est: 436
Nombre de Tile ajoutees dans la pile: 22
Nombre de Tile traversees: 5363  Distance est: 436
Nombre de Tile ajoutees dans la pile: 22
Nombre de Tile traversees: 5364  Distance est: 436
Nombre de Tile ajoutees dans la pile: 22
Nombre de Tile traversees: 5365  Distance est: 436
Nombre de Tile ajoutees dans la pile: 22
Nombre de Tile traversees: 5366  Distance est: 436
Nombre de Tile ajoutees dans la pile: 22
Nombre de Tile traversees: 5367  Distance est: 436
Nombre de Tile ajoutees dans la pile: 23
Nombre de Tile traversees: 5368  Distance est: 436
Nombre de Tile ajoutees dans la pile: 23
Nombre de Tile traversees: 5369  Distance est: 436
Nombre de Tile ajoutees dans la pile: 23
Nombre de Tile traversees: 5370  Distance est: 436
Nombre de Tile ajoutees dans la pile: 24
Nombre de Tile traversees: 5371  Distance est: 436
Nombre de Tile ajoutees dans la pile: 24
Nombre de Tile traversees: 5372  Distance est: 436
Nombre de Tile ajoutees dans la pile: 24
Nombre de Tile traversees: 5373  Distance est: 436
Nombre de Tile ajoutees dans la pile: 24
Nombre de Tile traversees: 5374  Distance est: 436
Nombre de Tile ajoutees dans la pile: 24
Nombre de Tile traversees: 5375  Distance est: 436
Nombre de Tile ajoutees dans la pile: 24
Nombre de Tile traversees: 5376  Distance est: 436
Nombre de Tile ajoutees dans la pile: 24
Nombre de Tile traversees: 5377  Distance est: 436
Nombre de Tile ajoutees dans la pile: 25
Nombre de Tile traversees: 5378  Distance est: 436
Nombre de Tile ajoutees dans la pile: 24
Nombre de Tile traversees: 5379  Distance est: 436
Nombre de Tile ajoutees dans la pile: 24
Nombre de Tile traversees: 5380  Distance est: 436
Nombre de Tile ajoutees dans la pile: 25
Nombre de Tile traversees: 5381  Distance est: 436
Nombre de Tile ajoutees dans la pile: 24
Nombre de Tile traversees: 5382  Distance est: 436
Nombre de Tile ajoutees dans la pile: 24
Nombre de Tile traversees: 5383  Distance est: 436
Nombre de Tile ajoutees dans la pile: 24
Nombre de Tile traversees: 5384  Distance est: 437
Nombre de Tile ajoutees dans la pile: 24
Nombre de Tile traversees: 5385  Distance est: 437
Nombre de Tile ajoutees dans la pile: 24
Nombre de Tile traversees: 5386  Distance est: 437
Nombre de Tile ajoutees dans la pile: 24
Nombre de Tile traversees: 5387  Distance est: 437
Nombre de Tile ajoutees dans la pile: 24
Nombre de Tile traversees: 5388  Distance est: 437
Nombre de Tile ajoutees dans la pile: 24
Nombre de Tile traversees: 5389  Distance est: 437
Nombre de Tile ajoutees dans la pile: 25
Nombre de Tile traversees: 5390  Distance est: 437
Nombre de Tile ajoutees dans la pile: 24
Nombre de Tile traversees: 5391  Distance est: 437
Nombre de Tile ajoutees dans la pile: 24
Nombre de Tile traversees: 5392  Distance est: 437
Nombre de Tile ajoutees dans la pile: 24
Nombre de Tile traversees: 5393  Distance est: 437
Nombre de Tile ajoutees dans la pile: 25
Nombre de Tile traversees: 5394  Distance est: 437
Nombre de Tile ajoutees dans la pile: 24
Nombre de Tile traversees: 5395  Distance est: 437
Nombre de Tile ajoutees dans la pile: 24
Nombre de Tile traversees: 5396  Distance est: 437
Nombre de Tile ajoutees dans la pile: 23
Nombre de Tile traversees: 5397  Distance est: 437
Nombre de Tile ajoutees dans la pile: 23
Nombre de Tile traversees: 5398  Distance est: 437
Nombre de Tile ajoutees dans la pile: 23
Nombre de Tile traversees: 5399  Distance est: 437
Nombre de Tile ajoutees dans la pile: 23
Nombre de Tile traversees: 5400  Distance est: 437
Nombre de Tile ajoutees dans la pile: 23
Nombre de Tile traversees: 5401  Distance est: 437
Nombre de Tile ajoutees dans la pile: 23
Nombre de Tile traversees: 5402  Distance est: 437
Nombre de Tile ajoutees dans la pile: 22
Nombre de Tile traversees: 5403  Distance est: 437
Nombre de Tile ajoutees dans la pile: 23
Nombre de Tile traversees: 5404  Distance est: 437
Nombre de Tile ajoutees dans la pile: 23
Nombre de Tile traversees: 5405  Distance est: 437
Nombre de Tile ajoutees dans la pile: 22
Nombre de Tile traversees: 5406  Distance est: 437
Nombre de Tile ajoutees dans la pile: 22
Nombre de Tile traversees: 5407  Distance est: 437
Nombre de Tile ajoutees dans la pile: 22
Nombre de Tile traversees: 5408  Distance est: 438
Nombre de Tile ajoutees dans la pile: 22
Nombre de Tile traversees: 5409  Distance est: 438
Nombre de Tile ajoutees dans la pile: 22
Nombre de Tile traversees: 5410  Distance est: 438
Nombre de Tile ajoutees dans la pile: 22
Nombre de Tile traversees: 5411  Distance est: 438
Nombre de Tile ajoutees dans la pile: 22
Nombre de Tile traversees: 5412  Distance est: 438
Nombre de Tile ajoutees dans la pile: 22
Nombre de Tile traversees: 5413  Distance est: 438
Nombre de Tile ajoutees dans la pile: 23
Nombre de Tile traversees: 5414  Distance est: 438
Nombre de Tile ajoutees dans la pile: 22
Nombre de Tile traversees: 5415  Distance est: 438
Nombre de Tile ajoutees dans la pile: 22
Nombre de Tile traversees: 5416  Distance est: 438
Nombre de Tile ajoutees dans la pile: 22
Nombre de Tile traversees: 5417  Distance est: 438
Nombre de Tile ajoutees dans la pile: 23
Nombre de Tile traversees: 5418  Distance est: 438
Nombre de Tile ajoutees dans la pile: 22
Nombre de Tile traversees: 5419  Distance est: 438
Nombre de Tile ajoutees dans la pile: 22
Nombre de Tile traversees: 5420  Distance est: 438
Nombre de Tile ajoutees dans la pile: 22
Nombre de Tile traversees: 5421  Distance est: 438
Nombre de Tile ajoutees dans la pile: 22
Nombre de Tile traversees: 5422  Distance est: 438
Nombre de Tile ajoutees dans la pile: 22
Nombre de Tile traversees: 5423  Distance est: 438
Nombre de Tile ajoutees dans la pile: 22
Nombre de Tile traversees: 5424  Distance est: 438
Nombre de Tile ajoutees dans la pile: 22
Nombre de Tile traversees: 5425  Distance est: 438
Nombre de Tile ajoutees dans la pile: 22
Nombre de Tile traversees: 5426  Distance est: 438
Nombre de Tile ajoutees dans la pile: 22
Nombre de Tile traversees: 5427  Distance est: 438
Nombre de Tile ajoutees dans la pile: 22
Nombre de Tile traversees: 5428  Distance est: 438
Nombre de Tile ajoutees dans la pile: 22
Nombre de Tile traversees: 5429  Distance est: 438
Nombre de Tile ajoutees dans la pile: 22
Nombre de Tile traversees: 5430  Distance est: 439
Nombre de Tile ajoutees dans la pile: 22
Nombre de Tile traversees: 5431  Distance est: 439
Nombre de Tile ajoutees dans la pile: 22
Nombre de Tile traversees: 5432  Distance est: 439
Nombre de Tile ajoutees dans la pile: 22
Nombre de Tile traversees: 5433  Distance est: 439
Nombre de Tile ajoutees dans la pile: 21
Nombre de Tile traversees: 5434  Distance est: 439
Nombre de Tile ajoutees dans la pile: 22
Nombre de Tile traversees: 5435  Distance est: 439
Nombre de Tile ajoutees dans la pile: 22
Nombre de Tile traversees: 5436  Distance est: 439
Nombre de Tile ajoutees dans la pile: 21
Nombre de Tile traversees: 5437  Distance est: 439
Nombre de Tile ajoutees dans la pile: 21
Nombre de Tile traversees: 5438  Distance est: 439
Nombre de Tile ajoutees dans la pile: 21
Nombre de Tile traversees: 5439  Distance est: 439
Nombre de Tile ajoutees dans la pile: 21
Nombre de Tile traversees: 5440  Distance est: 439
Nombre de Tile ajoutees dans la pile: 21
Nombre de Tile traversees: 5441  Distance est: 439
Nombre de Tile ajoutees dans la pile: 21
Nombre de Tile traversees: 5442  Distance est: 439
Nombre de Tile ajoutees dans la pile: 20
Nombre de Tile traversees: 5443  Distance est: 439
Nombre de Tile ajoutees dans la pile: 20
Nombre de Tile traversees: 5444  Distance est: 439
Nombre de Tile ajoutees dans la pile: 20
Nombre de Tile traversees: 5445  Distance est: 439
Nombre de Tile ajoutees dans la pile: 20
Nombre de Tile traversees: 5446  Distance est: 439
Nombre de Tile ajoutees dans la pile: 20
Nombre de Tile traversees: 5447  Distance est: 439
Nombre de Tile ajoutees dans la pile: 20
Nombre de Tile traversees: 5448  Distance est: 439
Nombre de Tile ajoutees dans la pile: 20
Nombre de Tile traversees: 5449  Distance est: 439
Nombre de Tile ajoutees dans la pile: 20
Nombre de Tile traversees: 5450  Distance est: 439
Nombre de Tile ajoutees dans la pile: 19
Nombre de Tile traversees: 5451  Distance est: 439
Nombre de Tile ajoutees dans la pile: 20
Nombre de Tile traversees: 5452  Distance est: 440
Nombre de Tile ajoutees dans la pile: 20
Nombre de Tile traversees: 5453  Distance est: 440
Nombre de Tile ajoutees dans la pile: 20
Nombre de Tile traversees: 5454  Distance est: 440
Nombre de Tile ajoutees dans la pile: 20
Nombre de Tile traversees: 5455  Distance est: 440
Nombre de Tile ajoutees dans la pile: 20
Nombre de Tile traversees: 5456  Distance est: 440
Nombre de Tile ajoutees dans la pile: 20
Nombre de Tile traversees: 5457  Distance est: 440
Nombre de Tile ajoutees dans la pile: 20
Nombre de Tile traversees: 5458  Distance est: 440
Nombre de Tile ajoutees dans la pile: 20
Nombre de Tile traversees: 5459  Distance est: 440
Nombre de Tile ajoutees dans la pile: 20
Nombre de Tile traversees: 5460  Distance est: 440
Nombre de Tile ajoutees dans la pile: 20
Nombre de Tile traversees: 5461  Distance est: 440
Nombre de Tile ajoutees dans la pile: 20
Nombre de Tile traversees: 5462  Distance est: 440
Nombre de Tile ajoutees dans la pile: 20
Nombre de Tile traversees: 5463  Distance est: 440
Nombre de Tile ajoutees dans la pile: 21
Nombre de Tile traversees: 5464  Distance est: 440
Nombre de Tile ajoutees dans la pile: 21
Nombre de Tile traversees: 5465  Distance est: 440
Nombre de Tile ajoutees dans la pile: 21
Nombre de Tile traversees: 5466  Distance est: 440
Nombre de Tile ajoutees dans la pile: 21
Nombre de Tile traversees: 5467  Distance est: 440
Nombre de Tile ajoutees dans la pile: 21
Nombre de Tile traversees: 5468  Distance est: 440
Nombre de Tile ajoutees dans la pile: 21
Nombre de Tile traversees: 5469  Distance est: 440
Nombre de Tile ajoutees dans la pile: 21
Nombre de Tile traversees: 5470  Distance est: 440
Nombre de Tile ajoutees dans la pile: 21
Nombre de Tile traversees: 5471  Distance est: 440
Nombre de Tile ajoutees dans la pile: 21
Nombre de Tile traversees: 5472  Distance est: 441
Nombre de Tile ajoutees dans la pile: 21
Nombre de Tile traversees: 5473  Distance est: 441
Nombre de Tile ajoutees dans la pile: 21
Nombre de Tile traversees: 5474  Distance est: 441
Nombre de Tile ajoutees dans la pile: 21
Nombre de Tile traversees: 5475  Distance est: 441
Nombre de Tile ajoutees dans la pile: 20
Nombre de Tile traversees: 5476  Distance est: 441
Nombre de Tile ajoutees dans la pile: 19
Nombre de Tile traversees: 5477  Distance est: 441
Nombre de Tile ajoutees dans la pile: 19
Nombre de Tile traversees: 5478  Distance est: 441
Nombre de Tile ajoutees dans la pile: 19
Nombre de Tile traversees: 5479  Distance est: 441
Nombre de Tile ajoutees dans la pile: 19
Nombre de Tile traversees: 5480  Distance est: 441
Nombre de Tile ajoutees dans la pile: 19
Nombre de Tile traversees: 5481  Distance est: 441
Nombre de Tile ajoutees dans la pile: 19
Nombre de Tile traversees: 5482  Distance est: 441
Nombre de Tile ajoutees dans la pile: 19
Nombre de Tile traversees: 5483  Distance est: 441
Nombre de Tile ajoutees dans la pile: 20
Nombre de Tile traversees: 5484  Distance est: 441
Nombre de Tile ajoutees dans la pile: 19
Nombre de Tile traversees: 5485  Distance est: 441
Nombre de Tile ajoutees dans la pile: 19
Nombre de Tile traversees: 5486  Distance est: 441
Nombre de Tile ajoutees dans la pile: 20
Nombre de Tile traversees: 5487  Distance est: 441
Nombre de Tile ajoutees dans la pile: 20
Nombre de Tile traversees: 5488  Distance est: 441
Nombre de Tile ajoutees dans la pile: 20
Nombre de Tile traversees: 5489  Distance est: 441
Nombre de Tile ajoutees dans la pile: 20
Nombre de Tile traversees: 5490  Distance est: 441
Nombre de Tile ajoutees dans la pile: 20
Nombre de Tile traversees: 5491  Distance est: 441
Nombre de Tile ajoutees dans la pile: 20
Nombre de Tile traversees: 5492  Distance est: 441
Nombre de Tile ajoutees dans la pile: 20
Nombre de Tile traversees: 5493  Distance est: 442
Nombre de Tile ajoutees dans la pile: 20
Nombre de Tile traversees: 5494  Distance est: 442
Nombre de Tile ajoutees dans la pile: 20
Nombre de Tile traversees: 5495  Distance est: 442
Nombre de Tile ajoutees dans la pile: 20
Nombre de Tile traversees: 5496  Distance est: 442
Nombre de Tile ajoutees dans la pile: 20
Nombre de Tile traversees: 5497  Distance est: 442
Nombre de Tile ajoutees dans la pile: 20
Nombre de Tile traversees: 5498  Distance est: 442
Nombre de Tile ajoutees dans la pile: 21
Nombre de Tile traversees: 5499  Distance est: 442
Nombre de Tile ajoutees dans la pile: 21
Nombre de Tile traversees: 5500  Distance est: 442
Nombre de Tile ajoutees dans la pile: 21
Nombre de Tile traversees: 5501  Distance est: 442
Nombre de Tile ajoutees dans la pile: 21
Nombre de Tile traversees: 5502  Distance est: 442
Nombre de Tile ajoutees dans la pile: 22
Nombre de Tile traversees: 5503  Distance est: 442
Nombre de Tile ajoutees dans la pile: 21
Nombre de Tile traversees: 5504  Distance est: 442
Nombre de Tile ajoutees dans la pile: 21
Nombre de Tile traversees: 5505  Distance est: 442
Nombre de Tile ajoutees dans la pile: 21
Nombre de Tile traversees: 5506  Distance est: 442
Nombre de Tile ajoutees dans la pile: 21
Nombre de Tile traversees: 5507  Distance est: 442
Nombre de Tile ajoutees dans la pile: 21
Nombre de Tile traversees: 5508  Distance est: 442
Nombre de Tile ajoutees dans la pile: 21
Nombre de Tile traversees: 5509  Distance est: 442
Nombre de Tile ajoutees dans la pile: 21
Nombre de Tile traversees: 5510  Distance est: 442
Nombre de Tile ajoutees dans la pile: 21
Nombre de Tile traversees: 5511  Distance est: 442
Nombre de Tile ajoutees dans la pile: 21
Nombre de Tile traversees: 5512  Distance est: 442
Nombre de Tile ajoutees dans la pile: 21
Nombre de Tile traversees: 5513  Distance est: 443
Nombre de Tile ajoutees dans la pile: 21
Nombre de Tile traversees: 5514  Distance est: 443
Nombre de Tile ajoutees dans la pile: 21
Nombre de Tile traversees: 5515  Distance est: 443
Nombre de Tile ajoutees dans la pile: 21
Nombre de Tile traversees: 5516  Distance est: 443
Nombre de Tile ajoutees dans la pile: 21
Nombre de Tile traversees: 5517  Distance est: 443
Nombre de Tile ajoutees dans la pile: 21
Nombre de Tile traversees: 5518  Distance est: 443
Nombre de Tile ajoutees dans la pile: 22
Nombre de Tile traversees: 5519  Distance est: 443
Nombre de Tile ajoutees dans la pile: 21
Nombre de Tile traversees: 5520  Distance est: 443
Nombre de Tile ajoutees dans la pile: 21
Nombre de Tile traversees: 5521  Distance est: 443
Nombre de Tile ajoutees dans la pile: 22
Nombre de Tile traversees: 5522  Distance est: 443
Nombre de Tile ajoutees dans la pile: 22
Nombre de Tile traversees: 5523  Distance est: 443
Nombre de Tile ajoutees dans la pile: 21
Nombre de Tile traversees: 5524  Distance est: 443
Nombre de Tile ajoutees dans la pile: 20
Nombre de Tile traversees: 5525  Distance est: 443
Nombre de Tile ajoutees dans la pile: 20
Nombre de Tile traversees: 5526  Distance est: 443
Nombre de Tile ajoutees dans la pile: 20
Nombre de Tile traversees: 5527  Distance est: 443
Nombre de Tile ajoutees dans la pile: 20
Nombre de Tile traversees: 5528  Distance est: 443
Nombre de Tile ajoutees dans la pile: 20
Nombre de Tile traversees: 5529  Distance est: 443
Nombre de Tile ajoutees dans la pile: 20
Nombre de Tile traversees: 5530  Distance est: 443
Nombre de Tile ajoutees dans la pile: 20
Nombre de Tile traversees: 5531  Distance est: 443
Nombre de Tile ajoutees dans la pile: 20
Nombre de Tile traversees: 5532  Distance est: 443
Nombre de Tile ajoutees dans la pile: 20
Nombre de Tile traversees: 5533  Distance est: 443
Nombre de Tile ajoutees dans la pile: 20
Nombre de Tile traversees: 5534  Distance est: 444
Nombre de Tile ajoutees dans la pile: 20
Nombre de Tile traversees: 5535  Distance est: 444
Nombre de Tile ajoutees dans la pile: 20
Nombre de Tile traversees: 5536  Distance est: 444
Nombre de Tile ajoutees dans la pile: 20
Nombre de Tile traversees: 5537  Distance est: 444
Nombre de Tile ajoutees dans la pile: 20
Nombre de Tile traversees: 5538  Distance est: 444
Nombre de Tile ajoutees dans la pile: 20
Nombre de Tile traversees: 5539  Distance est: 444
Nombre de Tile ajoutees dans la pile: 21
Nombre de Tile traversees: 5540  Distance est: 444
Nombre de Tile ajoutees dans la pile: 20
Nombre de Tile traversees: 5541  Distance est: 444
Nombre de Tile ajoutees dans la pile: 20
Nombre de Tile traversees: 5542  Distance est: 444
Nombre de Tile ajoutees dans la pile: 20
Nombre de Tile traversees: 5543  Distance est: 444
Nombre de Tile ajoutees dans la pile: 20
Nombre de Tile traversees: 5544  Distance est: 444
Nombre de Tile ajoutees dans la pile: 20
Nombre de Tile traversees: 5545  Distance est: 444
Nombre de Tile ajoutees dans la pile: 20
Nombre de Tile traversees: 5546  Distance est: 444
Nombre de Tile ajoutees dans la pile: 20
Nombre de Tile traversees: 5547  Distance est: 444
Nombre de Tile ajoutees dans la pile: 20
Nombre de Tile traversees: 5548  Distance est: 444
Nombre de Tile ajoutees dans la pile: 20
Nombre de Tile traversees: 5549  Distance est: 444
Nombre de Tile ajoutees dans la pile: 20
Nombre de Tile traversees: 5550  Distance est: 444
Nombre de Tile ajoutees dans la pile: 20
Nombre de Tile traversees: 5551  Distance est: 444
Nombre de Tile ajoutees dans la pile: 21
Nombre de Tile traversees: 5552  Distance est: 444
Nombre de Tile ajoutees dans la pile: 21
Nombre de Tile traversees: 5553  Distance est: 444
Nombre de Tile ajoutees dans la pile: 21
Nombre de Tile traversees: 5554  Distance est: 445
Nombre de Tile ajoutees dans la pile: 22
Nombre de Tile traversees: 5555  Distance est: 445
Nombre de Tile ajoutees dans la pile: 22
Nombre de Tile traversees: 5556  Distance est: 445
Nombre de Tile ajoutees dans la pile: 22
Nombre de Tile traversees: 5557  Distance est: 445
Nombre de Tile ajoutees dans la pile: 22
Nombre de Tile traversees: 5558  Distance est: 445
Nombre de Tile ajoutees dans la pile: 23
Nombre de Tile traversees: 5559  Distance est: 445
Nombre de Tile ajoutees dans la pile: 23
Nombre de Tile traversees: 5560  Distance est: 445
Nombre de Tile ajoutees dans la pile: 22
Nombre de Tile traversees: 5561  Distance est: 445
Nombre de Tile ajoutees dans la pile: 22
Nombre de Tile traversees: 5562  Distance est: 445
Nombre de Tile ajoutees dans la pile: 21
Nombre de Tile traversees: 5563  Distance est: 445
Nombre de Tile ajoutees dans la pile: 21
Nombre de Tile traversees: 5564  Distance est: 445
Nombre de Tile ajoutees dans la pile: 20
Nombre de Tile traversees: 5565  Distance est: 445
Nombre de Tile ajoutees dans la pile: 20
Nombre de Tile traversees: 5566  Distance est: 445
Nombre de Tile ajoutees dans la pile: 19
Nombre de Tile traversees: 5567  Distance est: 445
Nombre de Tile ajoutees dans la pile: 19
Nombre de Tile traversees: 5568  Distance est: 445
Nombre de Tile ajoutees dans la pile: 19
Nombre de Tile traversees: 5569  Distance est: 445
Nombre de Tile ajoutees dans la pile: 19
Nombre de Tile traversees: 5570  Distance est: 445
Nombre de Tile ajoutees dans la pile: 19
Nombre de Tile traversees: 5571  Distance est: 445
Nombre de Tile ajoutees dans la pile: 20
Nombre de Tile traversees: 5572  Distance est: 445
Nombre de Tile ajoutees dans la pile: 20
Nombre de Tile traversees: 5573  Distance est: 445
Nombre de Tile ajoutees dans la pile: 20
Nombre de Tile traversees: 5574  Distance est: 445
Nombre de Tile ajoutees dans la pile: 20
Nombre de Tile traversees: 5575  Distance est: 445
Nombre de Tile ajoutees dans la pile: 21
Nombre de Tile traversees: 5576  Distance est: 446
Nombre de Tile ajoutees dans la pile: 20
Nombre de Tile traversees: 5577  Distance est: 446
Nombre de Tile ajoutees dans la pile: 20
Nombre de Tile traversees: 5578  Distance est: 446
Nombre de Tile ajoutees dans la pile: 20
Nombre de Tile traversees: 5579  Distance est: 446
Nombre de Tile ajoutees dans la pile: 20
Nombre de Tile traversees: 5580  Distance est: 446
Nombre de Tile ajoutees dans la pile: 20
Nombre de Tile traversees: 5581  Distance est: 446
Nombre de Tile ajoutees dans la pile: 20
Nombre de Tile traversees: 5582  Distance est: 446
Nombre de Tile ajoutees dans la pile: 20
Nombre de Tile traversees: 5583  Distance est: 446
Nombre de Tile ajoutees dans la pile: 20
Nombre de Tile traversees: 5584  Distance est: 446
Nombre de Tile ajoutees dans la pile: 20
Nombre de Tile traversees: 5585  Distance est: 446
Nombre de Tile ajoutees dans la pile: 20
Nombre de Tile traversees: 5586  Distance est: 446
Nombre de Tile ajoutees dans la pile: 20
Nombre de Tile traversees: 5587  Distance est: 446
Nombre de Tile ajoutees dans la pile: 20
Nombre de Tile traversees: 5588  Distance est: 446
Nombre de Tile ajoutees dans la pile: 20
Nombre de Tile traversees: 5589  Distance est: 446
Nombre de Tile ajoutees dans la pile: 20
Nombre de Tile traversees: 5590  Distance est: 446
Nombre de Tile ajoutees dans la pile: 21
Nombre de Tile traversees: 5591  Distance est: 446
Nombre de Tile ajoutees dans la pile: 20
Nombre de Tile traversees: 5592  Distance est: 446
Nombre de Tile ajoutees dans la pile: 20
Nombre de Tile traversees: 5593  Distance est: 446
Nombre de Tile ajoutees dans la pile: 20
Nombre de Tile traversees: 5594  Distance est: 446
Nombre de Tile ajoutees dans la pile: 20
Nombre de Tile traversees: 5595  Distance est: 446
Nombre de Tile ajoutees dans la pile: 21
Nombre de Tile traversees: 5596  Distance est: 447
Nombre de Tile ajoutees dans la pile: 20
Nombre de Tile traversees: 5597  Distance est: 447
Nombre de Tile ajoutees dans la pile: 20
Nombre de Tile traversees: 5598  Distance est: 447
Nombre de Tile ajoutees dans la pile: 20
Nombre de Tile traversees: 5599  Distance est: 447
Nombre de Tile ajoutees dans la pile: 20
Nombre de Tile traversees: 5600  Distance est: 447
Nombre de Tile ajoutees dans la pile: 20
Nombre de Tile traversees: 5601  Distance est: 447
Nombre de Tile ajoutees dans la pile: 20
Nombre de Tile traversees: 5602  Distance est: 447
Nombre de Tile ajoutees dans la pile: 20
Nombre de Tile traversees: 5603  Distance est: 447
Nombre de Tile ajoutees dans la pile: 20
Nombre de Tile traversees: 5604  Distance est: 447
Nombre de Tile ajoutees dans la pile: 20
Nombre de Tile traversees: 5605  Distance est: 447
Nombre de Tile ajoutees dans la pile: 20
Nombre de Tile traversees: 5606  Distance est: 447
Nombre de Tile ajoutees dans la pile: 20
Nombre de Tile traversees: 5607  Distance est: 447
Nombre de Tile ajoutees dans la pile: 19
Nombre de Tile traversees: 5608  Distance est: 447
Nombre de Tile ajoutees dans la pile: 19
Nombre de Tile traversees: 5609  Distance est: 447
Nombre de Tile ajoutees dans la pile: 20
Nombre de Tile traversees: 5610  Distance est: 447
Nombre de Tile ajoutees dans la pile: 20
Nombre de Tile traversees: 5611  Distance est: 447
Nombre de Tile ajoutees dans la pile: 19
Nombre de Tile traversees: 5612  Distance est: 447
Nombre de Tile ajoutees dans la pile: 19
Nombre de Tile traversees: 5613  Distance est: 447
Nombre de Tile ajoutees dans la pile: 18
Nombre de Tile traversees: 5614  Distance est: 447
Nombre de Tile ajoutees dans la pile: 17
Nombre de Tile traversees: 5615  Distance est: 447
Nombre de Tile ajoutees dans la pile: 17
Nombre de Tile traversees: 5616  Distance est: 448
Nombre de Tile ajoutees dans la pile: 17
Nombre de Tile traversees: 5617  Distance est: 448
Nombre de Tile ajoutees dans la pile: 17
Nombre de Tile traversees: 5618  Distance est: 448
Nombre de Tile ajoutees dans la pile: 17
Nombre de Tile traversees: 5619  Distance est: 448
Nombre de Tile ajoutees dans la pile: 17
Nombre de Tile traversees: 5620  Distance est: 448
Nombre de Tile ajoutees dans la pile: 17
Nombre de Tile traversees: 5621  Distance est: 448
Nombre de Tile ajoutees dans la pile: 17
Nombre de Tile traversees: 5622  Distance est: 448
Nombre de Tile ajoutees dans la pile: 17
Nombre de Tile traversees: 5623  Distance est: 448
Nombre de Tile ajoutees dans la pile: 17
Nombre de Tile traversees: 5624  Distance est: 448
Nombre de Tile ajoutees dans la pile: 17
Nombre de Tile traversees: 5625  Distance est: 448
Nombre de Tile ajoutees dans la pile: 17
Nombre de Tile traversees: 5626  Distance est: 448
Nombre de Tile ajoutees dans la pile: 17
Nombre de Tile traversees: 5627  Distance est: 448
Nombre de Tile ajoutees dans la pile: 17
Nombre de Tile traversees: 5628  Distance est: 448
Nombre de Tile ajoutees dans la pile: 18
Nombre de Tile traversees: 5629  Distance est: 448
Nombre de Tile ajoutees dans la pile: 18
Nombre de Tile traversees: 5630  Distance est: 448
Nombre de Tile ajoutees dans la pile: 18
Nombre de Tile traversees: 5631  Distance est: 448
Nombre de Tile ajoutees dans la pile: 18
Nombre de Tile traversees: 5632  Distance est: 448
Nombre de Tile ajoutees dans la pile: 18
Nombre de Tile traversees: 5633  Distance est: 449
Nombre de Tile ajoutees dans la pile: 18
Nombre de Tile traversees: 5634  Distance est: 449
Nombre de Tile ajoutees dans la pile: 18
Nombre de Tile traversees: 5635  Distance est: 449
Nombre de Tile ajoutees dans la pile: 18
Nombre de Tile traversees: 5636  Distance est: 449
Nombre de Tile ajoutees dans la pile: 18
Nombre de Tile traversees: 5637  Distance est: 449
Nombre de Tile ajoutees dans la pile: 19
Nombre de Tile traversees: 5638  Distance est: 449
Nombre de Tile ajoutees dans la pile: 19
Nombre de Tile traversees: 5639  Distance est: 449
Nombre de Tile ajoutees dans la pile: 19
Nombre de Tile traversees: 5640  Distance est: 449
Nombre de Tile ajoutees dans la pile: 19
Nombre de Tile traversees: 5641  Distance est: 449
Nombre de Tile ajoutees dans la pile: 19
Nombre de Tile traversees: 5642  Distance est: 449
Nombre de Tile ajoutees dans la pile: 19
Nombre de Tile traversees: 5643  Distance est: 449
Nombre de Tile ajoutees dans la pile: 19
Nombre de Tile traversees: 5644  Distance est: 449
Nombre de Tile ajoutees dans la pile: 19
Nombre de Tile traversees: 5645  Distance est: 449
Nombre de Tile ajoutees dans la pile: 19
Nombre de Tile traversees: 5646  Distance est: 449
Nombre de Tile ajoutees dans la pile: 18
Nombre de Tile traversees: 5647  Distance est: 449
Nombre de Tile ajoutees dans la pile: 18
Nombre de Tile traversees: 5648  Distance est: 449
Nombre de Tile ajoutees dans la pile: 18
Nombre de Tile traversees: 5649  Distance est: 449
Nombre de Tile ajoutees dans la pile: 18
Nombre de Tile traversees: 5650  Distance est: 449
Nombre de Tile ajoutees dans la pile: 19
Nombre de Tile traversees: 5651  Distance est: 450
Nombre de Tile ajoutees dans la pile: 19
Nombre de Tile traversees: 5652  Distance est: 450
Nombre de Tile ajoutees dans la pile: 19
Nombre de Tile traversees: 5653  Distance est: 450
Nombre de Tile ajoutees dans la pile: 19
Nombre de Tile traversees: 5654  Distance est: 450
Nombre de Tile ajoutees dans la pile: 19
Nombre de Tile traversees: 5655  Distance est: 450
Nombre de Tile ajoutees dans la pile: 19
Nombre de Tile traversees: 5656  Distance est: 450
Nombre de Tile ajoutees dans la pile: 19
Nombre de Tile traversees: 5657  Distance est: 450
Nombre de Tile ajoutees dans la pile: 19
Nombre de Tile traversees: 5658  Distance est: 450
Nombre de Tile ajoutees dans la pile: 19
Nombre de Tile traversees: 5659  Distance est: 450
Nombre de Tile ajoutees dans la pile: 19
Nombre de Tile traversees: 5660  Distance est: 450
Nombre de Tile ajoutees dans la pile: 19
Nombre de Tile traversees: 5661  Distance est: 450
Nombre de Tile ajoutees dans la pile: 19
Nombre de Tile traversees: 5662  Distance est: 450
Nombre de Tile ajoutees dans la pile: 19
Nombre de Tile traversees: 5663  Distance est: 450
Nombre de Tile ajoutees dans la pile: 19
Nombre de Tile traversees: 5664  Distance est: 450
Nombre de Tile ajoutees dans la pile: 19
Nombre de Tile traversees: 5665  Distance est: 450
Nombre de Tile ajoutees dans la pile: 19
Nombre de Tile traversees: 5666  Distance est: 450
Nombre de Tile ajoutees dans la pile: 20
Nombre de Tile traversees: 5667  Distance est: 450
Nombre de Tile ajoutees dans la pile: 20
Nombre de Tile traversees: 5668  Distance est: 450
Nombre de Tile ajoutees dans la pile: 20
Nombre de Tile traversees: 5669  Distance est: 450
Nombre de Tile ajoutees dans la pile: 20
Nombre de Tile traversees: 5670  Distance est: 451
Nombre de Tile ajoutees dans la pile: 20
Nombre de Tile traversees: 5671  Distance est: 451
Nombre de Tile ajoutees dans la pile: 20
Nombre de Tile traversees: 5672  Distance est: 451
Nombre de Tile ajoutees dans la pile: 20
Nombre de Tile traversees: 5673  Distance est: 451
Nombre de Tile ajoutees dans la pile: 20
Nombre de Tile traversees: 5674  Distance est: 451
Nombre de Tile ajoutees dans la pile: 20
Nombre de Tile traversees: 5675  Distance est: 451
Nombre de Tile ajoutees dans la pile: 19
Nombre de Tile traversees: 5676  Distance est: 451
Nombre de Tile ajoutees dans la pile: 19
Nombre de Tile traversees: 5677  Distance est: 451
Nombre de Tile ajoutees dans la pile: 19
Nombre de Tile traversees: 5678  Distance est: 451
Nombre de Tile ajoutees dans la pile: 19
Nombre de Tile traversees: 5679  Distance est: 451
Nombre de Tile ajoutees dans la pile: 19
Nombre de Tile traversees: 5680  Distance est: 451
Nombre de Tile ajoutees dans la pile: 19
Nombre de Tile traversees: 5681  Distance est: 451
Nombre de Tile ajoutees dans la pile: 19
Nombre de Tile traversees: 5682  Distance est: 451
Nombre de Tile ajoutees dans la pile: 20
Nombre de Tile traversees: 5683  Distance est: 451
Nombre de Tile ajoutees dans la pile: 20
Nombre de Tile traversees: 5684  Distance est: 451
Nombre de Tile ajoutees dans la pile: 20
Nombre de Tile traversees: 5685  Distance est: 451
Nombre de Tile ajoutees dans la pile: 21
Nombre de Tile traversees: 5686  Distance est: 451
Nombre de Tile ajoutees dans la pile: 20
Nombre de Tile traversees: 5687  Distance est: 451
Nombre de Tile ajoutees dans la pile: 20
Nombre de Tile traversees: 5688  Distance est: 451
Nombre de Tile ajoutees dans la pile: 20
Nombre de Tile traversees: 5689  Distance est: 451
Nombre de Tile ajoutees dans la pile: 20
Nombre de Tile traversees: 5690  Distance est: 452
Nombre de Tile ajoutees dans la pile: 19
Nombre de Tile traversees: 5691  Distance est: 452
Nombre de Tile ajoutees dans la pile: 19
Nombre de Tile traversees: 5692  Distance est: 452
Nombre de Tile ajoutees dans la pile: 19
Nombre de Tile traversees: 5693  Distance est: 452
Nombre de Tile ajoutees dans la pile: 19
Nombre de Tile traversees: 5694  Distance est: 452
Nombre de Tile ajoutees dans la pile: 19
Nombre de Tile traversees: 5695  Distance est: 452
Nombre de Tile ajoutees dans la pile: 19
Nombre de Tile traversees: 5696  Distance est: 452
Nombre de Tile ajoutees dans la pile: 19
Nombre de Tile traversees: 5697  Distance est: 452
Nombre de Tile ajoutees dans la pile: 19
Nombre de Tile traversees: 5698  Distance est: 452
Nombre de Tile ajoutees dans la pile: 19
Nombre de Tile traversees: 5699  Distance est: 452
Nombre de Tile ajoutees dans la pile: 19
Nombre de Tile traversees: 5700  Distance est: 452
Nombre de Tile ajoutees dans la pile: 19
Nombre de Tile traversees: 5701  Distance est: 452
Nombre de Tile ajoutees dans la pile: 19
Nombre de Tile traversees: 5702  Distance est: 452
Nombre de Tile ajoutees dans la pile: 19
Nombre de Tile traversees: 5703  Distance est: 452
Nombre de Tile ajoutees dans la pile: 19
Nombre de Tile traversees: 5704  Distance est: 452
Nombre de Tile ajoutees dans la pile: 19
Nombre de Tile traversees: 5705  Distance est: 452
Nombre de Tile ajoutees dans la pile: 21
Nombre de Tile traversees: 5706  Distance est: 452
Nombre de Tile ajoutees dans la pile: 20
Nombre de Tile traversees: 5707  Distance est: 452
Nombre de Tile ajoutees dans la pile: 20
Nombre de Tile traversees: 5708  Distance est: 452
Nombre de Tile ajoutees dans la pile: 20
Nombre de Tile traversees: 5709  Distance est: 453
Nombre de Tile ajoutees dans la pile: 20
Nombre de Tile traversees: 5710  Distance est: 453
Nombre de Tile ajoutees dans la pile: 20
Nombre de Tile traversees: 5711  Distance est: 453
Nombre de Tile ajoutees dans la pile: 20
Nombre de Tile traversees: 5712  Distance est: 453
Nombre de Tile ajoutees dans la pile: 20
Nombre de Tile traversees: 5713  Distance est: 453
Nombre de Tile ajoutees dans la pile: 20
Nombre de Tile traversees: 5714  Distance est: 453
Nombre de Tile ajoutees dans la pile: 20
Nombre de Tile traversees: 5715  Distance est: 453
Nombre de Tile ajoutees dans la pile: 20
Nombre de Tile traversees: 5716  Distance est: 453
Nombre de Tile ajoutees dans la pile: 20
Nombre de Tile traversees: 5717  Distance est: 453
Nombre de Tile ajoutees dans la pile: 20
Nombre de Tile traversees: 5718  Distance est: 453
Nombre de Tile ajoutees dans la pile: 21
Nombre de Tile traversees: 5719  Distance est: 453
Nombre de Tile ajoutees dans la pile: 21
Nombre de Tile traversees: 5720  Distance est: 453
Nombre de Tile ajoutees dans la pile: 21
Nombre de Tile traversees: 5721  Distance est: 453
Nombre de Tile ajoutees dans la pile: 21
Nombre de Tile traversees: 5722  Distance est: 453
Nombre de Tile ajoutees dans la pile: 21
Nombre de Tile traversees: 5723  Distance est: 453
Nombre de Tile ajoutees dans la pile: 21
Nombre de Tile traversees: 5724  Distance est: 453
Nombre de Tile ajoutees dans la pile: 22
Nombre de Tile traversees: 5725  Distance est: 453
Nombre de Tile ajoutees dans la pile: 21
Nombre de Tile traversees: 5726  Distance est: 453
Nombre de Tile ajoutees dans la pile: 20
Nombre de Tile traversees: 5727  Distance est: 453
Nombre de Tile ajoutees dans la pile: 20
Nombre de Tile traversees: 5728  Distance est: 453
Nombre de Tile ajoutees dans la pile: 20
Nombre de Tile traversees: 5729  Distance est: 454
Nombre de Tile ajoutees dans la pile: 20
Nombre de Tile traversees: 5730  Distance est: 454
Nombre de Tile ajoutees dans la pile: 20
Nombre de Tile traversees: 5731  Distance est: 454
Nombre de Tile ajoutees dans la pile: 20
Nombre de Tile traversees: 5732  Distance est: 454
Nombre de Tile ajoutees dans la pile: 21
Nombre de Tile traversees: 5733  Distance est: 454
Nombre de Tile ajoutees dans la pile: 21
Nombre de Tile traversees: 5734  Distance est: 454
Nombre de Tile ajoutees dans la pile: 21
Nombre de Tile traversees: 5735  Distance est: 454
Nombre de Tile ajoutees dans la pile: 21
Nombre de Tile traversees: 5736  Distance est: 454
Nombre de Tile ajoutees dans la pile: 21
Nombre de Tile traversees: 5737  Distance est: 454
Nombre de Tile ajoutees dans la pile: 21
Nombre de Tile traversees: 5738  Distance est: 454
Nombre de Tile ajoutees dans la pile: 21
Nombre de Tile traversees: 5739  Distance est: 454
Nombre de Tile ajoutees dans la pile: 21
Nombre de Tile traversees: 5740  Distance est: 454
Nombre de Tile ajoutees dans la pile: 21
Nombre de Tile traversees: 5741  Distance est: 454
Nombre de Tile ajoutees dans la pile: 21
Nombre de Tile traversees: 5742  Distance est: 454
Nombre de Tile ajoutees dans la pile: 22
Nombre de Tile traversees: 5743  Distance est: 454
Nombre de Tile ajoutees dans la pile: 22
Nombre de Tile traversees: 5744  Distance est: 454
Nombre de Tile ajoutees dans la pile: 22
Nombre de Tile traversees: 5745  Distance est: 454
Nombre de Tile ajoutees dans la pile: 23
Nombre de Tile traversees: 5746  Distance est: 454
Nombre de Tile ajoutees dans la pile: 22
Nombre de Tile traversees: 5747  Distance est: 454
Nombre de Tile ajoutees dans la pile: 22
Nombre de Tile traversees: 5748  Distance est: 454
Nombre de Tile ajoutees dans la pile: 22
Nombre de Tile traversees: 5749  Distance est: 455
Nombre de Tile ajoutees dans la pile: 22
Nombre de Tile traversees: 5750  Distance est: 455
Nombre de Tile ajoutees dans la pile: 22
Nombre de Tile traversees: 5751  Distance est: 455
Nombre de Tile ajoutees dans la pile: 21
Nombre de Tile traversees: 5752  Distance est: 455
Nombre de Tile ajoutees dans la pile: 22
Nombre de Tile traversees: 5753  Distance est: 455
Nombre de Tile ajoutees dans la pile: 21
Nombre de Tile traversees: 5754  Distance est: 455
Nombre de Tile ajoutees dans la pile: 21
Nombre de Tile traversees: 5755  Distance est: 455
Nombre de Tile ajoutees dans la pile: 21
Nombre de Tile traversees: 5756  Distance est: 455
Nombre de Tile ajoutees dans la pile: 21
Nombre de Tile traversees: 5757  Distance est: 455
Nombre de Tile ajoutees dans la pile: 20
Nombre de Tile traversees: 5758  Distance est: 455
Nombre de Tile ajoutees dans la pile: 19
Nombre de Tile traversees: 5759  Distance est: 455
Nombre de Tile ajoutees dans la pile: 19
Nombre de Tile traversees: 5760  Distance est: 455
Nombre de Tile ajoutees dans la pile: 19
Nombre de Tile traversees: 5761  Distance est: 455
Nombre de Tile ajoutees dans la pile: 18
Nombre de Tile traversees: 5762  Distance est: 455
Nombre de Tile ajoutees dans la pile: 18
Nombre de Tile traversees: 5763  Distance est: 455
Nombre de Tile ajoutees dans la pile: 19
Nombre de Tile traversees: 5764  Distance est: 455
Nombre de Tile ajoutees dans la pile: 19
Nombre de Tile traversees: 5765  Distance est: 455
Nombre de Tile ajoutees dans la pile: 18
Nombre de Tile traversees: 5766  Distance est: 455
Nombre de Tile ajoutees dans la pile: 18
Nombre de Tile traversees: 5767  Distance est: 455
Nombre de Tile ajoutees dans la pile: 18
Nombre de Tile traversees: 5768  Distance est: 455
Nombre de Tile ajoutees dans la pile: 18
Nombre de Tile traversees: 5769  Distance est: 455
Nombre de Tile ajoutees dans la pile: 17
Nombre de Tile traversees: 5770  Distance est: 455
Nombre de Tile ajoutees dans la pile: 17
Nombre de Tile traversees: 5771  Distance est: 456
Nombre de Tile ajoutees dans la pile: 17
Nombre de Tile traversees: 5772  Distance est: 456
Nombre de Tile ajoutees dans la pile: 17
Nombre de Tile traversees: 5773  Distance est: 456
Nombre de Tile ajoutees dans la pile: 18
Nombre de Tile traversees: 5774  Distance est: 456
Nombre de Tile ajoutees dans la pile: 17
Nombre de Tile traversees: 5775  Distance est: 456
Nombre de Tile ajoutees dans la pile: 17
Nombre de Tile traversees: 5776  Distance est: 456
Nombre de Tile ajoutees dans la pile: 18
Nombre de Tile traversees: 5777  Distance est: 456
Nombre de Tile ajoutees dans la pile: 18
Nombre de Tile traversees: 5778  Distance est: 456
Nombre de Tile ajoutees dans la pile: 18
Nombre de Tile traversees: 5779  Distance est: 456
Nombre de Tile ajoutees dans la pile: 18
Nombre de Tile traversees: 5780  Distance est: 456
Nombre de Tile ajoutees dans la pile: 18
Nombre de Tile traversees: 5781  Distance est: 456
Nombre de Tile ajoutees dans la pile: 19
Nombre de Tile traversees: 5782  Distance est: 456
Nombre de Tile ajoutees dans la pile: 18
Nombre de Tile traversees: 5783  Distance est: 456
Nombre de Tile ajoutees dans la pile: 18
Nombre de Tile traversees: 5784  Distance est: 456
Nombre de Tile ajoutees dans la pile: 18
Nombre de Tile traversees: 5785  Distance est: 456
Nombre de Tile ajoutees dans la pile: 18
Nombre de Tile traversees: 5786  Distance est: 456
Nombre de Tile ajoutees dans la pile: 18
Nombre de Tile traversees: 5787  Distance est: 456
Nombre de Tile ajoutees dans la pile: 18
Nombre de Tile traversees: 5788  Distance est: 457
Nombre de Tile ajoutees dans la pile: 18
Nombre de Tile traversees: 5789  Distance est: 457
Nombre de Tile ajoutees dans la pile: 17
Nombre de Tile traversees: 5790  Distance est: 457
Nombre de Tile ajoutees dans la pile: 17
Nombre de Tile traversees: 5791  Distance est: 457
Nombre de Tile ajoutees dans la pile: 16
Nombre de Tile traversees: 5792  Distance est: 457
Nombre de Tile ajoutees dans la pile: 16
Nombre de Tile traversees: 5793  Distance est: 457
Nombre de Tile ajoutees dans la pile: 17
Nombre de Tile traversees: 5794  Distance est: 457
Nombre de Tile ajoutees dans la pile: 17
Nombre de Tile traversees: 5795  Distance est: 457
Nombre de Tile ajoutees dans la pile: 18
Nombre de Tile traversees: 5796  Distance est: 457
Nombre de Tile ajoutees dans la pile: 18
Nombre de Tile traversees: 5797  Distance est: 457
Nombre de Tile ajoutees dans la pile: 18
Nombre de Tile traversees: 5798  Distance est: 457
Nombre de Tile ajoutees dans la pile: 18
Nombre de Tile traversees: 5799  Distance est: 457
Nombre de Tile ajoutees dans la pile: 17
Nombre de Tile traversees: 5800  Distance est: 457
Nombre de Tile ajoutees dans la pile: 16
Nombre de Tile traversees: 5801  Distance est: 457
Nombre de Tile ajoutees dans la pile: 16
Nombre de Tile traversees: 5802  Distance est: 457
Nombre de Tile ajoutees dans la pile: 16
Nombre de Tile traversees: 5803  Distance est: 457
Nombre de Tile ajoutees dans la pile: 16
Nombre de Tile traversees: 5804  Distance est: 457
Nombre de Tile ajoutees dans la pile: 16
Nombre de Tile traversees: 5805  Distance est: 457
Nombre de Tile ajoutees dans la pile: 16
Nombre de Tile traversees: 5806  Distance est: 458
Nombre de Tile ajoutees dans la pile: 16
Nombre de Tile traversees: 5807  Distance est: 458
Nombre de Tile ajoutees dans la pile: 16
Nombre de Tile traversees: 5808  Distance est: 458
Nombre de Tile ajoutees dans la pile: 16
Nombre de Tile traversees: 5809  Distance est: 458
Nombre de Tile ajoutees dans la pile: 17
Nombre de Tile traversees: 5810  Distance est: 458
Nombre de Tile ajoutees dans la pile: 16
Nombre de Tile traversees: 5811  Distance est: 458
Nombre de Tile ajoutees dans la pile: 16
Nombre de Tile traversees: 5812  Distance est: 458
Nombre de Tile ajoutees dans la pile: 16
Nombre de Tile traversees: 5813  Distance est: 458
Nombre de Tile ajoutees dans la pile: 16
Nombre de Tile traversees: 5814  Distance est: 458
Nombre de Tile ajoutees dans la pile: 16
Nombre de Tile traversees: 5815  Distance est: 458
Nombre de Tile ajoutees dans la pile: 16
Nombre de Tile traversees: 5816  Distance est: 458
Nombre de Tile ajoutees dans la pile: 16
Nombre de Tile traversees: 5817  Distance est: 458
Nombre de Tile ajoutees dans la pile: 16
Nombre de Tile traversees: 5818  Distance est: 458
Nombre de Tile ajoutees dans la pile: 16
Nombre de Tile traversees: 5819  Distance est: 458
Nombre de Tile ajoutees dans la pile: 16
Nombre de Tile traversees: 5820  Distance est: 458
Nombre de Tile ajoutees dans la pile: 16
Nombre de Tile traversees: 5821  Distance est: 458
Nombre de Tile ajoutees dans la pile: 16
Nombre de Tile traversees: 5822  Distance est: 459
Nombre de Tile ajoutees dans la pile: 16
Nombre de Tile traversees: 5823  Distance est: 459
Nombre de Tile ajoutees dans la pile: 16
Nombre de Tile traversees: 5824  Distance est: 459
Nombre de Tile ajoutees dans la pile: 16
Nombre de Tile traversees: 5825  Distance est: 459
Nombre de Tile ajoutees dans la pile: 16
Nombre de Tile traversees: 5826  Distance est: 459
Nombre de Tile ajoutees dans la pile: 15
Nombre de Tile traversees: 5827  Distance est: 459
Nombre de Tile ajoutees dans la pile: 16
Nombre de Tile traversees: 5828  Distance est: 459
Nombre de Tile ajoutees dans la pile: 16
Nombre de Tile traversees: 5829  Distance est: 459
Nombre de Tile ajoutees dans la pile: 15
Nombre de Tile traversees: 5830  Distance est: 459
Nombre de Tile ajoutees dans la pile: 16
Nombre de Tile traversees: 5831  Distance est: 459
Nombre de Tile ajoutees dans la pile: 16
Nombre de Tile traversees: 5832  Distance est: 459
Nombre de Tile ajoutees dans la pile: 16
Nombre de Tile traversees: 5833  Distance est: 459
Nombre de Tile ajoutees dans la pile: 16
Nombre de Tile traversees: 5834  Distance est: 459
Nombre de Tile ajoutees dans la pile: 16
Nombre de Tile traversees: 5835  Distance est: 459
Nombre de Tile ajoutees dans la pile: 16
Nombre de Tile traversees: 5836  Distance est: 459
Nombre de Tile ajoutees dans la pile: 17
Nombre de Tile traversees: 5837  Distance est: 459
Nombre de Tile ajoutees dans la pile: 17
Nombre de Tile traversees: 5838  Distance est: 460
Nombre de Tile ajoutees dans la pile: 16
Nombre de Tile traversees: 5839  Distance est: 460
Nombre de Tile ajoutees dans la pile: 16
Nombre de Tile traversees: 5840  Distance est: 460
Nombre de Tile ajoutees dans la pile: 16
Nombre de Tile traversees: 5841  Distance est: 460
Nombre de Tile ajoutees dans la pile: 16
Nombre de Tile traversees: 5842  Distance est: 460
Nombre de Tile ajoutees dans la pile: 16
Nombre de Tile traversees: 5843  Distance est: 460
Nombre de Tile ajoutees dans la pile: 16
Nombre de Tile traversees: 5844  Distance est: 460
Nombre de Tile ajoutees dans la pile: 16
Nombre de Tile traversees: 5845  Distance est: 460
Nombre de Tile ajoutees dans la pile: 16
Nombre de Tile traversees: 5846  Distance est: 460
Nombre de Tile ajoutees dans la pile: 17
Nombre de Tile traversees: 5847  Distance est: 460
Nombre de Tile ajoutees dans la pile: 17
Nombre de Tile traversees: 5848  Distance est: 460
Nombre de Tile ajoutees dans la pile: 18
Nombre de Tile traversees: 5849  Distance est: 460
Nombre de Tile ajoutees dans la pile: 18
Nombre de Tile traversees: 5850  Distance est: 460
Nombre de Tile ajoutees dans la pile: 19
Nombre de Tile traversees: 5851  Distance est: 460
Nombre de Tile ajoutees dans la pile: 19
Nombre de Tile traversees: 5852  Distance est: 460
Nombre de Tile ajoutees dans la pile: 19
Nombre de Tile traversees: 5853  Distance est: 460
Nombre de Tile ajoutees dans la pile: 19
Nombre de Tile traversees: 5854  Distance est: 461
Nombre de Tile ajoutees dans la pile: 19
Nombre de Tile traversees: 5855  Distance est: 461
Nombre de Tile ajoutees dans la pile: 18
Nombre de Tile traversees: 5856  Distance est: 461
Nombre de Tile ajoutees dans la pile: 18
Nombre de Tile traversees: 5857  Distance est: 461
Nombre de Tile ajoutees dans la pile: 18
Nombre de Tile traversees: 5858  Distance est: 461
Nombre de Tile ajoutees dans la pile: 18
Nombre de Tile traversees: 5859  Distance est: 461
Nombre de Tile ajoutees dans la pile: 17
Nombre de Tile traversees: 5860  Distance est: 461
Nombre de Tile ajoutees dans la pile: 17
Nombre de Tile traversees: 5861  Distance est: 461
Nombre de Tile ajoutees dans la pile: 17
Nombre de Tile traversees: 5862  Distance est: 461
Nombre de Tile ajoutees dans la pile: 18
Nombre de Tile traversees: 5863  Distance est: 461
Nombre de Tile ajoutees dans la pile: 17
Nombre de Tile traversees: 5864  Distance est: 461
Nombre de Tile ajoutees dans la pile: 17
Nombre de Tile traversees: 5865  Distance est: 461
Nombre de Tile ajoutees dans la pile: 18
Nombre de Tile traversees: 5866  Distance est: 461
Nombre de Tile ajoutees dans la pile: 18
Nombre de Tile traversees: 5867  Distance est: 461
Nombre de Tile ajoutees dans la pile: 18
Nombre de Tile traversees: 5868  Distance est: 461
Nombre de Tile ajoutees dans la pile: 19
Nombre de Tile traversees: 5869  Distance est: 461
Nombre de Tile ajoutees dans la pile: 18
Nombre de Tile traversees: 5870  Distance est: 461
Nombre de Tile ajoutees dans la pile: 17
Nombre de Tile traversees: 5871  Distance est: 461
Nombre de Tile ajoutees dans la pile: 17
Nombre de Tile traversees: 5872  Distance est: 461
Nombre de Tile ajoutees dans la pile: 16
Nombre de Tile traversees: 5873  Distance est: 462
Nombre de Tile ajoutees dans la pile: 16
Nombre de Tile traversees: 5874  Distance est: 462
Nombre de Tile ajoutees dans la pile: 16
Nombre de Tile traversees: 5875  Distance est: 462
Nombre de Tile ajoutees dans la pile: 16
Nombre de Tile traversees: 5876  Distance est: 462
Nombre de Tile ajoutees dans la pile: 16
Nombre de Tile traversees: 5877  Distance est: 462
Nombre de Tile ajoutees dans la pile: 16
Nombre de Tile traversees: 5878  Distance est: 462
Nombre de Tile ajoutees dans la pile: 16
Nombre de Tile traversees: 5879  Distance est: 462
Nombre de Tile ajoutees dans la pile: 17
Nombre de Tile traversees: 5880  Distance est: 462
Nombre de Tile ajoutees dans la pile: 16
Nombre de Tile traversees: 5881  Distance est: 462
Nombre de Tile ajoutees dans la pile: 16
Nombre de Tile traversees: 5882  Distance est: 462
Nombre de Tile ajoutees dans la pile: 17
Nombre de Tile traversees: 5883  Distance est: 462
Nombre de Tile ajoutees dans la pile: 16
Nombre de Tile traversees: 5884  Distance est: 462
Nombre de Tile ajoutees dans la pile: 16
Nombre de Tile traversees: 5885  Distance est: 462
Nombre de Tile ajoutees dans la pile: 16
Nombre de Tile traversees: 5886  Distance est: 462
Nombre de Tile ajoutees dans la pile: 17
Nombre de Tile traversees: 5887  Distance est: 462
Nombre de Tile ajoutees dans la pile: 16
Nombre de Tile traversees: 5888  Distance est: 462
Nombre de Tile ajoutees dans la pile: 16
Nombre de Tile traversees: 5889  Distance est: 463
Nombre de Tile ajoutees dans la pile: 16
Nombre de Tile traversees: 5890  Distance est: 463
Nombre de Tile ajoutees dans la pile: 17
Nombre de Tile traversees: 5891  Distance est: 463
Nombre de Tile ajoutees dans la pile: 16
Nombre de Tile traversees: 5892  Distance est: 463
Nombre de Tile ajoutees dans la pile: 16
Nombre de Tile traversees: 5893  Distance est: 463
Nombre de Tile ajoutees dans la pile: 16
Nombre de Tile traversees: 5894  Distance est: 463
Nombre de Tile ajoutees dans la pile: 16
Nombre de Tile traversees: 5895  Distance est: 463
Nombre de Tile ajoutees dans la pile: 16
Nombre de Tile traversees: 5896  Distance est: 463
Nombre de Tile ajoutees dans la pile: 15
Nombre de Tile traversees: 5897  Distance est: 463
Nombre de Tile ajoutees dans la pile: 15
Nombre de Tile traversees: 5898  Distance est: 463
Nombre de Tile ajoutees dans la pile: 15
Nombre de Tile traversees: 5899  Distance est: 463
Nombre de Tile ajoutees dans la pile: 14
Nombre de Tile traversees: 5900  Distance est: 463
Nombre de Tile ajoutees dans la pile: 15
Nombre de Tile traversees: 5901  Distance est: 463
Nombre de Tile ajoutees dans la pile: 15
Nombre de Tile traversees: 5902  Distance est: 463
Nombre de Tile ajoutees dans la pile: 15
Nombre de Tile traversees: 5903  Distance est: 463
Nombre de Tile ajoutees dans la pile: 14
Nombre de Tile traversees: 5904  Distance est: 463
Nombre de Tile ajoutees dans la pile: 14
Nombre de Tile traversees: 5905  Distance est: 464
Nombre de Tile ajoutees dans la pile: 14
Nombre de Tile traversees: 5906  Distance est: 464
Nombre de Tile ajoutees dans la pile: 14
Nombre de Tile traversees: 5907  Distance est: 464
Nombre de Tile ajoutees dans la pile: 14
Nombre de Tile traversees: 5908  Distance est: 464
Nombre de Tile ajoutees dans la pile: 14
Nombre de Tile traversees: 5909  Distance est: 464
Nombre de Tile ajoutees dans la pile: 14
Nombre de Tile traversees: 5910  Distance est: 464
Nombre de Tile ajoutees dans la pile: 14
Nombre de Tile traversees: 5911  Distance est: 464
Nombre de Tile ajoutees dans la pile: 14
Nombre de Tile traversees: 5912  Distance est: 464
Nombre de Tile ajoutees dans la pile: 14
Nombre de Tile traversees: 5913  Distance est: 464
Nombre de Tile ajoutees dans la pile: 14
Nombre de Tile traversees: 5914  Distance est: 464
Nombre de Tile ajoutees dans la pile: 14
Nombre de Tile traversees: 5915  Distance est: 464
Nombre de Tile ajoutees dans la pile: 14
Nombre de Tile traversees: 5916  Distance est: 464
Nombre de Tile ajoutees dans la pile: 14
Nombre de Tile traversees: 5917  Distance est: 464
Nombre de Tile ajoutees dans la pile: 14
Nombre de Tile traversees: 5918  Distance est: 464
Nombre de Tile ajoutees dans la pile: 14
Nombre de Tile traversees: 5919  Distance est: 465
Nombre de Tile ajoutees dans la pile: 14
Nombre de Tile traversees: 5920  Distance est: 465
Nombre de Tile ajoutees dans la pile: 14
Nombre de Tile traversees: 5921  Distance est: 465
Nombre de Tile ajoutees dans la pile: 14
Nombre de Tile traversees: 5922  Distance est: 465
Nombre de Tile ajoutees dans la pile: 13
Nombre de Tile traversees: 5923  Distance est: 465
Nombre de Tile ajoutees dans la pile: 13
Nombre de Tile traversees: 5924  Distance est: 465
Nombre de Tile ajoutees dans la pile: 12
Nombre de Tile traversees: 5925  Distance est: 465
Nombre de Tile ajoutees dans la pile: 11
Nombre de Tile traversees: 5926  Distance est: 465
Nombre de Tile ajoutees dans la pile: 11
Nombre de Tile traversees: 5927  Distance est: 465
Nombre de Tile ajoutees dans la pile: 12
Nombre de Tile traversees: 5928  Distance est: 465
Nombre de Tile ajoutees dans la pile: 12
Nombre de Tile traversees: 5929  Distance est: 465
Nombre de Tile ajoutees dans la pile: 12
Nombre de Tile traversees: 5930  Distance est: 465
Nombre de Tile ajoutees dans la pile: 12
Nombre de Tile traversees: 5931  Distance est: 465
Nombre de Tile ajoutees dans la pile: 12
Nombre de Tile traversees: 5932  Distance est: 465
Nombre de Tile ajoutees dans la pile: 12
Nombre de Tile traversees: 5933  Distance est: 466
Nombre de Tile ajoutees dans la pile: 12
Nombre de Tile traversees: 5934  Distance est: 466
Nombre de Tile ajoutees dans la pile: 12
Nombre de Tile traversees: 5935  Distance est: 466
Nombre de Tile ajoutees dans la pile: 12
Nombre de Tile traversees: 5936  Distance est: 466
Nombre de Tile ajoutees dans la pile: 12
Nombre de Tile traversees: 5937  Distance est: 466
Nombre de Tile ajoutees dans la pile: 12
Nombre de Tile traversees: 5938  Distance est: 466
Nombre de Tile ajoutees dans la pile: 12
Nombre de Tile traversees: 5939  Distance est: 466
Nombre de Tile ajoutees dans la pile: 12
Nombre de Tile traversees: 5940  Distance est: 466
Nombre de Tile ajoutees dans la pile: 13
Nombre de Tile traversees: 5941  Distance est: 466
Nombre de Tile ajoutees dans la pile: 13
Nombre de Tile traversees: 5942  Distance est: 466
Nombre de Tile ajoutees dans la pile: 13
Nombre de Tile traversees: 5943  Distance est: 466
Nombre de Tile ajoutees dans la pile: 14
Nombre de Tile traversees: 5944  Distance est: 466
Nombre de Tile ajoutees dans la pile: 15
Nombre de Tile traversees: 5945  Distance est: 467
Nombre de Tile ajoutees dans la pile: 15
Nombre de Tile traversees: 5946  Distance est: 467
Nombre de Tile ajoutees dans la pile: 15
Nombre de Tile traversees: 5947  Distance est: 467
Nombre de Tile ajoutees dans la pile: 15
Nombre de Tile traversees: 5948  Distance est: 467
Nombre de Tile ajoutees dans la pile: 15
Nombre de Tile traversees: 5949  Distance est: 467
Nombre de Tile ajoutees dans la pile: 16
Nombre de Tile traversees: 5950  Distance est: 467
Nombre de Tile ajoutees dans la pile: 16
Nombre de Tile traversees: 5951  Distance est: 467
Nombre de Tile ajoutees dans la pile: 16
Nombre de Tile traversees: 5952  Distance est: 467
Nombre de Tile ajoutees dans la pile: 17
Nombre de Tile traversees: 5953  Distance est: 467
Nombre de Tile ajoutees dans la pile: 16
Nombre de Tile traversees: 5954  Distance est: 467
Nombre de Tile ajoutees dans la pile: 16
Nombre de Tile traversees: 5955  Distance est: 467
Nombre de Tile ajoutees dans la pile: 16
Nombre de Tile traversees: 5956  Distance est: 467
Nombre de Tile ajoutees dans la pile: 17
Nombre de Tile traversees: 5957  Distance est: 467
Nombre de Tile ajoutees dans la pile: 16
Nombre de Tile traversees: 5958  Distance est: 467
Nombre de Tile ajoutees dans la pile: 17
Nombre de Tile traversees: 5959  Distance est: 467
Nombre de Tile ajoutees dans la pile: 16
Nombre de Tile traversees: 5960  Distance est: 468
Nombre de Tile ajoutees dans la pile: 17
Nombre de Tile traversees: 5961  Distance est: 468
Nombre de Tile ajoutees dans la pile: 17
Nombre de Tile traversees: 5962  Distance est: 468
Nombre de Tile ajoutees dans la pile: 18
Nombre de Tile traversees: 5963  Distance est: 468
Nombre de Tile ajoutees dans la pile: 18
Nombre de Tile traversees: 5964  Distance est: 468
Nombre de Tile ajoutees dans la pile: 18
Nombre de Tile traversees: 5965  Distance est: 468
Nombre de Tile ajoutees dans la pile: 18
Nombre de Tile traversees: 5966  Distance est: 468
Nombre de Tile ajoutees dans la pile: 18
Nombre de Tile traversees: 5967  Distance est: 468
Nombre de Tile ajoutees dans la pile: 18
Nombre de Tile traversees: 5968  Distance est: 468
Nombre de Tile ajoutees dans la pile: 19
Nombre de Tile traversees: 5969  Distance est: 468
Nombre de Tile ajoutees dans la pile: 18
Nombre de Tile traversees: 5970  Distance est: 468
Nombre de Tile ajoutees dans la pile: 18
Nombre de Tile traversees: 5971  Distance est: 468
Nombre de Tile ajoutees dans la pile: 18
Nombre de Tile traversees: 5972  Distance est: 468
Nombre de Tile ajoutees dans la pile: 19
Nombre de Tile traversees: 5973  Distance est: 468
Nombre de Tile ajoutees dans la pile: 18
Nombre de Tile traversees: 5974  Distance est: 468
Nombre de Tile ajoutees dans la pile: 19
Nombre de Tile traversees: 5975  Distance est: 468
Nombre de Tile ajoutees dans la pile: 18
Nombre de Tile traversees: 5976  Distance est: 468
Nombre de Tile ajoutees dans la pile: 19
Nombre de Tile traversees: 5977  Distance est: 469
Nombre de Tile ajoutees dans la pile: 19
Nombre de Tile traversees: 5978  Distance est: 469
Nombre de Tile ajoutees dans la pile: 19
Nombre de Tile traversees: 5979  Distance est: 469
Nombre de Tile ajoutees dans la pile: 20
Nombre de Tile traversees: 5980  Distance est: 469
Nombre de Tile ajoutees dans la pile: 20
Nombre de Tile traversees: 5981  Distance est: 469
Nombre de Tile ajoutees dans la pile: 20
Nombre de Tile traversees: 5982  Distance est: 469
Nombre de Tile ajoutees dans la pile: 20
Nombre de Tile traversees: 5983  Distance est: 469
Nombre de Tile ajoutees dans la pile: 20
Nombre de Tile traversees: 5984  Distance est: 469
Nombre de Tile ajoutees dans la pile: 20
Nombre de Tile traversees: 5985  Distance est: 469
Nombre de Tile ajoutees dans la pile: 20
Nombre de Tile traversees: 5986  Distance est: 469
Nombre de Tile ajoutees dans la pile: 20
Nombre de Tile traversees: 5987  Distance est: 469
Nombre de Tile ajoutees dans la pile: 19
Nombre de Tile traversees: 5988  Distance est: 469
Nombre de Tile ajoutees dans la pile: 19
Nombre de Tile traversees: 5989  Distance est: 469
Nombre de Tile ajoutees dans la pile: 19
Nombre de Tile traversees: 5990  Distance est: 469
Nombre de Tile ajoutees dans la pile: 19
Nombre de Tile traversees: 5991  Distance est: 469
Nombre de Tile ajoutees dans la pile: 18
Nombre de Tile traversees: 5992  Distance est: 469
Nombre de Tile ajoutees dans la pile: 18
Nombre de Tile traversees: 5993  Distance est: 469
Nombre de Tile ajoutees dans la pile: 18
Nombre de Tile traversees: 5994  Distance est: 469
Nombre de Tile ajoutees dans la pile: 18
Nombre de Tile traversees: 5995  Distance est: 469
Nombre de Tile ajoutees dans la pile: 17
Nombre de Tile traversees: 5996  Distance est: 470
Nombre de Tile ajoutees dans la pile: 16
Nombre de Tile traversees: 5997  Distance est: 470
Nombre de Tile ajoutees dans la pile: 16
Nombre de Tile traversees: 5998  Distance est: 470
Nombre de Tile ajoutees dans la pile: 17
Nombre de Tile traversees: 5999  Distance est: 470
Nombre de Tile ajoutees dans la pile: 16
Nombre de Tile traversees: 6000  Distance est: 470
Nombre de Tile ajoutees dans la pile: 16
Nombre de Tile traversees: 6001  Distance est: 470
Nombre de Tile ajoutees dans la pile: 16
Nombre de Tile traversees: 6002  Distance est: 470
Nombre de Tile ajoutees dans la pile: 16
Nombre de Tile traversees: 6003  Distance est: 470
Nombre de Tile ajoutees dans la pile: 16
Nombre de Tile traversees: 6004  Distance est: 470
Nombre de Tile ajoutees dans la pile: 16
Nombre de Tile traversees: 6005  Distance est: 470
Nombre de Tile ajoutees dans la pile: 16
Nombre de Tile traversees: 6006  Distance est: 470
Nombre de Tile ajoutees dans la pile: 16
Nombre de Tile traversees: 6007  Distance est: 470
Nombre de Tile ajoutees dans la pile: 16
Nombre de Tile traversees: 6008  Distance est: 470
Nombre de Tile ajoutees dans la pile: 16
Nombre de Tile traversees: 6009  Distance est: 470
Nombre de Tile ajoutees dans la pile: 16
Nombre de Tile traversees: 6010  Distance est: 470
Nombre de Tile ajoutees dans la pile: 16
Nombre de Tile traversees: 6011  Distance est: 470
Nombre de Tile ajoutees dans la pile: 16
Nombre de Tile traversees: 6012  Distance est: 471
Nombre de Tile ajoutees dans la pile: 16
Nombre de Tile traversees: 6013  Distance est: 471
Nombre de Tile ajoutees dans la pile: 16
Nombre de Tile traversees: 6014  Distance est: 471
Nombre de Tile ajoutees dans la pile: 16
Nombre de Tile traversees: 6015  Distance est: 471
Nombre de Tile ajoutees dans la pile: 15
Nombre de Tile traversees: 6016  Distance est: 471
Nombre de Tile ajoutees dans la pile: 15
Nombre de Tile traversees: 6017  Distance est: 471
Nombre de Tile ajoutees dans la pile: 16
Nombre de Tile traversees: 6018  Distance est: 471
Nombre de Tile ajoutees dans la pile: 16
Nombre de Tile traversees: 6019  Distance est: 471
Nombre de Tile ajoutees dans la pile: 16
Nombre de Tile traversees: 6020  Distance est: 471
Nombre de Tile ajoutees dans la pile: 16
Nombre de Tile traversees: 6021  Distance est: 471
Nombre de Tile ajoutees dans la pile: 15
Nombre de Tile traversees: 6022  Distance est: 471
Nombre de Tile ajoutees dans la pile: 14
Nombre de Tile traversees: 6023  Distance est: 471
Nombre de Tile ajoutees dans la pile: 14
Nombre de Tile traversees: 6024  Distance est: 471
Nombre de Tile ajoutees dans la pile: 14
Nombre de Tile traversees: 6025  Distance est: 471
Nombre de Tile ajoutees dans la pile: 14
Nombre de Tile traversees: 6026  Distance est: 471
Nombre de Tile ajoutees dans la pile: 14
Nombre de Tile traversees: 6027  Distance est: 471
Nombre de Tile ajoutees dans la pile: 13
Nombre de Tile traversees: 6028  Distance est: 472
Nombre de Tile ajoutees dans la pile: 13
Nombre de Tile traversees: 6029  Distance est: 472
Nombre de Tile ajoutees dans la pile: 13
Nombre de Tile traversees: 6030  Distance est: 472
Nombre de Tile ajoutees dans la pile: 13
Nombre de Tile traversees: 6031  Distance est: 472
Nombre de Tile ajoutees dans la pile: 14
Nombre de Tile traversees: 6032  Distance est: 472
Nombre de Tile ajoutees dans la pile: 14
Nombre de Tile traversees: 6033  Distance est: 472
Nombre de Tile ajoutees dans la pile: 14
Nombre de Tile traversees: 6034  Distance est: 472
Nombre de Tile ajoutees dans la pile: 14
Nombre de Tile traversees: 6035  Distance est: 472
Nombre de Tile ajoutees dans la pile: 14
Nombre de Tile traversees: 6036  Distance est: 472
Nombre de Tile ajoutees dans la pile: 14
Nombre de Tile traversees: 6037  Distance est: 472
Nombre de Tile ajoutees dans la pile: 14
Nombre de Tile traversees: 6038  Distance est: 472
Nombre de Tile ajoutees dans la pile: 14
Nombre de Tile traversees: 6039  Distance est: 472
Nombre de Tile ajoutees dans la pile: 14
Nombre de Tile traversees: 6040  Distance est: 472
Nombre de Tile ajoutees dans la pile: 14
Nombre de Tile traversees: 6041  Distance est: 473
Nombre de Tile ajoutees dans la pile: 14
Nombre de Tile traversees: 6042  Distance est: 473
Nombre de Tile ajoutees dans la pile: 14
Nombre de Tile traversees: 6043  Distance est: 473
Nombre de Tile ajoutees dans la pile: 13
Nombre de Tile traversees: 6044  Distance est: 473
Nombre de Tile ajoutees dans la pile: 14
Nombre de Tile traversees: 6045  Distance est: 473
Nombre de Tile ajoutees dans la pile: 13
Nombre de Tile traversees: 6046  Distance est: 473
Nombre de Tile ajoutees dans la pile: 13
Nombre de Tile traversees: 6047  Distance est: 473
Nombre de Tile ajoutees dans la pile: 13
Nombre de Tile traversees: 6048  Distance est: 473
Nombre de Tile ajoutees dans la pile: 13
Nombre de Tile traversees: 6049  Distance est: 473
Nombre de Tile ajoutees dans la pile: 13
Nombre de Tile traversees: 6050  Distance est: 473
Nombre de Tile ajoutees dans la pile: 14
Nombre de Tile traversees: 6051  Distance est: 473
Nombre de Tile ajoutees dans la pile: 14
Nombre de Tile traversees: 6052  Distance est: 473
Nombre de Tile ajoutees dans la pile: 14
Nombre de Tile traversees: 6053  Distance est: 473
Nombre de Tile ajoutees dans la pile: 14
Nombre de Tile traversees: 6054  Distance est: 473
Nombre de Tile ajoutees dans la pile: 14
Nombre de Tile traversees: 6055  Distance est: 474
Nombre de Tile ajoutees dans la pile: 14
Nombre de Tile traversees: 6056  Distance est: 474
Nombre de Tile ajoutees dans la pile: 14
Nombre de Tile traversees: 6057  Distance est: 474
Nombre de Tile ajoutees dans la pile: 15
Nombre de Tile traversees: 6058  Distance est: 474
Nombre de Tile ajoutees dans la pile: 14
Nombre de Tile traversees: 6059  Distance est: 474
Nombre de Tile ajoutees dans la pile: 14
Nombre de Tile traversees: 6060  Distance est: 474
Nombre de Tile ajoutees dans la pile: 14
Nombre de Tile traversees: 6061  Distance est: 474
Nombre de Tile ajoutees dans la pile: 14
Nombre de Tile traversees: 6062  Distance est: 474
Nombre de Tile ajoutees dans la pile: 14
Nombre de Tile traversees: 6063  Distance est: 474
Nombre de Tile ajoutees dans la pile: 14
Nombre de Tile traversees: 6064  Distance est: 474
Nombre de Tile ajoutees dans la pile: 14
Nombre de Tile traversees: 6065  Distance est: 474
Nombre de Tile ajoutees dans la pile: 14
Nombre de Tile traversees: 6066  Distance est: 474
Nombre de Tile ajoutees dans la pile: 14
Nombre de Tile traversees: 6067  Distance est: 474
Nombre de Tile ajoutees dans la pile: 14
Nombre de Tile traversees: 6068  Distance est: 474
Nombre de Tile ajoutees dans la pile: 14
Nombre de Tile traversees: 6069  Distance est: 475
Nombre de Tile ajoutees dans la pile: 14
Nombre de Tile traversees: 6070  Distance est: 475
Nombre de Tile ajoutees dans la pile: 14
Nombre de Tile traversees: 6071  Distance est: 475
Nombre de Tile ajoutees dans la pile: 14
Nombre de Tile traversees: 6072  Distance est: 475
Nombre de Tile ajoutees dans la pile: 14
Nombre de Tile traversees: 6073  Distance est: 475
Nombre de Tile ajoutees dans la pile: 15
Nombre de Tile traversees: 6074  Distance est: 475
Nombre de Tile ajoutees dans la pile: 15
Nombre de Tile traversees: 6075  Distance est: 475
Nombre de Tile ajoutees dans la pile: 16
Nombre de Tile traversees: 6076  Distance est: 475
Nombre de Tile ajoutees dans la pile: 16
Nombre de Tile traversees: 6077  Distance est: 475
Nombre de Tile ajoutees dans la pile: 16
Nombre de Tile traversees: 6078  Distance est: 475
Nombre de Tile ajoutees dans la pile: 17
Nombre de Tile traversees: 6079  Distance est: 475
Nombre de Tile ajoutees dans la pile: 17
Nombre de Tile traversees: 6080  Distance est: 475
Nombre de Tile ajoutees dans la pile: 17
Nombre de Tile traversees: 6081  Distance est: 475
Nombre de Tile ajoutees dans la pile: 16
Nombre de Tile traversees: 6082  Distance est: 475
Nombre de Tile ajoutees dans la pile: 17
Nombre de Tile traversees: 6083  Distance est: 476
Nombre de Tile ajoutees dans la pile: 17
Nombre de Tile traversees: 6084  Distance est: 476
Nombre de Tile ajoutees dans la pile: 17
Nombre de Tile traversees: 6085  Distance est: 476
Nombre de Tile ajoutees dans la pile: 17
Nombre de Tile traversees: 6086  Distance est: 476
Nombre de Tile ajoutees dans la pile: 17
Nombre de Tile traversees: 6087  Distance est: 476
Nombre de Tile ajoutees dans la pile: 17
Nombre de Tile traversees: 6088  Distance est: 476
Nombre de Tile ajoutees dans la pile: 17
Nombre de Tile traversees: 6089  Distance est: 476
Nombre de Tile ajoutees dans la pile: 17
Nombre de Tile traversees: 6090  Distance est: 476
Nombre de Tile ajoutees dans la pile: 17
Nombre de Tile traversees: 6091  Distance est: 476
Nombre de Tile ajoutees dans la pile: 17
Nombre de Tile traversees: 6092  Distance est: 476
Nombre de Tile ajoutees dans la pile: 17
Nombre de Tile traversees: 6093  Distance est: 476
Nombre de Tile ajoutees dans la pile: 17
Nombre de Tile traversees: 6094  Distance est: 476
Nombre de Tile ajoutees dans la pile: 17
Nombre de Tile traversees: 6095  Distance est: 476
Nombre de Tile ajoutees dans la pile: 17
Nombre de Tile traversees: 6096  Distance est: 476
Nombre de Tile ajoutees dans la pile: 17
Nombre de Tile traversees: 6097  Distance est: 476
Nombre de Tile ajoutees dans la pile: 17
Nombre de Tile traversees: 6098  Distance est: 476
Nombre de Tile ajoutees dans la pile: 17
Nombre de Tile traversees: 6099  Distance est: 476
Nombre de Tile ajoutees dans la pile: 17
Nombre de Tile traversees: 6100  Distance est: 477
Nombre de Tile ajoutees dans la pile: 17
Nombre de Tile traversees: 6101  Distance est: 477
Nombre de Tile ajoutees dans la pile: 17
Nombre de Tile traversees: 6102  Distance est: 477
Nombre de Tile ajoutees dans la pile: 18
Nombre de Tile traversees: 6103  Distance est: 477
Nombre de Tile ajoutees dans la pile: 19
Nombre de Tile traversees: 6104  Distance est: 477
Nombre de Tile ajoutees dans la pile: 19
Nombre de Tile traversees: 6105  Distance est: 477
Nombre de Tile ajoutees dans la pile: 19
Nombre de Tile traversees: 6106  Distance est: 477
Nombre de Tile ajoutees dans la pile: 20
Nombre de Tile traversees: 6107  Distance est: 477
Nombre de Tile ajoutees dans la pile: 20
Nombre de Tile traversees: 6108  Distance est: 477
Nombre de Tile ajoutees dans la pile: 20
Nombre de Tile traversees: 6109  Distance est: 477
Nombre de Tile ajoutees dans la pile: 20
Nombre de Tile traversees: 6110  Distance est: 477
Nombre de Tile ajoutees dans la pile: 20
Nombre de Tile traversees: 6111  Distance est: 477
Nombre de Tile ajoutees dans la pile: 19
Nombre de Tile traversees: 6112  Distance est: 477
Nombre de Tile ajoutees dans la pile: 19
Nombre de Tile traversees: 6113  Distance est: 477
Nombre de Tile ajoutees dans la pile: 20
Nombre de Tile traversees: 6114  Distance est: 477
Nombre de Tile ajoutees dans la pile: 20
Nombre de Tile traversees: 6115  Distance est: 477
Nombre de Tile ajoutees dans la pile: 20
Nombre de Tile traversees: 6116  Distance est: 477
Nombre de Tile ajoutees dans la pile: 20
Nombre de Tile traversees: 6117  Distance est: 478
Nombre de Tile ajoutees dans la pile: 20
Nombre de Tile traversees: 6118  Distance est: 478
Nombre de Tile ajoutees dans la pile: 20
Nombre de Tile traversees: 6119  Distance est: 478
Nombre de Tile ajoutees dans la pile: 20
Nombre de Tile traversees: 6120  Distance est: 478
Nombre de Tile ajoutees dans la pile: 20
Nombre de Tile traversees: 6121  Distance est: 478
Nombre de Tile ajoutees dans la pile: 20
Nombre de Tile traversees: 6122  Distance est: 478
Nombre de Tile ajoutees dans la pile: 20
Nombre de Tile traversees: 6123  Distance est: 478
Nombre de Tile ajoutees dans la pile: 20
Nombre de Tile traversees: 6124  Distance est: 478
Nombre de Tile ajoutees dans la pile: 20
Nombre de Tile traversees: 6125  Distance est: 478
Nombre de Tile ajoutees dans la pile: 21
Nombre de Tile traversees: 6126  Distance est: 478
Nombre de Tile ajoutees dans la pile: 21
Nombre de Tile traversees: 6127  Distance est: 478
Nombre de Tile ajoutees dans la pile: 21
Nombre de Tile traversees: 6128  Distance est: 478
Nombre de Tile ajoutees dans la pile: 21
Nombre de Tile traversees: 6129  Distance est: 478
Nombre de Tile ajoutees dans la pile: 21
Nombre de Tile traversees: 6130  Distance est: 478
Nombre de Tile ajoutees dans la pile: 21
Nombre de Tile traversees: 6131  Distance est: 478
Nombre de Tile ajoutees dans la pile: 21
Nombre de Tile traversees: 6132  Distance est: 478
Nombre de Tile ajoutees dans la pile: 21
Nombre de Tile traversees: 6133  Distance est: 478
Nombre de Tile ajoutees dans la pile: 21
Nombre de Tile traversees: 6134  Distance est: 478
Nombre de Tile ajoutees dans la pile: 21
Nombre de Tile traversees: 6135  Distance est: 478
Nombre de Tile ajoutees dans la pile: 21
Nombre de Tile traversees: 6136  Distance est: 478
Nombre de Tile ajoutees dans la pile: 21
Nombre de Tile traversees: 6137  Distance est: 479
Nombre de Tile ajoutees dans la pile: 21
Nombre de Tile traversees: 6138  Distance est: 479
Nombre de Tile ajoutees dans la pile: 21
Nombre de Tile traversees: 6139  Distance est: 479
Nombre de Tile ajoutees dans la pile: 21
Nombre de Tile traversees: 6140  Distance est: 479
Nombre de Tile ajoutees dans la pile: 20
Nombre de Tile traversees: 6141  Distance est: 479
Nombre de Tile ajoutees dans la pile: 20
Nombre de Tile traversees: 6142  Distance est: 479
Nombre de Tile ajoutees dans la pile: 20
Nombre de Tile traversees: 6143  Distance est: 479
Nombre de Tile ajoutees dans la pile: 20
Nombre de Tile traversees: 6144  Distance est: 479
Nombre de Tile ajoutees dans la pile: 20
Nombre de Tile traversees: 6145  Distance est: 479
Nombre de Tile ajoutees dans la pile: 20
Nombre de Tile traversees: 6146  Distance est: 479
Nombre de Tile ajoutees dans la pile: 19
Nombre de Tile traversees: 6147  Distance est: 479
Nombre de Tile ajoutees dans la pile: 19
Nombre de Tile traversees: 6148  Distance est: 479
Nombre de Tile ajoutees dans la pile: 19
Nombre de Tile traversees: 6149  Distance est: 479
Nombre de Tile ajoutees dans la pile: 18
Nombre de Tile traversees: 6150  Distance est: 479
Nombre de Tile ajoutees dans la pile: 18
Nombre de Tile traversees: 6151  Distance est: 479
Nombre de Tile ajoutees dans la pile: 18
Nombre de Tile traversees: 6152  Distance est: 479
Nombre de Tile ajoutees dans la pile: 18
Nombre de Tile traversees: 6153  Distance est: 479
Nombre de Tile ajoutees dans la pile: 18
Nombre de Tile traversees: 6154  Distance est: 479
Nombre de Tile ajoutees dans la pile: 18
Nombre de Tile traversees: 6155  Distance est: 479
Nombre de Tile ajoutees dans la pile: 18
Nombre de Tile traversees: 6156  Distance est: 479
Nombre de Tile ajoutees dans la pile: 18
Nombre de Tile traversees: 6157  Distance est: 479
Nombre de Tile ajoutees dans la pile: 18
Nombre de Tile traversees: 6158  Distance est: 480
Nombre de Tile ajoutees dans la pile: 18
Nombre de Tile traversees: 6159  Distance est: 480
Nombre de Tile ajoutees dans la pile: 18
Nombre de Tile traversees: 6160  Distance est: 480
Nombre de Tile ajoutees dans la pile: 18
Nombre de Tile traversees: 6161  Distance est: 480
Nombre de Tile ajoutees dans la pile: 18
Nombre de Tile traversees: 6162  Distance est: 480
Nombre de Tile ajoutees dans la pile: 18
Nombre de Tile traversees: 6163  Distance est: 480
Nombre de Tile ajoutees dans la pile: 19
Nombre de Tile traversees: 6164  Distance est: 480
Nombre de Tile ajoutees dans la pile: 19
Nombre de Tile traversees: 6165  Distance est: 480
Nombre de Tile ajoutees dans la pile: 19
Nombre de Tile traversees: 6166  Distance est: 480
Nombre de Tile ajoutees dans la pile: 19
Nombre de Tile traversees: 6167  Distance est: 480
Nombre de Tile ajoutees dans la pile: 19
Nombre de Tile traversees: 6168  Distance est: 480
Nombre de Tile ajoutees dans la pile: 19
Nombre de Tile traversees: 6169  Distance est: 480
Nombre de Tile ajoutees dans la pile: 19
Nombre de Tile traversees: 6170  Distance est: 480
Nombre de Tile ajoutees dans la pile: 19
Nombre de Tile traversees: 6171  Distance est: 480
Nombre de Tile ajoutees dans la pile: 19
Nombre de Tile traversees: 6172  Distance est: 480
Nombre de Tile ajoutees dans la pile: 19
Nombre de Tile traversees: 6173  Distance est: 480
Nombre de Tile ajoutees dans la pile: 20
Nombre de Tile traversees: 6174  Distance est: 480
Nombre de Tile ajoutees dans la pile: 20
Nombre de Tile traversees: 6175  Distance est: 480
Nombre de Tile ajoutees dans la pile: 20
Nombre de Tile traversees: 6176  Distance est: 481
Nombre de Tile ajoutees dans la pile: 20
Nombre de Tile traversees: 6177  Distance est: 481
Nombre de Tile ajoutees dans la pile: 20
Nombre de Tile traversees: 6178  Distance est: 481
Nombre de Tile ajoutees dans la pile: 20
Nombre de Tile traversees: 6179  Distance est: 481
Nombre de Tile ajoutees dans la pile: 20
Nombre de Tile traversees: 6180  Distance est: 481
Nombre de Tile ajoutees dans la pile: 20
Nombre de Tile traversees: 6181  Distance est: 481
Nombre de Tile ajoutees dans la pile: 21
Nombre de Tile traversees: 6182  Distance est: 481
Nombre de Tile ajoutees dans la pile: 20
Nombre de Tile traversees: 6183  Distance est: 481
Nombre de Tile ajoutees dans la pile: 20
Nombre de Tile traversees: 6184  Distance est: 481
Nombre de Tile ajoutees dans la pile: 20
Nombre de Tile traversees: 6185  Distance est: 481
Nombre de Tile ajoutees dans la pile: 21
Nombre de Tile traversees: 6186  Distance est: 481
Nombre de Tile ajoutees dans la pile: 21
Nombre de Tile traversees: 6187  Distance est: 481
Nombre de Tile ajoutees dans la pile: 21
Nombre de Tile traversees: 6188  Distance est: 481
Nombre de Tile ajoutees dans la pile: 21
Nombre de Tile traversees: 6189  Distance est: 481
Nombre de Tile ajoutees dans la pile: 21
Nombre de Tile traversees: 6190  Distance est: 481
Nombre de Tile ajoutees dans la pile: 20
Nombre de Tile traversees: 6191  Distance est: 481
Nombre de Tile ajoutees dans la pile: 19
Nombre de Tile traversees: 6192  Distance est: 481
Nombre de Tile ajoutees dans la pile: 20
Nombre de Tile traversees: 6193  Distance est: 481
Nombre de Tile ajoutees dans la pile: 19
Nombre de Tile traversees: 6194  Distance est: 481
Nombre de Tile ajoutees dans la pile: 19
Nombre de Tile traversees: 6195  Distance est: 481
Nombre de Tile ajoutees dans la pile: 19
Nombre de Tile traversees: 6196  Distance est: 482
Nombre de Tile ajoutees dans la pile: 19
Nombre de Tile traversees: 6197  Distance est: 482
Nombre de Tile ajoutees dans la pile: 19
Nombre de Tile traversees: 6198  Distance est: 482
Nombre de Tile ajoutees dans la pile: 19
Nombre de Tile traversees: 6199  Distance est: 482
Nombre de Tile ajoutees dans la pile: 20
Nombre de Tile traversees: 6200  Distance est: 482
Nombre de Tile ajoutees dans la pile: 20
Nombre de Tile traversees: 6201  Distance est: 482
Nombre de Tile ajoutees dans la pile: 21
Nombre de Tile traversees: 6202  Distance est: 482
Nombre de Tile ajoutees dans la pile: 20
Nombre de Tile traversees: 6203  Distance est: 482
Nombre de Tile ajoutees dans la pile: 20
Nombre de Tile traversees: 6204  Distance est: 482
Nombre de Tile ajoutees dans la pile: 20
Nombre de Tile traversees: 6205  Distance est: 482
Nombre de Tile ajoutees dans la pile: 21
Nombre de Tile traversees: 6206  Distance est: 482
Nombre de Tile ajoutees dans la pile: 21
Nombre de Tile traversees: 6207  Distance est: 482
Nombre de Tile ajoutees dans la pile: 21
Nombre de Tile traversees: 6208  Distance est: 482
Nombre de Tile ajoutees dans la pile: 21
Nombre de Tile traversees: 6209  Distance est: 482
Nombre de Tile ajoutees dans la pile: 21
Nombre de Tile traversees: 6210  Distance est: 482
Nombre de Tile ajoutees dans la pile: 21
Nombre de Tile traversees: 6211  Distance est: 482
Nombre de Tile ajoutees dans la pile: 22
Nombre de Tile traversees: 6212  Distance est: 482
Nombre de Tile ajoutees dans la pile: 21
Nombre de Tile traversees: 6213  Distance est: 482
Nombre de Tile ajoutees dans la pile: 21
Nombre de Tile traversees: 6214  Distance est: 482
Nombre de Tile ajoutees dans la pile: 22
Nombre de Tile traversees: 6215  Distance est: 483
Nombre de Tile ajoutees dans la pile: 22
Nombre de Tile traversees: 6216  Distance est: 483
Nombre de Tile ajoutees dans la pile: 22
Nombre de Tile traversees: 6217  Distance est: 483
Nombre de Tile ajoutees dans la pile: 22
Nombre de Tile traversees: 6218  Distance est: 483
Nombre de Tile ajoutees dans la pile: 23
Nombre de Tile traversees: 6219  Distance est: 483
Nombre de Tile ajoutees dans la pile: 22
Nombre de Tile traversees: 6220  Distance est: 483
Nombre de Tile ajoutees dans la pile: 22
Nombre de Tile traversees: 6221  Distance est: 483
Nombre de Tile ajoutees dans la pile: 22
Nombre de Tile traversees: 6222  Distance est: 483
Nombre de Tile ajoutees dans la pile: 21
Nombre de Tile traversees: 6223  Distance est: 483
Nombre de Tile ajoutees dans la pile: 20
Nombre de Tile traversees: 6224  Distance est: 483
Nombre de Tile ajoutees dans la pile: 20
Nombre de Tile traversees: 6225  Distance est: 483
Nombre de Tile ajoutees dans la pile: 21
Nombre de Tile traversees: 6226  Distance est: 483
Nombre de Tile ajoutees dans la pile: 20
Nombre de Tile traversees: 6227  Distance est: 483
Nombre de Tile ajoutees dans la pile: 20
Nombre de Tile traversees: 6228  Distance est: 483
Nombre de Tile ajoutees dans la pile: 20
Nombre de Tile traversees: 6229  Distance est: 483
Nombre de Tile ajoutees dans la pile: 20
Nombre de Tile traversees: 6230  Distance est: 483
Nombre de Tile ajoutees dans la pile: 19
Nombre de Tile traversees: 6231  Distance est: 483
Nombre de Tile ajoutees dans la pile: 20
Nombre de Tile traversees: 6232  Distance est: 483
Nombre de Tile ajoutees dans la pile: 19
Nombre de Tile traversees: 6233  Distance est: 483
Nombre de Tile ajoutees dans la pile: 19
Nombre de Tile traversees: 6234  Distance est: 483
Nombre de Tile ajoutees dans la pile: 19
Nombre de Tile traversees: 6235  Distance est: 483
Nombre de Tile ajoutees dans la pile: 20
Nombre de Tile traversees: 6236  Distance est: 483
Nombre de Tile ajoutees dans la pile: 19
Nombre de Tile traversees: 6237  Distance est: 484
Nombre de Tile ajoutees dans la pile: 19
Nombre de Tile traversees: 6238  Distance est: 484
Nombre de Tile ajoutees dans la pile: 19
Nombre de Tile traversees: 6239  Distance est: 484
Nombre de Tile ajoutees dans la pile: 19
Nombre de Tile traversees: 6240  Distance est: 484
Nombre de Tile ajoutees dans la pile: 20
Nombre de Tile traversees: 6241  Distance est: 484
Nombre de Tile ajoutees dans la pile: 19
Nombre de Tile traversees: 6242  Distance est: 484
Nombre de Tile ajoutees dans la pile: 19
Nombre de Tile traversees: 6243  Distance est: 484
Nombre de Tile ajoutees dans la pile: 19
Nombre de Tile traversees: 6244  Distance est: 484
Nombre de Tile ajoutees dans la pile: 19
Nombre de Tile traversees: 6245  Distance est: 484
Nombre de Tile ajoutees dans la pile: 20
Nombre de Tile traversees: 6246  Distance est: 484
Nombre de Tile ajoutees dans la pile: 20
Nombre de Tile traversees: 6247  Distance est: 484
Nombre de Tile ajoutees dans la pile: 20
Nombre de Tile traversees: 6248  Distance est: 484
Nombre de Tile ajoutees dans la pile: 20
Nombre de Tile traversees: 6249  Distance est: 484
Nombre de Tile ajoutees dans la pile: 20
Nombre de Tile traversees: 6250  Distance est: 484
Nombre de Tile ajoutees dans la pile: 20
Nombre de Tile traversees: 6251  Distance est: 484
Nombre de Tile ajoutees dans la pile: 20
Nombre de Tile traversees: 6252  Distance est: 484
Nombre de Tile ajoutees dans la pile: 20
Nombre de Tile traversees: 6253  Distance est: 484
Nombre de Tile ajoutees dans la pile: 20
Nombre de Tile traversees: 6254  Distance est: 484
Nombre de Tile ajoutees dans la pile: 21
Nombre de Tile traversees: 6255  Distance est: 484
Nombre de Tile ajoutees dans la pile: 20
Nombre de Tile traversees: 6256  Distance est: 485
Nombre de Tile ajoutees dans la pile: 20
Nombre de Tile traversees: 6257  Distance est: 485
Nombre de Tile ajoutees dans la pile: 20
Nombre de Tile traversees: 6258  Distance est: 485
Nombre de Tile ajoutees dans la pile: 21
Nombre de Tile traversees: 6259  Distance est: 485
Nombre de Tile ajoutees dans la pile: 21
Nombre de Tile traversees: 6260  Distance est: 485
Nombre de Tile ajoutees dans la pile: 20
Nombre de Tile traversees: 6261  Distance est: 485
Nombre de Tile ajoutees dans la pile: 20
Nombre de Tile traversees: 6262  Distance est: 485
Nombre de Tile ajoutees dans la pile: 20
Nombre de Tile traversees: 6263  Distance est: 485
Nombre de Tile ajoutees dans la pile: 20
Nombre de Tile traversees: 6264  Distance est: 485
Nombre de Tile ajoutees dans la pile: 21
Nombre de Tile traversees: 6265  Distance est: 485
Nombre de Tile ajoutees dans la pile: 20
Nombre de Tile traversees: 6266  Distance est: 485
Nombre de Tile ajoutees dans la pile: 20
Nombre de Tile traversees: 6267  Distance est: 485
Nombre de Tile ajoutees dans la pile: 20
Nombre de Tile traversees: 6268  Distance est: 485
Nombre de Tile ajoutees dans la pile: 20
Nombre de Tile traversees: 6269  Distance est: 485
Nombre de Tile ajoutees dans la pile: 20
Nombre de Tile traversees: 6270  Distance est: 485
Nombre de Tile ajoutees dans la pile: 20
Nombre de Tile traversees: 6271  Distance est: 485
Nombre de Tile ajoutees dans la pile: 19
Nombre de Tile traversees: 6272  Distance est: 485
Nombre de Tile ajoutees dans la pile: 19
Nombre de Tile traversees: 6273  Distance est: 485
Nombre de Tile ajoutees dans la pile: 19
Nombre de Tile traversees: 6274  Distance est: 485
Nombre de Tile ajoutees dans la pile: 19
Nombre de Tile traversees: 6275  Distance est: 485
Nombre de Tile ajoutees dans la pile: 18
Nombre de Tile traversees: 6276  Distance est: 486
Nombre de Tile ajoutees dans la pile: 18
Nombre de Tile traversees: 6277  Distance est: 486
Nombre de Tile ajoutees dans la pile: 18
Nombre de Tile traversees: 6278  Distance est: 486
Nombre de Tile ajoutees dans la pile: 19
Nombre de Tile traversees: 6279  Distance est: 486
Nombre de Tile ajoutees dans la pile: 19
Nombre de Tile traversees: 6280  Distance est: 486
Nombre de Tile ajoutees dans la pile: 19
Nombre de Tile traversees: 6281  Distance est: 486
Nombre de Tile ajoutees dans la pile: 19
Nombre de Tile traversees: 6282  Distance est: 486
Nombre de Tile ajoutees dans la pile: 19
Nombre de Tile traversees: 6283  Distance est: 486
Nombre de Tile ajoutees dans la pile: 19
Nombre de Tile traversees: 6284  Distance est: 486
Nombre de Tile ajoutees dans la pile: 19
Nombre de Tile traversees: 6285  Distance est: 486
Nombre de Tile ajoutees dans la pile: 19
Nombre de Tile traversees: 6286  Distance est: 486
Nombre de Tile ajoutees dans la pile: 19
Nombre de Tile traversees: 6287  Distance est: 486
Nombre de Tile ajoutees dans la pile: 19
Nombre de Tile traversees: 6288  Distance est: 486
Nombre de Tile ajoutees dans la pile: 19
Nombre de Tile traversees: 6289  Distance est: 486
Nombre de Tile ajoutees dans la pile: 19
Nombre de Tile traversees: 6290  Distance est: 486
Nombre de Tile ajoutees dans la pile: 19
Nombre de Tile traversees: 6291  Distance est: 486
Nombre de Tile ajoutees dans la pile: 20
Nombre de Tile traversees: 6292  Distance est: 486
Nombre de Tile ajoutees dans la pile: 20
Nombre de Tile traversees: 6293  Distance est: 486
Nombre de Tile ajoutees dans la pile: 20
Nombre de Tile traversees: 6294  Distance est: 487
Nombre de Tile ajoutees dans la pile: 20
Nombre de Tile traversees: 6295  Distance est: 487
Nombre de Tile ajoutees dans la pile: 20
Nombre de Tile traversees: 6296  Distance est: 487
Nombre de Tile ajoutees dans la pile: 21
Nombre de Tile traversees: 6297  Distance est: 487
Nombre de Tile ajoutees dans la pile: 20
Nombre de Tile traversees: 6298  Distance est: 487
Nombre de Tile ajoutees dans la pile: 19
Nombre de Tile traversees: 6299  Distance est: 487
Nombre de Tile ajoutees dans la pile: 20
Nombre de Tile traversees: 6300  Distance est: 487
Nombre de Tile ajoutees dans la pile: 21
Nombre de Tile traversees: 6301  Distance est: 487
Nombre de Tile ajoutees dans la pile: 21
Nombre de Tile traversees: 6302  Distance est: 487
Nombre de Tile ajoutees dans la pile: 20
Nombre de Tile traversees: 6303  Distance est: 487
Nombre de Tile ajoutees dans la pile: 20
Nombre de Tile traversees: 6304  Distance est: 487
Nombre de Tile ajoutees dans la pile: 20
Nombre de Tile traversees: 6305  Distance est: 487
Nombre de Tile ajoutees dans la pile: 20
Nombre de Tile traversees: 6306  Distance est: 487
Nombre de Tile ajoutees dans la pile: 20
Nombre de Tile traversees: 6307  Distance est: 487
Nombre de Tile ajoutees dans la pile: 20
Nombre de Tile traversees: 6308  Distance est: 487
Nombre de Tile ajoutees dans la pile: 20
Nombre de Tile traversees: 6309  Distance est: 487
Nombre de Tile ajoutees dans la pile: 20
Nombre de Tile traversees: 6310  Distance est: 487
Nombre de Tile ajoutees dans la pile: 21
Nombre de Tile traversees: 6311  Distance est: 487
Nombre de Tile ajoutees dans la pile: 20
Nombre de Tile traversees: 6312  Distance est: 487
Nombre de Tile ajoutees dans la pile: 20
Nombre de Tile traversees: 6313  Distance est: 487
Nombre de Tile ajoutees dans la pile: 20
Nombre de Tile traversees: 6314  Distance est: 488
Nombre de Tile ajoutees dans la pile: 20
Nombre de Tile traversees: 6315  Distance est: 488
Nombre de Tile ajoutees dans la pile: 20
Nombre de Tile traversees: 6316  Distance est: 488
Nombre de Tile ajoutees dans la pile: 20
Nombre de Tile traversees: 6317  Distance est: 488
Nombre de Tile ajoutees dans la pile: 20
Nombre de Tile traversees: 6318  Distance est: 488
Nombre de Tile ajoutees dans la pile: 21
Nombre de Tile traversees: 6319  Distance est: 488
Nombre de Tile ajoutees dans la pile: 21
Nombre de Tile traversees: 6320  Distance est: 488
Nombre de Tile ajoutees dans la pile: 21
Nombre de Tile traversees: 6321  Distance est: 488
Nombre de Tile ajoutees dans la pile: 21
Nombre de Tile traversees: 6322  Distance est: 488
Nombre de Tile ajoutees dans la pile: 22
Nombre de Tile traversees: 6323  Distance est: 488
Nombre de Tile ajoutees dans la pile: 22
Nombre de Tile traversees: 6324  Distance est: 488
Nombre de Tile ajoutees dans la pile: 22
Nombre de Tile traversees: 6325  Distance est: 488
Nombre de Tile ajoutees dans la pile: 22
Nombre de Tile traversees: 6326  Distance est: 488
Nombre de Tile ajoutees dans la pile: 22
Nombre de Tile traversees: 6327  Distance est: 488
Nombre de Tile ajoutees dans la pile: 22
Nombre de Tile traversees: 6328  Distance est: 488
Nombre de Tile ajoutees dans la pile: 22
Nombre de Tile traversees: 6329  Distance est: 488
Nombre de Tile ajoutees dans la pile: 22
Nombre de Tile traversees: 6330  Distance est: 488
Nombre de Tile ajoutees dans la pile: 23
Nombre de Tile traversees: 6331  Distance est: 488
Nombre de Tile ajoutees dans la pile: 22
Nombre de Tile traversees: 6332  Distance est: 488
Nombre de Tile ajoutees dans la pile: 22
Nombre de Tile traversees: 6333  Distance est: 488
Nombre de Tile ajoutees dans la pile: 22
Nombre de Tile traversees: 6334  Distance est: 489
Nombre de Tile ajoutees dans la pile: 22
Nombre de Tile traversees: 6335  Distance est: 489
Nombre de Tile ajoutees dans la pile: 23
Nombre de Tile traversees: 6336  Distance est: 489
Nombre de Tile ajoutees dans la pile: 23
Nombre de Tile traversees: 6337  Distance est: 489
Nombre de Tile ajoutees dans la pile: 23
Nombre de Tile traversees: 6338  Distance est: 489
Nombre de Tile ajoutees dans la pile: 23
Nombre de Tile traversees: 6339  Distance est: 489
Nombre de Tile ajoutees dans la pile: 22
Nombre de Tile traversees: 6340  Distance est: 489
Nombre de Tile ajoutees dans la pile: 22
Nombre de Tile traversees: 6341  Distance est: 489
Nombre de Tile ajoutees dans la pile: 22
Nombre de Tile traversees: 6342  Distance est: 489
Nombre de Tile ajoutees dans la pile: 22
Nombre de Tile traversees: 6343  Distance est: 489
Nombre de Tile ajoutees dans la pile: 23
Nombre de Tile traversees: 6344  Distance est: 489
Nombre de Tile ajoutees dans la pile: 22
Nombre de Tile traversees: 6345  Distance est: 489
Nombre de Tile ajoutees dans la pile: 22
Nombre de Tile traversees: 6346  Distance est: 489
Nombre de Tile ajoutees dans la pile: 22
Nombre de Tile traversees: 6347  Distance est: 489
Nombre de Tile ajoutees dans la pile: 22
Nombre de Tile traversees: 6348  Distance est: 489
Nombre de Tile ajoutees dans la pile: 22
Nombre de Tile traversees: 6349  Distance est: 489
Nombre de Tile ajoutees dans la pile: 23
Nombre de Tile traversees: 6350  Distance est: 489
Nombre de Tile ajoutees dans la pile: 23
Nombre de Tile traversees: 6351  Distance est: 489
Nombre de Tile ajoutees dans la pile: 22
Nombre de Tile traversees: 6352  Distance est: 489
Nombre de Tile ajoutees dans la pile: 21
Nombre de Tile traversees: 6353  Distance est: 489
Nombre de Tile ajoutees dans la pile: 21
Nombre de Tile traversees: 6354  Distance est: 489
Nombre de Tile ajoutees dans la pile: 21
Nombre de Tile traversees: 6355  Distance est: 489
Nombre de Tile ajoutees dans la pile: 21
Nombre de Tile traversees: 6356  Distance est: 490
Nombre de Tile ajoutees dans la pile: 21
Nombre de Tile traversees: 6357  Distance est: 490
Nombre de Tile ajoutees dans la pile: 21
Nombre de Tile traversees: 6358  Distance est: 490
Nombre de Tile ajoutees dans la pile: 21
Nombre de Tile traversees: 6359  Distance est: 490
Nombre de Tile ajoutees dans la pile: 21
Nombre de Tile traversees: 6360  Distance est: 490
Nombre de Tile ajoutees dans la pile: 21
Nombre de Tile traversees: 6361  Distance est: 490
Nombre de Tile ajoutees dans la pile: 21
Nombre de Tile traversees: 6362  Distance est: 490
Nombre de Tile ajoutees dans la pile: 21
Nombre de Tile traversees: 6363  Distance est: 490
Nombre de Tile ajoutees dans la pile: 21
Nombre de Tile traversees: 6364  Distance est: 490
Nombre de Tile ajoutees dans la pile: 21
Nombre de Tile traversees: 6365  Distance est: 490
Nombre de Tile ajoutees dans la pile: 22
Nombre de Tile traversees: 6366  Distance est: 490
Nombre de Tile ajoutees dans la pile: 21
Nombre de Tile traversees: 6367  Distance est: 490
Nombre de Tile ajoutees dans la pile: 21
Nombre de Tile traversees: 6368  Distance est: 490
Nombre de Tile ajoutees dans la pile: 21
Nombre de Tile traversees: 6369  Distance est: 490
Nombre de Tile ajoutees dans la pile: 21
Nombre de Tile traversees: 6370  Distance est: 490
Nombre de Tile ajoutees dans la pile: 21
Nombre de Tile traversees: 6371  Distance est: 490
Nombre de Tile ajoutees dans la pile: 22
Nombre de Tile traversees: 6372  Distance est: 490
Nombre de Tile ajoutees dans la pile: 22
Nombre de Tile traversees: 6373  Distance est: 490
Nombre de Tile ajoutees dans la pile: 22
Nombre de Tile traversees: 6374  Distance est: 490
Nombre de Tile ajoutees dans la pile: 23
Nombre de Tile traversees: 6375  Distance est: 490
Nombre de Tile ajoutees dans la pile: 23
Nombre de Tile traversees: 6376  Distance est: 490
Nombre de Tile ajoutees dans la pile: 23
Nombre de Tile traversees: 6377  Distance est: 491
Nombre de Tile ajoutees dans la pile: 23
Nombre de Tile traversees: 6378  Distance est: 491
Nombre de Tile ajoutees dans la pile: 23
Nombre de Tile traversees: 6379  Distance est: 491
Nombre de Tile ajoutees dans la pile: 22
Nombre de Tile traversees: 6380  Distance est: 491
Nombre de Tile ajoutees dans la pile: 22
Nombre de Tile traversees: 6381  Distance est: 491
Nombre de Tile ajoutees dans la pile: 22
Nombre de Tile traversees: 6382  Distance est: 491
Nombre de Tile ajoutees dans la pile: 23
Nombre de Tile traversees: 6383  Distance est: 491
Nombre de Tile ajoutees dans la pile: 23
Nombre de Tile traversees: 6384  Distance est: 491
Nombre de Tile ajoutees dans la pile: 23
Nombre de Tile traversees: 6385  Distance est: 491
Nombre de Tile ajoutees dans la pile: 22
Nombre de Tile traversees: 6386  Distance est: 491
Nombre de Tile ajoutees dans la pile: 22
Nombre de Tile traversees: 6387  Distance est: 491
Nombre de Tile ajoutees dans la pile: 21
Nombre de Tile traversees: 6388  Distance est: 491
Nombre de Tile ajoutees dans la pile: 21
Nombre de Tile traversees: 6389  Distance est: 491
Nombre de Tile ajoutees dans la pile: 21
Nombre de Tile traversees: 6390  Distance est: 491
Nombre de Tile ajoutees dans la pile: 20
Nombre de Tile traversees: 6391  Distance est: 491
Nombre de Tile ajoutees dans la pile: 20
Nombre de Tile traversees: 6392  Distance est: 491
Nombre de Tile ajoutees dans la pile: 20
Nombre de Tile traversees: 6393  Distance est: 491
Nombre de Tile ajoutees dans la pile: 19
Nombre de Tile traversees: 6394  Distance est: 491
Nombre de Tile ajoutees dans la pile: 18
Nombre de Tile traversees: 6395  Distance est: 491
Nombre de Tile ajoutees dans la pile: 18
Nombre de Tile traversees: 6396  Distance est: 491
Nombre de Tile ajoutees dans la pile: 19
Nombre de Tile traversees: 6397  Distance est: 491
Nombre de Tile ajoutees dans la pile: 19
Nombre de Tile traversees: 6398  Distance est: 491
Nombre de Tile ajoutees dans la pile: 20
Nombre de Tile traversees: 6399  Distance est: 491
Nombre de Tile ajoutees dans la pile: 20
Nombre de Tile traversees: 6400  Distance est: 492
Nombre de Tile ajoutees dans la pile: 20
Nombre de Tile traversees: 6401  Distance est: 492
Nombre de Tile ajoutees dans la pile: 20
Nombre de Tile traversees: 6402  Distance est: 492
Nombre de Tile ajoutees dans la pile: 20
Nombre de Tile traversees: 6403  Distance est: 492
Nombre de Tile ajoutees dans la pile: 20
Nombre de Tile traversees: 6404  Distance est: 492
Nombre de Tile ajoutees dans la pile: 20
Nombre de Tile traversees: 6405  Distance est: 492
Nombre de Tile ajoutees dans la pile: 20
Nombre de Tile traversees: 6406  Distance est: 492
Nombre de Tile ajoutees dans la pile: 20
Nombre de Tile traversees: 6407  Distance est: 492
Nombre de Tile ajoutees dans la pile: 20
Nombre de Tile traversees: 6408  Distance est: 492
Nombre de Tile ajoutees dans la pile: 20
Nombre de Tile traversees: 6409  Distance est: 492
Nombre de Tile ajoutees dans la pile: 21
Nombre de Tile traversees: 6410  Distance est: 492
Nombre de Tile ajoutees dans la pile: 21
Nombre de Tile traversees: 6411  Distance est: 492
Nombre de Tile ajoutees dans la pile: 21
Nombre de Tile traversees: 6412  Distance est: 492
Nombre de Tile ajoutees dans la pile: 21
Nombre de Tile traversees: 6413  Distance est: 492
Nombre de Tile ajoutees dans la pile: 21
Nombre de Tile traversees: 6414  Distance est: 492
Nombre de Tile ajoutees dans la pile: 22
Nombre de Tile traversees: 6415  Distance est: 492
Nombre de Tile ajoutees dans la pile: 21
Nombre de Tile traversees: 6416  Distance est: 492
Nombre de Tile ajoutees dans la pile: 21
Nombre de Tile traversees: 6417  Distance est: 492
Nombre de Tile ajoutees dans la pile: 21
Nombre de Tile traversees: 6418  Distance est: 492
Nombre de Tile ajoutees dans la pile: 21
Nombre de Tile traversees: 6419  Distance est: 492
Nombre de Tile ajoutees dans la pile: 21
Nombre de Tile traversees: 6420  Distance est: 493
Nombre de Tile ajoutees dans la pile: 21
Nombre de Tile traversees: 6421  Distance est: 493
Nombre de Tile ajoutees dans la pile: 21
Nombre de Tile traversees: 6422  Distance est: 493
Nombre de Tile ajoutees dans la pile: 21
Nombre de Tile traversees: 6423  Distance est: 493
Nombre de Tile ajoutees dans la pile: 21
Nombre de Tile traversees: 6424  Distance est: 493
Nombre de Tile ajoutees dans la pile: 21
Nombre de Tile traversees: 6425  Distance est: 493
Nombre de Tile ajoutees dans la pile: 21
Nombre de Tile traversees: 6426  Distance est: 493
Nombre de Tile ajoutees dans la pile: 21
Nombre de Tile traversees: 6427  Distance est: 493
Nombre de Tile ajoutees dans la pile: 22
Nombre de Tile traversees: 6428  Distance est: 493
Nombre de Tile ajoutees dans la pile: 22
Nombre de Tile traversees: 6429  Distance est: 493
Nombre de Tile ajoutees dans la pile: 23
Nombre de Tile traversees: 6430  Distance est: 493
Nombre de Tile ajoutees dans la pile: 23
Nombre de Tile traversees: 6431  Distance est: 493
Nombre de Tile ajoutees dans la pile: 23
Nombre de Tile traversees: 6432  Distance est: 493
Nombre de Tile ajoutees dans la pile: 23
Nombre de Tile traversees: 6433  Distance est: 493
Nombre de Tile ajoutees dans la pile: 23
Nombre de Tile traversees: 6434  Distance est: 493
Nombre de Tile ajoutees dans la pile: 23
Nombre de Tile traversees: 6435  Distance est: 493
Nombre de Tile ajoutees dans la pile: 23
Nombre de Tile traversees: 6436  Distance est: 493
Nombre de Tile ajoutees dans la pile: 22
Nombre de Tile traversees: 6437  Distance est: 493
Nombre de Tile ajoutees dans la pile: 22
Nombre de Tile traversees: 6438  Distance est: 493
Nombre de Tile ajoutees dans la pile: 21
Nombre de Tile traversees: 6439  Distance est: 493
Nombre de Tile ajoutees dans la pile: 21
Nombre de Tile traversees: 6440  Distance est: 493
Nombre de Tile ajoutees dans la pile: 21
Nombre de Tile traversees: 6441  Distance est: 494
Nombre de Tile ajoutees dans la pile: 21
Nombre de Tile traversees: 6442  Distance est: 494
Nombre de Tile ajoutees dans la pile: 21
Nombre de Tile traversees: 6443  Distance est: 494
Nombre de Tile ajoutees dans la pile: 21
Nombre de Tile traversees: 6444  Distance est: 494
Nombre de Tile ajoutees dans la pile: 21
Nombre de Tile traversees: 6445  Distance est: 494
Nombre de Tile ajoutees dans la pile: 21
Nombre de Tile traversees: 6446  Distance est: 494
Nombre de Tile ajoutees dans la pile: 21
Nombre de Tile traversees: 6447  Distance est: 494
Nombre de Tile ajoutees dans la pile: 21
Nombre de Tile traversees: 6448  Distance est: 494
Nombre de Tile ajoutees dans la pile: 21
Nombre de Tile traversees: 6449  Distance est: 494
Nombre de Tile ajoutees dans la pile: 21
Nombre de Tile traversees: 6450  Distance est: 494
Nombre de Tile ajoutees dans la pile: 21
Nombre de Tile traversees: 6451  Distance est: 494
Nombre de Tile ajoutees dans la pile: 22
Nombre de Tile traversees: 6452  Distance est: 494
Nombre de Tile ajoutees dans la pile: 21
Nombre de Tile traversees: 6453  Distance est: 494
Nombre de Tile ajoutees dans la pile: 21
Nombre de Tile traversees: 6454  Distance est: 494
Nombre de Tile ajoutees dans la pile: 21
Nombre de Tile traversees: 6455  Distance est: 494
Nombre de Tile ajoutees dans la pile: 21
Nombre de Tile traversees: 6456  Distance est: 494
Nombre de Tile ajoutees dans la pile: 21
Nombre de Tile traversees: 6457  Distance est: 494
Nombre de Tile ajoutees dans la pile: 21
Nombre de Tile traversees: 6458  Distance est: 494
Nombre de Tile ajoutees dans la pile: 21
Nombre de Tile traversees: 6459  Distance est: 494
Nombre de Tile ajoutees dans la pile: 21
Nombre de Tile traversees: 6460  Distance est: 494
Nombre de Tile ajoutees dans la pile: 21
Nombre de Tile traversees: 6461  Distance est: 494
Nombre de Tile ajoutees dans la pile: 21
Nombre de Tile traversees: 6462  Distance est: 495
Nombre de Tile ajoutees dans la pile: 21
Nombre de Tile traversees: 6463  Distance est: 495
Nombre de Tile ajoutees dans la pile: 21
Nombre de Tile traversees: 6464  Distance est: 495
Nombre de Tile ajoutees dans la pile: 21
Nombre de Tile traversees: 6465  Distance est: 495
Nombre de Tile ajoutees dans la pile: 21
Nombre de Tile traversees: 6466  Distance est: 495
Nombre de Tile ajoutees dans la pile: 21
Nombre de Tile traversees: 6467  Distance est: 495
Nombre de Tile ajoutees dans la pile: 21
Nombre de Tile traversees: 6468  Distance est: 495
Nombre de Tile ajoutees dans la pile: 21
Nombre de Tile traversees: 6469  Distance est: 495
Nombre de Tile ajoutees dans la pile: 21
Nombre de Tile traversees: 6470  Distance est: 495
Nombre de Tile ajoutees dans la pile: 21
Nombre de Tile traversees: 6471  Distance est: 495
Nombre de Tile ajoutees dans la pile: 21
Nombre de Tile traversees: 6472  Distance est: 495
Nombre de Tile ajoutees dans la pile: 20
Nombre de Tile traversees: 6473  Distance est: 495
Nombre de Tile ajoutees dans la pile: 19
Nombre de Tile traversees: 6474  Distance est: 495
Nombre de Tile ajoutees dans la pile: 18
Nombre de Tile traversees: 6475  Distance est: 495
Nombre de Tile ajoutees dans la pile: 18
Nombre de Tile traversees: 6476  Distance est: 495
Nombre de Tile ajoutees dans la pile: 18
Nombre de Tile traversees: 6477  Distance est: 495
Nombre de Tile ajoutees dans la pile: 18
Nombre de Tile traversees: 6478  Distance est: 495
Nombre de Tile ajoutees dans la pile: 17
Nombre de Tile traversees: 6479  Distance est: 495
Nombre de Tile ajoutees dans la pile: 17
Nombre de Tile traversees: 6480  Distance est: 495
Nombre de Tile ajoutees dans la pile: 16
Nombre de Tile traversees: 6481  Distance est: 495
Nombre de Tile ajoutees dans la pile: 16
Nombre de Tile traversees: 6482  Distance est: 495
Nombre de Tile ajoutees dans la pile: 16
Nombre de Tile traversees: 6483  Distance est: 496
Nombre de Tile ajoutees dans la pile: 16
Nombre de Tile traversees: 6484  Distance est: 496
Nombre de Tile ajoutees dans la pile: 16
Nombre de Tile traversees: 6485  Distance est: 496
Nombre de Tile ajoutees dans la pile: 16
Nombre de Tile traversees: 6486  Distance est: 496
Nombre de Tile ajoutees dans la pile: 16
Nombre de Tile traversees: 6487  Distance est: 496
Nombre de Tile ajoutees dans la pile: 16
Nombre de Tile traversees: 6488  Distance est: 496
Nombre de Tile ajoutees dans la pile: 16
Nombre de Tile traversees: 6489  Distance est: 496
Nombre de Tile ajoutees dans la pile: 16
Nombre de Tile traversees: 6490  Distance est: 496
Nombre de Tile ajoutees dans la pile: 16
Nombre de Tile traversees: 6491  Distance est: 496
Nombre de Tile ajoutees dans la pile: 16
Nombre de Tile traversees: 6492  Distance est: 496
Nombre de Tile ajoutees dans la pile: 16
Nombre de Tile traversees: 6493  Distance est: 496
Nombre de Tile ajoutees dans la pile: 16
Nombre de Tile traversees: 6494  Distance est: 496
Nombre de Tile ajoutees dans la pile: 16
Nombre de Tile traversees: 6495  Distance est: 496
Nombre de Tile ajoutees dans la pile: 16
Nombre de Tile traversees: 6496  Distance est: 496
Nombre de Tile ajoutees dans la pile: 16
Nombre de Tile traversees: 6497  Distance est: 496
Nombre de Tile ajoutees dans la pile: 16
Nombre de Tile traversees: 6498  Distance est: 496
Nombre de Tile ajoutees dans la pile: 16
Nombre de Tile traversees: 6499  Distance est: 497
Nombre de Tile ajoutees dans la pile: 16
Nombre de Tile traversees: 6500  Distance est: 497
Nombre de Tile ajoutees dans la pile: 16
Nombre de Tile traversees: 6501  Distance est: 497
Nombre de Tile ajoutees dans la pile: 16
Nombre de Tile traversees: 6502  Distance est: 497
Nombre de Tile ajoutees dans la pile: 16
Nombre de Tile traversees: 6503  Distance est: 497
Nombre de Tile ajoutees dans la pile: 17
Nombre de Tile traversees: 6504  Distance est: 497
Nombre de Tile ajoutees dans la pile: 18
Nombre de Tile traversees: 6505  Distance est: 497
Nombre de Tile ajoutees dans la pile: 18
Nombre de Tile traversees: 6506  Distance est: 497
Nombre de Tile ajoutees dans la pile: 18
Nombre de Tile traversees: 6507  Distance est: 497
Nombre de Tile ajoutees dans la pile: 19
Nombre de Tile traversees: 6508  Distance est: 497
Nombre de Tile ajoutees dans la pile: 19
Nombre de Tile traversees: 6509  Distance est: 497
Nombre de Tile ajoutees dans la pile: 18
Nombre de Tile traversees: 6510  Distance est: 497
Nombre de Tile ajoutees dans la pile: 19
Nombre de Tile traversees: 6511  Distance est: 497
Nombre de Tile ajoutees dans la pile: 19
Nombre de Tile traversees: 6512  Distance est: 497
Nombre de Tile ajoutees dans la pile: 19
Nombre de Tile traversees: 6513  Distance est: 497
Nombre de Tile ajoutees dans la pile: 19
Nombre de Tile traversees: 6514  Distance est: 497
Nombre de Tile ajoutees dans la pile: 19
Nombre de Tile traversees: 6515  Distance est: 498
Nombre de Tile ajoutees dans la pile: 19
Nombre de Tile traversees: 6516  Distance est: 498
Nombre de Tile ajoutees dans la pile: 19
Nombre de Tile traversees: 6517  Distance est: 498
Nombre de Tile ajoutees dans la pile: 19
Nombre de Tile traversees: 6518  Distance est: 498
Nombre de Tile ajoutees dans la pile: 19
Nombre de Tile traversees: 6519  Distance est: 498
Nombre de Tile ajoutees dans la pile: 19
Nombre de Tile traversees: 6520  Distance est: 498
Nombre de Tile ajoutees dans la pile: 19
Nombre de Tile traversees: 6521  Distance est: 498
Nombre de Tile ajoutees dans la pile: 19
Nombre de Tile traversees: 6522  Distance est: 498
Nombre de Tile ajoutees dans la pile: 19
Nombre de Tile traversees: 6523  Distance est: 498
Nombre de Tile ajoutees dans la pile: 19
Nombre de Tile traversees: 6524  Distance est: 498
Nombre de Tile ajoutees dans la pile: 19
Nombre de Tile traversees: 6525  Distance est: 498
Nombre de Tile ajoutees dans la pile: 19
Nombre de Tile traversees: 6526  Distance est: 498
Nombre de Tile ajoutees dans la pile: 19
Nombre de Tile traversees: 6527  Distance est: 498
Nombre de Tile ajoutees dans la pile: 19
Nombre de Tile traversees: 6528  Distance est: 498
Nombre de Tile ajoutees dans la pile: 19
Nombre de Tile traversees: 6529  Distance est: 498
Nombre de Tile ajoutees dans la pile: 19
Nombre de Tile traversees: 6530  Distance est: 498
Nombre de Tile ajoutees dans la pile: 19
Nombre de Tile traversees: 6531  Distance est: 498
Nombre de Tile ajoutees dans la pile: 19
Nombre de Tile traversees: 6532  Distance est: 498
Nombre de Tile ajoutees dans la pile: 19
Nombre de Tile traversees: 6533  Distance est: 498
Nombre de Tile ajoutees dans la pile: 19
Nombre de Tile traversees: 6534  Distance est: 499
Nombre de Tile ajoutees dans la pile: 19
Nombre de Tile traversees: 6535  Distance est: 499
Nombre de Tile ajoutees dans la pile: 19
Nombre de Tile traversees: 6536  Distance est: 499
Nombre de Tile ajoutees dans la pile: 19
Nombre de Tile traversees: 6537  Distance est: 499
Nombre de Tile ajoutees dans la pile: 18
Nombre de Tile traversees: 6538  Distance est: 499
Nombre de Tile ajoutees dans la pile: 18
Nombre de Tile traversees: 6539  Distance est: 499
Nombre de Tile ajoutees dans la pile: 18
Nombre de Tile traversees: 6540  Distance est: 499
Nombre de Tile ajoutees dans la pile: 19
Nombre de Tile traversees: 6541  Distance est: 499
Nombre de Tile ajoutees dans la pile: 19
Nombre de Tile traversees: 6542  Distance est: 499
Nombre de Tile ajoutees dans la pile: 19
Nombre de Tile traversees: 6543  Distance est: 499
Nombre de Tile ajoutees dans la pile: 19
Nombre de Tile traversees: 6544  Distance est: 499
Nombre de Tile ajoutees dans la pile: 19
Nombre de Tile traversees: 6545  Distance est: 499
Nombre de Tile ajoutees dans la pile: 19
Nombre de Tile traversees: 6546  Distance est: 499
Nombre de Tile ajoutees dans la pile: 19
Nombre de Tile traversees: 6547  Distance est: 499
Nombre de Tile ajoutees dans la pile: 19
Nombre de Tile traversees: 6548  Distance est: 499
Nombre de Tile ajoutees dans la pile: 19
Nombre de Tile traversees: 6549  Distance est: 499
Nombre de Tile ajoutees dans la pile: 19
Nombre de Tile traversees: 6550  Distance est: 499
Nombre de Tile ajoutees dans la pile: 20
Nombre de Tile traversees: 6551  Distance est: 499
Nombre de Tile ajoutees dans la pile: 20
Nombre de Tile traversees: 6552  Distance est: 499
Nombre de Tile ajoutees dans la pile: 20
Nombre de Tile traversees: 6553  Distance est: 500
Nombre de Tile ajoutees dans la pile: 20
Nombre de Tile traversees: 6554  Distance est: 500
Nombre de Tile ajoutees dans la pile: 20
Nombre de Tile traversees: 6555  Distance est: 500
Nombre de Tile ajoutees dans la pile: 20
Nombre de Tile traversees: 6556  Distance est: 500
Nombre de Tile ajoutees dans la pile: 21
Nombre de Tile traversees: 6557  Distance est: 500
Nombre de Tile ajoutees dans la pile: 21
Nombre de Tile traversees: 6558  Distance est: 500
Nombre de Tile ajoutees dans la pile: 21
Nombre de Tile traversees: 6559  Distance est: 500
Nombre de Tile ajoutees dans la pile: 21
Nombre de Tile traversees: 6560  Distance est: 500
Nombre de Tile ajoutees dans la pile: 21
Nombre de Tile traversees: 6561  Distance est: 500
Nombre de Tile ajoutees dans la pile: 21
Nombre de Tile traversees: 6562  Distance est: 500
Nombre de Tile ajoutees dans la pile: 21
Nombre de Tile traversees: 6563  Distance est: 500
Nombre de Tile ajoutees dans la pile: 21
Nombre de Tile traversees: 6564  Distance est: 500
Nombre de Tile ajoutees dans la pile: 21
Nombre de Tile traversees: 6565  Distance est: 500
Nombre de Tile ajoutees dans la pile: 21
Nombre de Tile traversees: 6566  Distance est: 500
Nombre de Tile ajoutees dans la pile: 21
Nombre de Tile traversees: 6567  Distance est: 500
Nombre de Tile ajoutees dans la pile: 21
Nombre de Tile traversees: 6568  Distance est: 500
Nombre de Tile ajoutees dans la pile: 21
Nombre de Tile traversees: 6569  Distance est: 500
Nombre de Tile ajoutees dans la pile: 21
Nombre de Tile traversees: 6570  Distance est: 500
Nombre de Tile ajoutees dans la pile: 22
Nombre de Tile traversees: 6571  Distance est: 500
Nombre de Tile ajoutees dans la pile: 22
Nombre de Tile traversees: 6572  Distance est: 500
Nombre de Tile ajoutees dans la pile: 22
Nombre de Tile traversees: 6573  Distance est: 501
Nombre de Tile ajoutees dans la pile: 22
Nombre de Tile traversees: 6574  Distance est: 501
Nombre de Tile ajoutees dans la pile: 21
Nombre de Tile traversees: 6575  Distance est: 501
Nombre de Tile ajoutees dans la pile: 21
Nombre de Tile traversees: 6576  Distance est: 501
Nombre de Tile ajoutees dans la pile: 22
Nombre de Tile traversees: 6577  Distance est: 501
Nombre de Tile ajoutees dans la pile: 21
Nombre de Tile traversees: 6578  Distance est: 501
Nombre de Tile ajoutees dans la pile: 21
Nombre de Tile traversees: 6579  Distance est: 501
Nombre de Tile ajoutees dans la pile: 21
Nombre de Tile traversees: 6580  Distance est: 501
Nombre de Tile ajoutees dans la pile: 20
Nombre de Tile traversees: 6581  Distance est: 501
Nombre de Tile ajoutees dans la pile: 20
Nombre de Tile traversees: 6582  Distance est: 501
Nombre de Tile ajoutees dans la pile: 20
Nombre de Tile traversees: 6583  Distance est: 501
Nombre de Tile ajoutees dans la pile: 20
Nombre de Tile traversees: 6584  Distance est: 501
Nombre de Tile ajoutees dans la pile: 20
Nombre de Tile traversees: 6585  Distance est: 501
Nombre de Tile ajoutees dans la pile: 20
Nombre de Tile traversees: 6586  Distance est: 501
Nombre de Tile ajoutees dans la pile: 20
Nombre de Tile traversees: 6587  Distance est: 501
Nombre de Tile ajoutees dans la pile: 20
Nombre de Tile traversees: 6588  Distance est: 501
Nombre de Tile ajoutees dans la pile: 20
Nombre de Tile traversees: 6589  Distance est: 501
Nombre de Tile ajoutees dans la pile: 20
Nombre de Tile traversees: 6590  Distance est: 501
Nombre de Tile ajoutees dans la pile: 21
Nombre de Tile traversees: 6591  Distance est: 501
Nombre de Tile ajoutees dans la pile: 22
Nombre de Tile traversees: 6592  Distance est: 501
Nombre de Tile ajoutees dans la pile: 22
Nombre de Tile traversees: 6593  Distance est: 501
Nombre de Tile ajoutees dans la pile: 22
Nombre de Tile traversees: 6594  Distance est: 501
Nombre de Tile ajoutees dans la pile: 22
Nombre de Tile traversees: 6595  Distance est: 502
Nombre de Tile ajoutees dans la pile: 22
Nombre de Tile traversees: 6596  Distance est: 502
Nombre de Tile ajoutees dans la pile: 22
Nombre de Tile traversees: 6597  Distance est: 502
Nombre de Tile ajoutees dans la pile: 23
Nombre de Tile traversees: 6598  Distance est: 502
Nombre de Tile ajoutees dans la pile: 22
Nombre de Tile traversees: 6599  Distance est: 502
Nombre de Tile ajoutees dans la pile: 22
Nombre de Tile traversees: 6600  Distance est: 502
Nombre de Tile ajoutees dans la pile: 22
Nombre de Tile traversees: 6601  Distance est: 502
Nombre de Tile ajoutees dans la pile: 22
Nombre de Tile traversees: 6602  Distance est: 502
Nombre de Tile ajoutees dans la pile: 22
Nombre de Tile traversees: 6603  Distance est: 502
Nombre de Tile ajoutees dans la pile: 22
Nombre de Tile traversees: 6604  Distance est: 502
Nombre de Tile ajoutees dans la pile: 22
Nombre de Tile traversees: 6605  Distance est: 502
Nombre de Tile ajoutees dans la pile: 22
Nombre de Tile traversees: 6606  Distance est: 502
Nombre de Tile ajoutees dans la pile: 22
Nombre de Tile traversees: 6607  Distance est: 502
Nombre de Tile ajoutees dans la pile: 23
Nombre de Tile traversees: 6608  Distance est: 502
Nombre de Tile ajoutees dans la pile: 23
Nombre de Tile traversees: 6609  Distance est: 502
Nombre de Tile ajoutees dans la pile: 23
Nombre de Tile traversees: 6610  Distance est: 502
Nombre de Tile ajoutees dans la pile: 23
Nombre de Tile traversees: 6611  Distance est: 502
Nombre de Tile ajoutees dans la pile: 23
Nombre de Tile traversees: 6612  Distance est: 502
Nombre de Tile ajoutees dans la pile: 24
Nombre de Tile traversees: 6613  Distance est: 502
Nombre de Tile ajoutees dans la pile: 23
Nombre de Tile traversees: 6614  Distance est: 502
Nombre de Tile ajoutees dans la pile: 23
Nombre de Tile traversees: 6615  Distance est: 502
Nombre de Tile ajoutees dans la pile: 23
Nombre de Tile traversees: 6616  Distance est: 502
Nombre de Tile ajoutees dans la pile: 23
Nombre de Tile traversees: 6617  Distance est: 503
Nombre de Tile ajoutees dans la pile: 23
Nombre de Tile traversees: 6618  Distance est: 503
Nombre de Tile ajoutees dans la pile: 24
Nombre de Tile traversees: 6619  Distance est: 503
Nombre de Tile ajoutees dans la pile: 23
Nombre de Tile traversees: 6620  Distance est: 503
Nombre de Tile ajoutees dans la pile: 22
Nombre de Tile traversees: 6621  Distance est: 503
Nombre de Tile ajoutees dans la pile: 21
Nombre de Tile traversees: 6622  Distance est: 503
Nombre de Tile ajoutees dans la pile: 22
Nombre de Tile traversees: 6623  Distance est: 503
Nombre de Tile ajoutees dans la pile: 21
Nombre de Tile traversees: 6624  Distance est: 503
Nombre de Tile ajoutees dans la pile: 21
Nombre de Tile traversees: 6625  Distance est: 503
Nombre de Tile ajoutees dans la pile: 21
Nombre de Tile traversees: 6626  Distance est: 503
Nombre de Tile ajoutees dans la pile: 21
Nombre de Tile traversees: 6627  Distance est: 503
Nombre de Tile ajoutees dans la pile: 22
Nombre de Tile traversees: 6628  Distance est: 503
Nombre de Tile ajoutees dans la pile: 22
Nombre de Tile traversees: 6629  Distance est: 503
Nombre de Tile ajoutees dans la pile: 23
Nombre de Tile traversees: 6630  Distance est: 503
Nombre de Tile ajoutees dans la pile: 23
Nombre de Tile traversees: 6631  Distance est: 503
Nombre de Tile ajoutees dans la pile: 23
Nombre de Tile traversees: 6632  Distance est: 503
Nombre de Tile ajoutees dans la pile: 23
Nombre de Tile traversees: 6633  Distance est: 503
Nombre de Tile ajoutees dans la pile: 22
Nombre de Tile traversees: 6634  Distance est: 503
Nombre de Tile ajoutees dans la pile: 21
Nombre de Tile traversees: 6635  Distance est: 503
Nombre de Tile ajoutees dans la pile: 21
Nombre de Tile traversees: 6636  Distance est: 503
Nombre de Tile ajoutees dans la pile: 20
Nombre de Tile traversees: 6637  Distance est: 503
Nombre de Tile ajoutees dans la pile: 20
Nombre de Tile traversees: 6638  Distance est: 503
Nombre de Tile ajoutees dans la pile: 20
Nombre de Tile traversees: 6639  Distance est: 503
Nombre de Tile ajoutees dans la pile: 20
Nombre de Tile traversees: 6640  Distance est: 504
Nombre de Tile ajoutees dans la pile: 20
Nombre de Tile traversees: 6641  Distance est: 504
Nombre de Tile ajoutees dans la pile: 20
Nombre de Tile traversees: 6642  Distance est: 504
Nombre de Tile ajoutees dans la pile: 20
Nombre de Tile traversees: 6643  Distance est: 504
Nombre de Tile ajoutees dans la pile: 20
Nombre de Tile traversees: 6644  Distance est: 504
Nombre de Tile ajoutees dans la pile: 20
Nombre de Tile traversees: 6645  Distance est: 504
Nombre de Tile ajoutees dans la pile: 20
Nombre de Tile traversees: 6646  Distance est: 504
Nombre de Tile ajoutees dans la pile: 20
Nombre de Tile traversees: 6647  Distance est: 504
Nombre de Tile ajoutees dans la pile: 20
Nombre de Tile traversees: 6648  Distance est: 504
Nombre de Tile ajoutees dans la pile: 20
Nombre de Tile traversees: 6649  Distance est: 504
Nombre de Tile ajoutees dans la pile: 21
Nombre de Tile traversees: 6650  Distance est: 504
Nombre de Tile ajoutees dans la pile: 21
Nombre de Tile traversees: 6651  Distance est: 504
Nombre de Tile ajoutees dans la pile: 22
Nombre de Tile traversees: 6652  Distance est: 504
Nombre de Tile ajoutees dans la pile: 21
Nombre de Tile traversees: 6653  Distance est: 504
Nombre de Tile ajoutees dans la pile: 21
Nombre de Tile traversees: 6654  Distance est: 504
Nombre de Tile ajoutees dans la pile: 21
Nombre de Tile traversees: 6655  Distance est: 504
Nombre de Tile ajoutees dans la pile: 21
Nombre de Tile traversees: 6656  Distance est: 504
Nombre de Tile ajoutees dans la pile: 21
Nombre de Tile traversees: 6657  Distance est: 504
Nombre de Tile ajoutees dans la pile: 21
Nombre de Tile traversees: 6658  Distance est: 504
Nombre de Tile ajoutees dans la pile: 22
Nombre de Tile traversees: 6659  Distance est: 504
Nombre de Tile ajoutees dans la pile: 22
Nombre de Tile traversees: 6660  Distance est: 505
Nombre de Tile ajoutees dans la pile: 22
Nombre de Tile traversees: 6661  Distance est: 505
Nombre de Tile ajoutees dans la pile: 22
Nombre de Tile traversees: 6662  Distance est: 505
Nombre de Tile ajoutees dans la pile: 22
Nombre de Tile traversees: 6663  Distance est: 505
Nombre de Tile ajoutees dans la pile: 22
Nombre de Tile traversees: 6664  Distance est: 505
Nombre de Tile ajoutees dans la pile: 22
Nombre de Tile traversees: 6665  Distance est: 505
Nombre de Tile ajoutees dans la pile: 22
Nombre de Tile traversees: 6666  Distance est: 505
Nombre de Tile ajoutees dans la pile: 22
Nombre de Tile traversees: 6667  Distance est: 505
Nombre de Tile ajoutees dans la pile: 22
Nombre de Tile traversees: 6668  Distance est: 505
Nombre de Tile ajoutees dans la pile: 22
Nombre de Tile traversees: 6669  Distance est: 505
Nombre de Tile ajoutees dans la pile: 23
Nombre de Tile traversees: 6670  Distance est: 505
Nombre de Tile ajoutees dans la pile: 23
Nombre de Tile traversees: 6671  Distance est: 505
Nombre de Tile ajoutees dans la pile: 23
Nombre de Tile traversees: 6672  Distance est: 505
Nombre de Tile ajoutees dans la pile: 24
Nombre de Tile traversees: 6673  Distance est: 505
Nombre de Tile ajoutees dans la pile: 23
Nombre de Tile traversees: 6674  Distance est: 505
Nombre de Tile ajoutees dans la pile: 22
Nombre de Tile traversees: 6675  Distance est: 505
Nombre de Tile ajoutees dans la pile: 22
Nombre de Tile traversees: 6676  Distance est: 505
Nombre de Tile ajoutees dans la pile: 22
Nombre de Tile traversees: 6677  Distance est: 505
Nombre de Tile ajoutees dans la pile: 23
Nombre de Tile traversees: 6678  Distance est: 505
Nombre de Tile ajoutees dans la pile: 23
Nombre de Tile traversees: 6679  Distance est: 505
Nombre de Tile ajoutees dans la pile: 24
Nombre de Tile traversees: 6680  Distance est: 505
Nombre de Tile ajoutees dans la pile: 23
Nombre de Tile traversees: 6681  Distance est: 505
Nombre de Tile ajoutees dans la pile: 22
Nombre de Tile traversees: 6682  Distance est: 506
Nombre de Tile ajoutees dans la pile: 22
Nombre de Tile traversees: 6683  Distance est: 506
Nombre de Tile ajoutees dans la pile: 22
Nombre de Tile traversees: 6684  Distance est: 506
Nombre de Tile ajoutees dans la pile: 22
Nombre de Tile traversees: 6685  Distance est: 506
Nombre de Tile ajoutees dans la pile: 23
Nombre de Tile traversees: 6686  Distance est: 506
Nombre de Tile ajoutees dans la pile: 23
Nombre de Tile traversees: 6687  Distance est: 506
Nombre de Tile ajoutees dans la pile: 23
Nombre de Tile traversees: 6688  Distance est: 506
Nombre de Tile ajoutees dans la pile: 23
Nombre de Tile traversees: 6689  Distance est: 506
Nombre de Tile ajoutees dans la pile: 23
Nombre de Tile traversees: 6690  Distance est: 506
Nombre de Tile ajoutees dans la pile: 23
Nombre de Tile traversees: 6691  Distance est: 506
Nombre de Tile ajoutees dans la pile: 24
Nombre de Tile traversees: 6692  Distance est: 506
Nombre de Tile ajoutees dans la pile: 23
Nombre de Tile traversees: 6693  Distance est: 506
Nombre de Tile ajoutees dans la pile: 23
Nombre de Tile traversees: 6694  Distance est: 506
Nombre de Tile ajoutees dans la pile: 23
Nombre de Tile traversees: 6695  Distance est: 506
Nombre de Tile ajoutees dans la pile: 23
Nombre de Tile traversees: 6696  Distance est: 506
Nombre de Tile ajoutees dans la pile: 23
Nombre de Tile traversees: 6697  Distance est: 506
Nombre de Tile ajoutees dans la pile: 23
Nombre de Tile traversees: 6698  Distance est: 506
Nombre de Tile ajoutees dans la pile: 23
Nombre de Tile traversees: 6699  Distance est: 506
Nombre de Tile ajoutees dans la pile: 23
Nombre de Tile traversees: 6700  Distance est: 506
Nombre de Tile ajoutees dans la pile: 23
Nombre de Tile traversees: 6701  Distance est: 506
Nombre de Tile ajoutees dans la pile: 23
Nombre de Tile traversees: 6702  Distance est: 506
Nombre de Tile ajoutees dans la pile: 25
Nombre de Tile traversees: 6703  Distance est: 506
Nombre de Tile ajoutees dans la pile: 24
Nombre de Tile traversees: 6704  Distance est: 507
Nombre de Tile ajoutees dans la pile: 24
Nombre de Tile traversees: 6705  Distance est: 507
Nombre de Tile ajoutees dans la pile: 24
Nombre de Tile traversees: 6706  Distance est: 507
Nombre de Tile ajoutees dans la pile: 24
Nombre de Tile traversees: 6707  Distance est: 507
Nombre de Tile ajoutees dans la pile: 25
Nombre de Tile traversees: 6708  Distance est: 507
Nombre de Tile ajoutees dans la pile: 24
Nombre de Tile traversees: 6709  Distance est: 507
Nombre de Tile ajoutees dans la pile: 24
Nombre de Tile traversees: 6710  Distance est: 507
Nombre de Tile ajoutees dans la pile: 24
Nombre de Tile traversees: 6711  Distance est: 507
Nombre de Tile ajoutees dans la pile: 24
Nombre de Tile traversees: 6712  Distance est: 507
Nombre de Tile ajoutees dans la pile: 24
Nombre de Tile traversees: 6713  Distance est: 507
Nombre de Tile ajoutees dans la pile: 24
Nombre de Tile traversees: 6714  Distance est: 507
Nombre de Tile ajoutees dans la pile: 24
Nombre de Tile traversees: 6715  Distance est: 507
Nombre de Tile ajoutees dans la pile: 23
Nombre de Tile traversees: 6716  Distance est: 507
Nombre de Tile ajoutees dans la pile: 23
Nombre de Tile traversees: 6717  Distance est: 507
Nombre de Tile ajoutees dans la pile: 23
Nombre de Tile traversees: 6718  Distance est: 507
Nombre de Tile ajoutees dans la pile: 22
Nombre de Tile traversees: 6719  Distance est: 507
Nombre de Tile ajoutees dans la pile: 21
Nombre de Tile traversees: 6720  Distance est: 507
Nombre de Tile ajoutees dans la pile: 21
Nombre de Tile traversees: 6721  Distance est: 507
Nombre de Tile ajoutees dans la pile: 21
Nombre de Tile traversees: 6722  Distance est: 507
Nombre de Tile ajoutees dans la pile: 21
Nombre de Tile traversees: 6723  Distance est: 507
Nombre de Tile ajoutees dans la pile: 21
Nombre de Tile traversees: 6724  Distance est: 507
Nombre de Tile ajoutees dans la pile: 21
Nombre de Tile traversees: 6725  Distance est: 507
Nombre de Tile ajoutees dans la pile: 22
Nombre de Tile traversees: 6726  Distance est: 507
Nombre de Tile ajoutees dans la pile: 22
Nombre de Tile traversees: 6727  Distance est: 507
Nombre de Tile ajoutees dans la pile: 21
Nombre de Tile traversees: 6728  Distance est: 508
Nombre de Tile ajoutees dans la pile: 21
Nombre de Tile traversees: 6729  Distance est: 508
Nombre de Tile ajoutees dans la pile: 21
Nombre de Tile traversees: 6730  Distance est: 508
Nombre de Tile ajoutees dans la pile: 22
Nombre de Tile traversees: 6731  Distance est: 508
Nombre de Tile ajoutees dans la pile: 23
Nombre de Tile traversees: 6732  Distance est: 508
Nombre de Tile ajoutees dans la pile: 22
Nombre de Tile traversees: 6733  Distance est: 508
Nombre de Tile ajoutees dans la pile: 22
Nombre de Tile traversees: 6734  Distance est: 508
Nombre de Tile ajoutees dans la pile: 22
Nombre de Tile traversees: 6735  Distance est: 508
Nombre de Tile ajoutees dans la pile: 22
Nombre de Tile traversees: 6736  Distance est: 508
Nombre de Tile ajoutees dans la pile: 22
Nombre de Tile traversees: 6737  Distance est: 508
Nombre de Tile ajoutees dans la pile: 22
Nombre de Tile traversees: 6738  Distance est: 508
Nombre de Tile ajoutees dans la pile: 22
Nombre de Tile traversees: 6739  Distance est: 508
Nombre de Tile ajoutees dans la pile: 22
Nombre de Tile traversees: 6740  Distance est: 508
Nombre de Tile ajoutees dans la pile: 22
Nombre de Tile traversees: 6741  Distance est: 508
Nombre de Tile ajoutees dans la pile: 22
Nombre de Tile traversees: 6742  Distance est: 508
Nombre de Tile ajoutees dans la pile: 22
Nombre de Tile traversees: 6743  Distance est: 508
Nombre de Tile ajoutees dans la pile: 23
Nombre de Tile traversees: 6744  Distance est: 508
Nombre de Tile ajoutees dans la pile: 23
Nombre de Tile traversees: 6745  Distance est: 508
Nombre de Tile ajoutees dans la pile: 23
Nombre de Tile traversees: 6746  Distance est: 508
Nombre de Tile ajoutees dans la pile: 24
Nombre de Tile traversees: 6747  Distance est: 508
Nombre de Tile ajoutees dans la pile: 23
Nombre de Tile traversees: 6748  Distance est: 508
Nombre de Tile ajoutees dans la pile: 23
Nombre de Tile traversees: 6749  Distance est: 509
Nombre de Tile ajoutees dans la pile: 23
Nombre de Tile traversees: 6750  Distance est: 509
Nombre de Tile ajoutees dans la pile: 23
Nombre de Tile traversees: 6751  Distance est: 509
Nombre de Tile ajoutees dans la pile: 24
Nombre de Tile traversees: 6752  Distance est: 509
Nombre de Tile ajoutees dans la pile: 24
Nombre de Tile traversees: 6753  Distance est: 509
Nombre de Tile ajoutees dans la pile: 23
Nombre de Tile traversees: 6754  Distance est: 509
Nombre de Tile ajoutees dans la pile: 22
Nombre de Tile traversees: 6755  Distance est: 509
Nombre de Tile ajoutees dans la pile: 22
Nombre de Tile traversees: 6756  Distance est: 509
Nombre de Tile ajoutees dans la pile: 22
Nombre de Tile traversees: 6757  Distance est: 509
Nombre de Tile ajoutees dans la pile: 22
Nombre de Tile traversees: 6758  Distance est: 509
Nombre de Tile ajoutees dans la pile: 22
Nombre de Tile traversees: 6759  Distance est: 509
Nombre de Tile ajoutees dans la pile: 23
Nombre de Tile traversees: 6760  Distance est: 509
Nombre de Tile ajoutees dans la pile: 23
Nombre de Tile traversees: 6761  Distance est: 509
Nombre de Tile ajoutees dans la pile: 23
Nombre de Tile traversees: 6762  Distance est: 509
Nombre de Tile ajoutees dans la pile: 23
Nombre de Tile traversees: 6763  Distance est: 509
Nombre de Tile ajoutees dans la pile: 24
Nombre de Tile traversees: 6764  Distance est: 509
Nombre de Tile ajoutees dans la pile: 24
Nombre de Tile traversees: 6765  Distance est: 509
Nombre de Tile ajoutees dans la pile: 25
Nombre de Tile traversees: 6766  Distance est: 509
Nombre de Tile ajoutees dans la pile: 25
Nombre de Tile traversees: 6767  Distance est: 509
Nombre de Tile ajoutees dans la pile: 25
Nombre de Tile traversees: 6768  Distance est: 509
Nombre de Tile ajoutees dans la pile: 25
Nombre de Tile traversees: 6769  Distance est: 509
Nombre de Tile ajoutees dans la pile: 24
Nombre de Tile traversees: 6770  Distance est: 509
Nombre de Tile ajoutees dans la pile: 23
Nombre de Tile traversees: 6771  Distance est: 509
Nombre de Tile ajoutees dans la pile: 23
Nombre de Tile traversees: 6772  Distance est: 510
Nombre de Tile ajoutees dans la pile: 23
Nombre de Tile traversees: 6773  Distance est: 510
Nombre de Tile ajoutees dans la pile: 23
Nombre de Tile traversees: 6774  Distance est: 510
Nombre de Tile ajoutees dans la pile: 24
Nombre de Tile traversees: 6775  Distance est: 510
Nombre de Tile ajoutees dans la pile: 23
Nombre de Tile traversees: 6776  Distance est: 510
Nombre de Tile ajoutees dans la pile: 23
Nombre de Tile traversees: 6777  Distance est: 510
Nombre de Tile ajoutees dans la pile: 23
Nombre de Tile traversees: 6778  Distance est: 510
Nombre de Tile ajoutees dans la pile: 23
Nombre de Tile traversees: 6779  Distance est: 510
Nombre de Tile ajoutees dans la pile: 23
Nombre de Tile traversees: 6780  Distance est: 510
Nombre de Tile ajoutees dans la pile: 23
Nombre de Tile traversees: 6781  Distance est: 510
Nombre de Tile ajoutees dans la pile: 23
Nombre de Tile traversees: 6782  Distance est: 510
Nombre de Tile ajoutees dans la pile: 23
Nombre de Tile traversees: 6783  Distance est: 510
Nombre de Tile ajoutees dans la pile: 23
Nombre de Tile traversees: 6784  Distance est: 510
Nombre de Tile ajoutees dans la pile: 23
Nombre de Tile traversees: 6785  Distance est: 510
Nombre de Tile ajoutees dans la pile: 23
Nombre de Tile traversees: 6786  Distance est: 510
Nombre de Tile ajoutees dans la pile: 23
Nombre de Tile traversees: 6787  Distance est: 510
Nombre de Tile ajoutees dans la pile: 23
Nombre de Tile traversees: 6788  Distance est: 510
Nombre de Tile ajoutees dans la pile: 24
Nombre de Tile traversees: 6789  Distance est: 510
Nombre de Tile ajoutees dans la pile: 25
Nombre de Tile traversees: 6790  Distance est: 510
Nombre de Tile ajoutees dans la pile: 24
Nombre de Tile traversees: 6791  Distance est: 510
Nombre de Tile ajoutees dans la pile: 24
Nombre de Tile traversees: 6792  Distance est: 510
Nombre de Tile ajoutees dans la pile: 24
Nombre de Tile traversees: 6793  Distance est: 510
Nombre de Tile ajoutees dans la pile: 24
Nombre de Tile traversees: 6794  Distance est: 510
Nombre de Tile ajoutees dans la pile: 24
Nombre de Tile traversees: 6795  Distance est: 511
Nombre de Tile ajoutees dans la pile: 24
Nombre de Tile traversees: 6796  Distance est: 511
Nombre de Tile ajoutees dans la pile: 24
Nombre de Tile traversees: 6797  Distance est: 511
Nombre de Tile ajoutees dans la pile: 23
Nombre de Tile traversees: 6798  Distance est: 511
Nombre de Tile ajoutees dans la pile: 22
Nombre de Tile traversees: 6799  Distance est: 511
Nombre de Tile ajoutees dans la pile: 21
Nombre de Tile traversees: 6800  Distance est: 511
Nombre de Tile ajoutees dans la pile: 21
Nombre de Tile traversees: 6801  Distance est: 511
Nombre de Tile ajoutees dans la pile: 20
Nombre de Tile traversees: 6802  Distance est: 511
Nombre de Tile ajoutees dans la pile: 20
Nombre de Tile traversees: 6803  Distance est: 511
Nombre de Tile ajoutees dans la pile: 21
Nombre de Tile traversees: 6804  Distance est: 511
Nombre de Tile ajoutees dans la pile: 20
Nombre de Tile traversees: 6805  Distance est: 511
Nombre de Tile ajoutees dans la pile: 20
Nombre de Tile traversees: 6806  Distance est: 511
Nombre de Tile ajoutees dans la pile: 19
Nombre de Tile traversees: 6807  Distance est: 511
Nombre de Tile ajoutees dans la pile: 19
Nombre de Tile traversees: 6808  Distance est: 511
Nombre de Tile ajoutees dans la pile: 18
Nombre de Tile traversees: 6809  Distance est: 511
Nombre de Tile ajoutees dans la pile: 18
Nombre de Tile traversees: 6810  Distance est: 511
Nombre de Tile ajoutees dans la pile: 18
Nombre de Tile traversees: 6811  Distance est: 511
Nombre de Tile ajoutees dans la pile: 19
Nombre de Tile traversees: 6812  Distance est: 511
Nombre de Tile ajoutees dans la pile: 19
Nombre de Tile traversees: 6813  Distance est: 511
Nombre de Tile ajoutees dans la pile: 18
Nombre de Tile traversees: 6814  Distance est: 511
Nombre de Tile ajoutees dans la pile: 17
Nombre de Tile traversees: 6815  Distance est: 511
Nombre de Tile ajoutees dans la pile: 17
Nombre de Tile traversees: 6816  Distance est: 511
Nombre de Tile ajoutees dans la pile: 17
Nombre de Tile traversees: 6817  Distance est: 511
Nombre de Tile ajoutees dans la pile: 17
Nombre de Tile traversees: 6818  Distance est: 511
Nombre de Tile ajoutees dans la pile: 17
Nombre de Tile traversees: 6819  Distance est: 512
Nombre de Tile ajoutees dans la pile: 16
Nombre de Tile traversees: 6820  Distance est: 512
Nombre de Tile ajoutees dans la pile: 16
Nombre de Tile traversees: 6821  Distance est: 512
Nombre de Tile ajoutees dans la pile: 16
Nombre de Tile traversees: 6822  Distance est: 512
Nombre de Tile ajoutees dans la pile: 16
Nombre de Tile traversees: 6823  Distance est: 512
Nombre de Tile ajoutees dans la pile: 16
Nombre de Tile traversees: 6824  Distance est: 512
Nombre de Tile ajoutees dans la pile: 16
Nombre de Tile traversees: 6825  Distance est: 512
Nombre de Tile ajoutees dans la pile: 16
Nombre de Tile traversees: 6826  Distance est: 512
Nombre de Tile ajoutees dans la pile: 16
Nombre de Tile traversees: 6827  Distance est: 512
Nombre de Tile ajoutees dans la pile: 16
Nombre de Tile traversees: 6828  Distance est: 512
Nombre de Tile ajoutees dans la pile: 16
Nombre de Tile traversees: 6829  Distance est: 512
Nombre de Tile ajoutees dans la pile: 17
Nombre de Tile traversees: 6830  Distance est: 512
Nombre de Tile ajoutees dans la pile: 16
Nombre de Tile traversees: 6831  Distance est: 512
Nombre de Tile ajoutees dans la pile: 16
Nombre de Tile traversees: 6832  Distance est: 512
Nombre de Tile ajoutees dans la pile: 16
Nombre de Tile traversees: 6833  Distance est: 512
Nombre de Tile ajoutees dans la pile: 16
Nombre de Tile traversees: 6834  Distance est: 512
Nombre de Tile ajoutees dans la pile: 16
Nombre de Tile traversees: 6835  Distance est: 513
Nombre de Tile ajoutees dans la pile: 16
Nombre de Tile traversees: 6836  Distance est: 513
Nombre de Tile ajoutees dans la pile: 16
Nombre de Tile traversees: 6837  Distance est: 513
Nombre de Tile ajoutees dans la pile: 16
Nombre de Tile traversees: 6838  Distance est: 513
Nombre de Tile ajoutees dans la pile: 16
Nombre de Tile traversees: 6839  Distance est: 513
Nombre de Tile ajoutees dans la pile: 15
Nombre de Tile traversees: 6840  Distance est: 513
Nombre de Tile ajoutees dans la pile: 16
Nombre de Tile traversees: 6841  Distance est: 513
Nombre de Tile ajoutees dans la pile: 15
Nombre de Tile traversees: 6842  Distance est: 513
Nombre de Tile ajoutees dans la pile: 15
Nombre de Tile traversees: 6843  Distance est: 513
Nombre de Tile ajoutees dans la pile: 15
Nombre de Tile traversees: 6844  Distance est: 513
Nombre de Tile ajoutees dans la pile: 15
Nombre de Tile traversees: 6845  Distance est: 513
Nombre de Tile ajoutees dans la pile: 15
Nombre de Tile traversees: 6846  Distance est: 513
Nombre de Tile ajoutees dans la pile: 14
Nombre de Tile traversees: 6847  Distance est: 513
Nombre de Tile ajoutees dans la pile: 14
Nombre de Tile traversees: 6848  Distance est: 513
Nombre de Tile ajoutees dans la pile: 14
Nombre de Tile traversees: 6849  Distance est: 513
Nombre de Tile ajoutees dans la pile: 14
Nombre de Tile traversees: 6850  Distance est: 513
Nombre de Tile ajoutees dans la pile: 14
Nombre de Tile traversees: 6851  Distance est: 514
Nombre de Tile ajoutees dans la pile: 14
Nombre de Tile traversees: 6852  Distance est: 514
Nombre de Tile ajoutees dans la pile: 14
Nombre de Tile traversees: 6853  Distance est: 514
Nombre de Tile ajoutees dans la pile: 14
Nombre de Tile traversees: 6854  Distance est: 514
Nombre de Tile ajoutees dans la pile: 14
Nombre de Tile traversees: 6855  Distance est: 514
Nombre de Tile ajoutees dans la pile: 14
Nombre de Tile traversees: 6856  Distance est: 514
Nombre de Tile ajoutees dans la pile: 14
Nombre de Tile traversees: 6857  Distance est: 514
Nombre de Tile ajoutees dans la pile: 14
Nombre de Tile traversees: 6858  Distance est: 514
Nombre de Tile ajoutees dans la pile: 14
Nombre de Tile traversees: 6859  Distance est: 514
Nombre de Tile ajoutees dans la pile: 14
Nombre de Tile traversees: 6860  Distance est: 514
Nombre de Tile ajoutees dans la pile: 14
Nombre de Tile traversees: 6861  Distance est: 514
Nombre de Tile ajoutees dans la pile: 14
Nombre de Tile traversees: 6862  Distance est: 514
Nombre de Tile ajoutees dans la pile: 14
Nombre de Tile traversees: 6863  Distance est: 514
Nombre de Tile ajoutees dans la pile: 14
Nombre de Tile traversees: 6864  Distance est: 514
Nombre de Tile ajoutees dans la pile: 14
Nombre de Tile traversees: 6865  Distance est: 515
Nombre de Tile ajoutees dans la pile: 14
Nombre de Tile traversees: 6866  Distance est: 515
Nombre de Tile ajoutees dans la pile: 13
Nombre de Tile traversees: 6867  Distance est: 515
Nombre de Tile ajoutees dans la pile: 13
Nombre de Tile traversees: 6868  Distance est: 515
Nombre de Tile ajoutees dans la pile: 13
Nombre de Tile traversees: 6869  Distance est: 515
Nombre de Tile ajoutees dans la pile: 13
Nombre de Tile traversees: 6870  Distance est: 515
Nombre de Tile ajoutees dans la pile: 13
Nombre de Tile traversees: 6871  Distance est: 515
Nombre de Tile ajoutees dans la pile: 13
Nombre de Tile traversees: 6872  Distance est: 515
Nombre de Tile ajoutees dans la pile: 13
Nombre de Tile traversees: 6873  Distance est: 515
Nombre de Tile ajoutees dans la pile: 13
Nombre de Tile traversees: 6874  Distance est: 515
Nombre de Tile ajoutees dans la pile: 13
Nombre de Tile traversees: 6875  Distance est: 515
Nombre de Tile ajoutees dans la pile: 13
Nombre de Tile traversees: 6876  Distance est: 515
Nombre de Tile ajoutees dans la pile: 13
Nombre de Tile traversees: 6877  Distance est: 515
Nombre de Tile ajoutees dans la pile: 13
Nombre de Tile traversees: 6878  Distance est: 515
Nombre de Tile ajoutees dans la pile: 13
Nombre de Tile traversees: 6879  Distance est: 516
Nombre de Tile ajoutees dans la pile: 13
Nombre de Tile traversees: 6880  Distance est: 516
Nombre de Tile ajoutees dans la pile: 13
Nombre de Tile traversees: 6881  Distance est: 516
Nombre de Tile ajoutees dans la pile: 13
Nombre de Tile traversees: 6882  Distance est: 516
Nombre de Tile ajoutees dans la pile: 13
Nombre de Tile traversees: 6883  Distance est: 516
Nombre de Tile ajoutees dans la pile: 13
Nombre de Tile traversees: 6884  Distance est: 516
Nombre de Tile ajoutees dans la pile: 13
Nombre de Tile traversees: 6885  Distance est: 516
Nombre de Tile ajoutees dans la pile: 13
Nombre de Tile traversees: 6886  Distance est: 516
Nombre de Tile ajoutees dans la pile: 13
Nombre de Tile traversees: 6887  Distance est: 516
Nombre de Tile ajoutees dans la pile: 13
Nombre de Tile traversees: 6888  Distance est: 516
Nombre de Tile ajoutees dans la pile: 13
Nombre de Tile traversees: 6889  Distance est: 516
Nombre de Tile ajoutees dans la pile: 13
Nombre de Tile traversees: 6890  Distance est: 516
Nombre de Tile ajoutees dans la pile: 13
Nombre de Tile traversees: 6891  Distance est: 516
Nombre de Tile ajoutees dans la pile: 13
Nombre de Tile traversees: 6892  Distance est: 517
Nombre de Tile ajoutees dans la pile: 13
Nombre de Tile traversees: 6893  Distance est: 517
Nombre de Tile ajoutees dans la pile: 13
Nombre de Tile traversees: 6894  Distance est: 517
Nombre de Tile ajoutees dans la pile: 13
Nombre de Tile traversees: 6895  Distance est: 517
Nombre de Tile ajoutees dans la pile: 14
Nombre de Tile traversees: 6896  Distance est: 517
Nombre de Tile ajoutees dans la pile: 13
Nombre de Tile traversees: 6897  Distance est: 517
Nombre de Tile ajoutees dans la pile: 13
Nombre de Tile traversees: 6898  Distance est: 517
Nombre de Tile ajoutees dans la pile: 12
Nombre de Tile traversees: 6899  Distance est: 517
Nombre de Tile ajoutees dans la pile: 12
Nombre de Tile traversees: 6900  Distance est: 517
Nombre de Tile ajoutees dans la pile: 11
Nombre de Tile traversees: 6901  Distance est: 517
Nombre de Tile ajoutees dans la pile: 11
Nombre de Tile traversees: 6902  Distance est: 517
Nombre de Tile ajoutees dans la pile: 11
Nombre de Tile traversees: 6903  Distance est: 517
Nombre de Tile ajoutees dans la pile: 11
Nombre de Tile traversees: 6904  Distance est: 517
Nombre de Tile ajoutees dans la pile: 12
Nombre de Tile traversees: 6905  Distance est: 518
Nombre de Tile ajoutees dans la pile: 12
Nombre de Tile traversees: 6906  Distance est: 518
Nombre de Tile ajoutees dans la pile: 12
Nombre de Tile traversees: 6907  Distance est: 518
Nombre de Tile ajoutees dans la pile: 12
Nombre de Tile traversees: 6908  Distance est: 518
Nombre de Tile ajoutees dans la pile: 12
Nombre de Tile traversees: 6909  Distance est: 518
Nombre de Tile ajoutees dans la pile: 12
Nombre de Tile traversees: 6910  Distance est: 518
Nombre de Tile ajoutees dans la pile: 12
Nombre de Tile traversees: 6911  Distance est: 518
Nombre de Tile ajoutees dans la pile: 12
Nombre de Tile traversees: 6912  Distance est: 518
Nombre de Tile ajoutees dans la pile: 12
Nombre de Tile traversees: 6913  Distance est: 518
Nombre de Tile ajoutees dans la pile: 12
Nombre de Tile traversees: 6914  Distance est: 518
Nombre de Tile ajoutees dans la pile: 12
Nombre de Tile traversees: 6915  Distance est: 518
Nombre de Tile ajoutees dans la pile: 12
Nombre de Tile traversees: 6916  Distance est: 518
Nombre de Tile ajoutees dans la pile: 12
Nombre de Tile traversees: 6917  Distance est: 519
Nombre de Tile ajoutees dans la pile: 12
Nombre de Tile traversees: 6918  Distance est: 519
Nombre de Tile ajoutees dans la pile: 12
Nombre de Tile traversees: 6919  Distance est: 519
Nombre de Tile ajoutees dans la pile: 12
Nombre de Tile traversees: 6920  Distance est: 519
Nombre de Tile ajoutees dans la pile: 12
Nombre de Tile traversees: 6921  Distance est: 519
Nombre de Tile ajoutees dans la pile: 13
Nombre de Tile traversees: 6922  Distance est: 519
Nombre de Tile ajoutees dans la pile: 14
Nombre de Tile traversees: 6923  Distance est: 519
Nombre de Tile ajoutees dans la pile: 14
Nombre de Tile traversees: 6924  Distance est: 519
Nombre de Tile ajoutees dans la pile: 14
Nombre de Tile traversees: 6925  Distance est: 519
Nombre de Tile ajoutees dans la pile: 15
Nombre de Tile traversees: 6926  Distance est: 519
Nombre de Tile ajoutees dans la pile: 15
Nombre de Tile traversees: 6927  Distance est: 519
Nombre de Tile ajoutees dans la pile: 15
Nombre de Tile traversees: 6928  Distance est: 519
Nombre de Tile ajoutees dans la pile: 15
Nombre de Tile traversees: 6929  Distance est: 520
Nombre de Tile ajoutees dans la pile: 15
Nombre de Tile traversees: 6930  Distance est: 520
Nombre de Tile ajoutees dans la pile: 15
Nombre de Tile traversees: 6931  Distance est: 520
Nombre de Tile ajoutees dans la pile: 15
Nombre de Tile traversees: 6932  Distance est: 520
Nombre de Tile ajoutees dans la pile: 15
Nombre de Tile traversees: 6933  Distance est: 520
Nombre de Tile ajoutees dans la pile: 15
Nombre de Tile traversees: 6934  Distance est: 520
Nombre de Tile ajoutees dans la pile: 15
Nombre de Tile traversees: 6935  Distance est: 520
Nombre de Tile ajoutees dans la pile: 15
Nombre de Tile traversees: 6936  Distance est: 520
Nombre de Tile ajoutees dans la pile: 15
Nombre de Tile traversees: 6937  Distance est: 520
Nombre de Tile ajoutees dans la pile: 15
Nombre de Tile traversees: 6938  Distance est: 520
Nombre de Tile ajoutees dans la pile: 15
Nombre de Tile traversees: 6939  Distance est: 520
Nombre de Tile ajoutees dans la pile: 15
Nombre de Tile traversees: 6940  Distance est: 520
Nombre de Tile ajoutees dans la pile: 15
Nombre de Tile traversees: 6941  Distance est: 520
Nombre de Tile ajoutees dans la pile: 15
Nombre de Tile traversees: 6942  Distance est: 520
Nombre de Tile ajoutees dans la pile: 15
Nombre de Tile traversees: 6943  Distance est: 520
Nombre de Tile ajoutees dans la pile: 15
Nombre de Tile traversees: 6944  Distance est: 521
Nombre de Tile ajoutees dans la pile: 15
Nombre de Tile traversees: 6945  Distance est: 521
Nombre de Tile ajoutees dans la pile: 15
Nombre de Tile traversees: 6946  Distance est: 521
Nombre de Tile ajoutees dans la pile: 15
Nombre de Tile traversees: 6947  Distance est: 521
Nombre de Tile ajoutees dans la pile: 14
Nombre de Tile traversees: 6948  Distance est: 521
Nombre de Tile ajoutees dans la pile: 14
Nombre de Tile traversees: 6949  Distance est: 521
Nombre de Tile ajoutees dans la pile: 14
Nombre de Tile traversees: 6950  Distance est: 521
Nombre de Tile ajoutees dans la pile: 14
Nombre de Tile traversees: 6951  Distance est: 521
Nombre de Tile ajoutees dans la pile: 13
Nombre de Tile traversees: 6952  Distance est: 521
Nombre de Tile ajoutees dans la pile: 12
Nombre de Tile traversees: 6953  Distance est: 521
Nombre de Tile ajoutees dans la pile: 12
Nombre de Tile traversees: 6954  Distance est: 521
Nombre de Tile ajoutees dans la pile: 13
Nombre de Tile traversees: 6955  Distance est: 521
Nombre de Tile ajoutees dans la pile: 13
Nombre de Tile traversees: 6956  Distance est: 521
Nombre de Tile ajoutees dans la pile: 13
Nombre de Tile traversees: 6957  Distance est: 521
Nombre de Tile ajoutees dans la pile: 13
Nombre de Tile traversees: 6958  Distance est: 521
Nombre de Tile ajoutees dans la pile: 13
Nombre de Tile traversees: 6959  Distance est: 522
Nombre de Tile ajoutees dans la pile: 13
Nombre de Tile traversees: 6960  Distance est: 522
Nombre de Tile ajoutees dans la pile: 13
Nombre de Tile traversees: 6961  Distance est: 522
Nombre de Tile ajoutees dans la pile: 13
Nombre de Tile traversees: 6962  Distance est: 522
Nombre de Tile ajoutees dans la pile: 13
Nombre de Tile traversees: 6963  Distance est: 522
Nombre de Tile ajoutees dans la pile: 13
Nombre de Tile traversees: 6964  Distance est: 522
Nombre de Tile ajoutees dans la pile: 13
Nombre de Tile traversees: 6965  Distance est: 522
Nombre de Tile ajoutees dans la pile: 13
Nombre de Tile traversees: 6966  Distance est: 522
Nombre de Tile ajoutees dans la pile: 13
Nombre de Tile traversees: 6967  Distance est: 522
Nombre de Tile ajoutees dans la pile: 13
Nombre de Tile traversees: 6968  Distance est: 522
Nombre de Tile ajoutees dans la pile: 13
Nombre de Tile traversees: 6969  Distance est: 522
Nombre de Tile ajoutees dans la pile: 13
Nombre de Tile traversees: 6970  Distance est: 522
Nombre de Tile ajoutees dans la pile: 13
Nombre de Tile traversees: 6971  Distance est: 522
Nombre de Tile ajoutees dans la pile: 13
Nombre de Tile traversees: 6972  Distance est: 523
Nombre de Tile ajoutees dans la pile: 13
Nombre de Tile traversees: 6973  Distance est: 523
Nombre de Tile ajoutees dans la pile: 13
Nombre de Tile traversees: 6974  Distance est: 523
Nombre de Tile ajoutees dans la pile: 13
Nombre de Tile traversees: 6975  Distance est: 523
Nombre de Tile ajoutees dans la pile: 13
Nombre de Tile traversees: 6976  Distance est: 523
Nombre de Tile ajoutees dans la pile: 13
Nombre de Tile traversees: 6977  Distance est: 523
Nombre de Tile ajoutees dans la pile: 13
Nombre de Tile traversees: 6978  Distance est: 523
Nombre de Tile ajoutees dans la pile: 12
Nombre de Tile traversees: 6979  Distance est: 523
Nombre de Tile ajoutees dans la pile: 12
Nombre de Tile traversees: 6980  Distance est: 523
Nombre de Tile ajoutees dans la pile: 12
Nombre de Tile traversees: 6981  Distance est: 523
Nombre de Tile ajoutees dans la pile: 11
Nombre de Tile traversees: 6982  Distance est: 523
Nombre de Tile ajoutees dans la pile: 11
Nombre de Tile traversees: 6983  Distance est: 523
Nombre de Tile ajoutees dans la pile: 11
Nombre de Tile traversees: 6984  Distance est: 523
Nombre de Tile ajoutees dans la pile: 11
Nombre de Tile traversees: 6985  Distance est: 524
Nombre de Tile ajoutees dans la pile: 11
Nombre de Tile traversees: 6986  Distance est: 524
Nombre de Tile ajoutees dans la pile: 11
Nombre de Tile traversees: 6987  Distance est: 524
Nombre de Tile ajoutees dans la pile: 11
Nombre de Tile traversees: 6988  Distance est: 524
Nombre de Tile ajoutees dans la pile: 11
Nombre de Tile traversees: 6989  Distance est: 524
Nombre de Tile ajoutees dans la pile: 11
Nombre de Tile traversees: 6990  Distance est: 524
Nombre de Tile ajoutees dans la pile: 11
Nombre de Tile traversees: 6991  Distance est: 524
Nombre de Tile ajoutees dans la pile: 11
Nombre de Tile traversees: 6992  Distance est: 524
Nombre de Tile ajoutees dans la pile: 11
Nombre de Tile traversees: 6993  Distance est: 524
Nombre de Tile ajoutees dans la pile: 11
Nombre de Tile traversees: 6994  Distance est: 524
Nombre de Tile ajoutees dans la pile: 11
Nombre de Tile traversees: 6995  Distance est: 524
Nombre de Tile ajoutees dans la pile: 11
Nombre de Tile traversees: 6996  Distance est: 525
Nombre de Tile ajoutees dans la pile: 11
Nombre de Tile traversees: 6997  Distance est: 525
Nombre de Tile ajoutees dans la pile: 11
Nombre de Tile traversees: 6998  Distance est: 525
Nombre de Tile ajoutees dans la pile: 12
Nombre de Tile traversees: 6999  Distance est: 525
Nombre de Tile ajoutees dans la pile: 12
Nombre de Tile traversees: 7000  Distance est: 525
Nombre de Tile ajoutees dans la pile: 12
Nombre de Tile traversees: 7001  Distance est: 525
Nombre de Tile ajoutees dans la pile: 12
Nombre de Tile traversees: 7002  Distance est: 525
Nombre de Tile ajoutees dans la pile: 12
Nombre de Tile traversees: 7003  Distance est: 525
Nombre de Tile ajoutees dans la pile: 12
Nombre de Tile traversees: 7004  Distance est: 525
Nombre de Tile ajoutees dans la pile: 12
Nombre de Tile traversees: 7005  Distance est: 525
Nombre de Tile ajoutees dans la pile: 12
Nombre de Tile traversees: 7006  Distance est: 525
Nombre de Tile ajoutees dans la pile: 12
Nombre de Tile traversees: 7007  Distance est: 526
Nombre de Tile ajoutees dans la pile: 12
Nombre de Tile traversees: 7008  Distance est: 526
Nombre de Tile ajoutees dans la pile: 12
Nombre de Tile traversees: 7009  Distance est: 526
Nombre de Tile ajoutees dans la pile: 12
Nombre de Tile traversees: 7010  Distance est: 526
Nombre de Tile ajoutees dans la pile: 12
Nombre de Tile traversees: 7011  Distance est: 526
Nombre de Tile ajoutees dans la pile: 12
Nombre de Tile traversees: 7012  Distance est: 526
Nombre de Tile ajoutees dans la pile: 12
Nombre de Tile traversees: 7013  Distance est: 526
Nombre de Tile ajoutees dans la pile: 12
Nombre de Tile traversees: 7014  Distance est: 526
Nombre de Tile ajoutees dans la pile: 12
Nombre de Tile traversees: 7015  Distance est: 526
Nombre de Tile ajoutees dans la pile: 12
Nombre de Tile traversees: 7016  Distance est: 526
Nombre de Tile ajoutees dans la pile: 12
Nombre de Tile traversees: 7017  Distance est: 526
Nombre de Tile ajoutees dans la pile: 12
Nombre de Tile traversees: 7018  Distance est: 526
Nombre de Tile ajoutees dans la pile: 12
Nombre de Tile traversees: 7019  Distance est: 527
Nombre de Tile ajoutees dans la pile: 12
Nombre de Tile traversees: 7020  Distance est: 527
Nombre de Tile ajoutees dans la pile: 12
Nombre de Tile traversees: 7021  Distance est: 527
Nombre de Tile ajoutees dans la pile: 11
Nombre de Tile traversees: 7022  Distance est: 527
Nombre de Tile ajoutees dans la pile: 11
Nombre de Tile traversees: 7023  Distance est: 527
Nombre de Tile ajoutees dans la pile: 10
Nombre de Tile traversees: 7024  Distance est: 527
Nombre de Tile ajoutees dans la pile: 10
Nombre de Tile traversees: 7025  Distance est: 527
Nombre de Tile ajoutees dans la pile: 10
Nombre de Tile traversees: 7026  Distance est: 527
Nombre de Tile ajoutees dans la pile: 10
Nombre de Tile traversees: 7027  Distance est: 527
Nombre de Tile ajoutees dans la pile: 10
Nombre de Tile traversees: 7028  Distance est: 527
Nombre de Tile ajoutees dans la pile: 10
Nombre de Tile traversees: 7029  Distance est: 527
Nombre de Tile ajoutees dans la pile: 9
Nombre de Tile traversees: 7030  Distance est: 527
Nombre de Tile ajoutees dans la pile: 9
Nombre de Tile traversees: 7031  Distance est: 528
Nombre de Tile ajoutees dans la pile: 9
Nombre de Tile traversees: 7032  Distance est: 528
Nombre de Tile ajoutees dans la pile: 9
Nombre de Tile traversees: 7033  Distance est: 528
Nombre de Tile ajoutees dans la pile: 9
Nombre de Tile traversees: 7034  Distance est: 528
Nombre de Tile ajoutees dans la pile: 9
Nombre de Tile traversees: 7035  Distance est: 528
Nombre de Tile ajoutees dans la pile: 9
Nombre de Tile traversees: 7036  Distance est: 528
Nombre de Tile ajoutees dans la pile: 9
Nombre de Tile traversees: 7037  Distance est: 528
Nombre de Tile ajoutees dans la pile: 9
Nombre de Tile traversees: 7038  Distance est: 528
Nombre de Tile ajoutees dans la pile: 9
Nombre de Tile traversees: 7039  Distance est: 528
Nombre de Tile ajoutees dans la pile: 9
Nombre de Tile traversees: 7040  Distance est: 529
Nombre de Tile ajoutees dans la pile: 9
Nombre de Tile traversees: 7041  Distance est: 529
Nombre de Tile ajoutees dans la pile: 9
Nombre de Tile traversees: 7042  Distance est: 529
Nombre de Tile ajoutees dans la pile: 9
Nombre de Tile traversees: 7043  Distance est: 529
Nombre de Tile ajoutees dans la pile: 8
Nombre de Tile traversees: 7044  Distance est: 529
Nombre de Tile ajoutees dans la pile: 8
Nombre de Tile traversees: 7045  Distance est: 529
Nombre de Tile ajoutees dans la pile: 7
Nombre de Tile traversees: 7046  Distance est: 529
Nombre de Tile ajoutees dans la pile: 7
Nombre de Tile traversees: 7047  Distance est: 529
Nombre de Tile ajoutees dans la pile: 7
Nombre de Tile traversees: 7048  Distance est: 529
Nombre de Tile ajoutees dans la pile: 7
Nombre de Tile traversees: 7049  Distance est: 530
Nombre de Tile ajoutees dans la pile: 7
Nombre de Tile traversees: 7050  Distance est: 530
Nombre de Tile ajoutees dans la pile: 7
Nombre de Tile traversees: 7051  Distance est: 530
Nombre de Tile ajoutees dans la pile: 7
Nombre de Tile traversees: 7052  Distance est: 530
Nombre de Tile ajoutees dans la pile: 7
Nombre de Tile traversees: 7053  Distance est: 530
Nombre de Tile ajoutees dans la pile: 7
Nombre de Tile traversees: 7054  Distance est: 530
Nombre de Tile ajoutees dans la pile: 7
Nombre de Tile traversees: 7055  Distance est: 530
Nombre de Tile ajoutees dans la pile: 7
Nombre de Tile traversees: 7056  Distance est: 531
Nombre de Tile ajoutees dans la pile: 7
Nombre de Tile traversees: 7057  Distance est: 531
Nombre de Tile ajoutees dans la pile: 7
Nombre de Tile traversees: 7058  Distance est: 531
Nombre de Tile ajoutees dans la pile: 6
Nombre de Tile traversees: 7059  Distance est: 531
Nombre de Tile ajoutees dans la pile: 6
Nombre de Tile traversees: 7060  Distance est: 531
Nombre de Tile ajoutees dans la pile: 6
Nombre de Tile traversees: 7061  Distance est: 531
Nombre de Tile ajoutees dans la pile: 6
Nombre de Tile traversees: 7062  Distance est: 531
Nombre de Tile ajoutees dans la pile: 6
Nombre de Tile traversees: 7063  Distance est: 532
Nombre de Tile ajoutees dans la pile: 5
Nombre de Tile traversees: 7064  Distance est: 532
Nombre de Tile ajoutees dans la pile: 5
Nombre de Tile traversees: 7065  Distance est: 532
Nombre de Tile ajoutees dans la pile: 5
Nombre de Tile traversees: 7066  Distance est: 532
Nombre de Tile ajoutees dans la pile: 5
Nombre de Tile traversees: 7067  Distance est: 532
Nombre de Tile ajoutees dans la pile: 5
Nombre de Tile traversees: 7068  Distance est: 533
Nombre de Tile ajoutees dans la pile: 5
Nombre de Tile traversees: 7069  Distance est: 533
Nombre de Tile ajoutees dans la pile: 5
Nombre de Tile traversees: 7070  Distance est: 533
Nombre de Tile ajoutees dans la pile: 5
Nombre de Tile traversees: 7071  Distance est: 533
Nombre de Tile ajoutees dans la pile: 5
Nombre de Tile traversees: 7072  Distance est: 533
Nombre de Tile ajoutees dans la pile: 5
Nombre de Tile traversees: 7073  Distance est: 534
Nombre de Tile ajoutees dans la pile: 4
Nombre de Tile traversees: 7074  Distance est: 534
Nombre de Tile ajoutees dans la pile: 4
Nombre de Tile traversees: 7075  Distance est: 534
Nombre de Tile ajoutees dans la pile: 4
Nombre de Tile traversees: 7076  Distance est: 534
Nombre de Tile ajoutees dans la pile: 4
Nombre de Tile traversees: 7077  Distance est: 535
Nombre de Tile ajoutees dans la pile: 4
Nombre de Tile traversees: 7078  Distance est: 535
Nombre de Tile ajoutees dans la pile: 4
Nombre de Tile traversees: 7079  Distance est: 535
Nombre de Tile ajoutees dans la pile: 4
Nombre de Tile traversees: 7080  Distance est: 535
Nombre de Tile ajoutees dans la pile: 3
Nombre de Tile traversees: 7081  Distance est: 536
Nombre de Tile ajoutees dans la pile: 3
Nombre de Tile traversees: 7082  Distance est: 536
Nombre de Tile ajoutees dans la pile: 3
Nombre de Tile traversees: 7083  Distance est: 536
Nombre de Tile ajoutees dans la pile: 3
Nombre de Tile traversees: 7084  Distance est: 537
Nombre de Tile ajoutees dans la pile: 3
Nombre de Tile traversees: 7085  Distance est: 537
Nombre de Tile ajoutees dans la pile: 3
Nombre de Tile traversees: 7086  Distance est: 537
Nombre de Tile ajoutees dans la pile: 3
Nombre de Tile traversees: 7087  Distance est: 538
Nombre de Tile ajoutees dans la pile: 3
Nombre de Tile traversees: 7088  Distance est: 538
Nombre de Tile ajoutees dans la pile: 3
Nombre de Tile traversees: 7089  Distance est: 538
Nombre de Tile ajoutees dans la pile: 4
Nombre de Tile traversees: 7090  Distance est: 539
Nombre de Tile ajoutees dans la pile: 5
Nombre de Tile traversees: 7091  Distance est: 539
Nombre de Tile ajoutees dans la pile: 6
Nombre de Tile traversees: 7092  Distance est: 539
Nombre de Tile ajoutees dans la pile: 7
Nombre de Tile traversees: 7093  Distance est: 539
Nombre de Tile ajoutees dans la pile: 6
Nombre de Tile traversees: 7094  Distance est: 539
Nombre de Tile ajoutees dans la pile: 7
Nombre de Tile traversees: 7095  Distance est: 540
Nombre de Tile ajoutees dans la pile: 6
Nombre de Tile traversees: 7096  Distance est: 540
Nombre de Tile ajoutees dans la pile: 6
Nombre de Tile traversees: 7097  Distance est: 540
Nombre de Tile ajoutees dans la pile: 6
Nombre de Tile traversees: 7098  Distance est: 540
Nombre de Tile ajoutees dans la pile: 7
Nombre de Tile traversees: 7099  Distance est: 540
Nombre de Tile ajoutees dans la pile: 6
Nombre de Tile traversees: 7100  Distance est: 540
Nombre de Tile ajoutees dans la pile: 7
Nombre de Tile traversees: 7101  Distance est: 541
Nombre de Tile ajoutees dans la pile: 6
Nombre de Tile traversees: 7102  Distance est: 541
Nombre de Tile ajoutees dans la pile: 6
Nombre de Tile traversees: 7103  Distance est: 541
Nombre de Tile ajoutees dans la pile: 6
Nombre de Tile traversees: 7104  Distance est: 541
Nombre de Tile ajoutees dans la pile: 6
Nombre de Tile traversees: 7105  Distance est: 541
Nombre de Tile ajoutees dans la pile: 6
Nombre de Tile traversees: 7106  Distance est: 541
Nombre de Tile ajoutees dans la pile: 6
Nombre de Tile traversees: 7107  Distance est: 542
Nombre de Tile ajoutees dans la pile: 5
Nombre de Tile traversees: 7108  Distance est: 542
Nombre de Tile ajoutees dans la pile: 5
Nombre de Tile traversees: 7109  Distance est: 542
Nombre de Tile ajoutees dans la pile: 5
Nombre de Tile traversees: 7110  Distance est: 542
Nombre de Tile ajoutees dans la pile: 5
Nombre de Tile traversees: 7111  Distance est: 542
Nombre de Tile ajoutees dans la pile: 5
Nombre de Tile traversees: 7112  Distance est: 543
Nombre de Tile ajoutees dans la pile: 5
Nombre de Tile traversees: 7113  Distance est: 543
Nombre de Tile ajoutees dans la pile: 5
Nombre de Tile traversees: 7114  Distance est: 543
Nombre de Tile ajoutees dans la pile: 5
Nombre de Tile traversees: 7115  Distance est: 543
Nombre de Tile ajoutees dans la pile: 5
Nombre de Tile traversees: 7116  Distance est: 543
Nombre de Tile ajoutees dans la pile: 5
Nombre de Tile traversees: 7117  Distance est: 544
Nombre de Tile ajoutees dans la pile: 5
Nombre de Tile traversees: 7118  Distance est: 544
Nombre de Tile ajoutees dans la pile: 5
Nombre de Tile traversees: 7119  Distance est: 544
Nombre de Tile ajoutees dans la pile: 5
Nombre de Tile traversees: 7120  Distance est: 544
Nombre de Tile ajoutees dans la pile: 5
Nombre de Tile traversees: 7121  Distance est: 544
Nombre de Tile ajoutees dans la pile: 5
Nombre de Tile traversees: 7122  Distance est: 545
Nombre de Tile ajoutees dans la pile: 5
Nombre de Tile traversees: 7123  Distance est: 545
Nombre de Tile ajoutees dans la pile: 5
Nombre de Tile traversees: 7124  Distance est: 545
Nombre de Tile ajoutees dans la pile: 5
Nombre de Tile traversees: 7125  Distance est: 545
Nombre de Tile ajoutees dans la pile: 5
Nombre de Tile traversees: 7126  Distance est: 545
Nombre de Tile ajoutees dans la pile: 5
Nombre de Tile traversees: 7127  Distance est: 546
Nombre de Tile ajoutees dans la pile: 5
Nombre de Tile traversees: 7128  Distance est: 546
Nombre de Tile ajoutees dans la pile: 5
Nombre de Tile traversees: 7129  Distance est: 546
Nombre de Tile ajoutees dans la pile: 5
Nombre de Tile traversees: 7130  Distance est: 546
Nombre de Tile ajoutees dans la pile: 6
Nombre de Tile traversees: 7131  Distance est: 546
Nombre de Tile ajoutees dans la pile: 6
Nombre de Tile traversees: 7132  Distance est: 547
Nombre de Tile ajoutees dans la pile: 6
Nombre de Tile traversees: 7133  Distance est: 547
Nombre de Tile ajoutees dans la pile: 6
Nombre de Tile traversees: 7134  Distance est: 547
Nombre de Tile ajoutees dans la pile: 6
Nombre de Tile traversees: 7135  Distance est: 547
Nombre de Tile ajoutees dans la pile: 7
Nombre de Tile traversees: 7136  Distance est: 547
Nombre de Tile ajoutees dans la pile: 6
Nombre de Tile traversees: 7137  Distance est: 547
Nombre de Tile ajoutees dans la pile: 6
Nombre de Tile traversees: 7138  Distance est: 548
Nombre de Tile ajoutees dans la pile: 6
Nombre de Tile traversees: 7139  Distance est: 548
Nombre de Tile ajoutees dans la pile: 6
Nombre de Tile traversees: 7140  Distance est: 548
Nombre de Tile ajoutees dans la pile: 7
Nombre de Tile traversees: 7141  Distance est: 548
Nombre de Tile ajoutees dans la pile: 8
Nombre de Tile traversees: 7142  Distance est: 548
Nombre de Tile ajoutees dans la pile: 7
Nombre de Tile traversees: 7143  Distance est: 548
Nombre de Tile ajoutees dans la pile: 7
Nombre de Tile traversees: 7144  Distance est: 549
Nombre de Tile ajoutees dans la pile: 7
Nombre de Tile traversees: 7145  Distance est: 549
Nombre de Tile ajoutees dans la pile: 7
Nombre de Tile traversees: 7146  Distance est: 549
Nombre de Tile ajoutees dans la pile: 8
Nombre de Tile traversees: 7147  Distance est: 549
Nombre de Tile ajoutees dans la pile: 8
Nombre de Tile traversees: 7148  Distance est: 549
Nombre de Tile ajoutees dans la pile: 8
Nombre de Tile traversees: 7149  Distance est: 549
Nombre de Tile ajoutees dans la pile: 8
Nombre de Tile traversees: 7150  Distance est: 549
Nombre de Tile ajoutees dans la pile: 8
Nombre de Tile traversees: 7151  Distance est: 550
Nombre de Tile ajoutees dans la pile: 8
Nombre de Tile traversees: 7152  Distance est: 550
Nombre de Tile ajoutees dans la pile: 8
Nombre de Tile traversees: 7153  Distance est: 550
Nombre de Tile ajoutees dans la pile: 9
Nombre de Tile traversees: 7154  Distance est: 550
Nombre de Tile ajoutees dans la pile: 8
Nombre de Tile traversees: 7155  Distance est: 550
Nombre de Tile ajoutees dans la pile: 8
Nombre de Tile traversees: 7156  Distance est: 550
Nombre de Tile ajoutees dans la pile: 8
Nombre de Tile traversees: 7157  Distance est: 550
Nombre de Tile ajoutees dans la pile: 8
Nombre de Tile traversees: 7158  Distance est: 550
Nombre de Tile ajoutees dans la pile: 8
Nombre de Tile traversees: 7159  Distance est: 551
Nombre de Tile ajoutees dans la pile: 8
Nombre de Tile traversees: 7160  Distance est: 551
Nombre de Tile ajoutees dans la pile: 9
Nombre de Tile traversees: 7161  Distance est: 551
Nombre de Tile ajoutees dans la pile: 9
Nombre de Tile traversees: 7162  Distance est: 551
Nombre de Tile ajoutees dans la pile: 8
Nombre de Tile traversees: 7163  Distance est: 551
Nombre de Tile ajoutees dans la pile: 8
Nombre de Tile traversees: 7164  Distance est: 551
Nombre de Tile ajoutees dans la pile: 8
Nombre de Tile traversees: 7165  Distance est: 551
Nombre de Tile ajoutees dans la pile: 8
Nombre de Tile traversees: 7166  Distance est: 551
Nombre de Tile ajoutees dans la pile: 8
Nombre de Tile traversees: 7167  Distance est: 552
Nombre de Tile ajoutees dans la pile: 8
Nombre de Tile traversees: 7168  Distance est: 552
Nombre de Tile ajoutees dans la pile: 9
Nombre de Tile traversees: 7169  Distance est: 552
Nombre de Tile ajoutees dans la pile: 9
Nombre de Tile traversees: 7170  Distance est: 552
Nombre de Tile ajoutees dans la pile: 9
Nombre de Tile traversees: 7171  Distance est: 552
Nombre de Tile ajoutees dans la pile: 9
Nombre de Tile traversees: 7172  Distance est: 552
Nombre de Tile ajoutees dans la pile: 9
Nombre de Tile traversees: 7173  Distance est: 552
Nombre de Tile ajoutees dans la pile: 9
Nombre de Tile traversees: 7174  Distance est: 552
Nombre de Tile ajoutees dans la pile: 9
Nombre de Tile traversees: 7175  Distance est: 553
Nombre de Tile ajoutees dans la pile: 9
Nombre de Tile traversees: 7176  Distance est: 553
Nombre de Tile ajoutees dans la pile: 9
Nombre de Tile traversees: 7177  Distance est: 553
Nombre de Tile ajoutees dans la pile: 8
Nombre de Tile traversees: 7178  Distance est: 553
Nombre de Tile ajoutees dans la pile: 7
Nombre de Tile traversees: 7179  Distance est: 553
Nombre de Tile ajoutees dans la pile: 7
Nombre de Tile traversees: 7180  Distance est: 553
Nombre de Tile ajoutees dans la pile: 7
Nombre de Tile traversees: 7181  Distance est: 553
Nombre de Tile ajoutees dans la pile: 7
Nombre de Tile traversees: 7182  Distance est: 553
Nombre de Tile ajoutees dans la pile: 7
Nombre de Tile traversees: 7183  Distance est: 553
Nombre de Tile ajoutees dans la pile: 7
Nombre de Tile traversees: 7184  Distance est: 554
Nombre de Tile ajoutees dans la pile: 7
Nombre de Tile traversees: 7185  Distance est: 554
Nombre de Tile ajoutees dans la pile: 7
Nombre de Tile traversees: 7186  Distance est: 554
Nombre de Tile ajoutees dans la pile: 7
Nombre de Tile traversees: 7187  Distance est: 554
Nombre de Tile ajoutees dans la pile: 7
Nombre de Tile traversees: 7188  Distance est: 554
Nombre de Tile ajoutees dans la pile: 7
Nombre de Tile traversees: 7189  Distance est: 554
Nombre de Tile ajoutees dans la pile: 7
Nombre de Tile traversees: 7190  Distance est: 554
Nombre de Tile ajoutees dans la pile: 7
Nombre de Tile traversees: 7191  Distance est: 555
Nombre de Tile ajoutees dans la pile: 7
Nombre de Tile traversees: 7192  Distance est: 555
Nombre de Tile ajoutees dans la pile: 8
Nombre de Tile traversees: 7193  Distance est: 555
Nombre de Tile ajoutees dans la pile: 8
Nombre de Tile traversees: 7194  Distance est: 555
Nombre de Tile ajoutees dans la pile: 8
Nombre de Tile traversees: 7195  Distance est: 555
Nombre de Tile ajoutees dans la pile: 8
Nombre de Tile traversees: 7196  Distance est: 555
Nombre de Tile ajoutees dans la pile: 8
Nombre de Tile traversees: 7197  Distance est: 555
Nombre de Tile ajoutees dans la pile: 8
Nombre de Tile traversees: 7198  Distance est: 556
Nombre de Tile ajoutees dans la pile: 8
Nombre de Tile traversees: 7199  Distance est: 556
Nombre de Tile ajoutees dans la pile: 8
Nombre de Tile traversees: 7200  Distance est: 556
Nombre de Tile ajoutees dans la pile: 8
Nombre de Tile traversees: 7201  Distance est: 556
Nombre de Tile ajoutees dans la pile: 8
Nombre de Tile traversees: 7202  Distance est: 556
Nombre de Tile ajoutees dans la pile: 8
Nombre de Tile traversees: 7203  Distance est: 556
Nombre de Tile ajoutees dans la pile: 8
Nombre de Tile traversees: 7204  Distance est: 556
Nombre de Tile ajoutees dans la pile: 8
Nombre de Tile traversees: 7205  Distance est: 556
Nombre de Tile ajoutees dans la pile: 8
Nombre de Tile traversees: 7206  Distance est: 557
Nombre de Tile ajoutees dans la pile: 8
Nombre de Tile traversees: 7207  Distance est: 557
Nombre de Tile ajoutees dans la pile: 8
Nombre de Tile traversees: 7208  Distance est: 557
Nombre de Tile ajoutees dans la pile: 8
Nombre de Tile traversees: 7209  Distance est: 557
Nombre de Tile ajoutees dans la pile: 8
Nombre de Tile traversees: 7210  Distance est: 557
Nombre de Tile ajoutees dans la pile: 8
Nombre de Tile traversees: 7211  Distance est: 557
Nombre de Tile ajoutees dans la pile: 8
Nombre de Tile traversees: 7212  Distance est: 557
Nombre de Tile ajoutees dans la pile: 8
Nombre de Tile traversees: 7213  Distance est: 557
Nombre de Tile ajoutees dans la pile: 8
Nombre de Tile traversees: 7214  Distance est: 558
Nombre de Tile ajoutees dans la pile: 8
Nombre de Tile traversees: 7215  Distance est: 558
Nombre de Tile ajoutees dans la pile: 9
Nombre de Tile traversees: 7216  Distance est: 558
Nombre de Tile ajoutees dans la pile: 9
Nombre de Tile traversees: 7217  Distance est: 558
Nombre de Tile ajoutees dans la pile: 9
Nombre de Tile traversees: 7218  Distance est: 558
Nombre de Tile ajoutees dans la pile: 9
Nombre de Tile traversees: 7219  Distance est: 558
Nombre de Tile ajoutees dans la pile: 9
Nombre de Tile traversees: 7220  Distance est: 558
Nombre de Tile ajoutees dans la pile: 9
Nombre de Tile traversees: 7221  Distance est: 558
Nombre de Tile ajoutees dans la pile: 9
Nombre de Tile traversees: 7222  Distance est: 559
Nombre de Tile ajoutees dans la pile: 9
Nombre de Tile traversees: 7223  Distance est: 559
Nombre de Tile ajoutees dans la pile: 10
Nombre de Tile traversees: 7224  Distance est: 559
Nombre de Tile ajoutees dans la pile: 10
Nombre de Tile traversees: 7225  Distance est: 559
Nombre de Tile ajoutees dans la pile: 10
Nombre de Tile traversees: 7226  Distance est: 559
Nombre de Tile ajoutees dans la pile: 10
Nombre de Tile traversees: 7227  Distance est: 559
Nombre de Tile ajoutees dans la pile: 10
Nombre de Tile traversees: 7228  Distance est: 559
Nombre de Tile ajoutees dans la pile: 10
Nombre de Tile traversees: 7229  Distance est: 559
Nombre de Tile ajoutees dans la pile: 11
Nombre de Tile traversees: 7230  Distance est: 559
Nombre de Tile ajoutees dans la pile: 11
Nombre de Tile traversees: 7231  Distance est: 560
Nombre de Tile ajoutees dans la pile: 11
Nombre de Tile traversees: 7232  Distance est: 560
Nombre de Tile ajoutees dans la pile: 12
Nombre de Tile traversees: 7233  Distance est: 560
Nombre de Tile ajoutees dans la pile: 11
Nombre de Tile traversees: 7234  Distance est: 560
Nombre de Tile ajoutees dans la pile: 11
Nombre de Tile traversees: 7235  Distance est: 560
Nombre de Tile ajoutees dans la pile: 11
Nombre de Tile traversees: 7236  Distance est: 560
Nombre de Tile ajoutees dans la pile: 11
Nombre de Tile traversees: 7237  Distance est: 560
Nombre de Tile ajoutees dans la pile: 11
Nombre de Tile traversees: 7238  Distance est: 560
Nombre de Tile ajoutees dans la pile: 12
Nombre de Tile traversees: 7239  Distance est: 560
Nombre de Tile ajoutees dans la pile: 12
Nombre de Tile traversees: 7240  Distance est: 560
Nombre de Tile ajoutees dans la pile: 12
Nombre de Tile traversees: 7241  Distance est: 560
Nombre de Tile ajoutees dans la pile: 12
Nombre de Tile traversees: 7242  Distance est: 561
Nombre de Tile ajoutees dans la pile: 12
Nombre de Tile traversees: 7243  Distance est: 561
Nombre de Tile ajoutees dans la pile: 12
Nombre de Tile traversees: 7244  Distance est: 561
Nombre de Tile ajoutees dans la pile: 11
Nombre de Tile traversees: 7245  Distance est: 561
Nombre de Tile ajoutees dans la pile: 11
Nombre de Tile traversees: 7246  Distance est: 561
Nombre de Tile ajoutees dans la pile: 11
Nombre de Tile traversees: 7247  Distance est: 561
Nombre de Tile ajoutees dans la pile: 10
Nombre de Tile traversees: 7248  Distance est: 561
Nombre de Tile ajoutees dans la pile: 10
Nombre de Tile traversees: 7249  Distance est: 561
Nombre de Tile ajoutees dans la pile: 11
Nombre de Tile traversees: 7250  Distance est: 561
Nombre de Tile ajoutees dans la pile: 10
Nombre de Tile traversees: 7251  Distance est: 561
Nombre de Tile ajoutees dans la pile: 10
Nombre de Tile traversees: 7252  Distance est: 561
Nombre de Tile ajoutees dans la pile: 10
Nombre de Tile traversees: 7253  Distance est: 561
Nombre de Tile ajoutees dans la pile: 10
Nombre de Tile traversees: 7254  Distance est: 562
Nombre de Tile ajoutees dans la pile: 10
Nombre de Tile traversees: 7255  Distance est: 562
Nombre de Tile ajoutees dans la pile: 10
Nombre de Tile traversees: 7256  Distance est: 562
Nombre de Tile ajoutees dans la pile: 10
Nombre de Tile traversees: 7257  Distance est: 562
Nombre de Tile ajoutees dans la pile: 10
Nombre de Tile traversees: 7258  Distance est: 562
Nombre de Tile ajoutees dans la pile: 10
Nombre de Tile traversees: 7259  Distance est: 562
Nombre de Tile ajoutees dans la pile: 11
Nombre de Tile traversees: 7260  Distance est: 562
Nombre de Tile ajoutees dans la pile: 10
Nombre de Tile traversees: 7261  Distance est: 562
Nombre de Tile ajoutees dans la pile: 10
Nombre de Tile traversees: 7262  Distance est: 562
Nombre de Tile ajoutees dans la pile: 10
Nombre de Tile traversees: 7263  Distance est: 562
Nombre de Tile ajoutees dans la pile: 10
Nombre de Tile traversees: 7264  Distance est: 563
Nombre de Tile ajoutees dans la pile: 10
Nombre de Tile traversees: 7265  Distance est: 563
Nombre de Tile ajoutees dans la pile: 10
Nombre de Tile traversees: 7266  Distance est: 563
Nombre de Tile ajoutees dans la pile: 10
Nombre de Tile traversees: 7267  Distance est: 563
Nombre de Tile ajoutees dans la pile: 10
Nombre de Tile traversees: 7268  Distance est: 563
Nombre de Tile ajoutees dans la pile: 9
Nombre de Tile traversees: 7269  Distance est: 563
Nombre de Tile ajoutees dans la pile: 9
Nombre de Tile traversees: 7270  Distance est: 563
Nombre de Tile ajoutees dans la pile: 8
Nombre de Tile traversees: 7271  Distance est: 563
Nombre de Tile ajoutees dans la pile: 9
Nombre de Tile traversees: 7272  Distance est: 563
Nombre de Tile ajoutees dans la pile: 9
Nombre de Tile traversees: 7273  Distance est: 563
Nombre de Tile ajoutees dans la pile: 10
Nombre de Tile traversees: 7274  Distance est: 564
Nombre de Tile ajoutees dans la pile: 10
Nombre de Tile traversees: 7275  Distance est: 564
Nombre de Tile ajoutees dans la pile: 10
Nombre de Tile traversees: 7276  Distance est: 564
Nombre de Tile ajoutees dans la pile: 10
Nombre de Tile traversees: 7277  Distance est: 564
Nombre de Tile ajoutees dans la pile: 10
Nombre de Tile traversees: 7278  Distance est: 564
Nombre de Tile ajoutees dans la pile: 10
Nombre de Tile traversees: 7279  Distance est: 564
Nombre de Tile ajoutees dans la pile: 10
Nombre de Tile traversees: 7280  Distance est: 564
Nombre de Tile ajoutees dans la pile: 10
Nombre de Tile traversees: 7281  Distance est: 564
Nombre de Tile ajoutees dans la pile: 10
Nombre de Tile traversees: 7282  Distance est: 564
Nombre de Tile ajoutees dans la pile: 10
Nombre de Tile traversees: 7283  Distance est: 564
Nombre de Tile ajoutees dans la pile: 10
Nombre de Tile traversees: 7284  Distance est: 565
Nombre de Tile ajoutees dans la pile: 10
Nombre de Tile traversees: 7285  Distance est: 565
Nombre de Tile ajoutees dans la pile: 9
Nombre de Tile traversees: 7286  Distance est: 565
Nombre de Tile ajoutees dans la pile: 9
Nombre de Tile traversees: 7287  Distance est: 565
Nombre de Tile ajoutees dans la pile: 9
Nombre de Tile traversees: 7288  Distance est: 565
Nombre de Tile ajoutees dans la pile: 9
Nombre de Tile traversees: 7289  Distance est: 565
Nombre de Tile ajoutees dans la pile: 8
Nombre de Tile traversees: 7290  Distance est: 565
Nombre de Tile ajoutees dans la pile: 7
Nombre de Tile traversees: 7291  Distance est: 565
Nombre de Tile ajoutees dans la pile: 7
Nombre de Tile traversees: 7292  Distance est: 565
Nombre de Tile ajoutees dans la pile: 6
Nombre de Tile traversees: 7293  Distance est: 565
Nombre de Tile ajoutees dans la pile: 6
Nombre de Tile traversees: 7294  Distance est: 566
Nombre de Tile ajoutees dans la pile: 6
Nombre de Tile traversees: 7295  Distance est: 566
Nombre de Tile ajoutees dans la pile: 6
Nombre de Tile traversees: 7296  Distance est: 566
Nombre de Tile ajoutees dans la pile: 6
Nombre de Tile traversees: 7297  Distance est: 566
Nombre de Tile ajoutees dans la pile: 6
Nombre de Tile traversees: 7298  Distance est: 566
Nombre de Tile ajoutees dans la pile: 6
Nombre de Tile traversees: 7299  Distance est: 566
Nombre de Tile ajoutees dans la pile: 6
Nombre de Tile traversees: 7300  Distance est: 567
Nombre de Tile ajoutees dans la pile: 6
Nombre de Tile traversees: 7301  Distance est: 567
Nombre de Tile ajoutees dans la pile: 6
Nombre de Tile traversees: 7302  Distance est: 567
Nombre de Tile ajoutees dans la pile: 6
Nombre de Tile traversees: 7303  Distance est: 567
Nombre de Tile ajoutees dans la pile: 6
Nombre de Tile traversees: 7304  Distance est: 567
Nombre de Tile ajoutees dans la pile: 6
Nombre de Tile traversees: 7305  Distance est: 567
Nombre de Tile ajoutees dans la pile: 6
Nombre de Tile traversees: 7306  Distance est: 568
Nombre de Tile ajoutees dans la pile: 6
Nombre de Tile traversees: 7307  Distance est: 568
Nombre de Tile ajoutees dans la pile: 6
Nombre de Tile traversees: 7308  Distance est: 568
Nombre de Tile ajoutees dans la pile: 6
Nombre de Tile traversees: 7309  Distance est: 568
Nombre de Tile ajoutees dans la pile: 6
Nombre de Tile traversees: 7310  Distance est: 568
Nombre de Tile ajoutees dans la pile: 6
Nombre de Tile traversees: 7311  Distance est: 568
Nombre de Tile ajoutees dans la pile: 6
Nombre de Tile traversees: 7312  Distance est: 569
Nombre de Tile ajoutees dans la pile: 6
Nombre de Tile traversees: 7313  Distance est: 569
Nombre de Tile ajoutees dans la pile: 6
Nombre de Tile traversees: 7314  Distance est: 569
Nombre de Tile ajoutees dans la pile: 6
Nombre de Tile traversees: 7315  Distance est: 569
Nombre de Tile ajoutees dans la pile: 6
Nombre de Tile traversees: 7316  Distance est: 569
Nombre de Tile ajoutees dans la pile: 6
Nombre de Tile traversees: 7317  Distance est: 569
Nombre de Tile ajoutees dans la pile: 6
Nombre de Tile traversees: 7318  Distance est: 570
Nombre de Tile ajoutees dans la pile: 6
Nombre de Tile traversees: 7319  Distance est: 570
Nombre de Tile ajoutees dans la pile: 6
Nombre de Tile traversees: 7320  Distance est: 570
Nombre de Tile ajoutees dans la pile: 7
Nombre de Tile traversees: 7321  Distance est: 570
Nombre de Tile ajoutees dans la pile: 7
Nombre de Tile traversees: 7322  Distance est: 570
Nombre de Tile ajoutees dans la pile: 7
Nombre de Tile traversees: 7323  Distance est: 570
Nombre de Tile ajoutees dans la pile: 7
Nombre de Tile traversees: 7324  Distance est: 571
Nombre de Tile ajoutees dans la pile: 7
Nombre de Tile traversees: 7325  Distance est: 571
Nombre de Tile ajoutees dans la pile: 7
Nombre de Tile traversees: 7326  Distance est: 571
Nombre de Tile ajoutees dans la pile: 8
Nombre de Tile traversees: 7327  Distance est: 571
Nombre de Tile ajoutees dans la pile: 7
Nombre de Tile traversees: 7328  Distance est: 571
Nombre de Tile ajoutees dans la pile: 7
Nombre de Tile traversees: 7329  Distance est: 571
Nombre de Tile ajoutees dans la pile: 7
Nombre de Tile traversees: 7330  Distance est: 571
Nombre de Tile ajoutees dans la pile: 8
Nombre de Tile traversees: 7331  Distance est: 572
Nombre de Tile ajoutees dans la pile: 8
Nombre de Tile traversees: 7332  Distance est: 572
Nombre de Tile ajoutees dans la pile: 8
Nombre de Tile traversees: 7333  Distance est: 572
Nombre de Tile ajoutees dans la pile: 9
Nombre de Tile traversees: 7334  Distance est: 572
Nombre de Tile ajoutees dans la pile: 8
Nombre de Tile traversees: 7335  Distance est: 572
Nombre de Tile ajoutees dans la pile: 8
Nombre de Tile traversees: 7336  Distance est: 572
Nombre de Tile ajoutees dans la pile: 8
Nombre de Tile traversees: 7337  Distance est: 572
Nombre de Tile ajoutees dans la pile: 8
Nombre de Tile traversees: 7338  Distance est: 572
Nombre de Tile ajoutees dans la pile: 8
Nombre de Tile traversees: 7339  Distance est: 573
Nombre de Tile ajoutees dans la pile: 8
Nombre de Tile traversees: 7340  Distance est: 573
Nombre de Tile ajoutees dans la pile: 8
Nombre de Tile traversees: 7341  Distance est: 573
Nombre de Tile ajoutees dans la pile: 8
Nombre de Tile traversees: 7342  Distance est: 573
Nombre de Tile ajoutees dans la pile: 8
Nombre de Tile traversees: 7343  Distance est: 573
Nombre de Tile ajoutees dans la pile: 8
Nombre de Tile traversees: 7344  Distance est: 573
Nombre de Tile ajoutees dans la pile: 8
Nombre de Tile traversees: 7345  Distance est: 573
Nombre de Tile ajoutees dans la pile: 8
Nombre de Tile traversees: 7346  Distance est: 573
Nombre de Tile ajoutees dans la pile: 8
Nombre de Tile traversees: 7347  Distance est: 574
Nombre de Tile ajoutees dans la pile: 8
Nombre de Tile traversees: 7348  Distance est: 574
Nombre de Tile ajoutees dans la pile: 9
Nombre de Tile traversees: 7349  Distance est: 574
Nombre de Tile ajoutees dans la pile: 9
Nombre de Tile traversees: 7350  Distance est: 574
Nombre de Tile ajoutees dans la pile: 9
Nombre de Tile traversees: 7351  Distance est: 574
Nombre de Tile ajoutees dans la pile: 9
Nombre de Tile traversees: 7352  Distance est: 574
Nombre de Tile ajoutees dans la pile: 9
Nombre de Tile traversees: 7353  Distance est: 574
Nombre de Tile ajoutees dans la pile: 9
Nombre de Tile traversees: 7354  Distance est: 574
Nombre de Tile ajoutees dans la pile: 9
Nombre de Tile traversees: 7355  Distance est: 575
Nombre de Tile ajoutees dans la pile: 9
Nombre de Tile traversees: 7356  Distance est: 575
Nombre de Tile ajoutees dans la pile: 10
Nombre de Tile traversees: 7357  Distance est: 575
Nombre de Tile ajoutees dans la pile: 9
Nombre de Tile traversees: 7358  Distance est: 575
Nombre de Tile ajoutees dans la pile: 9
Nombre de Tile traversees: 7359  Distance est: 575
Nombre de Tile ajoutees dans la pile: 8
Nombre de Tile traversees: 7360  Distance est: 575
Nombre de Tile ajoutees dans la pile: 8
Nombre de Tile traversees: 7361  Distance est: 575
Nombre de Tile ajoutees dans la pile: 8
Nombre de Tile traversees: 7362  Distance est: 575
Nombre de Tile ajoutees dans la pile: 8
Nombre de Tile traversees: 7363  Distance est: 575
Nombre de Tile ajoutees dans la pile: 9
Nombre de Tile traversees: 7364  Distance est: 576
Nombre de Tile ajoutees dans la pile: 9
Nombre de Tile traversees: 7365  Distance est: 576
Nombre de Tile ajoutees dans la pile: 10
Nombre de Tile traversees: 7366  Distance est: 576
Nombre de Tile ajoutees dans la pile: 9
Nombre de Tile traversees: 7367  Distance est: 576
Nombre de Tile ajoutees dans la pile: 9
Nombre de Tile traversees: 7368  Distance est: 576
Nombre de Tile ajoutees dans la pile: 9
Nombre de Tile traversees: 7369  Distance est: 576
Nombre de Tile ajoutees dans la pile: 9
Nombre de Tile traversees: 7370  Distance est: 576
Nombre de Tile ajoutees dans la pile: 9
Nombre de Tile traversees: 7371  Distance est: 576
Nombre de Tile ajoutees dans la pile: 9
Nombre de Tile traversees: 7372  Distance est: 576
Nombre de Tile ajoutees dans la pile: 9
Nombre de Tile traversees: 7373  Distance est: 577
Nombre de Tile ajoutees dans la pile: 9
Nombre de Tile traversees: 7374  Distance est: 577
Nombre de Tile ajoutees dans la pile: 9
Nombre de Tile traversees: 7375  Distance est: 577
Nombre de Tile ajoutees dans la pile: 8
Nombre de Tile traversees: 7376  Distance est: 577
Nombre de Tile ajoutees dans la pile: 8
Nombre de Tile traversees: 7377  Distance est: 577
Nombre de Tile ajoutees dans la pile: 8
Nombre de Tile traversees: 7378  Distance est: 577
Nombre de Tile ajoutees dans la pile: 8
Nombre de Tile traversees: 7379  Distance est: 577
Nombre de Tile ajoutees dans la pile: 8
Nombre de Tile traversees: 7380  Distance est: 577
Nombre de Tile ajoutees dans la pile: 8
Nombre de Tile traversees: 7381  Distance est: 577
Nombre de Tile ajoutees dans la pile: 8
Nombre de Tile traversees: 7382  Distance est: 578
Nombre de Tile ajoutees dans la pile: 8
Nombre de Tile traversees: 7383  Distance est: 578
Nombre de Tile ajoutees dans la pile: 8
Nombre de Tile traversees: 7384  Distance est: 578
Nombre de Tile ajoutees dans la pile: 8
Nombre de Tile traversees: 7385  Distance est: 578
Nombre de Tile ajoutees dans la pile: 8
Nombre de Tile traversees: 7386  Distance est: 578
Nombre de Tile ajoutees dans la pile: 8
Nombre de Tile traversees: 7387  Distance est: 578
Nombre de Tile ajoutees dans la pile: 8
Nombre de Tile traversees: 7388  Distance est: 578
Nombre de Tile ajoutees dans la pile: 8
Nombre de Tile traversees: 7389  Distance est: 578
Nombre de Tile ajoutees dans la pile: 8
Nombre de Tile traversees: 7390  Distance est: 579
Nombre de Tile ajoutees dans la pile: 8
Nombre de Tile traversees: 7391  Distance est: 579
Nombre de Tile ajoutees dans la pile: 8
Nombre de Tile traversees: 7392  Distance est: 579
Nombre de Tile ajoutees dans la pile: 9
Nombre de Tile traversees: 7393  Distance est: 579
Nombre de Tile ajoutees dans la pile: 9
Nombre de Tile traversees: 7394  Distance est: 579
Nombre de Tile ajoutees dans la pile: 9
Nombre de Tile traversees: 7395  Distance est: 579
Nombre de Tile ajoutees dans la pile: 9
Nombre de Tile traversees: 7396  Distance est: 579
Nombre de Tile ajoutees dans la pile: 8
Nombre de Tile traversees: 7397  Distance est: 579
Nombre de Tile ajoutees dans la pile: 8
Nombre de Tile traversees: 7398  Distance est: 580
Nombre de Tile ajoutees dans la pile: 8
Nombre de Tile traversees: 7399  Distance est: 580
Nombre de Tile ajoutees dans la pile: 8
Nombre de Tile traversees: 7400  Distance est: 580
Nombre de Tile ajoutees dans la pile: 8
Nombre de Tile traversees: 7401  Distance est: 580
Nombre de Tile ajoutees dans la pile: 8
Nombre de Tile traversees: 7402  Distance est: 580
Nombre de Tile ajoutees dans la pile: 8
Nombre de Tile traversees: 7403  Distance est: 580
Nombre de Tile ajoutees dans la pile: 8
Nombre de Tile traversees: 7404  Distance est: 580
Nombre de Tile ajoutees dans la pile: 9
Nombre de Tile traversees: 7405  Distance est: 580
Nombre de Tile ajoutees dans la pile: 10
Nombre de Tile traversees: 7406  Distance est: 581
Nombre de Tile ajoutees dans la pile: 10
Nombre de Tile traversees: 7407  Distance est: 581
Nombre de Tile ajoutees dans la pile: 10
Nombre de Tile traversees: 7408  Distance est: 581
Nombre de Tile ajoutees dans la pile: 10
Nombre de Tile traversees: 7409  Distance est: 581
Nombre de Tile ajoutees dans la pile: 10
Nombre de Tile traversees: 7410  Distance est: 581
Nombre de Tile ajoutees dans la pile: 10
Nombre de Tile traversees: 7411  Distance est: 581
Nombre de Tile ajoutees dans la pile: 10
Nombre de Tile traversees: 7412  Distance est: 581
Nombre de Tile ajoutees dans la pile: 11
Nombre de Tile traversees: 7413  Distance est: 581
Nombre de Tile ajoutees dans la pile: 11
Nombre de Tile traversees: 7414  Distance est: 581
Nombre de Tile ajoutees dans la pile: 12
Nombre de Tile traversees: 7415  Distance est: 581
Nombre de Tile ajoutees dans la pile: 11
Nombre de Tile traversees: 7416  Distance est: 582
Nombre de Tile ajoutees dans la pile: 11
Nombre de Tile traversees: 7417  Distance est: 582
Nombre de Tile ajoutees dans la pile: 11
Nombre de Tile traversees: 7418  Distance est: 582
Nombre de Tile ajoutees dans la pile: 11
Nombre de Tile traversees: 7419  Distance est: 582
Nombre de Tile ajoutees dans la pile: 11
Nombre de Tile traversees: 7420  Distance est: 582
Nombre de Tile ajoutees dans la pile: 11
Nombre de Tile traversees: 7421  Distance est: 582
Nombre de Tile ajoutees dans la pile: 11
Nombre de Tile traversees: 7422  Distance est: 582
Nombre de Tile ajoutees dans la pile: 12
Nombre de Tile traversees: 7423  Distance est: 582
Nombre de Tile ajoutees dans la pile: 11
Nombre de Tile traversees: 7424  Distance est: 582
Nombre de Tile ajoutees dans la pile: 11
Nombre de Tile traversees: 7425  Distance est: 582
Nombre de Tile ajoutees dans la pile: 12
Nombre de Tile traversees: 7426  Distance est: 582
Nombre de Tile ajoutees dans la pile: 11
Nombre de Tile traversees: 7427  Distance est: 583
Nombre de Tile ajoutees dans la pile: 11
Nombre de Tile traversees: 7428  Distance est: 583
Nombre de Tile ajoutees dans la pile: 10
Nombre de Tile traversees: 7429  Distance est: 583
Nombre de Tile ajoutees dans la pile: 10
Nombre de Tile traversees: 7430  Distance est: 583
Nombre de Tile ajoutees dans la pile: 10
Nombre de Tile traversees: 7431  Distance est: 583
Nombre de Tile ajoutees dans la pile: 10
Nombre de Tile traversees: 7432  Distance est: 583
Nombre de Tile ajoutees dans la pile: 10
Nombre de Tile traversees: 7433  Distance est: 583
Nombre de Tile ajoutees dans la pile: 10
Nombre de Tile traversees: 7434  Distance est: 583
Nombre de Tile ajoutees dans la pile: 9
Nombre de Tile traversees: 7435  Distance est: 583
Nombre de Tile ajoutees dans la pile: 9
Nombre de Tile traversees: 7436  Distance est: 583
Nombre de Tile ajoutees dans la pile: 9
Nombre de Tile traversees: 7437  Distance est: 583
Nombre de Tile ajoutees dans la pile: 8
Nombre de Tile traversees: 7438  Distance est: 584
Nombre de Tile ajoutees dans la pile: 8
Nombre de Tile traversees: 7439  Distance est: 584
Nombre de Tile ajoutees dans la pile: 8
Nombre de Tile traversees: 7440  Distance est: 584
Nombre de Tile ajoutees dans la pile: 8
Nombre de Tile traversees: 7441  Distance est: 584
Nombre de Tile ajoutees dans la pile: 8
Nombre de Tile traversees: 7442  Distance est: 584
Nombre de Tile ajoutees dans la pile: 8
Nombre de Tile traversees: 7443  Distance est: 584
Nombre de Tile ajoutees dans la pile: 8
Nombre de Tile traversees: 7444  Distance est: 584
Nombre de Tile ajoutees dans la pile: 8
Nombre de Tile traversees: 7445  Distance est: 584
Nombre de Tile ajoutees dans la pile: 8
Nombre de Tile traversees: 7446  Distance est: 585
Nombre de Tile ajoutees dans la pile: 8
Nombre de Tile traversees: 7447  Distance est: 585
Nombre de Tile ajoutees dans la pile: 8
Nombre de Tile traversees: 7448  Distance est: 585
Nombre de Tile ajoutees dans la pile: 8
Nombre de Tile traversees: 7449  Distance est: 585
Nombre de Tile ajoutees dans la pile: 8
Nombre de Tile traversees: 7450  Distance est: 585
Nombre de Tile ajoutees dans la pile: 8
Nombre de Tile traversees: 7451  Distance est: 585
Nombre de Tile ajoutees dans la pile: 8
Nombre de Tile traversees: 7452  Distance est: 585
Nombre de Tile ajoutees dans la pile: 8
Nombre de Tile traversees: 7453  Distance est: 585
Nombre de Tile ajoutees dans la pile: 9
Nombre de Tile traversees: 7454  Distance est: 586
Nombre de Tile ajoutees dans la pile: 9
Nombre de Tile traversees: 7455  Distance est: 586
Nombre de Tile ajoutees dans la pile: 9
Nombre de Tile traversees: 7456  Distance est: 586
Nombre de Tile ajoutees dans la pile: 9
Nombre de Tile traversees: 7457  Distance est: 586
Nombre de Tile ajoutees dans la pile: 9
Nombre de Tile traversees: 7458  Distance est: 586
Nombre de Tile ajoutees dans la pile: 9
Nombre de Tile traversees: 7459  Distance est: 586
Nombre de Tile ajoutees dans la pile: 9
Nombre de Tile traversees: 7460  Distance est: 586
Nombre de Tile ajoutees dans la pile: 9
Nombre de Tile traversees: 7461  Distance est: 586
Nombre de Tile ajoutees dans la pile: 9
Nombre de Tile traversees: 7462  Distance est: 586
Nombre de Tile ajoutees dans la pile: 9
Nombre de Tile traversees: 7463  Distance est: 587
Nombre de Tile ajoutees dans la pile: 9
Nombre de Tile traversees: 7464  Distance est: 587
Nombre de Tile ajoutees dans la pile: 9
Nombre de Tile traversees: 7465  Distance est: 587
Nombre de Tile ajoutees dans la pile: 9
Nombre de Tile traversees: 7466  Distance est: 587
Nombre de Tile ajoutees dans la pile: 9
Nombre de Tile traversees: 7467  Distance est: 587
Nombre de Tile ajoutees dans la pile: 9
Nombre de Tile traversees: 7468  Distance est: 587
Nombre de Tile ajoutees dans la pile: 9
Nombre de Tile traversees: 7469  Distance est: 587
Nombre de Tile ajoutees dans la pile: 9
Nombre de Tile traversees: 7470  Distance est: 587
Nombre de Tile ajoutees dans la pile: 9
Nombre de Tile traversees: 7471  Distance est: 587
Nombre de Tile ajoutees dans la pile: 9
Nombre de Tile traversees: 7472  Distance est: 588
Nombre de Tile ajoutees dans la pile: 10
Nombre de Tile traversees: 7473  Distance est: 588
Nombre de Tile ajoutees dans la pile: 10
Nombre de Tile traversees: 7474  Distance est: 588
Nombre de Tile ajoutees dans la pile: 10
Nombre de Tile traversees: 7475  Distance est: 588
Nombre de Tile ajoutees dans la pile: 10
Nombre de Tile traversees: 7476  Distance est: 588
Nombre de Tile ajoutees dans la pile: 10
Nombre de Tile traversees: 7477  Distance est: 588
Nombre de Tile ajoutees dans la pile: 10
Nombre de Tile traversees: 7478  Distance est: 588
Nombre de Tile ajoutees dans la pile: 10
Nombre de Tile traversees: 7479  Distance est: 588
Nombre de Tile ajoutees dans la pile: 10
Nombre de Tile traversees: 7480  Distance est: 588
Nombre de Tile ajoutees dans la pile: 10
Nombre de Tile traversees: 7481  Distance est: 588
Nombre de Tile ajoutees dans la pile: 10
Nombre de Tile traversees: 7482  Distance est: 589
Nombre de Tile ajoutees dans la pile: 10
Nombre de Tile traversees: 7483  Distance est: 589
Nombre de Tile ajoutees dans la pile: 10
Nombre de Tile traversees: 7484  Distance est: 589
Nombre de Tile ajoutees dans la pile: 10
Nombre de Tile traversees: 7485  Distance est: 589
Nombre de Tile ajoutees dans la pile: 10
Nombre de Tile traversees: 7486  Distance est: 589
Nombre de Tile ajoutees dans la pile: 10
Nombre de Tile traversees: 7487  Distance est: 589
Nombre de Tile ajoutees dans la pile: 10
Nombre de Tile traversees: 7488  Distance est: 589
Nombre de Tile ajoutees dans la pile: 9
Nombre de Tile traversees: 7489  Distance est: 589
Nombre de Tile ajoutees dans la pile: 9
Nombre de Tile traversees: 7490  Distance est: 589
Nombre de Tile ajoutees dans la pile: 9
Nombre de Tile traversees: 7491  Distance est: 589
Nombre de Tile ajoutees dans la pile: 8
Nombre de Tile traversees: 7492  Distance est: 590
Nombre de Tile ajoutees dans la pile: 8
Nombre de Tile traversees: 7493  Distance est: 590
Nombre de Tile ajoutees dans la pile: 8
Nombre de Tile traversees: 7494  Distance est: 590
Nombre de Tile ajoutees dans la pile: 8
Nombre de Tile traversees: 7495  Distance est: 590
Nombre de Tile ajoutees dans la pile: 8
Nombre de Tile traversees: 7496  Distance est: 590
Nombre de Tile ajoutees dans la pile: 8
Nombre de Tile traversees: 7497  Distance est: 590
Nombre de Tile ajoutees dans la pile: 8
Nombre de Tile traversees: 7498  Distance est: 590
Nombre de Tile ajoutees dans la pile: 8
Nombre de Tile traversees: 7499  Distance est: 590
Nombre de Tile ajoutees dans la pile: 8
Nombre de Tile traversees: 7500  Distance est: 591
Nombre de Tile ajoutees dans la pile: 8
Nombre de Tile traversees: 7501  Distance est: 591
Nombre de Tile ajoutees dans la pile: 8
Nombre de Tile traversees: 7502  Distance est: 591
Nombre de Tile ajoutees dans la pile: 8
Nombre de Tile traversees: 7503  Distance est: 591
Nombre de Tile ajoutees dans la pile: 8
Nombre de Tile traversees: 7504  Distance est: 591
Nombre de Tile ajoutees dans la pile: 8
Nombre de Tile traversees: 7505  Distance est: 591
Nombre de Tile ajoutees dans la pile: 9
Nombre de Tile traversees: 7506  Distance est: 591
Nombre de Tile ajoutees dans la pile: 9
Nombre de Tile traversees: 7507  Distance est: 591
Nombre de Tile ajoutees dans la pile: 8
Nombre de Tile traversees: 7508  Distance est: 592
Nombre de Tile ajoutees dans la pile: 8
Nombre de Tile traversees: 7509  Distance est: 592
Nombre de Tile ajoutees dans la pile: 8
Nombre de Tile traversees: 7510  Distance est: 592
Nombre de Tile ajoutees dans la pile: 8
Nombre de Tile traversees: 7511  Distance est: 592
Nombre de Tile ajoutees dans la pile: 8
Nombre de Tile traversees: 7512  Distance est: 592
Nombre de Tile ajoutees dans la pile: 8
Nombre de Tile traversees: 7513  Distance est: 592
Nombre de Tile ajoutees dans la pile: 8
Nombre de Tile traversees: 7514  Distance est: 592
Nombre de Tile ajoutees dans la pile: 8
Nombre de Tile traversees: 7515  Distance est: 592
Nombre de Tile ajoutees dans la pile: 8
Nombre de Tile traversees: 7516  Distance est: 593
Nombre de Tile ajoutees dans la pile: 8
Nombre de Tile traversees: 7517  Distance est: 593
Nombre de Tile ajoutees dans la pile: 8
Nombre de Tile traversees: 7518  Distance est: 593
Nombre de Tile ajoutees dans la pile: 8
Nombre de Tile traversees: 7519  Distance est: 593
Nombre de Tile ajoutees dans la pile: 8
Nombre de Tile traversees: 7520  Distance est: 593
Nombre de Tile ajoutees dans la pile: 8
Nombre de Tile traversees: 7521  Distance est: 593
Nombre de Tile ajoutees dans la pile: 8
Nombre de Tile traversees: 7522  Distance est: 593
Nombre de Tile ajoutees dans la pile: 7
Nombre de Tile traversees: 7523  Distance est: 593
Nombre de Tile ajoutees dans la pile: 7
Nombre de Tile traversees: 7524  Distance est: 594
Nombre de Tile ajoutees dans la pile: 7
Nombre de Tile traversees: 7525  Distance est: 594
Nombre de Tile ajoutees dans la pile: 7
Nombre de Tile traversees: 7526  Distance est: 594
Nombre de Tile ajoutees dans la pile: 7
Nombre de Tile traversees: 7527  Distance est: 594
Nombre de Tile ajoutees dans la pile: 7
Nombre de Tile traversees: 7528  Distance est: 594
Nombre de Tile ajoutees dans la pile: 7
Nombre de Tile traversees: 7529  Distance est: 594
Nombre de Tile ajoutees dans la pile: 8
Nombre de Tile traversees: 7530  Distance est: 594
Nombre de Tile ajoutees dans la pile: 8
Nombre de Tile traversees: 7531  Distance est: 595
Nombre de Tile ajoutees dans la pile: 8
Nombre de Tile traversees: 7532  Distance est: 595
Nombre de Tile ajoutees dans la pile: 9
Nombre de Tile traversees: 7533  Distance est: 595
Nombre de Tile ajoutees dans la pile: 9
Nombre de Tile traversees: 7534  Distance est: 595
Nombre de Tile ajoutees dans la pile: 9
Nombre de Tile traversees: 7535  Distance est: 595
Nombre de Tile ajoutees dans la pile: 9
Nombre de Tile traversees: 7536  Distance est: 595
Nombre de Tile ajoutees dans la pile: 10
Nombre de Tile traversees: 7537  Distance est: 595
Nombre de Tile ajoutees dans la pile: 9
Nombre de Tile traversees: 7538  Distance est: 595
Nombre de Tile ajoutees dans la pile: 10
Nombre de Tile traversees: 7539  Distance est: 596
Nombre de Tile ajoutees dans la pile: 10
Nombre de Tile traversees: 7540  Distance est: 596
Nombre de Tile ajoutees dans la pile: 10
Nombre de Tile traversees: 7541  Distance est: 596
Nombre de Tile ajoutees dans la pile: 10
Nombre de Tile traversees: 7542  Distance est: 596
Nombre de Tile ajoutees dans la pile: 10
Nombre de Tile traversees: 7543  Distance est: 596
Nombre de Tile ajoutees dans la pile: 10
Nombre de Tile traversees: 7544  Distance est: 596
Nombre de Tile ajoutees dans la pile: 10
Nombre de Tile traversees: 7545  Distance est: 596
Nombre de Tile ajoutees dans la pile: 11
Nombre de Tile traversees: 7546  Distance est: 596
Nombre de Tile ajoutees dans la pile: 10
Nombre de Tile traversees: 7547  Distance est: 596
Nombre de Tile ajoutees dans la pile: 10
Nombre de Tile traversees: 7548  Distance est: 596
Nombre de Tile ajoutees dans la pile: 11
Nombre de Tile traversees: 7549  Distance est: 597
Nombre de Tile ajoutees dans la pile: 11
Nombre de Tile traversees: 7550  Distance est: 597
Nombre de Tile ajoutees dans la pile: 10
Nombre de Tile traversees: 7551  Distance est: 597
Nombre de Tile ajoutees dans la pile: 11
Nombre de Tile traversees: 7552  Distance est: 597
Nombre de Tile ajoutees dans la pile: 11
Nombre de Tile traversees: 7553  Distance est: 597
Nombre de Tile ajoutees dans la pile: 10
Nombre de Tile traversees: 7554  Distance est: 597
Nombre de Tile ajoutees dans la pile: 10
Nombre de Tile traversees: 7555  Distance est: 597
Nombre de Tile ajoutees dans la pile: 10
Nombre de Tile traversees: 7556  Distance est: 597
Nombre de Tile ajoutees dans la pile: 9
Nombre de Tile traversees: 7557  Distance est: 597
Nombre de Tile ajoutees dans la pile: 9
Nombre de Tile traversees: 7558  Distance est: 597
Nombre de Tile ajoutees dans la pile: 10
Nombre de Tile traversees: 7559  Distance est: 597
Nombre de Tile ajoutees dans la pile: 9
Nombre de Tile traversees: 7560  Distance est: 598
Nombre de Tile ajoutees dans la pile: 9
Nombre de Tile traversees: 7561  Distance est: 598
Nombre de Tile ajoutees dans la pile: 9
Nombre de Tile traversees: 7562  Distance est: 598
Nombre de Tile ajoutees dans la pile: 9
Nombre de Tile traversees: 7563  Distance est: 598
Nombre de Tile ajoutees dans la pile: 10
Nombre de Tile traversees: 7564  Distance est: 598
Nombre de Tile ajoutees dans la pile: 10
Nombre de Tile traversees: 7565  Distance est: 598
Nombre de Tile ajoutees dans la pile: 10
Nombre de Tile traversees: 7566  Distance est: 598
Nombre de Tile ajoutees dans la pile: 10
Nombre de Tile traversees: 7567  Distance est: 598
Nombre de Tile ajoutees dans la pile: 11
Nombre de Tile traversees: 7568  Distance est: 598
Nombre de Tile ajoutees dans la pile: 10
Nombre de Tile traversees: 7569  Distance est: 599
Nombre de Tile ajoutees dans la pile: 10
Nombre de Tile traversees: 7570  Distance est: 599
Nombre de Tile ajoutees dans la pile: 9
Nombre de Tile traversees: 7571  Distance est: 599
Nombre de Tile ajoutees dans la pile: 9
Nombre de Tile traversees: 7572  Distance est: 599
Nombre de Tile ajoutees dans la pile: 10
Nombre de Tile traversees: 7573  Distance est: 599
Nombre de Tile ajoutees dans la pile: 10
Nombre de Tile traversees: 7574  Distance est: 599
Nombre de Tile ajoutees dans la pile: 10
Nombre de Tile traversees: 7575  Distance est: 599
Nombre de Tile ajoutees dans la pile: 10
Nombre de Tile traversees: 7576  Distance est: 599
Nombre de Tile ajoutees dans la pile: 10
Nombre de Tile traversees: 7577  Distance est: 599
Nombre de Tile ajoutees dans la pile: 11
Nombre de Tile traversees: 7578  Distance est: 599
Nombre de Tile ajoutees dans la pile: 10
Nombre de Tile traversees: 7579  Distance est: 600
Nombre de Tile ajoutees dans la pile: 10
Nombre de Tile traversees: 7580  Distance est: 600
Nombre de Tile ajoutees dans la pile: 10
Nombre de Tile traversees: 7581  Distance est: 600
Nombre de Tile ajoutees dans la pile: 11
Nombre de Tile traversees: 7582  Distance est: 600
Nombre de Tile ajoutees dans la pile: 10
Nombre de Tile traversees: 7583  Distance est: 600
Nombre de Tile ajoutees dans la pile: 10
Nombre de Tile traversees: 7584  Distance est: 600
Nombre de Tile ajoutees dans la pile: 10
Nombre de Tile traversees: 7585  Distance est: 600
Nombre de Tile ajoutees dans la pile: 10
Nombre de Tile traversees: 7586  Distance est: 600
Nombre de Tile ajoutees dans la pile: 10
Nombre de Tile traversees: 7587  Distance est: 600
Nombre de Tile ajoutees dans la pile: 11
Nombre de Tile traversees: 7588  Distance est: 600
Nombre de Tile ajoutees dans la pile: 11
Nombre de Tile traversees: 7589  Distance est: 601
Nombre de Tile ajoutees dans la pile: 11
Nombre de Tile traversees: 7590  Distance est: 601
Nombre de Tile ajoutees dans la pile: 11
Nombre de Tile traversees: 7591  Distance est: 601
Nombre de Tile ajoutees dans la pile: 10
Nombre de Tile traversees: 7592  Distance est: 601
Nombre de Tile ajoutees dans la pile: 10
Nombre de Tile traversees: 7593  Distance est: 601
Nombre de Tile ajoutees dans la pile: 10
Nombre de Tile traversees: 7594  Distance est: 601
Nombre de Tile ajoutees dans la pile: 10
Nombre de Tile traversees: 7595  Distance est: 601
Nombre de Tile ajoutees dans la pile: 10
Nombre de Tile traversees: 7596  Distance est: 601
Nombre de Tile ajoutees dans la pile: 11
Nombre de Tile traversees: 7597  Distance est: 601
Nombre de Tile ajoutees dans la pile: 12
Nombre de Tile traversees: 7598  Distance est: 601
Nombre de Tile ajoutees dans la pile: 11
Nombre de Tile traversees: 7599  Distance est: 601
Nombre de Tile ajoutees dans la pile: 11
Nombre de Tile traversees: 7600  Distance est: 602
Nombre de Tile ajoutees dans la pile: 11
Nombre de Tile traversees: 7601  Distance est: 602
Nombre de Tile ajoutees dans la pile: 11
Nombre de Tile traversees: 7602  Distance est: 602
Nombre de Tile ajoutees dans la pile: 11
Nombre de Tile traversees: 7603  Distance est: 602
Nombre de Tile ajoutees dans la pile: 11
Nombre de Tile traversees: 7604  Distance est: 602
Nombre de Tile ajoutees dans la pile: 11
Nombre de Tile traversees: 7605  Distance est: 602
Nombre de Tile ajoutees dans la pile: 11
Nombre de Tile traversees: 7606  Distance est: 602
Nombre de Tile ajoutees dans la pile: 11
Nombre de Tile traversees: 7607  Distance est: 602
Nombre de Tile ajoutees dans la pile: 11
Nombre de Tile traversees: 7608  Distance est: 602
Nombre de Tile ajoutees dans la pile: 11
Nombre de Tile traversees: 7609  Distance est: 602
Nombre de Tile ajoutees dans la pile: 11
Nombre de Tile traversees: 7610  Distance est: 602
Nombre de Tile ajoutees dans la pile: 11
Nombre de Tile traversees: 7611  Distance est: 603
Nombre de Tile ajoutees dans la pile: 11
Nombre de Tile traversees: 7612  Distance est: 603
Nombre de Tile ajoutees dans la pile: 11
Nombre de Tile traversees: 7613  Distance est: 603
Nombre de Tile ajoutees dans la pile: 10
Nombre de Tile traversees: 7614  Distance est: 603
Nombre de Tile ajoutees dans la pile: 9
Nombre de Tile traversees: 7615  Distance est: 603
Nombre de Tile ajoutees dans la pile: 10
Nombre de Tile traversees: 7616  Distance est: 603
Nombre de Tile ajoutees dans la pile: 10
Nombre de Tile traversees: 7617  Distance est: 603
Nombre de Tile ajoutees dans la pile: 9
Nombre de Tile traversees: 7618  Distance est: 603
Nombre de Tile ajoutees dans la pile: 10
Nombre de Tile traversees: 7619  Distance est: 603
Nombre de Tile ajoutees dans la pile: 11
Nombre de Tile traversees: 7620  Distance est: 603
Nombre de Tile ajoutees dans la pile: 10
Nombre de Tile traversees: 7621  Distance est: 603
Nombre de Tile ajoutees dans la pile: 10
Nombre de Tile traversees: 7622  Distance est: 604
Nombre de Tile ajoutees dans la pile: 10
Nombre de Tile traversees: 7623  Distance est: 604
Nombre de Tile ajoutees dans la pile: 10
Nombre de Tile traversees: 7624  Distance est: 604
Nombre de Tile ajoutees dans la pile: 10
Nombre de Tile traversees: 7625  Distance est: 604
Nombre de Tile ajoutees dans la pile: 10
Nombre de Tile traversees: 7626  Distance est: 604
Nombre de Tile ajoutees dans la pile: 10
Nombre de Tile traversees: 7627  Distance est: 604
Nombre de Tile ajoutees dans la pile: 10
Nombre de Tile traversees: 7628  Distance est: 604
Nombre de Tile ajoutees dans la pile: 10
Nombre de Tile traversees: 7629  Distance est: 604
Nombre de Tile ajoutees dans la pile: 10
Nombre de Tile traversees: 7630  Distance est: 604
Nombre de Tile ajoutees dans la pile: 10
Nombre de Tile traversees: 7631  Distance est: 604
Nombre de Tile ajoutees dans la pile: 10
Nombre de Tile traversees: 7632  Distance est: 605
Nombre de Tile ajoutees dans la pile: 10
Nombre de Tile traversees: 7633  Distance est: 605
Nombre de Tile ajoutees dans la pile: 9
Nombre de Tile traversees: 7634  Distance est: 605
Nombre de Tile ajoutees dans la pile: 9
Nombre de Tile traversees: 7635  Distance est: 605
Nombre de Tile ajoutees dans la pile: 9
Nombre de Tile traversees: 7636  Distance est: 605
Nombre de Tile ajoutees dans la pile: 9
Nombre de Tile traversees: 7637  Distance est: 605
Nombre de Tile ajoutees dans la pile: 9
Nombre de Tile traversees: 7638  Distance est: 605
Nombre de Tile ajoutees dans la pile: 8
Nombre de Tile traversees: 7639  Distance est: 605
Nombre de Tile ajoutees dans la pile: 8
Nombre de Tile traversees: 7640  Distance est: 605
Nombre de Tile ajoutees dans la pile: 8
Nombre de Tile traversees: 7641  Distance est: 605
Nombre de Tile ajoutees dans la pile: 8
Nombre de Tile traversees: 7642  Distance est: 606
Nombre de Tile ajoutees dans la pile: 8
Nombre de Tile traversees: 7643  Distance est: 606
Nombre de Tile ajoutees dans la pile: 8
Nombre de Tile traversees: 7644  Distance est: 606
Nombre de Tile ajoutees dans la pile: 8
Nombre de Tile traversees: 7645  Distance est: 606
Nombre de Tile ajoutees dans la pile: 8
Nombre de Tile traversees: 7646  Distance est: 606
Nombre de Tile ajoutees dans la pile: 8
Nombre de Tile traversees: 7647  Distance est: 606
Nombre de Tile ajoutees dans la pile: 8
Nombre de Tile traversees: 7648  Distance est: 606
Nombre de Tile ajoutees dans la pile: 8
Nombre de Tile traversees: 7649  Distance est: 606
Nombre de Tile ajoutees dans la pile: 8
Nombre de Tile traversees: 7650  Distance est: 607
Nombre de Tile ajoutees dans la pile: 8
Nombre de Tile traversees: 7651  Distance est: 607
Nombre de Tile ajoutees dans la pile: 8
Nombre de Tile traversees: 7652  Distance est: 607
Nombre de Tile ajoutees dans la pile: 7
Nombre de Tile traversees: 7653  Distance est: 607
Nombre de Tile ajoutees dans la pile: 7
Nombre de Tile traversees: 7654  Distance est: 607
Nombre de Tile ajoutees dans la pile: 7
Nombre de Tile traversees: 7655  Distance est: 607
Nombre de Tile ajoutees dans la pile: 7
Nombre de Tile traversees: 7656  Distance est: 607
Nombre de Tile ajoutees dans la pile: 6
Nombre de Tile traversees: 7657  Distance est: 607
Nombre de Tile ajoutees dans la pile: 6
Nombre de Tile traversees: 7658  Distance est: 608
Nombre de Tile ajoutees dans la pile: 6
Nombre de Tile traversees: 7659  Distance est: 608
Nombre de Tile ajoutees dans la pile: 7
Nombre de Tile traversees: 7660  Distance est: 608
Nombre de Tile ajoutees dans la pile: 7
Nombre de Tile traversees: 7661  Distance est: 608
Nombre de Tile ajoutees dans la pile: 7
Nombre de Tile traversees: 7662  Distance est: 608
Nombre de Tile ajoutees dans la pile: 7
Nombre de Tile traversees: 7663  Distance est: 608
Nombre de Tile ajoutees dans la pile: 7
Nombre de Tile traversees: 7664  Distance est: 609
Nombre de Tile ajoutees dans la pile: 7
Nombre de Tile traversees: 7665  Distance est: 609
Nombre de Tile ajoutees dans la pile: 8
Nombre de Tile traversees: 7666  Distance est: 609
Nombre de Tile ajoutees dans la pile: 7
Nombre de Tile traversees: 7667  Distance est: 609
Nombre de Tile ajoutees dans la pile: 7
Nombre de Tile traversees: 7668  Distance est: 609
Nombre de Tile ajoutees dans la pile: 7
Nombre de Tile traversees: 7669  Distance est: 609
Nombre de Tile ajoutees dans la pile: 7
Nombre de Tile traversees: 7670  Distance est: 609
Nombre de Tile ajoutees dans la pile: 7
Nombre de Tile traversees: 7671  Distance est: 610
Nombre de Tile ajoutees dans la pile: 6
Nombre de Tile traversees: 7672  Distance est: 610
Nombre de Tile ajoutees dans la pile: 7
Nombre de Tile traversees: 7673  Distance est: 610
Nombre de Tile ajoutees dans la pile: 6
Nombre de Tile traversees: 7674  Distance est: 610
Nombre de Tile ajoutees dans la pile: 6
Nombre de Tile traversees: 7675  Distance est: 610
Nombre de Tile ajoutees dans la pile: 6
Nombre de Tile traversees: 7676  Distance est: 610
Nombre de Tile ajoutees dans la pile: 6
Nombre de Tile traversees: 7677  Distance est: 611
Nombre de Tile ajoutees dans la pile: 7
Nombre de Tile traversees: 7678  Distance est: 611
Nombre de Tile ajoutees dans la pile: 7
Nombre de Tile traversees: 7679  Distance est: 611
Nombre de Tile ajoutees dans la pile: 6
Nombre de Tile traversees: 7680  Distance est: 611
Nombre de Tile ajoutees dans la pile: 6
Nombre de Tile traversees: 7681  Distance est: 611
Nombre de Tile ajoutees dans la pile: 6
Nombre de Tile traversees: 7682  Distance est: 611
Nombre de Tile ajoutees dans la pile: 7
Nombre de Tile traversees: 7683  Distance est: 611
Nombre de Tile ajoutees dans la pile: 8
Nombre de Tile traversees: 7684  Distance est: 612
Nombre de Tile ajoutees dans la pile: 7
Nombre de Tile traversees: 7685  Distance est: 612
Nombre de Tile ajoutees dans la pile: 7
Nombre de Tile traversees: 7686  Distance est: 612
Nombre de Tile ajoutees dans la pile: 7
Nombre de Tile traversees: 7687  Distance est: 612
Nombre de Tile ajoutees dans la pile: 7
Nombre de Tile traversees: 7688  Distance est: 612
Nombre de Tile ajoutees dans la pile: 7
Nombre de Tile traversees: 7689  Distance est: 612
Nombre de Tile ajoutees dans la pile: 7
Nombre de Tile traversees: 7690  Distance est: 612
Nombre de Tile ajoutees dans la pile: 8
Nombre de Tile traversees: 7691  Distance est: 613
Nombre de Tile ajoutees dans la pile: 7
Nombre de Tile traversees: 7692  Distance est: 613
Nombre de Tile ajoutees dans la pile: 7
Nombre de Tile traversees: 7693  Distance est: 613
Nombre de Tile ajoutees dans la pile: 7
Nombre de Tile traversees: 7694  Distance est: 613
Nombre de Tile ajoutees dans la pile: 7
Nombre de Tile traversees: 7695  Distance est: 613
Nombre de Tile ajoutees dans la pile: 6
Nombre de Tile traversees: 7696  Distance est: 613
Nombre de Tile ajoutees dans la pile: 7
Nombre de Tile traversees: 7697  Distance est: 613
Nombre de Tile ajoutees dans la pile: 7
Nombre de Tile traversees: 7698  Distance est: 614
Nombre de Tile ajoutees dans la pile: 6
Nombre de Tile traversees: 7699  Distance est: 614
Nombre de Tile ajoutees dans la pile: 7
Nombre de Tile traversees: 7700  Distance est: 614
Nombre de Tile ajoutees dans la pile: 7
Nombre de Tile traversees: 7701  Distance est: 614
Nombre de Tile ajoutees dans la pile: 7
Nombre de Tile traversees: 7702  Distance est: 614
Nombre de Tile ajoutees dans la pile: 7
Nombre de Tile traversees: 7703  Distance est: 614
Nombre de Tile ajoutees dans la pile: 7
Nombre de Tile traversees: 7704  Distance est: 615
Nombre de Tile ajoutees dans la pile: 7
Nombre de Tile traversees: 7705  Distance est: 615
Nombre de Tile ajoutees dans la pile: 8
Nombre de Tile traversees: 7706  Distance est: 615
Nombre de Tile ajoutees dans la pile: 8
Nombre de Tile traversees: 7707  Distance est: 615
Nombre de Tile ajoutees dans la pile: 8
Nombre de Tile traversees: 7708  Distance est: 615
Nombre de Tile ajoutees dans la pile: 8
Nombre de Tile traversees: 7709  Distance est: 615
Nombre de Tile ajoutees dans la pile: 7
Nombre de Tile traversees: 7710  Distance est: 615
Nombre de Tile ajoutees dans la pile: 7
Nombre de Tile traversees: 7711  Distance est: 616
Nombre de Tile ajoutees dans la pile: 7
Nombre de Tile traversees: 7712  Distance est: 616
Nombre de Tile ajoutees dans la pile: 8
Nombre de Tile traversees: 7713  Distance est: 616
Nombre de Tile ajoutees dans la pile: 7
Nombre de Tile traversees: 7714  Distance est: 616
Nombre de Tile ajoutees dans la pile: 7
Nombre de Tile traversees: 7715  Distance est: 616
Nombre de Tile ajoutees dans la pile: 7
Nombre de Tile traversees: 7716  Distance est: 616
Nombre de Tile ajoutees dans la pile: 7
Nombre de Tile traversees: 7717  Distance est: 616
Nombre de Tile ajoutees dans la pile: 7
Nombre de Tile traversees: 7718  Distance est: 617
Nombre de Tile ajoutees dans la pile: 7
Nombre de Tile traversees: 7719  Distance est: 617
Nombre de Tile ajoutees dans la pile: 7
Nombre de Tile traversees: 7720  Distance est: 617
Nombre de Tile ajoutees dans la pile: 6
Nombre de Tile traversees: 7721  Distance est: 617
Nombre de Tile ajoutees dans la pile: 6
Nombre de Tile traversees: 7722  Distance est: 617
Nombre de Tile ajoutees dans la pile: 6
Nombre de Tile traversees: 7723  Distance est: 617
Nombre de Tile ajoutees dans la pile: 6
Nombre de Tile traversees: 7724  Distance est: 617
Nombre de Tile ajoutees dans la pile: 6
Nombre de Tile traversees: 7725  Distance est: 618
Nombre de Tile ajoutees dans la pile: 6
Nombre de Tile traversees: 7726  Distance est: 618
Nombre de Tile ajoutees dans la pile: 6
Nombre de Tile traversees: 7727  Distance est: 618
Nombre de Tile ajoutees dans la pile: 6
Nombre de Tile traversees: 7728  Distance est: 618
Nombre de Tile ajoutees dans la pile: 7
Nombre de Tile traversees: 7729  Distance est: 618
Nombre de Tile ajoutees dans la pile: 7
Nombre de Tile traversees: 7730  Distance est: 618
Nombre de Tile ajoutees dans la pile: 7
Nombre de Tile traversees: 7731  Distance est: 619
Nombre de Tile ajoutees dans la pile: 7
Nombre de Tile traversees: 7732  Distance est: 619
Nombre de Tile ajoutees dans la pile: 7
Nombre de Tile traversees: 7733  Distance est: 619
Nombre de Tile ajoutees dans la pile: 7
Nombre de Tile traversees: 7734  Distance est: 619
Nombre de Tile ajoutees dans la pile: 8
Nombre de Tile traversees: 7735  Distance est: 619
Nombre de Tile ajoutees dans la pile: 8
Nombre de Tile traversees: 7736  Distance est: 619
Nombre de Tile ajoutees dans la pile: 8
Nombre de Tile traversees: 7737  Distance est: 619
Nombre de Tile ajoutees dans la pile: 8
Nombre de Tile traversees: 7738  Distance est: 620
Nombre de Tile ajoutees dans la pile: 8
Nombre de Tile traversees: 7739  Distance est: 620
Nombre de Tile ajoutees dans la pile: 9
Nombre de Tile traversees: 7740  Distance est: 620
Nombre de Tile ajoutees dans la pile: 9
Nombre de Tile traversees: 7741  Distance est: 620
Nombre de Tile ajoutees dans la pile: 10
Nombre de Tile traversees: 7742  Distance est: 620
Nombre de Tile ajoutees dans la pile: 9
Nombre de Tile traversees: 7743  Distance est: 620
Nombre de Tile ajoutees dans la pile: 9
Nombre de Tile traversees: 7744  Distance est: 620
Nombre de Tile ajoutees dans la pile: 9
Nombre de Tile traversees: 7745  Distance est: 620
Nombre de Tile ajoutees dans la pile: 9
Nombre de Tile traversees: 7746  Distance est: 621
Nombre de Tile ajoutees dans la pile: 9
Nombre de Tile traversees: 7747  Distance est: 621
Nombre de Tile ajoutees dans la pile: 10
Nombre de Tile traversees: 7748  Distance est: 621
Nombre de Tile ajoutees dans la pile: 9
Nombre de Tile traversees: 7749  Distance est: 621
Nombre de Tile ajoutees dans la pile: 9
Nombre de Tile traversees: 7750  Distance est: 621
Nombre de Tile ajoutees dans la pile: 9
Nombre de Tile traversees: 7751  Distance est: 621
Nombre de Tile ajoutees dans la pile: 8
Nombre de Tile traversees: 7752  Distance est: 621
Nombre de Tile ajoutees dans la pile: 7
Nombre de Tile traversees: 7753  Distance est: 621
Nombre de Tile ajoutees dans la pile: 7
Nombre de Tile traversees: 7754  Distance est: 621
Nombre de Tile ajoutees dans la pile: 7
Nombre de Tile traversees: 7755  Distance est: 622
Nombre de Tile ajoutees dans la pile: 7
Nombre de Tile traversees: 7756  Distance est: 622
Nombre de Tile ajoutees dans la pile: 8
Nombre de Tile traversees: 7757  Distance est: 622
Nombre de Tile ajoutees dans la pile: 7
Nombre de Tile traversees: 7758  Distance est: 622
Nombre de Tile ajoutees dans la pile: 7
Nombre de Tile traversees: 7759  Distance est: 622
Nombre de Tile ajoutees dans la pile: 7
Nombre de Tile traversees: 7760  Distance est: 622
Nombre de Tile ajoutees dans la pile: 7
Nombre de Tile traversees: 7761  Distance est: 622
Nombre de Tile ajoutees dans la pile: 7
Nombre de Tile traversees: 7762  Distance est: 623
Nombre de Tile ajoutees dans la pile: 7
Nombre de Tile traversees: 7763  Distance est: 623
Nombre de Tile ajoutees dans la pile: 6
Nombre de Tile traversees: 7764  Distance est: 623
Nombre de Tile ajoutees dans la pile: 5
Nombre de Tile traversees: 7765  Distance est: 623
Nombre de Tile ajoutees dans la pile: 6
Nombre de Tile traversees: 7766  Distance est: 623
Nombre de Tile ajoutees dans la pile: 6
Nombre de Tile traversees: 7767  Distance est: 623
Nombre de Tile ajoutees dans la pile: 6
Nombre de Tile traversees: 7768  Distance est: 623
Nombre de Tile ajoutees dans la pile: 6
Nombre de Tile traversees: 7769  Distance est: 624
Nombre de Tile ajoutees dans la pile: 6
Nombre de Tile traversees: 7770  Distance est: 624
Nombre de Tile ajoutees dans la pile: 6
Nombre de Tile traversees: 7771  Distance est: 624
Nombre de Tile ajoutees dans la pile: 6
Nombre de Tile traversees: 7772  Distance est: 624
Nombre de Tile ajoutees dans la pile: 6
Nombre de Tile traversees: 7773  Distance est: 624
Nombre de Tile ajoutees dans la pile: 6
Nombre de Tile traversees: 7774  Distance est: 624
Nombre de Tile ajoutees dans la pile: 6
Nombre de Tile traversees: 7775  Distance est: 625
Nombre de Tile ajoutees dans la pile: 6
Nombre de Tile traversees: 7776  Distance est: 625
Nombre de Tile ajoutees dans la pile: 5
Nombre de Tile traversees: 7777  Distance est: 625
Nombre de Tile ajoutees dans la pile: 5
Nombre de Tile traversees: 7778  Distance est: 625
Nombre de Tile ajoutees dans la pile: 6
Nombre de Tile traversees: 7779  Distance est: 625
Nombre de Tile ajoutees dans la pile: 7
Nombre de Tile traversees: 7780  Distance est: 625
Nombre de Tile ajoutees dans la pile: 7
Nombre de Tile traversees: 7781  Distance est: 626
Nombre de Tile ajoutees dans la pile: 7
Nombre de Tile traversees: 7782  Distance est: 626
Nombre de Tile ajoutees dans la pile: 8
Nombre de Tile traversees: 7783  Distance est: 626
Nombre de Tile ajoutees dans la pile: 8
Nombre de Tile traversees: 7784  Distance est: 626
Nombre de Tile ajoutees dans la pile: 8
Nombre de Tile traversees: 7785  Distance est: 626
Nombre de Tile ajoutees dans la pile: 8
Nombre de Tile traversees: 7786  Distance est: 626
Nombre de Tile ajoutees dans la pile: 8
Nombre de Tile traversees: 7787  Distance est: 626
Nombre de Tile ajoutees dans la pile: 8
Nombre de Tile traversees: 7788  Distance est: 627
Nombre de Tile ajoutees dans la pile: 9
Nombre de Tile traversees: 7789  Distance est: 627
Nombre de Tile ajoutees dans la pile: 10
Nombre de Tile traversees: 7790  Distance est: 627
Nombre de Tile ajoutees dans la pile: 9
Nombre de Tile traversees: 7791  Distance est: 627
Nombre de Tile ajoutees dans la pile: 9
Nombre de Tile traversees: 7792  Distance est: 627
Nombre de Tile ajoutees dans la pile: 10
Nombre de Tile traversees: 7793  Distance est: 627
Nombre de Tile ajoutees dans la pile: 10
Nombre de Tile traversees: 7794  Distance est: 627
Nombre de Tile ajoutees dans la pile: 10
Nombre de Tile traversees: 7795  Distance est: 627
Nombre de Tile ajoutees dans la pile: 10
Nombre de Tile traversees: 7796  Distance est: 627
Nombre de Tile ajoutees dans la pile: 11
Nombre de Tile traversees: 7797  Distance est: 628
Nombre de Tile ajoutees dans la pile: 10
Nombre de Tile traversees: 7798  Distance est: 628
Nombre de Tile ajoutees dans la pile: 11
Nombre de Tile traversees: 7799  Distance est: 628
Nombre de Tile ajoutees dans la pile: 10
Nombre de Tile traversees: 7800  Distance est: 628
Nombre de Tile ajoutees dans la pile: 10
Nombre de Tile traversees: 7801  Distance est: 628
Nombre de Tile ajoutees dans la pile: 10
Nombre de Tile traversees: 7802  Distance est: 628
Nombre de Tile ajoutees dans la pile: 11
Nombre de Tile traversees: 7803  Distance est: 628
Nombre de Tile ajoutees dans la pile: 11
Nombre de Tile traversees: 7804  Distance est: 628
Nombre de Tile ajoutees dans la pile: 11
Nombre de Tile traversees: 7805  Distance est: 628
Nombre de Tile ajoutees dans la pile: 11
Nombre de Tile traversees: 7806  Distance est: 628
Nombre de Tile ajoutees dans la pile: 12
Nombre de Tile traversees: 7807  Distance est: 629
Nombre de Tile ajoutees dans la pile: 11
Nombre de Tile traversees: 7808  Distance est: 629
Nombre de Tile ajoutees dans la pile: 11
Nombre de Tile traversees: 7809  Distance est: 629
Nombre de Tile ajoutees dans la pile: 10
Nombre de Tile traversees: 7810  Distance est: 629
Nombre de Tile ajoutees dans la pile: 10
Nombre de Tile traversees: 7811  Distance est: 629
Nombre de Tile ajoutees dans la pile: 9
Nombre de Tile traversees: 7812  Distance est: 629
Nombre de Tile ajoutees dans la pile: 10
Nombre de Tile traversees: 7813  Distance est: 629
Nombre de Tile ajoutees dans la pile: 9
Nombre de Tile traversees: 7814  Distance est: 629
Nombre de Tile ajoutees dans la pile: 9
Nombre de Tile traversees: 7815  Distance est: 629
Nombre de Tile ajoutees dans la pile: 9
Nombre de Tile traversees: 7816  Distance est: 629
Nombre de Tile ajoutees dans la pile: 9
Nombre de Tile traversees: 7817  Distance est: 629
Nombre de Tile ajoutees dans la pile: 9
Nombre de Tile traversees: 7818  Distance est: 630
Nombre de Tile ajoutees dans la pile: 8
Nombre de Tile traversees: 7819  Distance est: 630
Nombre de Tile ajoutees dans la pile: 8
Nombre de Tile traversees: 7820  Distance est: 630
Nombre de Tile ajoutees dans la pile: 8
Nombre de Tile traversees: 7821  Distance est: 630
Nombre de Tile ajoutees dans la pile: 9
Nombre de Tile traversees: 7822  Distance est: 630
Nombre de Tile ajoutees dans la pile: 8
Nombre de Tile traversees: 7823  Distance est: 630
Nombre de Tile ajoutees dans la pile: 8
Nombre de Tile traversees: 7824  Distance est: 630
Nombre de Tile ajoutees dans la pile: 8
Nombre de Tile traversees: 7825  Distance est: 630
Nombre de Tile ajoutees dans la pile: 8
Nombre de Tile traversees: 7826  Distance est: 631
Nombre de Tile ajoutees dans la pile: 8
Nombre de Tile traversees: 7827  Distance est: 631
Nombre de Tile ajoutees dans la pile: 8
Nombre de Tile traversees: 7828  Distance est: 631
Nombre de Tile ajoutees dans la pile: 9
Nombre de Tile traversees: 7829  Distance est: 631
Nombre de Tile ajoutees dans la pile: 8
Nombre de Tile traversees: 7830  Distance est: 631
Nombre de Tile ajoutees dans la pile: 7
Nombre de Tile traversees: 7831  Distance est: 631
Nombre de Tile ajoutees dans la pile: 7
Nombre de Tile traversees: 7832  Distance est: 631
Nombre de Tile ajoutees dans la pile: 7
Nombre de Tile traversees: 7833  Distance est: 631
Nombre de Tile ajoutees dans la pile: 7
Nombre de Tile traversees: 7834  Distance est: 632
Nombre de Tile ajoutees dans la pile: 7
Nombre de Tile traversees: 7835  Distance est: 632
Nombre de Tile ajoutees dans la pile: 7
Nombre de Tile traversees: 7836  Distance est: 632
Nombre de Tile ajoutees dans la pile: 7
Nombre de Tile traversees: 7837  Distance est: 632
Nombre de Tile ajoutees dans la pile: 7
Nombre de Tile traversees: 7838  Distance est: 632
Nombre de Tile ajoutees dans la pile: 7
Nombre de Tile traversees: 7839  Distance est: 632
Nombre de Tile ajoutees dans la pile: 7
Nombre de Tile traversees: 7840  Distance est: 632
Nombre de Tile ajoutees dans la pile: 7
Nombre de Tile traversees: 7841  Distance est: 633
Nombre de Tile ajoutees dans la pile: 7
Nombre de Tile traversees: 7842  Distance est: 633
Nombre de Tile ajoutees dans la pile: 7
Nombre de Tile traversees: 7843  Distance est: 633
Nombre de Tile ajoutees dans la pile: 7
Nombre de Tile traversees: 7844  Distance est: 633
Nombre de Tile ajoutees dans la pile: 8
Nombre de Tile traversees: 7845  Distance est: 633
Nombre de Tile ajoutees dans la pile: 8
Nombre de Tile traversees: 7846  Distance est: 633
Nombre de Tile ajoutees dans la pile: 9
Nombre de Tile traversees: 7847  Distance est: 633
Nombre de Tile ajoutees dans la pile: 10
Nombre de Tile traversees: 7848  Distance est: 634
Nombre de Tile ajoutees dans la pile: 11
Nombre de Tile traversees: 7849  Distance est: 634
Nombre de Tile ajoutees dans la pile: 11
Nombre de Tile traversees: 7850  Distance est: 634
Nombre de Tile ajoutees dans la pile: 11
Nombre de Tile traversees: 7851  Distance est: 634
Nombre de Tile ajoutees dans la pile: 11
Nombre de Tile traversees: 7852  Distance est: 634
Nombre de Tile ajoutees dans la pile: 11
Nombre de Tile traversees: 7853  Distance est: 634
Nombre de Tile ajoutees dans la pile: 12
Nombre de Tile traversees: 7854  Distance est: 634
Nombre de Tile ajoutees dans la pile: 12
Nombre de Tile traversees: 7855  Distance est: 634
Nombre de Tile ajoutees dans la pile: 12
Nombre de Tile traversees: 7856  Distance est: 634
Nombre de Tile ajoutees dans la pile: 12
Nombre de Tile traversees: 7857  Distance est: 634
Nombre de Tile ajoutees dans la pile: 12
Nombre de Tile traversees: 7858  Distance est: 634
Nombre de Tile ajoutees dans la pile: 12
Nombre de Tile traversees: 7859  Distance est: 635
Nombre de Tile ajoutees dans la pile: 12
Nombre de Tile traversees: 7860  Distance est: 635
Nombre de Tile ajoutees dans la pile: 12
Nombre de Tile traversees: 7861  Distance est: 635
Nombre de Tile ajoutees dans la pile: 12
Nombre de Tile traversees: 7862  Distance est: 635
Nombre de Tile ajoutees dans la pile: 12
Nombre de Tile traversees: 7863  Distance est: 635
Nombre de Tile ajoutees dans la pile: 12
Nombre de Tile traversees: 7864  Distance est: 635
Nombre de Tile ajoutees dans la pile: 13
Nombre de Tile traversees: 7865  Distance est: 635
Nombre de Tile ajoutees dans la pile: 12
Nombre de Tile traversees: 7866  Distance est: 635
Nombre de Tile ajoutees dans la pile: 12
Nombre de Tile traversees: 7867  Distance est: 635
Nombre de Tile ajoutees dans la pile: 12
Nombre de Tile traversees: 7868  Distance est: 635
Nombre de Tile ajoutees dans la pile: 13
Nombre de Tile traversees: 7869  Distance est: 635
Nombre de Tile ajoutees dans la pile: 12
Nombre de Tile traversees: 7870  Distance est: 635
Nombre de Tile ajoutees dans la pile: 12
Nombre de Tile traversees: 7871  Distance est: 636
Nombre de Tile ajoutees dans la pile: 11
Nombre de Tile traversees: 7872  Distance est: 636
Nombre de Tile ajoutees dans la pile: 11
Nombre de Tile traversees: 7873  Distance est: 636
Nombre de Tile ajoutees dans la pile: 11
Nombre de Tile traversees: 7874  Distance est: 636
Nombre de Tile ajoutees dans la pile: 11
Nombre de Tile traversees: 7875  Distance est: 636
Nombre de Tile ajoutees dans la pile: 11
Nombre de Tile traversees: 7876  Distance est: 636
Nombre de Tile ajoutees dans la pile: 12
Nombre de Tile traversees: 7877  Distance est: 636
Nombre de Tile ajoutees dans la pile: 11
Nombre de Tile traversees: 7878  Distance est: 636
Nombre de Tile ajoutees dans la pile: 11
Nombre de Tile traversees: 7879  Distance est: 636
Nombre de Tile ajoutees dans la pile: 11
Nombre de Tile traversees: 7880  Distance est: 636
Nombre de Tile ajoutees dans la pile: 11
Nombre de Tile traversees: 7881  Distance est: 636
Nombre de Tile ajoutees dans la pile: 11
Nombre de Tile traversees: 7882  Distance est: 637
Nombre de Tile ajoutees dans la pile: 11
Nombre de Tile traversees: 7883  Distance est: 637
Nombre de Tile ajoutees dans la pile: 12
Nombre de Tile traversees: 7884  Distance est: 637
Nombre de Tile ajoutees dans la pile: 12
Nombre de Tile traversees: 7885  Distance est: 637
Nombre de Tile ajoutees dans la pile: 13
Nombre de Tile traversees: 7886  Distance est: 637
Nombre de Tile ajoutees dans la pile: 12
Nombre de Tile traversees: 7887  Distance est: 637
Nombre de Tile ajoutees dans la pile: 12
Nombre de Tile traversees: 7888  Distance est: 637
Nombre de Tile ajoutees dans la pile: 11
Nombre de Tile traversees: 7889  Distance est: 637
Nombre de Tile ajoutees dans la pile: 11
Nombre de Tile traversees: 7890  Distance est: 637
Nombre de Tile ajoutees dans la pile: 11
Nombre de Tile traversees: 7891  Distance est: 637
Nombre de Tile ajoutees dans la pile: 11
Nombre de Tile traversees: 7892  Distance est: 637
Nombre de Tile ajoutees dans la pile: 11
Nombre de Tile traversees: 7893  Distance est: 638
Nombre de Tile ajoutees dans la pile: 12
Nombre de Tile traversees: 7894  Distance est: 638
Nombre de Tile ajoutees dans la pile: 12
Nombre de Tile traversees: 7895  Distance est: 638
Nombre de Tile ajoutees dans la pile: 12
Nombre de Tile traversees: 7896  Distance est: 638
Nombre de Tile ajoutees dans la pile: 12
Nombre de Tile traversees: 7897  Distance est: 638
Nombre de Tile ajoutees dans la pile: 12
Nombre de Tile traversees: 7898  Distance est: 638
Nombre de Tile ajoutees dans la pile: 12
Nombre de Tile traversees: 7899  Distance est: 638
Nombre de Tile ajoutees dans la pile: 12
Nombre de Tile traversees: 7900  Distance est: 638
Nombre de Tile ajoutees dans la pile: 12
Nombre de Tile traversees: 7901  Distance est: 638
Nombre de Tile ajoutees dans la pile: 12
Nombre de Tile traversees: 7902  Distance est: 638
Nombre de Tile ajoutees dans la pile: 12
Nombre de Tile traversees: 7903  Distance est: 638
Nombre de Tile ajoutees dans la pile: 12
Nombre de Tile traversees: 7904  Distance est: 638
Nombre de Tile ajoutees dans la pile: 12
Nombre de Tile traversees: 7905  Distance est: 639
Nombre de Tile ajoutees dans la pile: 12
Nombre de Tile traversees: 7906  Distance est: 639
Nombre de Tile ajoutees dans la pile: 12
Nombre de Tile traversees: 7907  Distance est: 639
Nombre de Tile ajoutees dans la pile: 11
Nombre de Tile traversees: 7908  Distance est: 639
Nombre de Tile ajoutees dans la pile: 12
Nombre de Tile traversees: 7909  Distance est: 639
Nombre de Tile ajoutees dans la pile: 13
Nombre de Tile traversees: 7910  Distance est: 639
Nombre de Tile ajoutees dans la pile: 13
Nombre de Tile traversees: 7911  Distance est: 639
Nombre de Tile ajoutees dans la pile: 13
Nombre de Tile traversees: 7912  Distance est: 639
Nombre de Tile ajoutees dans la pile: 13
Nombre de Tile traversees: 7913  Distance est: 639
Nombre de Tile ajoutees dans la pile: 13
Nombre de Tile traversees: 7914  Distance est: 639
Nombre de Tile ajoutees dans la pile: 14
Nombre de Tile traversees: 7915  Distance est: 639
Nombre de Tile ajoutees dans la pile: 14
Nombre de Tile traversees: 7916  Distance est: 639
Nombre de Tile ajoutees dans la pile: 14
Nombre de Tile traversees: 7917  Distance est: 640
Nombre de Tile ajoutees dans la pile: 14
Nombre de Tile traversees: 7918  Distance est: 640
Nombre de Tile ajoutees dans la pile: 14
Nombre de Tile traversees: 7919  Distance est: 640
Nombre de Tile ajoutees dans la pile: 14
Nombre de Tile traversees: 7920  Distance est: 640
Nombre de Tile ajoutees dans la pile: 14
Nombre de Tile traversees: 7921  Distance est: 640
Nombre de Tile ajoutees dans la pile: 14
Nombre de Tile traversees: 7922  Distance est: 640
Nombre de Tile ajoutees dans la pile: 14
Nombre de Tile traversees: 7923  Distance est: 640
Nombre de Tile ajoutees dans la pile: 14
Nombre de Tile traversees: 7924  Distance est: 640
Nombre de Tile ajoutees dans la pile: 14
Nombre de Tile traversees: 7925  Distance est: 640
Nombre de Tile ajoutees dans la pile: 14
Nombre de Tile traversees: 7926  Distance est: 640
Nombre de Tile ajoutees dans la pile: 14
Nombre de Tile traversees: 7927  Distance est: 640
Nombre de Tile ajoutees dans la pile: 14
Nombre de Tile traversees: 7928  Distance est: 640
Nombre de Tile ajoutees dans la pile: 14
Nombre de Tile traversees: 7929  Distance est: 640
Nombre de Tile ajoutees dans la pile: 15
Nombre de Tile traversees: 7930  Distance est: 640
Nombre de Tile ajoutees dans la pile: 15
Nombre de Tile traversees: 7931  Distance est: 641
Nombre de Tile ajoutees dans la pile: 15
Nombre de Tile traversees: 7932  Distance est: 641
Nombre de Tile ajoutees dans la pile: 15
Nombre de Tile traversees: 7933  Distance est: 641
Nombre de Tile ajoutees dans la pile: 14
Nombre de Tile traversees: 7934  Distance est: 641
Nombre de Tile ajoutees dans la pile: 15
Nombre de Tile traversees: 7935  Distance est: 641
Nombre de Tile ajoutees dans la pile: 15
Nombre de Tile traversees: 7936  Distance est: 641
Nombre de Tile ajoutees dans la pile: 15
Nombre de Tile traversees: 7937  Distance est: 641
Nombre de Tile ajoutees dans la pile: 15
Nombre de Tile traversees: 7938  Distance est: 641
Nombre de Tile ajoutees dans la pile: 15
Nombre de Tile traversees: 7939  Distance est: 641
Nombre de Tile ajoutees dans la pile: 15
Nombre de Tile traversees: 7940  Distance est: 641
Nombre de Tile ajoutees dans la pile: 15
Nombre de Tile traversees: 7941  Distance est: 641
Nombre de Tile ajoutees dans la pile: 15
Nombre de Tile traversees: 7942  Distance est: 641
Nombre de Tile ajoutees dans la pile: 15
Nombre de Tile traversees: 7943  Distance est: 641
Nombre de Tile ajoutees dans la pile: 16
Nombre de Tile traversees: 7944  Distance est: 641
Nombre de Tile ajoutees dans la pile: 15
Nombre de Tile traversees: 7945  Distance est: 641
Nombre de Tile ajoutees dans la pile: 15
Nombre de Tile traversees: 7946  Distance est: 642
Nombre de Tile ajoutees dans la pile: 15
Nombre de Tile traversees: 7947  Distance est: 642
Nombre de Tile ajoutees dans la pile: 15
Nombre de Tile traversees: 7948  Distance est: 642
Nombre de Tile ajoutees dans la pile: 15
Nombre de Tile traversees: 7949  Distance est: 642
Nombre de Tile ajoutees dans la pile: 15
Nombre de Tile traversees: 7950  Distance est: 642
Nombre de Tile ajoutees dans la pile: 15
Nombre de Tile traversees: 7951  Distance est: 642
Nombre de Tile ajoutees dans la pile: 15
Nombre de Tile traversees: 7952  Distance est: 642
Nombre de Tile ajoutees dans la pile: 15
Nombre de Tile traversees: 7953  Distance est: 642
Nombre de Tile ajoutees dans la pile: 15
Nombre de Tile traversees: 7954  Distance est: 642
Nombre de Tile ajoutees dans la pile: 15
Nombre de Tile traversees: 7955  Distance est: 642
Nombre de Tile ajoutees dans la pile: 15
Nombre de Tile traversees: 7956  Distance est: 642
Nombre de Tile ajoutees dans la pile: 15
Nombre de Tile traversees: 7957  Distance est: 642
Nombre de Tile ajoutees dans la pile: 15
Nombre de Tile traversees: 7958  Distance est: 642
Nombre de Tile ajoutees dans la pile: 16
Nombre de Tile traversees: 7959  Distance est: 642
Nombre de Tile ajoutees dans la pile: 15
Nombre de Tile traversees: 7960  Distance est: 642
Nombre de Tile ajoutees dans la pile: 15
Nombre de Tile traversees: 7961  Distance est: 643
Nombre de Tile ajoutees dans la pile: 15
Nombre de Tile traversees: 7962  Distance est: 643
Nombre de Tile ajoutees dans la pile: 15
Nombre de Tile traversees: 7963  Distance est: 643
Nombre de Tile ajoutees dans la pile: 15
Nombre de Tile traversees: 7964  Distance est: 643
Nombre de Tile ajoutees dans la pile: 15
Nombre de Tile traversees: 7965  Distance est: 643
Nombre de Tile ajoutees dans la pile: 14
Nombre de Tile traversees: 7966  Distance est: 643
Nombre de Tile ajoutees dans la pile: 13
Nombre de Tile traversees: 7967  Distance est: 643
Nombre de Tile ajoutees dans la pile: 13
Nombre de Tile traversees: 7968  Distance est: 643
Nombre de Tile ajoutees dans la pile: 13
Nombre de Tile traversees: 7969  Distance est: 643
Nombre de Tile ajoutees dans la pile: 13
Nombre de Tile traversees: 7970  Distance est: 643
Nombre de Tile ajoutees dans la pile: 13
Nombre de Tile traversees: 7971  Distance est: 643
Nombre de Tile ajoutees dans la pile: 13
Nombre de Tile traversees: 7972  Distance est: 643
Nombre de Tile ajoutees dans la pile: 13
Nombre de Tile traversees: 7973  Distance est: 643
Nombre de Tile ajoutees dans la pile: 13
Nombre de Tile traversees: 7974  Distance est: 643
Nombre de Tile ajoutees dans la pile: 12
Nombre de Tile traversees: 7975  Distance est: 643
Nombre de Tile ajoutees dans la pile: 12
Nombre de Tile traversees: 7976  Distance est: 644
Nombre de Tile ajoutees dans la pile: 12
Nombre de Tile traversees: 7977  Distance est: 644
Nombre de Tile ajoutees dans la pile: 12
Nombre de Tile traversees: 7978  Distance est: 644
Nombre de Tile ajoutees dans la pile: 12
Nombre de Tile traversees: 7979  Distance est: 644
Nombre de Tile ajoutees dans la pile: 12
Nombre de Tile traversees: 7980  Distance est: 644
Nombre de Tile ajoutees dans la pile: 12
Nombre de Tile traversees: 7981  Distance est: 644
Nombre de Tile ajoutees dans la pile: 12
Nombre de Tile traversees: 7982  Distance est: 644
Nombre de Tile ajoutees dans la pile: 12
Nombre de Tile traversees: 7983  Distance est: 644
Nombre de Tile ajoutees dans la pile: 13
Nombre de Tile traversees: 7984  Distance est: 644
Nombre de Tile ajoutees dans la pile: 13
Nombre de Tile traversees: 7985  Distance est: 644
Nombre de Tile ajoutees dans la pile: 13
Nombre de Tile traversees: 7986  Distance est: 644
Nombre de Tile ajoutees dans la pile: 13
Nombre de Tile traversees: 7987  Distance est: 644
Nombre de Tile ajoutees dans la pile: 13
Nombre de Tile traversees: 7988  Distance est: 645
Nombre de Tile ajoutees dans la pile: 13
Nombre de Tile traversees: 7989  Distance est: 645
Nombre de Tile ajoutees dans la pile: 13
Nombre de Tile traversees: 7990  Distance est: 645
Nombre de Tile ajoutees dans la pile: 13
Nombre de Tile traversees: 7991  Distance est: 645
Nombre de Tile ajoutees dans la pile: 13
Nombre de Tile traversees: 7992  Distance est: 645
Nombre de Tile ajoutees dans la pile: 13
Nombre de Tile traversees: 7993  Distance est: 645
Nombre de Tile ajoutees dans la pile: 13
Nombre de Tile traversees: 7994  Distance est: 645
Nombre de Tile ajoutees dans la pile: 13
Nombre de Tile traversees: 7995  Distance est: 645
Nombre de Tile ajoutees dans la pile: 14
Nombre de Tile traversees: 7996  Distance est: 645
Nombre de Tile ajoutees dans la pile: 13
Nombre de Tile traversees: 7997  Distance est: 645
Nombre de Tile ajoutees dans la pile: 13
Nombre de Tile traversees: 7998  Distance est: 645
Nombre de Tile ajoutees dans la pile: 13
Nombre de Tile traversees: 7999  Distance est: 645
Nombre de Tile ajoutees dans la pile: 13
Nombre de Tile traversees: 8000  Distance est: 645
Nombre de Tile ajoutees dans la pile: 13
Nombre de Tile traversees: 8001  Distance est: 646
Nombre de Tile ajoutees dans la pile: 13
Nombre de Tile traversees: 8002  Distance est: 646
Nombre de Tile ajoutees dans la pile: 13
Nombre de Tile traversees: 8003  Distance est: 646
Nombre de Tile ajoutees dans la pile: 13
Nombre de Tile traversees: 8004  Distance est: 646
Nombre de Tile ajoutees dans la pile: 13
Nombre de Tile traversees: 8005  Distance est: 646
Nombre de Tile ajoutees dans la pile: 13
Nombre de Tile traversees: 8006  Distance est: 646
Nombre de Tile ajoutees dans la pile: 13
Nombre de Tile traversees: 8007  Distance est: 646
Nombre de Tile ajoutees dans la pile: 13
Nombre de Tile traversees: 8008  Distance est: 646
Nombre de Tile ajoutees dans la pile: 14
Nombre de Tile traversees: 8009  Distance est: 646
Nombre de Tile ajoutees dans la pile: 13
Nombre de Tile traversees: 8010  Distance est: 646
Nombre de Tile ajoutees dans la pile: 13
Nombre de Tile traversees: 8011  Distance est: 646
Nombre de Tile ajoutees dans la pile: 13
Nombre de Tile traversees: 8012  Distance est: 646
Nombre de Tile ajoutees dans la pile: 13
Nombre de Tile traversees: 8013  Distance est: 646
Nombre de Tile ajoutees dans la pile: 13
Nombre de Tile traversees: 8014  Distance est: 647
Nombre de Tile ajoutees dans la pile: 13
Nombre de Tile traversees: 8015  Distance est: 647
Nombre de Tile ajoutees dans la pile: 12
Nombre de Tile traversees: 8016  Distance est: 647
Nombre de Tile ajoutees dans la pile: 12
Nombre de Tile traversees: 8017  Distance est: 647
Nombre de Tile ajoutees dans la pile: 13
Nombre de Tile traversees: 8018  Distance est: 647
Nombre de Tile ajoutees dans la pile: 13
Nombre de Tile traversees: 8019  Distance est: 647
Nombre de Tile ajoutees dans la pile: 13
Nombre de Tile traversees: 8020  Distance est: 647
Nombre de Tile ajoutees dans la pile: 13
Nombre de Tile traversees: 8021  Distance est: 647
Nombre de Tile ajoutees dans la pile: 13
Nombre de Tile traversees: 8022  Distance est: 647
Nombre de Tile ajoutees dans la pile: 13
Nombre de Tile traversees: 8023  Distance est: 647
Nombre de Tile ajoutees dans la pile: 13
Nombre de Tile traversees: 8024  Distance est: 647
Nombre de Tile ajoutees dans la pile: 13
Nombre de Tile traversees: 8025  Distance est: 647
Nombre de Tile ajoutees dans la pile: 12
Nombre de Tile traversees: 8026  Distance est: 647
Nombre de Tile ajoutees dans la pile: 13
Nombre de Tile traversees: 8027  Distance est: 648
Nombre de Tile ajoutees dans la pile: 13
Nombre de Tile traversees: 8028  Distance est: 648
Nombre de Tile ajoutees dans la pile: 13
Nombre de Tile traversees: 8029  Distance est: 648
Nombre de Tile ajoutees dans la pile: 13
Nombre de Tile traversees: 8030  Distance est: 648
Nombre de Tile ajoutees dans la pile: 13
Nombre de Tile traversees: 8031  Distance est: 648
Nombre de Tile ajoutees dans la pile: 13
Nombre de Tile traversees: 8032  Distance est: 648
Nombre de Tile ajoutees dans la pile: 13
Nombre de Tile traversees: 8033  Distance est: 648
Nombre de Tile ajoutees dans la pile: 13
Nombre de Tile traversees: 8034  Distance est: 648
Nombre de Tile ajoutees dans la pile: 13
Nombre de Tile traversees: 8035  Distance est: 648
Nombre de Tile ajoutees dans la pile: 13
Nombre de Tile traversees: 8036  Distance est: 648
Nombre de Tile ajoutees dans la pile: 13
Nombre de Tile traversees: 8037  Distance est: 648
Nombre de Tile ajoutees dans la pile: 13
Nombre de Tile traversees: 8038  Distance est: 648
Nombre de Tile ajoutees dans la pile: 13
Nombre de Tile traversees: 8039  Distance est: 648
Nombre de Tile ajoutees dans la pile: 13
Nombre de Tile traversees: 8040  Distance est: 649
Nombre de Tile ajoutees dans la pile: 13
Nombre de Tile traversees: 8041  Distance est: 649
Nombre de Tile ajoutees dans la pile: 13
Nombre de Tile traversees: 8042  Distance est: 649
Nombre de Tile ajoutees dans la pile: 13
Nombre de Tile traversees: 8043  Distance est: 649
Nombre de Tile ajoutees dans la pile: 13
Nombre de Tile traversees: 8044  Distance est: 649
Nombre de Tile ajoutees dans la pile: 14
Nombre de Tile traversees: 8045  Distance est: 649
Nombre de Tile ajoutees dans la pile: 13
Nombre de Tile traversees: 8046  Distance est: 649
Nombre de Tile ajoutees dans la pile: 13
Nombre de Tile traversees: 8047  Distance est: 649
Nombre de Tile ajoutees dans la pile: 13
Nombre de Tile traversees: 8048  Distance est: 649
Nombre de Tile ajoutees dans la pile: 13
Nombre de Tile traversees: 8049  Distance est: 649
Nombre de Tile ajoutees dans la pile: 13
Nombre de Tile traversees: 8050  Distance est: 649
Nombre de Tile ajoutees dans la pile: 13
Nombre de Tile traversees: 8051  Distance est: 649
Nombre de Tile ajoutees dans la pile: 13
Nombre de Tile traversees: 8052  Distance est: 649
Nombre de Tile ajoutees dans la pile: 13
Nombre de Tile traversees: 8053  Distance est: 650
Nombre de Tile ajoutees dans la pile: 13
Nombre de Tile traversees: 8054  Distance est: 650
Nombre de Tile ajoutees dans la pile: 13
Nombre de Tile traversees: 8055  Distance est: 650
Nombre de Tile ajoutees dans la pile: 13
Nombre de Tile traversees: 8056  Distance est: 650
Nombre de Tile ajoutees dans la pile: 13
Nombre de Tile traversees: 8057  Distance est: 650
Nombre de Tile ajoutees dans la pile: 13
Nombre de Tile traversees: 8058  Distance est: 650
Nombre de Tile ajoutees dans la pile: 13
Nombre de Tile traversees: 8059  Distance est: 650
Nombre de Tile ajoutees dans la pile: 13
Nombre de Tile traversees: 8060  Distance est: 650
Nombre de Tile ajoutees dans la pile: 13
Nombre de Tile traversees: 8061  Distance est: 650
Nombre de Tile ajoutees dans la pile: 13
Nombre de Tile traversees: 8062  Distance est: 650
Nombre de Tile ajoutees dans la pile: 13
Nombre de Tile traversees: 8063  Distance est: 650
Nombre de Tile ajoutees dans la pile: 13
Nombre de Tile traversees: 8064  Distance est: 650
Nombre de Tile ajoutees dans la pile: 13
Nombre de Tile traversees: 8065  Distance est: 650
Nombre de Tile ajoutees dans la pile: 14
Nombre de Tile traversees: 8066  Distance est: 651
Nombre de Tile ajoutees dans la pile: 14
Nombre de Tile traversees: 8067  Distance est: 651
Nombre de Tile ajoutees dans la pile: 14
Nombre de Tile traversees: 8068  Distance est: 651
Nombre de Tile ajoutees dans la pile: 13
Nombre de Tile traversees: 8069  Distance est: 651
Nombre de Tile ajoutees dans la pile: 13
Nombre de Tile traversees: 8070  Distance est: 651
Nombre de Tile ajoutees dans la pile: 13
Nombre de Tile traversees: 8071  Distance est: 651
Nombre de Tile ajoutees dans la pile: 13
Nombre de Tile traversees: 8072  Distance est: 651
Nombre de Tile ajoutees dans la pile: 13
Nombre de Tile traversees: 8073  Distance est: 651
Nombre de Tile ajoutees dans la pile: 13
Nombre de Tile traversees: 8074  Distance est: 651
Nombre de Tile ajoutees dans la pile: 13
Nombre de Tile traversees: 8075  Distance est: 651
Nombre de Tile ajoutees dans la pile: 13
Nombre de Tile traversees: 8076  Distance est: 651
Nombre de Tile ajoutees dans la pile: 13
Nombre de Tile traversees: 8077  Distance est: 651
Nombre de Tile ajoutees dans la pile: 13
Nombre de Tile traversees: 8078  Distance est: 651
Nombre de Tile ajoutees dans la pile: 14
Nombre de Tile traversees: 8079  Distance est: 651
Nombre de Tile ajoutees dans la pile: 13
Nombre de Tile traversees: 8080  Distance est: 652
Nombre de Tile ajoutees dans la pile: 13
Nombre de Tile traversees: 8081  Distance est: 652
Nombre de Tile ajoutees dans la pile: 13
Nombre de Tile traversees: 8082  Distance est: 652
Nombre de Tile ajoutees dans la pile: 13
Nombre de Tile traversees: 8083  Distance est: 652
Nombre de Tile ajoutees dans la pile: 13
Nombre de Tile traversees: 8084  Distance est: 652
Nombre de Tile ajoutees dans la pile: 13
Nombre de Tile traversees: 8085  Distance est: 652
Nombre de Tile ajoutees dans la pile: 13
Nombre de Tile traversees: 8086  Distance est: 652
Nombre de Tile ajoutees dans la pile: 13
Nombre de Tile traversees: 8087  Distance est: 652
Nombre de Tile ajoutees dans la pile: 13
Nombre de Tile traversees: 8088  Distance est: 652
Nombre de Tile ajoutees dans la pile: 13
Nombre de Tile traversees: 8089  Distance est: 652
Nombre de Tile ajoutees dans la pile: 13
Nombre de Tile traversees: 8090  Distance est: 652
Nombre de Tile ajoutees dans la pile: 13
Nombre de Tile traversees: 8091  Distance est: 652
Nombre de Tile ajoutees dans la pile: 14
Nombre de Tile traversees: 8092  Distance est: 652
Nombre de Tile ajoutees dans la pile: 13
Nombre de Tile traversees: 8093  Distance est: 653
Nombre de Tile ajoutees dans la pile: 13
Nombre de Tile traversees: 8094  Distance est: 653
Nombre de Tile ajoutees dans la pile: 13
Nombre de Tile traversees: 8095  Distance est: 653
Nombre de Tile ajoutees dans la pile: 13
Nombre de Tile traversees: 8096  Distance est: 653
Nombre de Tile ajoutees dans la pile: 13
Nombre de Tile traversees: 8097  Distance est: 653
Nombre de Tile ajoutees dans la pile: 13
Nombre de Tile traversees: 8098  Distance est: 653
Nombre de Tile ajoutees dans la pile: 12
Nombre de Tile traversees: 8099  Distance est: 653
Nombre de Tile ajoutees dans la pile: 11
Nombre de Tile traversees: 8100  Distance est: 653
Nombre de Tile ajoutees dans la pile: 11
Nombre de Tile traversees: 8101  Distance est: 653
Nombre de Tile ajoutees dans la pile: 11
Nombre de Tile traversees: 8102  Distance est: 653
Nombre de Tile ajoutees dans la pile: 11
Nombre de Tile traversees: 8103  Distance est: 653
Nombre de Tile ajoutees dans la pile: 11
Nombre de Tile traversees: 8104  Distance est: 653
Nombre de Tile ajoutees dans la pile: 11
Nombre de Tile traversees: 8105  Distance est: 653
Nombre de Tile ajoutees dans la pile: 10
Nombre de Tile traversees: 8106  Distance est: 654
Nombre de Tile ajoutees dans la pile: 9
Nombre de Tile traversees: 8107  Distance est: 654
Nombre de Tile ajoutees dans la pile: 9
Nombre de Tile traversees: 8108  Distance est: 654
Nombre de Tile ajoutees dans la pile: 9
Nombre de Tile traversees: 8109  Distance est: 654
Nombre de Tile ajoutees dans la pile: 9
Nombre de Tile traversees: 8110  Distance est: 654
Nombre de Tile ajoutees dans la pile: 9
Nombre de Tile traversees: 8111  Distance est: 654
Nombre de Tile ajoutees dans la pile: 9
Nombre de Tile traversees: 8112  Distance est: 654
Nombre de Tile ajoutees dans la pile: 9
Nombre de Tile traversees: 8113  Distance est: 654
Nombre de Tile ajoutees dans la pile: 9
Nombre de Tile traversees: 8114  Distance est: 654
Nombre de Tile ajoutees dans la pile: 9
Nombre de Tile traversees: 8115  Distance est: 655
Nombre de Tile ajoutees dans la pile: 9
Nombre de Tile traversees: 8116  Distance est: 655
Nombre de Tile ajoutees dans la pile: 9
Nombre de Tile traversees: 8117  Distance est: 655
Nombre de Tile ajoutees dans la pile: 9
Nombre de Tile traversees: 8118  Distance est: 655
Nombre de Tile ajoutees dans la pile: 8
Nombre de Tile traversees: 8119  Distance est: 655
Nombre de Tile ajoutees dans la pile: 8
Nombre de Tile traversees: 8120  Distance est: 655
Nombre de Tile ajoutees dans la pile: 8
Nombre de Tile traversees: 8121  Distance est: 655
Nombre de Tile ajoutees dans la pile: 8
Nombre de Tile traversees: 8122  Distance est: 655
Nombre de Tile ajoutees dans la pile: 9
Nombre de Tile traversees: 8123  Distance est: 655
Nombre de Tile ajoutees dans la pile: 9
Nombre de Tile traversees: 8124  Distance est: 656
Nombre de Tile ajoutees dans la pile: 9
Nombre de Tile traversees: 8125  Distance est: 656
Nombre de Tile ajoutees dans la pile: 9
Nombre de Tile traversees: 8126  Distance est: 656
Nombre de Tile ajoutees dans la pile: 9
Nombre de Tile traversees: 8127  Distance est: 656
Nombre de Tile ajoutees dans la pile: 9
Nombre de Tile traversees: 8128  Distance est: 656
Nombre de Tile ajoutees dans la pile: 9
Nombre de Tile traversees: 8129  Distance est: 656
Nombre de Tile ajoutees dans la pile: 9
Nombre de Tile traversees: 8130  Distance est: 656
Nombre de Tile ajoutees dans la pile: 9
Nombre de Tile traversees: 8131  Distance est: 656
Nombre de Tile ajoutees dans la pile: 9
Nombre de Tile traversees: 8132  Distance est: 656
Nombre de Tile ajoutees dans la pile: 9
Nombre de Tile traversees: 8133  Distance est: 657
Nombre de Tile ajoutees dans la pile: 9
Nombre de Tile traversees: 8134  Distance est: 657
Nombre de Tile ajoutees dans la pile: 10
Nombre de Tile traversees: 8135  Distance est: 657
Nombre de Tile ajoutees dans la pile: 10
Nombre de Tile traversees: 8136  Distance est: 657
Nombre de Tile ajoutees dans la pile: 10
Nombre de Tile traversees: 8137  Distance est: 657
Nombre de Tile ajoutees dans la pile: 10
Nombre de Tile traversees: 8138  Distance est: 657
Nombre de Tile ajoutees dans la pile: 11
Nombre de Tile traversees: 8139  Distance est: 657
Nombre de Tile ajoutees dans la pile: 12
Nombre de Tile traversees: 8140  Distance est: 657
Nombre de Tile ajoutees dans la pile: 13
Nombre de Tile traversees: 8141  Distance est: 657
Nombre de Tile ajoutees dans la pile: 13
Nombre de Tile traversees: 8142  Distance est: 658
Nombre de Tile ajoutees dans la pile: 13
Nombre de Tile traversees: 8143  Distance est: 658
Nombre de Tile ajoutees dans la pile: 13
Nombre de Tile traversees: 8144  Distance est: 658
Nombre de Tile ajoutees dans la pile: 13
Nombre de Tile traversees: 8145  Distance est: 658
Nombre de Tile ajoutees dans la pile: 13
Nombre de Tile traversees: 8146  Distance est: 658
Nombre de Tile ajoutees dans la pile: 13
Nombre de Tile traversees: 8147  Distance est: 658
Nombre de Tile ajoutees dans la pile: 13
Nombre de Tile traversees: 8148  Distance est: 658
Nombre de Tile ajoutees dans la pile: 14
Nombre de Tile traversees: 8149  Distance est: 658
Nombre de Tile ajoutees dans la pile: 14
Nombre de Tile traversees: 8150  Distance est: 658
Nombre de Tile ajoutees dans la pile: 14
Nombre de Tile traversees: 8151  Distance est: 658
Nombre de Tile ajoutees dans la pile: 14
Nombre de Tile traversees: 8152  Distance est: 658
Nombre de Tile ajoutees dans la pile: 14
Nombre de Tile traversees: 8153  Distance est: 658
Nombre de Tile ajoutees dans la pile: 15
Nombre de Tile traversees: 8154  Distance est: 658
Nombre de Tile ajoutees dans la pile: 15
Nombre de Tile traversees: 8155  Distance est: 659
Nombre de Tile ajoutees dans la pile: 15
Nombre de Tile traversees: 8156  Distance est: 659
Nombre de Tile ajoutees dans la pile: 14
Nombre de Tile traversees: 8157  Distance est: 659
Nombre de Tile ajoutees dans la pile: 14
Nombre de Tile traversees: 8158  Distance est: 659
Nombre de Tile ajoutees dans la pile: 14
Nombre de Tile traversees: 8159  Distance est: 659
Nombre de Tile ajoutees dans la pile: 14
Nombre de Tile traversees: 8160  Distance est: 659
Nombre de Tile ajoutees dans la pile: 14
Nombre de Tile traversees: 8161  Distance est: 659
Nombre de Tile ajoutees dans la pile: 14
Nombre de Tile traversees: 8162  Distance est: 659
Nombre de Tile ajoutees dans la pile: 13
Nombre de Tile traversees: 8163  Distance est: 659
Nombre de Tile ajoutees dans la pile: 12
Nombre de Tile traversees: 8164  Distance est: 659
Nombre de Tile ajoutees dans la pile: 12
Nombre de Tile traversees: 8165  Distance est: 659
Nombre de Tile ajoutees dans la pile: 12
Nombre de Tile traversees: 8166  Distance est: 659
Nombre de Tile ajoutees dans la pile: 12
Nombre de Tile traversees: 8167  Distance est: 659
Nombre de Tile ajoutees dans la pile: 13
Nombre de Tile traversees: 8168  Distance est: 659
Nombre de Tile ajoutees dans la pile: 12
Nombre de Tile traversees: 8169  Distance est: 659
Nombre de Tile ajoutees dans la pile: 12
Nombre de Tile traversees: 8170  Distance est: 660
Nombre de Tile ajoutees dans la pile: 12
Nombre de Tile traversees: 8171  Distance est: 660
Nombre de Tile ajoutees dans la pile: 12
Nombre de Tile traversees: 8172  Distance est: 660
Nombre de Tile ajoutees dans la pile: 12
Nombre de Tile traversees: 8173  Distance est: 660
Nombre de Tile ajoutees dans la pile: 12
Nombre de Tile traversees: 8174  Distance est: 660
Nombre de Tile ajoutees dans la pile: 12
Nombre de Tile traversees: 8175  Distance est: 660
Nombre de Tile ajoutees dans la pile: 12
Nombre de Tile traversees: 8176  Distance est: 660
Nombre de Tile ajoutees dans la pile: 12
Nombre de Tile traversees: 8177  Distance est: 660
Nombre de Tile ajoutees dans la pile: 12
Nombre de Tile traversees: 8178  Distance est: 660
Nombre de Tile ajoutees dans la pile: 12
Nombre de Tile traversees: 8179  Distance est: 660
Nombre de Tile ajoutees dans la pile: 13
Nombre de Tile traversees: 8180  Distance est: 660
Nombre de Tile ajoutees dans la pile: 12
Nombre de Tile traversees: 8181  Distance est: 660
Nombre de Tile ajoutees dans la pile: 12
Nombre de Tile traversees: 8182  Distance est: 661
Nombre de Tile ajoutees dans la pile: 12
Nombre de Tile traversees: 8183  Distance est: 661
Nombre de Tile ajoutees dans la pile: 12
Nombre de Tile traversees: 8184  Distance est: 661
Nombre de Tile ajoutees dans la pile: 12
Nombre de Tile traversees: 8185  Distance est: 661
Nombre de Tile ajoutees dans la pile: 12
Nombre de Tile traversees: 8186  Distance est: 661
Nombre de Tile ajoutees dans la pile: 12
Nombre de Tile traversees: 8187  Distance est: 661
Nombre de Tile ajoutees dans la pile: 12
Nombre de Tile traversees: 8188  Distance est: 661
Nombre de Tile ajoutees dans la pile: 12
Nombre de Tile traversees: 8189  Distance est: 661
Nombre de Tile ajoutees dans la pile: 12
Nombre de Tile traversees: 8190  Distance est: 661
Nombre de Tile ajoutees dans la pile: 11
Nombre de Tile traversees: 8191  Distance est: 661
Nombre de Tile ajoutees dans la pile: 11
Nombre de Tile traversees: 8192  Distance est: 661
Nombre de Tile ajoutees dans la pile: 11
Nombre de Tile traversees: 8193  Distance est: 661
Nombre de Tile ajoutees dans la pile: 12
Nombre de Tile traversees: 8194  Distance est: 662
Nombre de Tile ajoutees dans la pile: 12
Nombre de Tile traversees: 8195  Distance est: 662
Nombre de Tile ajoutees dans la pile: 12
Nombre de Tile traversees: 8196  Distance est: 662
Nombre de Tile ajoutees dans la pile: 12
Nombre de Tile traversees: 8197  Distance est: 662
Nombre de Tile ajoutees dans la pile: 12
Nombre de Tile traversees: 8198  Distance est: 662
Nombre de Tile ajoutees dans la pile: 12
Nombre de Tile traversees: 8199  Distance est: 662
Nombre de Tile ajoutees dans la pile: 12
Nombre de Tile traversees: 8200  Distance est: 662
Nombre de Tile ajoutees dans la pile: 12
Nombre de Tile traversees: 8201  Distance est: 662
Nombre de Tile ajoutees dans la pile: 12
Nombre de Tile traversees: 8202  Distance est: 662
Nombre de Tile ajoutees dans la pile: 12
Nombre de Tile traversees: 8203  Distance est: 662
Nombre de Tile ajoutees dans la pile: 12
Nombre de Tile traversees: 8204  Distance est: 662
Nombre de Tile ajoutees dans la pile: 12
Nombre de Tile traversees: 8205  Distance est: 662
Nombre de Tile ajoutees dans la pile: 12
Nombre de Tile traversees: 8206  Distance est: 663
Nombre de Tile ajoutees dans la pile: 12
Nombre de Tile traversees: 8207  Distance est: 663
Nombre de Tile ajoutees dans la pile: 12
Nombre de Tile traversees: 8208  Distance est: 663
Nombre de Tile ajoutees dans la pile: 12
Nombre de Tile traversees: 8209  Distance est: 663
Nombre de Tile ajoutees dans la pile: 11
Nombre de Tile traversees: 8210  Distance est: 663
Nombre de Tile ajoutees dans la pile: 11
Nombre de Tile traversees: 8211  Distance est: 663
Nombre de Tile ajoutees dans la pile: 12
Nombre de Tile traversees: 8212  Distance est: 663
Nombre de Tile ajoutees dans la pile: 12
Nombre de Tile traversees: 8213  Distance est: 663
Nombre de Tile ajoutees dans la pile: 12
Nombre de Tile traversees: 8214  Distance est: 663
Nombre de Tile ajoutees dans la pile: 13
Nombre de Tile traversees: 8215  Distance est: 663
Nombre de Tile ajoutees dans la pile: 13
Nombre de Tile traversees: 8216  Distance est: 663
Nombre de Tile ajoutees dans la pile: 13
Nombre de Tile traversees: 8217  Distance est: 663
Nombre de Tile ajoutees dans la pile: 13
Nombre de Tile traversees: 8218  Distance est: 664
Nombre de Tile ajoutees dans la pile: 13
Nombre de Tile traversees: 8219  Distance est: 664
Nombre de Tile ajoutees dans la pile: 13
Nombre de Tile traversees: 8220  Distance est: 664
Nombre de Tile ajoutees dans la pile: 13
Nombre de Tile traversees: 8221  Distance est: 664
Nombre de Tile ajoutees dans la pile: 13
Nombre de Tile traversees: 8222  Distance est: 664
Nombre de Tile ajoutees dans la pile: 13
Nombre de Tile traversees: 8223  Distance est: 664
Nombre de Tile ajoutees dans la pile: 13
Nombre de Tile traversees: 8224  Distance est: 664
Nombre de Tile ajoutees dans la pile: 13
Nombre de Tile traversees: 8225  Distance est: 664
Nombre de Tile ajoutees dans la pile: 13
Nombre de Tile traversees: 8226  Distance est: 664
Nombre de Tile ajoutees dans la pile: 13
Nombre de Tile traversees: 8227  Distance est: 664
Nombre de Tile ajoutees dans la pile: 13
Nombre de Tile traversees: 8228  Distance est: 664
Nombre de Tile ajoutees dans la pile: 13
Nombre de Tile traversees: 8229  Distance est: 664
Nombre de Tile ajoutees dans la pile: 13
Nombre de Tile traversees: 8230  Distance est: 664
Nombre de Tile ajoutees dans la pile: 13
Nombre de Tile traversees: 8231  Distance est: 665
Nombre de Tile ajoutees dans la pile: 13
Nombre de Tile traversees: 8232  Distance est: 665
Nombre de Tile ajoutees dans la pile: 13
Nombre de Tile traversees: 8233  Distance est: 665
Nombre de Tile ajoutees dans la pile: 13
Nombre de Tile traversees: 8234  Distance est: 665
Nombre de Tile ajoutees dans la pile: 13
Nombre de Tile traversees: 8235  Distance est: 665
Nombre de Tile ajoutees dans la pile: 13
Nombre de Tile traversees: 8236  Distance est: 665
Nombre de Tile ajoutees dans la pile: 13
Nombre de Tile traversees: 8237  Distance est: 665
Nombre de Tile ajoutees dans la pile: 12
Nombre de Tile traversees: 8238  Distance est: 665
Nombre de Tile ajoutees dans la pile: 12
Nombre de Tile traversees: 8239  Distance est: 665
Nombre de Tile ajoutees dans la pile: 12
Nombre de Tile traversees: 8240  Distance est: 665
Nombre de Tile ajoutees dans la pile: 12
Nombre de Tile traversees: 8241  Distance est: 665
Nombre de Tile ajoutees dans la pile: 12
Nombre de Tile traversees: 8242  Distance est: 665
Nombre de Tile ajoutees dans la pile: 12
Nombre de Tile traversees: 8243  Distance est: 665
Nombre de Tile ajoutees dans la pile: 12
Nombre de Tile traversees: 8244  Distance est: 666
Nombre de Tile ajoutees dans la pile: 12
Nombre de Tile traversees: 8245  Distance est: 666
Nombre de Tile ajoutees dans la pile: 12
Nombre de Tile traversees: 8246  Distance est: 666
Nombre de Tile ajoutees dans la pile: 12
Nombre de Tile traversees: 8247  Distance est: 666
Nombre de Tile ajoutees dans la pile: 12
Nombre de Tile traversees: 8248  Distance est: 666
Nombre de Tile ajoutees dans la pile: 12
Nombre de Tile traversees: 8249  Distance est: 666
Nombre de Tile ajoutees dans la pile: 12
Nombre de Tile traversees: 8250  Distance est: 666
Nombre de Tile ajoutees dans la pile: 12
Nombre de Tile traversees: 8251  Distance est: 666
Nombre de Tile ajoutees dans la pile: 12
Nombre de Tile traversees: 8252  Distance est: 666
Nombre de Tile ajoutees dans la pile: 12
Nombre de Tile traversees: 8253  Distance est: 666
Nombre de Tile ajoutees dans la pile: 12
Nombre de Tile traversees: 8254  Distance est: 666
Nombre de Tile ajoutees dans la pile: 12
Nombre de Tile traversees: 8255  Distance est: 666
Nombre de Tile ajoutees dans la pile: 12
Nombre de Tile traversees: 8256  Distance est: 667
Nombre de Tile ajoutees dans la pile: 12
Nombre de Tile traversees: 8257  Distance est: 667
Nombre de Tile ajoutees dans la pile: 12
Nombre de Tile traversees: 8258  Distance est: 667
Nombre de Tile ajoutees dans la pile: 12
Nombre de Tile traversees: 8259  Distance est: 667
Nombre de Tile ajoutees dans la pile: 12
Nombre de Tile traversees: 8260  Distance est: 667
Nombre de Tile ajoutees dans la pile: 12
Nombre de Tile traversees: 8261  Distance est: 667
Nombre de Tile ajoutees dans la pile: 12
Nombre de Tile traversees: 8262  Distance est: 667
Nombre de Tile ajoutees dans la pile: 12
Nombre de Tile traversees: 8263  Distance est: 667
Nombre de Tile ajoutees dans la pile: 12
Nombre de Tile traversees: 8264  Distance est: 667
Nombre de Tile ajoutees dans la pile: 12
Nombre de Tile traversees: 8265  Distance est: 667
Nombre de Tile ajoutees dans la pile: 12
Nombre de Tile traversees: 8266  Distance est: 667
Nombre de Tile ajoutees dans la pile: 12
Nombre de Tile traversees: 8267  Distance est: 667
Nombre de Tile ajoutees dans la pile: 12
Nombre de Tile traversees: 8268  Distance est: 668
Nombre de Tile ajoutees dans la pile: 11
Nombre de Tile traversees: 8269  Distance est: 668
Nombre de Tile ajoutees dans la pile: 11
Nombre de Tile traversees: 8270  Distance est: 668
Nombre de Tile ajoutees dans la pile: 11
Nombre de Tile traversees: 8271  Distance est: 668
Nombre de Tile ajoutees dans la pile: 11
Nombre de Tile traversees: 8272  Distance est: 668
Nombre de Tile ajoutees dans la pile: 11
Nombre de Tile traversees: 8273  Distance est: 668
Nombre de Tile ajoutees dans la pile: 11
Nombre de Tile traversees: 8274  Distance est: 668
Nombre de Tile ajoutees dans la pile: 11
Nombre de Tile traversees: 8275  Distance est: 668
Nombre de Tile ajoutees dans la pile: 11
Nombre de Tile traversees: 8276  Distance est: 668
Nombre de Tile ajoutees dans la pile: 11
Nombre de Tile traversees: 8277  Distance est: 668
Nombre de Tile ajoutees dans la pile: 11
Nombre de Tile traversees: 8278  Distance est: 668
Nombre de Tile ajoutees dans la pile: 11
Nombre de Tile traversees: 8279  Distance est: 669
Nombre de Tile ajoutees dans la pile: 11
Nombre de Tile traversees: 8280  Distance est: 669
Nombre de Tile ajoutees dans la pile: 12
Nombre de Tile traversees: 8281  Distance est: 669
Nombre de Tile ajoutees dans la pile: 12
Nombre de Tile traversees: 8282  Distance est: 669
Nombre de Tile ajoutees dans la pile: 12
Nombre de Tile traversees: 8283  Distance est: 669
Nombre de Tile ajoutees dans la pile: 12
Nombre de Tile traversees: 8284  Distance est: 669
Nombre de Tile ajoutees dans la pile: 12
Nombre de Tile traversees: 8285  Distance est: 669
Nombre de Tile ajoutees dans la pile: 12
Nombre de Tile traversees: 8286  Distance est: 669
Nombre de Tile ajoutees dans la pile: 12
Nombre de Tile traversees: 8287  Distance est: 669
Nombre de Tile ajoutees dans la pile: 12
Nombre de Tile traversees: 8288  Distance est: 669
Nombre de Tile ajoutees dans la pile: 12
Nombre de Tile traversees: 8289  Distance est: 669
Nombre de Tile ajoutees dans la pile: 12
Nombre de Tile traversees: 8290  Distance est: 670
Nombre de Tile ajoutees dans la pile: 12
Nombre de Tile traversees: 8291  Distance est: 670
Nombre de Tile ajoutees dans la pile: 12
Nombre de Tile traversees: 8292  Distance est: 670
Nombre de Tile ajoutees dans la pile: 12
Nombre de Tile traversees: 8293  Distance est: 670
Nombre de Tile ajoutees dans la pile: 12
Nombre de Tile traversees: 8294  Distance est: 670
Nombre de Tile ajoutees dans la pile: 12
Nombre de Tile traversees: 8295  Distance est: 670
Nombre de Tile ajoutees dans la pile: 12
Nombre de Tile traversees: 8296  Distance est: 670
Nombre de Tile ajoutees dans la pile: 12
Nombre de Tile traversees: 8297  Distance est: 670
Nombre de Tile ajoutees dans la pile: 12
Nombre de Tile traversees: 8298  Distance est: 670
Nombre de Tile ajoutees dans la pile: 13
Nombre de Tile traversees: 8299  Distance est: 670
Nombre de Tile ajoutees dans la pile: 13
Nombre de Tile traversees: 8300  Distance est: 670
Nombre de Tile ajoutees dans la pile: 13
Nombre de Tile traversees: 8301  Distance est: 670
Nombre de Tile ajoutees dans la pile: 13
Nombre de Tile traversees: 8302  Distance est: 671
Nombre de Tile ajoutees dans la pile: 13
Nombre de Tile traversees: 8303  Distance est: 671
Nombre de Tile ajoutees dans la pile: 13
Nombre de Tile traversees: 8304  Distance est: 671
Nombre de Tile ajoutees dans la pile: 13
Nombre de Tile traversees: 8305  Distance est: 671
Nombre de Tile ajoutees dans la pile: 13
Nombre de Tile traversees: 8306  Distance est: 671
Nombre de Tile ajoutees dans la pile: 13
Nombre de Tile traversees: 8307  Distance est: 671
Nombre de Tile ajoutees dans la pile: 13
Nombre de Tile traversees: 8308  Distance est: 671
Nombre de Tile ajoutees dans la pile: 13
Nombre de Tile traversees: 8309  Distance est: 671
Nombre de Tile ajoutees dans la pile: 13
Nombre de Tile traversees: 8310  Distance est: 671
Nombre de Tile ajoutees dans la pile: 14
Nombre de Tile traversees: 8311  Distance est: 671
Nombre de Tile ajoutees dans la pile: 13
Nombre de Tile traversees: 8312  Distance est: 671
Nombre de Tile ajoutees dans la pile: 13
Nombre de Tile traversees: 8313  Distance est: 671
Nombre de Tile ajoutees dans la pile: 13
Nombre de Tile traversees: 8314  Distance est: 671
Nombre de Tile ajoutees dans la pile: 13
Nombre de Tile traversees: 8315  Distance est: 672
Nombre de Tile ajoutees dans la pile: 13
Nombre de Tile traversees: 8316  Distance est: 672
Nombre de Tile ajoutees dans la pile: 13
Nombre de Tile traversees: 8317  Distance est: 672
Nombre de Tile ajoutees dans la pile: 13
Nombre de Tile traversees: 8318  Distance est: 672
Nombre de Tile ajoutees dans la pile: 14
Nombre de Tile traversees: 8319  Distance est: 672
Nombre de Tile ajoutees dans la pile: 14
Nombre de Tile traversees: 8320  Distance est: 672
Nombre de Tile ajoutees dans la pile: 14
Nombre de Tile traversees: 8321  Distance est: 672
Nombre de Tile ajoutees dans la pile: 14
Nombre de Tile traversees: 8322  Distance est: 672
Nombre de Tile ajoutees dans la pile: 14
Nombre de Tile traversees: 8323  Distance est: 672
Nombre de Tile ajoutees dans la pile: 15
Nombre de Tile traversees: 8324  Distance est: 672
Nombre de Tile ajoutees dans la pile: 14
Nombre de Tile traversees: 8325  Distance est: 672
Nombre de Tile ajoutees dans la pile: 14
Nombre de Tile traversees: 8326  Distance est: 672
Nombre de Tile ajoutees dans la pile: 14
Nombre de Tile traversees: 8327  Distance est: 672
Nombre de Tile ajoutees dans la pile: 14
Nombre de Tile traversees: 8328  Distance est: 673
Nombre de Tile ajoutees dans la pile: 14
Nombre de Tile traversees: 8329  Distance est: 673
Nombre de Tile ajoutees dans la pile: 14
Nombre de Tile traversees: 8330  Distance est: 673
Nombre de Tile ajoutees dans la pile: 14
Nombre de Tile traversees: 8331  Distance est: 673
Nombre de Tile ajoutees dans la pile: 15
Nombre de Tile traversees: 8332  Distance est: 673
Nombre de Tile ajoutees dans la pile: 14
Nombre de Tile traversees: 8333  Distance est: 673
Nombre de Tile ajoutees dans la pile: 15
Nombre de Tile traversees: 8334  Distance est: 673
Nombre de Tile ajoutees dans la pile: 14
Nombre de Tile traversees: 8335  Distance est: 673
Nombre de Tile ajoutees dans la pile: 15
Nombre de Tile traversees: 8336  Distance est: 673
Nombre de Tile ajoutees dans la pile: 15
Nombre de Tile traversees: 8337  Distance est: 673
Nombre de Tile ajoutees dans la pile: 15
Nombre de Tile traversees: 8338  Distance est: 673
Nombre de Tile ajoutees dans la pile: 14
Nombre de Tile traversees: 8339  Distance est: 673
Nombre de Tile ajoutees dans la pile: 14
Nombre de Tile traversees: 8340  Distance est: 673
Nombre de Tile ajoutees dans la pile: 13
Nombre de Tile traversees: 8341  Distance est: 673
Nombre de Tile ajoutees dans la pile: 13
Nombre de Tile traversees: 8342  Distance est: 674
Nombre de Tile ajoutees dans la pile: 13
Nombre de Tile traversees: 8343  Distance est: 674
Nombre de Tile ajoutees dans la pile: 14
Nombre de Tile traversees: 8344  Distance est: 674
Nombre de Tile ajoutees dans la pile: 14
Nombre de Tile traversees: 8345  Distance est: 674
Nombre de Tile ajoutees dans la pile: 15
Nombre de Tile traversees: 8346  Distance est: 674
Nombre de Tile ajoutees dans la pile: 14
Nombre de Tile traversees: 8347  Distance est: 674
Nombre de Tile ajoutees dans la pile: 14
Nombre de Tile traversees: 8348  Distance est: 674
Nombre de Tile ajoutees dans la pile: 14
Nombre de Tile traversees: 8349  Distance est: 674
Nombre de Tile ajoutees dans la pile: 14
Nombre de Tile traversees: 8350  Distance est: 674
Nombre de Tile ajoutees dans la pile: 14
Nombre de Tile traversees: 8351  Distance est: 674
Nombre de Tile ajoutees dans la pile: 14
Nombre de Tile traversees: 8352  Distance est: 674
Nombre de Tile ajoutees dans la pile: 14
Nombre de Tile traversees: 8353  Distance est: 674
Nombre de Tile ajoutees dans la pile: 14
Nombre de Tile traversees: 8354  Distance est: 674
Nombre de Tile ajoutees dans la pile: 14
Nombre de Tile traversees: 8355  Distance est: 675
Nombre de Tile ajoutees dans la pile: 14
Nombre de Tile traversees: 8356  Distance est: 675
Nombre de Tile ajoutees dans la pile: 15
Nombre de Tile traversees: 8357  Distance est: 675
Nombre de Tile ajoutees dans la pile: 15
Nombre de Tile traversees: 8358  Distance est: 675
Nombre de Tile ajoutees dans la pile: 15
Nombre de Tile traversees: 8359  Distance est: 675
Nombre de Tile ajoutees dans la pile: 15
Nombre de Tile traversees: 8360  Distance est: 675
Nombre de Tile ajoutees dans la pile: 14
Nombre de Tile traversees: 8361  Distance est: 675
Nombre de Tile ajoutees dans la pile: 13
Nombre de Tile traversees: 8362  Distance est: 675
Nombre de Tile ajoutees dans la pile: 13
Nombre de Tile traversees: 8363  Distance est: 675
Nombre de Tile ajoutees dans la pile: 13
Nombre de Tile traversees: 8364  Distance est: 675
Nombre de Tile ajoutees dans la pile: 14
Nombre de Tile traversees: 8365  Distance est: 675
Nombre de Tile ajoutees dans la pile: 14
Nombre de Tile traversees: 8366  Distance est: 675
Nombre de Tile ajoutees dans la pile: 14
Nombre de Tile traversees: 8367  Distance est: 675
Nombre de Tile ajoutees dans la pile: 14
Nombre de Tile traversees: 8368  Distance est: 675
Nombre de Tile ajoutees dans la pile: 14
Nombre de Tile traversees: 8369  Distance est: 676
Nombre de Tile ajoutees dans la pile: 14
Nombre de Tile traversees: 8370  Distance est: 676
Nombre de Tile ajoutees dans la pile: 15
Nombre de Tile traversees: 8371  Distance est: 676
Nombre de Tile ajoutees dans la pile: 14
Nombre de Tile traversees: 8372  Distance est: 676
Nombre de Tile ajoutees dans la pile: 14
Nombre de Tile traversees: 8373  Distance est: 676
Nombre de Tile ajoutees dans la pile: 14
Nombre de Tile traversees: 8374  Distance est: 676
Nombre de Tile ajoutees dans la pile: 14
Nombre de Tile traversees: 8375  Distance est: 676
Nombre de Tile ajoutees dans la pile: 14
Nombre de Tile traversees: 8376  Distance est: 676
Nombre de Tile ajoutees dans la pile: 14
Nombre de Tile traversees: 8377  Distance est: 676
Nombre de Tile ajoutees dans la pile: 14
Nombre de Tile traversees: 8378  Distance est: 676
Nombre de Tile ajoutees dans la pile: 14
Nombre de Tile traversees: 8379  Distance est: 676
Nombre de Tile ajoutees dans la pile: 14
Nombre de Tile traversees: 8380  Distance est: 676
Nombre de Tile ajoutees dans la pile: 14
Nombre de Tile traversees: 8381  Distance est: 676
Nombre de Tile ajoutees dans la pile: 14
Nombre de Tile traversees: 8382  Distance est: 676
Nombre de Tile ajoutees dans la pile: 14
Nombre de Tile traversees: 8383  Distance est: 677
Nombre de Tile ajoutees dans la pile: 14
Nombre de Tile traversees: 8384  Distance est: 677
Nombre de Tile ajoutees dans la pile: 14
Nombre de Tile traversees: 8385  Distance est: 677
Nombre de Tile ajoutees dans la pile: 13
Nombre de Tile traversees: 8386  Distance est: 677
Nombre de Tile ajoutees dans la pile: 13
Nombre de Tile traversees: 8387  Distance est: 677
Nombre de Tile ajoutees dans la pile: 13
Nombre de Tile traversees: 8388  Distance est: 677
Nombre de Tile ajoutees dans la pile: 13
Nombre de Tile traversees: 8389  Distance est: 677
Nombre de Tile ajoutees dans la pile: 13
Nombre de Tile traversees: 8390  Distance est: 677
Nombre de Tile ajoutees dans la pile: 13
Nombre de Tile traversees: 8391  Distance est: 677
Nombre de Tile ajoutees dans la pile: 13
Nombre de Tile traversees: 8392  Distance est: 677
Nombre de Tile ajoutees dans la pile: 13
Nombre de Tile traversees: 8393  Distance est: 677
Nombre de Tile ajoutees dans la pile: 13
Nombre de Tile traversees: 8394  Distance est: 677
Nombre de Tile ajoutees dans la pile: 14
Nombre de Tile traversees: 8395  Distance est: 677
Nombre de Tile ajoutees dans la pile: 14
Nombre de Tile traversees: 8396  Distance est: 677
Nombre de Tile ajoutees dans la pile: 14
Nombre de Tile traversees: 8397  Distance est: 678
Nombre de Tile ajoutees dans la pile: 13
Nombre de Tile traversees: 8398  Distance est: 678
Nombre de Tile ajoutees dans la pile: 13
Nombre de Tile traversees: 8399  Distance est: 678
Nombre de Tile ajoutees dans la pile: 13
Nombre de Tile traversees: 8400  Distance est: 678
Nombre de Tile ajoutees dans la pile: 13
Nombre de Tile traversees: 8401  Distance est: 678
Nombre de Tile ajoutees dans la pile: 13
Nombre de Tile traversees: 8402  Distance est: 678
Nombre de Tile ajoutees dans la pile: 13
Nombre de Tile traversees: 8403  Distance est: 678
Nombre de Tile ajoutees dans la pile: 13
Nombre de Tile traversees: 8404  Distance est: 678
Nombre de Tile ajoutees dans la pile: 13
Nombre de Tile traversees: 8405  Distance est: 678
Nombre de Tile ajoutees dans la pile: 13
Nombre de Tile traversees: 8406  Distance est: 678
Nombre de Tile ajoutees dans la pile: 13
Nombre de Tile traversees: 8407  Distance est: 678
Nombre de Tile ajoutees dans la pile: 13
Nombre de Tile traversees: 8408  Distance est: 678
Nombre de Tile ajoutees dans la pile: 14
Nombre de Tile traversees: 8409  Distance est: 678
Nombre de Tile ajoutees dans la pile: 15
Nombre de Tile traversees: 8410  Distance est: 679
Nombre de Tile ajoutees dans la pile: 15
Nombre de Tile traversees: 8411  Distance est: 679
Nombre de Tile ajoutees dans la pile: 15
Nombre de Tile traversees: 8412  Distance est: 679
Nombre de Tile ajoutees dans la pile: 16
Nombre de Tile traversees: 8413  Distance est: 679
Nombre de Tile ajoutees dans la pile: 16
Nombre de Tile traversees: 8414  Distance est: 679
Nombre de Tile ajoutees dans la pile: 16
Nombre de Tile traversees: 8415  Distance est: 679
Nombre de Tile ajoutees dans la pile: 16
Nombre de Tile traversees: 8416  Distance est: 679
Nombre de Tile ajoutees dans la pile: 15
Nombre de Tile traversees: 8417  Distance est: 679
Nombre de Tile ajoutees dans la pile: 16
Nombre de Tile traversees: 8418  Distance est: 679
Nombre de Tile ajoutees dans la pile: 16
Nombre de Tile traversees: 8419  Distance est: 679
Nombre de Tile ajoutees dans la pile: 16
Nombre de Tile traversees: 8420  Distance est: 679
Nombre de Tile ajoutees dans la pile: 16
Nombre de Tile traversees: 8421  Distance est: 679
Nombre de Tile ajoutees dans la pile: 17
Nombre de Tile traversees: 8422  Distance est: 679
Nombre de Tile ajoutees dans la pile: 16
Nombre de Tile traversees: 8423  Distance est: 679
Nombre de Tile ajoutees dans la pile: 17
Nombre de Tile traversees: 8424  Distance est: 679
Nombre de Tile ajoutees dans la pile: 17
Nombre de Tile traversees: 8425  Distance est: 680
Nombre de Tile ajoutees dans la pile: 17
Nombre de Tile traversees: 8426  Distance est: 680
Nombre de Tile ajoutees dans la pile: 17
Nombre de Tile traversees: 8427  Distance est: 680
Nombre de Tile ajoutees dans la pile: 17
Nombre de Tile traversees: 8428  Distance est: 680
Nombre de Tile ajoutees dans la pile: 17
Nombre de Tile traversees: 8429  Distance est: 680
Nombre de Tile ajoutees dans la pile: 17
Nombre de Tile traversees: 8430  Distance est: 680
Nombre de Tile ajoutees dans la pile: 17
Nombre de Tile traversees: 8431  Distance est: 680
Nombre de Tile ajoutees dans la pile: 17
Nombre de Tile traversees: 8432  Distance est: 680
Nombre de Tile ajoutees dans la pile: 18
Nombre de Tile traversees: 8433  Distance est: 680
Nombre de Tile ajoutees dans la pile: 18
Nombre de Tile traversees: 8434  Distance est: 680
Nombre de Tile ajoutees dans la pile: 18
Nombre de Tile traversees: 8435  Distance est: 680
Nombre de Tile ajoutees dans la pile: 18
Nombre de Tile traversees: 8436  Distance est: 680
Nombre de Tile ajoutees dans la pile: 18
Nombre de Tile traversees: 8437  Distance est: 680
Nombre de Tile ajoutees dans la pile: 19
Nombre de Tile traversees: 8438  Distance est: 680
Nombre de Tile ajoutees dans la pile: 18
Nombre de Tile traversees: 8439  Distance est: 680
Nombre de Tile ajoutees dans la pile: 19
Nombre de Tile traversees: 8440  Distance est: 680
Nombre de Tile ajoutees dans la pile: 18
Nombre de Tile traversees: 8441  Distance est: 680
Nombre de Tile ajoutees dans la pile: 18
Nombre de Tile traversees: 8442  Distance est: 681
Nombre de Tile ajoutees dans la pile: 18
Nombre de Tile traversees: 8443  Distance est: 681
Nombre de Tile ajoutees dans la pile: 18
Nombre de Tile traversees: 8444  Distance est: 681
Nombre de Tile ajoutees dans la pile: 18
Nombre de Tile traversees: 8445  Distance est: 681
Nombre de Tile ajoutees dans la pile: 18
Nombre de Tile traversees: 8446  Distance est: 681
Nombre de Tile ajoutees dans la pile: 18
Nombre de Tile traversees: 8447  Distance est: 681
Nombre de Tile ajoutees dans la pile: 18
Nombre de Tile traversees: 8448  Distance est: 681
Nombre de Tile ajoutees dans la pile: 18
Nombre de Tile traversees: 8449  Distance est: 681
Nombre de Tile ajoutees dans la pile: 18
Nombre de Tile traversees: 8450  Distance est: 681
Nombre de Tile ajoutees dans la pile: 17
Nombre de Tile traversees: 8451  Distance est: 681
Nombre de Tile ajoutees dans la pile: 16
Nombre de Tile traversees: 8452  Distance est: 681
Nombre de Tile ajoutees dans la pile: 16
Nombre de Tile traversees: 8453  Distance est: 681
Nombre de Tile ajoutees dans la pile: 16
Nombre de Tile traversees: 8454  Distance est: 681
Nombre de Tile ajoutees dans la pile: 16
Nombre de Tile traversees: 8455  Distance est: 681
Nombre de Tile ajoutees dans la pile: 17
Nombre de Tile traversees: 8456  Distance est: 681
Nombre de Tile ajoutees dans la pile: 16
Nombre de Tile traversees: 8457  Distance est: 681
Nombre de Tile ajoutees dans la pile: 15
Nombre de Tile traversees: 8458  Distance est: 681
Nombre de Tile ajoutees dans la pile: 14
Nombre de Tile traversees: 8459  Distance est: 681
Nombre de Tile ajoutees dans la pile: 14
Nombre de Tile traversees: 8460  Distance est: 682
Nombre de Tile ajoutees dans la pile: 14
Nombre de Tile traversees: 8461  Distance est: 682
Nombre de Tile ajoutees dans la pile: 14
Nombre de Tile traversees: 8462  Distance est: 682
Nombre de Tile ajoutees dans la pile: 14
Nombre de Tile traversees: 8463  Distance est: 682
Nombre de Tile ajoutees dans la pile: 14
Nombre de Tile traversees: 8464  Distance est: 682
Nombre de Tile ajoutees dans la pile: 14
Nombre de Tile traversees: 8465  Distance est: 682
Nombre de Tile ajoutees dans la pile: 14
Nombre de Tile traversees: 8466  Distance est: 682
Nombre de Tile ajoutees dans la pile: 14
Nombre de Tile traversees: 8467  Distance est: 682
Nombre de Tile ajoutees dans la pile: 14
Nombre de Tile traversees: 8468  Distance est: 682
Nombre de Tile ajoutees dans la pile: 14
Nombre de Tile traversees: 8469  Distance est: 682
Nombre de Tile ajoutees dans la pile: 14
Nombre de Tile traversees: 8470  Distance est: 682
Nombre de Tile ajoutees dans la pile: 14
Nombre de Tile traversees: 8471  Distance est: 682
Nombre de Tile ajoutees dans la pile: 14
Nombre de Tile traversees: 8472  Distance est: 682
Nombre de Tile ajoutees dans la pile: 14
Nombre de Tile traversees: 8473  Distance est: 682
Nombre de Tile ajoutees dans la pile: 14
Nombre de Tile traversees: 8474  Distance est: 683
Nombre de Tile ajoutees dans la pile: 14
Nombre de Tile traversees: 8475  Distance est: 683
Nombre de Tile ajoutees dans la pile: 14
Nombre de Tile traversees: 8476  Distance est: 683
Nombre de Tile ajoutees dans la pile: 13
Nombre de Tile traversees: 8477  Distance est: 683
Nombre de Tile ajoutees dans la pile: 13
Nombre de Tile traversees: 8478  Distance est: 683
Nombre de Tile ajoutees dans la pile: 13
Nombre de Tile traversees: 8479  Distance est: 683
Nombre de Tile ajoutees dans la pile: 13
Nombre de Tile traversees: 8480  Distance est: 683
Nombre de Tile ajoutees dans la pile: 13
Nombre de Tile traversees: 8481  Distance est: 683
Nombre de Tile ajoutees dans la pile: 13
Nombre de Tile traversees: 8482  Distance est: 683
Nombre de Tile ajoutees dans la pile: 13
Nombre de Tile traversees: 8483  Distance est: 683
Nombre de Tile ajoutees dans la pile: 13
Nombre de Tile traversees: 8484  Distance est: 683
Nombre de Tile ajoutees dans la pile: 13
Nombre de Tile traversees: 8485  Distance est: 683
Nombre de Tile ajoutees dans la pile: 13
Nombre de Tile traversees: 8486  Distance est: 683
Nombre de Tile ajoutees dans la pile: 13
Nombre de Tile traversees: 8487  Distance est: 683
Nombre de Tile ajoutees dans la pile: 14
Nombre de Tile traversees: 8488  Distance est: 684
Nombre de Tile ajoutees dans la pile: 14
Nombre de Tile traversees: 8489  Distance est: 684
Nombre de Tile ajoutees dans la pile: 14
Nombre de Tile traversees: 8490  Distance est: 684
Nombre de Tile ajoutees dans la pile: 14
Nombre de Tile traversees: 8491  Distance est: 684
Nombre de Tile ajoutees dans la pile: 14
Nombre de Tile traversees: 8492  Distance est: 684
Nombre de Tile ajoutees dans la pile: 14
Nombre de Tile traversees: 8493  Distance est: 684
Nombre de Tile ajoutees dans la pile: 14
Nombre de Tile traversees: 8494  Distance est: 684
Nombre de Tile ajoutees dans la pile: 14
Nombre de Tile traversees: 8495  Distance est: 684
Nombre de Tile ajoutees dans la pile: 14
Nombre de Tile traversees: 8496  Distance est: 684
Nombre de Tile ajoutees dans la pile: 14
Nombre de Tile traversees: 8497  Distance est: 684
Nombre de Tile ajoutees dans la pile: 14
Nombre de Tile traversees: 8498  Distance est: 684
Nombre de Tile ajoutees dans la pile: 14
Nombre de Tile traversees: 8499  Distance est: 684
Nombre de Tile ajoutees dans la pile: 14
Nombre de Tile traversees: 8500  Distance est: 684
Nombre de Tile ajoutees dans la pile: 14
]]></system-out>
  <system-err><![CDATA[]]></system-err>
</testsuite>
